0.000000,1131050
0.010000,1114552
0.010000,1106969
0.010000,1100922
0.010000,1047348
0.010000,1034569
0.010000,1014137
0.010000,1013406
0.010000,1011205
0.010000,1000184
0.010000,990116
0.010000,985852
0.010000,962112
0.010000,961401
0.010000,956101
0.010000,945866
0.010000,934569
0.010000,933470
0.020000,933337
0.020000,933057
0.020000,932105
0.040000,924365
0.040000,921319
0.040000,912180
0.200000,910719
0.200000,910008
0.200000,906797
0.200000,905698
1.235000,901276
1.407000,899421
4.452000,898351
9.737000,898091
25.865000,896111
66.666000,895040
404.046000,893745
404.046000,893533
