0.000000,1087884
0.000000,1083826
0.000000,1070362
0.000000,1041049
0.000000,1030744
0.000000,1019803
0.000000,1000827
0.000000,992179
0.000000,990758
0.000000,983826
0.000000,978603
0.000000,975301
0.000000,964005
0.000000,962906
0.000000,958397
0.000000,945438
0.000000,944017
0.000000,939211
0.020000,934066
0.020000,921160
0.020000,920061
0.020000,919780
0.020000,918480
0.030000,914502
0.170000,914000
0.170000,913788
0.190000,906495
0.361000,904391
0.361000,903292
0.751000,903138
3.038000,898351
3.789000,898091
43.350000,895040
169.975000,893533
