0.000000,1144515
0.000000,1131051
0.000000,1128232
0.000000,1127332
0.000000,1126854
0.000000,1119853
0.000000,1117446
0.000000,1104262
0.000000,1057294
0.000000,1050806
0.000000,1032899
0.000000,1032619
0.000000,1025538
0.000000,981882
0.000000,975305
0.000000,957837
0.000000,949487
0.000000,949207
0.000000,934477
0.000000,931937
0.010000,930295
0.010000,919613
0.010000,914502
0.210000,914000
0.210000,913788
0.310000,904961
0.310000,902760
0.310000,902550
0.811000,898561
0.811000,898351
7.211000,898129
29.235000,898091
60.138000,898070
72.181000,895250
72.181000,895040
