0.000000,1124104
0.000000,1068829
0.000000,1065192
0.000000,1062197
0.000000,1061609
0.000000,1061328
0.000000,1058846
0.000000,1051765
0.000000,1045014
0.000000,1040091
0.000000,1024582
0.000000,1015105
0.000000,1015043
0.000000,992891
0.000000,986685
0.000000,985974
0.000000,967124
0.000000,963043
0.000000,963001
0.000000,949240
0.000000,936550
0.010000,934525
0.010000,925725
0.020000,924168
0.020000,918575
0.040000,913373
0.040000,903138
1.187000,898351
4.279000,895040
295.932000,893533
