0.000000,66367
0.000000,65701
0.000000,65375
0.000000,64360
0.000000,64267
0.000000,64161
0.000000,63602
0.000000,63337
0.000000,63294
0.000000,63223
0.000000,63204
0.000000,62914
0.000000,60846
0.010000,60699
0.010000,60492
0.010000,60213
0.010000,59487
0.010000,58876
0.010000,58621
0.010000,58505
0.010000,58262
0.010000,58119
0.010000,57986
0.010000,57584
0.010000,57583
0.010000,57573
0.020000,57362
0.020000,57072
0.020000,56991
0.020000,56930
0.020000,56266
0.020000,52718
0.811000,52642
