0.000000,70767
0.000000,67892
0.000000,67762
0.000000,67674
0.000000,67500
0.000000,66915
0.000000,60002
0.000000,59441
0.000000,59147
0.000000,58779
0.000000,58488
0.000000,58245
0.000000,58094
0.000000,57870
0.000000,57849
0.000000,57841
0.000000,57100
0.000000,56851
0.000000,56557
0.000000,56305
0.010000,56263
0.010000,56123
0.010000,55721
0.030000,55339
0.030000,55196
0.030000,54972
0.040000,54961
0.076000,54950
0.076000,54864
0.076000,54222
0.099000,53891
0.099000,53782
0.124000,53556
0.142000,53547
0.182000,53524
0.192000,53165
0.424000,52961
0.474000,52718
1.425000,52672
1.806000,52642
