0.000000,65872
0.000000,65694
0.000000,65684
0.000000,65679
0.000000,65549
0.000000,64755
0.000000,64684
0.000000,64393
0.000000,63920
0.000000,63832
0.000000,63662
0.000000,63567
0.000000,61861
0.000000,60603
0.000000,59923
0.000000,59680
0.000000,58684
0.000000,58055
0.000000,57749
0.000000,57343
0.000000,57208
0.000000,55867
0.000000,55256
0.000000,55245
0.000000,55103
0.000000,55090
0.000000,54767
0.020000,54464
0.020000,54213
0.020000,54091
0.020000,53951
0.040000,53840
0.040000,53700
0.060000,53129
0.060000,53020
0.150000,52672
0.270000,52642
