0.000000,123713
0.000000,123061
0.000000,123022
0.000000,122222
0.000000,121468
0.000000,120675
0.000000,120507
0.000000,120087
0.000000,120031
0.000000,119073
0.000000,117076
0.000000,115601
0.000000,115573
0.000000,113816
0.000000,112378
0.000000,110734
0.000000,109692
0.000000,109163
0.000000,109117
0.000000,108969
0.000000,106723
0.070000,106701
0.090000,106460
0.090000,106178
0.120000,103014
0.120000,102827
0.120000,102781
0.120000,102633
1.848000,102420
2.661000,102388
2.661000,102351
3.483000,102239
4.614000,102150
23.175000,101997
23.175000,101885
23.175000,101871
44.908000,101855
65.839000,101408
331.279000,101302
