0.000000,120216
0.000000,119929
0.000000,119834
0.000000,118190
0.000000,117896
0.000000,117397
0.000000,116292
0.000000,115854
0.000000,115089
0.000000,115054
0.000000,114864
0.000000,114789
0.000000,114385
0.000000,114069
0.000000,112954
0.000000,112637
0.000000,112156
0.000000,111911
0.000000,111586
0.000000,111355
0.000000,110107
0.000000,109745
0.000000,108705
0.000000,108483
0.010000,106886
0.010000,106542
0.010000,105838
0.121000,104087
0.121000,103909
0.121000,103879
0.121000,103787
0.121000,103083
1.113000,102741
1.745000,102523
2.416000,102412
2.416000,102320
5.959000,102108
8.862000,102033
8.862000,101997
8.862000,101885
8.862000,101871
24.479000,101847
69.954000,101785
84.969000,101761
84.969000,101570
577.375000,101428
