0.000000,118408
0.000000,117858
0.000000,117678
0.000000,116034
0.000000,116000
0.000000,115712
0.000000,115005
0.000000,114989
0.000000,114572
0.000000,114541
0.000000,114267
0.010000,114174
0.010000,113944
0.010000,113415
0.010000,113126
0.010000,113090
0.010000,111693
0.010000,110928
0.010000,110668
0.010000,109354
0.010000,109310
0.030000,109117
0.050000,108190
0.050000,107942
0.050000,107917
0.070000,106960
0.070000,106868
0.070000,106828
0.070000,105787
0.070000,105365
0.070000,105175
0.230000,105028
0.260000,104205
0.260000,104186
0.260000,104082
0.260000,103379
0.260000,103204
0.260000,103091
1.495000,102657
1.535000,102260
1.535000,102191
9.527000,102121
14.121000,101940
16.013000,101927
53.226000,101841
129.074000,101768
129.074000,101704
129.074000,101514
130.415000,101494
254.895000,101490
