0.000000,118517
0.000000,118483
0.000000,118333
0.010000,118055
0.010000,117817
0.010000,117342
0.010000,116057
0.011000,114413
0.011000,113761
0.011000,112287
0.011000,111999
0.011000,111754
0.011000,111560
0.011000,111519
0.011000,111474
0.011000,110946
0.021000,110733
0.021000,110487
0.021000,110340
0.021000,110249
0.021000,110187
0.021000,109573
0.031000,108703
0.031000,108359
0.031000,108313
0.031000,107610
0.031000,107499
0.051000,107253
0.081000,103739
0.141000,102991
1.624000,102816
1.624000,102320
5.648000,102301
7.290000,102124
8.721000,102108
12.805000,101927
26.079000,101841
141.428000,101649
149.616000,101490
349.159000,101381
