0.000000,120173
0.000000,119249
0.000000,118730
0.000000,118684
0.000000,118333
0.000000,116688
0.000000,116367
0.000000,115170
0.000000,114923
0.000000,114222
0.000000,113637
0.000000,113488
0.000000,113475
0.000000,113471
0.000000,112645
0.000000,112604
0.000000,111868
0.000000,111824
0.000000,111497
0.010000,111104
0.010000,109467
0.010000,108834
0.010000,108612
0.010000,108437
0.010000,107669
0.020000,107286
0.090000,107075
0.090000,106452
0.090000,106406
0.090000,106105
0.090000,105884
0.090000,105683
0.090000,105370
0.150000,103634
0.361000,103493
0.361000,102765
0.361000,102438
0.361000,102333
0.912000,102026
1.049000,101703
155.707000,101570
