0.000000,127332
0.000000,126788
0.000000,126558
0.000000,126522
0.000000,125351
0.000000,123499
0.000000,123079
0.000000,123023
0.000000,121642
0.000000,119573
0.010000,118749
0.010000,118634
0.010000,118356
0.010000,117934
0.010000,117661
0.010000,117470
0.010000,115984
0.010000,115023
0.010000,113845
0.010000,113336
0.010000,111466
0.010000,110996
0.010000,110650
0.010000,110121
0.010000,109345
0.010000,107942
0.010000,107757
0.010000,107192
0.010000,107148
0.010000,107057
0.010000,107045
0.010000,107006
0.010000,105535
0.010000,105114
0.010000,105046
0.060000,103478
0.060000,103442
0.080000,103198
0.080000,103092
0.520000,102840
0.520000,102734
0.520000,102333
0.891000,102177
0.891000,102097
14.029000,101940
34.984000,101855
44.894000,101768
44.894000,101704
44.894000,101514
104.558000,101401
