0.000000,122657
0.000000,122349
0.000000,122254
0.000000,121933
0.000000,121645
0.000000,120604
0.010000,120535
0.010000,120513
0.010000,117937
0.010000,117830
0.010000,117312
0.010000,117126
0.010000,115766
0.010000,114122
0.010000,113205
0.010000,113170
0.010000,112724
0.010000,112390
0.010000,112229
0.010000,110204
0.010000,109501
0.010000,109104
0.010000,109063
0.010000,106608
0.010000,106387
0.020000,103647
0.030000,103605
0.030000,103513
0.030000,103294
0.030000,102988
0.030000,102950
0.030000,102759
0.030000,102404
0.600000,102320
6.116000,102264
11.194000,102166
13.436000,102164
27.961000,102120
27.961000,101971
60.603000,101957
73.847000,101790
107.796000,101666
252.348000,101592
443.688000,101578
443.688000,101570
589.665000,101514
