0.000000,134973
0.000000,134633
0.000000,134281
0.000000,134275
0.000000,132630
0.000000,132098
0.000000,130833
0.000000,130797
0.000000,130550
0.000000,127842
0.000000,127798
0.000000,127742
0.000000,127041
0.000000,126771
0.000000,126070
0.000000,125849
0.000000,125331
0.000000,125047
0.000000,124854
0.010000,123916
0.010000,121921
0.010000,121648
0.010000,120925
0.010000,120778
0.010000,120774
0.010000,119667
0.010000,117978
0.010000,116141
0.010000,113938
0.010000,113927
0.010000,113063
0.010000,113054
0.010000,112287
0.020000,112145
0.020000,111952
0.020000,111731
0.020000,111727
0.020000,111698
0.020000,110427
0.020000,110093
0.020000,109916
0.020000,109875
0.020000,109531
0.030000,109439
0.030000,109218
0.030000,109059
0.030000,108865
0.030000,108703
0.030000,108531
0.030000,108409
0.040000,107086
0.050000,107053
0.050000,107008
0.050000,106859
0.110000,105833
0.200000,105792
0.320000,104677
0.320000,104651
0.320000,104458
0.320000,103806
0.401000,103548
0.401000,103485
0.401000,103295
0.881000,102689
0.881000,102514
0.881000,102469
0.881000,102443
0.881000,102412
0.881000,102320
1.143000,102239
2.259000,102217
2.259000,102183
3.692000,101971
41.111000,101860
41.111000,101847
58.669000,101834
58.669000,101804
58.669000,101790
105.861000,101649
179.918000,101514
472.684000,101401
