0.000000,124498
0.000000,124158
0.000000,123885
0.000000,123271
0.000000,121154
0.000000,119734
0.000000,119698
0.000000,119477
0.000000,119131
0.000000,118973
0.000000,118581
0.000000,118351
0.000000,118147
0.000000,117904
0.000000,117552
0.000000,117243
0.000000,116100
0.000000,115045
0.000000,111163
0.000000,109677
0.000000,108740
0.000000,108026
0.000000,107819
0.000000,107357
0.000000,105769
0.000000,104810
0.010000,104767
0.080000,104679
0.080000,104305
0.151000,104277
0.151000,104100
0.151000,103396
0.151000,103206
0.151000,103176
0.151000,103083
0.811000,102994
1.476000,102466
1.476000,102275
1.477000,102239
4.303000,102183
4.403000,102157
7.666000,102153
7.666000,101962
88.500000,101958
89.891000,101743
89.891000,101736
117.379000,101703
428.618000,101600
