0.022,600886
0.022,594557
0.023,590685
0.023,590661
0.023,590652
0.023,590322
0.023,590267
0.023,588451
0.023,571869
0.023,570436
0.023,569343
0.023,566469
0.023,566403
0.023,560119
0.023,550023
0.024,549167
0.024,549126
0.024,538811
0.024,534287
0.024,532247
0.024,523764
0.024,522842
0.024,521758
0.024,517970
0.024,517970
0.025,514497
0.025,512110
0.025,510355
0.025,510050
0.025,508110
0.025,507861
0.025,507643
0.025,501558
0.026,499466
0.026,499362
0.026,498950
0.026,479379
0.026,476918
0.026,471100
0.026,469294
0.026,469285
0.027,465923
0.027,460144
0.027,460144
0.027,459630
0.028,458427
0.028,456670
0.028,450660
0.028,448963
0.028,447358
0.028,446659
0.028,444286
0.028,440153
0.028,437422
0.028,437062
0.028,436151
0.029,435544
0.029,428797
0.029,428649
0.029,423610
0.029,417434
0.029,409239
0.029,409171
0.029,406877
0.029,401494
0.03,397329
0.03,385812
0.03,380555
0.03,378678
0.03,376282
0.031,375526
0.031,374921
0.031,365410
0.031,361520
0.031,359418
0.031,352829
0.031,350805
0.031,350710
0.031,349329
0.033,348839
0.033,347778
0.033,347778
0.033,346534
0.034,346338
0.035,346338
0.035,345259
0.035,345259
0.035,344975
0.035,342756
0.035,341374
0.035,341112
0.036,341112
0.036,335664
0.036,334380
0.036,326530
0.036,324087
0.036,322213
0.036,320381
0.037,318956
0.037,314356
0.037,310296
0.037,305945
0.037,305635
0.037,304468
0.038,303608
0.038,303608
0.038,302994
0.039,302659
0.039,299860
0.039,299860
0.039,299860
0.039,298309
0.039,295773
0.039,295761
0.039,294430
0.04,290866
0.04,288961
0.04,288115
0.04,285316
0.04,285255
0.04,284053
0.04,284053
0.04,281889
0.041,281889
0.042,279985
0.042,279038
0.043,279038
0.043,278769
0.043,278162
0.043,278162
0.044,277128
0.044,277128
0.044,277128
0.044,276906
0.045,276235
0.045,276141
0.045,275386
0.045,273967
0.045,269259
0.045,267272
0.046,267172
0.046,266658
0.046,266638
0.046,263423
0.046,263379
0.047,261796
0.047,260924
0.048,260790
0.048,253391
0.049,253075
0.049,249572
0.049,246419
0.049,244400
0.049,243978
0.049,242781
0.05,242781
0.05,242771
0.05,242771
0.051,240925
0.051,240762
0.051,240158
0.052,239812
0.052,238554
0.052,237824
0.053,237782
0.054,235008
0.054,235008
0.054,234889
0.054,234487
0.055,232311
0.055,231908
0.055,231358
0.056,230626
0.056,229536
0.056,229477
0.057,228373
0.057,228265
0.058,227216
0.058,227163
0.059,227163
0.059,226869
0.059,226385
0.06,224853
0.06,224778
0.06,224302
0.06,221047
0.06,219562
0.061,216670
0.061,215477
0.061,213156
0.062,213071
0.062,212399
0.064,212399
0.064,212399
0.065,212004
0.065,212004
0.065,212001
0.065,207732
0.066,207485
0.066,205401
0.066,205401
0.067,203868
0.067,203868
0.068,202654
0.068,202654
0.068,202654
0.069,201820
0.071,199794
0.072,197311
0.072,196026
0.072,195549
0.073,195316
0.075,195303
0.075,194995
0.075,194995
0.075,186658
0.076,186340
0.076,185760
0.077,184842
0.077,184061
0.078,183976
0.078,183608
0.079,182879
0.079,182287
0.08,180659
0.08,179138
0.08,179138
0.082,178946
0.082,178685
0.082,178685
0.082,178685
0.083,178685
0.085,177877
0.085,176489
0.085,176489
0.086,176489
0.087,175528
0.089,175528
0.089,172867
0.089,172867
0.09,172867
0.09,172867
0.091,172867
0.091,169872
0.091,169872
0.092,169872
0.093,169872
0.093,168065
0.093,166712
0.094,164940
0.096,163625
0.096,163518
0.096,163518
0.096,163320
0.101,163246
0.103,162475
0.103,162107
0.105,162107
0.106,162107
0.106,162107
0.107,161845
0.107,160154
0.108,160154
0.109,156458
0.109,154091
0.11,154091
0.112,154091
0.113,152563
0.113,150077
0.114,149263
0.114,147573
0.115,147573
0.116,147524
0.118,146633
0.118,146224
0.119,146224
0.119,146224
0.12,146224
0.12,146224
0.12,146224
0.121,146224
0.121,146224
0.122,146224
0.122,145603
0.122,145603
0.123,144220
0.123,143753
0.125,141066
0.125,140792
0.125,140792
0.126,140784
0.126,140784
0.128,140784
0.128,140784
0.129,140784
0.13,140751
0.131,140751
0.132,140751
0.132,140751
0.133,140751
0.134,140751
0.135,140661
0.139,136436
0.14,136436
0.14,136147
0.141,136147
0.142,136147
0.143,136147
0.143,135989
0.143,135989
0.146,135989
0.147,135989
0.148,135840
0.149,135840
0.15,133896
0.153,133896
0.153,133896
0.154,132816
0.154,128457
0.156,123471
0.156,123143
0.159,123143
0.16,123143
0.16,123143
0.16,123143
0.161,123143
0.162,123143
0.163,123143
0.165,123143
0.167,123143
0.167,123143
0.167,123143
0.167,122678
0.168,122356
0.168,122356
0.169,122356
0.17,122356
0.17,122356
0.171,121858
0.171,121858
0.171,120879
0.175,120523
0.177,120473
0.177,120194
0.18,120194
0.181,120194
0.183,119469
0.184,119469
0.185,119469
0.186,119469
0.187,119469
0.187,118906
0.189,118906
0.19,118906
0.194,118906
0.199,118906
0.2,118906
0.201,117701
0.202,117701
0.203,117701
0.204,117701
0.205,117701
0.206,117305
0.206,117305
0.207,117305
0.208,117305
0.208,117305
0.21,117305
0.212,117305
0.213,117305
0.214,117305
0.214,117305
0.214,117305
0.215,117305
0.217,117305
0.217,117169
0.218,117169
0.218,117169
0.219,117169
0.221,117169
0.222,117169
0.226,117169
0.228,117169
0.229,117169
0.229,117169
0.229,117169
0.23,117169
0.231,117169
0.233,117169
0.234,117169
0.235,117146
0.237,117146
0.238,117146
0.238,117146
0.239,117146
0.24,117146
0.241,117146
0.242,117146
0.243,117146
0.243,117146
0.246,117146
0.246,117146
0.247,117146
0.247,117146
0.247,117146
0.248,117146
0.25,117146
0.25,117146
0.251,117146
0.251,117146
0.251,117146
0.252,117146
0.252,117146
0.255,117146
0.258,117146
0.258,115538
0.259,115538
0.259,115538
0.262,115531
0.264,115531
0.266,115531
0.266,115531
0.268,115501
0.27,115501
0.271,115501
0.271,115235
0.272,115235
0.278,115235
0.278,115235
0.284,115235
0.284,115235
0.287,115235
0.289,115235
0.291,115141
0.292,115141
0.293,115141
0.293,115141
0.295,115141
0.295,115141
0.296,115141
0.3,115141
0.301,115141
0.302,115141
0.303,115141
0.306,115141
0.308,115141
0.31,115141
0.31,115139
0.31,114217
0.31,114217
0.31,114217
0.311,114217
0.312,114217
0.313,114217
0.313,114217
0.313,114217
0.315,114217
0.317,114217
0.318,114217
0.32,114217
0.322,114217
0.324,114217
0.325,114217
0.325,114217
0.328,114217
0.333,114217
0.333,114217
0.333,114217
0.333,114217
0.334,114217
0.336,114179
0.337,114179
0.337,114179
0.339,114179
0.34,114179
0.341,114179
0.349,114179
0.351,113825
0.352,113825
0.354,113814
0.355,113814
0.356,113814
0.359,113814
0.359,113814
0.36,113814
0.36,113814
0.362,113814
0.363,113814
0.364,113814
0.366,113814
0.367,113814
0.369,113814
0.37,113814
0.371,113814
0.371,113814
0.372,113814
0.373,113814
0.374,113814
0.375,113814
0.377,113814
0.378,113814
0.378,113791
0.379,113791
0.38,113129
0.384,113129
0.384,113129
0.386,113129
0.386,113129
0.387,113129
0.387,112794
0.387,112603
0.388,112603
0.389,112603
0.389,112603
0.39,112078
0.39,112078
0.391,112078
0.392,112078
0.392,112078
0.392,112078
0.394,112078
0.395,112078
0.399,112078
0.4,112078
0.4,112078
0.401,112078
0.403,112078
0.403,112078
0.403,112078
0.405,112078
0.406,112078
0.406,111997
0.407,111997
0.411,111997
0.412,111997
0.412,111997
0.414,111997
0.414,111997
0.417,111997
0.417,111997
0.42,111997
0.423,111997
0.424,111997
0.427,111997
0.427,111997
0.429,111997
0.431,111997
0.431,111997
0.432,111997
0.433,111997
0.434,111997
0.435,111997
0.436,111997
0.436,111997
0.437,111997
0.437,111997
0.437,111997
0.437,111997
0.437,111997
0.437,111997
0.438,111278
0.439,111278
0.439,111278
0.442,110813
0.442,110813
0.443,110813
0.443,110813
0.446,110813
0.446,110813
0.449,110813
0.449,110813
0.449,110786
0.449,110786
0.45,110786
0.45,110786
0.451,110786
0.452,110786
0.452,110786
0.453,110786
0.453,110563
0.455,110563
0.461,110563
0.461,110563
0.464,110563
0.465,110563
0.466,110563
0.468,110563
0.468,110563
0.469,110563
0.469,110563
0.472,110563
0.474,110563
0.474,110563
0.476,110344
0.476,110344
0.479,110344
0.479,110344
0.481,110344
0.482,110344
0.483,110344
0.484,110344
0.484,110344
0.484,110344
0.485,110344
0.487,110344
0.487,110344
0.488,110344
0.491,110344
0.492,110344
0.495,110344
0.495,110344
0.496,110344
0.501,110344
0.503,110344
0.504,110344
0.505,110344
0.508,110344
0.509,110344
0.509,110344
0.512,110344
0.514,110344
0.514,110344
0.516,110344
0.52,110344
0.522,110344
0.522,110344
0.524,110344
0.524,110344
0.526,110344
0.528,110344
0.529,110344
0.53,110344
0.531,110344
0.533,110344
0.533,110344
0.534,110344
0.535,110344
0.537,110344
0.537,110344
0.538,110344
0.54,110344
0.541,109750
0.543,109750
0.544,109750
0.546,109750
0.546,109750
0.551,109750
0.551,109392
0.551,109392
0.551,109392
0.552,109392
0.554,109392
0.557,109392
0.557,109392
0.558,109392
0.558,109392
0.559,109392
0.559,109392
0.559,109392
0.56,109392
0.562,109392
0.564,108649
0.569,108649
0.57,108649
0.57,108649
0.57,108649
0.572,108649
0.574,108649
0.583,108649
0.583,108649
0.584,108649
0.584,108649
0.584,108649
0.585,108649
0.586,108649
0.586,108649
0.587,108649
0.588,108649
0.59,108649
0.592,108649
0.599,108649
0.601,108649
0.602,108649
0.605,108649
0.606,108649
0.611,108649
0.611,108649
0.612,108649
0.614,108649
0.614,108649
0.615,108649
0.62,108649
0.621,108649
0.624,108649
0.626,108649
0.629,108649
0.631,108649
0.631,108649
0.632,108649
0.633,108649
0.635,108649
0.636,108649
0.636,108649
0.639,108649
0.639,108649
0.642,108649
0.643,108649
0.645,108649
0.646,108649
0.646,108649
0.65,108649
0.652,108649
0.653,108649
0.654,108649
0.654,108649
0.655,108649
0.656,108649
0.656,108649
0.657,108649
0.659,108649
0.66,108649
0.66,108649
0.664,108649
0.668,108649
0.669,108649
0.669,108649
0.671,108649
0.673,108649
0.678,108649
0.68,108649
0.681,108649
0.686,108649
0.689,108649
0.69,108649
0.691,108649
0.693,108649
0.694,108649
0.698,108649
0.701,108649
0.702,108649
0.705,108649
0.705,108649
0.707,108649
0.708,108649
0.708,108649
0.71,108649
0.711,108649
0.712,108649
0.713,108649
0.717,108649
0.718,108649
0.719,108649
0.719,108649
0.719,108649
0.719,108649
0.72,108649
0.72,108649
0.722,108649
0.724,108649
0.725,108649
0.726,108649
0.728,108649
0.729,108649
0.731,108649
0.731,108649
0.731,108649
0.731,108649
0.732,108649
0.733,108649
0.734,108649
0.737,108649
0.738,108649
0.739,108649
0.742,108649
0.742,108649
0.745,108649
0.746,108649
0.747,108649
0.75,108649
0.751,108649
0.755,108649
0.757,108649
0.758,108649
0.761,108649
0.762,108649
0.764,108649
0.765,108649
0.766,108649
0.768,108649
0.768,108649
0.771,108649
0.772,108649
0.773,108649
0.774,108649
0.774,108649
0.774,108649
0.775,108649
0.776,108649
0.776,108649
0.778,108649
0.778,108649
0.779,108649
0.781,108649
0.785,108649
0.786,108649
0.786,108649
0.787,108649
0.789,108649
0.79,108649
0.791,108649
0.791,108649
0.791,108649
0.792,108649
0.792,108649
0.793,108649
0.793,108649
0.794,108649
0.794,108649
0.802,108649
0.802,108649
0.802,108649
0.804,108649
0.805,108649
0.806,108649
0.807,108649
0.808,108649
0.808,108649
0.809,108649
0.809,108649
0.81,108649
0.81,108649
0.811,108649
0.817,108649
0.82,108649
0.83,108649
0.83,108649
0.833,108649
0.833,108649
0.834,108649
0.837,108649
0.839,108649
0.84,108649
0.84,108649
0.841,108649
0.842,108649
0.842,108649
0.843,108649
0.843,108649
0.845,108649
0.846,108649
0.847,108649
0.847,108649
0.848,108649
0.851,108649
0.853,108649
0.854,108649
0.856,108649
0.857,108649
0.859,108649
0.862,108649
0.862,108649
0.863,108649
0.863,108649
0.864,108649
0.865,108649
0.866,108649
0.867,108649
0.867,108649
0.868,108649
0.869,108649
0.872,108649
0.872,108649
0.873,108649
0.873,108649
0.874,108649
0.875,108649
0.879,108649
0.88,108649
0.881,108649
0.881,108649
0.882,108649
0.886,108649
0.887,108649
0.887,108649
0.888,108649
0.888,108649
0.894,108649
0.895,108649
0.899,108649
0.9,108649
0.9,108649
0.901,108649
0.904,108649
0.904,108649
0.904,108649
0.906,108649
0.906,108649
0.907,108649
0.908,108649
0.909,108649
0.909,108649
0.91,108649
0.911,108649
0.914,108649
0.914,108649
0.915,108649
0.917,108649
0.918,108649
0.919,108649
0.921,108649
0.923,108649
0.928,108649
0.929,108649
0.931,108649
0.932,108649
0.933,108649
0.934,108649
0.934,108649
0.939,108649
0.94,108649
0.94,108649
0.941,108649
0.945,108649
0.946,108649
0.947,108649
0.95,108649
0.951,108649
0.954,108649
0.96,108649
0.961,108649
0.962,108649
0.962,108649
0.963,108649
0.967,108649
0.971,108649
0.972,108649
0.973,108649
0.974,108649
0.974,108649
0.976,108649
0.977,108649
0.979,108649
0.98,108649
0.98,108649
0.981,108649
0.981,108649
0.984,108649
0.984,108649
0.984,108649
0.984,108649
0.985,108649
0.986,108649
0.986,108649
0.987,108649
0.99,108649
0.991,108649
0.996,108649
0.999,108649
1,108649
1,108649
1.002,108649
1.002,108649
1.003,108649
1.004,108649
1.004,108649
1.004,108649
1.004,108649
1.005,108649
1.006,108649
1.006,108649
1.01,108649
1.01,108649
1.01,108649
1.015,108649
1.015,108649
1.018,108649
1.019,108649
1.019,108649
1.019,108649
1.019,108649
1.022,108649
1.023,108649
1.024,108649
1.028,108649
1.028,108649
1.03,108649
1.03,108649
1.035,108649
1.036,108649
1.04,108649
1.041,108649
1.043,108649
1.044,108649
1.045,108649
1.045,108649
1.046,108649
1.047,108649
1.049,108649
1.051,108649
1.051,108649
1.051,108649
1.054,108649
1.057,108649
1.057,108649
1.058,108649
1.059,108649
1.061,108649
1.061,108649
1.062,108649
1.067,108649
1.08,108649
1.082,108649
1.085,108649
1.089,108649
1.091,108649
1.091,108649
1.095,108649
1.095,108649
1.1,108649
1.103,108649
1.105,108649
1.105,108649
1.107,108649
1.11,108649
1.11,108649
1.117,108649
1.117,108649
1.12,108649
1.122,108649
1.122,108649
1.124,108649
1.124,108649
1.125,108649
1.126,108649
1.128,108649
1.131,108649
1.137,108649
1.141,108649
1.144,108649
1.144,108649
1.145,108649
1.145,108649
1.146,108649
1.151,108649
1.153,108649
1.155,108649
1.156,108649
1.161,108649
1.161,108649
1.165,108649
1.165,108649
1.167,108649
1.168,108649
1.169,108649
1.173,108649
1.173,108649
1.173,108649
1.173,108649
1.175,108649
1.187,108649
1.189,108649
1.189,108649
1.19,108649
1.191,108649
1.192,108649
1.194,108649
1.195,108649
1.196,108649
1.197,108649
1.197,108649
1.197,108649
1.199,108649
1.201,108649
1.201,108649
1.204,108649
1.206,108649
1.207,108649
1.208,108649
1.211,108649
1.211,108649
1.212,108649
1.213,108649
1.213,108649
1.214,108649
1.215,108649
1.221,108649
1.226,108649
1.227,108649
1.227,108649
1.227,108649
1.228,108649
1.228,108649
1.23,108649
1.234,108649
1.241,108649
1.242,108649
1.243,108649
1.244,108649
1.245,108649
1.248,108649
1.249,108649
1.25,108649
1.25,108649
1.252,108649
1.257,108649
1.258,108649
1.259,108649
1.26,108649
1.26,108649
1.26,108649
1.263,108649
1.264,108649
1.267,108649
1.267,108649
1.269,108649
1.27,108649
1.27,108649
1.275,108649
1.277,108649
1.278,108649
1.279,108649
1.28,108649
1.282,108649
1.282,108649
1.284,108649
1.285,108649
1.286,108649
1.287,108649
1.288,108649
1.29,108649
1.292,108649
1.292,108649
1.294,108649
1.294,108649
1.295,108649
1.297,108649
1.299,108649
1.301,108649
1.304,108649
1.305,108649
1.306,108649
1.307,108649
1.307,108649
1.31,108649
1.314,108649
1.316,108649
1.32,108649
1.32,108649
1.32,108649
1.32,108649
1.321,108649
1.323,108649
1.323,108649
1.323,108649
1.325,108649
1.326,108649
1.327,108649
1.327,108649
1.328,108649
1.329,108649
1.337,108649
1.341,108649
1.343,108649
1.347,108649
1.351,108649
1.353,108649
1.355,108649
1.356,108649
1.357,108649
1.357,108649
1.358,108649
1.359,108649
1.36,108649
1.36,108649
1.362,108649
1.363,108649
1.363,108649
1.363,108649
1.364,108649
1.365,108649
1.365,108649
1.367,108649
1.367,108649
1.369,108649
1.37,108649
1.372,108649
1.373,108649
1.378,108649
1.38,108649
1.383,108649
1.384,108649
1.385,108649
1.387,108649
1.387,108649
1.392,108649
1.393,108649
1.395,108649
1.395,108649
1.397,108649
1.4,108649
1.4,108649
1.401,108649
1.402,108649
1.403,108649
1.404,108649
1.405,108649
1.406,108649
1.406,108649
1.407,108649
1.408,108649
1.408,108649
1.409,108649
1.41,108649
1.411,108649
1.412,108649
1.415,108649
1.415,108649
1.416,108649
1.417,108649
1.418,108649
1.422,108649
1.422,108649
1.424,108649
1.426,108649
1.427,108649
1.428,108649
1.429,108649
1.43,108649
1.431,108649
1.433,108649
1.433,108649
1.436,108649
1.44,108649
1.447,108649
1.449,108649
1.451,108649
1.452,108649
1.454,108649
1.455,108649
1.455,108649
1.46,108649
1.462,108649
1.465,108649
1.469,108649
1.469,108649
1.474,108649
1.475,108649
1.475,108649
1.476,108649
1.477,108649
1.482,108649
1.483,108649
1.484,108649
1.489,108649
1.49,108649
1.492,108649
1.493,108649
1.494,108649
1.495,108649
1.496,108649
1.496,108649
1.496,108649
1.498,108649
1.498,108649
1.499,108649
1.5,108649
1.501,108649
1.501,108649
1.501,108649
1.502,108649
1.504,108649
1.504,108649
1.506,108649
1.507,108649
1.511,108649
1.513,108649
1.515,108649
1.516,108649
1.517,108649
1.517,108649
1.52,108649
1.524,108649
1.524,108649
1.524,108649
1.524,108649
1.524,108649
1.525,108649
1.527,108649
1.529,108649
1.529,108649
1.531,108649
1.532,108649
1.534,108649
1.536,108649
1.536,108649
1.538,108649
1.541,108649
1.542,108649
1.543,108649
1.545,108649
1.546,108649
1.546,108649
1.546,108649
1.549,108649
1.549,108649
1.549,108649
1.552,108649
1.553,108649
1.558,108649
1.559,108649
1.561,108649
1.563,108649
1.564,108649
1.564,108649
1.567,108649
1.569,108649
1.572,108649
1.574,108649
1.575,108649
1.576,108649
1.577,108649
1.579,108649
1.58,108649
1.583,108649
1.585,108649
1.586,108649
1.587,108649
1.588,108649
1.593,108649
1.595,108649
1.597,108649
1.597,108649
1.6,108649
1.6,108649
1.601,108649
1.602,108649
1.612,108649
1.612,108649
1.613,108649
1.617,108649
1.617,108649
1.618,108649
1.62,108649
1.623,108649
1.623,108649
1.624,108649
1.625,108649
1.628,108649
1.632,108649
1.633,108649
1.633,108649
1.634,108649
1.636,108649
1.636,108649
1.636,108649
1.637,108649
1.638,108649
1.639,108649
1.639,108649
1.64,108649
1.64,108649
1.642,108649
1.647,108649
1.648,108649
1.65,108649
1.652,108649
1.652,108649
1.653,108649
1.653,108649
1.654,108649
1.655,108649
1.657,108649
1.657,108649
1.661,108649
1.662,108649
1.663,108649
1.669,108649
1.672,108649
1.673,108649
1.674,108649
1.676,108649
1.677,108649
1.678,108649
1.679,108649
1.68,108649
1.68,108649
1.682,108649
1.683,108649
1.686,108649
1.687,108649
1.689,108649
1.691,108649
1.691,108649
1.691,108649
1.692,108649
1.692,108649
1.694,108649
1.695,108649
1.696,108649
1.696,108649
1.697,108649
1.699,108649
1.702,108649
1.702,108649
1.704,108649
1.704,108649
1.705,108649
1.709,108649
1.71,108649
1.712,108649
1.712,108649
1.712,108649
1.719,108649
1.72,108649
1.722,108649
1.729,108649
1.729,108649
1.73,108649
1.732,108649
1.734,108649
1.735,108649
1.735,108649
1.741,108649
1.741,108649
1.744,108649
1.744,108649
1.744,108649
1.745,108649
1.746,108649
1.746,108649
1.746,108649
1.746,108649
1.751,108649
1.751,108649
1.752,108649
1.753,108649
1.754,108649
1.755,108649
1.756,108649
1.757,108649
1.758,108649
1.76,108649
1.762,108649
1.763,108649
1.765,108649
1.765,108649
1.767,108649
1.777,108649
1.78,108649
1.781,108649
1.781,108649
1.783,108649
1.783,108649
1.783,108649
1.784,108649
1.787,108649
1.787,108649
1.787,108649
1.788,108649
1.789,108649
1.791,108649
1.792,108649
1.794,108649
1.795,108649
1.796,108649
1.797,108649
1.801,108649
1.802,108649
1.802,108649
1.802,108649
1.803,108649
1.804,108649
1.807,108649
1.814,108649
1.814,108649
1.817,108649
1.818,108649
1.819,108649
1.819,108649
1.821,108649
1.822,108649
1.822,108649
1.823,108649
1.823,108649
1.826,108649
1.829,108649
1.83,108649
1.83,108649
1.831,108649
1.833,108649
1.833,108649
1.834,108649
1.834,108649
1.835,108649
1.836,108649
1.838,108649
1.839,108649
1.839,108649
1.839,108649
1.842,108649
1.844,108649
1.845,108649
1.849,108649
1.85,108649
1.85,108649
1.851,108649
1.851,108649
1.851,108649
1.852,108649
1.86,108649
1.86,108649
1.862,108649
1.863,108649
1.864,108649
1.864,108649
1.865,108649
1.866,108649
1.866,108649
1.866,108649
1.867,108649
1.867,108649
1.868,108649
1.868,108649
1.87,108649
1.871,108649
1.872,108649
1.873,108649
1.874,108649
1.875,108649
1.876,108649
1.878,108649
1.878,108649
1.881,108649
1.881,108649
1.883,108649
1.885,108649
1.886,108649
1.887,108649
1.887,108649
1.889,108649
1.889,108649
1.89,108649
1.894,108649
1.898,108649
1.898,108649
1.899,108649
1.902,108649
1.906,108649
1.907,108649
1.911,108649
1.915,108649
1.916,108649
1.916,108649
1.917,108649
1.918,108649
1.92,108649
1.92,108649
1.924,108649
1.928,108649
1.931,108649
1.934,108649
1.934,108649
1.935,108649
1.935,108649
1.938,108649
1.938,108649
1.94,108649
1.941,108649
1.944,108649
1.945,108649
1.946,108649
1.949,108649
1.951,108649
1.956,108649
1.959,108649
1.961,108649
1.963,108649
1.964,108649
1.965,108649
1.965,108649
1.967,108649
1.967,108649
1.968,108649
1.974,108649
1.975,108649
1.977,108649
1.981,108649
1.983,108649
1.983,108649
1.983,108649
1.983,108649
1.986,108649
1.988,108649
1.989,108649
1.991,108649
1.993,108649
1.995,108649
1.998,108649
1.999,108649
1.999,108649
2.002,108649
2.002,108649
2.002,108649
2.006,108649
2.008,108649
2.009,108649
2.01,108649
2.012,108649
2.012,108649
2.014,108649
2.016,108649
2.016,108649
2.023,108649
2.024,108649
2.024,108649
2.024,108649
2.024,108649
2.028,108649
2.031,108649
2.032,108649
2.034,108649
2.034,108649
2.037,108649
2.042,108649
2.044,108649
2.044,108649
2.046,108649
2.05,108649
2.053,108649
2.053,108649
2.055,108649
2.055,108649
2.056,108649
2.056,108649
2.057,108649
2.057,108649
2.058,108649
2.061,108649
2.062,108649
2.066,108649
2.067,108649
2.073,108649
2.075,108649
2.081,108649
2.081,108649
2.086,108649
2.091,108649
2.092,108649
2.095,108649
2.096,108649
2.096,108649
2.096,108649
2.098,108649
2.099,108649
2.101,108649
2.102,108649
2.105,108649
2.105,108649
2.107,108649
2.107,108649
2.107,108649
2.108,108649
2.108,108649
2.112,108649
2.114,108649
2.115,108649
2.116,108649
2.117,108649
2.122,108649
2.124,108649
2.125,108649
2.127,108649
2.128,108649
2.13,108649
2.131,108649
2.132,108649
2.136,108649
2.137,108649
2.137,108649
2.139,108649
2.139,108649
2.141,108649
2.143,108649
2.144,108649
2.145,108649
2.145,108649
2.146,108649
2.148,108649
2.15,108649
2.151,108649
2.153,108649
2.153,108649
2.154,108649
2.156,108649
2.157,108649
2.16,108649
2.161,108649
2.161,108649
2.163,108649
2.164,108649
2.164,108649
2.166,108649
2.168,108649
2.168,108649
2.17,108649
2.175,108649
2.177,108649
2.181,108649
2.182,108649
2.182,108649
2.185,108649
2.189,108649
2.19,108649
2.191,108649
2.192,108649
2.193,108649
2.198,108649
2.198,108649
2.199,108649
2.2,108649
2.2,108649
2.203,108649
2.204,108649
2.205,108649
2.211,108649
2.214,108649
2.216,108649
2.218,108649
2.22,108649
2.221,108649
2.222,108649
2.222,108649
2.224,108649
2.228,108649
2.229,108649
2.231,108649
2.232,108649
2.232,108649
2.234,108649
2.235,108649
2.237,108649
2.237,108649
2.237,108649
2.237,108649
2.237,108649
2.238,108649
2.238,108649
2.239,108649
2.241,108649
2.243,108649
2.244,108649
2.246,108649
2.247,108649
2.254,108649
2.26,108649
2.262,108649
2.263,108649
2.263,108649
2.263,108649
2.273,108649
2.273,108649
2.274,108649
2.274,108649
2.275,108649
2.279,108649
2.281,108649
2.281,108649
2.283,108649
2.283,108649
2.286,108649
2.287,108649
2.29,108649
2.292,108649
2.293,108649
2.293,108649
2.296,108649
2.296,108649
2.299,108649
2.3,108649
2.3,108649
2.301,108649
2.302,108649
2.303,108649
2.303,108649
2.305,108649
2.305,108649
2.308,108649
2.309,108649
2.309,108649
2.309,108649
2.311,108649
2.313,108649
2.316,108649
2.318,108649
2.319,108649
2.322,108649
2.322,108649
2.326,108649
2.333,108649
2.334,108649
2.334,108649
2.339,108649
2.341,108649
2.341,108649
2.345,108649
2.346,108649
2.346,108649
2.347,108649
2.349,108649
2.351,108649
2.351,108649
2.354,108649
2.355,108649
2.355,108649
2.357,108649
2.361,108649
2.362,108649
2.362,108649
2.363,108649
2.365,108649
2.365,108649
2.365,108649
2.37,108649
2.37,108649
2.372,108649
2.375,108649
2.378,108649
2.38,108649
2.38,108649
2.381,108649
2.381,108649
2.384,108649
2.384,108649
2.385,108649
2.387,108649
2.387,108649
2.387,108649
2.389,108649
2.39,108649
2.39,108649
2.393,108649
2.395,108649
2.395,108649
2.396,108649
2.396,108649
2.403,108649
2.404,108649
2.405,108649
2.411,108649
2.413,108649
2.415,108649
2.415,108649
2.419,108649
2.42,108649
2.42,108649
2.423,108649
2.424,108649
2.424,108649
2.425,108649
2.426,108649
2.427,108649
2.428,108649
2.432,108649
2.432,108649
2.434,108649
2.434,108649
2.435,108649
2.435,108649
2.437,108649
2.439,108649
2.439,108649
2.44,108649
2.44,108649
2.441,108649
2.443,108649
2.444,108649
2.446,108649
2.447,108649
2.453,108649
2.453,108649
2.455,108649
2.456,108649
2.456,108649
2.457,108649
2.457,108649
2.459,108649
2.461,108649
2.462,108649
2.463,108649
2.466,108649
2.468,108649
2.468,108649
2.468,108649
2.469,108649
2.471,108649
2.472,108649
2.473,108649
2.476,108649
2.476,108649
2.478,108649
2.48,108649
2.481,108649
2.481,108649
2.482,108649
2.482,108649
2.483,108649
2.49,108649
2.49,108649
2.492,108649
2.495,108649
2.496,108649
2.497,108649
2.497,108649
2.499,108649
2.503,108649
2.503,108649
2.505,108649
2.506,108649
2.507,108649
2.509,108649
2.51,108649
2.511,108649
2.511,108649
2.512,108649
2.513,108649
2.514,108649
2.514,108649
2.516,108649
2.516,108649
2.519,108649
2.52,108649
2.52,108649
2.521,108649
2.522,108649
2.522,108649
2.523,108649
2.523,108649
2.527,108649
2.53,108649
2.532,108649
2.534,108649
2.543,108649
2.546,108649
2.548,108649
2.55,108649
2.555,108649
2.555,108649
2.555,108649
2.556,108649
2.559,108649
2.56,108649
2.561,108649
2.566,108649
2.566,108649
2.567,108649
2.567,108649
2.568,108649
2.569,108649
2.569,108649
2.57,108649
2.572,108649
2.573,108649
2.575,108649
2.575,108649
2.576,108649
2.578,108649
2.578,108649
2.58,108649
2.584,108649
2.586,108649
2.588,108649
2.59,108649
2.591,108649
2.592,108649
2.597,108649
2.598,108649
2.6,108649
2.601,108649
2.604,108649
2.605,108649
2.607,108649
2.607,108649
2.607,108649
2.609,108649
2.609,108649
2.61,108649
2.611,108649
2.611,108649
2.613,108649
2.618,108649
2.618,108649
2.622,108649
2.624,108649
2.624,108649
2.628,108649
2.631,108649
2.631,108649
2.631,108649
2.633,108649
2.634,108649
2.636,108649
2.637,108649
2.637,108649
2.637,108649
2.638,108649
2.64,108649
2.64,108649
2.641,108649
2.641,108649
2.645,108649
2.645,108649
2.648,108649
2.65,108649
2.65,108649
2.651,108649
2.651,108649
2.652,108649
2.652,108649
2.653,108649
2.658,108649
2.658,108649
2.659,108649
2.659,108649
2.661,108649
2.663,108649
2.664,108649
2.665,108649
2.669,108649
2.671,108649
2.672,108649
2.673,108649
2.674,108649
2.675,108649
2.676,108649
2.677,108649
2.677,108649
2.681,108649
2.684,108649
2.686,108649
2.686,108649
2.686,108649
2.687,108649
2.689,108649
2.691,108649
2.693,108649
2.693,108649
2.697,108649
2.697,108649
2.7,108649
2.701,108649
2.706,108649
2.707,108649
2.709,108649
2.709,108649
2.709,108649
2.711,108649
2.712,108649
2.714,108649
2.714,108649
2.716,108649
2.718,108649
2.723,108649
2.724,108649
2.725,108649
2.725,108649
2.726,108649
2.728,108649
2.731,108649
2.731,108649
2.733,108649
2.734,108649
2.735,108649
2.747,108649
2.751,108649
2.751,108649
2.752,108649
2.752,108649
2.757,108649
2.757,108649
2.757,108649
2.76,108649
2.761,108649
2.761,108649
2.762,108649
2.762,108649
2.763,108649
2.766,108649
2.766,108649
2.766,108649
2.767,108649
2.768,108649
2.772,108649
2.774,108649
2.774,108649
2.774,108649
2.776,108649
2.777,108649
2.778,108649
2.778,108649
2.779,108649
2.781,108649
2.781,108649
2.781,108649
2.785,108649
2.785,108649
2.788,108649
2.788,108649
2.788,108649
2.789,108649
2.79,108649
2.79,108649
2.792,108649
2.793,108649
2.793,108649
2.794,108649
2.799,108649
2.8,108649
2.8,108649
2.801,108649
2.801,108649
2.802,108649
2.803,108649
2.804,108649
2.804,108649
2.805,108649
2.806,108649
2.808,108649
2.808,108649
2.808,108649
2.809,108649
2.809,108649
2.81,108649
2.813,108649
2.818,108649
2.819,108649
2.82,108649
2.82,108649
2.822,108649
2.826,108649
2.829,108649
2.83,108649
2.835,108649
2.839,108649
2.841,108649
2.842,108649
2.843,108649
2.848,108649
2.849,108649
2.849,108649
2.85,108649
2.851,108649
2.852,108649
2.858,108649
2.858,108649
2.859,108649
2.86,108649
2.862,108649
2.862,108649
2.862,108649
2.864,108649
2.866,108649
2.868,108649
2.872,108649
2.875,108649
2.875,108649
2.879,108649
2.884,108649
2.887,108649
2.891,108649
2.892,108649
2.892,108649
2.893,108649
2.894,108649
2.894,108649
2.896,108649
2.896,108649
2.896,108649
2.896,108649
2.899,108649
2.899,108649
2.901,108649
2.903,108649
2.906,108649
2.906,108649
2.906,108649
2.906,108649
2.913,108649
2.914,108649
2.915,108649
2.916,108649
2.92,108649
2.921,108649
2.923,108649
2.924,108649
2.926,108649
2.926,108649
2.929,108649
2.93,108649
2.931,108649
2.934,108649
2.935,108649
2.935,108649
2.936,108649
2.937,108649
2.937,108649
2.938,108649
2.939,108649
2.941,108649
2.943,108649
2.944,108649
2.945,108649
2.946,108649
2.95,108649
2.952,108649
2.953,108649
2.953,108649
2.955,108649
2.958,108649
2.958,108649
2.96,108649
2.961,108649
2.963,108649
2.964,108649
2.964,108649
2.965,108649
2.966,108649
2.966,108649
2.967,108649
2.97,108649
2.971,108649
2.976,108649
2.978,108649
2.982,108649
2.985,108649
2.985,108649
2.986,108649
2.986,108649
2.991,108649
2.992,108649
2.992,108649
2.993,108649
2.994,108649
2.994,108649
2.997,108649
2.999,108649
3.004,108649
3.005,108649
3.009,108649
3.01,108649
3.011,108649
3.011,108649
3.013,108649
3.014,108649
3.014,108649
3.016,108649
3.019,108649
3.02,108649
3.02,108649
3.02,108649
3.022,108649
3.025,108649
3.027,108649
3.027,108649
3.03,108649
3.031,108649
3.032,108649
3.034,108649
3.035,108649
3.035,108649
3.038,108649
3.04,108649
3.041,108649
3.042,108649
3.042,108649
3.043,108649
3.044,108649
3.044,108649
3.044,108649
3.046,108649
3.05,108649
3.051,108649
3.052,108649
3.054,108649
3.054,108649
3.054,108649
3.055,108649
3.056,108649
3.058,108649
3.058,108649
3.06,108649
3.061,108649
3.061,108649
3.063,108649
3.065,108649
3.065,108649
3.067,108649
3.068,108649
3.07,108649
3.07,108649
3.07,108649
3.072,108649
3.076,108649
3.078,108649
3.078,108649
3.078,108649
3.078,108649
3.082,108649
3.083,108649
3.086,108649
3.09,108649
3.092,108649
3.094,108649
3.097,108649
3.097,108649
3.099,108649
3.103,108649
3.104,108649
3.105,108649
3.106,108649
3.106,108649
3.11,108649
3.11,108649
3.111,108649
3.111,108649
3.112,108649
3.113,108649
3.114,108649
3.114,108649
3.115,108649
3.115,108649
3.116,108649
3.117,108649
3.12,108649
3.12,108649
3.123,108649
3.124,108649
3.124,108649
3.131,108649
3.131,108649
3.131,108649
3.135,108649
3.136,108649
3.137,108649
3.138,108649
3.139,108649
3.139,108649
3.139,108649
3.141,108649
3.142,108649
3.142,108649
3.143,108649
3.145,108649
3.145,108649
3.145,108649
3.146,108649
3.15,108649
3.152,108649
3.152,108649
3.153,108649
3.153,108649
3.156,108649
3.156,108649
3.159,108649
3.162,108649
3.166,108649
3.168,108649
3.168,108649
3.17,108649
3.17,108649
3.172,108649
3.172,108649
3.173,108649
3.174,108649
3.174,108649
3.174,108649
3.179,108649
3.18,108649
3.181,108649
3.182,108649
3.182,108649
3.183,108649
3.183,108649
3.186,108649
3.187,108649
3.187,108649
3.188,108649
3.189,108649
3.192,108649
3.193,108649
3.193,108649
3.193,108649
3.195,108649
3.195,108649
3.195,108649
3.198,108649
3.199,108649
3.199,108649
3.2,108649
3.201,108649
3.201,108649
3.203,108649
3.206,108649
3.207,108649
3.21,108649
3.214,108649
3.216,108649
3.218,108649
3.219,108649
3.221,108649
3.221,108649
3.223,108649
3.223,108649
3.224,108649
3.224,108649
3.226,108649
3.227,108649
3.228,108649
3.232,108649
3.236,108649
3.237,108649
3.237,108649
3.239,108649
3.243,108649
3.246,108649
3.247,108649
3.249,108649
3.251,108649
3.253,108649
3.255,108649
3.257,108649
3.258,108649
3.259,108649
3.281,108649
3.282,108649
3.284,108649
3.285,108649
3.285,108649
3.287,108649
3.288,108649
3.289,108649
3.291,108649
3.293,108649
3.294,108649
3.3,108649
3.301,108649
3.306,108649
3.306,108649
3.307,108649
3.308,108649
3.312,108649
3.313,108649
3.315,108649
3.316,108649
3.316,108649
3.317,108649
3.319,108649
3.32,108649
3.323,108649
3.323,108649
3.324,108649
3.325,108649
3.326,108649
3.329,108649
3.33,108649
3.33,108649
3.331,108649
3.332,108649
3.332,108649
3.334,108649
3.335,108649
3.337,108649
3.338,108649
3.341,108649
3.341,108649
3.342,108649
3.346,108649
3.349,108649
3.35,108649
3.351,108649
3.352,108649
3.354,108649
3.355,108649
3.355,108649
3.357,108649
3.357,108649
3.359,108649
3.36,108649
3.361,108649
3.365,108649
3.368,108649
3.371,108649
3.372,108649
3.374,108649
3.374,108649
3.379,108649
3.381,108649
3.381,108649
3.382,108649
3.385,108649
3.386,108649
3.387,108649
3.389,108649
3.391,108649
3.392,108649
3.392,108649
3.394,108649
3.397,108649
3.398,108649
3.399,108649
3.402,108649
3.403,108649
3.403,108649
3.406,108649
3.406,108649
3.408,108649
3.409,108649
3.409,108649
3.411,108649
3.412,108649
3.412,108649
3.412,108649
3.415,108649
3.418,108649
3.419,108649
3.422,108649
3.423,108649
3.425,108649
3.426,108649
3.428,108649
3.429,108649
3.43,108649
3.43,108649
3.431,108649
3.434,108649
3.434,108649
3.437,108649
3.437,108649
3.438,108649
3.439,108649
3.444,108649
3.444,108649
3.446,108649
3.447,108649
3.448,108649
3.448,108649
3.451,108649
3.454,108649
3.457,108649
3.458,108649
3.459,108649
3.46,108649
3.461,108649
3.463,108649
3.465,108649
3.466,108649
3.467,108649
3.471,108649
3.471,108649
3.473,108649
3.475,108649
3.478,108649
3.479,108649
3.48,108649
3.481,108649
3.481,108649
3.481,108649
3.482,108649
3.483,108649
3.487,108649
3.488,108649
3.493,108649
3.495,108649
3.495,108649
3.498,108649
3.5,108649
3.501,108649
3.501,108649
3.503,108649
3.505,108649
3.512,108649
3.515,108649
3.52,108649
3.523,108649
3.525,108649
3.527,108649
3.529,108649
3.529,108649
3.53,108649
3.531,108649
3.532,108649
3.533,108649
3.537,108649
3.537,108649
3.541,108649
3.542,108649
3.543,108649
3.543,108649
3.544,108649
3.546,108649
3.549,108649
3.551,108649
3.551,108649
3.551,108649
3.552,108649
3.553,108649
3.553,108649
3.554,108649
3.555,108649
3.555,108649
3.556,108649
3.556,108649
3.556,108649
3.557,108649
3.558,108649
3.559,108649
3.561,108649
3.561,108649
3.561,108649
3.562,108649
3.564,108649
3.565,108649
3.565,108649
3.566,108649
3.581,108649
3.581,108649
3.582,108649
3.586,108649
3.586,108649
3.588,108649
3.59,108649
3.593,108649
3.593,108649
3.596,108649
3.603,108649
3.604,108649
3.605,108649
3.607,108649
3.608,108649
3.608,108649
3.61,108649
3.613,108649
3.614,108649
3.614,108649
3.614,108649
3.615,108649
3.621,108649
3.622,108649
3.622,108649
3.625,108649
3.628,108649
3.628,108649
3.629,108649
3.629,108649
3.63,108649
3.633,108649
3.634,108649
3.636,108649
3.64,108649
3.641,108649
3.643,108649
3.647,108649
3.651,108649
3.653,108649
3.654,108649
3.655,108649
3.659,108649
3.66,108649
3.661,108649
3.662,108649
3.665,108649
3.666,108649
3.667,108649
3.672,108649
3.673,108649
3.673,108649
3.673,108649
3.673,108649
3.674,108649
3.676,108649
3.676,108649
3.679,108649
3.682,108649
3.683,108649
3.685,108649
3.686,108649
3.687,108649
3.688,108649
3.689,108649
3.692,108649
3.694,108649
3.695,108649
3.696,108649
3.697,108649
3.698,108649
3.701,108649
3.705,108649
3.706,108649
3.708,108649
3.71,108649
3.71,108649
3.718,108649
3.719,108649
3.722,108649
3.722,108649
3.723,108649
3.724,108649
3.724,108649
3.725,108649
3.726,108649
3.726,108649
3.727,108649
3.729,108649
3.729,108649
3.731,108649
3.732,108649
3.735,108649
3.737,108649
3.737,108649
3.74,108649
3.741,108649
3.741,108649
3.743,108649
3.744,108649
3.745,108649
3.746,108649
3.747,108649
3.747,108649
3.748,108649
3.751,108649
3.751,108649
3.753,108649
3.759,108649
3.763,108649
3.764,108649
3.764,108649
3.765,108649
3.768,108649
3.769,108649
3.772,108649
3.774,108649
3.774,108649
3.777,108649
3.778,108649
3.778,108649
3.782,108649
3.784,108649
3.785,108649
3.786,108649
3.786,108649
3.787,108649
3.79,108649
3.79,108649
3.791,108649
3.792,108649
3.793,108649
3.794,108649
3.795,108649
3.796,108649
3.798,108649
3.8,108649
3.801,108649
3.803,108649
3.803,108649
3.803,108649
3.804,108649
3.806,108649
3.806,108649
3.808,108649
3.808,108649
3.81,108649
3.81,108649
3.811,108649
3.812,108649
3.812,108649
3.812,108649
3.813,108649
3.813,108649
3.813,108649
3.814,108649
3.815,108649
3.816,108649
3.817,108649
3.819,108649
3.82,108649
3.822,108649
3.827,108649
3.828,108649
3.83,108649
3.836,108649
3.838,108649
3.84,108649
3.84,108649
3.84,108649
3.841,108649
3.843,108649
3.843,108649
3.844,108649
3.847,108649
3.847,108649
3.848,108649
3.848,108649
3.848,108649
3.848,108649
3.848,108649
3.849,108649
3.852,108649
3.854,108649
3.855,108649
3.86,108649
3.86,108649
3.861,108649
3.864,108649
3.868,108649
3.875,108649
3.878,108649
3.878,108649
3.879,108649
3.883,108649
3.883,108649
3.884,108649
3.886,108649
3.887,108649
3.889,108649
3.89,108649
3.891,108649
3.891,108649
3.894,108649
3.894,108649
3.894,108649
3.898,108649
3.898,108649
3.898,108649
3.899,108649
3.899,108649
3.902,108649
3.902,108649
3.902,108649
3.902,108649
3.903,108649
3.903,108649
3.903,108649
3.905,108649
3.905,108649
3.906,108649
3.907,108649
3.908,108649
3.911,108649
3.911,108649
3.913,108649
3.913,108649
3.914,108649
3.914,108649
3.914,108649
3.918,108649
3.918,108649
3.92,108649
3.921,108649
3.922,108649
3.923,108649
3.926,108649
3.926,108649
3.928,108649
3.93,108649
3.934,108649
3.934,108649
3.937,108649
3.938,108649
3.939,108649
3.941,108649
3.942,108649
3.942,108649
3.944,108649
3.945,108649
3.946,108649
3.947,108649
3.948,108649
3.95,108649
3.95,108649
3.951,108649
3.951,108649
3.954,108649
3.955,108649
3.955,108649
3.957,108649
3.959,108649
3.96,108649
3.962,108649
3.963,108649
3.963,108649
3.963,108649
3.964,108649
3.965,108649
3.965,108649
3.965,108649
3.965,108649
3.968,108649
3.969,108649
3.972,108649
3.972,108649
3.973,108649
3.973,108649
3.974,108649
3.974,108649
3.975,108649
3.977,108649
3.979,108649
3.984,108649
3.986,108649
3.987,108649
3.987,108649
3.988,108649
3.989,108649
3.992,108649
3.993,108649
3.997,108649
3.998,108649
3.999,108649
4.002,108649
4.003,108649
4.003,108649
4.005,108649
4.006,108649
4.006,108649
4.007,108649
4.008,108649
4.013,108649
4.016,108649
4.018,108649
4.023,108649
4.025,108649
4.027,108649
4.033,108649
4.034,108649
4.034,108649
4.036,108649
4.039,108649
4.045,108649
4.048,108649
4.049,108649
4.05,108649
4.051,108649
4.051,108649
4.052,108649
4.057,108649
4.06,108649
4.061,108649
4.065,108649
4.065,108649
4.066,108649
4.067,108649
4.067,108649
4.072,108649
4.072,108649
4.072,108649
4.075,108649
4.075,108649
4.076,108649
4.077,108649
4.079,108649
4.082,108649
4.083,108649
4.088,108649
4.089,108649
4.092,108649
4.092,108649
4.094,108649
4.097,108649
4.1,108649
4.102,108649
4.102,108649
4.105,108649
4.106,108649
4.108,108649
4.108,108649
4.112,108649
4.114,108649
4.115,108649
4.115,108649
4.118,108649
4.119,108649
4.12,108649
4.123,108649
4.123,108649
4.125,108649
4.127,108649
4.128,108649
4.132,108649
4.132,108649
4.133,108649
4.133,108649
4.134,108649
4.134,108649
4.134,108649
4.135,108649
4.135,108649
4.137,108649
4.137,108649
4.139,108649
4.139,108649
4.14,108649
4.141,108649
4.142,108649
4.143,108649
4.143,108649
4.144,108649
4.146,108649
4.147,108649
4.148,108649
4.148,108649
4.149,108649
4.151,108649
4.153,108649
4.153,108649
4.155,108649
4.155,108649
4.161,108649
4.162,108649
4.163,108649
4.163,108649
4.163,108649
4.164,108649
4.166,108649
4.168,108649
4.17,108649
4.171,108649
4.171,108649
4.171,108649
4.173,108649
4.175,108649
4.176,108649
4.176,108649
4.178,108649
4.178,108649
4.179,108649
4.183,108649
4.186,108649
4.186,108649
4.187,108649
4.187,108649
4.188,108649
4.189,108649
4.19,108649
4.19,108649
4.193,108649
4.193,108649
4.196,108649
4.197,108649
4.198,108649
4.199,108649
4.199,108649
4.201,108649
4.204,108649
4.205,108649
4.208,108649
4.213,108649
4.213,108649
4.214,108649
4.215,108649
4.216,108649
4.219,108649
4.219,108649
4.22,108649
4.222,108649
4.222,108649
4.224,108649
4.225,108649
4.227,108649
4.227,108649
4.227,108649
4.23,108649
4.231,108649
4.238,108649
4.238,108649
4.238,108649
4.24,108649
4.241,108649
4.245,108649
4.246,108649
4.251,108649
4.253,108649
4.254,108649
4.257,108649
4.259,108649
4.259,108649
4.26,108649
4.261,108649
4.264,108649
4.265,108649
4.266,108649
4.266,108649
4.266,108649
4.267,108649
4.268,108649
4.271,108649
4.272,108649
4.272,108649
4.273,108649
4.273,108649
4.278,108649
4.279,108649
4.279,108649
4.282,108649
4.283,108649
4.284,108649
4.285,108649
4.288,108649
4.29,108649
4.291,108649
4.292,108649
4.293,108649
4.293,108649
4.293,108649
4.294,108649
4.296,108649
4.297,108649
4.297,108649
4.297,108649
4.3,108649
4.3,108649
4.301,108649
4.303,108649
4.303,108649
4.304,108649
4.306,108649
4.307,108649
4.308,108649
4.309,108649
4.312,108649
4.312,108649
4.313,108649
4.313,108649
4.315,108649
4.315,108649
4.316,108649
4.318,108649
4.318,108649
4.322,108649
4.324,108649
4.326,108649
4.326,108649
4.327,108649
4.328,108649
4.328,108649
4.33,108649
4.332,108649
4.332,108649
4.332,108649
4.336,108649
4.341,108649
4.341,108649
4.347,108649
4.348,108649
4.35,108649
4.351,108649
4.351,108649
4.354,108649
4.357,108649
4.358,108649
4.36,108649
4.365,108649
4.366,108649
4.366,108649
4.366,108649
4.373,108649
4.373,108649
4.373,108649
4.373,108649
4.374,108649
4.376,108649
4.377,108649
4.377,108649
4.38,108649
4.384,108649
4.384,108649
4.385,108649
4.386,108649
4.387,108649
4.389,108649
4.39,108649
4.39,108649
4.391,108649
4.392,108649
4.395,108649
4.395,108649
4.397,108649
4.398,108649
4.398,108649
4.398,108649
4.399,108649
4.4,108649
4.401,108649
4.402,108649
4.402,108649
4.406,108649
4.407,108649
4.409,108649
4.409,108649
4.411,108649
4.414,108649
4.416,108649
4.418,108649
4.418,108649
4.418,108649
4.42,108649
4.425,108649
4.426,108649
4.427,108649
4.427,108649
4.427,108649
4.428,108649
4.432,108649
4.434,108649
4.435,108649
4.437,108649
4.442,108649
4.444,108649
4.445,108649
4.446,108649
4.448,108649
4.448,108649
4.45,108649
4.452,108649
4.453,108649
4.456,108649
4.458,108649
4.459,108649
4.459,108649
4.46,108649
4.463,108649
4.463,108649
4.465,108649
4.468,108649
4.472,108649
4.473,108649
4.474,108649
4.474,108649
4.475,108649
4.476,108649
4.479,108649
4.48,108649
4.48,108649
4.48,108649
4.48,108649
4.481,108649
4.482,108649
4.482,108649
4.484,108649
4.485,108649
4.485,108649
4.488,108649
4.488,108649
4.49,108649
4.491,108649
4.493,108649
4.493,108649
4.495,108649
4.496,108649
4.496,108649
4.496,108649
4.498,108649
4.5,108649
4.504,108649
4.506,108649
4.506,108649
4.508,108649
4.508,108649
4.508,108649
4.509,108649
4.509,108649
4.511,108649
4.511,108649
4.516,108649
4.519,108649
4.519,108649
4.522,108649
4.522,108649
4.523,108649
4.528,108649
4.529,108649
4.53,108649
4.531,108649
4.531,108649
4.535,108649
4.536,108649
4.547,108649
4.547,108649
4.548,108649
4.551,108649
4.551,108649
4.552,108649
4.554,108649
4.556,108649
4.557,108649
4.557,108649
4.56,108649
4.56,108649
4.561,108649
4.563,108649
4.563,108649
4.563,108649
4.563,108649
4.564,108649
4.564,108649
4.565,108649
4.566,108649
4.571,108649
4.572,108649
4.58,108649
4.58,108649
4.581,108649
4.583,108649
4.584,108649
4.585,108649
4.585,108649
4.586,108649
4.587,108649
4.587,108649
4.587,108649
4.589,108649
4.59,108649
4.591,108649
4.591,108649
4.593,108649
4.596,108649
4.603,108649
4.603,108649
4.604,108649
4.605,108649
4.607,108649
4.611,108649
4.612,108649
4.612,108649
4.613,108649
4.615,108649
4.619,108649
4.623,108649
4.623,108649
4.624,108649
4.625,108649
4.625,108649
4.626,108649
4.63,108649
4.631,108649
4.631,108649
4.633,108649
4.633,108649
4.636,108649
4.639,108649
4.64,108649
4.642,108649
4.642,108649
4.646,108649
4.647,108649
4.649,108649
4.649,108649
4.649,108649
4.649,108649
4.65,108649
4.65,108649
4.651,108649
4.651,108649
4.653,108649
4.653,108649
4.653,108649
4.655,108649
4.656,108649
4.656,108649
4.657,108649
4.663,108649
4.665,108649
4.672,108649
4.674,108649
4.677,108649
4.681,108649
4.682,108649
4.683,108649
4.688,108649
4.688,108649
4.689,108649
4.691,108649
4.692,108649
4.695,108649
4.696,108649
4.696,108649
4.697,108649
4.698,108649
4.701,108649
4.702,108649
4.702,108649
4.704,108649
4.705,108649
4.706,108649
4.708,108649
4.718,108649
4.722,108649
4.723,108649
4.726,108649
4.726,108649
4.728,108649
4.729,108649
4.729,108649
4.729,108649
4.73,108649
4.731,108649
4.733,108649
4.733,108649
4.734,108649
4.737,108649
4.738,108649
4.738,108649
4.739,108649
4.74,108649
4.74,108649
4.744,108649
4.745,108649
4.745,108649
4.745,108649
4.75,108649
4.752,108649
4.752,108649
4.755,108649
4.756,108649
4.757,108649
4.757,108649
4.762,108649
4.762,108649
4.765,108649
4.767,108649
4.768,108649
4.768,108649
4.768,108649
4.769,108649
4.772,108649
4.775,108649
4.775,108649
4.777,108649
4.779,108649
4.781,108649
4.781,108649
4.781,108649
4.783,108649
4.786,108649
4.788,108649
4.788,108649
4.788,108649
4.789,108649
4.792,108649
4.796,108649
4.796,108649
4.797,108649
4.797,108649
4.798,108649
4.798,108649
4.803,108649
4.804,108649
4.804,108649
4.804,108649
4.805,108649
4.807,108649
4.807,108649
4.808,108649
4.808,108649
4.809,108649
4.811,108649
4.812,108649
4.814,108649
4.816,108649
4.816,108649
4.816,108649
4.817,108649
4.818,108649
4.819,108649
4.82,108649
4.822,108649
4.824,108649
4.825,108649
4.825,108649
4.828,108649
4.828,108649
4.828,108649
4.829,108649
4.829,108649
4.829,108649
4.832,108649
4.836,108649
4.836,108649
4.836,108649
4.838,108649
4.84,108649
4.841,108649
4.842,108649
4.844,108649
4.846,108649
4.846,108649
4.846,108649
4.85,108649
4.853,108649
4.854,108649
4.855,108649
4.856,108649
4.858,108649
4.859,108649
4.86,108649
4.861,108649
4.861,108649
4.862,108649
4.864,108649
4.864,108649
4.864,108649
4.867,108649
4.867,108649
4.871,108649
4.873,108649
4.873,108649
4.874,108649
4.875,108649
4.875,108649
4.875,108649
4.878,108649
4.879,108649
4.879,108649
4.88,108649
4.882,108649
4.883,108649
4.883,108649
4.885,108649
4.885,108649
4.886,108649
4.887,108649
4.89,108649
4.89,108649
4.892,108649
4.896,108649
4.899,108649
4.9,108649
4.902,108649
4.904,108649
4.914,108649
4.917,108649
4.924,108649
4.926,108649
4.927,108649
4.929,108649
4.931,108649
4.932,108649
4.933,108649
4.933,108649
4.934,108649
4.934,108649
4.934,108649
4.938,108649
4.938,108649
4.938,108649
4.941,108649
4.941,108649
4.945,108649
4.946,108649
4.947,108649
4.948,108649
4.95,108649
4.951,108649
4.951,108649
4.953,108649
4.954,108649
4.955,108649
4.955,108649
4.956,108649
4.957,108649
4.958,108649
4.959,108649
4.962,108649
4.962,108649
4.963,108649
4.967,108649
4.968,108649
4.97,108649
4.971,108649
4.972,108649
4.972,108649
4.973,108649
4.974,108649
4.975,108649
4.975,108649
4.975,108649
4.975,108649
4.975,108649
4.975,108649
4.977,108649
4.978,108649
4.98,108649
4.983,108649
4.983,108649
4.984,108649
4.985,108649
4.988,108649
4.991,108649
4.993,108649
4.993,108649
4.995,108649
4.995,108649
4.995,108649
4.999,108649
5,108649
5.002,108649
5.004,108649
5.004,108649
5.005,108649
5.005,108649
5.009,108649
5.013,108649
5.014,108649
5.014,108649
5.015,108649
5.017,108649
5.018,108649
5.021,108649
5.023,108649
5.023,108649
5.024,108649
5.025,108649
5.025,108649
5.026,108649
5.026,108649
5.026,108649
5.028,108649
5.029,108649
5.032,108649
5.032,108649
5.034,108649
5.035,108649
5.036,108649
5.045,108649
5.045,108649
5.046,108649
5.049,108649
5.052,108649
5.052,108649
5.053,108649
5.056,108649
5.056,108649
5.057,108649
5.058,108649
5.058,108649
5.059,108649
5.062,108649
5.063,108649
5.065,108649
5.065,108649
5.065,108649
5.065,108649
5.069,108649
5.069,108649
5.073,108649
5.077,108649
5.078,108649
5.081,108649
5.083,108649
5.083,108649
5.083,108649
5.083,108649
5.086,108649
5.088,108649
5.09,108649
5.091,108649
5.092,108649
5.092,108649
5.097,108649
5.098,108649
5.099,108649
5.1,108649
5.1,108649
5.104,108649
5.105,108649
5.105,108649
5.109,108649
5.112,108649
5.113,108649
5.114,108649
5.118,108649
5.119,108649
5.12,108649
5.122,108649
5.122,108649
5.122,108649
5.124,108649
5.132,108649
5.132,108649
5.134,108649
5.135,108649
5.135,108649
5.137,108649
5.144,108649
5.145,108649
5.148,108649
5.148,108649
5.149,108649
5.15,108649
5.151,108649
5.153,108649
5.155,108649
5.157,108649
5.161,108649
5.161,108649
5.161,108649
5.162,108649
5.169,108649
5.17,108649
5.171,108649
5.171,108649
5.173,108649
5.175,108649
5.175,108649
5.176,108649
5.177,108649
5.177,108649
5.179,108649
5.181,108649
5.182,108649
5.183,108649
5.185,108649
5.186,108649
5.189,108649
5.19,108649
5.191,108649
5.191,108649
5.193,108649
5.194,108649
5.194,108649
5.197,108649
5.2,108649
5.204,108649
5.205,108649
5.205,108649
5.206,108649
5.207,108649
5.207,108649
5.208,108649
5.212,108649
5.212,108649
5.213,108649
5.214,108649
5.215,108649
5.215,108649
5.217,108649
5.217,108649
5.217,108649
5.218,108649
5.221,108649
5.221,108649
5.224,108649
5.225,108649
5.227,108649
5.227,108649
5.229,108649
5.23,108649
5.232,108649
5.234,108649
5.237,108649
5.238,108649
5.238,108649
5.239,108649
5.239,108649
5.241,108649
5.241,108649
5.242,108649
5.245,108649
5.246,108649
5.246,108649
5.248,108649
5.248,108649
5.249,108649
5.25,108649
5.25,108649
5.251,108649
5.251,108649
5.252,108649
5.253,108649
5.254,108649
5.255,108649
5.258,108649
5.258,108649
5.259,108649
5.261,108649
5.261,108649
5.262,108649
5.265,108649
5.266,108649
5.27,108649
5.27,108649
5.276,108649
5.282,108649
5.282,108649
5.283,108649
5.285,108649
5.286,108649
5.286,108649
5.288,108649
5.289,108649
5.292,108649
5.293,108649
5.293,108649
5.295,108649
5.296,108649
5.296,108649
5.301,108649
5.301,108649
5.303,108649
5.304,108649
5.308,108649
5.308,108649
5.311,108649
5.313,108649
5.313,108649
5.319,108649
5.319,108649
5.321,108649
5.321,108649
5.323,108649
5.324,108649
5.324,108649
5.325,108649
5.325,108649
5.325,108649
5.325,108649
5.329,108649
5.332,108649
5.334,108649
5.334,108649
5.336,108649
5.336,108649
5.337,108649
5.337,108649
5.345,108649
5.345,108649
5.346,108649
5.346,108649
5.346,108649
5.346,108649
5.352,108649
5.355,108649
5.357,108649
5.358,108649
5.359,108649
5.36,108649
5.363,108649
5.365,108649
5.366,108649
5.366,108649
5.368,108649
5.37,108649
5.37,108649
5.371,108649
5.371,108649
5.373,108649
5.374,108649
5.374,108649
5.375,108649
5.379,108649
5.38,108649
5.383,108649
5.384,108649
5.386,108649
5.386,108649
5.39,108649
5.391,108649
5.392,108649
5.392,108649
5.394,108649
5.396,108649
5.396,108649
5.397,108649
5.398,108649
5.402,108649
5.403,108649
5.404,108649
5.404,108649
5.405,108649
5.405,108649
5.408,108649
5.41,108649
5.41,108649
5.411,108649
5.411,108649
5.411,108649
5.415,108649
5.417,108649
5.418,108649
5.42,108649
5.42,108649
5.423,108649
5.432,108649
5.434,108649
5.434,108649
5.437,108649
5.438,108649
5.439,108649
5.441,108649
5.442,108649
5.444,108649
5.445,108649
5.445,108649
5.446,108649
5.448,108649
5.449,108649
5.45,108649
5.452,108649
5.453,108649
5.453,108649
5.456,108649
5.457,108649
5.459,108649
5.462,108649
5.464,108649
5.466,108649
5.468,108649
5.468,108649
5.468,108649
5.469,108649
5.469,108649
5.469,108649
5.473,108649
5.476,108649
5.476,108649
5.477,108649
5.479,108649
5.479,108649
5.483,108649
5.484,108649
5.486,108649
5.487,108649
5.487,108649
5.488,108649
5.489,108649
5.498,108649
5.499,108649
5.5,108649
5.502,108649
5.505,108649
5.505,108649
5.508,108649
5.513,108649
5.513,108649
5.514,108649
5.515,108649
5.521,108649
5.521,108649
5.522,108649
5.524,108649
5.525,108649
5.526,108649
5.528,108649
5.529,108649
5.53,108649
5.533,108649
5.536,108649
5.537,108649
5.539,108649
5.54,108649
5.541,108649
5.542,108649
5.542,108649
5.542,108649
5.545,108649
5.546,108649
5.546,108649
5.547,108649
5.549,108649
5.553,108649
5.555,108649
5.555,108649
5.557,108649
5.558,108649
5.564,108649
5.565,108649
5.568,108649
5.568,108649
5.568,108649
5.569,108649
5.571,108649
5.572,108649
5.575,108649
5.576,108649
5.578,108649
5.578,108649
5.579,108649
5.58,108649
5.583,108649
5.583,108649
5.583,108649
5.584,108649
5.586,108649
5.587,108649
5.588,108649
5.589,108649
5.59,108649
5.591,108649
5.592,108649
5.592,108649
5.593,108649
5.593,108649
5.594,108649
5.598,108649
5.598,108649
5.599,108649
5.6,108649
5.6,108649
5.605,108649
5.606,108649
5.607,108649
5.607,108649
5.612,108649
5.613,108649
5.614,108649
5.614,108649
5.615,108649
5.616,108649
5.619,108649
5.621,108649
5.622,108649
5.626,108649
5.628,108649
5.628,108649
5.632,108649
5.633,108649
5.633,108649
5.634,108649
5.635,108649
5.637,108649
5.638,108649
5.641,108649
5.643,108649
5.644,108649
5.644,108649
5.646,108649
5.646,108649
5.646,108649
5.65,108649
5.65,108649
5.651,108649
5.652,108649
5.653,108649
5.653,108649
5.656,108649
5.656,108649
5.657,108649
5.659,108649
5.663,108649
5.663,108649
5.663,108649
5.663,108649
5.664,108649
5.665,108649
5.668,108649
5.668,108649
5.668,108649
5.668,108649
5.672,108649
5.672,108649
5.673,108649
5.673,108649
5.674,108649
5.678,108649
5.679,108649
5.681,108649
5.682,108649
5.683,108649
5.684,108649
5.685,108649
5.685,108649
5.685,108649
5.686,108649
5.687,108649
5.692,108649
5.693,108649
5.693,108649
5.696,108649
5.698,108649
5.702,108649
5.704,108649
5.705,108649
5.705,108649
5.707,108649
5.708,108649
5.71,108649
5.711,108649
5.713,108649
5.713,108649
5.715,108649
5.715,108649
5.715,108649
5.715,108649
5.715,108649
5.717,108649
5.718,108649
5.72,108649
5.723,108649
5.723,108649
5.724,108649
5.732,108649
5.734,108649
5.738,108649
5.739,108649
5.741,108649
5.742,108649
5.742,108649
5.742,108649
5.742,108649
5.743,108649
5.743,108649
5.744,108649
5.746,108649
5.747,108649
5.749,108649
5.75,108649
5.75,108649
5.752,108649
5.753,108649
5.754,108649
5.754,108649
5.754,108649
5.755,108649
5.756,108649
5.757,108649
5.76,108649
5.761,108649
5.761,108649
5.767,108649
5.77,108649
5.772,108649
5.775,108649
5.777,108649
5.777,108649
5.779,108649
5.779,108649
5.78,108649
5.781,108649
5.782,108649
5.784,108649
5.788,108649
5.789,108649
5.789,108649
5.79,108649
5.791,108649
5.792,108649
5.792,108649
5.792,108649
5.794,108649
5.795,108649
5.799,108649
5.8,108649
5.801,108649
5.801,108649
5.803,108649
5.804,108649
5.807,108649
5.808,108649
5.811,108649
5.811,108649
5.815,108649
5.815,108649
5.815,108649
5.816,108649
5.817,108649
5.818,108649
5.82,108649
5.821,108649
5.823,108649
5.823,108649
5.823,108649
5.823,108649
5.826,108649
5.83,108649
5.83,108649
5.831,108649
5.832,108649
5.832,108649
5.833,108649
5.833,108649
5.833,108649
5.834,108649
5.837,108649
5.837,108649
5.838,108649
5.839,108649
5.839,108649
5.84,108649
5.841,108649
5.842,108649
5.844,108649
5.844,108649
5.844,108649
5.846,108649
5.848,108649
5.849,108649
5.852,108649
5.853,108649
5.854,108649
5.855,108649
5.856,108649
5.857,108649
5.857,108649
5.859,108649
5.86,108649
5.866,108649
5.867,108649
5.869,108649
5.87,108649
5.871,108649
5.872,108649
5.875,108649
5.876,108649
5.877,108649
5.878,108649
5.881,108649
5.882,108649
5.882,108649
5.882,108649
5.883,108649
5.886,108649
5.891,108649
5.892,108649
5.892,108649
5.895,108649
5.896,108649
5.898,108649
5.9,108649
5.901,108649
5.903,108649
5.904,108649
5.905,108649
5.906,108649
5.907,108649
5.907,108649
5.908,108649
5.908,108649
5.909,108649
5.911,108649
5.912,108649
5.913,108649
5.913,108649
5.915,108649
5.916,108649
5.917,108649
5.918,108649
5.919,108649
5.919,108649
5.92,108649
5.92,108649
5.922,108649
5.924,108649
5.925,108649
5.926,108649
5.928,108649
5.93,108649
5.93,108649
5.932,108649
5.933,108649
5.933,108649
5.934,108649
5.937,108649
5.939,108649
5.942,108649
5.943,108649
5.943,108649
5.943,108649
5.943,108649
5.943,108649
5.946,108649
5.948,108649
5.948,108649
5.95,108649
5.956,108649
5.956,108649
5.96,108649
5.962,108649
5.963,108649
5.965,108649
5.966,108649
5.968,108649
5.969,108649
5.97,108649
5.97,108649
5.971,108649
5.975,108649
5.975,108649
5.976,108649
5.977,108649
5.978,108649
5.979,108649
5.982,108649
5.991,108649
5.993,108649
5.994,108649
5.995,108649
5.995,108649
5.997,108649
6,108649
6,108649
6.002,108649
6.003,108649
6.004,108649
6.005,108649
6.006,108649
6.006,108649
6.007,108649
6.008,108649
6.01,108649
6.011,108649
6.011,108649
6.012,108649
6.012,108649
6.012,108649
6.019,108649
6.021,108649
6.022,108649
6.024,108649
6.024,108649
6.031,108649
6.032,108649
6.033,108649
6.033,108649
6.034,108649
6.034,108649
6.034,108649
6.035,108649
6.035,108649
6.035,108649
6.038,108649
6.039,108649
6.043,108649
6.043,108649
6.044,108649
6.044,108649
6.045,108649
6.05,108649
6.051,108649
6.051,108649
6.054,108649
6.059,108649
6.059,108649
6.061,108649
6.062,108649
6.064,108649
6.065,108649
6.067,108649
6.068,108649
6.069,108649
6.07,108649
6.071,108649
6.072,108649
6.076,108649
6.079,108649
6.08,108649
6.085,108649
6.087,108649
6.088,108649
6.088,108649
6.088,108649
6.089,108649
6.09,108649
6.09,108649
6.092,108649
6.092,108649
6.092,108649
6.094,108649
6.097,108649
6.099,108649
6.099,108649
6.1,108649
6.104,108649
6.104,108649
6.104,108649
6.107,108649
6.11,108649
6.112,108649
6.116,108649
6.119,108649
6.124,108649
6.124,108649
6.129,108649
6.13,108649
6.13,108649
6.13,108649
6.13,108649
6.13,108649
6.132,108649
6.136,108649
6.136,108649
6.141,108649
6.142,108649
6.143,108649
6.146,108649
6.146,108649
6.148,108649
6.149,108649
6.149,108649
6.152,108649
6.152,108649
6.152,108649
6.152,108649
6.153,108649
6.154,108649
6.16,108649
6.162,108649
6.162,108649
6.163,108649
6.166,108649
6.169,108649
6.176,108649
6.177,108649
6.181,108649
6.183,108649
6.184,108649
6.184,108649
6.184,108649
6.185,108649
6.186,108649
6.189,108649
6.189,108649
6.19,108649
6.196,108649
6.198,108649
6.199,108649
6.199,108649
6.2,108649
6.201,108649
6.201,108649
6.202,108649
6.206,108649
6.207,108649
6.207,108649
6.213,108649
6.214,108649
6.215,108649
6.221,108649
6.222,108649
6.223,108649
6.225,108649
6.235,108649
6.236,108649
6.237,108649
6.238,108649
6.24,108649
6.242,108649
6.243,108649
6.245,108649
6.247,108649
6.248,108649
6.249,108649
6.25,108649
6.251,108649
6.252,108649
6.253,108649
6.255,108649
6.255,108649
6.257,108649
6.257,108649
6.257,108649
6.258,108649
6.259,108649
6.26,108649
6.262,108649
6.264,108649
6.265,108649
6.269,108649
6.272,108649
6.272,108649
6.273,108649
6.273,108649
6.274,108649
6.276,108649
6.278,108649
6.279,108649
6.28,108649
6.28,108649
6.281,108649
6.283,108649
6.284,108649
6.288,108649
6.293,108649
6.296,108649
6.297,108649
6.297,108649
6.298,108649
6.299,108649
6.299,108649
6.3,108649
6.303,108649
6.306,108649
6.307,108649
6.307,108649
6.308,108649
6.308,108649
6.308,108649
6.309,108649
6.313,108649
6.315,108649
6.319,108649
6.319,108649
6.322,108649
6.323,108649
6.323,108649
6.325,108649
6.325,108649
6.326,108649
6.329,108649
6.331,108649
6.333,108649
6.337,108649
6.337,108649
6.339,108649
6.342,108649
6.343,108649
6.346,108649
6.349,108649
6.35,108649
6.352,108649
6.355,108649
6.356,108649
6.357,108649
6.358,108649
6.359,108649
6.36,108649
6.361,108649
6.362,108649
6.364,108649
6.364,108649
6.365,108649
6.367,108649
6.368,108649
6.368,108649
6.368,108649
6.369,108649
6.372,108649
6.376,108649
6.376,108649
6.377,108649
6.377,108649
6.378,108649
6.379,108649
6.38,108649
6.38,108649
6.383,108649
6.383,108649
6.386,108649
6.39,108649
6.39,108649
6.391,108649
6.393,108649
6.394,108649
6.395,108649
6.398,108649
6.4,108649
6.4,108649
6.405,108649
6.406,108649
6.406,108649
6.406,108649
6.408,108649
6.408,108649
6.409,108649
6.409,108649
6.41,108649
6.41,108649
6.416,108649
6.416,108649
6.417,108649
6.418,108649
6.418,108649
6.418,108649
6.419,108649
6.419,108649
6.42,108649
6.42,108649
6.422,108649
6.425,108649
6.428,108649
6.429,108649
6.43,108649
6.43,108649
6.43,108649
6.431,108649
6.435,108649
6.437,108649
6.439,108649
6.441,108649
6.444,108649
6.445,108649
6.446,108649
6.446,108649
6.446,108649
6.448,108649
6.448,108649
6.449,108649
6.45,108649
6.451,108649
6.455,108649
6.456,108649
6.458,108649
6.458,108649
6.462,108649
6.466,108649
6.469,108649
6.471,108649
6.471,108649
6.474,108649
6.476,108649
6.478,108649
6.479,108649
6.48,108649
6.481,108649
6.481,108649
6.482,108649
6.488,108649
6.488,108649
6.491,108649
6.493,108649
6.493,108649
6.495,108649
6.497,108649
6.497,108649
6.499,108649
6.5,108649
6.5,108649
6.501,108649
6.502,108649
6.505,108649
6.505,108649
6.505,108649
6.505,108649
6.507,108649
6.512,108649
6.512,108649
6.514,108649
6.519,108649
6.519,108649
6.52,108649
6.52,108649
6.521,108649
6.522,108649
6.524,108649
6.525,108649
6.526,108649
6.526,108649
6.529,108649
6.53,108649
6.532,108649
6.533,108649
6.534,108649
6.539,108649
6.54,108649
6.544,108649
6.545,108649
6.545,108649
6.546,108649
6.547,108649
6.547,108649
6.548,108649
6.549,108649
6.552,108649
6.553,108649
6.556,108649
6.556,108649
6.556,108649
6.557,108649
6.557,108649
6.557,108649
6.561,108649
6.562,108649
6.563,108649
6.565,108649
6.566,108649
6.57,108649
6.573,108649
6.573,108649
6.573,108649
6.575,108649
6.578,108649
6.578,108649
6.579,108649
6.582,108649
6.582,108649
6.584,108649
6.585,108649
6.585,108649
6.586,108649
6.587,108649
6.588,108649
6.589,108649
6.59,108649
6.594,108649
6.594,108649
6.597,108649
6.598,108649
6.599,108649
6.603,108649
6.606,108649
6.606,108649
6.607,108649
6.608,108649
6.609,108649
6.61,108649
6.611,108649
6.614,108649
6.615,108649
6.615,108649
6.615,108649
6.616,108649
6.618,108649
6.619,108649
6.621,108649
6.621,108649
6.622,108649
6.622,108649
6.623,108649
6.624,108649
6.624,108649
6.627,108649
6.627,108649
6.629,108649
6.63,108649
6.631,108649
6.633,108649
6.633,108649
6.634,108649
6.634,108649
6.635,108649
6.636,108649
6.638,108649
6.638,108649
6.638,108649
6.638,108649
6.639,108649
6.642,108649
6.644,108649
6.645,108649
6.647,108649
6.648,108649
6.651,108649
6.654,108649
6.654,108649
6.659,108649
6.66,108649
6.663,108649
6.663,108649
6.665,108649
6.666,108649
6.668,108649
6.67,108649
6.67,108649
6.672,108649
6.673,108649
6.678,108649
6.679,108649
6.681,108649
6.681,108649
6.682,108649
6.687,108649
6.687,108649
6.689,108649
6.69,108649
6.69,108649
6.694,108649
6.695,108649
6.695,108649
6.697,108649
6.697,108649
6.698,108649
6.699,108649
6.705,108649
6.705,108649
6.705,108649
6.706,108649
6.708,108649
6.71,108649
6.711,108649
6.712,108649
6.713,108649
6.719,108649
6.722,108649
6.722,108649
6.724,108649
6.724,108649
6.725,108649
6.726,108649
6.726,108649
6.726,108649
6.726,108649
6.728,108649
6.728,108649
6.73,108649
6.732,108649
6.732,108649
6.733,108649
6.734,108649
6.735,108649
6.736,108649
6.74,108649
6.742,108649
6.744,108649
6.744,108649
6.746,108649
6.747,108649
6.748,108649
6.75,108649
6.75,108649
6.75,108649
6.75,108649
6.75,108649
6.751,108649
6.752,108649
6.755,108649
6.756,108649
6.756,108649
6.761,108649
6.766,108649
6.766,108649
6.769,108649
6.77,108649
6.771,108649
6.771,108649
6.771,108649
6.772,108649
6.776,108649
6.778,108649
6.778,108649
6.778,108649
6.779,108649
6.779,108649
6.779,108649
6.78,108649
6.782,108649
6.785,108649
6.787,108649
6.787,108649
6.788,108649
6.789,108649
6.79,108649
6.791,108649
6.794,108649
6.797,108649
6.799,108649
6.801,108649
6.802,108649
6.802,108649
6.806,108649
6.807,108649
6.812,108649
6.818,108649
6.82,108649
6.821,108649
6.822,108649
6.824,108649
6.826,108649
6.828,108649
6.829,108649
6.832,108649
6.833,108649
6.834,108649
6.835,108649
6.839,108649
6.841,108649
6.841,108649
6.843,108649
6.847,108649
6.851,108649
6.853,108649
6.855,108649
6.855,108649
6.858,108649
6.858,108649
6.859,108649
6.864,108649
6.867,108649
6.868,108649
6.868,108649
6.872,108649
6.874,108649
6.876,108649
6.877,108649
6.88,108649
6.882,108649
6.886,108649
6.888,108649
6.893,108649
6.893,108649
6.894,108649
6.895,108649
6.897,108649
6.897,108649
6.898,108649
6.898,108649
6.898,108649
6.899,108649
6.901,108649
6.904,108649
6.905,108649
6.907,108649
6.908,108649
6.908,108649
6.911,108649
6.912,108649
6.915,108649
6.916,108649
6.916,108649
6.916,108649
6.917,108649
6.918,108649
6.919,108649
6.92,108649
6.92,108649
6.921,108649
6.923,108649
6.924,108649
6.924,108649
6.926,108649
6.927,108649
6.929,108649
6.931,108649
6.934,108649
6.935,108649
6.935,108649
6.936,108649
6.937,108649
6.939,108649
6.941,108649
6.941,108649
6.943,108649
6.943,108649
6.946,108649
6.949,108649
6.949,108649
6.949,108649
6.95,108649
6.951,108649
6.954,108649
6.955,108649
6.958,108649
6.959,108649
6.96,108649
6.96,108649
6.961,108649
6.966,108649
6.967,108649
6.969,108649
6.969,108649
6.972,108649
6.972,108649
6.972,108649
6.973,108649
6.976,108649
6.976,108649
6.977,108649
6.978,108649
6.981,108649
6.982,108649
6.983,108649
6.984,108649
6.987,108649
6.987,108649
6.988,108649
6.988,108649
6.99,108649
6.992,108649
6.992,108649
6.992,108649
6.992,108649
6.993,108649
6.994,108649
6.995,108649
6.997,108649
6.999,108649
6.999,108649
7,108649
7,108649
7.003,108649
7.003,108649
7.003,108649
7.005,108649
7.008,108649
7.008,108649
7.009,108649
7.009,108649
7.012,108649
7.012,108649
7.013,108649
7.015,108649
7.016,108649
7.017,108649
7.018,108649
7.019,108649
7.019,108649
7.019,108649
7.02,108649
7.02,108649
7.023,108649
7.024,108649
7.025,108649
7.026,108649
7.027,108649
7.029,108649
7.03,108649
7.031,108649
7.033,108649
7.034,108649
7.037,108649
7.04,108649
7.041,108649
7.041,108649
7.041,108649
7.044,108649
7.044,108649
7.044,108649
7.045,108649
7.046,108649
7.047,108649
7.048,108649
7.048,108649
7.049,108649
7.052,108649
7.053,108649
7.055,108649
7.058,108649
7.061,108649
7.063,108649
7.064,108649
7.065,108649
7.068,108649
7.069,108649
7.07,108649
7.07,108649
7.071,108649
7.071,108649
7.071,108649
7.071,108649
7.073,108649
7.073,108649
7.074,108649
7.074,108649
7.078,108649
7.078,108649
7.079,108649
7.079,108649
7.08,108649
7.084,108649
7.085,108649
7.085,108649
7.085,108649
7.085,108649
7.093,108649
7.093,108649
7.095,108649
7.096,108649
7.097,108649
7.097,108649
7.098,108649
7.102,108649
7.103,108649
7.104,108649
7.105,108649
7.105,108649
7.106,108649
7.111,108649
7.111,108649
7.111,108649
7.111,108649
7.114,108649
7.114,108649
7.114,108649
7.115,108649
7.117,108649
7.119,108649
7.119,108649
7.124,108649
7.127,108649
7.127,108649
7.127,108649
7.128,108649
7.128,108649
7.129,108649
7.129,108649
7.131,108649
7.131,108649
7.132,108649
7.132,108649
7.134,108649
7.135,108649
7.135,108649
7.137,108649
7.143,108649
7.145,108649
7.146,108649
7.147,108649
7.15,108649
7.151,108649
7.151,108649
7.152,108649
7.153,108649
7.155,108649
7.156,108649
7.157,108649
7.158,108649
7.16,108649
7.162,108649
7.162,108649
7.165,108649
7.165,108649
7.166,108649
7.168,108649
7.169,108649
7.176,108649
7.177,108649
7.177,108649
7.184,108649
7.191,108649
7.192,108649
7.194,108649
7.194,108649
7.198,108649
7.2,108649
7.201,108649
7.201,108649
7.201,108649
7.202,108649
7.203,108649
7.204,108649
7.205,108649
7.206,108649
7.206,108649
7.207,108649
7.208,108649
7.209,108649
7.209,108649
7.21,108649
7.213,108649
7.214,108649
7.214,108649
7.215,108649
7.216,108649
7.216,108649
7.217,108649
7.217,108649
7.219,108649
7.219,108649
7.221,108649
7.221,108649
7.222,108649
7.226,108649
7.228,108649
7.229,108649
7.23,108649
7.23,108649
7.231,108649
7.231,108649
7.234,108649
7.235,108649
7.235,108649
7.237,108649
7.239,108649
7.239,108649
7.24,108649
7.241,108649
7.241,108649
7.243,108649
7.244,108649
7.245,108649
7.248,108649
7.248,108649
7.249,108649
7.25,108649
7.251,108649
7.254,108649
7.256,108649
7.26,108649
7.261,108649
7.262,108649
7.263,108649
7.264,108649
7.264,108649
7.266,108649
7.267,108649
7.269,108649
7.27,108649
7.274,108649
7.274,108649
7.275,108649
7.276,108649
7.277,108649
7.278,108649
7.278,108649
7.278,108649
7.279,108649
7.281,108649
7.281,108649
7.284,108649
7.284,108649
7.287,108649
7.289,108649
7.289,108649
7.29,108649
7.291,108649
7.293,108649
7.294,108649
7.294,108649
7.295,108649
7.299,108649
7.301,108649
7.302,108649
7.302,108649
7.307,108649
7.307,108649
7.308,108649
7.311,108649
7.312,108649
7.314,108649
7.315,108649
7.315,108649
7.318,108649
7.32,108649
7.321,108649
7.321,108649
7.321,108649
7.322,108649
7.323,108649
7.323,108649
7.328,108649
7.332,108649
7.332,108649
7.333,108649
7.334,108649
7.335,108649
7.335,108649
7.337,108649
7.343,108649
7.345,108649
7.348,108649
7.351,108649
7.353,108649
7.353,108649
7.354,108649
7.356,108649
7.356,108649
7.358,108649
7.358,108649
7.36,108649
7.36,108649
7.36,108649
7.364,108649
7.367,108649
7.367,108649
7.37,108649
7.371,108649
7.371,108649
7.374,108649
7.376,108649
7.377,108649
7.379,108649
7.379,108649
7.382,108649
7.384,108649
7.385,108649
7.387,108649
7.387,108649
7.387,108649
7.389,108649
7.389,108649
7.39,108649
7.391,108649
7.394,108649
7.396,108649
7.396,108649
7.396,108649
7.397,108649
7.398,108649
7.4,108649
7.401,108649
7.404,108649
7.406,108649
7.406,108649
7.413,108649
7.416,108649
7.417,108649
7.42,108649
7.42,108649
7.423,108649
7.425,108649
7.425,108649
7.427,108649
7.427,108649
7.428,108649
7.431,108649
7.433,108649
7.433,108649
7.435,108649
7.436,108649
7.436,108649
7.439,108649
7.439,108649
7.44,108649
7.442,108649
7.442,108649
7.445,108649
7.445,108649
7.445,108649
7.446,108649
7.446,108649
7.448,108649
7.45,108649
7.451,108649
7.451,108649
7.453,108649
7.455,108649
7.455,108649
7.46,108649
7.461,108649
7.462,108649
7.466,108649
7.466,108649
7.467,108649
7.47,108649
7.475,108649
7.477,108649
7.477,108649
7.477,108649
7.478,108649
7.48,108649
7.48,108649
7.481,108649
7.483,108649
7.486,108649
7.487,108649
7.487,108649
7.489,108649
7.491,108649
7.492,108649
7.493,108649
7.493,108649
7.495,108649
7.496,108649
7.497,108649
7.5,108649
7.5,108649
7.502,108649
7.503,108649
7.506,108649
7.506,108649
7.507,108649
7.507,108649
7.509,108649
7.509,108649
7.509,108649
7.513,108649
7.514,108649
7.516,108649
7.516,108649
7.516,108649
7.522,108649
7.523,108649
7.523,108649
7.523,108649
7.526,108649
7.526,108649
7.528,108649
7.528,108649
7.53,108649
7.538,108649
7.538,108649
7.538,108649
7.54,108649
7.542,108649
7.545,108649
7.548,108649
7.548,108649
7.551,108649
7.553,108649
7.558,108649
7.558,108649
7.559,108649
7.559,108649
7.562,108649
7.562,108649
7.562,108649
7.564,108649
7.565,108649
7.565,108649
7.568,108649
7.573,108649
7.575,108649
7.575,108649
7.576,108649
7.579,108649
7.581,108649
7.581,108649
7.581,108649
7.586,108649
7.586,108649
7.589,108649
7.59,108649
7.59,108649
7.591,108649
7.592,108649
7.593,108649
7.593,108649
7.594,108649
7.596,108649
7.596,108649
7.6,108649
7.601,108649
7.602,108649
7.603,108649
7.604,108649
7.604,108649
7.608,108649
7.61,108649
7.612,108649
7.612,108649
7.614,108649
7.616,108649
7.618,108649
7.619,108649
7.62,108649
7.621,108649
7.624,108649
7.626,108649
7.628,108649
7.631,108649
7.634,108649
7.635,108649
7.637,108649
7.639,108649
7.639,108649
7.64,108649
7.642,108649
7.646,108649
7.648,108649
7.649,108649
7.65,108649
7.652,108649
7.653,108649
7.655,108649
7.656,108649
7.657,108649
7.659,108649
7.66,108649
7.662,108649
7.666,108649
7.669,108649
7.67,108649
7.671,108649
7.673,108649
7.674,108649
7.678,108649
7.679,108649
7.679,108649
7.681,108649
7.681,108649
7.682,108649
7.683,108649
7.683,108649
7.686,108649
7.686,108649
7.687,108649
7.688,108649
7.688,108649
7.69,108649
7.696,108649
7.698,108649
7.698,108649
7.699,108649
7.704,108649
7.704,108649
7.706,108649
7.707,108649
7.71,108649
7.711,108649
7.711,108649
7.712,108649
7.714,108649
7.714,108649
7.716,108649
7.716,108649
7.716,108649
7.721,108649
7.721,108649
7.722,108649
7.722,108649
7.724,108649
7.726,108649
7.726,108649
7.728,108649
7.728,108649
7.729,108649
7.729,108649
7.73,108649
7.732,108649
7.733,108649
7.733,108649
7.734,108649
7.734,108649
7.735,108649
7.737,108649
7.739,108649
7.74,108649
7.74,108649
7.74,108649
7.74,108649
7.741,108649
7.741,108649
7.744,108649
7.744,108649
7.744,108649
7.744,108649
7.746,108649
7.747,108649
7.747,108649
7.749,108649
7.75,108649
7.75,108649
7.751,108649
7.751,108649
7.752,108649
7.755,108649
7.755,108649
7.758,108649
7.76,108649
7.761,108649
7.762,108649
7.762,108649
7.762,108649
7.763,108649
7.765,108649
7.765,108649
7.767,108649
7.769,108649
7.769,108649
7.771,108649
7.774,108649
7.774,108649
7.776,108649
7.779,108649
7.781,108649
7.782,108649
7.782,108649
7.785,108649
7.788,108649
7.788,108649
7.789,108649
7.791,108649
7.795,108649
7.795,108649
7.796,108649
7.797,108649
7.799,108649
7.799,108649
7.799,108649
7.805,108649
7.806,108649
7.809,108649
7.815,108649
7.818,108649
7.818,108649
7.823,108649
7.823,108649
7.828,108649
7.829,108649
7.831,108649
7.832,108649
7.833,108649
7.833,108649
7.834,108649
7.834,108649
7.835,108649
7.836,108649
7.836,108649
7.838,108649
7.838,108649
7.839,108649
7.84,108649
7.841,108649
7.842,108649
7.843,108649
7.845,108649
7.849,108649
7.85,108649
7.851,108649
7.853,108649
7.853,108649
7.855,108649
7.857,108649
7.862,108649
7.864,108649
7.865,108649
7.865,108649
7.869,108649
7.873,108649
7.874,108649
7.876,108649
7.877,108649
7.877,108649
7.88,108649
7.881,108649
7.882,108649
7.883,108649
7.885,108649
7.886,108649
7.887,108649
7.887,108649
7.888,108649
7.888,108649
7.89,108649
7.89,108649
7.891,108649
7.891,108649
7.894,108649
7.895,108649
7.901,108649
7.902,108649
7.903,108649
7.904,108649
7.905,108649
7.906,108649
7.917,108649
7.917,108649
7.919,108649
7.919,108649
7.92,108649
7.922,108649
7.922,108649
7.924,108649
7.924,108649
7.927,108649
7.928,108649
7.928,108649
7.929,108649
7.932,108649
7.934,108649
7.935,108649
7.936,108649
7.938,108649
7.939,108649
7.939,108649
7.941,108649
7.942,108649
7.944,108649
7.945,108649
7.946,108649
7.947,108649
7.949,108649
7.952,108649
7.953,108649
7.957,108649
7.958,108649
7.958,108649
7.958,108649
7.959,108649
7.961,108649
7.961,108649
7.962,108649
7.963,108649
7.963,108649
7.964,108649
7.965,108649
7.966,108649
7.967,108649
7.967,108649
7.967,108649
7.968,108649
7.969,108649
7.971,108649
7.971,108649
7.971,108649
7.974,108649
7.977,108649
7.977,108649
7.978,108649
7.98,108649
7.982,108649
7.982,108649
7.983,108649
7.985,108649
7.994,108649
7.994,108649
7.994,108649
7.995,108649
8,108649
8.002,108649
8.003,108649
8.004,108649
8.004,108649
8.007,108649
8.008,108649
8.008,108649
8.009,108649
8.009,108649
8.009,108649
8.01,108649
8.01,108649
8.013,108649
8.014,108649
8.015,108649
8.016,108649
8.017,108649
8.02,108649
8.02,108649
8.021,108649
8.022,108649
8.023,108649
8.024,108649
8.025,108649
8.025,108649
8.029,108649
8.03,108649
8.032,108649
8.033,108649
8.033,108649
8.035,108649
8.035,108649
8.036,108649
8.038,108649
8.039,108649
8.042,108649
8.042,108649
8.042,108649
8.045,108649
8.048,108649
8.051,108649
8.051,108649
8.053,108649
8.054,108649
8.055,108649
8.055,108649
8.056,108649
8.056,108649
8.056,108649
8.056,108649
8.058,108649
8.06,108649
8.061,108649
8.062,108649
8.062,108649
8.064,108649
8.065,108649
8.066,108649
8.069,108649
8.071,108649
8.071,108649
8.074,108649
8.075,108649
8.076,108649
8.076,108649
8.076,108649
8.077,108649
8.078,108649
8.079,108649
8.081,108649
8.084,108649
8.087,108649
8.088,108649
8.089,108649
8.091,108649
8.091,108649
8.092,108649
8.092,108649
8.093,108649
8.095,108649
8.095,108649
8.097,108649
8.103,108649
8.103,108649
8.105,108649
8.106,108649
8.106,108649
8.109,108649
8.11,108649
8.112,108649
8.115,108649
8.121,108649
8.126,108649
8.127,108649
8.128,108649
8.128,108649
8.129,108649
8.129,108649
8.13,108649
8.133,108649
8.133,108649
8.136,108649
8.137,108649
8.14,108649
8.142,108649
8.142,108649
8.143,108649
8.144,108649
8.145,108649
8.146,108649
8.147,108649
8.147,108649
8.147,108649
8.147,108649
8.149,108649
8.149,108649
8.15,108649
8.15,108649
8.153,108649
8.154,108649
8.155,108649
8.155,108649
8.156,108649
8.157,108649
8.162,108649
8.163,108649
8.165,108649
8.166,108649
8.169,108649
8.169,108649
8.171,108649
8.172,108649
8.173,108649
8.174,108649
8.175,108649
8.175,108649
8.176,108649
8.177,108649
8.177,108649
8.179,108649
8.182,108649
8.183,108649
8.185,108649
8.187,108649
8.188,108649
8.189,108649
8.19,108649
8.192,108649
8.194,108649
8.197,108649
8.199,108649
8.204,108649
8.204,108649
8.208,108649
8.212,108649
8.213,108649
8.216,108649
8.217,108649
8.217,108649
8.217,108649
8.219,108649
8.223,108649
8.224,108649
8.225,108649
8.226,108649
8.226,108649
8.228,108649
8.229,108649
8.23,108649
8.23,108649
8.232,108649
8.233,108649
8.234,108649
8.236,108649
8.239,108649
8.239,108649
8.241,108649
8.241,108649
8.243,108649
8.244,108649
8.244,108649
8.246,108649
8.249,108649
8.249,108649
8.251,108649
8.253,108649
8.258,108649
8.259,108649
8.264,108649
8.266,108649
8.266,108649
8.267,108649
8.267,108649
8.268,108649
8.27,108649
8.272,108649
8.28,108649
8.281,108649
8.281,108649
8.283,108649
8.284,108649
8.29,108649
8.29,108649
8.292,108649
8.293,108649
8.297,108649
8.298,108649
8.298,108649
8.299,108649
8.299,108649
8.299,108649
8.3,108649
8.301,108649
8.301,108649
8.301,108649
8.302,108649
8.302,108649
8.302,108649
8.304,108649
8.304,108649
8.305,108649
8.305,108649
8.306,108649
8.306,108649
8.307,108649
8.31,108649
8.311,108649
8.312,108649
8.312,108649
8.315,108649
8.318,108649
8.318,108649
8.322,108649
8.322,108649
8.324,108649
8.326,108649
8.327,108649
8.329,108649
8.33,108649
8.33,108649
8.33,108649
8.331,108649
8.331,108649
8.333,108649
8.334,108649
8.335,108649
8.335,108649
8.336,108649
8.336,108649
8.337,108649
8.337,108649
8.338,108649
8.338,108649
8.338,108649
8.338,108649
8.338,108649
8.342,108649
8.344,108649
8.347,108649
8.347,108649
8.348,108649
8.352,108649
8.353,108649
8.353,108649
8.355,108649
8.358,108649
8.361,108649
8.364,108649
8.365,108649
8.367,108649
8.368,108649
8.368,108649
8.378,108649
8.38,108649
8.381,108649
8.382,108649
8.382,108649
8.383,108649
8.385,108649
8.387,108649
8.388,108649
8.388,108649
8.391,108649
8.392,108649
8.395,108649
8.395,108649
8.396,108649
8.397,108649
8.399,108649
8.399,108649
8.401,108649
8.402,108649
8.411,108649
8.412,108649
8.412,108649
8.416,108649
8.417,108649
8.417,108649
8.422,108649
8.422,108649
8.425,108649
8.426,108649
8.429,108649
8.432,108649
8.432,108649
8.432,108649
8.434,108649
8.434,108649
8.439,108649
8.443,108649
8.444,108649
8.445,108649
8.448,108649
8.45,108649
8.451,108649
8.452,108649
8.455,108649
8.456,108649
8.456,108649
8.457,108649
8.457,108649
8.46,108649
8.461,108649
8.463,108649
8.463,108649
8.468,108649
8.468,108649
8.469,108649
8.473,108649
8.473,108649
8.474,108649
8.476,108649
8.477,108649
8.479,108649
8.481,108649
8.482,108649
8.482,108649
8.483,108649
8.484,108649
8.486,108649
8.489,108649
8.489,108649
8.49,108649
8.492,108649
8.492,108649
8.492,108649
8.496,108649
8.5,108649
8.501,108649
8.501,108649
8.503,108649
8.503,108649
8.504,108649
8.509,108649
8.513,108649
8.515,108649
8.516,108649
8.517,108649
8.518,108649
8.523,108649
8.525,108649
8.526,108649
8.527,108649
8.527,108649
8.528,108649
8.53,108649
8.532,108649
8.533,108649
8.533,108649
8.538,108649
8.539,108649
8.539,108649
8.541,108649
8.541,108649
8.543,108649
8.547,108649
8.55,108649
8.553,108649
8.553,108649
8.557,108649
8.558,108649
8.567,108649
8.568,108649
8.569,108649
8.569,108649
8.571,108649
8.571,108649
8.572,108649
8.572,108649
8.573,108649
8.574,108649
8.574,108649
8.577,108649
8.583,108649
8.585,108649
8.586,108649
8.587,108649
8.597,108649
8.603,108649
8.605,108649
8.606,108649
8.606,108649
8.607,108649
8.607,108649
8.608,108649
8.609,108649
8.61,108649
8.615,108649
8.615,108649
8.618,108649
8.619,108649
8.62,108649
8.621,108649
8.626,108649
8.629,108649
8.629,108649
8.63,108649
8.631,108649
8.633,108649
8.637,108649
8.638,108649
8.64,108649
8.64,108649
8.642,108649
8.646,108649
8.651,108649
8.652,108649
8.656,108649
8.658,108649
8.66,108649
8.661,108649
8.664,108649
8.666,108649
8.667,108649
8.668,108649
8.669,108649
8.67,108649
8.67,108649
8.672,108649
8.672,108649
8.673,108649
8.674,108649
8.674,108649
8.677,108649
8.677,108649
8.681,108649
8.684,108649
8.686,108649
8.686,108649
8.687,108649
8.689,108649
8.69,108649
8.691,108649
8.695,108649
8.697,108649
8.697,108649
8.7,108649
8.705,108649
8.705,108649
8.706,108649
8.708,108649
8.71,108649
8.711,108649
8.711,108649
8.712,108649
8.715,108649
8.717,108649
8.717,108649
8.717,108649
8.718,108649
8.72,108649
8.724,108649
8.725,108649
8.726,108649
8.727,108649
8.727,108649
8.729,108649
8.732,108649
8.733,108649
8.734,108649
8.734,108649
8.735,108649
8.737,108649
8.737,108649
8.741,108649
8.741,108649
8.743,108649
8.744,108649
8.745,108649
8.746,108649
8.747,108649
8.749,108649
8.75,108649
8.751,108649
8.752,108649
8.755,108649
8.755,108649
8.758,108649
8.759,108649
8.76,108649
8.76,108649
8.761,108649
8.761,108649
8.762,108649
8.762,108649
8.763,108649
8.763,108649
8.763,108649
8.763,108649
8.765,108649
8.765,108649
8.766,108649
8.767,108649
8.767,108649
8.774,108649
8.775,108649
8.777,108649
8.777,108649
8.779,108649
8.78,108649
8.781,108649
8.782,108649
8.785,108649
8.787,108649
8.788,108649
8.788,108649
8.788,108649
8.791,108649
8.791,108649
8.792,108649
8.801,108649
8.802,108649
8.802,108649
8.803,108649
8.804,108649
8.805,108649
8.806,108649
8.806,108649
8.807,108649
8.807,108649
8.807,108649
8.808,108649
8.811,108649
8.812,108649
8.812,108649
8.813,108649
8.816,108649
8.817,108649
8.817,108649
8.817,108649
8.818,108649
8.818,108649
8.821,108649
8.826,108649
8.827,108649
8.827,108649
8.827,108649
8.829,108649
8.835,108649
8.841,108649
8.841,108649
8.844,108649
8.848,108649
8.849,108649
8.854,108649
8.855,108649
8.861,108649
8.866,108649
8.866,108649
8.867,108649
8.867,108649
8.868,108649
8.868,108649
8.868,108649
8.869,108649
8.869,108649
8.87,108649
8.872,108649
8.872,108649
8.873,108649
8.874,108649
8.878,108649
8.879,108649
8.88,108649
8.88,108649
8.88,108649
8.881,108649
8.883,108649
8.883,108649
8.884,108649
8.885,108649
8.888,108649
8.888,108649
8.889,108649
8.89,108649
8.891,108649
8.891,108649
8.892,108649
8.893,108649
8.895,108649
8.895,108649
8.896,108649
8.898,108649
8.898,108649
8.898,108649
8.898,108649
8.902,108649
8.902,108649
8.903,108649
8.903,108649
8.905,108649
8.906,108649
8.906,108649
8.909,108649
8.909,108649
8.912,108649
8.914,108649
8.915,108649
8.916,108649
8.916,108649
8.917,108649
8.919,108649
8.92,108649
8.921,108649
8.921,108649
8.923,108649
8.925,108649
8.928,108649
8.928,108649
8.93,108649
8.93,108649
8.933,108649
8.936,108649
8.937,108649
8.937,108649
8.939,108649
8.939,108649
8.94,108649
8.941,108649
8.942,108649
8.944,108649
8.946,108649
8.949,108649
8.95,108649
8.952,108649
8.953,108649
8.953,108649
8.957,108649
8.958,108649
8.963,108649
8.965,108649
8.965,108649
8.966,108649
8.966,108649
8.967,108649
8.971,108649
8.974,108649
8.977,108649
8.978,108649
8.979,108649
8.979,108649
8.983,108649
8.984,108649
8.987,108649
8.987,108649
8.988,108649
8.989,108649
8.99,108649
8.991,108649
8.995,108649
8.995,108649
8.996,108649
8.998,108649
8.999,108649
8.999,108649
8.999,108649
9.001,108649
9.003,108649
9.005,108649
9.006,108649
9.006,108649
9.007,108649
9.008,108649
9.008,108649
9.008,108649
9.01,108649
9.011,108649
9.013,108649
9.013,108649
9.014,108649
9.015,108649
9.016,108649
9.018,108649
9.019,108649
9.021,108649
9.024,108649
9.025,108649
9.028,108649
9.029,108649
9.03,108649
9.031,108649
9.031,108649
9.032,108649
9.033,108649
9.039,108649
9.047,108649
9.048,108649
9.049,108649
9.049,108649
9.049,108649
9.051,108649
9.052,108649
9.053,108649
9.054,108649
9.055,108649
9.057,108649
9.058,108649
9.058,108649
9.06,108649
9.061,108649
9.062,108649
9.065,108649
9.065,108649
9.066,108649
9.069,108649
9.07,108649
9.07,108649
9.072,108649
9.072,108649
9.073,108649
9.074,108649
9.074,108649
9.078,108649
9.079,108649
9.079,108649
9.08,108649
9.08,108649
9.084,108649
9.085,108649
9.087,108649
9.087,108649
9.094,108649
9.094,108649
9.095,108649
9.095,108649
9.096,108649
9.097,108649
9.099,108649
9.099,108649
9.101,108649
9.102,108649
9.102,108649
9.103,108649
9.106,108649
9.111,108649
9.116,108649
9.117,108649
9.118,108649
9.119,108649
9.119,108649
9.12,108649
9.12,108649
9.12,108649
9.121,108649
9.121,108649
9.121,108649
9.122,108649
9.123,108649
9.125,108649
9.128,108649
9.129,108649
9.129,108649
9.13,108649
9.136,108649
9.136,108649
9.138,108649
9.141,108649
9.143,108649
9.143,108649
9.146,108649
9.15,108649
9.152,108649
9.152,108649
9.154,108649
9.154,108649
9.161,108649
9.162,108649
9.163,108649
9.164,108649
9.168,108649
9.17,108649
9.17,108649
9.172,108649
9.174,108649
9.175,108649
9.176,108649
9.177,108649
9.177,108649
9.178,108649
9.179,108649
9.184,108649
9.186,108649
9.189,108649
9.19,108649
9.191,108649
9.192,108649
9.192,108649
9.193,108649
9.193,108649
9.194,108649
9.195,108649
9.197,108649
9.197,108649
9.199,108649
9.199,108649
9.199,108649
9.2,108649
9.2,108649
9.202,108649
9.203,108649
9.204,108649
9.204,108649
9.208,108649
9.209,108649
9.212,108649
9.213,108649
9.214,108649
9.215,108649
9.217,108649
9.221,108649
9.224,108649
9.225,108649
9.226,108649
9.229,108649
9.229,108649
9.231,108649
9.232,108649
9.234,108649
9.236,108649
9.237,108649
9.238,108649
9.24,108649
9.245,108649
9.247,108649
9.247,108649
9.248,108649
9.25,108649
9.25,108649
9.251,108649
9.252,108649
9.254,108649
9.254,108649
9.255,108649
9.259,108649
9.259,108649
9.262,108649
9.265,108649
9.267,108649
9.268,108649
9.268,108649
9.273,108649
9.273,108649
9.276,108649
9.277,108649
9.278,108649
9.279,108649
9.279,108649
9.282,108649
9.284,108649
9.285,108649
9.285,108649
9.288,108649
9.29,108649
9.292,108649
9.292,108649
9.293,108649
9.294,108649
9.296,108649
9.296,108649
9.296,108649
9.298,108649
9.299,108649
9.3,108649
9.302,108649
9.302,108649
9.303,108649
9.303,108649
9.305,108649
9.307,108649
9.307,108649
9.309,108649
9.312,108649
9.312,108649
9.314,108649
9.314,108649
9.315,108649
9.32,108649
9.322,108649
9.322,108649
9.324,108649
9.334,108649
9.334,108649
9.336,108649
9.336,108649
9.339,108649
9.341,108649
9.341,108649
9.341,108649
9.343,108649
9.344,108649
9.345,108649
9.346,108649
9.347,108649
9.348,108649
9.35,108649
9.35,108649
9.35,108649
9.357,108649
9.357,108649
9.357,108649
9.357,108649
9.359,108649
9.362,108649
9.367,108649
9.367,108649
9.369,108649
9.37,108649
9.37,108649
9.372,108649
9.372,108649
9.373,108649
9.376,108649
9.377,108649
9.379,108649
9.38,108649
9.381,108649
9.381,108649
9.381,108649
9.389,108649
9.389,108649
9.394,108649
9.395,108649
9.397,108649
9.397,108649
9.399,108649
9.4,108649
9.401,108649
9.402,108649
9.403,108649
9.405,108649
9.406,108649
9.406,108649
9.407,108649
9.407,108649
9.407,108649
9.409,108649
9.41,108649
9.41,108649
9.41,108649
9.411,108649
9.413,108649
9.415,108649
9.418,108649
9.418,108649
9.418,108649
9.42,108649
9.422,108649
9.423,108649
9.426,108649
9.427,108649
9.428,108649
9.43,108649
9.43,108649
9.43,108649
9.431,108649
9.432,108649
9.432,108649
9.433,108649
9.438,108649
9.439,108649
9.44,108649
9.44,108649
9.441,108649
9.441,108649
9.442,108649
9.443,108649
9.445,108649
9.445,108649
9.445,108649
9.445,108649
9.448,108649
9.448,108649
9.448,108649
9.449,108649
9.45,108649
9.45,108649
9.453,108649
9.454,108649
9.455,108649
9.455,108649
9.457,108649
9.457,108649
9.459,108649
9.459,108649
9.46,108649
9.46,108649
9.461,108649
9.462,108649
9.462,108649
9.463,108649
9.465,108649
9.466,108649
9.472,108649
9.473,108649
9.476,108649
9.476,108649
9.476,108649
9.478,108649
9.48,108649
9.48,108649
9.482,108649
9.484,108649
9.485,108649
9.485,108649
9.486,108649
9.488,108649
9.489,108649
9.489,108649
9.49,108649
9.492,108649
9.492,108649
9.494,108649
9.494,108649
9.494,108649
9.497,108649
9.497,108649
9.498,108649
9.498,108649
9.499,108649
9.501,108649
9.501,108649
9.502,108649
9.504,108649
9.506,108649
9.508,108649
9.51,108649
9.511,108649
9.511,108649
9.513,108649
9.513,108649
9.514,108649
9.517,108649
9.52,108649
9.521,108649
9.522,108649
9.524,108649
9.526,108649
9.527,108649
9.527,108649
9.528,108649
9.529,108649
9.531,108649
9.536,108649
9.537,108649
9.544,108649
9.549,108649
9.549,108649
9.549,108649
9.55,108649
9.55,108649
9.551,108649
9.551,108649
9.552,108649
9.556,108649
9.559,108649
9.561,108649
9.562,108649
9.562,108649
9.563,108649
9.564,108649
9.565,108649
9.57,108649
9.57,108649
9.57,108649
9.57,108649
9.572,108649
9.573,108649
9.574,108649
9.574,108649
9.575,108649
9.58,108649
9.581,108649
9.581,108649
9.585,108649
9.589,108649
9.59,108649
9.59,108649
9.591,108649
9.597,108649
9.597,108649
9.599,108649
9.603,108649
9.607,108649
9.608,108649
9.609,108649
9.611,108649
9.613,108649
9.613,108649
9.619,108649
9.619,108649
9.62,108649
9.621,108649
9.621,108649
9.622,108649
9.623,108649
9.623,108649
9.623,108649
9.623,108649
9.623,108649
9.623,108649
9.624,108649
9.624,108649
9.624,108649
9.627,108649
9.628,108649
9.628,108649
9.63,108649
9.631,108649
9.632,108649
9.633,108649
9.635,108649
9.638,108649
9.639,108649
9.641,108649
9.644,108649
9.644,108649
9.648,108649
9.654,108649
9.655,108649
9.656,108649
9.657,108649
9.659,108649
9.659,108649
9.66,108649
9.662,108649
9.662,108649
9.665,108649
9.667,108649
9.67,108649
9.674,108649
9.674,108649
9.675,108649
9.675,108649
9.677,108649
9.678,108649
9.68,108649
9.681,108649
9.682,108649
9.682,108649
9.683,108649
9.685,108649
9.687,108649
9.687,108649
9.687,108649
9.691,108649
9.694,108649
9.697,108649
9.697,108649
9.698,108649
9.698,108649
9.7,108649
9.701,108649
9.702,108649
9.704,108649
9.705,108649
9.709,108649
9.711,108649
9.711,108649
9.712,108649
9.715,108649
9.718,108649
9.719,108649
9.719,108649
9.72,108649
9.72,108649
9.723,108649
9.727,108649
9.731,108649
9.731,108649
9.731,108649
9.734,108649
9.735,108649
9.735,108649
9.736,108649
9.737,108649
9.744,108649
9.744,108649
9.746,108649
9.747,108649
9.749,108649
9.754,108649
9.754,108649
9.758,108649
9.761,108649
9.763,108649
9.763,108649
9.763,108649
9.763,108649
9.767,108649
9.767,108649
9.773,108649
9.777,108649
9.778,108649
9.778,108649
9.779,108649
9.78,108649
9.781,108649
9.782,108649
9.782,108649
9.783,108649
9.786,108649
9.787,108649
9.789,108649
9.789,108649
9.79,108649
9.791,108649
9.799,108649
9.801,108649
9.802,108649
9.805,108649
9.805,108649
9.808,108649
9.808,108649
9.81,108649
9.811,108649
9.813,108649
9.815,108649
9.815,108649
9.817,108649
9.82,108649
9.82,108649
9.822,108649
9.823,108649
9.823,108649
9.824,108649
9.827,108649
9.828,108649
9.831,108649
9.832,108649
9.832,108649
9.834,108649
9.834,108649
9.839,108649
9.839,108649
9.84,108649
9.84,108649
9.842,108649
9.842,108649
9.845,108649
9.845,108649
9.846,108649
9.849,108649
9.851,108649
9.852,108649
9.853,108649
9.854,108649
9.854,108649
9.857,108649
9.863,108649
9.863,108649
9.868,108649
9.868,108649
9.869,108649
9.871,108649
9.871,108649
9.872,108649
9.873,108649
9.873,108649
9.874,108649
9.874,108649
9.876,108649
9.878,108649
9.879,108649
9.879,108649
9.881,108649
9.881,108649
9.882,108649
9.883,108649
9.884,108649
9.885,108649
9.886,108649
9.887,108649
9.888,108649
9.894,108649
9.894,108649
9.896,108649
9.899,108649
9.901,108649
9.902,108649
9.903,108649
9.91,108649
9.91,108649
9.912,108649
9.912,108649
9.914,108649
9.914,108649
9.915,108649
9.915,108649
9.916,108649
9.919,108649
9.919,108649
9.922,108649
9.922,108649
9.922,108649
9.924,108649
9.927,108649
9.929,108649
9.929,108649
9.931,108649
9.937,108649
9.94,108649
9.94,108649
9.941,108649
9.945,108649
9.945,108649
9.947,108649
9.948,108649
9.949,108649
9.949,108649
9.949,108649
9.952,108649
9.954,108649
9.954,108649
9.956,108649
9.959,108649
9.96,108649
9.962,108649
9.963,108649
9.966,108649
9.969,108649
9.971,108649
9.973,108649
9.973,108649
9.974,108649
9.974,108649
9.975,108649
9.979,108649
9.979,108649
9.98,108649
9.988,108649
9.991,108649
9.995,108649
9.995,108649
9.995,108649
9.995,108649
9.996,108649
9.997,108649
9.998,108649
10.004,108649
10.007,108649
10.011,108649
