0.000000,118687
0.000000,118653
0.000000,118490
0.000000,116877
0.000000,116678
0.000000,116457
0.000000,116069
0.000000,114595
0.000000,114243
0.000000,113467
0.000000,113222
0.000000,112739
0.000000,111095
0.020000,110842
0.020000,110051
0.020000,109767
0.020000,109510
0.020000,109113
0.020000,108728
0.020000,108723
0.020000,108138
0.020000,107917
0.020000,107837
0.020000,106646
0.020000,105531
0.020000,105529
0.020000,105329
0.110000,104880
0.130000,104818
0.491000,104246
0.491000,103697
0.491000,102969
0.491000,102642
0.491000,102536
0.491000,102502
0.491000,102389
3.789000,102264
4.560000,102200
4.560000,102147
5.110000,102126
8.534000,102108
31.255000,101989
31.255000,101926
31.255000,101736
244.393000,101649
287.591000,101645
287.591000,101553
524.838000,101514
