0.000000,2145994
0.000000,2141371
0.000000,2139755
0.000000,2094641
0.000000,2092634
0.000000,2070268
0.000000,2010894
0.000000,2005368
0.000000,1994871
0.000000,1984108
0.000000,1931019
0.000000,1919672
0.000000,1724212
0.000000,1721055
0.000000,1705729
0.000000,1681716
0.000000,1651129
0.000000,1647285
0.010000,1635862
0.040000,1624537
0.040000,1609549
0.040000,1606326
0.040000,1602804
0.110000,1602521
0.191000,1589632
0.191000,1588496
0.191000,1583789
0.191000,1577784
0.991000,1563021
73.628000,1562216
73.628000,1555060
