0.000000,1843532
0.000000,1836063
0.000000,1831952
0.000000,1780635
0.000000,1775908
0.000000,1771346
0.000000,1740665
0.000000,1728811
0.000000,1726804
0.000000,1726356
0.000000,1720200
0.000000,1689445
0.000000,1677968
0.000000,1672114
0.000000,1671833
0.000000,1669274
0.000000,1637393
0.000000,1626484
0.000000,1625792
0.000000,1615069
0.000000,1613655
0.000000,1611638
0.000000,1611055
0.000000,1606439
0.030000,1598034
0.130000,1587874
0.130000,1584111
0.130000,1573989
0.541000,1568627
1.731000,1563021
26.175000,1562118
68.178000,1561244
68.178000,1559509
68.178000,1555060
