0.000000,2108042
0.000000,2062929
0.000000,2040562
0.000000,2034480
0.000000,2034032
0.000000,2023535
0.000000,1964162
0.000000,1953398
0.000000,1952109
0.000000,1951764
0.000000,1914349
0.000000,1914068
0.010000,1905411
0.010000,1677825
0.010000,1662499
0.010000,1662429
0.040000,1653656
0.040000,1644181
0.040000,1641855
0.040000,1638550
0.040000,1626921
0.040000,1625507
0.040000,1613555
0.070000,1606208
0.110000,1601283
0.110000,1584096
0.120000,1583724
0.120000,1579109
0.120000,1578736
1.323000,1574270
1.323000,1573989
1.695000,1573744
1.695000,1563021
10.234000,1562216
10.234000,1555060
