0.000000,2022069
0.000000,2014595
0.000000,2013129
0.000000,2004019
0.000000,1986417
0.000000,1986231
0.000000,1984868
0.000000,1974577
0.000000,1965482
0.000000,1930673
0.000000,1921272
0.000000,1920800
0.000000,1907415
0.000000,1898866
0.000000,1896859
0.000000,1894456
0.000000,1840679
0.000000,1771255
0.000000,1754740
0.010000,1754292
0.010000,1752437
0.010000,1752156
0.010000,1729440
0.010000,1727968
0.010000,1718084
0.010000,1716077
0.010000,1709338
0.010000,1703158
0.010000,1690787
0.010000,1687266
0.020000,1685103
0.020000,1671002
0.020000,1666288
0.020000,1652961
0.020000,1639255
0.020000,1635493
0.020000,1625370
0.060000,1624541
0.060000,1624132
0.060000,1620636
0.112000,1619870
0.132000,1618128
0.132000,1606976
0.172000,1602346
0.172000,1600656
0.172000,1599965
0.172000,1599054
0.172000,1598183
0.172000,1593029
0.172000,1592476
0.172000,1588226
0.172000,1583476
0.172000,1582558
0.172000,1580600
0.172000,1577104
0.863000,1566574
4.441000,1566519
9.186000,1564827
11.138000,1563021
17.024000,1561122
55.088000,1559516
73.837000,1558107
318.947000,1555060
