0.010000,2233653
0.010000,2216051
0.010000,2211428
0.010000,2163251
0.010000,2146665
0.010000,2141884
0.010000,1988876
0.010000,1969104
0.010000,1935399
0.010000,1915989
0.010000,1840180
0.010000,1838629
0.010000,1759446
0.010000,1753097
0.010000,1747943
0.010000,1729092
0.010000,1727475
0.010000,1727256
0.010000,1726513
0.010000,1724541
0.010000,1724233
0.010000,1723091
0.010000,1719120
0.010000,1717075
0.010000,1709164
0.010000,1708365
0.010000,1707258
0.010000,1706810
0.010000,1706529
0.010000,1702456
0.010000,1650162
0.010000,1646640
0.010000,1645897
0.020000,1641094
0.020000,1627315
0.020000,1620795
0.020000,1613535
0.020000,1602627
0.020000,1595447
0.020000,1590242
0.020000,1576397
0.020000,1574270
0.020000,1573989
0.631000,1571048
8.756000,1569793
9.486000,1569533
11.308000,1563014
11.308000,1558565
54.092000,1557618
62.731000,1555060
