0.001000,2047680
0.001000,2043057
0.001000,2029951
0.001000,1988712
0.002000,1909529
0.002000,1861801
0.002000,1820747
0.002000,1818469
0.002000,1796103
0.002000,1793295
0.003000,1792656
0.003000,1785400
0.003000,1779389
0.011000,1779292
0.011000,1769408
0.012000,1769127
0.012000,1760470
0.012000,1729883
0.012000,1668814
0.012000,1661474
0.012000,1657571
0.012000,1643880
0.013000,1643133
0.013000,1640589
0.013000,1628559
0.027000,1626188
0.027000,1611278
0.027000,1583005
0.378000,1573814
0.923000,1565028
2.636000,1558565
105.865000,1558107
516.650000,1555060
