0.000000,1947440
0.000000,1945433
0.000000,1942564
0.000000,1903514
0.000000,1899772
0.000000,1897213
0.000000,1880698
0.000000,1855847
0.000000,1836052
0.000000,1824020
0.000000,1823571
0.000000,1823291
0.000000,1812567
0.000000,1789851
0.000000,1734136
0.000000,1732143
0.000000,1724692
0.000000,1715227
0.000000,1701285
0.000000,1698102
0.000000,1661216
0.000000,1645891
0.030000,1640726
0.030000,1637543
0.030000,1625592
0.040000,1622188
0.040000,1619988
0.040000,1600629
0.040000,1596153
0.040000,1585430
0.040000,1582491
0.040000,1580431
0.341000,1577796
1.305000,1568709
2.298000,1562857
2.298000,1562216
35.963000,1558565
52.219000,1555060
