0.000000,1875004
0.000000,1873715
0.000000,1868987
0.000000,1862830
0.000000,1860823
0.000000,1826014
0.000000,1764945
0.000000,1764497
0.000000,1747981
0.000000,1736127
0.000000,1712752
0.000000,1688236
0.000000,1657482
0.000000,1646759
0.000000,1646415
0.000000,1637758
0.000000,1635115
0.000000,1610391
0.000000,1592399
0.000000,1586438
0.000000,1585568
0.000000,1581317
0.000000,1577954
0.000000,1574654
0.000000,1574281
0.331000,1573188
0.331000,1573096
0.331000,1572043
4.600000,1566574
6.422000,1564254
9.915000,1563021
34.051000,1555060
