0.000000,2157648
0.000000,2157200
0.000000,2155193
0.000000,2153172
0.010000,2136657
0.010000,2131440
0.010000,2123316
0.010000,2048067
0.010000,2026775
0.010000,2013504
0.010000,2002781
0.010000,2000321
0.010000,1975598
0.010000,1974392
0.010000,1958841
0.010000,1910378
0.010000,1906284
0.010000,1906003
0.010000,1846922
0.010000,1821745
0.010000,1811984
0.010000,1754958
0.010000,1754751
0.010000,1642971
0.010000,1642890
0.010000,1632317
0.020000,1619230
0.020000,1614075
0.020000,1612068
0.020000,1607818
0.020000,1604331
0.020000,1603099
0.020000,1602550
0.020000,1601924
0.030000,1601654
0.030000,1601645
0.030000,1600735
0.030000,1598702
0.030000,1596507
0.030000,1590210
0.030000,1588646
0.030000,1580686
0.260000,1578208
0.991000,1577784
2.862000,1575279
2.862000,1573086
4.374000,1571131
5.585000,1570991
5.585000,1569204
5.585000,1566884
5.585000,1563021
12.202000,1561122
32.342000,1558565
34.384000,1558107
270.109000,1555060
