0.010000,2058806
0.010000,2052226
0.010000,1973043
0.010000,1947036
0.010000,1934162
0.010000,1928856
0.010000,1923676
0.010000,1921669
0.010000,1917575
0.010000,1908528
0.010000,1885812
0.010000,1836483
0.010000,1835108
0.010000,1765213
0.010000,1717726
0.010000,1693900
0.010000,1692484
0.010000,1691012
0.010000,1660425
0.010000,1657866
0.010000,1656076
0.010000,1654069
0.010000,1622188
0.010000,1611465
0.010000,1609265
0.020000,1589906
0.020000,1585430
0.020000,1582491
0.020000,1580431
0.521000,1572090
1.803000,1563021
17.860000,1562216
50.411000,1561122
86.968000,1558565
130.447000,1557464
130.447000,1555060
