0.155000,841959
0.158000,840015
0.160000,829779
0.170000,828667
0.175000,825206
0.178000,825184
0.181000,823952
0.183000,816934
0.186000,816305
0.234000,815618
0.240000,815054
0.247000,814543
0.249000,814271
0.251000,813886
0.253000,811523
0.257000,811312
0.259000,811218
0.261000,811071
0.264000,809908
0.268000,806767
0.276000,806213
0.285000,804119
0.288000,804034
0.306000,803848
0.308000,803212
0.311000,793912
0.313000,792542
0.316000,792462
0.318000,792436
0.320000,792043
0.589000,791856
0.591000,791253
0.594000,788765
0.596000,787685
0.599000,787077
0.601000,786853
0.602000,781724
0.604000,781454
0.607000,777835
0.608000,776301
0.610000,775696
0.615000,775355
0.826000,751782
0.829000,751168
0.831000,747224
0.835000,746920
0.837000,744102
1.057000,743627
1.058000,742971
1.061000,742557
1.243000,740890
1.245000,739501
1.248000,739484
1.249000,738930
1.252000,738829
1.254000,738606
1.256000,738091
1.259000,737418
1.262000,737277
1.266000,732981
2.084000,732876
2.086000,732484
2.088000,731181
2.092000,730800
3.759000,727766
3.761000,725681
3.762000,725154
3.764000,723991
3.766000,722766
3.964000,721316
3.966000,720650
3.967000,720623
3.969000,720565
3.971000,718621
3.972000,718589
3.973000,718570
3.975000,718261
3.977000,717720
6.811000,716821
6.813000,716675
6.814000,716650
6.816000,716497
6.818000,716231
6.819000,714901
6.822000,714889
6.825000,714790
6.826000,714772
6.828000,714144
6.829000,713393
6.831000,713208
6.833000,712985
6.835000,712887
6.837000,712536
14.163000,712172
14.165000,712152
14.166000,711909
14.168000,709301
14.169000,699542
14.171000,698566
14.172000,698153
14.174000,697892
14.175000,697845
14.177000,697756
14.179000,697596
14.181000,697452
14.183000,696740
14.185000,696060
14.187000,695999
139.237000,694829
139.238000,693918
139.240000,693537
570.072000,692784
