0.112000,833006
0.115000,832835
0.117000,832813
0.119000,832613
0.122000,832566
0.124000,831879
0.126000,831381
0.131000,829561
0.135000,828863
0.139000,828591
0.156000,828540
0.162000,827867
0.164000,824595
0.167000,823845
0.170000,814463
0.172000,814357
0.174000,814267
0.175000,814222
0.177000,812954
0.180000,809493
0.181000,807845
0.183000,806878
0.184000,804758
0.187000,803401
0.188000,802979
0.190000,801657
0.192000,801324
0.194000,794300
0.196000,794114
0.198000,793763
0.201000,793209
0.708000,792765
0.713000,790632
0.719000,787491
0.721000,785800
0.722000,785628
0.724000,785497
0.730000,785405
0.733000,781582
0.735000,780739
0.738000,780577
0.740000,778823
0.742000,777668
0.743000,777650
0.925000,777367
0.927000,776932
0.930000,776075
0.932000,773981
0.935000,773963
0.938000,770311
0.940000,769624
0.942000,769185
0.945000,768811
0.947000,768589
0.950000,767322
0.952000,766447
0.956000,766179
0.958000,765979
0.961000,765675
0.963000,764588
0.965000,761770
0.967000,760803
0.969000,760713
0.971000,760676
0.973000,760527
0.975000,760129
1.171000,753949
1.174000,747828
1.178000,745734
1.179000,745627
1.182000,744665
1.184000,734172
1.187000,734082
1.190000,732171
1.193000,731483
1.195000,731261
1.198000,728513
2.272000,725985
7.771000,725341
7.773000,724891
7.775000,724446
7.778000,724439
7.780000,724410
7.783000,722595
7.785000,722258
7.788000,721584
7.790000,721493
7.793000,721354
7.975000,721333
7.977000,720108
17.608000,717491
22.978000,716615
22.979000,715643
25.890000,715623
25.891000,714882
25.893000,714280
25.895000,713539
25.897000,713357
63.965000,713120
