0.149000,785872
0.151000,784548
0.153000,782455
0.155000,781291
0.158000,781092
0.160000,780646
0.162000,780295
0.164000,779406
0.166000,775895
0.168000,773861
0.170000,773590
0.172000,773264
0.404000,772305
0.407000,772203
0.409000,770459
0.411000,769354
0.415000,767519
0.418000,765783
0.419000,765400
0.421000,764523
0.424000,764357
0.425000,763503
0.427000,762816
0.430000,761480
0.433000,760406
0.435000,760359
0.436000,759948
0.438000,759635
0.440000,759344
0.444000,757589
0.446000,757277
0.448000,757269
0.452000,757240
1.123000,755757
1.125000,753907
1.127000,751684
1.129000,751623
1.136000,751604
1.138000,751234
1.140000,751127
1.142000,749491
1.144000,749150
1.146000,749122
1.147000,749063
1.149000,748973
1.151000,748833
1.156000,748440
1.160000,746317
1.165000,745644
1.167000,745554
1.170000,744587
1.172000,744446
1.174000,744417
1.176000,743694
1.179000,743220
1.180000,742198
1.618000,741714
1.621000,740983
1.624000,740906
1.627000,739225
4.702000,739009
4.704000,738781
4.706000,737046
4.708000,735552
4.710000,734658
4.712000,734646
4.714000,734542
4.717000,734187
4.917000,731196
4.919000,730697
4.920000,729885
9.832000,729388
9.834000,728019
9.835000,727144
9.837000,727056
9.838000,725153
16.066000,718420
16.069000,716678
16.070000,714933
16.073000,712247
16.075000,712225
16.076000,711736
16.078000,711200
16.080000,711042
16.082000,705973
16.084000,705800
16.086000,702829
36.880000,700737
36.883000,700503
36.886000,699379
36.888000,699066
36.890000,699041
36.892000,698876
36.894000,698166
36.896000,698158
47.785000,696931
47.786000,696918
47.788000,696758
47.789000,696071
47.791000,695714
47.793000,695146
114.368000,694730
114.370000,694050
114.372000,693989
114.374000,693980
114.377000,693967
114.379000,693515
326.131000,692192
326.133000,691795
