0.344000,839334
0.361000,839180
0.368000,838417
0.373000,838252
0.377000,837087
0.383000,836399
0.386000,835846
0.388000,835381
0.390000,835313
0.392000,834833
0.392000,834815
0.392000,834623
0.392000,834602
0.392000,825061
0.402000,824616
0.402000,796724
0.402000,794024
0.402000,793566
0.412000,793271
0.412000,793049
0.412000,792685
0.412000,792194
0.422000,791980
0.422000,790875
0.422000,789657
0.422000,789264
0.432000,787170
0.434000,786096
0.436000,785282
0.439000,783371
0.443000,783305
0.446000,780068
0.447000,779762
0.450000,779415
0.452000,776667
0.454000,775436
0.457000,775255
0.460000,774477
0.462000,772199
0.466000,772092
0.469000,772002
0.471000,771036
0.787000,769533
1.319000,768644
1.321000,767685
1.324000,767353
1.326000,767185
1.329000,766831
1.331000,766721
1.334000,765864
1.336000,765560
1.344000,765338
1.348000,762470
1.359000,755192
1.361000,753294
1.365000,752650
1.369000,752287
1.938000,751388
1.941000,750773
1.944000,748459
2.347000,730271
2.358000,730258
2.361000,728507
2.363000,728491
2.365000,728381
2.374000,727663
2.382000,727403
2.393000,726095
2.393000,725849
2.393000,723843
4.961000,722799
4.964000,722308
4.965000,720997
27.828000,716303
27.828000,714992
27.828000,714839
27.828000,713610
27.838000,712643
27.838000,712556
27.838000,712137
27.838000,710385
27.838000,707159
27.838000,707065
151.038000,707010
151.038000,705213
153.594000,702725
153.594000,702614
153.594000,702607
153.594000,702312
153.594000,702237
153.594000,702161
153.604000,702138
153.604000,702062
153.604000,701747
153.604000,699172
153.614000,698554
153.614000,698289
186.429000,697900
186.429000,697805
186.429000,697709
186.429000,697517
186.429000,697497
186.439000,695688
228.857000,692217
228.857000,692162
228.857000,691747
228.867000,689629
