0.030000,826783
0.030000,826683
0.030000,826662
0.030000,825974
0.040000,825174
0.040000,823080
0.040000,821625
0.040000,813542
0.040000,813518
0.040000,812794
0.040000,812776
0.040000,783659
0.040000,783612
0.040000,775196
0.040000,774643
0.040000,773208
0.040000,772229
0.050000,771709
0.060000,771238
0.060000,770968
0.060000,769328
0.060000,769034
0.060000,768848
0.060000,767178
0.060000,766869
0.060000,764179
0.060000,764170
0.060000,764053
0.060000,763705
0.060000,751502
0.060000,751280
0.060000,751124
0.060000,751061
0.070000,747502
0.071000,745838
0.071000,745000
0.071000,744934
0.131000,744623
0.131000,744158
0.131000,743783
0.131000,743011
0.251000,742805
0.251000,741957
0.261000,741036
0.261000,740551
0.261000,740332
0.261000,740157
0.261000,740081
0.611000,738169
0.611000,736917
0.621000,736718
0.621000,733898
0.621000,733134
0.621000,732649
0.621000,730630
0.621000,730620
0.621000,730607
0.621000,730156
0.631000,730138
0.631000,729916
0.631000,729629
0.631000,729368
0.631000,726494
2.147000,725464
2.147000,718187
2.147000,718035
2.937000,716864
2.937000,716780
2.937000,716516
2.937000,715963
2.937000,715944
2.937000,714638
2.937000,714488
8.683000,714308
8.683000,714079
8.683000,713958
8.683000,713746
8.683000,712192
8.683000,709787
8.683000,706966
8.683000,706544
11.416000,705684
11.416000,704953
11.416000,704731
11.416000,704195
20.136000,704179
20.136000,697835
20.136000,697438
20.136000,697129
20.136000,696306
20.136000,695841
20.136000,695039
20.146000,693696
20.146000,690507
