0.025,6990149
0.025,6990149
0.026,6964025
0.026,6946712
0.026,6946629
0.026,6937855
0.026,6937312
0.026,6937312
0.027,6952478
0.027,6940542
0.027,6938472
0.027,6849372
0.027,6807715
0.028,6796168
0.028,6793955
0.028,6781163
0.028,6776646
0.028,6773137
0.029,6772557
0.029,6771713
0.029,6765777
0.029,6760975
0.029,6704262
0.029,6700605
0.03,6695088
0.03,6667328
0.03,6663081
0.03,6620965
0.03,6618466
0.031,6617617
0.031,6614415
0.031,6614354
0.032,6612671
0.032,6593934
0.032,6576626
0.033,6508370
0.033,6499813
0.033,6485415
0.033,6483142
0.033,6482233
0.034,6479232
0.034,6479190
0.034,6472455
0.034,6411899
0.035,6336481
0.035,6301762
0.035,6285981
0.035,6283873
0.036,6280151
0.036,6273385
0.036,6243865
0.036,6228619
0.036,6219023
0.036,6217490
0.037,6200882
0.038,6178449
0.038,6175958
0.038,6166046
0.038,6161656
0.039,6158478
0.039,6101004
0.039,6101004
0.039,6073678
0.039,6059752
0.04,6014040
0.04,5995658
0.041,5982873
0.041,5982036
0.041,5979208
0.041,5972120
0.042,5957023
0.042,5953645
0.043,5932930
0.043,5923880
0.043,5923880
0.044,5923780
0.044,5919359
0.045,5915601
0.045,5914834
0.045,5914626
0.046,5913544
0.046,5913544
0.046,5912283
0.046,5908173
0.046,5903610
0.046,5900434
0.048,5887040
0.048,5887040
0.049,5882186
0.049,5880746
0.049,5876915
0.049,5869398
0.049,5868244
0.049,5803412
0.049,5802341
0.05,5780327
0.05,5777767
0.05,5766336
0.051,5764111
0.051,5762477
0.051,5762437
0.052,5761446
0.053,5760488
0.053,5747842
0.053,5746396
0.054,5742793
0.054,5740110
0.054,5739500
0.055,5738600
0.055,5732951
0.055,5731154
0.056,5726376
0.056,5722601
0.056,5719491
0.056,5694906
0.056,5693948
0.057,5693435
0.057,5637377
0.057,5637377
0.058,5636748
0.058,5614743
0.058,5613384
0.058,5613087
0.058,5605854
0.059,5602893
0.059,5599516
0.061,5598993
0.062,5584014
0.062,5579127
0.062,5570062
0.063,5566291
0.063,5560965
0.063,5560922
0.063,5539829
0.064,5538961
0.064,5500053
0.065,5482749
0.065,5438361
0.065,5427484
0.065,5423549
0.066,5422239
0.066,5421839
0.067,5387980
0.067,5384297
0.067,5367809
0.067,5352825
0.067,5327107
0.068,5320472
0.068,5317610
0.068,5315660
0.068,5310782
0.068,5283956
0.069,5283343
0.069,5283343
0.069,5283343
0.069,5283167
0.069,5249270
0.07,5248042
0.075,5198804
0.076,5196909
0.076,5174449
0.076,5174449
0.076,5174374
0.077,5163164
0.077,5160167
0.077,5156662
0.078,5151761
0.078,5144699
0.079,5143819
0.079,5141841
0.079,5140482
0.08,5135761
0.08,5135675
0.081,5130572
0.081,5127258
0.081,5125721
0.082,5123193
0.082,5121993
0.082,5121773
0.083,5121773
0.084,5116768
0.084,5115914
0.084,5002014
0.084,4991751
0.085,4991746
0.085,4991250
0.085,4974907
0.086,4973698
0.087,4963486
0.088,4950759
0.088,4948874
0.088,4945272
0.088,4867724
0.089,4865907
0.089,4860696
0.09,4730685
0.09,4730299
0.09,4725965
0.091,4716245
0.092,4700586
0.092,4699632
0.092,4698894
0.092,4676854
0.093,4672943
0.093,4644087
0.094,4627399
0.094,4612230
0.094,4595235
0.094,4582133
0.096,4579559
0.097,4567728
0.097,4561401
0.097,4548277
0.098,4546190
0.098,4541260
0.098,4530237
0.099,4508869
0.1,4396628
0.1,4383745
0.1,4354197
0.101,4351776
0.101,4335192
0.101,4298978
0.102,4298815
0.102,4288768
0.103,4281039
0.103,4280999
0.106,4267361
0.107,4252075
0.108,4210396
0.109,4206552
0.109,4206243
0.111,4203400
0.111,4202364
0.112,4160457
0.112,4157912
0.112,4149584
0.113,4147339
0.113,4108111
0.113,4107591
0.113,4105850
0.114,4099343
0.114,4099332
0.115,4097636
0.115,4069516
0.116,4061778
0.116,4060250
0.117,4059334
0.117,4059045
0.117,4058909
0.117,4057350
0.118,4057350
0.119,4057219
0.119,4053251
0.119,4046807
0.12,4044389
0.121,4042939
0.121,4015953
0.121,4015409
0.121,4014448
0.121,3999628
0.122,3991841
0.122,3991423
0.123,3991423
0.124,3984406
0.124,3983305
0.124,3982712
0.124,3977109
0.125,3976239
0.126,3963497
0.126,3962380
0.128,3960993
0.128,3951680
0.129,3949018
0.13,3948005
0.13,3947532
0.131,3944933
0.131,3936379
0.132,3887068
0.133,3886517
0.133,3885050
0.133,3883129
0.134,3882973
0.134,3882956
0.134,3882526
0.134,3863396
0.134,3861795
0.135,3860819
0.136,3859420
0.137,3850831
0.137,3850733
0.139,3836700
0.139,3835217
0.139,3829092
0.14,3826079
0.14,3822785
0.14,3812074
0.141,3803219
0.142,3799479
0.142,3797309
0.143,3777818
0.143,3776798
0.144,3776737
0.144,3762714
0.145,3756647
0.145,3754887
0.145,3749295
0.147,3749295
0.147,3748795
0.148,3728350
0.148,3718947
0.149,3715214
0.149,3712533
0.149,3711119
0.149,3709431
0.149,3707461
0.15,3705303
0.15,3700886
0.152,3696004
0.153,3687531
0.155,3684720
0.155,3673948
0.156,3670960
0.158,3670597
0.16,3670180
0.161,3662868
0.162,3645252
0.162,3643924
0.163,3643499
0.165,3641490
0.165,3640413
0.169,3638817
0.17,3589644
0.171,3584146
0.171,3584146
0.172,3582705
0.172,3582519
0.172,3567795
0.173,3565959
0.174,3565932
0.175,3547359
0.176,3546360
0.176,3541889
0.177,3541346
0.177,3541346
0.178,3502940
0.179,3500875
0.179,3500875
0.18,3499228
0.18,3498451
0.181,3493387
0.183,3489275
0.183,3461568
0.184,3418838
0.185,3417419
0.185,3416858
0.187,3416482
0.187,3416437
0.187,3416437
0.189,3416437
0.189,3403994
0.189,3396503
0.19,3377009
0.192,3375205
0.194,3374319
0.194,3370980
0.196,3322489
0.196,3321919
0.196,3320907
0.197,3314144
0.197,3311507
0.198,3309780
0.199,3299918
0.199,3296487
0.2,3295917
0.2,3295786
0.202,3273934
0.202,3269103
0.202,3267426
0.203,3262202
0.203,3253092
0.207,3252916
0.207,3229901
0.208,3228260
0.209,3220100
0.209,3218291
0.21,3216889
0.21,3216889
0.21,3213235
0.21,3207537
0.212,3205317
0.216,3204816
0.216,3140113
0.218,3137333
0.219,3131903
0.219,3131212
0.22,3130936
0.22,3130382
0.222,3130382
0.223,3128462
0.223,3127640
0.223,3122755
0.223,3115279
0.224,3112328
0.224,3108517
0.224,3103344
0.225,3043672
0.226,3043672
0.226,3043359
0.228,3037523
0.228,3031578
0.228,3031578
0.231,3031224
0.231,3028626
0.232,3025588
0.232,3025207
0.234,2986952
0.234,2984993
0.235,2981843
0.235,2979937
0.236,2978143
0.237,2978143
0.237,2972245
0.238,2971328
0.238,2932499
0.24,2931842
0.24,2928718
0.241,2926616
0.241,2925452
0.241,2918786
0.242,2918218
0.242,2909071
0.245,2892210
0.245,2891895
0.247,2891895
0.249,2891636
0.249,2889656
0.253,2886316
0.255,2885416
0.255,2883617
0.256,2883024
0.257,2881415
0.257,2880278
0.258,2876350
0.258,2867084
0.259,2867084
0.259,2867084
0.263,2854660
0.263,2846668
0.264,2838918
0.264,2786598
0.264,2786598
0.265,2786598
0.265,2786598
0.266,2786352
0.266,2785491
0.267,2784497
0.267,2783367
0.269,2783315
0.271,2782587
0.274,2780526
0.275,2780526
0.276,2780189
0.277,2779648
0.278,2769237
0.278,2769237
0.279,2687342
0.279,2665559
0.28,2664788
0.28,2664788
0.282,2664788
0.282,2661353
0.283,2653565
0.284,2651824
0.284,2651800
0.285,2651348
0.286,2650943
0.288,2650943
0.288,2646246
0.289,2640609
0.291,2621031
0.294,2620732
0.295,2619792
0.296,2619038
0.297,2617329
0.299,2616607
0.299,2616563
0.301,2601201
0.302,2600870
0.302,2597266
0.302,2594368
0.305,2593863
0.305,2593474
0.305,2590597
0.306,2589960
0.307,2586733
0.308,2581468
0.308,2519875
0.309,2519875
0.311,2516833
0.314,2513955
0.314,2506983
0.314,2505123
0.315,2502672
0.317,2497202
0.32,2495448
0.321,2489618
0.322,2482105
0.323,2480268
0.323,2480063
0.324,2452242
0.325,2438247
0.327,2432882
0.328,2432882
0.329,2431477
0.333,2431442
0.333,2431308
0.334,2427928
0.337,2406067
0.338,2405675
0.338,2402025
0.338,2400004
0.339,2399629
0.339,2375875
0.34,2346944
0.341,2339940
0.344,2339488
0.344,2336049
0.346,2323813
0.347,2320978
0.349,2320306
0.35,2317546
0.352,2317546
0.352,2317214
0.354,2317214
0.354,2313552
0.356,2313552
0.357,2312531
0.358,2312407
0.358,2311912
0.363,2290773
0.365,2290769
0.365,2289560
0.366,2289457
0.366,2289413
0.366,2286956
0.367,2280624
0.367,2277686
0.367,2275801
0.368,2271125
0.369,2271125
0.37,2266439
0.372,2262497
0.373,2258570
0.374,2255322
0.374,2255322
0.377,2250824
0.379,2240292
0.379,2240015
0.383,2235481
0.383,2195914
0.386,2192792
0.387,2190977
0.389,2190552
0.389,2190308
0.39,2189026
0.393,2160782
0.394,2158493
0.394,2158448
0.395,2125744
0.396,2111438
0.397,2111438
0.398,2111438
0.401,2110964
0.409,2108833
0.409,2105041
0.411,2103746
0.413,2102987
0.414,2098563
0.42,2093782
0.421,2090980
0.422,2070783
0.423,2038771
0.423,2028305
0.427,2028305
0.428,2027158
0.429,2025230
0.43,2022868
0.433,2022868
0.435,2022724
0.438,2014842
0.439,2012672
0.441,2010056
0.442,2009564
0.442,2006895
0.446,2003651
0.45,2003651
0.45,2000010
0.451,1998386
0.451,1997981
0.452,1997314
0.453,1996715
0.454,1995427
0.454,1994080
0.455,1993945
0.455,1993714
0.455,1993714
0.456,1991599
0.457,1991518
0.459,1991336
0.459,1991245
0.461,1991245
0.466,1987259
0.467,1985892
0.469,1985892
0.473,1981220
0.475,1979478
0.478,1943941
0.479,1943941
0.484,1943941
0.486,1943941
0.49,1943941
0.494,1943941
0.494,1935678
0.496,1935678
0.496,1935530
0.498,1934307
0.501,1929785
0.503,1923328
0.504,1922796
0.505,1922796
0.506,1922796
0.508,1922796
0.511,1920186
0.518,1919214
0.52,1919214
0.523,1919214
0.524,1918728
0.526,1917402
0.528,1917062
0.529,1897367
0.531,1897367
0.532,1887982
0.534,1887621
0.534,1884610
0.535,1884610
0.536,1882556
0.544,1882556
0.544,1881821
0.546,1881821
0.546,1880453
0.548,1880453
0.551,1880029
0.552,1879392
0.552,1879392
0.552,1878834
0.553,1878834
0.554,1878834
0.555,1874408
0.556,1807286
0.558,1807052
0.559,1804963
0.56,1801197
0.56,1800806
0.566,1800107
0.569,1798578
0.569,1791860
0.578,1791608
0.58,1783477
0.583,1783477
0.583,1783477
0.584,1783477
0.585,1781752
0.587,1779728
0.596,1779728
0.596,1778979
0.599,1778161
0.601,1778161
0.604,1776103
0.604,1776103
0.606,1775335
0.608,1773124
0.61,1769481
0.611,1768590
0.613,1754071
0.613,1748597
0.615,1748011
0.615,1746256
0.617,1745368
0.617,1741407
0.619,1740884
0.62,1740884
0.627,1740735
0.629,1662549
0.635,1662549
0.636,1661423
0.637,1647714
0.64,1637416
0.644,1637416
0.645,1635713
0.648,1609438
0.65,1608157
0.655,1589737
0.656,1586622
0.657,1584770
0.658,1579821
0.665,1578771
0.666,1578771
0.671,1574203
0.671,1574203
0.677,1573028
0.682,1565132
0.685,1565132
0.686,1563871
0.689,1563871
0.689,1558627
0.691,1557524
0.692,1555743
0.698,1555743
0.7,1555743
0.701,1553830
0.702,1553692
0.703,1552138
0.704,1552138
0.705,1552122
0.713,1543327
0.714,1541989
0.714,1540296
0.716,1517175
0.72,1517175
0.721,1517175
0.724,1515623
0.735,1515056
0.735,1514616
0.736,1514131
0.754,1513780
0.76,1511199
0.762,1511199
0.763,1511116
0.771,1494312
0.773,1487232
0.774,1486905
0.777,1478334
0.778,1476180
0.782,1476058
0.783,1475522
0.784,1475522
0.789,1474613
0.79,1474613
0.796,1474436
0.799,1459053
0.801,1444148
0.802,1444148
0.803,1439330
0.803,1428525
0.807,1428525
0.808,1423615
0.812,1423615
0.812,1423102
0.813,1416427
0.815,1416427
0.819,1415029
0.824,1407866
0.832,1407866
0.833,1407866
0.837,1407443
0.841,1407443
0.842,1407443
0.842,1406763
0.843,1406552
0.845,1406552
0.857,1406552
0.858,1406163
0.859,1406163
0.863,1405843
0.865,1393669
0.866,1392424
0.868,1391956
0.869,1385969
0.873,1371501
0.874,1371501
0.875,1371238
0.878,1369841
0.889,1367059
0.894,1367059
0.897,1366872
0.902,1352283
0.902,1352280
0.907,1346758
0.907,1346758
0.909,1346758
0.917,1346426
0.919,1342998
0.922,1342061
0.93,1341538
0.938,1341538
0.939,1329714
0.94,1329714
0.945,1329327
0.946,1329024
0.947,1303328
0.947,1303328
0.949,1303328
0.95,1303238
0.957,1302670
0.966,1302670
0.967,1301953
0.969,1301481
0.972,1299580
0.978,1299580
0.979,1299329
0.98,1295868
0.98,1295868
0.985,1295050
0.986,1295050
0.993,1295020
0.998,1290837
0.999,1290232
1.001,1289246
1.002,1284685
1.004,1284685
1.005,1284648
1.005,1284648
1.008,1284353
1.008,1281673
1.018,1281673
1.024,1280537
1.042,1280537
1.062,1273552
1.062,1273552
1.096,1265054
1.107,1263278
1.111,1263172
1.116,1263172
1.117,1263172
1.122,1262949
1.129,1261580
1.13,1261580
1.141,1261580
1.142,1261469
1.146,1260986
1.153,1260986
1.153,1260986
1.16,1260986
1.165,1252097
1.178,1252097
1.178,1251045
1.178,1247448
1.185,1246513
1.197,1246511
1.198,1244586
1.205,1244237
1.205,1240255
1.206,1238595
1.206,1238595
1.219,1238212
1.219,1236635
1.226,1236635
1.231,1232624
1.232,1230929
1.239,1229684
1.24,1225801
1.249,1225801
1.252,1225801
1.252,1224574
1.258,1224574
1.26,1224574
1.264,1221872
1.271,1221872
1.273,1221824
1.275,1221777
1.279,1221541
1.279,1218136
1.281,1189142
1.285,1189142
1.289,1181558
1.291,1181474
1.292,1180566
1.301,1180566
1.301,1180566
1.303,1179906
1.31,1179895
1.312,1179895
1.312,1179805
1.315,1179805
1.318,1179805
1.321,1179075
1.326,1177911
1.329,1177911
1.331,1177830
1.337,1177459
1.338,1177092
1.343,1177092
1.344,1177048
1.348,1177048
1.363,1175859
1.365,1175810
1.367,1171813
1.368,1171813
1.374,1171813
1.377,1171813
1.384,1166435
1.386,1165586
1.406,1165375
1.406,1164624
1.412,1163498
1.424,1151493
1.442,1151493
1.442,1150018
1.451,1149174
1.451,1147840
1.454,1146909
1.461,1145391
1.464,1145391
1.467,1145028
1.471,1144326
1.475,1144126
1.484,1143098
1.485,1143098
1.486,1140482
1.488,1140482
1.489,1140128
1.491,1140128
1.491,1139776
1.499,1139776
1.507,1138138
1.513,1134106
1.531,1134106
1.536,1134106
1.537,1133821
1.542,1133821
1.542,1133366
1.546,1133248
1.547,1133248
1.548,1131706
1.555,1131706
1.558,1131369
1.559,1121041
1.561,1121041
1.562,1121041
1.563,1121041
1.565,1119187
1.57,1119187
1.583,1119187
1.583,1117363
1.585,1116219
1.59,1116125
1.595,1116125
1.595,1116125
1.596,1116125
1.597,1116125
1.612,1115126
1.628,1106403
1.638,1106403
1.64,1100930
1.653,1099878
1.658,1099878
1.659,1099878
1.667,1099878
1.676,1099186
1.71,1092704
1.712,1092511
1.712,1092511
1.723,1092511
1.727,1092215
1.737,1091419
1.739,1078343
1.742,1078343
1.743,1078343
1.743,1078343
1.743,1078063
1.745,1074132
1.754,1066667
1.758,1066241
1.762,1066241
1.771,1066241
1.772,1066145
1.773,1065835
1.779,1065835
1.784,1065594
1.786,1064016
1.806,1064016
1.812,1062299
1.816,1061612
1.818,1061612
1.821,1061612
1.846,1061612
1.848,1061612
1.86,1061612
1.872,1061513
1.874,1061513
1.879,1061308
1.888,1061308
1.901,1059802
1.904,1059802
1.907,1059802
1.909,1059802
1.918,1059175
1.922,1059175
1.929,1058446
1.93,1035591
1.931,1035544
1.932,1035148
1.943,1035148
1.944,1034274
1.949,1034274
1.95,1034274
1.96,1032423
1.972,1032423
1.972,1032059
1.975,1032059
1.978,1032059
1.981,1031633
1.983,1031392
1.984,1028526
1.991,1028526
1.992,1026634
1.997,1026625
2.01,1026625
2.021,1026625
2.027,1026625
2.037,1026625
2.043,1026625
2.047,1026021
2.048,1026021
2.053,1021559
2.054,1021559
2.055,1019110
2.065,1019110
2.071,1019110
2.071,1018211
2.075,1017931
2.081,1017931
2.085,1017931
2.087,1016709
2.105,1016709
2.106,1016614
2.111,1016614
2.121,1016614
2.132,1003317
2.145,983050
2.146,982016
2.147,982016
2.158,981972
2.158,981972
2.159,981444
2.17,981444
2.189,981444
2.189,979958
2.191,979137
2.197,979137
2.226,979137
2.246,979137
2.248,977784
2.253,977784
2.276,977784
2.28,977784
2.283,977784
2.289,976092
2.289,974698
2.296,974698
2.31,974594
2.313,971855
2.346,962404
2.348,962154
2.35,962154
2.362,962154
2.374,962154
2.38,959506
2.382,959506
2.387,958337
2.389,956730
2.39,956730
2.395,956730
2.398,956730
2.405,956730
2.409,956730
2.413,956248
2.418,956248
2.419,956248
2.427,956248
2.444,956248
2.451,955859
2.451,952488
2.455,952488
2.461,948843
2.472,948677
2.472,948677
2.474,948677
2.484,948631
2.497,948631
2.511,948631
2.524,948631
2.531,948631
2.531,948631
2.531,948616
2.538,948427
2.539,948427
2.541,948427
2.545,948427
2.553,948427
2.568,948427
2.572,948427
2.594,948427
2.595,946179
2.609,945612
2.619,945612
2.619,945612
2.623,944697
2.628,941437
2.637,937910
2.667,937822
2.668,937822
2.673,937822
2.673,937822
2.68,937822
2.684,937822
2.686,937822
2.7,937822
2.702,937822
2.706,937499
2.707,937121
2.71,937121
2.716,937121
2.717,936205
2.723,936199
2.737,934877
2.737,934877
2.738,934098
2.738,934098
2.742,934098
2.757,934098
2.758,932607
2.768,932607
2.776,931312
2.777,931312
2.789,931312
2.792,924703
2.805,921104
2.813,921104
2.817,921104
2.82,921104
2.834,921104
2.837,920803
2.837,920803
2.839,920803
2.855,920803
2.862,920803
2.862,920803
2.87,920803
2.873,920803
2.874,920803
2.889,920803
2.905,911891
2.917,911558
2.929,911340
2.93,911340
2.935,911340
2.95,911340
2.951,911247
2.955,909358
2.971,909358
2.974,909060
2.975,908438
2.983,907878
3.011,907878
3.03,906692
3.031,906692
3.04,903828
3.043,902919
3.045,902919
3.06,902919
3.078,902919
3.08,902919
3.085,902919
3.092,902919
3.1,902919
3.113,902919
3.122,902855
3.123,902855
3.129,895502
3.131,895502
3.134,895342
3.138,895342
3.149,895342
3.152,895342
3.157,891778
3.19,891067
3.191,890340
3.191,890340
3.201,890340
3.218,890340
3.226,890340
3.229,888912
3.238,888673
3.238,888673
3.249,887086
3.256,887086
3.265,887086
3.275,887086
3.281,887086
3.282,887086
3.282,887086
3.284,887086
3.324,886995
3.327,886995
3.332,886995
3.333,886995
3.341,886995
3.344,886995
3.355,886995
3.357,886995
3.36,886995
3.365,885574
3.375,879546
3.389,879546
3.391,879546
3.405,879546
3.41,878097
3.413,878097
3.422,877136
3.424,877136
3.425,877136
3.439,877136
3.44,876155
3.452,873465
3.494,856932
3.508,856932
3.511,856932
3.516,856932
3.525,856932
3.542,856932
3.547,855661
3.551,855661
3.555,852869
3.558,852869
3.582,852848
3.598,852455
3.608,851984
3.616,851984
3.617,851006
3.632,851006
3.633,850985
3.634,850985
3.636,850912
3.637,850912
3.652,850912
3.655,850912
3.655,850749
3.655,850749
3.658,850749
3.659,850749
3.677,850749
3.687,850667
3.697,850667
3.705,850667
3.706,850287
3.716,850287
3.74,850287
3.741,846946
3.741,846946
3.75,836529
3.755,836529
3.761,836306
3.764,836306
3.764,836306
3.765,836306
3.769,835923
3.773,835923
3.777,835923
3.785,835923
3.785,835923
3.791,835792
3.798,835792
3.805,835792
3.806,835792
3.809,835234
3.81,834426
3.816,834426
3.829,834426
3.835,834426
3.845,833066
3.862,833066
3.879,832989
3.88,832522
3.882,832522
3.886,832522
3.894,832522
3.905,832522
3.917,832522
3.918,832287
3.928,832287
3.933,832287
3.935,832287
3.939,831775
3.944,830745
3.947,830745
3.949,830745
3.953,830745
3.96,830496
3.978,830496
3.988,830496
3.998,830496
4.001,830496
4.033,830496
4.034,830496
4.036,830496
4.048,830496
4.052,830496
4.062,830496
4.067,830496
4.069,830496
4.089,828697
4.091,828697
4.099,827928
4.105,827928
4.106,827928
4.106,827928
4.132,827928
4.133,827721
4.134,827721
4.164,827721
4.17,827721
4.171,827721
4.176,827721
4.183,819762
4.185,819762
4.195,810692
4.2,810692
4.226,810692
4.23,810692
4.238,792251
4.24,792251
4.241,792251
4.252,792251
4.253,792251
4.29,792251
4.29,792251
4.298,791484
4.322,780947
4.328,780947
4.347,780947
4.352,780947
4.353,780947
4.384,780890
4.387,780736
4.388,780736
4.403,780079
4.408,779046
4.421,779046
4.424,779046
4.435,779046
4.447,779046
4.454,779046
4.455,779046
4.462,778409
4.466,778409
4.467,778409
4.468,778409
4.47,778409
4.476,776501
4.484,776501
4.49,776501
4.496,776501
4.501,776501
4.504,776501
4.509,776501
4.509,776501
4.512,770492
4.515,770492
4.52,770492
4.564,770211
4.565,770211
4.585,770211
4.589,770211
4.631,769064
4.639,769064
4.659,769064
4.672,769064
4.673,769064
4.699,769064
4.721,768812
4.723,768812
4.734,768812
4.736,768812
4.737,766027
4.74,766027
4.756,763199
4.775,763199
4.782,763199
4.785,763199
4.797,763199
4.812,763199
4.819,762282
4.823,762282
4.835,762282
4.843,762282
4.862,762282
4.864,762282
4.869,762282
4.888,762282
4.889,762282
4.891,762282
4.899,762282
4.899,762282
4.905,762282
4.908,762282
4.914,761939
4.92,761939
4.936,761939
4.938,761337
4.956,761337
4.963,760567
4.968,760142
4.972,760142
4.972,760142
4.972,760142
4.974,760142
4.975,754351
4.986,754351
4.99,754351
4.997,754351
5.002,754351
5.022,754351
5.024,754351
5.033,754351
5.044,754351
5.055,754351
5.059,754351
5.07,753918
5.072,752292
5.09,752292
5.11,752292
5.123,752292
5.13,752292
5.136,752292
5.14,752292
5.141,752292
5.141,752292
5.145,752292
5.145,752292
5.148,751214
5.153,751164
5.156,749990
5.176,749990
5.189,749217
5.199,749217
5.202,749217
5.205,749217
5.211,749217
5.227,749217
5.243,749217
5.254,749217
5.26,749217
5.265,749217
5.291,749217
5.308,749217
5.319,749217
5.321,749217
5.322,749217
5.322,749217
5.336,749217
5.342,749217
5.349,749217
5.357,749217
5.377,749217
5.379,749217
5.388,749217
5.4,748712
5.411,748712
5.412,748712
5.419,748712
5.424,748712
5.448,748712
5.458,748712
5.462,748712
5.465,748712
5.472,748150
5.505,748150
5.509,748150
5.509,748150
5.53,748150
5.539,748150
5.542,748150
5.545,748150
5.553,747808
5.58,747808
5.583,747409
5.595,747409
5.601,747409
5.631,747409
5.643,747409
5.643,746806
5.652,746806
5.661,746806
5.662,746806
5.667,746806
5.694,746528
5.695,746528
5.697,746528
5.71,746528
5.711,746528
5.717,746528
5.754,746528
5.757,746528
5.77,746528
5.772,746356
5.774,746356
5.794,746356
5.799,746356
5.804,746356
5.814,746356
5.822,746356
5.833,746356
5.836,746356
5.844,746356
5.857,746356
5.865,743672
5.87,743672
5.894,743672
5.895,743672
5.905,743672
5.919,743672
5.921,743672
5.929,743672
5.944,743672
5.947,743672
5.962,743672
5.98,743672
5.989,743672
5.993,743672
5.994,743672
5.996,743672
6.005,743672
6.015,743672
6.02,743672
6.038,743672
6.058,743672
6.059,743672
6.079,743672
6.085,743672
6.095,743672
6.095,743672
6.108,743672
6.11,743672
6.119,743672
6.132,743672
6.158,743672
6.187,743672
6.2,743672
6.206,743672
6.216,743457
6.218,743457
6.22,743087
6.227,743087
6.227,743087
6.229,743087
6.237,743087
6.241,743087
6.246,743087
6.249,743087
6.249,743087
6.289,743087
6.292,743087
6.296,743087
6.304,743087
6.311,743087
6.313,743087
6.314,743087
6.334,742888
6.336,742888
6.341,742888
6.342,742674
6.349,742674
6.351,742674
6.353,742674
6.36,742674
6.375,742674
6.376,742674
6.376,742674
6.382,741640
6.389,741640
6.393,741640
6.42,740257
6.426,740257
6.445,740257
6.462,740257
6.469,740257
6.481,740257
6.511,740257
6.511,740257
6.519,740257
6.535,739716
6.542,738645
6.551,738645
6.554,738363
6.559,738363
6.573,738363
6.576,738363
6.601,738363
6.623,738363
6.64,738363
6.669,738363
6.68,738363
6.69,738363
6.697,738363
6.702,738363
6.729,738363
6.732,738363
6.737,738363
6.742,737766
6.761,737766
6.774,737766
6.804,737766
6.806,737766
6.816,737766
6.854,737766
6.855,737766
6.894,737766
6.896,737766
6.897,737766
6.899,736584
6.899,736584
6.903,736584
6.927,736584
6.934,736584
6.935,736584
6.953,736584
6.959,736584
7.002,736584
7.013,736584
7.031,736216
7.032,736216
7.047,736216
7.078,736216
7.078,736216
7.086,736216
7.102,736216
7.11,736216
7.117,736216
7.142,736216
7.171,736216
7.184,736216
7.187,736216
7.235,736216
7.246,736216
7.264,736216
7.274,735275
7.283,735275
7.288,735275
7.295,735275
7.303,735275
7.324,735275
7.338,735275
7.34,734896
7.359,734896
7.365,734896
7.369,730325
7.37,730325
7.378,730325
7.384,730325
7.414,730325
7.424,730325
7.425,730325
7.453,730325
7.465,730325
7.469,730325
7.475,730325
7.482,730325
7.494,730325
7.494,730325
7.517,730325
7.519,730325
7.519,730325
7.522,730325
7.553,730325
7.554,730325
7.558,730325
7.56,730325
7.575,730325
7.585,730325
7.59,730325
7.593,730325
7.595,730325
7.598,730325
7.599,730325
7.612,718503
7.633,718503
7.634,718503
7.636,718503
7.655,718503
7.659,718503
7.667,718503
7.704,718503
7.707,718503
7.725,718503
7.735,718503
7.756,718503
7.761,718503
7.772,718503
7.783,718503
7.816,718503
7.827,718503
7.849,718503
7.851,718503
7.863,718503
7.871,718503
7.877,718503
7.885,718503
7.892,718503
7.895,718433
7.917,718433
7.928,718433
7.932,718433
7.941,718433
7.942,718205
7.955,718205
7.959,718205
7.961,718205
7.966,718205
7.976,718205
7.98,718205
7.999,718205
8.032,718205
8.038,718205
8.061,718205
8.065,718205
8.068,718205
8.07,718205
8.076,718205
8.081,718205
8.082,718205
8.098,718205
8.1,718205
8.105,718205
8.116,718205
8.131,718205
8.151,718205
8.152,718205
8.205,718205
8.215,718205
8.226,718205
8.244,718205
8.254,718205
8.261,718205
8.268,718205
8.281,718205
8.284,718068
8.295,718068
8.297,718068
8.298,718068
8.317,718068
8.325,718068
8.34,717868
8.343,717868
8.353,717868
8.361,717868
8.364,717761
8.401,717761
8.413,717761
8.427,717761
8.437,717761
8.445,717761
8.475,717761
8.48,717761
8.484,717761
8.491,716569
8.5,716512
8.5,716512
8.502,716512
8.514,716512
8.531,716512
8.544,716512
8.57,716512
8.573,716512
8.579,716512
8.613,716512
8.616,716479
8.625,716479
8.638,716479
8.663,716479
8.679,716479
8.688,716479
8.693,716479
8.699,716479
8.707,716479
8.709,716479
8.713,716479
8.715,716479
8.729,716479
8.74,716479
8.747,716479
8.755,716479
8.763,716479
8.773,716479
8.79,716479
8.792,716479
8.801,716479
8.817,716479
8.825,713476
8.83,713476
8.861,713476
8.867,712880
8.872,712880
8.901,712880
8.904,712880
8.909,712880
8.923,712880
8.938,712880
8.949,712880
8.962,712880
8.966,712880
8.979,712880
8.985,712880
8.991,712880
8.993,712880
8.999,712880
9.015,712880
9.023,711093
9.025,711093
9.025,711093
9.032,711093
9.044,711093
9.045,711093
9.067,711093
9.077,711093
9.093,711093
9.095,711093
9.099,711093
9.115,711093
9.132,711093
9.146,711093
9.164,711093
9.182,709022
9.184,709022
9.191,709022
9.207,709022
9.217,709022
9.22,709022
9.225,709022
9.24,709022
9.243,709022
9.26,709022
9.263,709022
9.264,709022
9.275,709022
9.283,709022
9.292,708828
9.292,708828
9.306,708828
9.354,708828
9.372,708828
9.378,708828
9.395,708828
9.398,708828
9.404,708828
9.405,708828
9.411,708828
9.426,708828
9.434,708828
9.439,708828
9.44,708828
9.455,708828
9.469,708828
9.495,708828
9.507,708828
9.511,708828
9.523,708828
9.543,708828
9.546,708828
9.548,708828
9.56,708828
9.57,708828
9.574,708828
9.575,708828
9.584,708828
9.59,708804
9.609,708804
9.617,708804
9.649,708804
9.651,708804
9.653,708804
9.656,708804
9.662,708804
9.663,708804
9.666,708804
9.676,708804
9.679,708804
9.68,708804
9.695,708804
9.703,708804
9.722,708804
9.725,708804
9.73,708804
9.746,708804
9.764,707967
9.777,707967
9.785,707967
9.818,707967
9.821,707967
9.845,707967
9.855,707967
9.857,707967
9.864,707967
9.881,707967
9.899,707967
9.91,707967
9.92,707967
9.922,707967
9.983,707967
9.984,707967
9.996,707967
9.998,707967
10.032,707967
10.044,707967
10.045,707967
10.052,707967
10.059,707967
10.062,707967
10.064,707967
10.067,707967
10.067,707967
10.075,707967
10.076,707967
10.078,707850
10.097,707850
10.099,707850
10.122,707850
10.133,707850
10.142,707850
10.15,707850
10.154,707850
10.162,707850
10.201,707850
10.205,707850
10.213,707850
10.258,707850
10.266,707850
10.27,707850
10.274,707850
10.276,707850
10.286,707850
10.303,707850
10.303,707850
10.307,707850
10.346,706170
10.35,706170
10.357,706170
10.358,706170
10.377,706170
10.401,706170
10.403,705256
10.413,705256
10.416,705256
10.417,705256
10.419,705256
10.42,705256
10.42,705256
10.422,705256
10.422,703948
10.423,703948
10.423,703948
10.428,703948
10.43,703948
10.458,703948
10.478,703948
10.489,703948
10.491,703948
10.507,703948
10.508,703948
10.509,703948
10.527,703948
10.542,703948
10.548,703948
10.556,703948
10.556,703948
10.558,703948
10.57,703948
10.571,703948
10.581,703948
10.592,703948
10.594,703948
10.614,703948
10.645,703948
10.655,703948
10.662,703948
10.665,703948
10.68,703948
10.688,703948
10.692,703948
10.699,703574
10.701,703574
10.707,703574
10.723,703574
10.739,703574
10.744,701665
10.746,701665
10.751,701665
10.761,701665
10.802,701665
10.812,701665
10.818,701665
10.829,701665
10.84,701665
10.842,701665
10.85,701665
10.865,701665
10.886,701665
10.888,701665
10.915,701665
10.919,701665
10.925,701665
10.988,701665
10.991,701665
10.996,701665
10.997,701665
11.011,701665
11.029,701665
11.039,701665
11.042,701665
11.046,701665
11.066,701665
11.071,701665
11.071,701665
11.073,701665
11.075,701457
11.09,701457
11.102,701457
11.103,701457
11.112,701457
11.127,701457
11.158,701457
11.159,701457
11.167,701457
11.172,701457
11.173,701457
11.174,701457
11.176,701457
11.189,701457
11.195,701457
11.213,701457
11.224,701457
11.23,701457
11.236,701457
11.239,701457
11.241,701457
11.243,701457
11.246,701457
11.271,701457
11.288,701457
11.318,701457
11.332,701457
11.349,701457
11.375,701457
11.38,701457
11.383,701457
11.392,701457
11.397,701457
11.453,701457
11.465,701457
11.477,701457
11.477,701296
11.484,701296
11.498,701296
11.501,701296
11.51,701296
11.523,701296
11.581,701296
11.584,701296
11.592,701296
11.594,701296
11.601,701296
11.604,701296
11.605,701296
11.608,701296
11.609,701296
11.657,701296
11.663,701296
11.677,701296
11.677,701296
11.679,701296
11.681,701296
11.696,701296
11.738,700948
11.768,700948
11.8,700948
11.802,700948
11.803,700948
11.82,700948
11.863,700948
11.866,700948
11.869,700948
11.877,700948
11.878,700948
11.886,700948
11.9,700948
11.905,700948
11.91,700948
11.92,700948
11.924,700948
11.933,700948
11.937,700948
11.939,700948
11.943,700948
11.952,700948
11.961,700948
11.969,700948
11.978,700948
11.978,700948
11.986,700948
11.995,700948
12.012,700948
12.075,700948
12.082,700948
12.094,700948
12.099,700948
12.109,700948
12.112,700948
12.118,700948
12.12,700948
12.121,700948
12.145,700948
12.151,700948
12.154,700948
12.165,700948
12.225,700948
12.237,700948
12.254,700948
12.256,700948
12.266,700948
12.267,700948
12.277,700948
12.281,700948
12.297,700948
12.311,700948
12.332,700948
12.361,700948
12.366,700948
12.38,700948
12.424,700948
12.429,700948
12.456,700759
12.458,699803
12.466,699803
12.472,699803
12.489,699803
12.508,699803
12.513,699803
12.518,699803
12.528,699803
12.541,699803
12.547,699803
12.581,699803
12.592,699803
12.596,699803
12.608,699803
12.611,699803
12.635,699803
12.636,699803
12.646,699803
12.691,699803
12.699,699803
12.712,699803
12.725,699803
12.74,699803
12.743,699803
12.743,699803
12.744,699803
12.748,699803
12.753,699803
12.77,699803
12.776,699803
12.788,699803
12.795,699803
12.801,699803
12.806,699803
12.813,699803
12.82,699803
12.827,699803
12.831,699803
12.852,699803
12.854,699803
12.856,699803
12.876,699803
12.89,698492
12.891,698492
12.92,698492
12.968,698492
12.976,698492
12.981,698492
13.012,698492
13.02,698492
13.031,697970
13.038,697970
13.053,697970
13.056,697970
13.057,697970
13.064,697970
13.075,697970
13.087,697970
13.093,697970
13.096,697970
13.123,697970
13.124,697970
13.165,697970
13.168,697970
13.168,697970
13.174,697970
13.176,697970
13.177,697970
13.2,697970
13.207,697970
13.229,697970
13.258,697970
13.275,697970
13.293,697970
13.295,697970
13.297,697970
13.299,697765
13.328,697765
13.34,697765
13.367,697765
13.392,697765
13.397,697765
13.408,697765
13.411,697765
13.455,697503
13.46,697503
13.461,697503
13.469,697503
13.485,697503
13.502,697503
13.514,697503
13.518,697503
13.521,697503
13.532,697503
13.533,697503
13.541,697503
13.553,697503
13.555,697503
13.556,697503
13.564,697503
13.569,697503
13.583,697503
13.59,697503
13.592,697503
13.613,697503
13.641,697503
13.657,697503
13.672,697503
13.696,697503
13.715,697503
13.715,697503
13.726,697503
13.737,697503
13.74,697503
13.784,697503
13.815,697503
13.815,697503
13.819,697503
13.828,697503
13.83,697503
13.845,697503
13.866,697260
13.869,697260
13.884,697260
13.902,697260
13.905,697260
13.91,697260
13.946,697088
13.956,696963
13.957,696963
13.967,696963
13.975,696963
13.986,696963
14.012,696963
14.015,696963
14.015,696963
14.028,696963
14.039,696963
14.048,696963
14.061,696963
14.083,696963
14.085,696963
14.102,696963
14.105,696963
14.108,696963
14.109,696963
14.129,696963
14.13,696963
14.154,696963
14.181,696963
14.192,696963
14.192,696963
14.224,696963
14.264,696963
14.298,696963
14.298,696963
14.302,696963
14.318,696963
14.318,696963
14.327,696893
14.331,696893
14.338,696893
14.37,696893
14.378,696893
14.383,696893
14.421,696893
14.431,696893
14.433,696893
14.44,696893
14.448,696893
14.448,696893
14.47,696893
14.474,696893
14.48,696893
14.535,696893
14.547,696893
14.567,696893
14.58,696893
14.588,696893
14.601,696893
14.608,696893
14.622,696893
14.64,696893
14.641,696893
14.643,696893
14.659,696893
14.661,696893
14.665,696893
14.666,696893
14.673,696893
14.694,696893
14.705,696893
14.726,696893
14.733,696893
14.736,696893
14.738,696893
14.751,696893
14.757,696893
14.768,696893
14.777,696893
14.81,696893
14.825,696035
14.84,696035
14.855,696035
14.858,696035
14.869,696035
14.887,696035
14.891,696035
14.892,696035
14.906,696035
14.917,696035
14.976,696035
14.976,696035
14.976,696035
14.981,696035
14.989,696035
14.99,696035
14.995,696035
15.002,696035
15.009,696035
15.025,696035
15.029,696035
15.04,696035
15.068,696035
15.069,696035
15.087,696035
15.091,696035
15.102,696035
15.11,696035
15.126,696035
15.134,696035
15.15,696035
15.153,696035
15.185,696035
15.188,696035
15.195,696035
15.203,696035
15.205,696035
15.211,693165
15.22,693165
15.229,693165
15.235,693165
15.237,693165
15.256,693165
15.271,693165
15.275,693165
15.313,693165
15.324,693165
15.331,693165
15.339,693165
15.342,693165
15.346,693165
15.346,693165
15.355,693165
15.371,693165
15.377,693165
15.378,693165
15.383,693165
15.384,693165
15.394,693165
15.404,693165
15.425,693165
15.431,693165
15.437,693165
15.441,693165
15.449,693165
15.483,693165
15.484,693165
15.498,693165
15.517,693165
15.517,693165
15.534,693165
15.557,693165
15.57,693165
15.573,693165
15.597,693165
15.603,693165
15.604,693165
15.609,693165
15.614,693165
15.617,693165
15.624,693165
15.63,693165
15.632,693165
15.636,693165
15.651,693165
15.663,693165
15.664,693165
15.678,693165
15.686,693165
15.698,693165
15.706,693165
15.727,693165
15.727,693165
15.743,693165
15.744,693165
15.791,693165
15.796,693165
15.807,693165
15.809,693165
15.825,693165
15.827,693165
15.828,693165
15.83,693165
15.832,693165
15.833,693165
15.844,693165
15.846,693165
15.879,693165
15.883,693165
15.895,693165
15.905,693165
15.929,693165
15.934,693165
15.95,693165
15.956,693165
15.966,693165
15.967,693165
15.982,693165
15.991,693165
15.999,693165
16.002,693165
16.005,693165
16.013,693165
16.018,693165
16.038,693165
16.041,693165
16.048,693165
16.056,693165
16.065,693165
16.069,693165
16.069,693165
16.071,693165
16.094,693165
16.112,693165
16.141,693165
16.145,693165
16.146,693165
16.147,693165
16.158,693165
16.164,693165
16.169,693165
16.178,693165
16.181,693165
16.187,693165
16.219,693165
16.219,693165
16.244,693165
16.248,693165
16.263,693165
16.264,693165
16.272,693165
16.291,693165
16.296,693165
16.297,693109
16.319,693109
16.319,693109
16.342,693109
16.362,693109
16.369,693109
16.377,693109
16.38,693109
16.412,693109
16.42,693109
16.432,693109
16.469,693109
16.491,693109
16.523,693109
16.529,693109
16.53,693109
16.533,693109
16.539,693109
16.542,693109
16.545,693109
16.549,693109
16.562,693109
16.564,693109
16.582,693109
16.584,693109
16.599,693109
16.603,693109
16.624,693109
16.624,693109
16.639,693109
16.641,693109
16.659,693109
16.685,693109
16.69,693109
16.695,693109
16.704,693109
16.706,693109
16.708,693109
16.708,693109
16.734,693109
16.735,693109
16.746,693109
16.786,693109
16.812,693109
16.824,693109
16.837,693109
16.848,693109
16.848,693109
16.853,693109
16.863,693109
16.873,693109
16.88,693109
16.88,693109
16.895,693109
16.903,693109
16.908,693109
16.914,693109
16.922,693109
16.943,693109
16.945,693109
16.947,693109
16.947,693109
16.958,693109
16.961,693109
16.973,693109
16.976,693109
16.977,693109
16.979,693109
17,693109
17,693109
17.007,693109
17.009,693109
17.011,693109
17.011,693109
17.016,693109
17.03,693109
17.046,693109
17.049,693109
17.069,693109
17.074,693109
17.11,693109
17.121,693109
17.123,693109
17.13,693109
17.138,693109
17.15,693109
17.153,693109
17.156,693109
17.169,693109
17.175,693109
17.253,693109
17.256,693109
17.26,693109
17.263,693109
17.282,693109
17.303,693109
17.304,693109
17.313,693109
17.318,693109
17.338,693109
17.343,693109
17.358,693109
17.361,693109
17.368,693109
17.369,693109
17.377,693109
17.379,693109
17.381,693109
17.387,693109
17.392,693109
17.397,693109
17.398,693109
17.426,693109
17.432,693109
17.437,693109
17.451,693109
17.453,693109
17.455,693109
17.461,693109
17.47,693109
17.476,693109
17.49,693109
17.498,693109
17.504,693109
17.506,693109
17.51,693109
17.519,693109
17.556,693109
17.559,693109
17.567,693109
17.576,693109
17.592,693109
17.594,693109
17.638,693109
17.657,693109
17.659,693109
17.661,693109
17.681,693109
17.683,693109
17.704,693109
17.722,693109
17.73,693109
17.735,693109
17.745,693109
17.753,693109
17.758,693109
17.765,693109
17.77,693109
17.776,693109
17.78,693109
17.796,693109
17.826,693109
17.832,693109
17.833,693109
17.836,693109
17.842,693109
17.843,693109
17.856,693109
17.87,693109
17.872,693109
17.876,693109
17.88,693109
17.915,693109
17.94,693109
17.941,693109
17.948,693109
17.955,693109
17.958,693109
17.959,693109
17.963,693109
17.974,693109
17.983,693109
18.003,693109
18.013,693109
18.02,693109
18.023,693109
18.024,692939
18.036,692939
18.04,692939
18.044,692939
18.048,692939
18.092,691600
18.103,691600
18.113,691600
18.129,691600
18.149,691600
18.172,691600
18.176,691600
18.177,691600
18.181,691600
18.184,691600
18.19,691600
18.195,691600
18.204,691600
18.208,691600
18.212,691600
18.244,691600
18.248,691600
18.271,691600
18.278,691600
18.294,691600
18.295,691600
18.297,691600
18.307,691600
18.322,691600
18.325,691600
18.376,691600
18.382,691600
18.382,691600
18.392,691600
18.401,691600
18.434,691600
18.436,691600
18.443,691600
18.447,691600
18.482,691600
18.514,691600
18.52,691600
18.52,691600
18.527,691600
18.539,691600
18.546,691600
18.552,691600
18.567,691600
18.568,691600
18.576,691600
18.581,691600
18.587,691600
18.589,691600
18.602,691600
18.603,691600
18.607,691600
18.608,691600
18.622,691600
18.625,691600
18.652,691600
18.653,691600
18.667,691600
18.693,691600
18.703,691600
18.712,691600
18.717,691600
18.738,691600
18.756,691600
18.764,691600
18.775,691600
18.786,691600
18.799,691600
18.827,691600
18.85,691600
18.851,691600
18.862,691600
18.872,691600
18.876,691600
18.877,691600
18.882,691600
18.905,691600
18.931,691600
18.935,691600
18.963,691600
18.967,691600
18.98,691600
18.988,691600
18.99,691600
18.999,691600
19.022,691600
19.022,691600
19.038,691600
19.045,691600
19.08,691600
19.093,691600
19.096,691600
19.1,691600
19.103,691600
19.109,691600
19.12,691600
19.122,691600
19.126,691600
19.128,691600
19.141,691600
19.146,691600
19.148,691600
19.155,691600
19.181,691600
19.194,691600
19.195,691600
19.213,691600
19.225,691600
19.227,691600
19.234,691600
19.239,691600
19.256,691600
19.279,691600
19.288,691600
19.291,691600
19.292,691600
19.323,691600
19.325,691600
19.33,691600
19.332,691600
19.337,691600
19.348,691600
19.364,691600
19.368,691600
19.369,691600
19.384,691600
19.395,691600
19.397,691600
19.402,691600
19.415,691600
19.417,691600
19.419,691600
19.429,691600
19.434,691600
19.446,691600
19.474,691600
19.481,691600
19.484,691600
19.497,691600
19.506,691600
19.519,691600
19.523,691600
19.541,691600
19.572,691600
19.579,691600
19.581,691600
19.592,691600
19.61,691600
19.61,691600
19.616,691600
19.619,691600
19.631,691600
19.634,691600
19.643,691600
19.649,691600
19.653,691600
19.661,691600
19.667,691600
19.687,691600
19.688,691600
19.702,691600
19.72,691600
19.726,691600
19.727,691600
19.736,691600
19.754,691600
19.772,691600
19.777,691600
19.807,691600
19.825,691600
19.828,691600
19.834,691600
19.854,691600
19.861,691600
19.864,691600
19.867,691600
19.884,691600
19.895,691600
19.903,691600
19.905,691600
19.906,691600
19.906,691600
19.944,691600
19.945,691600
19.946,691600
19.95,691600
19.952,691600
19.963,691600
19.966,691600
19.977,691600
19.997,691600
20.001,691600
20.008,691600
20.015,691600
20.017,691600
20.023,691600
20.023,691600
20.024,691600
20.031,691600
20.047,691600
20.055,691600
20.067,691600
20.08,691600
20.103,691600
20.117,691600
20.12,691600
20.144,691600
20.167,691600
20.169,691600
20.172,691600
20.174,691600
20.177,691600
20.183,691600
20.195,691600
20.203,691600
20.213,691600
20.234,691600
20.245,691600
20.245,691600
20.251,691600
20.261,691600
20.28,691600
20.292,691600
20.294,691600
20.305,691600
20.308,691600
20.308,691600
20.312,691600
20.315,691600
20.32,691600
20.336,691600
20.347,691600
20.351,691600
20.364,691600
20.37,691600
20.372,691600
20.372,691600
20.391,691600
20.417,691600
20.421,691600
20.422,691600
20.435,691600
20.44,691600
20.442,691600
20.443,691600
20.443,691600
20.446,691600
20.448,691600
20.451,691600
20.452,691600
20.465,691600
20.468,691600
20.47,691600
20.481,691600
20.485,691600
20.489,691600
20.507,691600
20.516,691600
20.536,691600
20.542,691600
20.566,691600
20.574,691600
20.578,691600
20.579,691600
20.587,691600
20.604,691600
20.614,691600
20.616,691600
20.624,691600
20.625,691600
20.634,691600
20.636,691600
20.655,691600
20.666,691600
20.677,691600
20.678,691600
20.711,691600
20.714,691600
20.715,691600
20.721,691600
20.723,691600
20.738,691600
20.741,691600
20.756,691600
20.764,691600
20.764,691600
20.78,691600
20.782,691600
20.785,691600
20.812,691600
20.835,691600
20.844,691600
20.848,691600
20.864,691600
20.865,691600
20.917,691600
20.942,691600
20.951,691600
20.955,691600
20.957,691600
20.965,691600
20.974,691600
20.99,691600
20.991,691600
21.008,691600
21.031,691600
21.047,691600
21.058,691600
21.062,691600
21.069,691600
21.071,691600
21.074,691600
21.102,691600
21.11,691600
21.134,691600
21.137,691600
21.159,691600
21.162,691600
21.174,691600
21.175,691600
21.18,691600
21.185,691600
21.192,691600
21.201,691600
21.204,691600
21.212,691600
21.214,691600
21.219,691600
21.22,691600
21.246,691600
21.247,691600
21.278,691600
21.29,691600
21.3,691600
21.307,691600
21.311,691600
21.314,691600
21.325,691600
21.325,691600
21.338,691600
21.36,691600
21.379,691600
21.388,691600
21.389,691600
21.403,691600
21.433,691600
21.435,691600
21.442,691600
21.447,691600
21.52,691600
21.554,691600
21.565,691600
21.599,691600
21.599,691600
21.601,691600
21.602,691600
21.62,691600
21.655,691600
21.667,691600
21.68,691600
21.692,691600
21.705,691600
21.707,691600
21.711,691600
21.736,691600
21.743,691600
21.747,691600
21.753,691600
21.755,691600
21.756,691600
21.759,691600
21.764,691600
21.772,691600
21.79,691600
21.802,691600
21.825,691600
21.83,691600
21.832,691600
21.833,691600
21.834,691600
21.845,691600
21.874,691600
21.875,691600
21.876,691600
21.911,691600
21.934,691600
21.949,691600
21.956,691600
21.962,691600
21.973,691600
22.005,691600
22.007,691600
22.024,691600
22.027,691600
22.042,691600
22.043,691600
22.045,691600
22.054,691600
22.106,691600
22.113,691600
22.118,691600
22.124,691600
22.151,691600
22.151,691600
22.152,691600
22.171,691600
22.176,691600
22.178,691600
22.189,691600
22.2,691600
22.211,691600
22.219,691600
22.225,691600
22.228,691600
22.233,691600
22.243,691600
22.248,691600
22.253,691600
22.269,691600
22.273,691600
22.274,691600
22.28,691600
22.287,691600
22.288,691600
22.294,691600
22.327,691600
22.335,691600
22.351,691600
22.367,691600
22.374,691600
22.375,691600
22.39,691600
22.398,691600
22.399,691600
22.4,691600
22.405,691600
22.413,691600
22.417,691600
22.417,691600
22.48,691600
22.49,691600
22.494,691600
22.498,691600
22.506,691600
22.507,691600
22.515,691600
22.516,691600
22.519,691600
22.538,691600
22.54,691600
22.544,691600
22.547,691600
22.548,691600
22.553,691600
22.554,691600
22.559,691600
22.566,691600
22.583,691600
22.601,691600
22.611,691600
22.615,691600
22.636,691600
22.639,691600
22.649,691600
22.652,691600
22.663,691600
22.665,691600
22.676,691600
22.68,691600
22.704,691600
22.724,691600
22.733,691600
22.739,691600
22.741,691600
22.76,691600
22.779,691600
22.822,691600
22.826,691600
22.875,691600
22.883,691600
22.884,691600
22.901,691600
22.916,691600
22.932,691600
22.94,691600
22.945,691600
22.952,691600
22.956,691600
22.96,691600
22.966,691600
22.967,691600
22.987,691600
23.001,691600
23.015,691600
23.025,691600
23.041,691600
23.053,691600
23.054,691600
23.056,691600
23.08,691600
23.099,691600
23.102,691600
23.107,691600
23.131,691600
23.169,691600
23.189,691600
23.198,691600
23.216,691600
23.242,691600
23.254,691600
23.255,691600
23.311,691600
23.325,691600
23.329,691600
23.329,691600
23.338,691600
23.355,691600
23.355,691600
23.356,691600
23.364,691600
23.385,691600
23.393,691600
23.427,691600
23.432,691600
23.434,691600
23.436,691600
23.483,691600
23.495,691600
23.499,691600
23.51,691600
23.522,691600
23.533,691600
23.559,691600
23.561,691600
23.58,691600
23.585,691600
23.59,691600
23.614,691600
23.623,691600
23.629,691600
23.632,691600
23.659,691600
23.677,691600
23.684,691600
23.7,691600
23.728,691600
23.733,691600
23.746,691600
23.746,691600
23.787,691600
23.807,691600
23.809,691600
23.823,691600
23.823,691600
23.838,691600
23.851,691600
23.866,691600
23.879,691600
23.894,691600
23.898,691600
23.913,691600
23.916,691600
23.918,691600
23.942,691600
23.943,691600
23.946,691600
23.946,691600
23.957,691600
23.987,691600
24.022,691600
24.029,691600
24.032,691600
24.035,691600
24.061,691600
24.071,691600
24.076,691600
24.083,691600
24.098,691600
24.122,691600
24.128,691600
24.129,691600
24.142,691600
24.154,691600
24.162,691600
24.162,691600
24.182,691600
24.2,691600
24.262,691600
24.264,691600
24.286,691600
24.309,691600
24.311,691600
24.311,691600
24.314,691600
24.317,691600
24.322,691600
24.323,691600
24.327,691600
24.364,691600
24.376,691600
24.378,691600
24.379,691600
24.379,691600
24.39,691600
24.418,691600
24.426,691600
24.438,691600
24.51,691600
24.519,691600
24.558,691600
24.572,691600
24.593,691600
24.615,691600
24.624,691600
24.647,691600
24.657,691600
24.679,691600
24.697,691600
24.71,691600
24.714,691600
24.718,691600
24.725,691600
24.744,691600
24.755,691600
24.765,691600
24.765,691600
24.771,691600
24.773,691600
24.777,691600
24.781,691600
24.788,691600
24.797,691600
24.799,691600
24.799,691600
24.804,691600
24.811,691600
24.817,691600
24.888,691600
24.902,691600
24.908,691600
24.922,691600
24.924,691600
24.924,691600
24.933,691600
24.936,691600
24.938,691600
24.95,691600
24.953,691600
25.017,691600
25.022,691600
25.023,691600
25.034,691600
25.034,691600
25.038,691600
25.039,691600
25.077,691600
25.077,691600
25.083,691600
25.084,691600
25.102,691600
25.103,691600
25.119,691600
25.132,691600
25.135,691600
25.151,691600
25.193,691600
25.228,691600
25.25,691600
25.254,691600
25.267,691600
25.27,691600
25.305,691600
25.315,691600
25.322,691600
25.327,691600
25.332,691600
25.364,691600
25.365,691600
25.37,691600
25.39,691600
25.394,691600
25.404,691600
25.408,691600
25.416,691600
25.422,691600
25.422,691600
25.436,691600
25.456,691600
25.459,691600
25.478,691600
25.489,691600
25.493,691600
25.493,691600
25.513,691600
25.518,691600
25.553,691600
25.554,691600
25.58,691600
25.587,691600
25.595,691600
25.603,691600
25.613,691600
25.623,691600
25.632,691600
25.641,691600
25.676,691600
25.68,691600
25.711,691600
25.72,691600
25.722,691600
25.732,691600
25.745,691600
25.747,691600
25.753,691600
25.766,691600
25.777,691600
25.805,691600
25.811,691600
25.825,691600
25.842,691600
25.853,691600
25.863,691600
25.88,691600
25.89,691600
25.901,691600
25.903,691600
25.908,691600
25.916,691600
25.917,691600
25.926,691600
25.934,691600
25.938,691600
25.948,691600
25.951,691600
25.951,691600
25.966,691600
25.967,691600
25.998,691600
26.021,691600
26.051,691600
26.068,691600
26.094,691600
26.101,691600
26.126,691600
26.135,691600
26.149,691600
26.151,691600
26.163,691600
26.171,691600
26.184,691600
26.19,691600
26.196,691600
26.198,691600
26.198,691600
26.207,691600
26.212,691600
26.232,691600
26.243,691600
26.244,691600
26.25,691600
26.261,691600
26.262,691600
26.284,691600
26.308,691600
26.324,691600
26.325,691600
26.332,691600
26.345,691600
26.351,691600
26.387,691600
26.388,691600
26.397,691600
26.399,691600
26.409,691600
26.438,691600
26.44,691600
26.448,691600
26.463,691600
26.467,691600
26.475,691600
26.475,691600
26.476,691600
26.483,691600
26.516,691600
26.547,691600
26.548,691600
26.57,691600
26.589,691600
26.595,691600
26.6,691600
26.603,691600
26.637,691600
26.637,691600
26.648,691600
26.65,691600
26.682,691600
26.693,691600
26.693,691600
26.708,691600
26.72,691600
26.762,691600
26.796,691600
26.798,691600
26.8,691600
26.813,691600
26.819,691600
26.821,691600
26.836,691600
26.844,691600
26.847,691600
26.858,691600
26.858,691600
26.871,691600
26.874,691600
26.876,691600
26.878,691600
26.88,691600
26.881,691600
26.897,691600
26.915,691600
26.92,691600
26.929,691600
26.944,691600
26.956,691600
26.993,691600
26.994,691600
27.008,691600
27.008,691600
27.019,691600
27.02,691600
27.02,691600
27.025,691600
27.027,691600
27.041,691600
27.064,691600
27.077,691600
27.082,691600
27.095,691600
27.118,691600
27.124,691600
27.13,691600
27.134,691600
27.138,691600
27.148,691600
27.166,691600
27.213,691600
27.215,691600
27.22,691600
27.232,691600
27.242,691600
27.242,691600
27.249,691600
27.251,691600
27.264,691600
27.273,691600
27.273,691600
27.277,691600
27.284,691600
27.288,691600
27.325,691600
27.338,691600
27.343,691600
27.374,691600
27.379,691600
27.385,691600
27.39,691600
27.41,691600
27.413,691600
27.421,691600
27.423,691600
27.432,691600
27.479,691600
27.486,691600
27.494,691600
27.497,691600
27.503,691600
27.513,691600
27.518,691600
27.521,691600
27.525,691600
27.532,691600
27.544,691600
27.556,691600
27.563,691600
27.565,691600
27.571,691600
27.572,691600
27.579,691600
27.588,691600
27.597,691600
27.634,691600
27.636,691600
27.639,691600
27.641,691600
27.676,691600
27.682,691600
27.711,691600
27.744,691600
27.75,691600
27.753,691600
27.758,691600
27.765,691600
27.775,691600
27.788,691600
27.789,691600
27.796,691600
27.797,691600
27.804,691600
27.811,691600
27.818,691600
27.832,691600
27.845,691600
27.851,691600
27.853,691600
27.865,691600
27.871,691600
27.875,691600
27.875,691600
27.881,691600
27.881,691600
27.889,691600
27.896,691600
27.898,691600
27.901,691600
27.908,691600
27.917,691600
27.936,691600
27.995,691600
27.999,691600
28.004,691600
28.007,691600
28.023,691600
28.057,691600
28.064,691600
28.073,691600
28.086,691600
28.112,691600
28.117,691600
28.131,691600
28.148,691600
28.151,691600
28.183,691600
28.184,691600
28.189,691600
28.206,691600
28.206,691600
28.248,691600
28.254,691600
28.256,691600
28.263,691600
28.275,691600
28.277,691600
28.294,691600
28.295,691600
28.297,691600
28.318,691600
28.319,691600
28.32,691600
28.332,691600
28.334,691600
28.345,691600
28.348,691600
28.359,691600
28.373,691600
28.39,691600
28.397,691600
28.406,691600
28.411,691600
28.428,691600
28.432,691600
28.433,691600
28.439,691600
28.449,691600
28.449,691600
28.461,691600
28.473,691600
28.477,691600
28.491,691600
28.496,691600
28.497,691600
28.5,691600
28.52,691600
28.541,691600
28.544,691600
28.56,691600
28.577,691600
28.589,691600
28.593,691600
28.602,691600
28.629,691600
28.63,691600
28.634,691600
28.68,691600
28.698,691600
28.704,691600
28.716,691600
28.737,691600
28.738,691600
28.747,691600
28.753,691600
28.79,691600
28.805,691600
28.811,691600
28.821,691600
28.837,691600
28.841,691600
28.846,691600
28.846,691600
28.848,691600
28.878,691600
28.89,691600
28.894,691600
28.916,691600
28.94,691600
28.966,691600
28.968,691600
28.978,691600
28.982,691600
29.003,691600
29.012,691600
29.012,691600
29.016,691600
29.022,691600
29.031,691600
29.034,691600
29.056,691600
29.058,691600
29.068,691600
29.071,691600
29.074,691600
29.09,691600
29.106,691600
29.107,691600
29.12,691600
29.125,691600
29.137,691600
29.139,691600
29.156,691600
29.158,691600
29.168,691600
29.195,691600
29.201,691600
29.201,691600
29.215,691600
29.226,691600
29.231,691600
29.248,691600
29.262,691600
29.263,691600
29.268,691600
29.269,691600
29.275,691600
29.298,691600
29.308,691600
29.323,691600
29.34,691600
29.347,691600
29.364,691600
29.365,691600
29.376,691600
29.377,691600
29.379,691600
29.383,691600
29.391,691600
29.405,691600
29.406,691600
29.423,691600
29.424,691600
29.43,691600
29.441,691600
29.442,691600
29.451,691600
29.466,691600
29.476,691600
29.512,691600
29.52,691600
29.525,691600
29.541,691600
29.546,691600
29.547,691600
29.548,691600
29.552,691600
29.555,691600
29.559,691600
29.564,691600
29.575,691600
29.592,691600
29.597,691600
29.599,691600
29.624,691600
29.624,691600
29.627,691600
29.631,691600
29.634,691600
29.637,691600
29.642,691600
29.643,691600
29.65,691600
29.66,691600
29.663,691600
29.698,691600
29.698,691600
29.706,691600
29.709,691600
29.724,691600
29.739,691600
29.742,691600
29.767,691600
29.775,691600
29.786,691600
29.801,691600
29.821,691600
29.821,691600
29.828,691600
29.837,691600
29.853,691600
29.857,691600
29.865,691600
29.875,691600
29.892,691600
29.909,691600
29.916,691600
29.922,691600
29.927,691600
29.927,691600
29.933,691600
29.944,691600
29.947,691600
29.949,691600
29.954,691600
29.954,691600
29.962,691600
29.973,691600
29.973,691600
29.984,691600
29.994,691600
29.994,691600
29.997,691600
30.01,691600
30.012,691600
