0.001,6961532
0.002,6952459
0.002,6949743
0.002,6939405
0.003,6938800
0.003,6926495
0.003,6892224
0.004,6882290
0.004,6881240
0.004,6867595
0.004,6866471
0.006,6855806
0.006,6845987
0.006,6845579
0.006,6832060
0.006,6812193
0.006,6811455
0.006,6809100
0.007,6774279
0.007,6760666
0.007,6743892
0.007,6741306
0.007,6720944
0.008,6715227
0.008,6710997
0.008,6708437
0.008,6701409
0.008,6664643
0.008,6659171
0.01,6657744
0.01,6649642
0.01,6642216
0.01,6621011
0.01,6621011
0.01,6540307
0.01,6533002
0.012,6482894
0.012,6482007
0.012,6477011
0.012,6475050
0.012,6467190
0.012,6449266
0.014,6442169
0.014,6432136
0.014,6409218
0.014,6370303
0.014,6330464
0.015,6329848
0.015,6329752
0.015,6329526
0.015,6329526
0.015,6328825
0.016,6319478
0.016,6317868
0.016,6313465
0.016,6311485
0.016,6282778
0.016,6280274
0.016,6251422
0.018,6251384
0.018,6251384
0.019,6135331
0.019,6129858
0.019,6114541
0.019,6105097
0.02,6100671
0.02,6087627
0.02,6079019
0.02,6026598
0.02,6010705
0.02,5962630
0.021,5961870
0.021,5959616
0.021,5958353
0.021,5949727
0.021,5947880
0.021,5947373
0.022,5946368
0.022,5944060
0.022,5941761
0.022,5935010
0.022,5934635
0.023,5931080
0.023,5847893
0.023,5847598
0.024,5845562
0.024,5838255
0.024,5836462
0.024,5828205
0.025,5827555
0.025,5820290
0.025,5814114
0.025,5799417
0.026,5797970
0.026,5762602
0.026,5750377
0.026,5620719
0.027,5618306
0.027,5607381
0.028,5604278
0.028,5577478
0.029,5571450
0.029,5568571
0.029,5568093
0.03,5567264
0.03,5563383
0.03,5560231
0.031,5542392
0.031,5538189
0.031,5521596
0.031,5517991
0.032,5507176
0.032,5505226
0.032,5504352
0.032,5504157
0.032,5503153
0.033,5502428
0.033,5501201
0.033,5488028
0.033,5487131
0.033,5416306
0.033,5415414
0.034,5415394
0.034,5412746
0.034,5404784
0.034,5394971
0.034,5391960
0.034,5380701
0.035,5352722
0.035,5349755
0.035,5349650
0.036,5334437
0.036,5334067
0.036,5329136
0.036,5327884
0.037,5319671
0.037,5311340
0.037,5311252
0.039,5310813
0.039,5243649
0.039,5241851
0.039,5237328
0.04,5234999
0.04,5218614
0.04,5218113
0.041,5215816
0.042,5213546
0.042,5210786
0.042,5210786
0.043,5197292
0.043,5197035
0.043,5107902
0.043,5083224
0.043,5081965
0.044,5055193
0.044,5027651
0.044,5023209
0.045,5022377
0.045,5022235
0.045,4975948
0.046,4975006
0.046,4975006
0.047,4973894
0.047,4970811
0.047,4968364
0.048,4965213
0.048,4960065
0.049,4959521
0.049,4952333
0.049,4946443
0.05,4945049
0.05,4931579
0.051,4930903
0.051,4924088
0.051,4886099
0.051,4884731
0.051,4861478
0.052,4856923
0.052,4849895
0.053,4845984
0.053,4844396
0.054,4843387
0.054,4841554
0.055,4841550
0.055,4798655
0.055,4750120
0.055,4747295
0.056,4736380
0.057,4736367
0.057,4729331
0.057,4727308
0.057,4703133
0.057,4701724
0.058,4698402
0.058,4655877
0.058,4634694
0.059,4633985
0.06,4603114
0.06,4600682
0.061,4590493
0.061,4586188
0.061,4586173
0.061,4543123
0.062,4539140
0.062,4527521
0.062,4524975
0.063,4524658
0.063,4523294
0.064,4521240
0.064,4521240
0.064,4521024
0.064,4471654
0.065,4435034
0.065,4418227
0.065,4413331
0.065,4405925
0.066,4405798
0.067,4405769
0.067,4403707
0.067,4403535
0.068,4397311
0.069,4392457
0.07,4371626
0.071,4364005
0.071,4362812
0.072,4359381
0.072,4358144
0.073,4349444
0.073,4345779
0.073,4345779
0.074,4345420
0.074,4337083
0.075,4331338
0.075,4331338
0.076,4322875
0.076,4322666
0.076,4322666
0.077,4321123
0.077,4320981
0.078,4318103
0.078,4316829
0.079,4314574
0.079,4208205
0.08,4206780
0.08,4203573
0.08,4202410
0.08,4201380
0.08,4189687
0.081,4189226
0.081,4185742
0.082,4184366
0.084,4173772
0.086,4163582
0.087,4163538
0.087,4162496
0.088,4148635
0.089,4145560
0.089,4133175
0.089,4128427
0.09,4121780
0.092,4114204
0.093,4008538
0.094,4007066
0.094,4003799
0.095,4002911
0.095,3999951
0.096,3999446
0.096,3999259
0.096,3993889
0.097,3992984
0.097,3990861
0.097,3941317
0.101,3941317
0.103,3941317
0.103,3940542
0.104,3937323
0.105,3923589
0.106,3915796
0.106,3902518
0.107,3877993
0.108,3875033
0.109,3873974
0.11,3868642
0.11,3860920
0.11,3860329
0.111,3859093
0.113,3858970
0.115,3835897
0.116,3815889
0.116,3815619
0.117,3815429
0.118,3814242
0.118,3812901
0.118,3811115
0.118,3809812
0.118,3806239
0.119,3781736
0.119,3781736
0.12,3781230
0.12,3779466
0.121,3776537
0.123,3775037
0.124,3769937
0.124,3769793
0.125,3766484
0.125,3762504
0.125,3762480
0.126,3752505
0.126,3750110
0.126,3746051
0.127,3740748
0.129,3724208
0.129,3723761
0.13,3723757
0.131,3723756
0.132,3716925
0.133,3706996
0.133,3706813
0.133,3652663
0.133,3648921
0.135,3642955
0.135,3642186
0.137,3637670
0.138,3637436
0.139,3634748
0.139,3626344
0.139,3625924
0.14,3622713
0.141,3622530
0.142,3599622
0.143,3590388
0.143,3587539
0.144,3582135
0.144,3577425
0.146,3575764
0.146,3563551
0.147,3555591
0.148,3553371
0.15,3551952
0.151,3550690
0.152,3550670
0.152,3550536
0.152,3548010
0.153,3548010
0.153,3547739
0.155,3546285
0.155,3546169
0.156,3546066
0.157,3542585
0.159,3526003
0.16,3522364
0.16,3519373
0.161,3458454
0.161,3364580
0.162,3345630
0.163,3290656
0.163,3288880
0.164,3288756
0.164,3288320
0.164,3285478
0.166,3266605
0.166,3265567
0.166,3237337
0.168,3232822
0.169,3226471
0.17,3225277
0.17,3217847
0.172,3213447
0.173,3212809
0.173,3204985
0.173,3202632
0.174,3192753
0.175,3192753
0.175,3179010
0.175,3178499
0.177,3175254
0.177,3165886
0.177,3165691
0.177,3148206
0.178,3147427
0.179,3026316
0.18,3024568
0.18,3023389
0.181,3022732
0.183,3020198
0.184,3004956
0.184,3004956
0.184,3004445
0.184,3004326
0.185,3000592
0.185,2999987
0.186,2994761
0.186,2993049
0.187,2991326
0.187,2990562
0.187,2986374
0.188,2986162
0.189,2983429
0.19,2910977
0.19,2904197
0.192,2903326
0.192,2902529
0.195,2892998
0.196,2892211
0.196,2892193
0.196,2889309
0.197,2889309
0.197,2889081
0.197,2885550
0.198,2874127
0.199,2868278
0.199,2866157
0.2,2856424
0.2,2855861
0.202,2855861
0.202,2853896
0.202,2824944
0.204,2811325
0.205,2760111
0.206,2759666
0.206,2753384
0.207,2753384
0.208,2752634
0.209,2750820
0.211,2749620
0.213,2730123
0.214,2722534
0.216,2664203
0.216,2636128
0.216,2619836
0.217,2619439
0.218,2618843
0.22,2595824
0.221,2595325
0.221,2595018
0.222,2572021
0.226,2570773
0.227,2569299
0.227,2569112
0.228,2563486
0.229,2561178
0.229,2560367
0.231,2558435
0.231,2557673
0.233,2551393
0.234,2485447
0.234,2474495
0.235,2473092
0.237,2408225
0.237,2403050
0.238,2403033
0.239,2403033
0.24,2402579
0.24,2401168
0.24,2395487
0.241,2350542
0.242,2349274
0.242,2348085
0.242,2258184
0.243,2256650
0.244,2254201
0.246,2250486
0.246,2246881
0.247,2246273
0.248,2245143
0.25,2242856
0.251,2241291
0.252,2240475
0.253,2239009
0.253,2237126
0.257,2234709
0.257,2232697
0.257,2231603
0.258,2219429
0.259,2219240
0.259,2219240
0.26,2219240
0.26,2219240
0.262,2219240
0.263,2219240
0.264,2215164
0.265,2210007
0.265,2210007
0.266,2207916
0.267,2183256
0.268,2181330
0.271,2178502
0.271,2171651
0.272,2171651
0.275,2169865
0.277,2166172
0.278,2161626
0.28,2160774
0.281,2158649
0.286,2155574
0.286,2155099
0.287,2145936
0.287,2143852
0.29,2142857
0.29,2141759
0.293,2126190
0.293,2122038
0.293,2122038
0.294,2118052
0.296,2117060
0.298,2106972
0.299,2098932
0.302,2098174
0.304,2096465
0.306,2096428
0.309,2095424
0.309,2091836
0.31,2089327
0.31,2086706
0.311,2086270
0.312,2080551
0.313,2080020
0.313,2080020
0.314,2057771
0.315,2057625
0.315,2050153
0.317,2050153
0.317,2050000
0.318,2049890
0.318,2047267
0.319,2034502
0.319,2022382
0.321,2020535
0.321,1989468
0.322,1989231
0.324,1986361
0.325,1981811
0.325,1981286
0.326,1977116
0.329,1977116
0.329,1958185
0.329,1957891
0.331,1957203
0.334,1956638
0.335,1956245
0.336,1955164
0.34,1951857
0.341,1949691
0.342,1949691
0.342,1943509
0.347,1941108
0.348,1891559
0.348,1890108
0.353,1888763
0.354,1888763
0.357,1888215
0.359,1884674
0.361,1882643
0.362,1882508
0.363,1881408
0.37,1875033
0.37,1872804
0.373,1871691
0.375,1871691
0.376,1870223
0.383,1868826
0.387,1867061
0.387,1866143
0.391,1865862
0.392,1865354
0.393,1865271
0.394,1865271
0.394,1863027
0.395,1861105
0.399,1860924
0.41,1860681
0.413,1860681
0.414,1856749
0.416,1856369
0.417,1851682
0.418,1851002
0.419,1850129
0.422,1850129
0.423,1848835
0.428,1844802
0.428,1840735
0.429,1837080
0.432,1837080
0.432,1835986
0.433,1833801
0.434,1829554
0.436,1829358
0.437,1827104
0.438,1823041
0.439,1822478
0.441,1822478
0.441,1811303
0.442,1808402
0.442,1808163
0.442,1807182
0.445,1805839
0.446,1804897
0.447,1803710
0.449,1803710
0.45,1800498
0.452,1798792
0.456,1797082
0.457,1796317
0.458,1795584
0.458,1795584
0.458,1795584
0.462,1764753
0.464,1764201
0.466,1764201
0.466,1764072
0.469,1760267
0.47,1759709
0.47,1754985
0.471,1754502
0.471,1750993
0.475,1739670
0.482,1738003
0.482,1736771
0.483,1736771
0.5,1736620
0.5,1734829
0.508,1734259
0.509,1734259
0.51,1734259
0.512,1733216
0.515,1729469
0.516,1728589
0.517,1727363
0.52,1726741
0.521,1726632
0.529,1715276
0.53,1713086
0.531,1712925
0.532,1712925
0.533,1712925
0.538,1711659
0.539,1692832
0.542,1692832
0.543,1680119
0.547,1635814
0.548,1632454
0.554,1631260
0.556,1630646
0.557,1630323
0.566,1627980
0.567,1627038
0.579,1625557
0.58,1625305
0.582,1624485
0.585,1624485
0.585,1622992
0.586,1622992
0.587,1621659
0.587,1619793
0.59,1619793
0.593,1618517
0.595,1618516
0.598,1618516
0.604,1618516
0.608,1613360
0.611,1613108
0.612,1609592
0.617,1606455
0.622,1605011
0.634,1603593
0.634,1601082
0.636,1600733
0.637,1600284
0.638,1600284
0.641,1599860
0.641,1599628
0.646,1598959
0.648,1598532
0.649,1598040
0.655,1592089
0.655,1589627
0.657,1586967
0.658,1586074
0.659,1585092
0.661,1584625
0.663,1527120
0.667,1525748
0.669,1515369
0.671,1514239
0.676,1514239
0.678,1514239
0.684,1511622
0.692,1511622
0.694,1511622
0.696,1509294
0.696,1509294
0.7,1509294
0.702,1509294
0.707,1506668
0.717,1506668
0.72,1502983
0.723,1502983
0.723,1502983
0.731,1494081
0.732,1494081
0.733,1494081
0.734,1494081
0.734,1494081
0.737,1494081
0.745,1489498
0.746,1484120
0.751,1484099
0.756,1481828
0.758,1477422
0.759,1476249
0.759,1476249
0.761,1474134
0.764,1470820
0.768,1470820
0.771,1470366
0.776,1468910
0.777,1468910
0.793,1468910
0.795,1465260
0.797,1462068
0.798,1434171
0.801,1434171
0.804,1433936
0.806,1427361
0.809,1425828
0.81,1425828
0.812,1425636
0.816,1401107
0.818,1400877
0.821,1400877
0.826,1400186
0.828,1396888
0.83,1396349
0.831,1396277
0.844,1387304
0.847,1387304
0.852,1387304
0.855,1386152
0.856,1384747
0.877,1384006
0.88,1384006
0.88,1383556
0.881,1381837
0.883,1377795
0.884,1377007
0.889,1377007
0.889,1376207
0.893,1376207
0.903,1376200
0.908,1374721
0.909,1374721
0.91,1371743
0.91,1371743
0.913,1370965
0.913,1370344
0.919,1370106
0.92,1369788
0.921,1368036
0.921,1365530
0.925,1365530
0.927,1364800
0.928,1364800
0.93,1364800
0.932,1364800
0.932,1364800
0.938,1363734
0.946,1363734
0.946,1356819
0.949,1356381
0.956,1356381
0.959,1356381
0.963,1355784
0.97,1355520
0.976,1349002
0.977,1349002
0.98,1348038
0.982,1345825
0.983,1341337
0.984,1327330
0.988,1324692
0.994,1324623
0.996,1324623
1.008,1324054
1.011,1322695
1.013,1321634
1.021,1318736
1.029,1318736
1.032,1318736
1.033,1311872
1.033,1311872
1.043,1310103
1.045,1296169
1.048,1294982
1.049,1293093
1.055,1292906
1.059,1292906
1.064,1291577
1.066,1291577
1.069,1291028
1.08,1291028
1.087,1290317
1.088,1290307
1.09,1289110
1.094,1286654
1.097,1286633
1.098,1283339
1.105,1283339
1.109,1282623
1.115,1282006
1.117,1282006
1.119,1281692
1.132,1281173
1.135,1278743
1.137,1275186
1.14,1269005
1.148,1268451
1.153,1268451
1.154,1268451
1.161,1268451
1.162,1264977
1.164,1264977
1.167,1258026
1.184,1250580
1.187,1249899
1.189,1246167
1.189,1246142
1.19,1245790
1.196,1245790
1.2,1244752
1.2,1238588
1.205,1238588
1.207,1238378
1.21,1238378
1.221,1238378
1.232,1233969
1.233,1223942
1.235,1223942
1.243,1223522
1.246,1212842
1.249,1212353
1.249,1212353
1.25,1210291
1.256,1206214
1.257,1206149
1.274,1206149
1.297,1205778
1.3,1205778
1.306,1205778
1.308,1204028
1.309,1200952
1.31,1197486
1.314,1197486
1.323,1197486
1.328,1197486
1.331,1193874
1.332,1190389
1.336,1190389
1.349,1189879
1.351,1189715
1.353,1188657
1.36,1188429
1.379,1188429
1.382,1188429
1.383,1188429
1.395,1188409
1.398,1185045
1.398,1185045
1.406,1185045
1.41,1184982
1.413,1184956
1.417,1184711
1.423,1183804
1.423,1178150
1.426,1178150
1.433,1178150
1.434,1178150
1.442,1176602
1.442,1176123
1.442,1174689
1.445,1174689
1.445,1170498
1.461,1170498
1.462,1170498
1.466,1170250
1.468,1169983
1.468,1169242
1.475,1168670
1.476,1155115
1.479,1155115
1.488,1155115
1.501,1148130
1.504,1148130
1.539,1144279
1.545,1143338
1.547,1143338
1.551,1143338
1.552,1136633
1.559,1136633
1.564,1136383
1.567,1135237
1.578,1135237
1.583,1135237
1.586,1130958
1.591,1130958
1.594,1130958
1.597,1130958
1.601,1130958
1.603,1128729
1.604,1128705
1.606,1127971
1.619,1121410
1.624,1115125
1.624,1115125
1.625,1115125
1.639,1115125
1.648,1113658
1.654,1113658
1.659,1113658
1.663,1111194
1.665,1109724
1.666,1109044
1.669,1108449
1.669,1099971
1.682,1099971
1.683,1099971
1.685,1099971
1.71,1099971
1.726,1099971
1.739,1099971
1.742,1099753
1.748,1099753
1.753,1064232
1.757,1064232
1.761,1064232
1.765,1064226
1.767,1064226
1.77,1060003
1.78,1060003
1.783,1060003
1.788,1059325
1.789,1057689
1.793,1056537
1.801,1056537
1.803,1048490
1.81,1044993
1.819,1044993
1.82,1044156
1.821,1042036
1.828,1040931
1.829,1040931
1.838,1040931
1.841,1040931
1.843,1040931
1.853,1040931
1.861,1040931
1.862,1040931
1.863,1040931
1.877,1036553
1.879,1036553
1.884,1035210
1.89,1035210
1.896,1035210
1.896,1034733
1.902,1034733
1.903,1034733
1.904,1031408
1.908,1031374
1.919,1031374
1.923,1031374
1.941,1031374
1.944,1031374
1.952,1031374
1.953,1029978
1.955,1029978
1.969,1029978
1.971,1029978
1.975,1029978
1.976,1029978
1.98,1026683
1.981,1026683
1.982,1022927
1.984,1017051
1.996,1017051
2,1017051
2.012,1017051
2.015,1017051
2.016,1017051
2.03,1017051
2.039,1017051
2.04,1014362
2.046,1014362
2.05,1014362
2.062,1014362
2.087,1014362
2.093,1014362
2.109,1014362
2.113,1013530
2.115,1013530
2.116,1013530
2.117,1007704
2.117,1007704
2.122,1005942
2.124,1005942
2.125,1005553
2.129,1003859
2.13,1002338
2.135,1002338
2.137,1001838
2.141,1001838
2.146,1001838
2.154,1001838
2.154,1001838
2.161,1001838
2.162,1001838
2.162,1001838
2.163,1001264
2.164,999795
2.17,999795
2.17,999795
2.178,998710
2.181,998710
2.195,998710
2.195,998710
2.197,998710
2.201,958820
2.208,958820
2.211,958820
2.219,958255
2.224,958141
2.235,956924
2.241,956720
2.246,920464
2.252,920464
2.258,920464
2.28,920464
2.289,918581
2.299,918581
2.303,918581
2.309,918581
2.324,918581
2.33,917538
2.331,917538
2.346,916289
2.362,916289
2.365,913499
2.365,912584
2.368,912037
2.383,912037
2.386,912037
2.388,911600
2.398,909670
2.408,909461
2.408,890251
2.43,885835
2.434,884392
2.435,884392
2.44,884392
2.442,884392
2.443,884392
2.448,883132
2.449,882176
2.449,882176
2.459,882176
2.477,882176
2.482,882176
2.497,882176
2.498,882176
2.511,882176
2.52,882176
2.523,882176
2.547,881628
2.548,880237
2.55,879750
2.551,879750
2.572,879304
2.6,879262
2.6,878813
2.6,878813
2.606,878813
2.612,878078
2.612,878078
2.613,877469
2.619,877469
2.621,876412
2.63,876412
2.637,875342
2.638,875342
2.639,875342
2.645,872432
2.645,872432
2.645,872432
2.657,872432
2.667,872432
2.67,872432
2.687,872432
2.696,872432
2.7,870979
2.7,870979
2.702,870979
2.704,868841
2.723,868841
2.74,868841
2.749,868271
2.768,868242
2.77,866807
2.782,865700
2.787,865700
2.792,865700
2.793,865700
2.795,863593
2.8,863593
2.805,863593
2.806,863593
2.81,863593
2.817,863593
2.819,863593
2.821,859412
2.824,859412
2.827,858879
2.831,858879
2.831,858879
2.836,858293
2.841,858293
2.842,858293
2.849,858293
2.867,858293
2.869,856612
2.874,856612
2.88,856612
2.883,856575
2.897,856530
2.898,856530
2.906,856530
2.907,856530
2.917,855673
2.919,855673
2.92,854915
2.927,853734
2.931,853316
2.935,853316
2.942,853316
2.951,853316
2.965,852902
2.979,852902
2.98,852902
2.985,852902
2.986,851988
3.004,851988
3.018,851988
3.019,851988
3.02,851988
3.021,851988
3.029,851975
3.03,847651
3.035,847651
3.039,847651
3.039,847651
3.054,847651
3.059,847651
3.06,847178
3.064,847178
3.07,847178
3.076,846908
3.083,846316
3.096,846316
3.103,844034
3.105,836883
3.106,836883
3.117,836512
3.124,836512
3.129,836512
3.129,832735
3.144,832735
3.151,832735
3.16,832735
3.166,831885
3.169,831885
3.19,831885
3.201,831885
3.216,831885
3.217,831885
3.218,831838
3.234,831838
3.234,831838
3.246,831523
3.25,830765
3.254,830765
3.257,830765
3.261,829448
3.264,829448
3.267,829448
3.275,829448
3.281,829448
3.283,829448
3.286,829448
3.292,829448
3.309,829448
3.31,829448
3.317,829448
3.319,829448
3.325,829448
3.351,829448
3.362,829390
3.363,828957
3.364,828957
3.368,828733
3.37,828733
3.37,828733
3.372,828733
3.377,828733
3.38,828733
3.382,828733
3.394,828733
3.419,828518
3.419,828518
3.422,828518
3.439,828518
3.44,828518
3.441,828518
3.443,828439
3.446,828394
3.451,828394
3.454,828394
3.46,828394
3.473,828394
3.493,827799
3.499,827799
3.5,827799
3.501,827681
3.519,827621
3.523,823471
3.556,823471
3.556,822561
3.558,822561
3.564,822561
3.571,822561
3.571,821377
3.574,821377
3.574,821377
3.614,821377
3.631,821377
3.638,820384
3.646,820384
3.648,820384
3.651,820384
3.657,820384
3.658,820384
3.664,820384
3.672,820384
3.696,820384
3.706,817690
3.712,816600
3.715,815397
3.741,815397
3.741,815397
3.744,815397
3.753,815397
3.755,815397
3.767,815397
3.772,815397
3.783,814835
3.784,814835
3.819,814835
3.827,814147
3.831,812102
3.834,812102
3.847,812102
3.848,811422
3.857,811422
3.868,811009
3.872,811009
3.873,811009
3.878,811009
3.891,811009
3.899,811009
3.901,803959
3.905,793692
3.907,793692
3.912,793692
3.931,793692
3.932,792362
3.936,792362
3.94,792362
3.941,792362
3.959,792362
3.974,792362
3.982,792362
3.987,792362
3.989,792362
3.994,792362
3.996,792362
4.01,792362
4.017,792362
4.021,792362
4.025,792219
4.027,792188
4.028,792188
4.035,792188
4.042,790965
4.044,790877
4.054,790673
4.057,790673
4.066,790673
4.075,790673
4.084,790673
4.087,790673
4.097,784066
4.117,784066
4.123,784066
4.139,782385
4.143,779596
4.162,779169
4.164,779169
4.167,779169
4.17,779169
4.186,761790
4.196,760222
4.207,760222
4.219,760222
4.221,760222
4.227,760222
4.23,760222
4.246,760222
4.254,760222
4.257,760222
4.258,759859
4.268,758772
4.27,758772
4.278,758772
4.292,758532
4.296,758532
4.306,758532
4.314,758532
4.314,758532
4.336,758532
4.34,758532
4.34,758532
4.347,758532
4.363,758532
4.365,758532
4.37,758532
4.371,758532
4.377,758532
4.385,758448
4.396,758448
4.408,758448
4.414,758328
4.419,758328
4.439,758328
4.455,758110
4.465,758110
4.467,758110
4.483,757937
4.483,757937
4.486,757937
4.504,757937
4.513,757937
4.518,757937
4.52,757937
4.527,757937
4.536,756944
4.538,756944
4.549,756933
4.552,756605
4.557,756605
4.562,756605
4.567,756605
4.591,756587
4.604,752654
4.61,752654
4.613,749388
4.619,749388
4.625,749388
4.637,748999
4.641,748999
4.667,748999
4.673,748999
4.678,748999
4.697,748999
4.715,748061
4.728,748061
4.735,748061
4.735,748061
4.808,748061
4.819,748061
4.828,748061
4.83,748061
4.832,748061
4.836,748061
4.841,748061
4.846,748061
4.848,748061
4.849,748061
4.852,748061
4.866,748061
4.87,748061
4.879,748061
4.885,748061
4.893,748061
4.893,748061
4.895,748061
4.906,748061
4.909,748061
4.918,747675
4.933,747675
4.938,747675
4.938,747675
4.953,747675
4.979,747675
4.984,747675
5.013,747675
5.04,747675
5.047,747675
5.052,747675
5.075,747675
5.089,747675
5.093,747675
5.123,747675
5.124,747564
5.13,747564
5.151,747564
5.154,747564
5.16,747564
5.175,747564
5.182,747564
5.188,747564
5.189,747564
5.203,741710
5.224,741710
5.23,741710
5.233,741710
5.24,741569
5.246,741569
5.266,740259
5.268,740259
5.27,740259
5.29,740259
5.29,740259
5.298,740259
5.306,740259
5.313,740259
5.319,740259
5.328,740259
5.337,740259
5.34,740259
5.346,740259
5.357,740259
5.363,740259
5.381,740259
5.381,740259
5.392,740259
5.397,740259
5.401,739760
5.426,739760
5.448,739760
5.469,739760
5.488,739760
5.489,739760
5.496,739760
5.498,739760
5.505,739760
5.513,739325
5.514,739325
5.518,739325
5.536,739325
5.537,739300
5.553,739300
5.561,739300
5.57,739300
5.573,739300
5.584,739300
5.586,739300
5.589,739300
5.592,739300
5.599,739300
5.611,739300
5.615,739300
5.623,739300
5.637,739300
5.647,739300
5.652,739300
5.671,738893
5.677,738893
5.697,738893
5.717,738893
5.725,738893
5.741,738893
5.744,738893
5.745,738893
5.747,738893
5.753,738893
5.762,738893
5.768,738893
5.769,738893
5.771,738893
5.772,738893
5.772,738893
5.774,738893
5.811,738893
5.821,738893
5.825,738893
5.83,738893
5.833,738893
5.837,738690
5.844,738417
5.854,738417
5.864,738417
5.885,738417
5.899,738417
5.911,738417
5.918,738417
5.922,738417
5.924,737692
5.934,737692
5.948,737692
5.967,737692
5.985,737692
6.006,737692
6.013,737692
6.015,737692
6.017,737692
6.054,737692
6.056,737692
6.085,737692
6.09,737692
6.093,737692
6.096,737692
6.108,737692
6.115,737692
6.123,737692
6.177,737692
6.201,737692
6.205,737692
6.232,737692
6.233,737692
6.238,737692
6.242,737692
6.274,737692
6.289,737692
6.298,737692
6.305,737692
6.331,737692
6.331,737692
6.332,737692
6.334,737692
6.337,737692
6.337,737525
6.358,737525
6.375,737525
6.382,737525
6.389,737525
6.438,737525
6.472,737525
6.491,737525
6.5,737525
6.509,737525
6.526,737525
6.53,737525
6.535,737525
6.561,737348
6.562,737348
6.565,737029
6.566,737029
6.58,737029
6.6,737029
6.6,737029
6.603,737029
6.606,737029
6.613,736462
6.614,736462
6.619,736462
6.635,736462
6.637,736462
6.639,736462
6.645,736462
6.669,736462
6.672,735166
6.674,735166
6.675,735166
6.678,735166
6.686,735166
6.693,735166
6.704,735166
6.706,735166
6.709,735166
6.713,734376
6.714,734376
6.719,734376
6.735,734372
6.738,734372
6.745,734372
6.747,733641
6.75,733641
6.751,733641
6.762,733641
6.764,733338
6.766,733338
6.773,733338
6.774,732035
6.781,732035
6.785,732035
6.789,732035
6.816,732035
6.826,732035
6.838,732035
6.839,732035
6.842,732035
6.843,732035
6.843,732035
6.848,732035
6.864,732035
6.865,732035
6.87,732035
6.907,732035
6.914,732035
6.923,732035
6.93,732035
6.931,732035
6.936,732035
6.941,732035
6.944,732035
6.949,732035
6.955,732035
6.972,732035
6.974,732035
6.976,732035
6.986,732035
6.994,732035
7,732035
7.001,732035
7.004,732035
7.026,732035
7.031,732035
7.031,732035
7.033,732035
7.044,732035
7.045,732035
7.047,732035
7.055,732035
7.066,731327
7.073,731327
7.088,731327
7.096,731327
7.114,731327
7.115,731327
7.123,731327
7.129,731327
7.135,731327
7.136,731327
7.141,731327
7.146,731327
7.153,731327
7.159,731327
7.17,731327
7.195,731327
7.199,731327
7.224,731327
7.225,731327
7.225,731327
7.226,731327
7.245,731327
7.268,731327
7.295,731327
7.311,731327
7.348,731327
7.358,731327
7.372,731125
7.372,731125
7.383,731125
7.396,731125
7.42,731125
7.434,731125
7.47,731125
7.478,731125
7.493,731125
7.497,731125
7.499,731125
7.501,731125
7.527,731125
7.53,731125
7.535,730951
7.542,730951
7.55,730951
7.558,730951
7.57,730951
7.574,730951
7.578,730951
7.581,730951
7.587,730951
7.593,730951
7.593,730951
7.608,730951
7.628,730951
7.633,730951
7.634,730951
7.647,730951
7.648,730951
7.651,730951
7.668,730951
7.703,730951
7.75,730783
7.772,730783
7.777,730783
7.778,730783
7.785,730783
7.793,730783
7.804,730783
7.813,730783
7.828,730783
7.842,725950
7.85,725950
7.857,725950
7.859,725950
7.863,725950
7.864,725950
7.885,725950
7.885,725950
7.897,725950
7.908,725950
7.929,725950
7.939,725950
7.947,725950
7.949,725950
7.951,724804
7.974,724804
7.978,724804
7.984,724804
7.988,724804
7.989,724804
7.994,724804
8.029,724804
8.032,724804
8.032,724804
8.042,724804
8.052,724804
8.056,724804
8.058,724804
8.066,724804
8.081,724804
8.089,724804
8.09,724804
8.096,724804
8.098,724804
8.108,724696
8.133,724696
8.143,724696
8.147,724696
8.153,724696
8.163,724696
8.188,724696
8.194,724696
8.201,724696
8.201,724696
8.203,724696
8.212,724696
8.227,724696
8.256,724696
8.259,724696
8.264,724696
8.275,724696
8.288,724696
8.29,724696
8.293,724696
8.302,724696
8.311,724696
8.332,724696
8.339,724696
8.343,724122
8.352,724122
8.356,724122
8.365,724122
8.366,724122
8.368,724122
8.371,724122
8.391,724122
8.409,724122
8.466,719180
8.486,719180
8.49,719180
8.492,719180
8.509,719180
8.51,719180
8.522,719180
8.538,719180
8.548,719180
8.548,719180
8.565,719180
8.57,719180
8.611,719180
8.617,719180
8.622,719180
8.625,719180
8.675,719180
8.677,719180
8.686,719180
8.686,719180
8.694,719180
8.696,719180
8.703,719180
8.704,719180
8.705,719180
8.721,719180
8.724,719180
8.733,719180
8.741,719180
8.759,719180
8.762,719180
8.766,718269
8.771,718269
8.776,718269
8.792,718269
8.805,718269
8.809,718269
8.81,718269
8.813,718269
8.816,718269
8.821,718269
8.828,718269
8.844,718269
8.865,718269
8.872,718269
8.874,718269
8.909,718269
8.914,718269
8.916,718269
8.921,718269
8.928,718269
8.939,718269
8.945,718269
8.953,718269
8.956,718269
8.959,718269
8.967,718269
8.977,718269
8.982,718269
8.988,718269
8.988,718269
8.995,718095
8.996,718095
9.013,718095
9.014,718095
9.017,718095
9.065,718095
9.072,718095
9.083,718095
9.088,718095
9.089,718095
9.098,718095
9.101,718095
9.103,718095
9.119,718095
9.119,718095
9.127,718095
9.127,718095
9.129,718095
9.144,718095
9.17,718095
9.175,718095
9.177,718095
9.189,718095
9.204,718095
9.205,718095
9.209,718095
9.232,717936
9.234,717936
9.239,717936
9.241,717936
9.245,717936
9.248,717936
9.256,717936
9.264,717936
9.273,717936
9.298,717936
9.298,717936
9.312,717936
9.329,717936
9.33,717936
9.333,717936
9.343,717936
9.343,717936
9.345,717804
9.347,717804
9.357,717804
9.369,717136
9.373,717136
9.392,717136
9.402,717136
9.403,717136
9.41,717136
9.437,717136
9.448,717136
9.471,717136
9.493,717136
9.498,717136
9.499,717136
9.501,717136
9.502,699718
9.517,699718
9.52,699718
9.552,699718
9.557,699718
9.559,699718
9.565,699718
9.565,699718
9.582,699718
9.59,699718
9.594,699718
9.601,699718
9.602,699718
9.616,699718
9.649,699718
9.667,699718
9.671,699456
9.675,699456
9.683,699456
9.696,699456
9.714,699456
9.724,699456
9.737,699456
9.739,699456
9.742,699456
9.749,699456
9.751,699456
9.76,699456
9.765,699456
9.765,699456
9.766,699456
9.781,699456
9.789,699456
9.794,699456
9.837,699456
9.87,698117
9.885,698117
9.902,698117
9.921,698117
9.944,698117
9.965,698117
9.967,698117
9.987,698117
9.99,698117
10.012,698117
10.038,698117
10.039,698117
10.04,698117
10.042,698117
10.049,698117
10.067,698117
10.089,698117
10.119,698117
10.128,698117
10.132,698117
10.137,698117
10.159,698117
10.181,698117
10.182,698117
10.182,698117
10.188,698117
10.192,698117
10.195,698117
10.198,698117
10.208,698117
10.209,698117
10.215,698117
10.22,698117
10.236,698117
10.247,698117
10.264,698117
10.271,698117
10.277,698117
10.297,698117
10.303,698117
10.307,698117
10.325,698117
10.326,698117
10.331,698084
10.332,698084
10.342,698084
10.364,698084
10.367,698084
10.368,698084
10.369,698084
10.37,698084
10.385,698084
10.398,698084
10.424,698084
10.475,698084
10.476,698084
10.477,698084
10.515,698084
10.526,698084
10.53,698084
10.537,698084
10.54,698084
10.572,698084
10.575,698084
10.578,698084
10.612,698084
10.63,698084
10.637,698084
10.65,698084
10.65,698084
10.675,698084
10.693,698084
10.698,698084
10.707,698084
10.729,698084
10.735,698084
10.743,698084
10.749,698084
10.759,698084
10.792,698084
10.793,698084
10.797,698084
10.827,698084
10.837,698084
10.846,698084
10.864,698084
10.871,698084
10.872,697339
10.895,697339
10.896,697339
10.897,697339
10.897,697339
10.902,697339
10.904,697339
10.907,697339
10.921,697339
10.923,697339
10.969,697339
10.995,697339
11.007,697339
11.012,697339
11.017,697339
11.028,697339
11.035,697339
11.037,697339
11.051,697339
11.053,697339
11.061,697339
11.065,697339
11.065,697339
11.086,697339
11.105,697339
11.108,697339
11.115,697339
11.138,697339
11.143,697339
11.153,697339
11.165,697339
11.178,697339
11.187,697339
11.188,697339
11.191,697339
11.204,697339
11.209,697339
11.213,697339
11.221,697339
11.224,697074
11.251,697074
11.255,697074
11.258,697074
11.264,697074
11.265,697074
11.282,697074
11.294,697074
11.302,697074
11.311,697074
11.311,697074
11.317,697074
11.361,697074
11.429,697074
11.444,697074
11.45,697074
11.451,697074
11.453,697074
11.457,697074
11.459,697074
11.461,697074
11.477,697074
11.495,697074
11.514,697074
11.518,697074
11.536,697074
11.558,697074
11.562,697074
11.568,697074
11.569,697074
11.577,697074
11.584,697074
11.587,697074
11.621,697074
11.623,697074
11.628,697074
11.631,696962
11.634,696962
11.635,696962
11.635,696962
11.649,696962
11.654,696962
11.667,696962
11.67,696962
11.673,696962
11.684,696962
11.687,696962
11.689,696962
11.696,696962
11.697,696962
11.707,696962
11.709,696962
11.715,696962
11.728,696962
11.732,696962
11.738,696962
11.759,696962
11.762,696962
11.772,696962
11.775,696962
11.777,696962
11.784,696962
11.788,696962
11.82,696962
11.822,696962
11.826,696962
11.847,696962
11.851,696962
11.857,696962
11.857,696962
11.879,696962
11.909,696962
11.929,696962
11.938,696962
11.961,696962
11.965,696962
11.98,696962
11.983,696962
11.988,696962
12.013,696962
12.013,696962
12.045,696962
12.049,696962
12.052,696962
12.056,696962
12.081,696962
12.084,696962
12.096,696962
12.096,696962
12.103,696962
12.124,696962
12.127,696962
12.128,696962
12.138,696962
12.157,696962
12.159,696962
12.161,696962
12.17,696962
12.174,696962
12.181,696962
12.192,696962
12.199,696962
12.203,696962
12.206,696962
12.208,696962
12.234,696962
12.245,696962
12.267,696962
12.269,696962
12.276,696962
12.282,696962
12.283,696962
12.287,696962
12.304,696962
12.306,696962
12.309,696962
12.312,696962
12.325,696962
12.344,696962
12.348,696962
12.355,696962
12.367,696962
12.375,696962
12.377,696962
12.382,696962
12.407,696962
12.418,696962
12.43,696962
12.432,696962
12.432,696962
12.447,696962
12.457,696962
12.465,696962
12.469,696962
12.476,696962
12.492,696962
12.494,696962
12.502,696962
12.504,696962
12.504,696962
12.529,696962
12.535,696962
12.549,696962
12.559,696962
12.559,696962
12.565,696962
12.57,696885
12.572,696885
12.575,696885
12.576,696885
12.605,696602
12.612,696602
12.629,696602
12.645,696602
12.653,696602
12.656,696602
12.669,696602
12.674,696602
12.686,696602
12.693,696602
12.693,696209
12.699,696209
12.707,696209
12.721,696209
12.723,696209
12.731,696209
12.734,696209
12.738,696209
12.749,696209
12.751,696209
12.754,696209
12.783,693134
12.786,693134
12.788,693134
12.814,693134
12.817,693134
12.823,693134
12.826,693134
12.832,693134
12.838,693134
12.843,693134
12.849,693134
12.855,693134
12.877,693134
12.882,693134
12.902,693134
12.903,693134
12.93,693134
12.938,693134
12.96,693134
12.961,693134
12.978,693134
13.008,693134
13.021,693134
13.035,693134
13.047,693134
13.05,693134
13.055,693134
13.058,693134
13.072,693134
13.081,693134
13.093,693134
13.1,693134
13.115,693134
13.126,693134
13.131,693134
13.141,693134
13.152,693134
13.154,693134
13.164,693134
13.168,693134
13.18,693134
13.185,693134
13.186,693134
13.194,693134
13.198,693134
13.203,693134
13.219,693134
13.222,693134
13.229,693134
13.263,693134
13.276,693134
13.282,693134
13.295,693134
13.297,693134
13.3,693134
13.318,693134
13.328,693134
13.33,693134
13.36,693134
13.364,693134
13.374,693134
13.378,693134
13.38,693134
13.386,693134
13.408,693134
13.418,693134
13.434,693134
13.448,693134
13.456,693134
13.459,693134
13.46,693134
13.491,693134
13.51,693134
13.521,693134
13.553,693134
13.556,693134
13.557,693134
13.558,693134
13.558,693134
13.575,693134
13.576,693134
13.586,693134
13.587,693134
13.613,693134
13.626,693134
13.641,693134
13.649,693134
13.662,693134
13.665,693134
13.677,693134
13.678,693134
13.707,693134
13.723,693134
13.737,693134
13.737,693134
13.739,693134
13.753,693134
13.759,693134
13.775,693134
13.783,693134
13.783,693134
13.787,693134
13.793,692496
13.795,691813
13.799,691813
13.863,691813
13.873,691813
13.873,691813
13.879,691813
13.881,691813
13.886,691813
13.899,691813
13.903,691813
13.911,691813
13.924,691813
13.939,691813
13.948,691813
13.95,691813
13.96,691813
13.983,691813
13.999,691813
14.019,691813
14.023,691813
14.056,691813
14.08,691813
14.085,691813
14.1,691813
14.109,691813
14.114,691813
14.12,691813
14.14,691813
14.144,691813
14.144,691813
14.146,691813
14.151,691813
14.169,691813
14.189,691813
14.228,691813
14.239,691813
14.24,691813
14.244,691813
14.245,691813
14.26,691813
14.285,691813
14.32,691813
14.334,691813
14.348,691813
14.359,691813
14.367,691813
14.382,691813
14.386,691813
14.404,691813
14.407,691813
14.408,691813
14.416,691813
14.417,691813
14.419,691813
14.428,691813
14.439,691813
14.45,691813
14.451,691813
14.452,691813
14.485,691813
14.492,691813
14.495,691813
14.517,691813
14.521,691813
14.528,691813
14.532,691813
14.554,691813
14.559,691813
14.574,691813
14.584,691813
14.584,691813
14.585,691813
14.607,691813
14.633,691813
14.638,691813
14.649,691813
14.676,691813
14.684,691813
14.687,691813
14.702,691813
14.702,691813
14.725,691813
14.726,691813
14.746,691813
14.757,691813
14.761,691813
14.768,691813
14.772,691813
14.78,691813
14.798,691813
14.8,691813
14.802,691813
14.804,691813
14.811,691813
14.815,691813
14.821,691813
14.845,691813
14.85,691813
14.869,691813
14.886,691813
14.891,691813
14.904,691813
14.907,691813
14.914,691813
14.918,691813
14.949,691813
14.951,691813
14.956,691813
14.965,691813
14.97,691813
15.001,691813
15.007,691813
15.012,691813
15.018,691813
15.032,691813
15.039,691813
15.052,691813
15.059,691813
15.059,691813
15.065,691813
15.066,691813
15.067,691813
15.072,691813
15.074,691813
15.089,691813
15.09,691813
15.097,691813
15.102,691813
15.106,691813
15.122,691813
15.13,691813
15.144,691813
15.153,691813
15.169,691813
15.173,691813
15.175,691813
15.188,691813
15.192,691813
15.2,691813
15.202,691813
15.208,691813
15.223,691813
15.226,691813
15.26,691813
15.261,691813
15.291,691813
15.291,691813
15.293,691813
15.299,691813
15.311,691813
15.315,691813
15.329,691813
15.33,691813
15.335,691813
15.336,691813
15.348,691813
15.377,691813
15.395,691813
15.406,691813
15.426,691813
15.428,691813
15.44,691813
15.456,691813
15.474,691813
15.497,691813
15.504,691813
15.523,691813
15.549,691813
15.565,691813
15.606,691813
15.611,691813
15.616,691813
15.619,691813
15.633,691813
15.641,691813
15.641,691813
15.662,691813
15.668,691813
15.68,691813
15.685,691813
15.697,691813
15.7,691813
15.707,691813
15.724,691813
15.739,691813
15.74,691813
15.748,691813
15.749,691813
15.769,691813
15.778,691813
15.838,691813
15.839,691813
15.841,691813
15.847,691813
15.851,691813
15.864,691813
15.865,691813
15.865,691813
15.868,691813
15.876,691813
15.901,691813
15.92,691813
15.942,691813
15.945,691813
15.959,691813
15.965,691813
15.977,691813
15.982,691813
15.991,691813
15.996,691813
16.002,691813
16.004,691813
16.009,691813
16.012,691813
16.013,691813
16.013,691813
16.015,691813
16.015,691813
16.016,691813
16.022,691813
16.046,691813
16.053,691813
16.055,691813
16.064,691813
16.073,691813
16.1,691813
16.116,691813
16.124,691813
16.129,691813
16.144,691813
16.151,691813
16.169,691813
16.178,691813
16.203,691813
16.206,691813
16.218,691813
16.224,691813
16.226,691813
16.234,691813
16.239,691813
16.246,691813
16.285,691813
16.293,691813
16.305,690814
16.311,690814
16.316,690814
16.353,690814
16.424,690814
16.433,690814
16.437,690814
16.451,690814
16.478,688814
16.485,688814
16.503,688814
16.505,688814
16.51,688814
16.519,688814
16.52,688814
16.521,688814
16.522,688814
16.522,688814
16.525,688814
16.528,688814
16.53,688814
16.543,688814
16.562,688814
16.58,688814
16.592,688814
16.607,688814
16.609,688814
16.634,688814
16.642,688814
16.644,688814
16.653,688814
16.654,688814
16.663,688814
16.669,688814
16.678,688814
16.687,688814
16.691,688814
16.707,688814
16.722,688814
16.779,688814
16.785,688814
16.806,688814
16.819,688814
16.849,688814
16.854,688814
16.861,688814
16.864,688814
16.879,688814
16.902,688814
16.94,688814
16.945,688814
16.951,688814
16.96,688814
16.973,688814
16.977,688814
16.983,688814
16.991,688814
17.013,688814
17.017,688814
17.017,688814
17.054,688814
17.06,688814
17.061,688814
17.069,688814
17.07,688814
17.072,688814
17.074,688814
17.076,688814
17.076,688814
17.078,688814
17.079,688814
17.08,688814
17.086,688814
17.104,688814
17.117,688814
17.15,688814
17.15,688814
17.151,688814
17.153,688814
17.155,688814
17.203,688814
17.211,688814
17.214,688814
17.216,688814
17.218,688814
17.246,688814
17.248,688814
17.26,688814
17.307,688814
17.31,688814
17.311,688814
17.311,688814
17.332,688814
17.337,688814
17.34,688814
17.35,688814
17.352,688814
17.369,688814
17.372,688814
17.375,688814
17.379,688814
17.403,688814
17.404,688814
17.413,688814
17.42,688814
17.426,688814
17.43,688814
17.435,688814
17.439,688814
17.443,688814
17.449,688814
17.45,688814
17.506,688814
17.564,688814
17.565,688814
17.567,688814
17.617,688814
17.625,688814
17.64,688814
17.645,688814
17.648,688814
17.657,688814
17.66,688814
17.666,688814
17.681,688814
17.682,687625
17.696,687625
17.707,687625
17.731,687625
17.75,687625
17.751,687625
17.756,687625
17.758,687625
17.765,687625
17.775,687625
17.777,687625
17.791,687625
17.794,687625
17.794,687625
17.8,687625
17.829,687625
17.85,687625
17.853,687625
17.861,687625
17.867,687625
17.91,687625
17.912,687625
17.915,687625
17.919,687625
17.923,687625
17.928,687625
17.931,687625
17.949,687625
17.949,687625
17.951,687625
17.963,687625
17.979,687625
17.981,687625
17.997,687625
17.999,687625
18,687625
18.007,687625
18.026,687625
18.037,687625
18.044,687625
18.066,687625
18.08,687625
18.088,687625
18.101,687625
18.111,687625
18.128,687625
18.161,687625
18.167,687625
18.176,687625
18.202,687625
18.204,687625
18.207,687625
18.217,687625
18.231,687625
18.231,687453
18.248,687453
18.252,687453
18.254,687453
18.255,687453
18.256,687453
18.263,687453
18.268,687453
18.272,687453
18.274,687453
18.281,687453
18.292,687453
18.301,687453
18.306,687453
18.309,687453
18.31,687453
18.314,687453
18.334,687453
18.336,687453
18.342,687453
18.344,687453
18.35,687453
18.36,687453
18.361,687453
18.362,687453
18.375,687453
18.376,687453
18.41,687453
18.432,687453
18.458,687453
18.484,687453
18.497,687453
18.506,687453
18.522,687453
18.545,687453
18.582,687453
18.591,687453
18.603,687453
18.634,687453
18.637,687453
18.657,687453
18.669,687453
18.691,687453
18.706,687453
18.71,687453
18.722,687453
18.727,687453
18.737,687453
18.74,687453
18.754,687453
18.763,687453
18.811,687453
18.843,687453
18.846,687453
18.853,687453
18.881,687453
18.883,687453
18.895,687453
18.917,687453
18.918,687453
18.926,687453
18.935,687453
18.944,687453
18.95,687453
18.983,687453
18.987,687453
18.99,687453
18.996,687453
19.004,687453
19.012,687453
19.019,687453
19.034,687453
19.036,687453
19.097,687453
19.106,687453
19.111,687453
19.116,687453
19.122,687453
19.124,687453
19.124,687453
19.126,687453
19.148,687453
19.155,687453
19.155,687453
19.165,687453
19.191,687453
19.221,687453
19.224,687453
19.236,687453
19.244,687453
19.244,687453
19.26,687453
19.274,687453
19.28,687453
19.29,687453
19.292,687453
19.305,687453
19.314,687453
19.319,687453
19.327,687453
19.353,687453
19.354,687453
19.373,687453
19.379,687453
19.379,687453
19.387,687453
19.409,687453
19.428,687453
19.442,687453
19.454,687453
19.471,687453
19.475,687453
19.476,687453
19.481,687453
19.487,687453
19.502,687453
19.518,687453
19.548,687453
19.557,687453
19.559,687453
19.565,687453
19.572,687453
19.573,687453
19.573,687453
19.576,687453
19.578,687453
19.596,687453
19.606,687453
19.609,687453
19.611,687453
19.617,687453
19.636,687453
19.649,687453
19.651,687453
19.654,687453
19.668,687453
19.669,687453
19.68,687453
19.684,687453
19.689,687453
19.7,687453
19.701,687453
19.717,687453
19.735,687453
19.744,687453
19.76,687453
19.766,687453
19.77,687453
19.778,687453
19.779,687453
19.782,687453
19.789,687453
19.791,687453
19.803,687453
19.812,687453
19.818,687453
19.827,687453
19.834,687453
19.839,687453
19.861,687453
19.876,687453
19.883,687453
19.93,687453
19.946,687453
19.948,687453
19.949,687453
19.958,687453
19.963,687453
19.963,687453
20.016,687453
20.022,687453
20.037,687453
20.051,687453
20.067,687453
20.069,687453
20.112,687453
20.126,687453
20.126,687453
20.129,687453
20.13,687453
20.134,687453
20.162,687453
20.176,687453
20.191,687453
20.192,687453
20.211,687453
20.211,687453
20.223,687453
20.234,687453
20.234,687453
20.234,687453
20.257,687453
20.262,687453
20.287,687453
20.293,687453
20.303,687453
20.307,687453
20.308,687453
20.314,687453
20.314,687453
20.318,687453
20.344,687453
20.345,687453
20.35,687453
20.35,687453
20.351,687453
20.354,687453
20.359,687453
20.363,687453
20.373,687453
20.373,687453
20.393,687453
20.401,687453
20.404,687453
20.427,687453
20.466,687453
20.474,687453
20.5,687453
20.509,687453
20.516,687453
20.522,687453
20.535,687453
20.543,687453
20.548,687453
20.555,687453
20.559,687453
20.586,687453
20.592,687453
20.601,687453
20.603,687453
20.611,687453
20.627,687453
20.628,687453
20.638,687453
20.644,687453
20.667,687453
20.677,687453
20.693,687453
20.694,687453
20.708,687453
20.711,687453
20.719,687453
20.772,687453
20.782,687453
20.799,687453
20.799,687453
20.8,687453
20.8,687453
20.806,687453
20.81,687453
20.812,687453
20.839,687453
20.84,687453
20.847,687453
20.871,687453
20.872,687453
20.874,687453
20.881,687453
20.891,687453
20.893,687453
20.941,687453
20.947,687453
20.956,687453
20.963,687453
20.964,687453
20.968,687453
20.971,687453
20.979,687453
21,687453
21.002,687453
21.004,687453
21.012,687453
21.013,687453
21.013,687453
21.046,687453
21.048,687453
21.077,687453
21.098,687453
21.109,687453
21.136,687453
21.137,687453
21.17,687453
21.178,687453
21.192,687453
21.23,687453
21.239,687453
21.245,687453
21.251,687453
21.256,687453
21.26,687453
21.263,687453
21.286,687453
21.29,687453
21.295,687453
21.307,687453
21.323,687453
21.328,687453
21.338,687453
21.37,687453
21.415,687453
21.426,687453
21.455,687453
21.459,687453
21.472,687453
21.481,687453
21.487,687453
21.49,687453
21.496,687453
21.496,687453
21.506,687453
21.508,687453
21.536,687453
21.562,687453
21.57,687453
21.581,687453
21.586,687453
21.603,687453
21.611,687453
21.615,687453
21.632,687453
21.642,687453
21.661,687453
21.668,687453
21.707,687453
21.711,687453
21.714,687453
21.727,687453
21.742,687453
21.746,687453
21.759,687453
21.762,687453
21.785,687453
21.786,687453
21.806,687453
21.815,687453
21.826,687453
21.827,687453
21.854,687453
21.863,687453
21.884,687453
21.932,687453
21.936,687453
21.938,687453
21.938,687453
21.962,687453
21.963,687453
21.968,687453
21.976,687453
22.002,687453
22.018,687453
22.019,687453
22.02,687453
22.028,687453
22.039,687453
22.049,687453
22.055,687453
22.078,687453
22.08,687453
22.093,687453
22.096,687453
22.117,687453
22.14,687453
22.14,687453
22.143,687453
22.146,687453
22.148,687453
22.15,687453
22.151,687453
22.168,687453
22.182,687453
22.183,687453
22.217,687453
22.235,687453
22.243,687453
22.243,687453
22.251,687453
22.275,687453
22.282,687453
22.283,687453
22.289,687453
22.304,687453
22.306,687453
22.32,687453
22.335,687453
22.349,687453
22.35,687453
22.363,687453
22.374,687453
22.38,687453
22.414,687453
22.416,687453
22.416,687453
22.416,687453
22.43,687453
22.446,687453
22.453,687453
22.459,687453
22.463,687453
22.465,687453
22.47,687453
22.488,687453
22.506,687453
22.507,687453
22.509,687453
22.518,687453
22.522,687453
22.531,687453
22.541,687453
22.545,687453
22.551,687453
22.551,687453
22.56,687453
22.562,687453
22.589,687453
22.592,687453
22.602,687453
22.603,687453
22.608,687453
22.611,687453
22.612,687453
22.623,687453
22.627,687453
22.639,687453
22.639,687453
22.644,687453
22.646,687453
22.652,687453
22.667,687453
22.673,687453
22.693,687453
22.696,687453
22.7,687453
22.721,687453
22.75,687453
22.758,687453
22.762,687453
22.762,687453
22.764,687453
22.817,687453
22.833,687453
22.834,687453
22.849,687453
22.86,687453
22.865,687453
22.868,687453
22.869,687453
22.873,687453
22.878,687453
22.887,687453
22.894,687453
22.906,687453
22.931,687453
22.933,687453
22.949,687453
22.963,687453
22.966,687453
22.971,687453
22.972,687453
22.973,687453
22.988,687453
22.995,687453
22.999,687453
23.002,687453
23.012,687453
23.015,687453
23.022,687453
23.024,687453
23.029,687453
23.049,687453
23.052,687453
23.062,687453
23.068,687453
23.098,687453
23.156,687453
23.162,687453
23.167,687453
23.18,687453
23.182,687453
23.21,687453
23.235,687453
23.237,687453
23.239,687453
23.257,687453
23.258,687453
23.276,687453
23.279,687453
23.284,687453
23.29,687453
23.306,687453
23.308,687453
23.31,687453
23.311,687453
23.312,687453
23.313,687453
23.315,687453
23.319,687453
23.327,687453
23.329,687453
23.33,687453
23.356,687453
23.364,687453
23.365,687453
23.367,687453
23.373,687453
23.374,687453
23.377,687453
23.377,687453
23.382,687453
23.432,687453
23.438,687453
23.448,687453
23.449,687453
23.451,687453
23.457,687453
23.488,687453
23.49,687453
23.492,687453
23.509,687453
23.511,687453
23.523,687453
23.531,687453
23.544,687453
23.567,687453
23.581,687453
23.584,687453
23.603,687453
23.619,687453
23.622,687453
23.625,687453
23.627,687453
23.635,687453
23.651,687453
23.671,687453
23.683,687453
23.698,687453
23.698,687453
23.726,687453
23.728,687453
23.732,687453
23.733,687453
23.749,687453
23.758,687453
23.767,687453
23.775,687453
23.797,687453
23.806,687453
23.818,687453
23.819,687453
23.819,687453
23.853,687453
23.861,687453
23.861,687453
23.862,687453
23.871,687453
23.882,687453
23.883,687453
23.886,687453
23.904,687453
23.91,687453
23.912,687453
23.917,687453
23.917,687453
23.922,687453
23.927,687453
23.935,687453
23.94,687453
23.96,687453
23.961,687453
23.987,687453
23.99,687453
24.009,687453
24.01,687453
24.013,687453
24.018,687453
24.034,687453
24.045,687453
24.057,687453
24.064,687453
24.067,687453
24.089,687453
24.123,687453
24.131,687453
24.163,687453
24.17,687453
24.171,687453
24.213,687453
24.221,687453
24.225,687453
24.238,687453
24.26,687453
24.268,687453
24.292,687453
24.296,687453
24.297,687453
24.3,687453
24.309,687453
24.309,687453
24.337,687453
24.345,687453
24.346,687453
24.347,687453
24.352,687453
24.374,687453
24.375,687453
24.381,687453
24.384,687453
24.393,687453
24.405,687453
24.41,687453
24.425,687453
24.429,687453
24.433,687453
24.439,687453
24.439,687453
24.452,687453
24.458,687453
24.464,687453
24.466,687453
24.469,687453
24.472,687453
24.483,687453
24.498,687453
24.516,687453
24.528,687453
24.528,687453
24.54,687453
24.555,687453
24.56,687453
24.562,687453
24.593,687453
24.61,687453
24.618,687453
24.631,687453
24.645,687453
24.651,687453
24.667,687453
24.667,687453
24.669,687453
24.681,687453
24.691,687453
24.691,687453
24.718,687453
24.728,687453
24.73,687453
24.732,687453
24.736,687453
24.75,687453
24.757,687453
24.758,687453
24.775,687453
24.778,687453
24.787,687453
24.795,687453
24.799,687453
24.808,687453
24.819,687453
24.83,687453
24.84,687453
24.848,687453
24.868,687453
24.878,687453
24.891,687453
24.904,687453
24.94,687453
24.947,687453
24.963,687453
24.969,687453
24.986,687453
24.995,687453
25.02,687453
25.021,687453
25.049,687453
25.05,687453
25.052,687453
25.053,687453
25.07,687453
25.077,687453
25.079,687453
25.09,687453
25.092,687453
25.1,687453
25.108,687453
25.109,687453
25.113,687453
25.114,687453
25.12,687453
25.123,687453
25.15,687453
25.199,687453
25.235,687453
25.236,687453
25.275,687453
25.278,687453
25.307,687453
25.307,687453
25.314,687453
25.316,687453
25.331,687453
25.333,687453
25.351,687453
25.361,687453
25.365,687453
25.369,687453
25.372,687453
25.385,687453
25.386,687453
25.39,687453
25.398,687453
25.401,687453
25.402,687453
25.409,687453
25.416,687453
25.426,687453
25.428,687453
25.451,687453
25.464,687453
25.498,687453
25.51,687453
25.545,687453
25.552,687453
25.556,687453
25.562,687453
25.564,687453
25.565,687453
25.569,687453
25.573,687453
25.606,687453
25.628,687453
25.643,687453
25.646,687453
25.654,687453
25.661,687453
25.703,687453
25.722,687453
25.723,687453
25.724,687453
25.777,687453
25.781,687453
25.784,687453
25.799,687453
25.818,687453
25.826,687453
25.833,687453
25.835,687453
25.835,687453
25.837,687453
25.843,687453
25.866,687453
25.885,687453
25.911,687453
25.914,687453
25.915,687453
25.921,687453
25.924,687453
25.927,687453
25.944,687453
25.954,687453
25.956,687453
25.964,687453
25.989,687453
26.014,687453
26.027,687453
26.036,687453
26.036,687453
26.052,687453
26.066,687453
26.074,687453
26.077,687453
26.114,687453
26.139,687453
26.141,687453
26.141,687453
26.154,687453
26.154,687453
26.157,687453
26.165,687453
26.17,687453
26.181,687453
26.186,687453
26.191,687453
26.22,687453
26.227,687453
26.239,687453
26.255,687453
26.263,687453
26.291,687453
26.295,687453
26.318,687453
26.32,687453
26.337,687453
26.378,687453
26.409,687453
26.424,687453
26.435,687453
26.443,687453
26.458,687453
26.462,687453
26.468,687453
26.471,687453
26.483,687453
26.517,687453
26.518,687453
26.525,687453
26.542,687453
26.545,687453
26.56,687453
26.595,687453
26.605,687453
26.61,687453
26.611,687453
26.621,687453
26.623,687453
26.632,687453
26.647,687453
26.655,687453
26.659,687453
26.679,687453
26.684,687453
26.685,687453
26.724,687453
26.739,687453
26.755,687453
26.763,687453
26.766,687453
26.791,687453
26.807,687453
26.825,687453
26.829,687453
26.846,687453
26.865,687453
26.868,687453
26.872,687453
26.902,687453
26.905,687453
26.909,687453
26.937,687453
26.949,687453
26.951,687453
26.955,687453
26.956,687453
26.957,687453
26.963,687453
26.967,687453
26.974,687453
26.976,687453
26.989,687453
26.989,687453
26.99,687453
27.001,687453
27.001,687453
27.002,687453
27.018,687453
27.038,687453
27.041,687453
27.043,687453
27.05,687453
27.054,687453
27.055,687453
27.062,687453
27.062,687453
27.063,687453
27.064,687453
27.077,687453
27.11,687453
27.111,687453
27.113,687453
27.118,687453
27.128,687453
27.128,687453
27.128,687453
27.136,687453
27.152,687453
27.155,687453
27.159,687453
27.166,687453
27.171,687453
27.185,687453
27.193,687453
27.196,687453
27.196,687453
27.2,687453
27.206,687453
27.215,687453
27.226,687453
27.241,687453
27.242,687453
27.242,687453
27.246,687453
27.249,687453
27.261,687453
27.267,687453
27.275,687453
27.312,687453
27.318,687453
27.325,687453
27.332,687453
27.334,687453
27.346,687453
27.349,687453
27.352,687453
27.359,687453
27.382,687453
27.383,687453
27.395,687453
27.41,687453
27.411,687453
27.413,687453
27.427,687453
27.427,687453
27.429,687453
27.454,687453
27.467,687453
27.483,687453
27.484,687453
27.509,687453
27.509,687453
27.56,687453
27.563,687453
27.619,687453
27.62,687453
27.636,687453
27.638,687453
27.647,687453
27.658,687453
27.658,687453
27.659,687453
27.67,687453
27.671,687453
27.678,687453
27.681,687453
27.686,687453
27.687,687453
27.693,687453
27.702,687453
27.703,687453
27.704,687453
27.722,687453
27.752,687453
27.763,687453
27.785,687453
27.792,687453
27.805,687453
27.807,687453
27.815,687453
27.827,687453
27.849,687453
27.867,687453
27.888,687453
27.897,687453
27.9,687453
27.906,687453
27.911,687453
27.913,687453
27.919,687453
27.936,687453
27.941,687453
27.942,687453
27.946,687453
27.949,687453
27.96,687453
27.976,687453
27.978,687453
27.983,687453
27.992,687453
28.006,687453
28.028,687453
28.037,687453
28.049,687453
28.052,687453
28.068,687453
28.103,687453
28.111,687453
28.136,687453
28.141,687453
28.141,687453
28.157,687453
28.161,687453
28.171,687453
28.177,687453
28.179,687453
28.196,687453
28.202,687453
28.21,687453
28.212,687453
28.222,687453
28.231,687453
28.237,687453
28.259,687453
28.293,687453
28.303,687453
28.305,687453
28.311,687453
28.317,687453
28.318,687453
28.331,687453
28.331,687453
28.357,687453
28.362,687453
28.371,687453
28.373,687453
28.413,687453
28.422,687453
28.447,687453
28.455,687453
28.461,687453
28.48,687453
28.485,687453
28.488,687453
28.488,687453
28.49,687453
28.493,687453
28.493,687453
28.501,687453
28.535,687453
28.576,687453
28.621,687453
28.632,687453
28.639,687453
28.642,687453
28.656,687453
28.685,687453
28.689,687453
28.714,687453
28.716,687453
28.719,687453
28.721,687453
28.725,687453
28.748,687453
28.762,687453
28.774,687453
28.785,687453
28.787,687453
28.796,687453
28.819,687453
28.825,687453
28.831,687453
28.832,687453
28.853,687453
28.856,687453
28.864,687453
28.875,687453
28.881,687453
28.888,687453
28.891,687453
28.895,687453
28.895,687453
28.899,687453
28.901,687453
28.902,687453
28.915,687453
28.916,687453
28.918,687453
28.941,687453
28.986,687453
29.025,687453
29.026,687453
29.031,687453
29.043,687453
29.044,687453
29.05,687453
29.055,687453
29.071,687453
29.077,687453
29.08,687453
29.081,687453
29.083,687453
29.083,687453
29.084,687453
29.085,687453
29.088,687453
29.114,687453
29.115,687453
29.118,687453
29.118,687453
29.135,687453
29.163,687453
29.182,687453
29.203,687453
29.206,687453
29.207,687453
29.212,687453
29.252,687453
29.258,687453
29.265,687453
29.27,687453
29.276,687453
29.301,687453
29.302,687453
29.308,687453
29.314,687453
29.315,687453
29.331,687453
29.338,687453
29.338,687453
29.361,687453
29.361,687453
29.375,687453
29.379,687453
29.381,687453
29.387,687453
29.393,687453
29.409,687453
29.421,687453
29.429,687453
29.444,687453
29.445,687453
29.451,687453
29.465,687453
29.468,687453
29.486,687453
29.517,687453
29.525,687453
29.526,687453
29.537,687453
29.541,687453
29.562,687453
29.569,687453
29.572,687453
29.573,687453
29.61,687453
29.622,687453
29.636,687453
29.641,687453
29.652,687453
29.653,687453
29.658,687453
29.686,687453
29.7,687453
29.712,687453
29.715,687453
29.722,687453
29.732,687453
29.734,687453
29.737,687453
29.742,687453
29.77,687453
29.775,687453
29.788,687453
29.797,687453
29.798,687453
29.799,687453
29.813,687453
29.832,687453
29.834,687453
29.843,687453
29.848,687453
29.856,687453
29.868,687453
29.883,687453
29.888,687453
29.894,687453
29.895,687453
29.912,687453
29.913,687453
29.914,687453
29.935,687453
29.936,687453
29.952,687453
29.958,687453
29.961,687453
29.97,687453
29.972,687453
29.983,687453
29.991,687453
29.997,687453
