0.131000,824501
0.134000,823414
0.136000,823262
0.139000,821915
0.141000,815979
0.143000,815425
0.146000,814738
0.147000,814466
0.149000,807734
0.152000,807718
0.154000,807519
0.156000,807412
0.159000,807322
0.161000,806498
0.163000,806480
0.165000,806433
0.168000,805857
0.170000,803039
0.173000,802503
0.174000,802281
0.176000,802054
0.178000,801153
0.181000,800395
0.183000,797797
0.185000,797711
0.188000,796997
0.190000,795686
0.193000,794719
0.198000,794705
0.200000,792611
0.202000,792500
0.205000,791049
0.208000,790717
0.211000,790442
0.214000,790085
0.216000,789996
0.218000,789440
0.221000,789316
0.223000,782039
0.225000,772557
0.229000,763437
0.232000,761526
0.234000,759180
0.237000,755000
0.239000,752252
0.954000,750940
0.956000,749653
0.958000,749559
0.961000,748845
1.140000,748260
1.141000,747707
1.143000,747532
1.145000,744714
1.147000,743711
1.149000,742279
1.151000,741421
1.153000,739685
1.157000,739318
1.159000,738929
1.161000,738896
1.163000,737231
1.165000,736974
1.167000,736909
1.169000,736393
1.365000,735488
1.367000,735427
1.368000,735390
1.370000,733296
1.371000,732577
1.373000,731813
1.375000,730545
1.377000,729943
1.379000,729921
1.381000,729727
1.384000,729112
1.386000,728100
1.389000,727669
1.391000,725650
1.395000,725511
1.396000,723836
1.398000,722703
1.400000,722149
1.402000,721005
1.404000,718690
9.057000,717418
9.059000,717258
9.060000,717127
13.658000,707636
13.660000,707145
23.904000,700068
23.906000,699252
23.908000,698869
23.910000,698384
23.911000,697671
23.913000,696992
23.914000,696931
23.918000,695934
23.919000,694703
99.560000,694661
99.563000,694614
