0.130000,843302
0.140000,842117
0.140000,841931
0.140000,841754
0.140000,838983
0.140000,836889
0.140000,835125
0.150000,834237
0.150000,834138
0.150000,834027
0.150000,830756
0.160000,830154
0.160000,828921
0.160000,828874
0.160000,828603
0.160000,827915
0.170000,827894
0.170000,822582
0.170000,822520
0.170000,822449
0.180000,821490
0.182000,820429
0.185000,817614
0.187000,816673
0.190000,806565
0.192000,805651
0.196000,803801
0.198000,803695
0.200000,803604
0.202000,803082
0.202000,802116
0.202000,802082
0.202000,801697
0.212000,801486
0.212000,801339
0.212000,800907
0.212000,799856
0.212000,799834
0.434000,794090
0.434000,792192
0.444000,792085
0.444000,791925
0.444000,780221
0.444000,780057
0.454000,775061
0.454000,773820
0.454000,773008
0.454000,767989
0.454000,765297
0.464000,765279
0.464000,765189
0.464000,764639
0.464000,764498
0.474000,760283
0.474000,760117
0.474000,756589
0.474000,756366
0.484000,755145
0.484000,754944
0.484000,754778
0.484000,754717
0.484000,754444
0.666000,750396
0.666000,750229
0.666000,748318
0.666000,742068
0.676000,741577
0.676000,741062
0.676000,740893
0.676000,739662
0.686000,739572
0.686000,738978
0.686000,738706
0.686000,737740
0.696000,737517
0.696000,734769
1.187000,734715
1.187000,733484
1.187000,732833
1.187000,727640
1.197000,720363
1.197000,719865
1.197000,719354
1.197000,718679
1.197000,718407
1.207000,716893
14.576000,714911
14.576000,713762
14.576000,711831
14.586000,711399
14.586000,708624
14.586000,706917
14.586000,706899
14.586000,706480
14.596000,705016
14.596000,704777
14.596000,704718
14.596000,704496
14.596000,703587
14.606000,703555
14.606000,703449
14.606000,703313
14.606000,702294
14.606000,702016
14.606000,701902
155.067000,701795
155.067000,701384
155.077000,701059
155.077000,699032
155.077000,698894
155.648000,698714
155.648000,698056
155.648000,697261
155.648000,696418
155.658000,696256
155.658000,696011
155.658000,695808
371.499000,690501
371.499000,690482
371.509000,690446
371.509000,690150
371.509000,689921
371.509000,689865
