0.142000,781621
0.146000,780458
0.149000,780442
0.151000,777742
0.154000,777471
0.156000,777319
0.158000,777293
0.161000,776709
0.163000,774943
0.165000,772849
0.168000,772827
0.170000,767933
0.172000,767621
0.174000,764110
0.175000,763232
0.177000,762839
0.180000,760130
0.182000,759318
0.184000,759289
0.186000,757953
0.193000,757266
0.195000,756820
0.197000,756425
0.200000,756369
0.202000,754945
0.205000,754506
0.208000,754473
0.210000,751780
0.213000,751714
0.215000,751667
0.217000,749913
1.108000,742349
1.110000,741933
1.115000,740134
1.117000,735934
1.119000,733877
1.122000,733563
3.211000,733182
3.213000,731214
3.215000,730800
3.217000,730310
3.218000,728640
3.220000,728510
3.222000,727644
3.224000,727537
3.227000,727345
3.228000,726566
3.230000,724525
3.232000,724507
3.234000,724153
3.235000,724000
3.237000,722341
3.238000,722178
3.240000,721632
3.242000,721368
3.244000,721092
3.245000,721026
3.247000,721025
3.249000,719749
17.985000,719446
17.988000,719224
17.990000,719177
17.992000,716199
17.995000,714176
17.996000,713056
18.615000,708247
23.226000,706198
24.803000,706197
24.804000,706102
24.807000,706006
24.811000,705814
24.813000,705794
24.815000,703985
49.248000,701799
49.250000,701521
100.345000,700213
100.347000,699501
100.348000,699360
100.351000,699307
100.352000,698855
100.355000,698500
100.356000,697813
100.358000,697781
100.360000,697515
100.362000,696628
100.363000,695897
100.365000,695362
100.368000,694809
100.369000,694649
100.373000,694639
100.375000,694592
100.377000,693780
100.378000,692219
100.380000,691328
100.383000,690414
100.385000,689634
100.388000,689552
