0.153000,819814
0.155000,819752
0.157000,817658
0.158000,817611
0.160000,816426
0.163000,815030
0.165000,813087
0.167000,812780
0.169000,812626
0.172000,811938
0.174000,806188
0.176000,806082
0.186000,804970
0.189000,804571
0.194000,804288
0.198000,803846
0.199000,803096
0.201000,802638
0.209000,802548
0.215000,799663
0.218000,798909
0.220000,798107
0.221000,797996
0.230000,797649
0.233000,797632
0.235000,794120
0.237000,794059
0.239000,792304
0.241000,792233
0.245000,792011
0.247000,791016
0.248000,790202
0.250000,789519
0.252000,789074
0.254000,789008
0.258000,787968
0.264000,787840
0.268000,787096
0.270000,786508
0.272000,784989
0.274000,784195
0.277000,765571
2.503000,754345
2.507000,752434
2.510000,751203
2.512000,750328
2.516000,749750
2.527000,748525
4.378000,746678
4.381000,746588
4.383000,745483
4.453000,744516
4.455000,744473
4.457000,740702
4.459000,740336
4.461000,740315
4.463000,740252
4.464000,739022
4.466000,738629
4.495000,738607
4.496000,737913
4.506000,737449
4.508000,737402
4.511000,733403
4.513000,733254
4.516000,731509
4.518000,731343
4.521000,728649
4.527000,727418
4.529000,727036
4.532000,726867
4.534000,726701
4.536000,726502
4.539000,726100
4.542000,723336
4.550000,723101
4.559000,722713
4.563000,722530
4.565000,721934
4.567000,721499
4.569000,721494
4.573000,720808
4.580000,720117
4.582000,720083
4.585000,719488
4.592000,718986
4.597000,718773
4.598000,716641
4.600000,716365
4.602000,714112
4.609000,712024
16.608000,711806
16.608000,711355
46.343000,710954
46.343000,701498
46.343000,700793
46.353000,700788
46.353000,700734
46.353000,697173
46.353000,697161
46.353000,696474
46.363000,694420
110.822000,694319
211.031000,693825
211.041000,693145
211.041000,693085
211.041000,693072
371.388000,692939
371.388000,692583
371.398000,692529
371.398000,692517
371.398000,691948
371.398000,691261
371.408000,690659
