0.039000,826348
0.049000,826326
0.049000,825969
0.049000,824895
0.049000,823127
0.049000,823059
0.049000,823041
0.049000,820341
0.049000,819654
0.049000,810919
0.049000,809562
0.049000,765835
0.049000,763924
0.049000,763519
0.049000,762438
0.059000,762283
0.059000,762193
0.059000,761800
0.059000,759068
0.089000,755797
0.089000,754572
0.089000,751818
0.089000,751653
0.089000,751100
0.089000,750134
0.089000,750075
0.089000,748801
0.089000,748562
0.089000,748425
0.089000,748363
0.089000,748295
0.099000,748073
0.099000,747765
0.099000,747275
0.099000,745181
0.099000,745034
0.099000,744992
0.099000,744986
0.099000,744693
0.099000,743695
0.099000,742394
0.099000,741929
0.109000,741554
0.109000,740948
0.109000,740593
0.109000,737944
0.109000,737206
0.699000,736406
0.699000,733180
0.699000,733085
0.951000,731111
0.951000,729629
1.294000,725870
1.294000,725268
1.294000,724116
1.294000,721554
1.294000,720793
1.294000,720328
1.304000,720157
1.304000,719264
3.116000,718163
3.116000,716070
3.116000,715830
3.116000,715614
3.596000,712016
3.596000,711043
3.596000,709935
3.596000,709857
3.596000,709651
3.596000,709139
3.596000,708364
3.596000,708265
3.596000,707776
5.488000,707648
5.488000,706839
5.488000,706487
5.488000,706478
5.488000,706346
30.594000,706342
30.594000,703080
30.604000,702691
30.604000,702254
31.965000,701863
31.975000,695146
31.975000,693872
229.263000,691777
229.263000,691429
302.196000,690413
376.102000,687455
