0.040000,867548
0.040000,866731
0.040000,866334
0.040000,866121
0.040000,865567
0.040000,865225
0.040000,864565
0.040000,863037
0.040000,862246
0.040000,861414
0.040000,861308
0.050000,861299
0.050000,861209
0.050000,860144
0.050000,858718
0.050000,858587
0.050000,857620
0.050000,857339
0.050000,856450
0.050000,856264
0.050000,855606
0.050000,855584
0.050000,854944
0.050000,853984
0.060000,852540
0.060000,852522
0.060000,849251
0.060000,847198
0.060000,841070
0.060000,824261
0.060000,822932
0.060000,821375
0.060000,820806
0.060000,820204
0.060000,820006
0.060000,817015
0.060000,814160
0.060000,813592
0.070000,804561
0.070000,801100
0.070000,800961
0.070000,800738
0.070000,800611
0.070000,800092
0.070000,800078
0.070000,799205
0.070000,796179
0.070000,795648
0.070000,795546
0.070000,792631
0.070000,791542
0.080000,791443
0.080000,791033
0.080000,790908
0.080000,790748
0.080000,789936
0.080000,786815
0.080000,786264
0.080000,786212
0.080000,784457
0.080000,784282
0.080000,784124
0.130000,783037
0.130000,782611
0.130000,781193
0.130000,781157
0.130000,777121
0.130000,776765
0.130000,770048
0.140000,770001
0.140000,769164
0.140000,769128
0.140000,768861
0.140000,766756
0.140000,766272
0.140000,765953
0.140000,765088
0.140000,764695
0.140000,763872
0.140000,763573
0.140000,763351
0.140000,760057
0.140000,758233
0.140000,758047
0.140000,757192
0.150000,756058
0.150000,755707
0.150000,755662
0.150000,754297
0.150000,753152
0.150000,752599
0.150000,750659
0.150000,750206
0.150000,749063
0.150000,746748
0.150000,746717
0.150000,746691
0.150000,746646
0.150000,746455
0.160000,745538
0.160000,741029
0.160000,739151
0.160000,739117
0.160000,738865
0.160000,738372
0.160000,738058
0.160000,738056
0.370000,711248
0.370000,710763
0.370000,710068
0.370000,709515
0.370000,707916
0.370000,706617
9.803000,706502
9.813000,706143
9.813000,705971
9.813000,696212
9.813000,696192
9.813000,695931
9.813000,695539
9.813000,694827
9.813000,694446
9.813000,694393
9.813000,693706
238.631000,693461
238.631000,691608
238.631000,691292
238.631000,691198
238.631000,691109
