0.131000,819014
0.134000,818125
0.136000,817011
0.140000,815906
0.142000,815253
0.144000,814566
0.146000,813243
0.148000,813221
0.150000,812655
0.153000,810820
0.155000,809657
0.158000,808698
0.159000,806604
0.162000,806051
0.164000,806008
0.167000,805260
0.170000,801615
0.172000,794800
0.174000,794080
0.175000,794032
0.177000,783363
0.179000,781948
0.181000,778129
0.184000,774509
0.187000,740420
0.188000,739128
0.190000,738361
0.192000,737168
0.193000,735413
0.195000,734312
0.197000,734120
0.200000,733754
0.202000,732778
0.204000,732078
0.206000,731840
0.209000,727841
0.211000,725147
0.214000,723916
0.217000,723507
0.220000,722809
0.222000,720247
0.224000,720036
0.226000,719426
0.227000,719312
0.229000,718523
0.231000,718271
0.233000,717286
0.235000,715909
0.238000,715411
0.240000,714579
0.242000,714422
0.244000,714405
0.246000,713669
0.248000,713522
0.250000,711845
0.252000,710865
0.253000,710840
0.255000,710277
18.316000,710119
18.319000,710025
19.058000,709430
19.060000,709334
19.062000,709164
19.064000,709144
19.065000,708866
19.067000,707877
20.218000,707132
20.221000,707119
20.223000,706079
20.225000,704963
20.227000,704305
20.229000,703884
20.232000,703172
20.234000,702619
20.237000,701824
20.240000,701771
20.242000,700112
20.244000,699941
20.246000,699254
20.247000,699236
20.249000,699014
27.762000,694680
27.764000,694586
27.765000,694576
27.767000,693864
27.769000,693851
27.771000,693798
27.773000,692468
27.775000,691781
