0.040000,840992
0.040000,838898
0.040000,838211
0.050000,836854
0.050000,835147
0.050000,835035
0.050000,834869
0.050000,832170
0.050000,832152
0.050000,830240
0.050000,829847
0.050000,829825
0.050000,829660
0.050000,829318
0.050000,828275
0.050000,826506
0.050000,825875
0.050000,824644
0.050000,824245
0.050000,813381
0.060000,812496
0.060000,812428
0.060000,811875
0.060000,811500
0.060000,809999
0.060000,809176
0.060000,808413
0.060000,806083
0.060000,805677
0.060000,805239
0.060000,802226
0.060000,802004
0.060000,795272
0.060000,792376
0.060000,790900
0.060000,783492
0.060000,783324
0.070000,779189
0.070000,775570
0.070000,775387
0.070000,774782
0.070000,773594
0.070000,773253
0.070000,770262
0.070000,769373
0.070000,767637
0.070000,767237
0.070000,767201
0.070000,763698
0.070000,760050
0.070000,759605
0.070000,758181
0.070000,757737
0.080000,753999
0.080000,752041
0.298000,752016
0.299000,749198
0.299000,746450
0.300000,744670
0.301000,743359
0.302000,735386
0.567000,733189
0.568000,732096
0.569000,731391
0.570000,730628
3.057000,730357
3.067000,729780
3.067000,724711
3.728000,724293
3.728000,722376
3.728000,721389
3.728000,720751
3.728000,713689
3.728000,710427
3.738000,708314
3.788000,708257
3.788000,707773
3.788000,707600
3.788000,707073
3.798000,706996
18.831000,706710
18.831000,706628
18.831000,705919
18.831000,704241
18.831000,704213
18.831000,704162
18.831000,703732
18.831000,703399
18.831000,702993
18.831000,702113
18.841000,701994
18.841000,701936
18.841000,701920
18.841000,701734
18.841000,701541
18.841000,700464
18.841000,700235
80.358000,699675
80.358000,698944
80.358000,698812
80.358000,698744
80.358000,698050
80.358000,697699
80.358000,697164
101.007000,696573
101.017000,695860
101.017000,695807
101.017000,695120
155.771000,694867
163.122000,693684
163.122000,692644
163.122000,692310
163.122000,691938
163.122000,691893
179.366000,684788
179.366000,684101
