0.192000,786888
0.194000,784794
0.197000,783868
0.200000,783596
0.202000,783580
0.205000,782986
0.209000,781899
0.211000,781800
0.212000,781782
0.212000,781735
0.212000,780789
0.222000,780253
0.222000,779090
0.222000,778403
0.222000,778381
0.222000,778229
0.232000,776475
0.232000,775124
0.232000,774043
0.232000,773342
0.232000,773120
0.242000,757167
0.242000,755855
0.242000,754981
0.252000,754614
0.252000,752652
0.252000,752206
0.262000,752007
0.262000,751986
0.262000,751963
0.262000,751916
0.262000,751767
0.272000,751620
0.272000,751454
0.272000,749285
0.272000,744990
0.272000,744821
0.272000,742003
0.282000,734730
0.282000,733873
0.282000,733597
0.282000,731932
0.292000,731238
1.231000,730505
1.231000,728843
1.231000,726400
1.231000,725077
1.231000,723242
1.241000,721506
1.241000,718688
12.912000,718069
12.912000,717494
12.912000,715086
12.912000,714627
12.912000,713648
12.912000,712428
12.912000,711433
12.922000,710558
12.922000,709598
12.922000,709585
23.586000,707066
23.586000,706223
23.586000,705458
222.505000,705119
222.508000,705024
222.509000,703331
222.512000,702983
253.276000,700719
253.278000,697992
253.280000,697890
253.282000,694963
258.540000,694398
258.542000,694337
346.076000,690884
346.078000,690746
