0.027,6994293
0.028,6992509
0.028,6986422
0.028,6986354
0.028,6983181
0.028,6963678
0.029,6958506
0.029,6936830
0.029,6933436
0.029,6926182
0.029,6925225
0.029,6925225
0.029,6923277
0.029,6921141
0.03,6919890
0.03,6900503
0.03,6883316
0.03,6882787
0.03,6872917
0.031,6830179
0.031,6815857
0.031,6811653
0.031,6808272
0.031,6807011
0.031,6779942
0.031,6778103
0.032,6705612
0.032,6687580
0.032,6682726
0.032,6657545
0.032,6641867
0.033,6615782
0.033,6598790
0.033,6596558
0.033,6595884
0.033,6594685
0.033,6560769
0.033,6556621
0.034,6547919
0.034,6547561
0.034,6546514
0.035,6545811
0.035,6542852
0.035,6542614
0.035,6460606
0.036,6448841
0.036,6424411
0.036,6422966
0.036,6418185
0.037,6411587
0.037,6408124
0.038,6375774
0.038,6305371
0.038,6302985
0.038,6297077
0.039,6268154
0.039,6262950
0.039,6262941
0.039,6260931
0.039,6259421
0.04,6246604
0.04,6246069
0.04,6245752
0.04,6243826
0.041,6205904
0.041,6202973
0.041,6191824
0.041,6171795
0.042,6169974
0.042,6169947
0.042,6167862
0.043,6161236
0.043,6160237
0.043,6151878
0.043,6130308
0.043,6129461
0.043,6103531
0.044,6097002
0.044,6096452
0.045,6096322
0.046,6092271
0.046,6075759
0.046,6069554
0.046,6060296
0.047,6060270
0.047,6059102
0.047,6030986
0.047,5984863
0.047,5984576
0.047,5981067
0.048,5968248
0.048,5967366
0.048,5955283
0.048,5940269
0.048,5939464
0.049,5937855
0.05,5914834
0.051,5914028
0.051,5887634
0.051,5882789
0.051,5865190
0.051,5858384
0.051,5841191
0.052,5839596
0.053,5835798
0.053,5835745
0.053,5825715
0.054,5820503
0.054,5755573
0.054,5754841
0.054,5614742
0.055,5614603
0.055,5607525
0.055,5603727
0.055,5602615
0.056,5598272
0.056,5596205
0.056,5596205
0.057,5589336
0.057,5588688
0.057,5543278
0.058,5543278
0.058,5528461
0.058,5526282
0.059,5526166
0.06,5523447
0.06,5508415
0.061,5504099
0.061,5493729
0.061,5492012
0.061,5491681
0.061,5491239
0.061,5489766
0.062,5354118
0.062,5352359
0.062,5351493
0.063,5220195
0.063,5219776
0.063,5219008
0.064,5200542
0.064,5200542
0.064,5199796
0.064,5197501
0.065,5158835
0.065,5155922
0.065,5155007
0.066,5147285
0.066,5122174
0.066,5120309
0.067,5119923
0.067,5117563
0.068,5116513
0.068,5116445
0.068,5112264
0.069,5110975
0.069,5062062
0.07,5053980
0.07,5033619
0.071,5026389
0.071,5025428
0.071,5024217
0.072,4928505
0.072,4927252
0.074,4910150
0.074,4906211
0.075,4897699
0.075,4892678
0.076,4890709
0.076,4887263
0.076,4838388
0.077,4825731
0.078,4824729
0.078,4823930
0.078,4823930
0.078,4794738
0.078,4793088
0.079,4782450
0.079,4776303
0.079,4775138
0.08,4773785
0.082,4762802
0.082,4761554
0.082,4761483
0.083,4753200
0.085,4753083
0.085,4749962
0.085,4736165
0.085,4727837
0.085,4647306
0.086,4644945
0.088,4606487
0.088,4604908
0.088,4604908
0.089,4593290
0.089,4586817
0.089,4586688
0.091,4567168
0.091,4565029
0.091,4560376
0.092,4559486
0.093,4554179
0.094,4552318
0.095,4458688
0.095,4457846
0.095,4447988
0.096,4447988
0.096,4431857
0.096,4427891
0.096,4423206
0.096,4420482
0.097,4419492
0.097,4384649
0.098,4382375
0.098,4374234
0.099,4369716
0.099,4369465
0.099,4369182
0.099,4368744
0.1,4363692
0.1,4361340
0.101,4359330
0.101,4359319
0.101,4356445
0.103,4290216
0.103,4289528
0.103,4234809
0.103,4233409
0.104,4222618
0.105,4217925
0.105,4191901
0.108,4184911
0.109,4182871
0.109,4179624
0.11,4179177
0.11,4125023
0.11,4123971
0.112,4118682
0.112,4118173
0.113,4117962
0.114,4117880
0.115,4117880
0.116,4113470
0.116,4110390
0.116,4108528
0.117,4107540
0.117,4092598
0.118,4092202
0.118,4092089
0.119,4089556
0.12,4088021
0.12,4086024
0.12,4085790
0.121,4081058
0.121,4054120
0.122,4029412
0.122,4018063
0.122,4015727
0.122,4014995
0.123,4012774
0.124,3957020
0.124,3951881
0.125,3948113
0.126,3915059
0.127,3891088
0.127,3876682
0.127,3875901
0.128,3875815
0.128,3804789
0.129,3804345
0.131,3796403
0.133,3793672
0.133,3786072
0.133,3779363
0.133,3779336
0.134,3779218
0.136,3756359
0.137,3747499
0.138,3739908
0.139,3730319
0.14,3672498
0.14,3669237
0.14,3669185
0.141,3668810
0.142,3668685
0.142,3618431
0.144,3616505
0.145,3616395
0.145,3616208
0.146,3611769
0.147,3611769
0.147,3606901
0.147,3597672
0.148,3597464
0.148,3568525
0.149,3567942
0.149,3547867
0.15,3534308
0.151,3534308
0.152,3506880
0.152,3505162
0.152,3495000
0.152,3422517
0.153,3420829
0.154,3420808
0.155,3411404
0.157,3397285
0.157,3394931
0.158,3394611
0.159,3393431
0.16,3392261
0.161,3384926
0.162,3383319
0.163,3377685
0.164,3376413
0.164,3376413
0.164,3370507
0.165,3370507
0.166,3365858
0.166,3355800
0.169,3354636
0.169,3340957
0.171,3340912
0.172,3337520
0.173,3334807
0.174,3330730
0.175,3330326
0.176,3327964
0.176,3310149
0.177,3309218
0.177,3296899
0.177,3295743
0.179,3281071
0.181,3278635
0.181,3241068
0.182,3197659
0.183,3196173
0.184,3192151
0.184,3190216
0.185,3190164
0.185,3158864
0.186,3158834
0.187,3157733
0.187,3149175
0.189,3147026
0.191,3138850
0.193,3138850
0.193,3138174
0.193,3138174
0.193,3136759
0.195,3136759
0.195,3128995
0.195,3128975
0.196,3127638
0.197,3121657
0.197,3118912
0.197,3113067
0.198,3111918
0.198,3111434
0.198,3099260
0.198,3096532
0.199,3092323
0.199,3083359
0.201,3082952
0.204,3079267
0.206,3078813
0.207,3077865
0.207,3060530
0.207,3060497
0.208,3056753
0.208,3056753
0.211,3056332
0.211,3044675
0.213,3043948
0.213,3043816
0.214,3036456
0.214,3036456
0.214,3034929
0.215,3034191
0.217,3033055
0.218,2985582
0.22,2982535
0.221,2980702
0.226,2980498
0.226,2969592
0.227,2969592
0.227,2959141
0.227,2958956
0.229,2954535
0.229,2949809
0.231,2941341
0.232,2931912
0.233,2928956
0.234,2926568
0.234,2926463
0.236,2923608
0.236,2919458
0.238,2908966
0.239,2905820
0.24,2902642
0.241,2901036
0.242,2901036
0.243,2898237
0.246,2894936
0.248,2894823
0.249,2894779
0.25,2891187
0.251,2883623
0.253,2874650
0.253,2873684
0.254,2873308
0.255,2872052
0.258,2870109
0.259,2866209
0.262,2866013
0.264,2862789
0.264,2857254
0.265,2843161
0.265,2836607
0.266,2834653
0.267,2834160
0.268,2829391
0.271,2826232
0.272,2815207
0.273,2810329
0.274,2810059
0.275,2808459
0.275,2799972
0.277,2738908
0.279,2738111
0.279,2737529
0.284,2737248
0.287,2737232
0.288,2731843
0.288,2704542
0.289,2704542
0.29,2702739
0.291,2693098
0.293,2692745
0.293,2686953
0.293,2684329
0.294,2676976
0.295,2673456
0.295,2671697
0.296,2671475
0.296,2667039
0.296,2661997
0.296,2659294
0.299,2658558
0.299,2658558
0.3,2657188
0.3,2656791
0.302,2644953
0.303,2641960
0.304,2640399
0.308,2632373
0.308,2623837
0.31,2622715
0.31,2617654
0.311,2581868
0.311,2578300
0.312,2576680
0.313,2575399
0.313,2570161
0.315,2566541
0.315,2566541
0.317,2562558
0.317,2555314
0.319,2554486
0.319,2548622
0.319,2546242
0.32,2544986
0.322,2532389
0.322,2532230
0.322,2532225
0.324,2529044
0.329,2497569
0.331,2496276
0.331,2496276
0.332,2472118
0.333,2469858
0.333,2469724
0.333,2465218
0.334,2465171
0.337,2464597
0.34,2461878
0.34,2461878
0.342,2459831
0.342,2455586
0.343,2452842
0.344,2448981
0.345,2379282
0.346,2372526
0.349,2369844
0.35,2369844
0.35,2369844
0.35,2369027
0.351,2368348
0.354,2366128
0.355,2365967
0.356,2364715
0.357,2360933
0.359,2357265
0.359,2356787
0.361,2342253
0.364,2342253
0.366,2342253
0.369,2342253
0.37,2340682
0.37,2337268
0.374,2336067
0.375,2334205
0.375,2334205
0.376,2330872
0.377,2330629
0.377,2328036
0.377,2324287
0.378,2323712
0.378,2315266
0.379,2315266
0.38,2315185
0.383,2287269
0.384,2284078
0.384,2283376
0.384,2281401
0.385,2279163
0.386,2279163
0.387,2277162
0.387,2241433
0.387,2241009
0.388,2240250
0.391,2237548
0.392,2236204
0.394,2236204
0.395,2234676
0.396,2233907
0.397,2233771
0.399,2228816
0.401,2214519
0.402,2214519
0.403,2210641
0.404,2208916
0.41,2208916
0.411,2208916
0.413,2208707
0.413,2207244
0.417,2185446
0.419,2185446
0.419,2175304
0.42,2172893
0.426,2172550
0.428,2172550
0.429,2170950
0.429,2167246
0.43,2166565
0.431,2164566
0.433,2164566
0.433,2164566
0.441,2164538
0.443,2128376
0.446,2128376
0.452,2126472
0.453,2122900
0.453,2121643
0.454,2117558
0.456,2117488
0.458,2045113
0.458,2044943
0.46,2044943
0.462,2042106
0.463,2042106
0.464,2042106
0.468,2040849
0.47,2036877
0.472,2034427
0.473,2034386
0.473,2034386
0.48,2033502
0.481,2033034
0.482,2010998
0.482,2001214
0.487,1997843
0.488,1989524
0.491,1976624
0.492,1976603
0.494,1967525
0.494,1967282
0.495,1967282
0.5,1966887
0.501,1962968
0.502,1962536
0.502,1962536
0.503,1960856
0.505,1960654
0.506,1960654
0.507,1945714
0.509,1943808
0.509,1943453
0.51,1941172
0.512,1938848
0.515,1938653
0.516,1933036
0.516,1902982
0.517,1885913
0.519,1885520
0.521,1876281
0.523,1875481
0.527,1871692
0.528,1871005
0.53,1867238
0.533,1865514
0.541,1863620
0.541,1863620
0.543,1863479
0.544,1863479
0.545,1863004
0.545,1863004
0.545,1860674
0.547,1858672
0.548,1858672
0.549,1853953
0.55,1853912
0.55,1810102
0.551,1810102
0.552,1809606
0.553,1809606
0.556,1809606
0.557,1809497
0.56,1805508
0.561,1805402
0.562,1796464
0.563,1796185
0.567,1795195
0.568,1794726
0.569,1794726
0.569,1794726
0.573,1793794
0.573,1791156
0.574,1791156
0.585,1788235
0.586,1786808
0.586,1786363
0.586,1785814
0.588,1784671
0.589,1784671
0.589,1761789
0.59,1760681
0.595,1759880
0.596,1746033
0.598,1745270
0.603,1744810
0.611,1743718
0.623,1743552
0.626,1743552
0.626,1742063
0.628,1742063
0.628,1737378
0.629,1717974
0.632,1715129
0.635,1714602
0.637,1713182
0.639,1709600
0.64,1709600
0.645,1708877
0.652,1681077
0.653,1680115
0.655,1678556
0.656,1672557
0.656,1672185
0.658,1671532
0.662,1671296
0.662,1668126
0.669,1668126
0.672,1660280
0.678,1660280
0.679,1657769
0.687,1657624
0.689,1656724
0.691,1656724
0.692,1651307
0.692,1650186
0.697,1644395
0.698,1642564
0.703,1642564
0.704,1640532
0.708,1640482
0.709,1638422
0.711,1633451
0.719,1633451
0.721,1633451
0.727,1631799
0.73,1631799
0.734,1629470
0.742,1628836
0.743,1628836
0.744,1628073
0.747,1627117
0.748,1627117
0.75,1627056
0.751,1627056
0.753,1622846
0.754,1622846
0.756,1620726
0.756,1600374
0.757,1600207
0.758,1600207
0.76,1600153
0.761,1599526
0.765,1598283
0.767,1592393
0.768,1591641
0.772,1590367
0.774,1590367
0.778,1586527
0.779,1586527
0.782,1584403
0.784,1583430
0.784,1581595
0.788,1581242
0.795,1579395
0.796,1577509
0.805,1577509
0.808,1575196
0.808,1575196
0.809,1575140
0.809,1574751
0.811,1574260
0.812,1574260
0.814,1573027
0.814,1549829
0.815,1549441
0.816,1542157
0.82,1542157
0.82,1542157
0.823,1541155
0.824,1541155
0.825,1541155
0.826,1540476
0.826,1538240
0.831,1537489
0.832,1535673
0.833,1535503
0.833,1535503
0.835,1531908
0.837,1531861
0.839,1531861
0.84,1531861
0.842,1528371
0.845,1527228
0.851,1524958
0.852,1524958
0.857,1524958
0.865,1524958
0.866,1520601
0.867,1519088
0.871,1518151
0.872,1518151
0.877,1517361
0.879,1509067
0.887,1507074
0.892,1506987
0.893,1506987
0.896,1501549
0.897,1497863
0.897,1496916
0.897,1493855
0.899,1489419
0.907,1489419
0.919,1489154
0.926,1487272
0.926,1487105
0.926,1487105
0.932,1484617
0.936,1484617
0.936,1484535
0.938,1483050
0.944,1479484
0.945,1479145
0.959,1479145
0.961,1474597
0.964,1474597
0.965,1474597
0.968,1470851
0.97,1470415
0.972,1469961
0.981,1469961
0.984,1469961
0.987,1468287
0.989,1462665
0.99,1462378
0.997,1461545
0.998,1461545
1.003,1458853
1.004,1452621
1.006,1452420
1.012,1450802
1.022,1450802
1.027,1448443
1.035,1448443
1.036,1445098
1.04,1444698
1.042,1441211
1.044,1440394
1.047,1440394
1.047,1440394
1.049,1434633
1.053,1434633
1.054,1434633
1.083,1433692
1.084,1431919
1.089,1430028
1.089,1428675
1.093,1428675
1.096,1425665
1.096,1411169
1.097,1411005
1.099,1411005
1.115,1411005
1.12,1411005
1.122,1406343
1.122,1405014
1.124,1397183
1.124,1397183
1.129,1397183
1.129,1397115
1.133,1396795
1.153,1396795
1.156,1396577
1.157,1396178
1.16,1396178
1.161,1396178
1.168,1396178
1.169,1396178
1.172,1396178
1.183,1396164
1.186,1395699
1.187,1394656
1.191,1394656
1.193,1394656
1.202,1394611
1.202,1394167
1.206,1394167
1.207,1394006
1.211,1394006
1.215,1393180
1.218,1392575
1.219,1392575
1.222,1392575
1.225,1386123
1.226,1385845
1.23,1385690
1.231,1385690
1.234,1380060
1.236,1379352
1.237,1377954
1.242,1377896
1.243,1377896
1.247,1377896
1.247,1375821
1.25,1360374
1.251,1360374
1.251,1360374
1.252,1360115
1.255,1358879
1.255,1333317
1.258,1333278
1.261,1333278
1.264,1333221
1.265,1324541
1.269,1322460
1.274,1321080
1.274,1319459
1.278,1319459
1.281,1312998
1.289,1312998
1.289,1291279
1.292,1291279
1.296,1290263
1.302,1289410
1.307,1282420
1.309,1280685
1.311,1280685
1.312,1280685
1.313,1280054
1.316,1280054
1.324,1270987
1.326,1270647
1.332,1269792
1.34,1269792
1.34,1269792
1.343,1269000
1.343,1266814
1.344,1266814
1.345,1258536
1.347,1258047
1.351,1257542
1.352,1257542
1.353,1257197
1.357,1257197
1.364,1257197
1.367,1257197
1.368,1255702
1.369,1255702
1.375,1255702
1.377,1253765
1.379,1253765
1.392,1252254
1.395,1206738
1.396,1205887
1.4,1205887
1.4,1205846
1.407,1204677
1.409,1195749
1.411,1195398
1.412,1194621
1.412,1194497
1.418,1194497
1.42,1193191
1.426,1193191
1.426,1191365
1.429,1191211
1.431,1177407
1.431,1176649
1.432,1156224
1.452,1155430
1.455,1155430
1.458,1154775
1.479,1152053
1.486,1152053
1.491,1151850
1.499,1151850
1.512,1151850
1.513,1151850
1.52,1126612
1.537,1126612
1.537,1126612
1.538,1123862
1.539,1123719
1.54,1117884
1.542,1116038
1.548,1116038
1.556,1112619
1.567,1112578
1.573,1112578
1.584,1112475
1.59,1112475
1.594,1111405
1.595,1111405
1.598,1111405
1.602,1111405
1.603,1111405
1.61,1111405
1.611,1111405
1.62,1111405
1.621,1111405
1.633,1109361
1.636,1109361
1.637,1109361
1.639,1109246
1.639,1109246
1.644,1109246
1.651,1108726
1.658,1108726
1.66,1106395
1.664,1106319
1.68,1106319
1.683,1106319
1.687,1105254
1.7,1105254
1.702,1101473
1.709,1100400
1.709,1099343
1.724,1099343
1.726,1098924
1.729,1098924
1.732,1098924
1.744,1098529
1.756,1098529
1.759,1092529
1.768,1092529
1.773,1089551
1.774,1088262
1.785,1088262
1.789,1088262
1.798,1084824
1.806,1084824
1.806,1082915
1.811,1027212
1.817,1026704
1.819,1025270
1.82,1025270
1.82,1024806
1.822,1017394
1.826,1017325
1.83,1004555
1.839,1004555
1.84,1004555
1.84,1004555
1.852,1003850
1.859,1003755
1.863,1003755
1.864,1003755
1.873,1003755
1.881,1001815
1.896,1001815
1.904,1000997
1.906,1000997
1.911,1000997
1.923,962038
1.925,960379
1.929,960379
1.93,960294
1.931,957542
1.932,957542
1.951,957542
1.958,957542
1.961,957542
1.97,957542
1.971,957542
1.972,955501
1.99,954179
1.999,954179
1.999,950836
2.012,945185
2.035,945185
2.039,944400
2.043,944400
2.045,944400
2.048,944400
2.05,944400
2.052,944400
2.052,944400
2.063,944400
2.069,944400
2.071,943702
2.075,943386
2.078,941017
2.085,941017
2.088,937206
2.095,937062
2.098,937062
2.103,937062
2.113,937062
2.124,937062
2.126,937062
2.126,937062
2.138,936043
2.15,936043
2.151,936043
2.151,936043
2.159,936043
2.165,936043
2.169,936043
2.169,936043
2.188,934820
2.197,934820
2.206,923761
2.213,923761
2.214,923573
2.218,923573
2.22,923062
2.231,923062
2.237,922591
2.238,922591
2.249,921923
2.263,921923
2.267,921923
2.272,921686
2.298,921666
2.298,921221
2.31,921221
2.315,921221
2.32,921221
2.321,918029
2.323,918029
2.326,918029
2.331,918029
2.344,918029
2.358,917516
2.36,917516
2.366,917516
2.376,915419
2.377,915419
2.391,915419
2.394,915419
2.399,914511
2.41,914511
2.422,912060
2.438,911627
2.442,911297
2.443,910751
2.451,902835
2.456,902835
2.462,902835
2.463,902835
2.469,902835
2.473,900271
2.477,900021
2.48,900021
2.488,900021
2.499,899756
2.502,899756
2.505,895124
2.518,895124
2.52,894533
2.522,893991
2.533,893991
2.534,893991
2.535,892027
2.544,891884
2.547,891884
2.555,891884
2.555,891884
2.578,891884
2.582,891848
2.585,891848
2.591,891848
2.598,891848
2.611,891848
2.612,877710
2.615,877710
2.619,873730
2.621,873730
2.621,873730
2.625,873730
2.625,869833
2.628,869781
2.63,869781
2.631,869781
2.642,869781
2.668,869781
2.672,869781
2.684,869781
2.694,869781
2.698,867537
2.714,867537
2.727,867537
2.729,867537
2.735,867537
2.741,867537
2.764,867274
2.767,866836
2.774,862111
2.774,862111
2.781,861539
2.782,861539
2.802,854931
2.804,854931
2.806,854931
2.807,854931
2.808,854931
2.82,854931
2.821,853760
2.827,853760
2.827,853760
2.831,853760
2.841,852783
2.855,852783
2.868,851965
2.874,851909
2.878,851909
2.889,851850
2.889,847943
2.892,847921
2.893,847874
2.896,847874
2.9,847874
2.9,847874
2.905,847874
2.908,847874
2.91,847874
2.913,842821
2.913,842821
2.922,842821
2.924,842821
2.933,842821
2.946,842821
2.948,840254
2.952,840254
2.953,840018
2.956,839973
2.956,839973
2.967,821409
2.968,820501
2.974,817998
2.974,817998
2.996,817998
3.01,817998
3.016,817799
3.029,817799
3.038,815764
3.06,815764
3.063,815764
3.074,815063
3.08,815063
3.087,815063
3.095,815063
3.112,814978
3.117,814978
3.138,814978
3.142,814978
3.146,814978
3.18,814147
3.184,814147
3.19,814147
3.197,814147
3.201,814147
3.204,813161
3.213,813161
3.226,813161
3.244,813161
3.262,813161
3.267,813161
3.274,812913
3.293,801754
3.316,801754
3.318,801754
3.321,801087
3.339,801087
3.341,801087
3.345,801087
3.346,801087
3.35,801087
3.367,801087
3.372,801087
3.372,801087
3.372,801087
3.375,801087
3.388,801087
3.41,801087
3.421,799490
3.425,799490
3.426,799341
3.427,799341
3.473,799144
3.481,799144
3.484,799144
3.489,799144
3.49,799144
3.499,799144
3.516,799144
3.528,799144
3.533,799144
3.548,799144
3.551,799144
3.552,799144
3.552,799144
3.555,798387
3.557,798387
3.568,798387
3.57,798387
3.571,798387
3.58,798387
3.586,798387
3.607,797225
3.624,797225
3.632,797225
3.64,797225
3.642,797225
3.652,797225
3.662,797225
3.662,797225
3.676,797225
3.676,797225
3.685,797225
3.688,796911
3.696,796911
3.7,796911
3.705,796514
3.708,796514
3.71,796514
3.717,796514
3.722,796514
3.735,796314
3.739,796314
3.75,790281
3.772,790281
3.777,790281
3.781,790259
3.795,790259
3.808,790259
3.818,790259
3.831,790259
3.834,790259
3.846,790259
3.846,790259
3.873,790259
3.88,790259
3.885,790259
3.914,790259
3.93,790259
3.953,790259
3.963,790259
3.973,790259
3.98,790259
4.007,790259
4.011,790259
4.013,790259
4.024,790259
4.028,790259
4.034,790259
4.04,790259
4.051,790259
4.058,790259
4.065,790259
4.073,790259
4.099,790259
4.103,790259
4.114,789016
4.124,789016
4.13,786221
4.153,786221
4.164,786221
4.169,786221
4.18,786221
4.206,786221
4.211,786221
4.214,786221
4.217,786221
4.217,786221
4.219,786221
4.231,786221
4.239,786221
4.241,786221
4.243,786221
4.251,786221
4.269,786221
4.285,786221
4.29,786221
4.296,786221
4.301,785868
4.307,785868
4.312,785868
4.313,785868
4.319,785646
4.32,785646
4.327,785646
4.329,785646
4.347,785646
4.347,785646
4.348,784906
4.348,784906
4.362,784906
4.369,784906
4.377,784906
4.38,784906
4.381,784783
4.383,784756
4.4,782874
4.404,782874
4.408,782874
4.428,782874
4.429,782874
4.435,782874
4.448,782874
4.467,782874
4.475,782874
4.476,782874
4.486,782874
4.503,782874
4.511,782803
4.519,782803
4.557,782803
4.558,782803
4.562,782803
4.566,782803
4.567,782803
4.583,782803
4.588,782803
4.592,782803
4.605,782803
4.608,782803
4.611,772748
4.613,772748
4.614,772748
4.616,772748
4.617,772748
4.625,772748
4.625,772748
4.63,772748
4.632,772748
4.644,772748
4.653,770818
4.661,770818
4.68,770818
4.681,770818
4.699,770818
4.743,770818
4.75,764427
4.751,764427
4.767,764427
4.769,764427
4.77,764427
4.775,764427
4.817,764427
4.819,764427
4.838,764336
4.85,764336
4.853,764336
4.86,764336
4.861,764336
4.874,764336
4.889,764336
4.89,762873
4.898,762873
4.904,762633
4.91,762633
4.944,762633
4.944,762633
4.947,762633
4.967,762633
4.973,762633
4.974,762633
4.975,762633
4.987,762633
4.989,762633
4.997,762633
5.055,762633
5.064,761304
5.066,761304
5.068,761304
5.069,761304
5.073,761304
5.086,760778
5.09,760778
5.096,760319
5.099,760319
5.106,760319
5.107,760319
5.117,760319
5.13,760319
5.177,760319
5.182,760319
5.184,758879
5.192,758879
5.202,758879
5.219,758148
5.231,758148
5.273,758148
5.293,758148
5.305,756110
5.311,756110
5.312,756110
5.327,756110
5.329,756110
5.342,756110
5.342,756110
5.345,756110
5.359,754250
5.362,754250
5.363,754250
5.365,753650
5.373,753650
5.374,753650
5.382,753650
5.386,753650
5.39,753650
5.394,753650
5.401,753574
5.403,753574
5.424,753574
5.442,753574
5.447,753574
5.478,753574
5.48,753574
5.488,753314
5.488,753314
5.498,753314
5.508,753314
5.517,753314
5.529,753314
5.542,753314
5.543,753314
5.548,753314
5.567,753314
5.575,753314
5.575,753314
5.591,753314
5.592,753314
5.598,753314
5.602,753314
5.608,753314
5.61,752909
5.617,752909
5.645,752909
5.655,752909
5.659,752909
5.662,752909
5.678,752909
5.679,752410
5.696,752410
5.698,752410
5.711,752410
5.717,752410
5.719,752095
5.728,752095
5.735,752095
5.738,749974
5.744,749974
5.765,749974
5.774,749974
5.784,749974
5.788,749974
5.797,749777
5.801,749777
5.803,749777
5.814,749777
5.821,749777
5.833,749777
5.835,749777
5.844,749777
5.872,749777
5.88,749777
5.89,749777
5.911,749777
5.932,749777
5.935,749000
5.942,749000
5.949,749000
5.962,748295
5.965,748295
5.981,748295
5.986,748295
5.993,748295
6.001,748295
6.007,748295
6.01,748295
6.015,748295
6.025,748295
6.035,748295
6.047,748295
6.06,748295
6.067,748295
6.073,740312
6.08,740312
6.083,740312
6.089,740312
6.1,740312
6.1,740312
6.119,740312
6.125,740312
6.133,740312
6.142,740312
6.163,740233
6.17,740233
6.181,740233
6.194,740233
6.201,740233
6.216,740233
6.235,740233
6.236,740233
6.237,740233
6.246,740233
6.248,740233
6.248,740233
6.27,740027
6.3,740027
6.315,740027
6.319,740027
6.319,740027
6.323,740027
6.338,740027
6.341,740027
6.354,740027
6.369,740027
6.382,740027
6.392,740027
6.401,740027
6.407,740027
6.415,740027
6.419,740027
6.438,740027
6.439,740027
6.444,740027
6.446,740027
6.451,740027
6.466,740027
6.468,740027
6.47,740027
6.473,740027
6.482,739822
6.483,739822
6.487,739074
6.493,739074
6.503,739074
6.507,739074
6.508,739074
6.512,739074
6.523,736642
6.532,736642
6.534,736642
6.542,736642
6.546,736642
6.547,736642
6.567,736642
6.573,736642
6.574,736642
6.578,736630
6.586,736630
6.59,736630
6.594,736630
6.611,736630
6.631,736630
6.636,736095
6.641,736095
6.658,736095
6.659,736095
6.659,736095
6.661,736095
6.663,735642
6.679,735642
6.685,734147
6.697,734147
6.701,734147
6.706,734147
6.707,733899
6.723,733899
6.727,733899
6.729,733899
6.738,733899
6.747,733279
6.75,733279
6.757,733279
6.79,733279
6.79,733279
6.791,732789
6.794,732789
6.812,732789
6.813,732789
6.817,732789
6.821,732789
6.821,732789
6.849,732789
6.867,732789
6.874,731749
6.896,731749
6.897,731749
6.903,731749
6.908,726756
6.92,724583
6.922,724583
6.943,724019
6.951,723247
6.951,722445
6.955,722445
6.964,722445
6.971,722445
6.977,722445
6.981,722445
6.999,722445
7.031,722445
7.034,722445
7.056,722445
7.057,722445
7.065,722445
7.071,722445
7.08,722445
7.086,722445
7.095,722445
7.109,722445
7.124,722445
7.125,722445
7.133,722445
7.141,722445
7.159,722445
7.165,721877
7.174,721877
7.189,721877
7.19,721877
7.198,721877
7.2,721877
7.203,721877
7.225,721877
7.228,721877
7.236,721877
7.238,721877
7.275,721877
7.284,721877
7.293,721877
7.331,721877
7.336,721877
7.34,721877
7.345,721877
7.348,721877
7.349,721877
7.351,721877
7.356,721877
7.357,721877
7.363,721877
7.389,721877
7.392,721877
7.408,721877
7.435,721877
7.44,721877
7.456,721877
7.466,721877
7.471,721877
7.472,721877
7.481,721877
7.482,721877
7.493,721877
7.505,721877
7.507,721877
7.524,721877
7.525,721877
7.533,721877
7.546,721877
7.546,721877
7.548,721877
7.549,721877
7.562,721877
7.57,721877
7.575,721877
7.591,721877
7.6,721877
7.623,721877
7.627,721877
7.638,721877
7.652,721877
7.691,721654
7.697,721654
7.701,721654
7.704,721654
7.742,721654
7.756,721654
7.768,721654
7.782,721654
7.788,721654
7.79,721654
7.81,721654
7.811,721654
7.812,721654
7.813,721654
7.833,721654
7.855,721654
7.864,721654
7.881,721654
7.902,721654
7.936,721654
7.943,721654
7.944,721654
7.947,721654
7.995,721654
8.001,721654
8.001,721654
8.008,721654
8.009,721654
8.024,721654
8.039,721654
8.084,721654
8.114,721654
8.122,721654
8.133,721654
8.136,721654
8.144,721654
8.149,721654
8.151,721654
8.158,721654
8.171,721654
8.181,721654
8.183,721654
8.186,721654
8.199,721654
8.213,721654
8.213,721654
8.226,721654
8.229,721654
8.234,721654
8.245,721654
8.276,721654
8.278,721654
8.286,721654
8.304,721654
8.322,721235
8.336,721235
8.36,721235
8.362,721235
8.362,721235
8.367,721235
8.391,721235
8.391,721235
8.419,721235
8.42,721235
8.432,721235
8.454,721235
8.463,721235
8.473,721235
8.483,721235
8.483,721235
8.484,721235
8.496,721235
8.498,721235
8.502,721235
8.551,721235
8.555,720644
8.595,720644
8.604,720644
8.612,720644
8.624,720644
8.642,720644
8.657,720644
8.663,720644
8.664,720644
8.69,720644
8.693,720644
8.701,720644
8.709,720644
8.735,720644
8.735,720147
8.739,720147
8.753,720147
8.763,720147
8.769,720147
8.81,720147
8.811,720147
8.842,720147
8.854,720147
8.867,720147
8.881,720147
8.907,720147
8.912,720147
8.914,720147
8.923,720147
8.941,719968
8.952,719968
8.956,719968
8.985,719968
9,719968
9.009,719968
9.022,719968
9.031,719968
9.045,719968
9.057,719968
9.068,719968
9.09,719968
9.097,719968
9.1,719968
9.102,719968
9.104,719968
9.135,719968
9.139,719968
9.162,719968
9.182,719968
9.192,719968
9.2,719968
9.207,719968
9.217,719968
9.246,719968
9.252,719968
9.328,719968
9.328,719968
9.343,719968
9.351,719968
9.351,719968
9.353,719968
9.36,719968
9.362,719968
9.367,719968
9.401,719968
9.421,719968
9.422,719968
9.423,719968
9.445,719002
9.455,719002
9.457,719002
9.464,719002
9.489,719002
9.506,718755
9.506,718755
9.515,718755
9.52,718755
9.537,718755
9.545,718755
9.546,718755
9.55,718755
9.573,718755
9.584,718755
9.589,718755
9.61,718755
9.611,718755
9.612,718755
9.619,718755
9.631,718755
9.635,718755
9.668,718755
9.687,718755
9.695,718755
9.709,718755
9.715,718755
9.72,718755
9.726,718755
9.727,718755
9.736,718755
9.74,718755
9.751,718755
9.774,718755
9.775,718755
9.797,718755
9.802,718755
9.812,718755
9.819,718755
9.841,718755
9.842,718755
9.849,718755
9.865,718755
9.876,718755
9.878,718755
9.881,718255
9.895,718255
9.901,718255
9.941,718255
9.946,718255
9.946,718255
9.951,718255
9.959,718255
9.965,718255
9.971,718255
9.979,718255
9.98,718255
9.995,718255
10.04,718255
10.041,718255
10.041,718255
10.047,718255
10.05,718255
10.058,716957
10.068,716957
10.11,716957
10.112,716957
10.135,716957
10.154,716957
10.173,716957
10.195,716957
10.197,716957
10.232,716957
10.238,716957
10.254,716957
10.268,716957
10.281,716445
10.284,716445
10.3,716445
10.316,716445
10.319,716445
10.334,716445
10.337,716445
10.346,716445
10.381,716445
10.407,716445
10.415,716445
10.432,716445
10.437,716445
10.44,716445
10.457,716445
10.462,716445
10.464,716445
10.469,716445
10.47,716445
10.472,716445
10.473,716445
10.474,716445
10.474,716445
10.492,716445
10.502,716445
10.527,716445
10.546,716445
10.548,716445
10.555,716445
10.558,716445
10.561,716445
10.568,716445
10.592,716445
10.593,716445
10.595,716445
10.618,716445
10.644,716445
10.65,716445
10.655,716445
10.66,716445
10.665,716445
10.688,716445
10.69,716445
10.694,716445
10.7,716445
10.708,716445
10.715,716445
10.722,716445
10.738,716445
10.745,716445
10.757,716445
10.771,716445
10.772,716445
10.784,716445
10.806,716445
10.815,716445
10.818,716445
10.821,716445
10.832,716445
10.838,716445
10.843,716445
10.91,716445
10.925,716445
10.94,716445
10.979,716445
10.98,716445
10.984,716445
10.992,716445
10.999,716445
11.029,716445
11.033,716445
11.044,716445
11.045,716445
11.06,716445
11.063,716445
11.064,716445
11.067,716445
11.081,716445
11.095,716445
11.097,716445
11.112,716445
11.123,716445
11.142,716445
11.237,716445
11.239,716445
11.241,716445
11.243,716445
11.244,716445
11.25,716445
11.251,716445
11.251,716445
11.256,716445
11.272,716445
11.273,716445
11.273,716445
11.276,716445
11.284,716445
11.285,716445
11.306,716445
11.314,716445
11.326,716445
11.327,716445
11.344,716445
11.354,716445
11.359,716445
11.361,716445
11.362,716445
11.368,716445
11.372,715855
11.397,715855
11.405,715855
11.407,715855
11.418,715855
11.422,715855
11.457,715855
11.474,715855
11.487,715855
11.492,715855
11.51,715855
11.527,715855
11.554,715855
11.586,715855
11.591,715855
11.592,715855
11.594,715855
11.594,715855
11.598,715855
11.599,715855
11.601,715855
11.611,715855
11.616,715855
11.625,715855
11.633,715855
11.644,715855
11.645,715855
11.646,715855
11.656,715855
11.661,715855
11.693,715855
11.713,715855
11.715,715855
11.738,715855
11.745,715855
11.749,715855
11.753,715855
11.76,715855
11.773,715855
11.774,715855
11.777,715855
11.783,715855
11.783,715855
11.788,715855
11.814,715855
11.829,715855
11.833,715855
11.835,715855
11.844,715855
11.85,715855
11.856,715855
11.864,715855
11.879,715855
11.891,715855
11.896,715855
11.899,715855
11.91,715855
11.914,715855
11.929,715855
11.943,715855
11.954,715855
11.956,715855
11.967,715855
11.968,715855
11.98,715855
11.987,715855
11.991,715855
11.993,715855
12.002,715855
12.004,715855
12.014,715855
12.022,715855
12.029,715855
12.063,715855
12.074,715855
12.089,715855
12.091,715855
12.114,715855
12.114,715855
12.119,715855
12.122,715855
12.127,715855
12.132,715855
12.133,715855
12.143,715522
12.18,715522
12.191,715522
12.193,715522
12.194,715522
12.199,715522
12.2,715522
12.2,715522
12.205,715522
12.209,715522
12.214,715522
12.219,715522
12.232,715522
12.237,715522
12.269,715522
12.272,715522
12.277,715522
12.308,715522
12.321,715522
12.333,715522
12.334,715522
12.351,715522
12.389,715522
12.406,715522
12.419,715522
12.425,715522
12.435,715522
12.435,715522
12.459,715522
12.468,715522
12.471,715522
12.486,715522
12.492,715522
12.497,715522
12.499,715522
12.502,715522
12.502,715522
12.51,715522
12.511,715522
12.513,715522
12.514,715522
12.534,715522
12.555,715522
12.558,715522
12.576,715522
12.584,715522
12.609,715522
12.609,715522
12.628,715522
12.635,715522
12.635,715522
12.636,715522
12.638,715522
12.656,715522
12.666,715522
12.674,715522
12.682,715522
12.688,715522
12.718,715522
12.737,715522
12.739,715522
12.743,715522
12.749,715522
12.763,715522
12.774,715522
12.775,715522
12.784,715522
12.787,715522
12.798,715522
12.817,715522
12.844,715522
12.846,715522
12.851,715522
12.856,715522
12.861,715522
12.866,715522
12.868,715522
12.871,715522
12.876,715522
12.889,715522
12.896,715522
12.908,715522
12.914,715522
12.953,715522
12.956,715522
12.971,715522
12.972,715522
12.981,715522
12.99,715522
12.998,715522
13.013,715522
13.059,715522
13.068,715522
13.07,715463
13.08,715463
13.088,715463
13.101,715463
13.131,715463
13.133,715463
13.134,715463
13.141,715463
13.164,715463
13.186,715463
13.188,715463
13.222,715463
13.225,715463
13.227,715463
13.228,715463
13.23,715463
13.258,715463
13.261,715463
13.262,715463
13.266,715463
13.266,715463
13.269,715463
13.278,715463
13.299,715463
13.301,715463
13.321,715463
13.327,715463
13.387,715463
13.413,715463
13.413,715463
13.439,715463
13.446,715463
13.458,715463
13.468,715463
13.475,715463
13.481,715463
13.488,715463
13.489,715463
13.498,715463
13.514,715463
13.518,715463
13.534,715463
13.546,715463
13.563,715463
13.572,715463
13.573,715463
13.577,715463
13.594,715463
13.606,715463
13.606,715463
13.616,715463
13.632,715463
13.649,715463
13.666,715463
13.667,715463
13.678,715463
13.692,715463
13.708,715463
13.716,715463
13.76,715463
13.78,715463
13.802,715463
13.805,715463
13.812,715463
13.819,715463
13.822,715463
13.825,715463
13.828,715463
13.836,715463
13.844,715463
13.846,715463
13.862,715463
13.899,715463
13.938,715463
13.947,715463
13.966,715463
13.984,715463
13.999,715463
14.02,715463
14.023,715463
14.045,715463
14.048,715463
14.051,715463
14.058,715463
14.06,715463
14.09,715463
14.096,715463
14.106,715463
14.121,715463
14.123,715463
14.129,715463
14.137,715463
14.142,715463
14.152,715463
14.163,715463
14.187,715463
14.189,715463
14.192,715463
14.201,715463
14.21,715463
14.215,715463
14.216,715463
14.226,715463
14.226,715463
14.226,715463
14.235,715463
14.236,715463
14.239,715463
14.239,715463
14.243,715463
14.262,715463
14.263,715463
14.264,715463
14.291,715463
14.292,715463
14.328,715463
14.328,715463
14.333,715463
14.349,715463
14.353,715463
14.381,715463
14.402,715463
14.428,715463
14.437,715463
14.447,715463
14.449,715463
14.474,715463
14.484,715463
14.49,715463
14.505,715463
14.52,715463
14.524,715463
14.544,715463
14.544,715463
14.556,715463
14.564,715463
14.567,715463
14.574,715463
14.578,715463
14.589,715463
14.604,715463
14.607,715463
14.608,715463
14.623,715463
14.63,715463
14.639,715463
14.64,715463
14.646,715463
14.647,715463
14.671,715463
14.677,715463
14.7,715463
14.712,715463
14.719,715463
14.722,715463
14.739,715463
14.758,715463
14.766,715463
14.766,715463
14.79,715463
14.791,715463
14.812,715463
14.829,715463
14.829,715463
14.834,715463
14.838,715463
14.858,715463
14.866,715463
14.867,715463
14.871,715463
14.878,715463
14.887,715463
14.889,715463
14.893,715463
14.898,715463
14.902,715463
14.915,715463
14.924,715463
14.927,715463
14.94,715463
14.942,715463
14.944,715463
14.967,715463
14.981,715463
14.986,715463
15.002,715463
15.009,715463
15.025,715463
15.046,715463
15.06,715463
15.073,715463
15.074,715463
15.101,715463
15.117,715463
15.14,715463
15.148,715463
15.154,715463
15.182,715463
15.206,715463
15.234,715463
15.235,715463
15.241,715463
15.259,715463
15.263,715463
15.273,715463
15.29,715463
15.314,715463
15.319,715463
15.333,715463
15.341,715463
15.359,715463
15.366,715463
15.373,715463
15.382,715463
15.386,715463
15.421,715463
15.445,715463
15.478,715463
15.491,715463
15.494,715463
15.495,715463
15.499,715463
15.505,715463
15.517,715463
15.526,715463
15.529,715463
15.55,715463
15.578,715463
15.578,715463
15.582,715463
15.583,715463
15.594,715463
15.603,715463
15.619,715463
15.634,715463
15.65,715463
15.662,715463
15.674,715463
15.686,715463
15.713,715463
15.722,715463
15.723,715463
15.727,715463
15.728,715463
15.736,715463
15.739,715463
15.749,715463
15.75,715463
15.756,715463
15.758,715463
15.759,715463
15.768,715463
15.769,715463
15.779,715463
15.792,715463
15.798,715463
15.809,715463
15.829,715463
15.838,715463
15.84,715463
15.843,715463
15.848,715463
15.923,715463
15.952,715463
15.961,715463
15.961,715463
15.962,715463
15.976,715463
15.984,715463
15.984,715463
16.002,715463
16.007,715463
16.008,715463
16.008,715463
16.015,715463
16.021,715463
16.023,715463
16.031,715463
16.042,715463
16.043,715463
16.059,715463
16.063,715463
16.084,715463
16.104,715463
16.148,715463
16.149,715463
16.166,715463
16.178,715463
16.195,715463
16.205,715463
16.206,715463
16.244,715463
16.252,715463
16.26,715463
16.264,715463
16.283,715463
16.292,715463
16.304,715463
16.324,715463
16.327,715463
16.338,715463
16.338,715463
16.341,715463
16.347,715463
16.359,715463
16.373,715463
16.428,715463
16.464,715463
16.477,715463
16.493,715463
16.504,715463
16.51,715463
16.528,715463
16.534,715463
16.538,715463
16.544,715463
16.555,715463
16.564,715463
16.569,715463
16.593,715463
16.594,715463
16.601,715463
16.612,715463
16.612,715463
16.63,715463
16.66,715463
16.661,715463
16.671,715463
16.699,715463
16.699,715463
16.708,715463
16.727,715463
16.727,715463
16.739,715463
16.748,715463
16.768,715463
16.775,715463
16.776,715463
16.793,715463
16.796,715463
16.805,715463
16.812,715463
16.819,715463
16.826,715463
16.841,715463
16.851,715463
16.858,715463
16.874,714532
16.9,714532
16.933,714532
16.933,714532
16.939,714532
16.942,714532
16.951,714532
16.992,714532
16.997,714532
17.002,714532
17.014,714532
17.023,714532
17.03,714532
17.039,714532
17.041,714532
17.052,714532
17.052,714532
17.053,714532
17.073,714532
17.081,714532
17.102,714532
17.117,714532
17.122,714532
17.144,714532
17.16,714532
17.167,714532
17.169,714532
17.183,714532
17.19,714532
17.19,714532
17.193,714532
17.205,714532
17.205,714532
17.205,714532
17.214,714532
17.219,714532
17.225,714532
17.241,714532
17.242,714532
17.252,714532
17.273,714532
17.275,714532
17.285,714532
17.292,714532
17.294,714532
17.314,714532
17.321,714532
17.327,714532
17.351,714532
17.363,714532
17.407,714532
17.441,714532
17.451,714532
17.46,714532
17.462,714532
17.483,714532
17.501,714532
17.501,714532
17.51,714532
17.516,714532
17.521,714532
17.556,714532
17.561,714532
17.568,714532
17.575,714532
17.589,714532
17.596,714532
17.609,714532
17.611,714532
17.622,714532
17.627,714532
17.632,714532
17.635,714532
17.638,714532
17.641,714532
17.655,714532
17.665,714532
17.684,714532
17.687,714532
17.695,714532
17.71,714532
17.713,714532
17.735,714532
17.741,714532
17.748,714532
17.752,714532
17.763,714532
17.764,714532
17.767,714532
17.788,714532
17.794,714532
17.794,714532
17.809,714532
17.813,714532
17.821,714532
17.833,714532
17.839,714532
17.857,714532
17.866,714532
17.89,714532
17.897,714532
17.898,714532
17.899,714532
17.901,714532
17.915,714532
17.923,714532
17.939,714532
17.947,714532
17.952,714532
17.963,714532
17.972,714532
17.973,714532
17.987,714532
17.987,714532
17.992,714532
18.008,714532
18.008,714532
18.01,714532
18.011,714532
18.011,714532
18.022,714532
18.048,714532
18.053,714532
18.053,714532
18.082,714532
18.089,714532
18.1,714532
18.102,714532
18.104,714532
18.132,714532
18.141,714532
18.148,714532
18.149,714532
18.149,714532
18.154,714532
18.156,714532
18.169,714532
18.173,714532
18.179,714532
18.18,714532
18.184,714532
18.187,714532
18.216,714532
18.227,714532
18.228,714532
18.243,714532
18.246,714532
18.254,714532
18.268,714532
18.338,714532
18.346,714532
18.348,714532
18.358,714532
18.362,714532
18.376,714532
18.378,714532
18.381,714532
18.384,714532
18.392,714532
18.401,714532
18.422,714532
18.425,714532
18.426,714532
18.427,714532
18.442,714532
18.454,714532
18.469,714532
18.473,714532
18.502,714532
18.51,714532
18.523,714532
18.568,714532
18.571,714532
18.573,714532
18.606,714532
18.648,714532
18.648,714532
18.666,714532
18.677,714532
18.68,714532
18.688,714532
18.713,714532
18.714,714532
18.73,714532
18.731,714532
18.752,714532
18.778,714532
18.78,714532
18.788,714532
18.795,714532
18.811,714532
18.815,714532
18.816,714532
18.821,714532
18.824,714532
18.852,714532
18.874,714532
18.909,714532
18.914,714532
18.953,714532
18.958,714532
18.963,714532
18.967,714532
18.979,714532
18.983,714532
18.983,714532
18.987,714532
18.987,714532
19.018,714532
19.024,714532
19.041,714532
19.043,714532
19.052,714532
19.081,714532
19.088,714532
19.112,714532
19.145,714532
19.149,714532
19.183,714532
19.195,714532
19.203,714532
19.21,714532
19.23,714532
19.231,714532
19.236,714532
19.25,714532
19.25,714532
19.256,714532
19.265,714532
19.268,714532
19.276,714532
19.281,714532
19.288,714532
19.295,714532
19.297,714532
19.303,714532
19.315,714532
19.345,714532
19.352,714532
19.361,714532
19.383,714532
19.388,714532
19.401,714532
19.455,714532
19.476,714532
19.499,714532
19.506,714532
19.536,714532
19.546,714532
19.547,714532
19.583,714532
19.601,714532
19.607,714532
19.615,714532
19.629,714532
19.66,714532
19.676,714532
19.696,714532
19.7,714532
19.73,714532
19.736,714532
19.767,714532
19.768,714532
19.783,714532
19.786,714532
19.788,714532
19.808,714532
19.833,714532
19.843,714532
19.845,714532
19.859,714532
19.863,714532
19.872,714532
19.877,714532
19.89,714532
19.89,714532
19.896,714532
19.914,714532
19.919,713710
19.924,713710
19.935,713710
19.955,713710
19.96,713710
19.962,713710
19.977,713710
19.977,713710
19.98,713710
19.994,713710
20.019,713710
