0.149000,796721
0.153000,793210
0.155000,793163
0.157000,792891
0.159000,791779
0.163000,790674
0.168000,789986
0.171000,789674
0.175000,787908
0.179000,787515
0.182000,786191
0.185000,784097
0.188000,783544
0.190000,783438
0.201000,782103
0.210000,781777
0.213000,780022
0.215000,777313
0.218000,775479
0.224000,772488
0.227000,772043
0.230000,770306
0.235000,766089
0.239000,746334
0.242000,745263
0.244000,736503
0.246000,736167
0.249000,735856
0.251000,735766
0.252000,731963
0.254000,730996
0.256000,730972
0.257000,730788
0.257000,729557
0.257000,729380
0.257000,727629
0.257000,726615
0.267000,726365
0.267000,723138
0.267000,721950
0.267000,721258
0.267000,721163
0.267000,721062
0.277000,721047
0.277000,718380
0.277000,716152
0.277000,716129
0.277000,716128
0.287000,715791
0.287000,715449
0.287000,714791
0.287000,714694
0.287000,714564
12.715000,709224
12.715000,707197
40.773000,705916
40.773000,704328
97.979000,703009
97.981000,702914
97.983000,701947
162.436000,700869
162.439000,700816
162.440000,700594
162.442000,699907
162.444000,693189
215.729000,691808
215.729000,690826
215.729000,689951
