0.040000,872667
0.040000,872645
0.040000,872598
0.040000,871938
0.040000,871280
0.040000,870726
0.040000,869895
0.040000,868565
0.090000,846083
0.090000,845686
0.090000,844158
0.090000,844108
0.090000,842201
0.090000,842183
0.100000,842138
0.100000,841388
0.100000,840114
0.100000,838659
0.100000,829391
0.100000,829169
0.100000,828378
0.100000,827820
0.100000,827674
0.100000,827521
0.100000,827319
0.100000,827072
0.100000,826973
0.100000,825053
0.100000,824040
0.100000,819152
0.110000,817998
0.110000,817963
0.110000,817818
0.110000,817001
0.110000,816922
0.110000,816345
0.110000,816239
0.110000,815335
0.110000,814772
0.110000,813699
0.110000,717690
0.110000,713494
0.110000,712882
0.110000,712087
0.120000,710856
0.120000,709628
0.120000,709538
0.120000,709341
0.120000,705480
25.020000,701037
25.020000,700924
25.020000,700871
25.020000,700184
25.020000,693467
309.192000,692871
309.192000,692184
309.193000,691208
309.193000,690851
506.882000,690255
