0.040000,824327
0.040000,823768
0.040000,823081
0.040000,819578
0.040000,818787
0.040000,818390
0.050000,818204
0.050000,818199
0.050000,813062
0.050000,812373
0.050000,812351
0.050000,797000
0.050000,795119
0.050000,794287
0.050000,794004
0.050000,793187
0.050000,792845
0.050000,792718
0.050000,792165
0.050000,792145
0.050000,792013
0.050000,790603
0.050000,790594
0.060000,788890
0.060000,788558
0.060000,786690
0.060000,786623
0.060000,786261
0.060000,785567
0.060000,783812
0.060000,783767
0.060000,783720
0.060000,783369
0.060000,783237
0.060000,783095
0.060000,782816
0.060000,782723
0.060000,780695
0.060000,780690
0.060000,776114
0.140000,775143
0.140000,774419
0.140000,769921
0.210000,768779
0.210000,768588
0.270000,768404
0.270000,768390
0.270000,768178
0.270000,764782
0.310000,762699
0.310000,759188
0.310000,758862
0.310000,756162
0.310000,756021
0.310000,754187
0.310000,754140
0.310000,752404
0.310000,750772
0.310000,750670
0.310000,750405
0.310000,750298
0.310000,750208
0.310000,749242
0.310000,747487
0.371000,734132
0.371000,731585
0.371000,730835
0.371000,730493
0.371000,730483
0.371000,730087
0.371000,729513
0.371000,727998
0.371000,724310
0.371000,723873
0.381000,723064
0.381000,722742
0.381000,719516
0.381000,719385
0.381000,709748
0.381000,709649
0.381000,709504
0.381000,709410
0.381000,709224
0.381000,708873
0.381000,708651
0.381000,706969
6.242000,704751
6.242000,704092
6.242000,702818
6.242000,702467
6.242000,702457
6.242000,702221
6.242000,702051
6.242000,702004
6.242000,700349
6.242000,699796
6.242000,699471
6.242000,698759
6.242000,698079
6.242000,697984
6.242000,697315
6.252000,696863
6.252000,696802
6.252000,695991
6.252000,695979
6.252000,695388
32.204000,695220
32.204000,695160
32.214000,694999
32.214000,694643
32.214000,694523
32.214000,694466
82.134000,694438
82.134000,693644
82.134000,693422
82.134000,692672
82.134000,692069
221.878000,691134
221.888000,690454
221.888000,690393
