0.030000,836193
0.120000,833493
0.120000,833446
0.120000,833281
0.120000,832882
0.120000,831525
0.120000,829431
0.120000,824037
0.120000,824019
0.120000,823865
0.120000,821953
0.120000,821886
0.120000,815153
0.130000,815047
0.130000,814957
0.130000,814319
0.130000,813926
0.130000,812852
0.130000,812847
0.130000,811880
0.130000,811193
0.130000,809800
0.130000,809424
0.130000,803024
0.130000,800276
0.130000,799878
0.140000,799656
0.140000,798609
0.140000,798203
0.140000,798190
0.140000,797024
0.140000,794018
0.140000,791836
0.140000,785082
0.140000,784513
0.140000,784455
0.140000,784344
0.140000,783653
0.140000,783295
0.140000,782963
0.140000,782051
0.140000,781194
0.140000,781073
0.140000,780971
0.140000,780689
0.140000,780448
0.150000,780411
0.150000,779711
0.260000,779233
0.260000,778069
0.260000,776734
0.260000,776422
0.260000,773713
0.260000,771878
0.260000,771585
0.260000,769849
0.260000,769820
0.260000,769791
0.260000,769758
0.260000,766247
0.260000,766181
0.260000,765666
0.270000,764706
0.270000,764153
0.270000,763758
0.270000,762003
0.320000,761947
0.320000,761125
0.320000,761095
0.320000,760872
0.330000,760075
0.330000,751641
0.330000,751218
0.330000,751116
0.330000,749993
0.330000,744645
0.330000,744505
0.330000,744336
0.330000,743976
0.330000,743252
0.330000,741284
0.330000,737778
0.451000,737741
0.451000,737497
0.451000,733793
0.451000,731859
0.451000,730649
0.451000,730214
0.461000,728320
0.461000,727779
0.461000,727487
0.461000,719485
0.461000,719091
5.218000,718788
5.218000,718108
5.218000,718048
5.218000,714644
5.228000,711667
5.228000,711106
5.228000,711040
5.228000,710800
5.228000,708276
12.495000,705764
13.116000,703057
59.576000,697959
59.576000,695547
59.576000,695393
59.576000,694720
59.576000,694306
85.431000,694113
85.431000,692550
85.431000,689288
85.431000,687434
85.431000,687118
85.431000,687030
103.582000,686711
