0.175000,792663
0.178000,792392
0.180000,791838
0.183000,791639
0.185000,791326
0.187000,790214
0.190000,790163
0.192000,789837
0.194000,789536
0.196000,786025
0.200000,785923
0.202000,784168
0.204000,782135
0.207000,781448
0.209000,780750
0.213000,779646
0.215000,774751
0.217000,774458
0.219000,774416
0.223000,774103
0.225000,774056
0.227000,770479
0.229000,769761
0.232000,769315
0.235000,768700
0.240000,766341
0.242000,764575
0.245000,764567
0.247000,764504
0.249000,763275
0.251000,763246
0.253000,762903
0.255000,762230
0.257000,760478
0.259000,757769
0.261000,756461
0.263000,756326
0.265000,756259
0.268000,756200
0.272000,755779
0.596000,755051
0.598000,754321
0.600000,753633
0.603000,752682
1.121000,727998
1.123000,727658
1.125000,726802
1.128000,725003
1.130000,723416
1.133000,721004
1.135000,720850
1.137000,720277
1.139000,718957
1.142000,718506
4.296000,705929
4.297000,705426
4.299000,704691
4.301000,704600
4.303000,703942
105.873000,703137
214.369000,699137
214.371000,698759
335.327000,698153
489.242000,693199
489.244000,692660
594.911000,691520
594.913000,691460
594.917000,690857
594.919000,690848
594.920000,690835
