0.050000,823504
0.050000,822603
0.050000,822565
0.050000,822559
0.050000,821248
0.050000,821083
0.050000,819171
0.050000,818683
0.050000,818531
0.050000,816437
0.050000,806818
0.050000,805655
0.050000,804307
0.050000,804227
0.050000,804198
0.050000,804182
0.060000,804164
0.060000,800489
0.060000,799667
0.100000,799440
0.100000,799169
0.100000,799121
0.100000,798766
0.100000,797680
0.100000,797654
0.100000,797454
0.100000,796901
0.100000,796214
0.100000,796192
0.100000,793374
0.110000,793112
0.110000,770440
0.110000,769856
0.110000,768120
0.110000,767217
0.110000,767139
0.110000,766917
0.110000,766832
0.110000,766766
0.110000,766159
0.110000,765726
0.110000,764495
0.110000,764050
0.110000,763255
0.110000,762959
0.120000,762085
0.120000,761506
0.120000,760281
0.291000,748043
0.291000,747590
0.301000,747568
0.301000,747505
0.301000,747458
0.301000,746228
0.301000,744792
0.301000,740491
0.301000,740208
0.301000,740102
0.301000,738772
0.301000,738727
0.301000,738637
0.301000,737670
0.301000,737409
0.301000,736800
0.301000,736773
0.301000,731534
0.301000,730840
0.301000,730412
0.301000,727718
0.311000,725966
0.311000,724861
0.311000,724174
0.311000,722266
0.311000,722167
0.311000,721157
0.311000,720380
0.311000,719971
0.311000,719397
0.311000,719295
0.311000,719109
0.311000,718218
0.311000,714992
0.311000,714640
0.311000,714480
0.311000,713501
0.311000,710621
0.311000,709906
0.311000,707729
0.311000,706972
0.321000,705861
0.321000,705783
0.321000,705577
2.274000,699543
2.274000,699371
2.274000,698658
2.284000,698605
2.284000,697918
19.992000,689960
19.992000,689958
19.992000,689692
19.992000,689593
447.828000,689289
