0.002,6965727
0.002,6962689
0.002,6883978
0.002,6881468
0.003,6865302
0.003,6852948
0.003,6851046
0.003,6843165
0.003,6838301
0.003,6832647
0.003,6825633
0.003,6806961
0.003,6766958
0.005,6759070
0.005,6747169
0.005,6725853
0.005,6724774
0.005,6724774
0.005,6724219
0.006,6717133
0.006,6716476
0.006,6711143
0.006,6679081
0.006,6642296
0.007,6630135
0.007,6620054
0.007,6570294
0.008,6558865
0.008,6556149
0.008,6550476
0.008,6546766
0.008,6545975
0.009,6545331
0.009,6540445
0.009,6501300
0.009,6497842
0.01,6465380
0.01,6446255
0.01,6406639
0.01,6270896
0.011,6260433
0.011,6247840
0.011,6233332
0.011,6223629
0.012,6218976
0.012,6203271
0.012,6201576
0.012,6200957
0.012,6199742
0.012,6180423
0.012,6179182
0.013,6178660
0.013,6150268
0.014,6143802
0.014,6114640
0.014,6111232
0.014,6108343
0.014,6068586
0.015,6064615
0.015,6055061
0.015,6055021
0.015,6055009
0.015,6042316
0.016,6033413
0.016,6011479
0.017,6001790
0.017,6000851
0.017,5998556
0.017,5995670
0.018,5995293
0.018,5995250
0.018,5995227
0.019,5990584
0.019,5979272
0.02,5950504
0.02,5931154
0.02,5911339
0.02,5889477
0.021,5886041
0.021,5885171
0.021,5881600
0.021,5870030
0.022,5856422
0.022,5855475
0.022,5847102
0.022,5842946
0.022,5836129
0.023,5835366
0.023,5829481
0.023,5827101
0.023,5783471
0.023,5783113
0.024,5779537
0.024,5776546
0.025,5774199
0.025,5767900
0.026,5760782
0.026,5756275
0.027,5748010
0.027,5732162
0.028,5712622
0.028,5708437
0.028,5655275
0.029,5608521
0.029,5606262
0.029,5583316
0.03,5565841
0.03,5559753
0.03,5546710
0.031,5546415
0.031,5545185
0.031,5543435
0.032,5542700
0.032,5542382
0.032,5540666
0.032,5540666
0.033,5539837
0.033,5538453
0.033,5532978
0.033,5522537
0.034,5518096
0.034,5502938
0.034,5497634
0.034,5440377
0.034,5440310
0.035,5431689
0.036,5416398
0.037,5409992
0.037,5409853
0.037,5402057
0.038,5392987
0.038,5392104
0.038,5388028
0.039,5385187
0.039,5379569
0.039,5364361
0.039,5363187
0.04,5357812
0.04,5357129
0.041,5356544
0.041,5355666
0.041,5341193
0.041,5335619
0.042,5330348
0.042,5323058
0.042,5318007
0.042,5314183
0.043,5312713
0.044,5303963
0.044,5303675
0.044,5247435
0.045,5247331
0.045,5244768
0.046,5241076
0.046,5241013
0.047,5227058
0.048,5206795
0.048,5206795
0.048,5206549
0.049,5203514
0.049,5201843
0.049,5188061
0.05,5168730
0.05,5164221
0.051,5163920
0.051,5162817
0.052,5162750
0.052,5162581
0.052,5113768
0.052,5109692
0.052,5105246
0.052,5105098
0.052,5099972
0.052,5091678
0.053,4997685
0.053,4995783
0.053,4987400
0.054,4983612
0.054,4975148
0.054,4973764
0.054,4962254
0.055,4962254
0.055,4958433
0.055,4958148
0.055,4958148
0.056,4958143
0.056,4935354
0.057,4925384
0.058,4897801
0.058,4893103
0.058,4889007
0.059,4889007
0.059,4888700
0.059,4888352
0.06,4875701
0.06,4875701
0.061,4856442
0.061,4855001
0.062,4851692
0.062,4849504
0.063,4830460
0.064,4826382
0.064,4800317
0.065,4787978
0.065,4787910
0.066,4782785
0.066,4780797
0.067,4700421
0.067,4694583
0.068,4693422
0.068,4685373
0.068,4673141
0.068,4668383
0.069,4644704
0.069,4644598
0.069,4634872
0.069,4631329
0.07,4624436
0.07,4621478
0.07,4609218
0.07,4602407
0.07,4601386
0.071,4600725
0.071,4588874
0.071,4577349
0.071,4568963
0.072,4543335
0.072,4535854
0.073,4526459
0.073,4523379
0.073,4522566
0.074,4509579
0.074,4508505
0.075,4504709
0.076,4504709
0.076,4502666
0.076,4497034
0.077,4491011
0.079,4490071
0.079,4449465
0.079,4439914
0.079,4436317
0.08,4432437
0.08,4431984
0.081,4431124
0.081,4417786
0.082,4413943
0.083,4411237
0.084,4405935
0.084,4394941
0.084,4392676
0.085,4390462
0.086,4388361
0.086,4384815
0.086,4379621
0.086,4360843
0.087,4357414
0.087,4355211
0.087,4354530
0.088,4348260
0.088,4326314
0.089,4322110
0.089,4318038
0.09,4317891
0.09,4231618
0.091,4229321
0.092,4224121
0.092,4221499
0.093,4221435
0.093,4220233
0.094,4215969
0.094,4209354
0.095,4208074
0.096,4206150
0.096,4202410
0.098,4187299
0.098,4177618
0.098,4177471
0.098,4177329
0.1,4175836
0.102,4175620
0.102,4175620
0.102,4175119
0.103,4161882
0.103,4161690
0.103,4160194
0.103,4144954
0.105,4140313
0.105,4134837
0.106,4129429
0.106,4129321
0.107,4126250
0.107,4125863
0.109,4125529
0.11,4122837
0.11,4115794
0.11,4114462
0.11,4114462
0.112,4110899
0.112,4108701
0.113,4108701
0.113,4108609
0.114,4108609
0.114,4108554
0.115,4107725
0.115,4105878
0.116,4104453
0.116,4103627
0.119,4101415
0.12,4098818
0.12,4098818
0.12,4098817
0.12,4098800
0.121,4098249
0.123,4093588
0.123,4078948
0.123,4078479
0.124,4078401
0.124,4028677
0.125,4028677
0.125,4023025
0.125,4021623
0.125,4019031
0.126,3940354
0.126,3939912
0.126,3939912
0.127,3939114
0.127,3880355
0.128,3811974
0.128,3809012
0.128,3792117
0.129,3792117
0.13,3791712
0.131,3774341
0.131,3773763
0.131,3772950
0.132,3718550
0.132,3598363
0.133,3589775
0.133,3587752
0.134,3566033
0.136,3563778
0.137,3556530
0.138,3555834
0.139,3541293
0.14,3492108
0.141,3490137
0.143,3489586
0.143,3487418
0.143,3487253
0.144,3486752
0.144,3486213
0.145,3486018
0.145,3473575
0.145,3473108
0.146,3472797
0.148,3469160
0.148,3465165
0.149,3461629
0.149,3383195
0.15,3380851
0.152,3377094
0.154,3374230
0.154,3374230
0.154,3372932
0.155,3372764
0.157,3369763
0.159,3367182
0.16,3365298
0.161,3365298
0.161,3365169
0.162,3364964
0.164,3363489
0.164,3342557
0.164,3340798
0.164,3340710
0.164,3338569
0.165,3324634
0.165,3324605
0.165,3318087
0.166,3317426
0.166,3317198
0.166,3315866
0.167,3314252
0.167,3314137
0.167,3308218
0.168,3297984
0.169,3297122
0.17,3294560
0.17,3294119
0.17,3294119
0.171,3293004
0.175,3287167
0.177,3281107
0.177,3253080
0.179,3252415
0.18,3252009
0.181,3248999
0.181,3248953
0.182,3246260
0.183,3246211
0.184,3245368
0.184,3238614
0.185,3221238
0.185,3219886
0.185,3218875
0.187,3218271
0.188,3212924
0.188,3212924
0.19,3212139
0.191,3201740
0.197,3187296
0.197,3174035
0.198,3170926
0.199,3170891
0.199,3160415
0.202,3151955
0.202,3120198
0.203,3120198
0.203,3119270
0.204,3020303
0.206,3020277
0.207,3008821
0.209,3008821
0.21,3006817
0.213,3004598
0.213,2995729
0.213,2989398
0.215,2989335
0.215,2985250
0.215,2984629
0.217,2954743
0.218,2954743
0.22,2953941
0.221,2912368
0.222,2912116
0.222,2911589
0.223,2911589
0.225,2911589
0.226,2909183
0.227,2904352
0.229,2904133
0.231,2904091
0.232,2901181
0.232,2897520
0.234,2895677
0.235,2894396
0.235,2884065
0.235,2873334
0.24,2872628
0.241,2872602
0.243,2862040
0.244,2861070
0.245,2859750
0.245,2857924
0.245,2856533
0.247,2853515
0.248,2851430
0.248,2850425
0.248,2841513
0.248,2841389
0.249,2840642
0.251,2835175
0.254,2833616
0.254,2832643
0.256,2829619
0.257,2828599
0.259,2827680
0.259,2826407
0.259,2826406
0.26,2821952
0.261,2784662
0.262,2782848
0.268,2782563
0.27,2775788
0.272,2753816
0.273,2753586
0.273,2753099
0.274,2715368
0.278,2712402
0.278,2710397
0.282,2710397
0.284,2709650
0.285,2708203
0.285,2707099
0.288,2705597
0.292,2705006
0.292,2700670
0.298,2692711
0.299,2692711
0.3,2685014
0.301,2682380
0.302,2681554
0.302,2681466
0.303,2644363
0.303,2642363
0.304,2640133
0.304,2635772
0.305,2634804
0.306,2632256
0.307,2630904
0.308,2630540
0.308,2628336
0.309,2627769
0.31,2625036
0.314,2624368
0.314,2624368
0.315,2623766
0.315,2623455
0.315,2608377
0.315,2607554
0.316,2605063
0.318,2599007
0.318,2589996
0.32,2589625
0.322,2588406
0.325,2588260
0.326,2585637
0.327,2578886
0.329,2578863
0.331,2575211
0.331,2574324
0.332,2573097
0.343,2571821
0.343,2564640
0.345,2563075
0.345,2562178
0.347,2560796
0.347,2558137
0.348,2555101
0.352,2554865
0.355,2549207
0.358,2545459
0.36,2545459
0.36,2545438
0.362,2545438
0.362,2544079
0.367,2543880
0.368,2543579
0.369,2542318
0.369,2542318
0.371,2534554
0.372,2534328
0.372,2530604
0.373,2529286
0.373,2529286
0.374,2529045
0.374,2527397
0.376,2458734
0.378,2458734
0.378,2457943
0.378,2453157
0.384,2452370
0.384,2452370
0.385,2448871
0.386,2445144
0.387,2289949
0.389,2279728
0.394,2279223
0.397,2278685
0.397,2277279
0.397,2277279
0.398,2276708
0.398,2276168
0.398,2274599
0.405,2272429
0.409,2269802
0.412,2268810
0.414,2260589
0.417,2260253
0.417,2259992
0.418,2257492
0.418,2253070
0.418,2252621
0.42,2240428
0.421,2238672
0.422,2213474
0.425,2173180
0.428,2172076
0.43,2171134
0.435,2169673
0.435,2169334
0.436,2154196
0.439,2144177
0.44,2144177
0.444,2139043
0.446,2131653
0.448,2124389
0.449,2124370
0.449,2123392
0.452,2121638
0.456,2121638
0.459,2121638
0.464,2121638
0.466,2121090
0.469,2117185
0.474,2117180
0.475,2116678
0.475,2116678
0.48,2116635
0.482,2116635
0.485,2105458
0.485,2105351
0.486,2105103
0.486,2105103
0.489,2105103
0.489,2097517
0.49,2096983
0.491,2096980
0.493,2087388
0.493,2087388
0.495,2087388
0.495,2085518
0.496,2085298
0.496,2085220
0.496,2026947
0.499,2025867
0.5,2025867
0.501,2025081
0.504,2021147
0.504,2014858
0.505,2014858
0.505,2012180
0.507,2011771
0.508,2007961
0.511,1999159
0.513,1997216
0.514,1988687
0.514,1988687
0.516,1988687
0.517,1987457
0.519,1987457
0.519,1985935
0.523,1981168
0.524,1979959
0.526,1979959
0.526,1979794
0.53,1975053
0.531,1969835
0.534,1969019
0.535,1968625
0.535,1968084
0.537,1967019
0.538,1960160
0.54,1957452
0.54,1956770
0.544,1956467
0.544,1956445
0.545,1956445
0.546,1956325
0.547,1955188
0.549,1955188
0.55,1955188
0.551,1954781
0.553,1954781
0.554,1952577
0.556,1952577
0.557,1952577
0.558,1952577
0.562,1940882
0.562,1940657
0.563,1940657
0.564,1936909
0.564,1935925
0.565,1935925
0.567,1933611
0.571,1932672
0.58,1924910
0.584,1923804
0.588,1922689
0.59,1922689
0.596,1902363
0.596,1899640
0.601,1899489
0.606,1897682
0.607,1897682
0.609,1897682
0.613,1896574
0.614,1893398
0.616,1891337
0.617,1880708
0.618,1880342
0.621,1854383
0.623,1847199
0.628,1845639
0.628,1845216
0.629,1843961
0.631,1843961
0.633,1835195
0.634,1827430
0.635,1827027
0.637,1793142
0.64,1792023
0.641,1764844
0.641,1764702
0.644,1763181
0.652,1761960
0.654,1752888
0.655,1752888
0.657,1752888
0.659,1752069
0.66,1751939
0.661,1751939
0.665,1751488
0.668,1748669
0.669,1748669
0.67,1746815
0.674,1746815
0.682,1742798
0.686,1742754
0.686,1739008
0.686,1738782
0.692,1738782
0.693,1736419
0.694,1736419
0.695,1736419
0.705,1735292
0.708,1735292
0.711,1734504
0.714,1728485
0.715,1728382
0.716,1725763
0.717,1725763
0.72,1723495
0.721,1722379
0.729,1721850
0.737,1721781
0.737,1721041
0.741,1720398
0.748,1720398
0.749,1719996
0.75,1719948
0.758,1717751
0.758,1717751
0.759,1717751
0.765,1715863
0.766,1715777
0.766,1710876
0.767,1710876
0.77,1710871
0.776,1710871
0.777,1710871
0.778,1710871
0.778,1706188
0.779,1705848
0.782,1703850
0.783,1703578
0.784,1700583
0.785,1679119
0.79,1677017
0.79,1677017
0.79,1670802
0.799,1670802
0.799,1670802
0.802,1670065
0.804,1669497
0.805,1668423
0.813,1668193
0.82,1665472
0.822,1665014
0.826,1664752
0.829,1661372
0.832,1660513
0.832,1660513
0.833,1656726
0.834,1654214
0.834,1608093
0.835,1608093
0.835,1607162
0.841,1606526
0.845,1598158
0.847,1598044
0.848,1598044
0.851,1594744
0.855,1594237
0.855,1583850
0.855,1583427
0.858,1583427
0.859,1583166
0.863,1581028
0.867,1581028
0.867,1581028
0.87,1580281
0.87,1580281
0.871,1573779
0.877,1573779
0.88,1573196
0.882,1573042
0.888,1573042
0.891,1564745
0.893,1564745
0.898,1563004
0.909,1560476
0.911,1560252
0.912,1560218
0.92,1559708
0.921,1559708
0.924,1559539
0.925,1559431
0.933,1555723
0.938,1555723
0.942,1555605
0.948,1555605
0.951,1554289
0.951,1553583
0.952,1553583
0.956,1552357
0.963,1543476
0.964,1543476
0.968,1543476
0.968,1538959
0.98,1533156
0.981,1530124
0.985,1528963
0.986,1528144
0.988,1527588
0.997,1524483
0.998,1524483
1.01,1523294
1.01,1522822
1.014,1522822
1.023,1519417
1.025,1519417
1.025,1509292
1.03,1508475
1.035,1508374
1.04,1508374
1.041,1505788
1.045,1497799
1.046,1497799
1.046,1497068
1.048,1493794
1.05,1461369
1.05,1461225
1.053,1461225
1.054,1461225
1.067,1461225
1.067,1456523
1.07,1454396
1.071,1428362
1.077,1428208
1.078,1428208
1.08,1423127
1.084,1419653
1.085,1418690
1.089,1418088
1.091,1417700
1.101,1417700
1.101,1417696
1.107,1416608
1.108,1416391
1.109,1415978
1.115,1415765
1.118,1408292
1.119,1408292
1.12,1405723
1.123,1405723
1.126,1405678
1.133,1405223
1.135,1405223
1.138,1405223
1.141,1405223
1.15,1405223
1.156,1374151
1.157,1374151
1.16,1374151
1.164,1374151
1.165,1373747
1.166,1372512
1.167,1372512
1.172,1372131
1.174,1371623
1.176,1371623
1.178,1371623
1.181,1371623
1.182,1371157
1.183,1369698
1.184,1369698
1.187,1369150
1.188,1369150
1.19,1369150
1.192,1368757
1.198,1367642
1.2,1365995
1.203,1364189
1.212,1363976
1.212,1360921
1.214,1360921
1.217,1360921
1.22,1360921
1.221,1360921
1.223,1359455
1.224,1359455
1.224,1351587
1.229,1347101
1.232,1347101
1.24,1345924
1.242,1345924
1.244,1345924
1.252,1345924
1.252,1345924
1.253,1345310
1.264,1345310
1.28,1344320
1.281,1343279
1.29,1338466
1.293,1338466
1.315,1338338
1.324,1335104
1.327,1334636
1.33,1334636
1.33,1334636
1.334,1332332
1.334,1332332
1.335,1332332
1.34,1331701
1.341,1331503
1.342,1331427
1.343,1331109
1.351,1331109
1.352,1329429
1.354,1329415
1.355,1329070
1.356,1328869
1.357,1318675
1.359,1316563
1.366,1316357
1.367,1315695
1.392,1315603
1.399,1315603
1.399,1315603
1.4,1315446
1.405,1312210
1.409,1312150
1.413,1262849
1.416,1262849
1.421,1256831
1.433,1256831
1.435,1255249
1.436,1253799
1.439,1253799
1.44,1243130
1.45,1243130
1.45,1226986
1.454,1226954
1.46,1217062
1.462,1216744
1.463,1216523
1.466,1214987
1.475,1212348
1.485,1212348
1.488,1212348
1.491,1211600
1.493,1211330
1.493,1211330
1.497,1187001
1.51,1187001
1.516,1183130
1.519,1183130
1.522,1183130
1.523,1182942
1.529,1181850
1.536,1181850
1.536,1180863
1.54,1177598
1.542,1175487
1.547,1175359
1.549,1175359
1.551,1150074
1.553,1148261
1.554,1146491
1.554,1145663
1.56,1144890
1.57,1144888
1.57,1144833
1.57,1118073
1.573,1116799
1.574,1116799
1.578,1116626
1.581,1111533
1.581,1111533
1.582,1111048
1.592,1111048
1.593,1111048
1.601,1111048
1.604,1111048
1.607,1111048
1.607,1092888
1.614,1092888
1.615,1092817
1.618,1092817
1.63,1092817
1.636,1092817
1.648,1090976
1.651,1089911
1.651,1089911
1.655,1089911
1.656,1089911
1.657,1089371
1.659,1089371
1.66,1088603
1.66,1083708
1.664,1082148
1.666,1082148
1.667,1082148
1.67,1082148
1.681,1081480
1.684,1069812
1.689,1069255
1.691,1068946
1.697,1068946
1.701,1067701
1.706,1067628
1.709,1067364
1.709,1067364
1.713,1063880
1.715,1061686
1.718,1060913
1.723,1060913
1.728,1060913
1.732,1060841
1.733,1060841
1.736,1060841
1.742,1059968
1.746,1059721
1.761,1059721
1.762,1059328
1.762,1058778
1.763,1057062
1.765,1038830
1.78,1038830
1.786,1038830
1.794,1038830
1.797,1038830
1.799,1038591
1.824,1038500
1.825,1038414
1.832,1038070
1.837,1038070
1.841,1038070
1.842,1038070
1.849,1038070
1.852,1038070
1.874,1038070
1.876,1036471
1.878,1036471
1.878,1036471
1.884,1036309
1.886,1036309
1.887,1036309
1.889,1036309
1.889,1035566
1.896,1035566
1.9,1034982
1.905,1034982
1.908,1034982
1.917,1034982
1.918,1034982
1.921,1034982
1.921,1034982
1.922,1034982
1.924,1034638
1.941,1034638
1.942,1034638
1.945,1034638
1.949,1034526
1.954,1033621
1.958,1033250
1.964,1021486
1.966,1021486
1.978,1021486
1.98,1021059
1.981,1019627
1.982,1019005
1.988,1018978
1.99,1016980
1.991,1016980
1.994,1016724
2.004,1016724
2.012,1016724
2.02,1016542
2.027,1016125
2.034,1016125
2.044,1016010
2.049,1016010
2.057,1015212
2.061,1013797
2.063,1013797
2.082,1013797
2.085,1013797
2.085,1013797
2.092,1013797
2.094,1013797
2.101,1012947
2.114,1012947
2.117,1012845
2.118,1012845
2.122,1012845
2.123,1012845
2.125,1012845
2.128,1012354
2.129,1011006
2.13,1008566
2.132,1002159
2.135,1001315
2.135,1000781
2.136,999954
2.148,999743
2.154,999743
2.157,993013
2.159,993013
2.16,992237
2.161,991727
2.164,991233
2.167,990792
2.169,990792
2.172,990792
2.177,990782
2.179,989503
2.188,989503
2.192,987566
2.201,987566
2.203,987566
2.207,987083
2.213,987083
2.213,987083
2.22,985875
2.23,985875
2.235,985875
2.236,985875
2.244,985752
2.251,985752
2.252,985278
2.256,985156
2.261,984749
2.273,984749
2.274,984055
2.274,984055
2.275,984055
2.287,979533
2.288,974881
2.288,973186
2.29,969439
2.291,969439
2.292,968198
2.3,968114
2.301,967109
2.307,967109
2.321,967109
2.326,965341
2.347,965341
2.365,965341
2.369,965341
2.373,965341
2.377,964385
2.382,960289
2.395,960289
2.395,960037
2.408,960037
2.418,959421
2.418,952056
2.424,952056
2.432,952056
2.451,951662
2.455,951662
2.469,951662
2.472,949844
2.493,946537
2.493,943098
2.494,941323
2.501,941323
2.518,940515
2.526,940515
2.529,940276
2.529,940276
2.534,940276
2.543,940276
2.552,940276
2.556,940260
2.563,940260
2.573,940260
2.585,939770
2.593,939744
2.602,939239
2.602,939239
2.603,939239
2.604,939069
2.609,938591
2.615,938591
2.62,938546
2.621,938546
2.622,938546
2.623,938226
2.627,938226
2.655,938226
2.659,938226
2.659,938054
2.66,937686
2.666,937563
2.677,934313
2.682,934313
2.685,934313
2.691,934313
2.693,934313
2.697,934313
2.698,933799
2.705,933294
2.71,933294
2.719,933294
2.725,933294
2.729,933294
2.733,932688
2.735,932688
2.74,932688
2.753,932204
2.755,932204
2.768,932204
2.773,932204
2.796,932204
2.796,932204
2.81,932204
2.814,932204
2.824,932204
2.844,932099
2.865,931791
2.879,931791
2.884,929516
2.893,929516
2.898,929516
2.917,929516
2.918,929516
2.93,929516
2.94,929231
2.94,929231
2.957,929231
2.964,929231
2.976,927875
3.002,927875
3.02,927662
3.021,926170
3.025,926170
3.038,926170
3.04,926170
3.046,926170
3.047,926170
3.052,926170
3.059,924938
3.059,924938
3.07,924938
3.073,924840
3.077,924840
3.083,924295
3.083,924295
3.088,923700
3.089,923700
3.103,921507
3.108,921385
3.114,921385
3.127,919952
3.129,919952
3.13,919952
3.136,919952
3.146,919742
3.15,919742
3.161,919742
3.179,919742
3.18,919742
3.185,919742
3.187,919742
3.189,919742
3.19,919583
3.196,919583
3.199,919096
3.201,919096
3.201,919096
3.201,919096
3.202,919096
3.21,919096
3.241,919096
3.256,919096
3.273,919069
3.277,919069
3.279,919069
3.286,919069
3.298,919069
3.315,918653
3.321,918541
3.342,918541
3.342,918541
3.352,918541
3.353,917953
3.369,917953
3.371,916429
3.397,916175
3.406,915067
3.416,909702
3.421,909702
3.423,887036
3.427,886143
3.432,886143
3.433,885104
3.436,885104
3.449,885104
3.451,885104
3.464,884503
3.468,884503
3.473,884052
3.488,884052
3.494,884052
3.494,884052
3.497,884052
3.499,883303
3.502,883303
3.511,883119
3.524,883119
3.527,883119
3.537,883030
3.54,883030
3.542,883030
3.556,882952
3.57,882534
3.574,881417
3.602,881400
3.627,881400
3.63,881400
3.631,880112
3.64,880112
3.671,880112
3.675,878412
3.675,878412
3.679,878412
3.679,869957
3.69,869957
3.695,869210
3.705,869210
3.721,867887
3.723,867225
3.733,867225
3.737,867225
3.74,862904
3.74,862904
3.742,862904
3.76,862434
3.763,862434
3.768,862434
3.785,862304
3.802,862304
3.804,861988
3.805,861988
3.808,861438
3.856,860124
3.878,860124
3.878,860124
3.88,860124
3.885,842957
3.894,842543
3.903,842543
3.919,842115
3.928,841538
3.941,841538
3.944,841117
3.947,841117
3.956,841117
3.962,841117
3.977,841117
3.991,841117
4,841117
4.004,841117
4.005,840870
4.006,840492
4.025,840492
4.029,839637
4.033,839637
4.035,825194
4.039,825194
4.056,825194
4.067,825013
4.076,822996
4.078,822996
4.086,822996
4.089,822996
4.089,822509
4.135,822509
4.143,822169
4.161,822169
4.17,822169
4.173,822169
4.189,822169
4.208,822169
4.209,822169
4.213,822169
4.22,822158
4.221,822158
4.222,822158
4.236,822012
4.24,822012
4.247,822012
4.248,821996
4.257,821996
4.272,819926
4.272,819926
4.274,816560
4.279,816138
4.28,816138
4.299,815040
4.319,815040
4.335,814305
4.337,814305
4.342,814305
4.349,814248
4.362,813465
4.369,813465
4.369,813262
4.377,813262
4.39,813262
4.4,813262
4.406,812981
4.417,812981
4.433,812948
4.435,812948
4.436,812948
4.442,812948
4.446,812948
4.478,812948
4.49,812948
4.506,812327
4.506,812327
4.508,812327
4.508,812327
4.517,812327
4.521,812327
4.521,812327
4.548,812327
4.56,812327
4.589,812327
4.592,812327
4.593,812327
4.596,810974
4.598,810974
4.603,810974
4.61,810974
4.62,810974
4.622,810974
4.624,810974
4.635,810974
4.652,810974
4.654,810060
4.663,808877
4.669,808877
4.68,808877
4.685,808877
4.701,808877
4.706,808877
4.719,808227
4.725,807996
4.725,807996
4.73,807818
4.748,807818
4.748,807818
4.77,807818
4.771,807818
4.798,807818
4.8,806856
4.805,806789
4.811,806789
4.818,806789
4.819,806789
4.827,806789
4.83,806789
4.831,806220
4.847,806220
4.853,806220
4.858,806220
4.869,806220
4.881,806220
4.893,806220
4.894,796257
4.896,795004
4.962,795004
4.963,795004
4.965,795004
4.968,795004
4.973,795004
4.981,795004
4.984,795004
4.984,794237
4.999,794237
5.001,794213
5.002,794213
5.022,794213
5.045,794213
5.045,794213
5.053,794213
5.053,794213
5.055,793598
5.061,793598
5.068,793598
5.07,792759
5.075,792759
5.091,792172
5.102,789264
5.113,788907
5.117,788907
5.117,787914
5.127,787914
5.128,787914
5.139,787914
5.157,787914
5.164,787914
5.171,787914
5.173,787914
5.186,786966
5.189,786966
5.196,786966
5.217,786966
5.221,786966
5.223,786966
5.285,786966
5.297,786966
5.299,786966
5.331,779011
5.338,770833
5.34,770833
5.355,770833
5.358,770833
5.362,770833
5.366,770833
5.374,770833
5.377,770833
5.402,769530
5.403,769530
5.418,769530
5.43,769530
5.438,769530
5.438,769530
5.44,769530
5.45,769530
5.461,769530
5.462,769530
5.466,768681
5.475,768681
5.476,768681
5.481,768681
5.489,768681
5.506,768681
5.515,768681
5.519,768681
5.544,768681
5.55,767347
5.558,767347
5.562,767347
5.57,767347
5.584,767347
5.626,767347
5.631,767347
5.638,766696
5.64,766696
5.64,766696
5.641,766453
5.647,766453
5.657,766453
5.663,766453
5.665,766453
5.67,766453
5.677,766453
5.685,766453
5.687,766453
5.691,766453
5.693,766453
5.708,766453
5.714,766453
5.723,766453
5.723,766453
5.727,766453
5.731,766453
5.745,765460
5.771,765460
5.771,765227
5.776,764244
5.795,764244
5.83,764244
5.841,763846
5.844,763846
5.845,763846
5.867,763846
5.87,763846
5.872,763846
5.895,763846
5.899,763846
5.901,763846
5.93,763846
5.931,763846
5.932,763762
5.947,763762
5.948,763762
5.953,763762
5.959,763762
5.961,763762
5.981,763236
5.985,763236
5.997,763236
6.001,763236
6.008,763236
6.016,763236
6.037,763236
6.045,763236
6.046,763236
6.058,763236
6.061,762261
6.089,762261
6.097,762261
6.12,762261
6.127,762261
6.127,762261
6.142,762261
6.15,762261
6.153,762261
6.163,762261
6.169,762261
6.179,762261
6.181,762261
6.183,762261
6.201,762261
6.204,762261
6.236,762261
6.262,762261
6.273,762261
6.281,762261
6.288,762261
6.297,762261
6.304,762261
6.315,762261
6.343,762261
6.346,762261
6.351,762261
6.353,762261
6.353,762261
6.375,762261
6.375,762261
6.379,762261
6.393,762261
6.407,762261
6.421,762261
6.426,762261
6.427,762261
6.433,762261
6.443,762261
6.449,762261
6.455,762261
6.461,762261
6.467,762261
6.481,762261
6.492,761769
6.503,761769
6.513,761769
6.52,761769
6.527,761769
6.53,761769
6.544,761769
6.553,761769
6.614,761769
6.618,761769
6.62,761769
6.631,761769
6.634,761769
6.636,761769
6.67,761769
6.691,761769
6.7,761769
6.7,761769
6.706,761124
6.706,761124
6.718,761124
6.722,761124
6.764,761124
6.77,761124
6.776,761124
6.784,761124
6.785,761124
6.79,761124
6.803,761124
6.805,761124
6.809,761067
6.814,761067
6.826,761067
6.83,761067
6.836,761067
6.836,761067
6.855,761067
6.859,761067
6.861,761067
6.866,761067
6.878,761067
6.888,761067
6.896,761067
6.916,761067
6.919,761067
6.92,761067
6.924,761067
6.932,761067
6.932,761067
6.945,760886
6.946,760886
6.958,760886
6.962,760886
6.969,760886
6.975,760886
6.977,760886
6.992,760886
6.992,760886
6.995,760886
6.997,760886
7.002,760886
7.004,760886
7.009,760886
7.016,760886
7.041,760016
7.053,760016
7.065,760016
7.067,760016
7.07,760016
7.086,760016
7.098,742347
7.103,742347
7.11,742180
7.111,742180
7.137,742180
7.151,742180
7.18,742180
7.193,742180
7.21,742180
7.215,742180
7.227,742180
7.254,742180
7.256,742180
7.257,742180
7.27,742180
7.288,742180
7.292,742180
7.294,742180
7.332,742180
7.336,742180
7.339,742180
7.34,742180
7.352,742180
7.354,733595
7.373,733595
7.39,733595
7.393,733595
7.399,733595
7.404,733595
7.409,733595
7.412,733595
7.419,733595
7.425,733595
7.439,733595
7.442,733595
7.443,733595
7.448,733595
7.452,733595
7.457,733595
7.464,733595
7.47,733595
7.47,733595
7.472,733595
7.492,733595
7.5,733595
7.501,733595
7.507,733595
7.509,733562
7.525,733562
7.526,729440
7.527,729440
7.534,729440
7.541,729440
7.548,729440
7.562,729440
7.57,729440
7.584,729440
7.585,727126
7.592,727126
7.621,726044
7.626,725138
7.638,725138
7.647,724933
7.651,724933
7.653,724373
7.655,724373
7.659,724373
7.663,724373
7.663,724373
7.666,724373
7.675,724373
7.682,724373
7.684,722904
7.684,722904
7.69,722904
7.699,722904
7.707,722904
7.715,722904
7.727,722904
7.731,722904
7.733,722904
7.736,722904
7.74,722904
7.752,722904
7.762,722904
7.778,722904
7.786,722904
7.789,722904
7.792,722904
7.809,722904
7.812,721799
7.837,721799
7.838,721799
7.879,721799
7.883,721799
7.889,721799
7.89,721799
7.891,721799
7.894,721799
7.906,721799
7.935,721799
7.959,721799
7.969,721516
7.971,721516
7.981,721516
7.985,721496
7.993,721496
7.994,721496
8.002,721496
8.012,721496
8.021,721496
8.022,721496
8.023,721496
8.032,721496
8.046,721407
8.047,721407
8.047,721407
8.05,721407
8.05,721407
8.054,721407
8.059,721407
8.071,721407
8.081,721407
8.095,721407
8.117,720420
8.129,720420
8.132,720420
8.151,720420
8.155,720420
8.166,720420
8.173,720420
8.178,720420
8.181,720420
8.185,719829
8.185,719829
8.187,719829
8.19,719829
8.204,719829
8.207,719829
8.213,719829
8.221,719829
8.226,719829
8.233,719829
8.239,719829
8.242,719829
8.243,719829
8.245,719829
8.251,719829
8.252,719829
8.257,719829
8.272,719829
8.291,719829
8.294,719829
8.295,719829
8.296,718966
8.3,718966
8.305,718966
8.316,718966
8.316,718966
8.339,718966
8.343,718966
8.344,718966
8.352,718966
8.353,718966
8.381,718966
8.384,718966
8.385,718966
8.411,718966
8.432,718966
8.443,718966
8.445,718966
8.448,718966
8.455,718966
8.467,718966
8.468,718966
8.473,718966
8.482,718966
8.497,718966
8.498,718966
8.499,718966
8.501,718966
8.507,718966
8.509,718966
8.515,718966
8.52,718966
8.522,718966
8.545,718966
8.554,718966
8.557,718966
8.598,718966
8.6,718966
8.618,718966
8.659,718966
8.664,718966
8.679,718966
8.694,718966
8.697,718966
8.704,718966
8.71,718966
8.73,718966
8.753,718966
8.753,718966
8.771,718966
8.773,718966
8.781,718966
8.792,718966
8.794,718966
8.797,718966
8.803,718966
8.806,718966
8.814,718966
8.818,718966
8.824,718966
8.828,718966
8.828,718966
8.83,718966
8.846,718966
8.859,718966
8.863,718966
8.875,718966
8.889,718966
8.91,718966
8.92,718966
8.93,718966
8.951,718966
8.961,718966
8.962,718966
8.97,718966
8.979,718966
8.985,718966
8.985,718966
9.003,718966
9.005,718966
9.024,718966
9.042,718966
9.086,718966
9.088,718966
9.092,718966
9.094,718966
9.099,718966
9.124,718966
9.133,718966
9.149,718966
9.188,718966
9.199,718966
9.234,718966
9.26,718966
9.266,718230
9.284,718230
9.287,718230
9.306,718230
9.317,718230
9.32,717716
9.322,717716
9.323,717716
9.349,717716
9.352,716733
9.363,716733
9.368,716733
9.369,716733
9.377,716733
9.381,716733
9.381,716733
9.384,716733
9.411,716733
9.411,716733
9.415,716733
9.42,716233
9.436,716233
9.461,716233
9.484,716233
9.5,716233
9.513,716233
9.514,716233
9.516,716233
9.535,716233
9.536,716233
9.542,716233
9.55,716233
9.591,716233
9.592,716233
9.595,716233
9.601,716233
9.612,716233
9.617,716233
9.625,716233
9.63,716233
9.632,716233
9.637,716233
9.651,716196
9.684,716196
9.71,716196
9.714,716196
9.717,716196
9.737,716196
9.742,716196
9.79,716196
9.792,716196
9.801,716196
9.804,716196
9.807,716196
9.812,716196
9.851,716196
9.858,716196
9.864,716196
9.873,716196
9.88,716196
9.885,716196
9.933,716196
9.938,716196
9.959,716196
9.961,716196
9.97,716196
9.995,716196
9.997,716196
9.999,716196
10.001,716196
10.022,716196
10.028,716196
10.028,716196
10.028,716196
10.029,716196
10.03,716196
10.041,716196
10.042,716196
10.072,716196
10.074,716196
10.08,716196
10.1,716196
10.106,716196
10.15,716196
10.153,716196
10.16,716196
10.172,716196
10.174,716196
10.176,716196
10.191,716196
10.23,716196
10.234,716196
10.243,716196
10.251,716196
10.255,716196
10.256,716196
10.259,716196
10.276,716196
10.278,716196
10.29,715968
10.304,715968
10.307,715968
10.311,715968
10.317,715968
10.318,715968
10.326,715968
10.348,715968
10.356,715968
10.357,715968
10.396,715968
10.397,715968
10.407,715968
10.417,715968
10.418,715968
10.419,715968
10.419,715968
10.423,715968
10.428,715968
10.433,715968
10.435,715968
10.44,715968
10.441,715968
10.457,715968
10.461,715968
10.463,715968
10.47,715968
10.471,715968
10.484,715968
10.485,715968
10.493,715968
10.495,715968
10.499,715968
10.503,715968
10.51,715968
10.525,715968
10.525,715968
10.535,715968
10.543,715968
10.549,715968
10.552,715968
10.553,715968
10.561,715968
10.564,715968
10.569,715968
10.576,715968
10.592,715968
10.602,715968
10.605,715917
10.611,715917
10.65,715917
10.657,715917
10.666,715917
10.685,715917
10.686,715917
10.69,715917
10.698,715917
10.703,715917
10.706,715917
10.707,715917
10.727,715917
10.737,715917
10.749,715917
10.778,715917
10.78,715917
10.789,715917
10.79,715917
10.807,715917
10.852,715917
10.86,715917
10.899,715917
10.902,715917
10.917,715917
10.918,715528
10.919,715451
10.92,715451
10.936,715451
10.938,715451
10.949,715451
10.953,715451
10.958,715451
10.999,715451
11.001,715451
11.018,715451
11.02,715451
11.023,714214
11.062,714214
11.069,714214
11.074,714214
11.077,714214
11.078,714214
11.107,714214
11.115,714214
11.13,714214
11.14,714214
11.145,714214
11.145,714214
11.151,714214
11.167,714214
11.175,714214
11.181,714214
11.196,714214
11.213,714214
11.228,714214
11.245,714214
11.25,714214
11.25,714214
11.251,714214
11.255,714214
11.282,714214
11.286,714214
11.293,714214
11.303,714214
11.323,714214
11.324,714214
11.329,714214
11.337,714214
11.342,714214
11.346,714214
11.357,714214
11.36,714214
11.372,714214
11.383,713774
11.388,713774
11.41,713774
11.433,713774
11.46,713774
11.465,713730
11.478,713730
11.49,713730
11.496,713730
11.496,713730
11.499,713730
11.501,713730
11.502,713730
11.508,713730
11.514,713730
11.526,713730
11.542,713730
11.544,713730
11.545,713730
11.557,713730
11.576,713730
11.582,713730
11.586,713730
11.612,713730
11.625,713730
11.633,713730
11.634,713730
11.639,713730
11.645,713730
11.645,713730
11.653,713730
11.665,713730
11.672,713730
11.711,713730
11.714,713730
11.729,713730
11.736,713708
11.739,713708
11.741,713708
11.748,713708
11.753,713708
11.76,713547
11.765,713547
11.769,713547
11.777,713547
11.787,713547
11.795,713547
11.798,713547
11.819,713547
11.834,713547
11.841,713547
11.843,713547
11.857,713547
11.909,713547
11.965,713547
11.977,713547
11.98,713527
11.991,713527
12,713527
12.002,713527
12.002,713527
12.005,713527
12.007,713527
12.013,713527
12.04,713527
12.043,713527
12.047,713527
12.079,713527
12.09,713527
12.092,713527
12.096,713527
12.101,713527
12.118,713527
12.118,713527
12.163,713186
12.177,713186
12.185,713186
12.211,713186
12.243,713186
12.251,713186
12.264,713186
12.265,713186
12.29,713186
12.349,713186
12.352,713186
12.397,713186
12.406,713186
12.411,713186
12.418,713186
12.424,713186
12.436,713186
12.444,713186
12.457,713186
12.471,713186
12.474,713186
12.49,713186
12.491,713186
12.535,713186
12.536,713186
12.539,713186
12.54,713186
12.549,713186
12.549,713186
12.556,713186
12.561,713186
12.563,713186
12.581,713186
12.584,713186
12.598,713014
12.601,713014
12.615,713014
12.615,713014
12.618,713014
12.637,713014
12.639,713014
12.675,713014
12.675,713014
12.677,713014
12.68,713014
12.685,713014
12.711,713014
12.724,713014
12.73,713014
12.735,713014
12.766,713014
12.803,713014
12.815,713014
12.816,713014
12.819,713014
12.824,713014
12.824,713014
12.839,713014
12.862,713014
12.869,713014
12.873,713014
12.884,713014
12.891,713014
12.893,713014
12.895,713014
12.939,713014
12.959,713014
12.98,713014
12.984,713014
12.993,713014
13.008,713014
13.02,713014
13.023,712473
13.036,712473
13.065,712473
13.097,712473
13.123,712473
13.134,712473
13.136,712473
13.139,712473
13.143,712473
13.154,712473
13.159,712473
13.177,712473
13.177,712473
13.196,712473
13.206,712473
13.218,712473
13.243,712473
13.25,712473
13.252,712473
13.26,712473
13.26,712473
13.267,712473
13.27,712473
13.279,712473
13.312,712473
13.318,712473
13.327,712473
13.339,712473
13.343,712473
13.373,712473
13.373,712473
13.384,712473
13.392,712473
13.4,712473
13.431,712473
13.436,712473
13.439,712473
13.453,712473
13.455,712473
13.459,712473
13.461,712473
13.464,712473
13.469,712473
13.47,712473
13.478,712473
13.481,712473
13.488,712473
13.491,712473
13.504,712473
13.517,712473
13.527,712473
13.531,712473
13.534,712473
13.55,712473
13.552,712473
13.563,712473
13.566,712473
13.57,712473
13.594,712473
13.596,712473
13.599,712473
13.601,712473
13.603,712473
13.614,712473
13.62,712473
13.625,712473
13.626,712473
13.638,712473
13.639,712473
13.643,712473
13.649,712473
13.653,712473
13.656,710480
13.656,710480
13.672,710480
13.703,710480
13.715,710480
13.746,710480
13.752,710480
13.754,710480
13.764,710480
13.783,710480
13.79,710480
13.806,710480
13.827,710480
13.829,710480
13.844,710480
13.852,710480
13.853,710480
13.854,710480
13.88,710480
13.912,710480
13.92,710480
13.921,710480
13.925,710480
13.944,710480
13.949,710480
13.951,710480
13.973,710480
13.988,710480
13.993,710480
14.007,710480
14.023,710480
14.031,710480
14.046,710480
14.052,710480
14.066,710480
14.083,710480
14.09,710480
14.093,710480
14.106,710480
14.112,710480
14.112,710480
14.115,710480
14.116,710480
14.116,710480
14.126,710480
14.128,710480
14.136,710480
14.173,710480
14.178,710480
14.197,710480
14.243,710480
14.265,710480
14.274,710480
14.275,710480
14.279,710480
14.285,710480
14.31,710480
14.316,710480
14.318,710480
14.321,710480
14.325,710480
14.335,710480
14.337,710480
14.348,710480
14.383,710480
14.41,710480
14.427,710480
14.428,710480
14.428,710480
14.431,710480
14.433,710480
14.436,710480
14.451,710480
14.463,710480
14.467,710480
14.469,710480
14.472,710480
14.482,710480
14.488,710480
14.49,710480
14.496,710480
14.503,710480
14.517,710480
14.541,710480
14.543,710480
14.543,710480
14.554,710480
14.561,710480
14.57,710480
14.577,710480
14.585,710480
14.586,710480
14.593,710480
14.595,710480
14.647,710480
14.649,710480
14.654,710480
14.662,710480
14.668,710480
14.672,710480
14.698,710480
14.721,710480
14.736,710480
14.74,710480
14.742,710480
14.744,710480
14.755,710480
14.757,710480
14.759,710480
14.771,710480
14.775,710480
14.785,710480
14.799,710480
14.801,710480
14.814,710480
14.836,710480
14.856,710480
14.857,710480
14.858,710480
14.861,710480
14.866,710480
14.869,710480
14.88,710480
14.887,710480
14.9,710480
14.907,710480
14.91,710480
14.926,710480
14.93,710480
14.939,710480
14.946,710480
14.968,710480
14.994,710480
14.997,710480
14.998,710480
15.001,710480
15.008,710480
15.012,710480
15.029,710480
15.049,710480
15.113,709303
15.117,709303
15.119,709303
15.125,709303
15.128,709303
15.13,709303
15.131,709303
15.152,709303
15.156,709303
15.158,709303
15.167,709303
15.18,709303
15.186,709303
15.204,709303
15.209,709303
15.211,709303
15.234,709303
15.237,709303
15.239,709303
15.26,709303
15.273,709303
15.288,709303
15.304,709303
15.312,709303
15.324,709303
15.326,709303
15.327,709303
15.34,709303
15.351,709303
15.352,709303
15.374,709303
15.379,709303
15.38,709303
15.38,709303
15.39,709303
15.396,709303
15.402,709303
15.41,709303
15.412,709303
15.422,709303
15.455,709303
15.469,709303
15.487,709303
15.501,709303
15.519,709303
15.523,709303
15.539,709303
15.559,709303
15.569,709303
15.601,709303
15.602,709303
15.621,709303
15.625,709303
15.627,709303
15.628,709303
15.645,709303
15.648,709303
15.657,709303
15.661,709303
15.672,709303
15.675,709303
15.686,709303
15.689,709303
15.695,709303
15.704,709303
15.706,709303
15.721,709303
15.721,709303
15.722,709303
15.725,709303
15.726,709303
15.744,709303
15.755,709303
15.781,709303
15.783,709303
15.793,709303
15.818,709303
15.865,709303
15.866,709303
15.868,709303
15.869,709303
15.875,709303
15.887,709303
15.89,709303
15.922,709303
15.924,709303
15.943,709303
15.945,709303
15.947,709303
15.956,709303
15.973,709303
15.983,709303
15.988,709303
15.995,709303
15.999,709303
16.005,709303
16.009,709303
16.012,709303
16.024,709303
16.028,709303
16.033,709303
16.041,709303
16.049,709303
16.056,709303
16.065,709303
16.077,709303
16.094,709303
16.095,709303
16.099,709303
16.103,709303
16.119,709303
16.124,709303
16.136,709303
16.143,709303
16.144,709303
16.144,709303
16.147,709303
16.15,709303
16.154,709303
16.179,709303
16.184,709303
16.192,709303
16.194,709303
16.22,709303
16.245,709303
16.249,709303
16.25,709303
16.255,709303
16.259,709303
16.26,709303
16.266,709303
16.281,709303
16.29,709303
16.31,709303
16.312,709303
16.32,709303
16.32,709303
16.32,709303
16.323,709303
16.327,709303
16.334,709303
16.334,709303
16.334,709303
16.356,709303
16.359,709303
16.36,709303
16.378,709303
16.383,709303
16.387,709303
16.389,709303
16.392,709303
16.393,709303
16.404,709303
16.415,709303
16.434,709303
16.461,709303
16.47,709303
16.49,709303
16.504,709303
16.511,709303
16.524,709303
16.529,709303
16.533,709303
16.534,709303
16.549,709303
16.571,709303
16.582,709303
16.595,709303
16.599,709303
16.609,709303
16.615,709303
16.642,709303
16.644,709303
16.648,709303
16.659,709303
16.663,709303
16.68,709303
16.68,709303
16.685,709303
16.691,709303
16.707,709303
16.719,709303
16.739,709303
16.739,709303
16.753,709303
16.762,709303
16.765,709303
16.769,709303
16.781,709303
16.793,709303
16.801,709303
16.806,709303
16.813,709303
16.815,709303
16.83,709303
16.836,709303
16.841,709303
16.842,709303
16.845,709303
16.847,709303
16.849,709303
16.851,709303
16.874,709303
16.897,709303
16.901,709303
16.905,709303
16.913,709303
16.929,709303
16.935,709303
16.942,709303
16.944,709303
16.954,709303
16.954,709303
16.956,709303
16.957,709303
16.966,709303
16.988,709303
16.99,709303
16.991,709303
16.993,709303
17.013,709303
17.015,709303
17.019,709303
17.023,708050
17.028,708050
17.034,708050
17.034,708050
17.046,708050
17.058,708050
17.063,708050
17.064,708050
17.07,708050
17.075,708050
17.084,708050
17.085,708050
17.086,708050
17.095,707164
17.099,707164
17.11,707164
17.142,707164
17.143,707164
17.143,707164
17.164,707164
17.171,707164
17.18,707164
17.192,707164
17.193,707164
17.202,707164
17.21,707164
17.211,707164
17.219,707164
17.235,707164
17.239,707164
17.242,707164
17.246,707164
17.249,707164
17.251,707164
17.252,707164
17.261,707164
17.261,707164
17.275,707164
17.28,707164
17.283,707164
17.284,707164
17.311,707164
17.312,707164
17.324,707164
17.325,707164
17.372,707164
17.375,707164
17.38,707164
17.415,707164
17.417,707164
17.438,707164
17.442,707164
17.446,707164
17.461,707164
17.476,707164
17.484,707164
17.487,707164
17.5,707164
17.501,707164
17.502,707164
17.513,707164
17.517,707164
17.521,707164
17.536,707164
17.538,707164
17.557,707164
17.573,707164
17.578,707164
17.587,707164
17.59,707164
17.605,707164
17.607,707164
17.647,707164
17.648,707164
17.667,707164
17.681,707164
17.7,707164
17.704,707164
17.711,707164
17.715,707164
17.718,707164
17.722,707164
17.728,707164
17.742,707164
17.748,707164
17.761,707164
17.794,707164
17.796,707164
17.812,707164
17.838,707164
17.853,707164
17.869,707164
17.87,707164
17.906,707164
17.914,707164
17.926,707164
17.936,707164
17.936,707164
17.944,707164
17.944,707164
17.947,707164
17.963,707164
17.971,707164
17.973,707164
17.979,707164
17.998,707164
18.012,707164
18.019,707164
18.02,707164
18.026,707164
18.036,707164
18.042,707156
18.044,707156
18.045,707156
18.057,707156
18.061,707156
18.062,707156
18.088,707156
18.094,707156
18.095,707156
18.104,707156
18.107,707156
18.141,707156
18.167,707156
18.176,707156
18.183,707156
18.194,707156
18.194,707156
18.195,707156
18.208,707156
18.208,707156
18.215,707156
18.218,707156
18.219,707156
18.242,707156
18.243,707156
18.246,707156
18.256,707156
18.26,707156
18.264,707156
18.264,707156
18.265,707156
18.29,707156
18.308,707156
18.314,707156
18.334,707156
18.359,707156
18.361,707156
18.393,707156
18.394,707156
18.414,707156
18.419,707156
18.439,707156
18.453,707156
18.463,707156
18.465,707156
18.475,707156
18.488,707156
18.489,707156
18.497,707156
18.498,707156
18.499,707156
18.534,707156
18.541,707156
18.542,707156
18.556,707156
18.565,707156
18.572,707156
18.573,707156
18.581,707156
18.584,707156
18.585,707156
18.589,707156
18.592,707156
18.598,707156
18.616,707156
18.649,707156
18.655,707156
18.659,707156
18.66,707156
18.68,707156
18.69,707156
18.716,707156
18.722,707156
18.728,707156
18.741,707156
18.75,707156
18.76,707156
18.768,707156
18.77,707156
18.774,707156
18.79,707156
18.808,707156
18.81,707156
18.83,707156
18.832,707156
18.838,707156
18.858,707156
18.859,707156
18.871,707156
18.88,707156
18.899,707156
18.91,707156
18.932,707156
18.943,707156
18.943,707156
18.947,707156
18.951,707156
18.978,707156
18.98,707156
18.986,707156
18.987,707156
18.991,707156
19.005,707156
19.006,707156
19.021,707156
19.034,707156
19.061,707156
19.07,707156
19.115,707156
19.171,707156
19.175,707156
19.176,707156
19.183,707156
19.189,707156
19.193,707156
19.197,707156
19.204,707156
19.218,707156
19.236,707156
19.239,707156
19.253,707156
19.257,707156
19.261,707156
19.271,707156
19.272,707156
19.273,707156
19.274,707156
19.274,707156
19.275,707156
19.28,707156
19.282,707156
19.286,707156
19.287,707156
19.287,707156
19.303,707156
19.318,707156
19.321,707156
19.331,707156
19.347,707156
19.357,707156
19.379,707156
19.397,707156
19.414,707156
19.418,707156
19.454,707156
19.456,707156
19.458,707156
19.463,707156
19.5,707156
19.511,707156
19.535,707156
19.544,707156
19.558,707156
19.561,707156
19.567,707156
19.578,707156
19.579,707156
19.6,707156
19.603,707156
19.608,707156
19.614,707156
19.621,707156
19.623,707156
19.633,707156
19.647,707156
19.65,707156
19.692,707156
19.708,707156
19.712,707156
19.715,707156
19.717,707156
19.729,707156
19.766,707156
19.77,707156
19.772,707156
19.782,707156
19.787,707156
19.791,707156
19.791,707156
19.798,707156
19.803,707156
19.803,707156
19.81,707156
19.813,707156
19.818,707156
19.824,707156
19.827,707156
19.86,707156
19.865,707156
19.887,707156
19.888,707156
19.905,707156
19.912,707156
19.914,707156
19.927,707156
19.96,707156
19.971,707156
19.978,707156
19.99,707156
19.999,707156
20.007,707156
20.015,707156
20.02,707156
20.038,707156
20.046,707156
20.053,707156
20.09,707156
20.099,707156
20.106,707156
20.122,707156
20.149,707156
20.167,707156
20.178,707156
20.185,707156
20.199,707156
20.207,707156
20.238,707156
20.245,707156
20.266,707156
20.285,707156
20.289,707156
20.295,707156
20.316,707156
20.32,707156
20.327,707156
20.33,707156
20.332,707156
20.342,707156
20.352,707156
20.359,707156
20.364,707156
20.366,707156
20.368,707156
20.372,707156
20.385,707156
20.391,707156
20.393,707156
20.404,707156
20.408,707156
20.41,707156
20.424,707156
20.439,707156
20.459,707156
20.474,707156
20.48,707156
20.484,707156
20.488,707156
20.489,707156
20.552,707156
20.553,707156
20.553,707156
20.568,707156
20.568,707156
20.578,707156
20.586,707156
20.597,707156
20.617,707156
20.624,707156
20.634,707156
20.637,707156
20.642,707156
20.644,707156
20.651,707156
20.668,707156
20.677,707156
20.68,707156
20.692,707156
20.698,707156
20.707,707156
20.712,707156
20.714,707156
20.74,707156
20.743,707156
20.795,707156
20.799,707156
20.802,707156
20.804,707156
20.813,707156
20.833,707156
20.85,707156
20.853,707156
20.86,707156
20.867,707156
20.894,707156
20.903,707156
20.908,707156
20.925,707156
20.926,707156
20.929,707156
20.932,707156
20.935,707156
20.945,707156
20.957,707156
20.985,707156
21.002,707156
21.004,707156
21.018,707156
21.044,707156
21.051,707156
21.053,707156
21.056,707156
21.067,707156
21.073,707156
21.086,707156
21.089,707156
21.097,707156
21.127,707156
21.127,707156
21.134,707156
21.155,707156
21.167,707156
21.167,707156
21.17,707156
21.183,707156
21.193,707156
21.206,707156
21.224,707156
21.242,707156
21.243,707156
21.255,707156
21.264,707156
21.279,707156
21.319,707156
21.319,707156
21.32,707156
21.328,707156
21.329,707156
21.34,707156
21.352,707156
21.354,707156
21.359,707156
21.364,707156
21.365,707156
21.372,707156
21.375,707156
21.376,707156
21.378,707156
21.38,707156
21.397,707156
21.397,707156
21.402,707156
21.422,707156
21.427,707156
21.433,707156
21.436,707156
21.44,707156
21.452,707156
21.472,707156
21.501,707156
21.51,707156
21.521,707156
21.525,707156
21.544,707156
21.554,707156
21.567,707156
21.574,707156
21.599,707156
21.603,707156
21.605,707156
21.612,707156
21.619,707156
21.638,707156
21.673,707156
21.682,707156
21.684,707156
21.687,707156
21.694,707156
21.699,707156
21.715,707156
21.722,707156
21.723,707156
21.725,707156
21.748,707156
21.752,707156
21.756,707156
21.766,707156
21.771,707156
21.775,707156
21.78,707156
21.79,707156
21.798,707156
21.808,707156
21.809,707156
21.815,707156
21.823,707156
21.856,707156
21.872,707156
21.886,707156
21.895,707156
21.898,707156
21.905,707156
21.906,707156
21.921,707156
21.932,707156
21.969,707156
21.971,707156
21.973,707156
21.975,707156
21.976,707156
21.979,707156
21.992,707156
21.999,707156
22.007,707156
22.036,707156
22.041,707156
22.05,707156
22.065,707156
22.068,707156
22.068,707156
22.077,707156
22.083,707156
22.09,707156
22.098,707156
22.104,707156
22.115,707156
22.128,707156
22.132,707156
22.133,707156
22.134,707156
22.137,707156
22.14,707156
22.146,707156
22.149,707156
22.153,707156
22.158,707156
22.162,707156
22.163,707156
22.178,707156
22.18,707156
22.195,707156
22.202,707156
22.205,707156
22.207,707156
22.208,707156
22.246,707156
22.248,707156
22.261,707156
22.268,707156
22.276,707156
22.277,707156
22.309,707156
22.315,707156
22.346,707156
22.35,707156
22.354,707156
22.367,707156
22.369,707156
22.37,707156
22.373,707156
22.389,707156
22.431,707156
22.445,707156
22.447,707156
22.448,707156
22.457,707156
22.46,707156
22.478,707156
22.492,707156
22.497,707156
22.509,707156
22.513,707156
22.522,707156
22.523,707156
22.524,707156
22.526,707156
22.581,707156
22.587,707156
22.61,707156
22.619,707156
22.631,707156
22.642,707156
22.677,707156
22.682,707156
22.689,707156
22.694,707156
22.713,707156
22.725,707156
22.728,707156
22.73,707156
22.74,707156
22.755,707156
22.776,707156
22.78,707156
22.787,707156
22.793,707156
22.795,707156
22.797,707156
22.801,707156
22.822,707156
22.823,707156
22.847,707156
22.852,707156
22.857,707156
22.863,707156
22.87,707156
22.876,707156
22.885,707156
22.894,707156
22.904,707156
22.912,707156
22.917,707156
22.935,707156
22.947,707156
22.959,707156
22.961,707156
22.964,707156
22.969,707156
22.97,707156
22.971,707156
22.99,707156
22.997,707156
23.009,707156
23.016,707156
23.023,707156
23.024,707156
23.042,707156
23.06,707156
23.068,707156
23.083,707156
23.103,707156
23.109,707156
23.133,707156
23.148,707156
23.155,707156
23.161,707156
23.166,707156
23.177,707156
23.183,707156
23.192,707156
23.199,707156
23.204,707156
23.208,707156
23.219,707156
23.235,707156
23.248,707156
23.256,707156
23.261,707156
23.266,707156
23.277,707156
23.286,707156
23.303,707156
23.307,707156
23.307,707156
23.324,707156
23.331,707156
23.334,707156
23.338,707156
23.339,707156
23.343,707156
23.351,707156
23.354,707156
23.355,707156
23.368,707156
23.369,707156
23.371,707156
23.401,707156
23.43,707156
23.435,707156
23.445,707156
23.449,707156
23.452,707156
23.468,707156
23.469,707156
23.489,707156
23.499,707156
23.521,707156
23.527,707156
23.529,707156
23.54,707156
23.542,707156
23.547,707156
23.557,707156
23.561,707156
23.568,707156
23.571,707156
23.573,707156
23.577,707156
23.583,707156
23.593,707156
23.641,707156
23.647,707156
23.665,707156
23.669,707156
23.674,707156
23.676,707156
23.689,707156
23.707,707156
23.71,707156
23.718,707156
23.718,707156
23.735,707156
23.746,707156
23.75,707156
23.767,707156
23.768,707156
23.778,707156
23.78,707156
23.788,707156
23.788,707156
23.8,707156
23.804,707156
23.805,707156
23.806,707156
23.814,707156
23.82,707156
23.831,707156
23.85,707156
23.866,707156
23.889,707156
23.919,707156
23.93,707156
23.933,707156
23.943,707156
23.947,707156
23.948,707156
23.952,707156
23.959,707156
23.96,707156
23.967,707156
23.974,707156
23.975,707156
23.977,707156
23.987,707156
23.992,707156
24.004,707156
24.008,707156
24.02,707156
24.025,707156
24.031,707156
24.082,707156
24.09,707156
24.092,707156
24.093,707156
24.108,707156
24.112,707156
24.114,707156
24.124,707156
24.135,707156
24.144,707156
24.145,707156
24.148,707156
24.155,707156
24.156,707156
24.159,707156
24.16,707156
24.17,707156
24.171,707156
24.185,707156
24.197,707156
24.197,707156
24.212,707156
24.218,707156
24.248,707156
24.258,707156
24.266,707156
24.267,707156
24.269,707156
24.271,707156
24.272,707156
24.28,707156
24.282,707156
24.303,707156
24.311,707156
24.313,707156
24.332,707156
24.346,707156
24.347,707156
24.347,707156
24.356,707156
24.377,707156
24.377,707156
24.402,707156
24.405,707156
24.41,707156
24.415,707156
24.426,707156
24.436,707156
24.448,707156
24.46,707156
24.464,707156
24.482,707156
24.487,707156
24.499,707156
24.502,707156
24.517,707156
24.535,707156
24.539,707156
24.542,707156
24.548,707156
24.568,707156
24.573,707156
24.578,707156
24.58,707156
24.588,707156
24.589,707156
24.589,707156
24.627,707156
24.634,707156
24.654,707156
24.672,707156
24.675,707156
24.679,707156
24.686,707156
24.694,707156
24.695,707156
24.698,707156
24.726,707156
24.74,707156
24.745,707156
24.76,707156
24.778,707156
24.793,707156
24.809,707156
24.813,707156
24.818,707156
24.832,707156
24.834,707156
24.838,707156
24.839,707156
24.903,707156
24.929,707156
24.943,707156
24.955,707156
24.958,707156
24.987,707156
24.988,707156
24.997,707156
24.999,707156
25.01,707156
25.01,707156
25.017,707156
25.032,707156
25.032,707156
25.036,707156
25.039,707156
25.044,707156
25.055,707156
25.057,707156
25.071,707156
25.08,707156
25.081,707156
25.088,707156
25.1,707156
25.114,707156
25.126,707156
25.151,707156
25.172,707156
25.174,707156
25.175,707156
25.18,707156
25.19,707156
25.201,707156
25.203,707156
25.205,707156
25.222,707156
25.224,707156
25.225,707156
25.231,707156
25.236,707156
25.249,707156
25.259,707156
25.295,707156
25.304,707156
25.318,707156
25.344,707156
25.363,707156
25.363,707156
25.397,707156
25.42,707156
25.42,707156
25.428,707156
25.436,707156
25.44,707156
25.45,707156
25.454,707156
25.463,707156
25.467,707156
25.47,707156
25.493,707156
25.506,707156
25.514,707156
25.524,707156
25.528,707156
25.531,707156
25.54,707156
25.559,707156
25.56,707156
25.579,707156
25.598,707156
25.607,707156
25.624,707156
25.629,707156
25.658,707156
25.661,707156
25.668,707156
25.675,707156
25.677,707156
25.687,707156
25.7,707156
25.721,707156
25.733,707156
25.743,707156
25.76,707156
25.762,707156
25.769,707156
25.776,707156
25.778,707156
25.788,707156
25.805,707156
25.814,707156
25.825,707156
25.85,707156
25.883,707156
25.9,707156
25.903,707156
25.914,707156
25.92,707156
25.92,707156
25.936,707156
25.951,707156
25.965,707156
25.974,707156
25.982,707156
25.995,707156
25.995,707156
26.007,707156
26.045,707156
26.052,707156
26.059,707156
26.078,707156
26.084,707156
26.103,707156
26.106,707156
26.108,707156
26.116,707156
26.119,707156
26.122,707156
26.15,707156
26.16,707156
26.176,707156
26.186,707156
26.228,707156
26.23,707156
26.237,707156
26.239,707156
26.243,707156
26.246,707156
26.251,707156
26.254,707156
26.261,707156
26.266,707156
26.27,707156
26.271,707156
26.28,707156
26.288,707156
26.32,707156
26.325,707156
26.336,707156
26.336,707156
26.343,707156
26.343,707156
26.344,707156
26.349,707156
26.355,707156
26.364,707156
26.389,707156
26.398,707156
26.402,707156
26.404,707156
26.408,707156
26.415,707156
26.419,707156
26.42,707156
26.422,707156
26.429,707156
26.43,707156
26.433,707156
26.474,707156
26.477,707156
26.478,707156
26.492,707156
26.492,707156
26.508,707156
26.52,707156
26.523,707156
26.526,707156
26.534,707156
26.541,707156
26.542,707156
26.545,707156
26.55,707156
26.556,707156
26.565,707156
26.567,707156
26.573,707156
26.58,707156
26.58,707156
26.589,707156
26.596,707156
26.604,707156
26.606,707156
26.613,707156
26.62,707156
26.62,707156
26.629,707156
26.635,707156
26.647,707156
26.651,707156
26.66,707156
26.66,707156
26.662,707156
26.666,707156
26.684,707156
26.687,707156
26.697,707156
26.72,707156
26.72,707156
26.723,707156
26.726,707156
26.734,707156
26.751,707156
26.767,707156
26.779,707156
26.781,707156
26.808,707156
26.824,707156
26.859,707156
26.875,707156
26.887,707156
26.895,707156
26.906,707156
26.91,707156
26.911,707156
26.915,707156
26.921,707156
26.922,707156
26.93,707156
26.93,707156
26.932,707156
26.948,707156
26.966,707156
26.969,707156
26.989,707156
26.991,707156
26.994,707156
26.998,707156
27.014,707156
27.02,707156
27.023,707156
27.042,707156
27.06,707156
27.114,707156
27.154,707156
27.171,707156
27.181,707156
27.192,707156
27.195,707156
27.215,707156
27.22,707156
27.249,707156
27.262,707156
27.264,707156
27.277,707156
27.282,707156
27.289,707156
27.291,707156
27.3,707156
27.314,707156
27.317,707156
27.336,707156
27.352,707156
27.369,707156
27.37,707156
27.388,707156
27.4,707156
27.433,707156
27.451,707156
27.454,707156
27.457,707156
27.459,707156
27.462,707156
27.465,707156
27.469,707156
27.476,707156
27.477,707156
27.487,707156
27.495,707156
27.504,707156
27.513,707156
27.517,707156
27.522,707156
27.531,707156
27.549,707156
27.569,707156
27.581,707156
27.585,707156
27.609,707156
27.613,707156
27.632,707156
27.635,707156
27.638,707156
27.659,707156
27.662,707156
27.664,707156
27.671,707156
27.696,707156
27.7,707156
27.702,707156
27.713,707156
27.726,707156
27.731,707156
27.733,707156
27.74,707156
27.74,707156
27.762,707156
27.785,707156
27.795,707156
27.801,707156
27.817,707156
27.821,707156
27.831,707156
27.834,707156
27.839,707156
27.841,707156
27.844,707156
27.858,707156
27.876,707156
27.886,707156
27.889,707156
27.891,707156
27.891,707156
27.891,707156
27.893,707156
27.9,707156
27.906,707156
27.917,707156
27.93,707156
27.932,707156
27.96,707156
27.966,707156
27.976,707156
27.976,707156
27.989,707156
27.991,707156
27.997,707156
28.029,707156
28.038,707156
28.044,707156
28.045,707156
28.049,707156
28.05,707156
28.055,707156
28.057,707156
28.093,707156
28.101,707156
28.102,707156
28.102,707156
28.111,707156
28.137,707156
28.146,707156
28.153,707156
28.165,707156
28.171,707156
28.172,707156
28.18,707156
28.182,707156
28.186,707156
28.199,707156
28.204,707156
28.214,707156
28.234,707156
28.239,707156
28.281,707156
28.301,707156
28.312,707156
28.331,707156
28.336,707156
28.343,707156
28.347,707156
28.352,707156
28.38,707156
28.406,707156
28.429,707156
28.446,707156
28.46,707156
28.47,707156
28.482,707156
28.494,707156
28.519,707156
28.522,707156
28.523,707156
28.539,707156
28.543,707156
28.544,707156
28.554,707156
28.559,707156
28.559,707156
28.561,707156
28.564,707156
28.564,707156
28.597,707156
28.6,707156
28.63,707156
28.638,707156
28.645,707156
28.661,707156
28.661,707156
28.662,707156
28.664,707156
28.665,707156
28.668,707156
28.675,707156
28.683,707156
28.739,707156
28.747,707156
28.758,707156
28.758,707156
28.759,707156
28.768,707156
28.769,707156
28.78,707156
28.802,707156
28.817,707156
28.82,707156
28.82,707156
28.828,707156
28.839,707156
28.891,707156
28.893,707156
28.893,707156
28.895,707156
28.906,707156
28.911,707156
28.931,707156
28.945,707156
28.951,707156
28.984,707156
28.989,707156
29.001,707156
29.01,707156
29.024,707156
29.042,707156
29.056,707156
29.059,707156
29.065,707156
29.074,707156
29.075,707156
29.13,707156
29.171,707156
29.171,707156
29.172,707156
29.178,707156
29.18,707156
29.285,707156
29.285,707156
29.289,707156
29.305,707156
29.321,707156
29.334,707156
29.337,707156
29.342,707156
29.357,707156
29.358,707156
29.361,707156
29.386,707156
29.406,707156
29.41,707156
29.418,707156
29.424,707156
29.431,707156
29.437,707156
29.442,707156
29.446,707156
29.458,707156
29.462,707156
29.467,707156
29.484,707156
29.492,707156
29.524,707156
29.526,707156
29.528,707156
29.529,707156
29.552,707156
29.556,707156
29.561,707156
29.566,707156
29.569,707156
29.57,707156
29.571,707156
29.576,707156
29.586,707156
29.595,707156
29.605,707156
29.611,707156
29.614,707156
29.632,707156
29.639,707156
29.65,707156
29.658,707156
29.659,707156
29.673,707156
29.674,707156
29.685,707156
29.687,707156
29.692,707156
29.693,707156
29.705,707156
29.711,707156
29.715,707156
29.728,707156
29.734,707156
29.762,707156
29.764,707156
29.78,707156
29.788,707156
29.794,707156
29.804,707156
29.823,707156
29.825,707156
29.827,707156
29.83,707156
29.865,707156
29.885,707156
29.903,707156
29.906,707156
29.912,707156
29.93,707156
29.943,707156
29.947,707156
29.963,707156
29.968,707156
29.999,707156
29.999,707156
