0.139000,784912
0.142000,782818
0.145000,782492
0.148000,782141
0.150000,781695
0.152000,781495
0.154000,780172
0.156000,778337
0.157000,777383
0.159000,777276
0.162000,776553
0.164000,775448
0.168000,775358
0.172000,775256
0.175000,774507
0.176000,774195
0.178000,773228
0.180000,772541
0.182000,770805
0.185000,767294
0.187000,765549
0.190000,765502
0.193000,765231
0.195000,765058
0.198000,762982
0.200000,761647
0.204000,761355
0.207000,759603
0.209000,756377
0.211000,754622
0.214000,754528
0.216000,754499
0.221000,754106
0.224000,753284
0.227000,753254
0.229000,752894
1.881000,752248
1.883000,746839
1.885000,746794
1.886000,745962
1.888000,743346
1.890000,742500
1.891000,742185
1.893000,740038
1.895000,738081
1.896000,738079
1.898000,736479
1.900000,730473
1.902000,729777
1.904000,728902
1.906000,728488
1.908000,726375
1.910000,726354
1.911000,726242
1.913000,724594
1.915000,724416
1.917000,723826
3.839000,721741
3.841000,720153
3.844000,719813
3.846000,719240
3.848000,717920
3.849000,717469
25.069000,716962
25.072000,716702
25.075000,716222
25.078000,715786
25.080000,715653
25.082000,715455
25.084000,713436
25.089000,713149
25.091000,712479
25.093000,709605
28.294000,708968
28.296000,708555
28.298000,708390
34.667000,708349
136.021000,708329
136.023000,707618
136.026000,707600
136.028000,706937
136.031000,706900
136.034000,706736
146.181000,704454
146.183000,703637
146.186000,703627
146.189000,702833
146.193000,702280
146.196000,702262
146.202000,702039
146.207000,701208
146.211000,701191
146.214000,701144
146.239000,701046
146.241000,700341
146.243000,699982
146.250000,699810
146.257000,699490
146.262000,699477
146.264000,697424
146.268000,697371
146.270000,696684
146.272000,696665
146.274000,696628
146.277000,696464
301.705000,696059
301.706000,692255
301.708000,691064
301.710000,690910
301.711000,689679
