0.031000,833166
0.031000,832054
0.031000,831854
0.031000,830328
0.031000,826189
0.031000,826037
0.031000,825765
0.031000,825759
0.031000,824602
0.031000,824327
0.031000,824179
0.031000,820668
0.031000,820494
0.031000,820027
0.031000,819340
0.041000,818235
0.041000,814704
0.041000,812610
0.041000,810855
0.041000,810364
0.041000,809463
0.041000,807520
0.041000,802626
0.041000,801883
0.041000,801397
0.041000,800927
0.041000,800857
0.041000,800468
0.041000,800202
0.041000,794531
0.041000,792170
0.041000,792144
0.051000,792122
0.051000,792075
0.051000,791841
0.051000,791734
0.051000,791005
0.051000,790727
0.051000,790174
0.051000,784160
0.051000,784142
0.051000,784052
0.051000,783829
0.051000,783141
0.051000,782174
0.051000,781223
0.101000,781147
0.101000,780905
0.111000,780683
0.111000,777983
0.111000,777296
0.111000,776216
0.111000,775725
0.111000,775419
0.111000,775328
0.111000,775033
0.111000,774635
0.111000,773404
0.111000,771998
0.111000,770767
0.111000,770019
0.111000,769006
0.111000,768613
0.111000,765842
0.121000,762223
0.121000,761876
0.121000,760910
0.121000,760873
0.121000,760173
0.121000,759698
0.121000,759416
0.121000,758811
0.121000,758488
0.131000,758466
0.131000,758126
0.131000,758081
0.131000,757316
0.131000,757285
0.291000,756691
0.291000,756605
0.291000,755374
0.291000,755195
0.291000,750214
0.341000,749164
0.341000,748990
0.341000,748724
0.341000,748330
0.341000,748283
0.341000,747405
0.341000,746044
0.351000,745942
0.351000,745880
0.351000,744806
0.351000,743898
0.351000,742684
0.351000,742616
0.351000,741868
0.351000,741319
0.351000,739089
0.351000,738889
0.501000,725708
0.501000,724477
0.501000,722425
0.501000,721106
0.511000,720526
0.511000,720265
0.511000,718666
0.511000,716753
0.511000,715896
0.511000,715851
0.511000,715163
0.511000,714752
0.511000,713628
0.511000,710045
0.511000,709859
0.511000,709519
0.511000,709424
0.511000,708190
0.521000,707839
0.521000,707707
0.521000,707639
0.521000,707297
0.521000,707287
0.521000,707156
7.134000,699576
7.134000,699165
7.134000,698993
7.134000,698262
7.134000,697549
7.134000,697496
7.134000,696809
7.134000,696274
7.134000,696051
7.134000,695979
7.134000,695253
7.144000,694920
7.144000,694033
7.144000,693989
7.144000,693135
16.954000,692457
16.954000,692397
16.954000,692174
16.954000,692030
16.964000,691475
16.964000,690924
