0.040000,784203
0.040000,783931
0.040000,783732
0.040000,783726
0.040000,783039
0.040000,782987
0.040000,781847
0.040000,781429
0.040000,781207
0.040000,778508
0.050000,778461
0.050000,769888
0.050000,766377
0.050000,764575
0.050000,763856
0.050000,763755
0.050000,762431
0.050000,761319
0.050000,761286
0.050000,761180
0.050000,760867
0.050000,760693
0.050000,760020
0.050000,759954
0.060000,759561
0.060000,759471
0.060000,757636
0.060000,755900
0.060000,754934
0.060000,754512
0.060000,752758
0.060000,752242
0.060000,750498
0.060000,750115
0.060000,749949
0.060000,749714
0.060000,749449
0.060000,749444
0.060000,749410
0.060000,747375
0.070000,745974
0.070000,745099
0.070000,743958
0.070000,743143
0.361000,742681
0.361000,742446
0.361000,742347
0.762000,741844
0.762000,741822
0.762000,741609
0.762000,741519
0.762000,741493
0.762000,741354
0.762000,739534
0.762000,739252
0.772000,739080
0.772000,738113
0.772000,737978
0.772000,737969
0.772000,737366
0.772000,736803
0.772000,736791
1.777000,736493
1.777000,736484
1.777000,736352
1.777000,734927
1.777000,734257
1.777000,734092
1.777000,721235
1.777000,720943
1.777000,720625
1.777000,720495
1.777000,705207
1.777000,704344
1.777000,699560
1.787000,699447
1.787000,699394
1.787000,698707
106.101000,698633
106.101000,697801
106.101000,696953
106.101000,696899
106.101000,696212
106.101000,695990
106.101000,695768
106.101000,695705
106.101000,695349
106.101000,695317
106.101000,695269
106.101000,694969
292.681000,694554
292.681000,694493
317.257000,694165
405.305000,692385
405.305000,691698
552.688000,688945
552.698000,687634
