0.050000,806274
0.050000,805680
0.050000,804836
0.050000,804510
0.050000,803974
0.050000,803703
0.050000,801300
0.060000,801101
0.060000,801083
0.060000,799736
0.060000,799634
0.060000,799629
0.060000,798941
0.060000,797979
0.060000,796667
0.060000,796445
0.060000,767329
0.060000,766328
0.060000,766281
0.070000,764826
0.070000,764793
0.070000,764727
0.070000,763564
0.070000,763011
0.070000,762495
0.070000,762127
0.070000,760033
0.070000,759645
0.070000,759471
0.070000,758384
0.070000,756718
0.070000,754047
0.080000,752311
0.080000,740385
0.080000,740119
0.080000,737301
0.080000,736261
0.080000,736089
0.270000,735176
0.270000,727203
1.023000,726606
1.552000,724003
1.552000,723647
1.552000,723490
1.952000,722763
1.952000,722624
1.952000,721966
1.952000,720045
1.952000,710599
1.952000,709996
1.952000,709774
1.952000,708980
1.952000,708004
1.952000,707782
1.952000,707088
40.645000,703474
40.645000,703086
40.645000,702914
40.645000,702209
40.645000,701313
40.645000,701084
40.645000,699853
40.645000,699850
40.645000,697797
40.645000,697353
40.645000,696674
40.645000,696613
40.645000,696585
40.645000,696534
40.645000,696414
40.645000,696357
67.440000,695758
67.440000,695660
67.440000,695092
67.440000,694412
67.440000,694351
67.440000,693816
80.856000,692744
258.549000,692514
258.549000,691839
258.549000,691813
258.549000,691250
313.227000,690942
313.227000,680449
