0.040000,860885
0.040000,860227
0.040000,859034
0.040000,858752
0.040000,858017
0.040000,857999
0.040000,857772
0.040000,857660
0.040000,854389
0.040000,843642
0.040000,843300
0.040000,843194
0.040000,842562
0.040000,842540
0.040000,842450
0.040000,841866
0.050000,841531
0.050000,841471
0.050000,841099
0.050000,836960
0.050000,836128
0.050000,835750
0.050000,835219
0.050000,835033
0.050000,832251
0.050000,832204
0.050000,831803
0.050000,831779
0.050000,828916
0.060000,828307
0.060000,827512
0.060000,827161
0.060000,827116
0.060000,826563
0.060000,822042
0.060000,815543
0.060000,814654
0.060000,814587
0.060000,813338
0.060000,811860
0.060000,809808
0.060000,809704
0.070000,808745
0.070000,808727
0.070000,806149
0.070000,803775
0.070000,800912
0.070000,791578
0.070000,791356
0.070000,781577
0.070000,777692
0.070000,776440
0.070000,771962
0.070000,771945
0.070000,771643
0.080000,771250
0.080000,771021
0.080000,769383
0.080000,767166
0.080000,767115
0.080000,767031
0.080000,765216
0.080000,765033
0.080000,764985
0.080000,763430
0.080000,756571
0.090000,755027
0.230000,753510
0.230000,753205
0.230000,750165
0.230000,749720
0.230000,743818
0.230000,743523
0.420000,742470
0.420000,741423
0.420000,741328
0.420000,737557
0.420000,736486
0.420000,736084
0.420000,735557
0.430000,733345
0.430000,733141
0.430000,728736
0.430000,728286
0.430000,727507
0.774000,726484
0.774000,726480
0.774000,723050
0.774000,713794
0.774000,713268
0.774000,712981
0.774000,711229
0.774000,708003
0.774000,707212
0.774000,706455
2.278000,703943
2.278000,703621
2.278000,703410
2.278000,702898
2.278000,702534
2.278000,702197
2.278000,701835
2.278000,698032
2.278000,696801
2.278000,696549
2.278000,696523
2.278000,695960
36.847000,688910
