0.007,6992867
0.007,6987028
0.007,6986882
0.007,6975475
0.007,6973120
0.008,6972784
0.008,6962668
0.008,6951507
0.008,6928050
0.008,6925842
0.008,6910957
0.008,6906675
0.008,6809562
0.008,6806937
0.01,6801843
0.01,6799882
0.01,6791268
0.01,6789546
0.01,6766651
0.01,6740153
0.011,6730425
0.011,6721924
0.011,6682533
0.011,6671674
0.011,6670688
0.012,6665795
0.013,6665387
0.013,6642752
0.013,6640249
0.013,6636275
0.014,6635347
0.014,6634894
0.014,6628934
0.014,6621577
0.015,6619547
0.015,6618310
0.015,6617553
0.015,6615932
0.015,6571203
0.016,6569969
0.017,6516019
0.017,6497787
0.017,6494851
0.017,6469727
0.017,6434652
0.017,6430711
0.018,6379337
0.018,6379053
0.018,6367682
0.018,6367160
0.018,6364510
0.018,6362419
0.019,6362412
0.019,6352114
0.019,6341219
0.019,6327632
0.019,6321333
0.02,6303342
0.02,6299541
0.02,6265889
0.02,6265883
0.021,6260967
0.021,6249706
0.022,6223403
0.022,6223120
0.022,6215368
0.022,6203230
0.022,6203135
0.022,6119147
0.023,6104811
0.023,6103812
0.023,6092738
0.024,6077897
0.024,6071520
0.024,6056376
0.024,6051488
0.025,6037770
0.025,6033577
0.025,6021606
0.025,6010773
0.025,5981822
0.025,5981663
0.025,5969269
0.025,5963711
0.026,5963672
0.026,5962644
0.026,5950225
0.026,5862422
0.027,5851570
0.027,5831734
0.027,5822657
0.028,5817774
0.028,5774705
0.028,5761520
0.029,5750347
0.029,5750288
0.029,5720554
0.03,5703340
0.03,5702882
0.03,5702819
0.03,5697546
0.031,5690636
0.031,5682999
0.031,5680928
0.032,5667074
0.032,5662904
0.033,5651526
0.033,5651307
0.034,5650527
0.034,5643605
0.034,5603128
0.035,5599828
0.035,5597543
0.035,5597406
0.035,5594396
0.036,5590965
0.036,5572292
0.036,5572292
0.036,5565050
0.037,5537634
0.037,5537437
0.037,5531075
0.038,5510063
0.038,5506776
0.038,5478181
0.038,5477809
0.038,5467303
0.039,5467274
0.04,5467125
0.04,5346181
0.04,5342785
0.04,5321827
0.04,5249351
0.04,5235555
0.041,5233758
0.041,5229856
0.041,5226779
0.042,5222087
0.044,5194741
0.045,5194710
0.045,5189724
0.045,5188771
0.045,5179960
0.045,5144327
0.045,5124980
0.045,5124406
0.046,5119891
0.046,5091908
0.046,5023818
0.047,5022042
0.047,5021658
0.048,5012328
0.048,4994571
0.048,4994130
0.049,4990959
0.05,4969789
0.05,4947285
0.05,4946024
0.051,4945627
0.051,4944016
0.052,4941623
0.052,4935402
0.053,4900851
0.053,4894855
0.054,4864424
0.054,4863423
0.054,4862502
0.054,4850879
0.054,4829277
0.055,4827889
0.055,4827169
0.055,4726521
0.056,4726076
0.056,4720914
0.056,4717207
0.056,4713933
0.058,4702451
0.059,4699069
0.059,4691593
0.06,4687393
0.061,4680021
0.061,4664410
0.062,4664410
0.062,4663764
0.063,4658394
0.063,4651868
0.063,4651763
0.063,4648938
0.064,4647928
0.065,4643258
0.065,4641097
0.066,4640656
0.066,4634385
0.066,4627927
0.068,4616942
0.069,4615943
0.069,4612523
0.069,4612316
0.07,4612304
0.07,4600669
0.07,4592475
0.071,4564956
0.072,4474152
0.073,4465531
0.073,4464660
0.074,4453728
0.074,4451045
0.074,4449490
0.075,4448576
0.075,4446485
0.075,4444497
0.075,4442521
0.076,4441700
0.077,4411426
0.078,4407273
0.078,4390808
0.078,4387016
0.08,4382524
0.081,4381314
0.082,4360855
0.082,4360855
0.085,4360769
0.085,4342171
0.086,4341981
0.086,4341532
0.087,4341509
0.087,4335158
0.087,4335138
0.087,4335138
0.087,4334846
0.088,4334321
0.088,4333035
0.088,4332983
0.088,4326266
0.089,4294648
0.089,4287353
0.09,4286037
0.09,4278785
0.091,4276576
0.092,4276373
0.093,4275362
0.094,4269733
0.095,4257009
0.095,4247528
0.096,4247528
0.096,4247520
0.097,4233221
0.097,4233213
0.098,4233140
0.099,4226090
0.1,4156554
0.101,4155959
0.101,4152797
0.102,4150520
0.102,4149651
0.102,4143707
0.103,4118550
0.103,4116001
0.104,4115639
0.104,4111434
0.104,4111090
0.105,4111090
0.106,4109879
0.108,4105076
0.108,4100735
0.108,4055424
0.11,4035533
0.11,4035082
0.112,4020276
0.112,4019131
0.112,4016263
0.113,4008076
0.113,4006975
0.114,3978456
0.116,3924507
0.116,3922564
0.116,3922483
0.117,3919973
0.117,3909527
0.118,3908173
0.118,3907113
0.118,3903617
0.119,3898230
0.12,3897127
0.12,3897028
0.12,3896330
0.121,3893632
0.121,3890577
0.126,3878578
0.126,3876684
0.127,3875731
0.127,3873931
0.127,3870660
0.128,3869248
0.129,3854475
0.129,3828287
0.13,3828287
0.13,3811325
0.131,3809936
0.131,3806089
0.131,3800143
0.132,3794628
0.132,3794281
0.132,3793994
0.133,3732567
0.133,3730954
0.134,3727710
0.136,3725720
0.137,3724543
0.137,3721469
0.137,3711906
0.137,3705545
0.137,3705545
0.138,3705207
0.138,3692287
0.139,3688139
0.14,3681575
0.143,3671114
0.143,3664570
0.145,3657954
0.146,3645253
0.146,3636696
0.146,3635250
0.147,3633456
0.147,3614928
0.147,3612928
0.15,3611121
0.151,3609138
0.152,3608966
0.153,3608719
0.153,3597377
0.154,3595390
0.154,3595135
0.156,3593636
0.156,3581730
0.157,3581232
0.157,3580777
0.159,3580278
0.159,3573148
0.16,3571785
0.16,3552129
0.16,3552066
0.161,3551622
0.162,3541735
0.162,3540546
0.162,3540505
0.163,3540489
0.163,3539137
0.164,3539063
0.164,3516468
0.167,3514465
0.167,3510591
0.168,3510591
0.169,3509764
0.17,3507598
0.171,3505940
0.172,3504582
0.175,3501804
0.175,3501804
0.176,3489783
0.176,3488891
0.179,3488796
0.179,3487728
0.18,3472280
0.18,3471109
0.18,3460548
0.18,3457646
0.181,3454249
0.183,3449256
0.183,3444922
0.184,3444767
0.186,3418403
0.186,3388458
0.187,3385876
0.188,3336384
0.188,3211505
0.188,3210581
0.188,3209780
0.189,3199840
0.19,3199840
0.191,3197499
0.193,3197050
0.193,3196655
0.196,3194833
0.197,3194833
0.197,3192867
0.197,3191670
0.198,3190413
0.198,3188979
0.2,3186426
0.202,3174758
0.202,3161417
0.202,3161414
0.203,3161414
0.203,3149718
0.203,3149627
0.204,3147943
0.205,3046821
0.206,3041763
0.209,3027341
0.21,3022473
0.212,3022348
0.213,3021806
0.214,3019596
0.215,3001622
0.215,3001622
0.216,3001229
0.22,3000942
0.223,3000794
0.223,2972301
0.225,2972301
0.225,2969736
0.226,2952006
0.226,2945232
0.227,2942774
0.227,2939779
0.228,2929209
0.229,2919433
0.231,2916742
0.232,2916138
0.232,2902755
0.234,2902650
0.237,2896898
0.239,2896625
0.241,2887508
0.241,2871806
0.243,2868803
0.245,2848491
0.245,2846332
0.247,2846296
0.248,2839875
0.249,2838587
0.25,2836806
0.25,2836686
0.253,2835182
0.254,2835182
0.254,2835182
0.254,2813694
0.255,2811930
0.256,2810863
0.259,2810462
0.261,2808798
0.264,2808798
0.264,2807668
0.264,2803171
0.27,2802222
0.273,2801831
0.274,2794920
0.274,2790182
0.275,2779750
0.276,2775665
0.277,2774310
0.277,2774028
0.278,2774028
0.279,2774028
0.279,2773147
0.28,2768785
0.28,2768674
0.281,2768379
0.284,2761816
0.286,2761816
0.287,2761368
0.287,2750722
0.288,2747721
0.288,2747721
0.289,2743690
0.29,2740193
0.291,2737277
0.291,2691060
0.295,2691060
0.296,2689563
0.301,2655473
0.302,2653699
0.303,2653089
0.305,2650885
0.306,2650250
0.308,2649780
0.308,2648288
0.308,2646188
0.31,2641727
0.311,2638986
0.313,2634907
0.315,2624155
0.315,2623966
0.317,2622780
0.317,2580667
0.318,2580352
0.319,2579797
0.32,2579797
0.321,2576268
0.322,2573397
0.323,2573397
0.326,2573397
0.331,2566558
0.332,2565447
0.333,2550806
0.333,2545445
0.333,2543329
0.334,2476488
0.335,2424130
0.336,2423514
0.337,2414522
0.338,2413207
0.342,2411107
0.346,2411107
0.347,2409932
0.348,2408186
0.349,2408122
0.351,2407743
0.353,2407743
0.354,2407223
0.354,2407223
0.36,2403438
0.371,2402168
0.374,2401625
0.378,2399706
0.381,2398915
0.381,2390715
0.382,2386689
0.382,2341325
0.382,2339436
0.385,2328915
0.386,2318114
0.387,2318114
0.388,2314496
0.389,2311965
0.39,2304441
0.392,2304439
0.394,2304228
0.394,2292179
0.394,2287061
0.396,2284191
0.398,2283469
0.399,2277120
0.399,2276305
0.399,2274630
0.404,2271765
0.408,2266685
0.408,2263520
0.413,2245821
0.413,2245821
0.415,2244186
0.417,2244186
0.417,2244016
0.418,2244016
0.419,2242925
0.423,2242925
0.423,2242925
0.424,2233062
0.424,2232685
0.425,2231874
0.426,2218215
0.429,2217869
0.431,2217868
0.431,2216874
0.433,2216874
0.435,2216357
0.436,2214254
0.437,2213945
0.44,2213787
0.44,2213040
0.442,2210496
0.442,2208749
0.444,2202600
0.447,2198163
0.449,2198163
0.45,2196884
0.451,2196200
0.453,2195771
0.454,2195105
0.455,2191387
0.456,2181687
0.456,2181687
0.456,2178328
0.459,2173697
0.46,2173697
0.461,2173272
0.462,2173272
0.466,2171365
0.468,2170614
0.472,2170614
0.473,2158145
0.476,2149260
0.476,2149229
0.478,2148856
0.48,2139599
0.482,2138629
0.482,2137976
0.483,2133182
0.484,2132320
0.486,2129054
0.489,2128816
0.49,2128281
0.491,2121906
0.493,2119708
0.496,2118762
0.501,2114525
0.502,2111377
0.506,2109725
0.508,2108073
0.509,2108073
0.511,2108073
0.512,2108073
0.512,2106024
0.518,2102840
0.522,2102840
0.528,2093490
0.529,2084935
0.53,2082721
0.53,2082265
0.532,2076553
0.533,2076553
0.536,2074049
0.538,2069624
0.539,2067837
0.542,2067837
0.543,2067539
0.555,2066063
0.56,2064182
0.561,2063638
0.564,2060706
0.565,2059958
0.565,2058761
0.566,2058761
0.566,2056773
0.568,2055853
0.568,2055803
0.569,2033401
0.569,2033057
0.57,2033057
0.57,2030597
0.57,2024469
0.571,2023465
0.577,2023465
0.577,2022844
0.579,2021264
0.582,2020659
0.585,2015264
0.587,1998166
0.587,1996950
0.589,1996885
0.589,1995055
0.594,1993477
0.595,1993264
0.595,1993264
0.6,1977593
0.611,1977556
0.612,1976908
0.613,1976908
0.614,1976849
0.618,1976849
0.618,1965642
0.62,1964444
0.621,1964030
0.626,1952353
0.626,1952353
0.626,1952353
0.631,1952204
0.631,1951121
0.632,1951121
0.633,1951121
0.635,1941767
0.637,1939405
0.637,1939405
0.638,1906441
0.639,1893048
0.646,1869964
0.647,1826049
0.648,1826049
0.649,1826049
0.65,1821895
0.654,1816164
0.661,1812291
0.664,1812291
0.665,1812291
0.668,1802733
0.67,1802462
0.67,1802223
0.675,1802200
0.677,1799747
0.684,1799701
0.685,1799701
0.688,1799653
0.69,1792585
0.691,1792585
0.697,1792585
0.699,1792489
0.699,1763551
0.699,1762302
0.701,1759261
0.703,1758625
0.706,1758625
0.706,1758625
0.709,1758551
0.712,1758152
0.714,1716626
0.715,1716223
0.715,1714422
0.716,1713308
0.719,1713169
0.72,1712366
0.721,1712366
0.725,1681801
0.725,1681627
0.725,1681627
0.728,1680099
0.733,1680099
0.734,1680099
0.735,1680099
0.741,1680099
0.743,1673559
0.743,1670616
0.746,1670616
0.747,1670616
0.748,1670511
0.749,1666468
0.75,1663331
0.751,1662517
0.751,1661583
0.753,1661583
0.755,1661006
0.755,1657995
0.755,1656811
0.766,1656811
0.766,1654442
0.767,1651446
0.772,1645735
0.772,1644638
0.773,1644565
0.775,1642833
0.775,1640762
0.776,1639765
0.777,1633479
0.778,1633162
0.783,1631130
0.783,1625166
0.786,1624703
0.788,1624663
0.789,1624449
0.791,1624449
0.794,1623208
0.795,1617044
0.805,1617044
0.805,1617044
0.808,1617044
0.813,1616938
0.813,1616000
0.814,1615729
0.815,1615729
0.821,1615729
0.822,1615729
0.823,1580774
0.823,1580666
0.825,1580614
0.837,1564558
0.839,1564558
0.841,1564558
0.842,1564558
0.846,1564558
0.858,1564558
0.862,1564558
0.867,1564537
0.867,1564537
0.879,1563910
0.879,1561073
0.882,1560904
0.883,1560904
0.889,1560904
0.891,1555433
0.894,1547363
0.899,1547363
0.903,1547262
0.907,1547262
0.909,1546856
0.91,1546837
0.916,1545266
0.92,1544880
0.932,1544880
0.934,1544880
0.94,1543963
0.941,1541192
0.941,1524331
0.946,1523900
0.953,1514645
0.954,1504412
0.954,1500870
0.958,1499677
0.959,1498396
0.968,1495617
0.97,1495226
0.975,1493978
0.985,1493968
0.985,1493968
0.985,1493968
0.987,1492511
0.99,1492184
0.991,1488712
0.995,1487248
0.999,1485007
1.007,1481910
1.01,1469950
1.015,1469950
1.015,1465754
1.018,1465754
1.018,1465754
1.019,1465700
1.02,1463666
1.028,1462555
1.031,1458972
1.033,1455815
1.033,1455030
1.034,1454361
1.036,1453829
1.038,1443183
1.041,1443183
1.041,1443183
1.042,1443183
1.043,1441990
1.045,1440765
1.046,1433525
1.053,1433525
1.057,1419047
1.058,1418552
1.062,1418275
1.066,1417850
1.066,1415921
1.069,1414741
1.071,1414741
1.072,1414570
1.072,1414021
1.078,1411180
1.085,1409645
1.087,1409645
1.091,1409645
1.105,1354664
1.106,1353529
1.107,1353529
1.108,1347655
1.109,1347504
1.116,1347504
1.122,1338661
1.125,1332211
1.126,1332211
1.139,1331444
1.151,1330620
1.152,1321993
1.164,1321993
1.168,1321993
1.168,1321234
1.17,1320677
1.172,1320677
1.176,1302804
1.176,1302804
1.177,1302804
1.177,1300844
1.18,1300722
1.183,1300722
1.184,1300722
1.194,1299923
1.197,1299923
1.201,1299923
1.205,1299923
1.206,1299079
1.215,1299079
1.22,1299079
1.229,1298549
1.229,1298061
1.23,1295857
1.23,1289350
1.231,1289350
1.233,1288946
1.236,1287243
1.245,1287243
1.248,1286745
1.251,1269551
1.258,1269332
1.263,1265733
1.27,1265733
1.276,1262936
1.282,1262627
1.286,1262416
1.288,1261023
1.288,1242134
1.29,1242134
1.305,1241867
1.307,1241238
1.309,1239883
1.309,1238515
1.318,1238515
1.323,1234865
1.323,1234804
1.328,1227241
1.337,1227241
1.34,1227241
1.342,1227241
1.347,1227087
1.349,1227087
1.366,1227087
1.366,1227083
1.372,1226112
1.377,1225922
1.378,1225909
1.381,1223859
1.388,1223859
1.389,1223838
1.392,1220483
1.392,1217072
1.395,1217072
1.397,1212665
1.398,1211672
1.399,1211461
1.4,1211461
1.4,1211329
1.404,1209896
1.41,1209896
1.42,1209896
1.434,1209896
1.437,1205579
1.444,1205579
1.452,1205579
1.458,1205034
1.462,1201387
1.462,1201387
1.465,1201240
1.468,1186923
1.468,1186923
1.484,1186923
1.502,1185965
1.511,1183846
1.53,1183170
1.531,1181510
1.536,1180742
1.55,1180535
1.553,1180535
1.556,1180535
1.563,1180535
1.567,1180300
1.569,1179497
1.57,1179374
1.575,1178894
1.581,1178894
1.585,1178428
1.596,1178397
1.598,1176716
1.598,1175853
1.607,1169652
1.607,1168146
1.62,1167980
1.623,1167126
1.64,1167126
1.641,1167126
1.649,1167126
1.655,1167126
1.668,1167126
1.678,1167126
1.685,1165576
1.69,1161871
1.692,1161871
1.693,1160280
1.693,1160280
1.699,1160280
1.701,1154881
1.703,1154881
1.704,1154881
1.714,1154881
1.724,1151418
1.725,1151384
1.74,1096065
1.745,1096065
1.748,1095803
1.751,1095803
1.751,1095803
1.757,1093801
1.764,1093801
1.768,1092788
1.783,1090697
1.787,1088234
1.794,1087905
1.795,1087905
1.801,1087905
1.81,1087905
1.817,1087398
1.821,1087398
1.835,1085848
1.835,1085848
1.854,1085824
1.878,1085824
1.882,1084729
1.884,1084729
1.885,1084729
1.896,1084729
1.901,1084629
1.909,1084571
1.915,1083624
1.93,1082173
1.933,1081455
1.945,1081455
1.947,1076360
1.956,1072245
1.959,1071856
1.962,1071751
1.964,1071630
1.976,1071630
1.981,1071516
2.005,1070945
2.017,1070736
2.022,1070736
2.022,1062722
2.024,1060980
2.032,1060980
2.037,1060183
2.041,1060183
2.044,1060183
2.048,1060183
2.052,1060183
2.069,1060183
2.072,1054860
2.073,1053843
2.078,1053194
2.085,1053194
2.086,1052151
2.088,1051899
2.092,1051584
2.103,1051584
2.106,1051584
2.112,1041385
2.112,1041385
2.114,1041363
2.116,1041098
2.119,1041098
2.12,1041098
2.121,1041098
2.135,1041098
2.138,1040271
2.141,1039629
2.153,1039629
2.153,1037612
2.155,1037200
2.161,1037200
2.162,1037200
2.165,1037200
2.165,1030231
2.166,1030231
2.172,1030231
2.177,1029978
2.178,1029978
2.18,1028754
2.185,1028754
2.185,1028754
2.185,1028213
2.191,1028020
2.205,1028020
2.209,1028020
2.209,1027894
2.211,1027894
2.232,1026981
2.238,1025007
2.242,1024636
2.246,1022979
2.249,1022909
2.253,1020483
2.256,1020483
2.263,1020483
2.27,1020483
2.277,1020483
2.28,1019889
2.282,1019416
2.283,1019071
2.29,1017852
2.291,1015799
2.291,1015799
2.292,1015799
2.3,1015556
2.305,1011138
2.313,1009072
2.317,1009072
2.34,1009072
2.344,1009072
2.346,1009072
2.348,1009072
2.351,1008288
2.356,1008288
2.36,1008288
2.361,1008192
2.362,1008192
2.37,1008192
2.384,1008192
2.385,1008192
2.392,1008192
2.398,1008192
2.402,1008192
2.409,1008192
2.413,1007557
2.415,1007557
2.42,1004783
2.431,1004783
2.443,1004783
2.447,1004479
2.46,1004479
2.465,1004479
2.478,1004479
2.481,1004479
2.485,1004452
2.488,1004452
2.489,1004452
2.492,1004444
2.503,1002768
2.508,1001342
2.509,1000889
2.518,1000889
2.518,1000889
2.527,1000889
2.532,1000889
2.538,998817
2.539,997223
2.54,996803
2.543,996803
2.545,996803
2.548,996701
2.55,996701
2.552,996701
2.567,996701
2.569,996701
2.573,995980
2.574,994093
2.579,994093
2.594,994093
2.604,994093
2.621,993345
2.63,993072
2.632,993072
2.636,993072
2.639,993072
2.648,993072
2.655,992651
2.656,991629
2.673,991629
2.677,991629
2.677,991268
2.683,991268
2.689,991218
2.692,991218
2.699,991207
2.699,989290
2.71,988950
2.724,988553
2.725,987920
2.741,987920
2.745,982324
2.758,982127
2.759,982127
2.779,982127
2.823,982127
2.829,982127
2.833,982127
2.834,982127
2.849,982127
2.853,982127
2.862,982127
2.862,982127
2.864,982127
2.865,982127
2.876,982127
2.879,980823
2.886,980823
2.901,980823
2.902,980823
2.913,980396
2.919,979199
2.928,976143
2.938,976143
2.938,976143
2.942,976143
2.943,976143
2.945,972738
2.947,972738
2.961,972738
2.961,972655
2.964,972655
2.966,972655
2.988,972655
2.991,972655
2.992,972054
2.995,968387
2.999,968387
3.015,968387
3.023,948553
3.025,948553
3.025,948338
3.026,917072
3.041,917072
3.051,916335
3.051,916335
3.076,916335
3.079,914748
3.09,914748
3.095,914748
3.104,914748
3.106,914748
3.108,902876
3.126,889135
3.127,887990
3.134,887990
3.14,887815
3.142,887815
3.144,887800
3.146,885423
3.154,885423
3.158,885159
3.159,885159
3.168,885159
3.172,885159
3.172,883810
3.198,883810
3.206,883810
3.208,883810
3.21,883536
3.219,883536
3.224,883536
3.232,883536
3.253,883328
3.268,883328
3.269,883328
3.274,883328
3.278,883328
3.28,883328
3.282,883328
3.287,883328
3.299,883328
3.315,883328
3.316,883328
3.316,883288
3.326,883288
3.328,875092
3.332,875092
3.338,875092
3.35,875092
3.35,875092
3.357,875092
3.371,875092
3.371,875092
3.381,875092
3.383,875092
3.388,874927
3.39,874927
3.397,874927
3.4,874927
3.4,874927
3.406,874927
3.413,874927
3.424,874927
3.456,874726
3.465,874726
3.466,873732
3.466,873732
3.483,873732
3.49,873732
3.495,873732
3.509,872113
3.512,872113
3.52,862479
3.522,862479
3.526,862479
3.536,862479
3.539,862479
3.541,862479
3.552,862479
3.562,861531
3.572,861531
3.59,860948
3.596,860948
3.608,860948
3.611,856377
3.611,856377
3.622,856377
3.631,856377
3.633,856377
3.634,856377
3.649,856377
3.659,856377
3.663,856377
3.663,855224
3.668,854069
3.688,853924
3.695,847719
3.708,847719
3.712,847097
3.743,847097
3.745,847097
3.747,847097
3.757,846922
3.759,846922
3.766,846922
3.77,846922
3.773,846922
3.777,843982
3.782,843982
3.798,843982
3.799,843982
3.818,843982
3.821,843982
3.821,843982
3.824,843982
3.826,843819
3.83,843819
3.837,843819
3.842,843819
3.844,843443
3.856,843443
3.856,843443
3.872,843443
3.874,843443
3.877,843000
3.878,843000
3.908,843000
3.909,842855
3.926,842855
3.93,842855
3.938,840691
3.943,840691
3.948,840691
3.948,840691
3.958,840691
3.984,840691
3.993,840491
4.003,840491
4.009,840491
4.01,840491
4.016,839696
4.023,839696
4.03,839696
4.03,838497
4.032,836126
4.05,836126
4.054,836126
4.058,836126
4.059,835556
4.063,835556
4.072,835556
4.075,835556
4.079,835212
4.079,835212
4.103,835212
4.106,835212
4.12,835212
4.123,826685
4.123,826685
4.124,826685
4.129,826685
4.137,826685
4.14,826685
4.153,826685
4.171,826676
4.191,826676
4.195,826676
4.198,826676
4.203,826676
4.207,826676
4.214,826283
4.216,826283
4.221,826283
4.221,826283
4.235,826283
4.236,826283
4.245,826283
4.248,826283
4.261,826283
4.286,826283
4.308,826283
4.309,826283
4.312,826283
4.319,826283
4.326,824713
4.334,824713
4.342,824713
4.345,824713
4.347,824713
4.349,824713
4.351,824713
4.371,824713
4.379,824713
4.384,824670
4.39,824670
4.392,824670
4.395,824670
4.396,824670
4.396,824670
4.397,824670
4.399,824670
4.417,824534
4.42,824534
4.445,824534
4.448,824534
4.457,824534
4.461,823227
4.465,823227
4.468,823227
4.481,823227
4.484,823227
4.503,823227
4.511,823227
4.517,822474
4.523,822474
4.525,821256
4.53,821256
4.545,821256
4.562,821256
4.563,820588
4.566,820588
4.578,820588
4.579,820588
4.585,820588
4.589,820588
4.593,820588
4.602,820588
4.619,820588
4.624,820588
4.626,820588
4.629,820588
4.634,820588
4.64,820588
4.645,820588
4.651,820588
4.654,820588
4.656,820588
4.678,820588
4.679,820588
4.683,820588
4.688,820588
4.688,820588
4.689,820588
4.7,816982
4.702,816982
4.707,816982
4.711,815672
4.717,815672
4.726,815672
4.742,815672
4.746,815672
4.751,815672
4.755,815644
4.768,814976
4.769,814976
4.785,814976
4.785,814976
4.809,814976
4.81,813936
4.826,813936
4.831,813936
4.834,813936
4.835,813936
4.849,813936
4.866,813936
4.89,813936
4.904,813669
4.908,813669
4.909,813669
4.923,813669
4.941,813669
4.954,813669
4.959,813669
4.966,813669
4.976,774966
4.982,774966
4.997,774092
5.004,774092
5.007,774092
5.012,772747
5.015,772218
5.032,772218
5.037,772218
5.047,772124
5.05,772124
5.055,772124
5.056,772124
5.057,772124
5.066,772124
5.071,772124
5.074,771848
5.085,770992
5.086,770992
5.089,769193
5.098,769193
5.106,769193
5.12,762943
5.121,762943
5.125,762800
5.139,762800
5.139,762800
5.148,762800
5.149,762800
5.157,762800
5.158,762800
5.166,762800
5.187,762628
5.197,762628
5.202,762628
5.205,762628
5.219,762628
5.221,762628
5.224,762628
5.234,762628
5.248,761872
5.256,761872
5.258,761550
5.267,759654
5.271,759654
5.276,759654
5.283,759654
5.284,759654
5.286,759497
5.287,759497
5.292,759497
5.294,759497
5.306,759497
5.319,759497
5.319,759497
5.322,757662
5.349,757287
5.356,757262
5.359,757002
5.367,757002
5.371,754931
5.379,754931
5.399,754931
5.401,752890
5.417,752890
5.441,752890
5.444,752890
5.459,752890
5.465,752890
5.475,752890
5.476,752890
5.482,752890
5.483,752890
5.49,752890
5.508,752890
5.509,752890
5.518,752890
5.534,752890
5.536,752890
5.536,752890
5.544,752890
5.557,752890
5.571,752890
5.572,752890
5.576,752890
5.594,752890
5.596,752890
5.609,752890
5.609,752890
5.616,752890
5.624,752890
5.653,752890
5.658,752890
5.674,752890
5.679,752811
5.681,752811
5.686,752811
5.695,752811
5.698,752811
5.709,752374
5.711,752374
5.714,752374
5.728,752374
5.738,752374
5.745,752374
5.775,752273
5.784,752273
5.796,751167
5.824,751167
5.831,751167
5.833,751167
5.835,751167
5.838,751167
5.844,751167
5.855,751167
5.856,748683
5.857,748683
5.863,748683
5.869,748683
5.871,748683
5.872,748683
5.873,748683
5.877,747508
5.88,747508
5.882,747508
5.884,747474
5.888,747474
5.9,747474
5.901,747474
5.912,747474
5.923,747474
5.935,747474
5.942,747474
5.962,747474
5.967,747474
5.972,747474
5.977,747474
5.993,747474
6.01,747474
6.023,747474
6.03,747474
6.032,747474
6.053,747474
6.055,747474
6.064,747474
6.076,747474
6.091,747474
6.096,747474
6.098,747474
6.113,747474
6.116,747474
6.126,747474
6.127,747474
6.135,747474
6.136,746606
6.141,746606
6.154,746606
6.171,746606
6.191,746606
6.196,746606
6.197,746606
6.207,746606
6.208,746606
6.218,746606
6.239,746606
6.241,746606
6.241,746606
6.246,746606
6.255,746606
6.263,744823
6.273,744823
6.274,744823
6.281,744823
6.282,744823
6.287,744823
6.289,744823
6.297,744823
6.333,744823
6.34,744823
6.346,744823
6.349,744823
6.366,744823
6.373,744823
6.384,744823
6.387,744823
6.39,744823
6.393,744823
6.397,744823
6.405,744823
6.417,744823
6.419,744823
6.458,744823
6.465,744823
6.487,743485
6.494,741749
6.499,741749
6.51,741749
6.527,741749
6.535,741749
6.537,741458
6.543,740716
6.545,740716
6.545,740716
6.548,740716
6.551,740716
6.581,740716
6.589,740716
6.592,740716
6.599,740716
6.606,740716
6.609,740716
6.639,740716
6.659,740716
6.673,740716
6.674,740716
6.675,740716
6.683,740716
6.701,740716
6.726,740716
6.733,740716
6.739,740716
6.745,740716
6.766,740716
6.769,740572
6.78,740572
6.786,740468
6.794,740468
6.797,740468
6.806,740468
6.808,740466
6.833,740466
6.835,740466
6.864,740466
6.872,740384
6.873,740384
6.873,740384
6.875,740384
6.891,740384
6.891,740384
6.897,740384
6.899,740384
6.908,740384
6.916,740384
6.948,740384
6.951,740384
6.966,740384
6.972,740384
6.978,740384
6.984,740384
6.984,740384
6.992,740384
7.002,740384
7.006,740384
7.016,740062
7.018,740062
7.024,740062
7.028,740062
7.028,740062
7.05,740062
7.065,739734
7.071,739734
7.077,739734
7.093,739734
7.094,739734
7.103,739734
7.104,739734
7.105,739734
7.125,739734
7.153,739734
7.161,739734
7.174,739734
7.205,739734
7.221,739734
7.225,739734
7.248,739734
7.264,739734
7.268,739734
7.274,739734
7.276,739734
7.277,739734
7.28,727092
7.299,727092
7.304,727092
7.312,727092
7.337,727092
7.338,727092
7.37,727092
7.375,727092
7.377,727092
7.404,727092
7.413,727092
7.416,727092
7.417,727092
7.425,727092
7.429,727092
7.433,727092
7.448,727092
7.456,727092
7.462,727092
7.464,727092
7.467,727092
7.472,727092
7.483,727092
7.501,727092
7.514,727092
7.533,727091
7.562,727091
7.574,727091
7.598,727091
7.603,727091
7.604,727091
7.604,727091
7.612,727091
7.614,727091
7.617,727091
7.624,727091
7.625,726959
7.629,726959
7.637,726959
7.661,726959
7.667,726959
7.685,726959
7.686,726959
7.692,726959
7.695,726959
7.699,726959
7.7,726959
7.723,726959
7.749,726959
7.75,726959
7.752,726959
7.767,726959
7.774,726959
7.779,726959
7.783,726959
7.786,726959
7.792,726959
7.793,726959
7.797,726660
7.806,726660
7.821,726660
7.833,726660
7.833,726660
7.836,726660
7.848,726660
7.849,726660
7.854,726660
7.862,726660
7.866,726377
7.88,726377
7.891,726377
7.901,726377
7.902,726377
7.911,726377
7.915,726377
7.917,726377
7.927,726377
7.94,726377
7.947,726377
7.95,726377
7.959,726377
7.981,726377
7.987,726377
7.999,726377
8.001,726377
8.002,726377
8.036,726377
8.042,726377
8.044,726377
8.05,726377
8.06,726377
8.069,726377
8.08,726377
8.082,726377
8.082,726377
8.086,726377
8.094,726377
8.097,726377
8.111,726377
8.119,726377
8.131,726377
8.165,726377
8.171,726377
8.173,726377
8.192,726377
8.193,726377
8.218,726377
8.22,725425
8.226,725425
8.255,725425
8.262,725425
8.297,725425
8.298,720787
8.302,720787
8.306,720787
8.319,720787
8.32,720787
8.322,720787
8.327,720787
8.329,720787
8.345,720787
8.348,720787
8.349,720787
8.382,720787
8.388,720787
8.39,720787
8.393,720787
8.401,720787
8.402,720787
8.425,719956
8.434,719956
8.438,719956
8.462,719956
8.476,719956
8.482,719956
8.487,719956
8.495,719956
8.497,719635
8.497,719635
8.509,719635
8.512,719635
8.515,719635
8.523,719635
8.541,719635
8.543,719635
8.546,719635
8.574,719635
8.576,719635
8.58,719635
8.598,719635
8.603,717493
8.613,717493
8.63,717493
8.668,717493
8.675,717493
8.678,717493
8.729,717493
8.743,717493
8.744,717493
8.777,717493
8.784,717493
8.786,717493
8.787,717493
8.788,717493
8.79,717493
8.805,717493
8.812,717493
8.83,717493
8.834,717493
8.875,717493
8.896,717493
8.899,717493
8.907,717493
8.917,717493
8.921,717493
8.925,717493
8.933,717493
8.934,717493
8.936,717493
8.941,717493
8.958,717493
8.964,717493
8.969,717493
8.993,717493
9.037,717493
9.039,717493
9.039,717493
9.061,717493
9.076,717493
9.082,717493
9.086,717493
9.088,717493
9.1,717493
9.108,717493
9.117,717493
9.127,717493
9.137,717493
9.138,717493
9.153,717493
9.156,717493
9.157,717493
9.164,717493
9.167,717493
9.191,717493
9.194,717444
9.196,717444
9.199,717444
9.211,717444
9.219,717444
9.226,717444
9.228,717444
9.242,717444
9.281,717444
9.288,717444
9.291,717444
9.298,717444
9.299,717444
9.308,717444
9.327,717444
9.328,717444
9.334,717444
9.336,717444
9.344,717444
9.353,717444
9.357,717444
9.364,717444
9.375,717444
9.388,717444
9.392,717444
9.412,716088
9.426,716088
9.428,716088
9.431,716088
9.491,716088
9.496,716088
9.501,716088
9.502,716088
9.514,716088
9.518,716088
9.534,716088
9.535,716088
9.537,716088
9.562,716088
9.569,716088
9.572,716088
9.587,716088
9.589,716088
9.593,716088
9.605,716088
9.609,716088
9.613,716088
9.616,716088
9.617,716088
9.642,716088
9.648,716088
9.671,716088
9.689,716088
9.704,716088
9.716,716088
9.723,716088
9.726,716088
9.732,716088
9.756,716088
9.757,716088
9.758,716088
9.766,716088
9.774,716088
9.774,716088
9.774,716088
9.779,716088
9.782,716088
9.791,716088
9.791,716088
9.801,716088
9.816,716088
9.849,716088
9.851,716088
9.867,716088
9.868,716088
9.887,716088
9.907,715916
9.913,715916
9.914,715916
9.927,715916
9.937,715916
9.946,715916
9.965,715916
9.973,715916
9.973,715916
9.977,715916
9.977,715916
10.007,715916
10.032,715916
10.059,715916
10.059,715916
10.066,715916
10.074,715916
10.097,715916
10.117,715916
10.124,715916
10.133,715916
10.135,715916
10.145,715916
10.148,715916
10.155,715916
10.156,715916
10.161,715916
10.166,715916
10.189,715916
10.198,715916
10.224,715916
10.234,715916
10.237,715916
10.252,715916
10.275,715916
10.295,715916
10.301,715916
10.303,715916
10.305,715916
10.33,715916
10.338,715916
10.338,715916
10.338,714742
10.343,713084
10.344,713084
10.35,713084
10.372,713084
10.382,713084
10.386,713084
10.41,713084
10.415,713084
10.426,713084
10.426,713084
10.44,713084
10.442,713084
10.446,713084
10.448,713084
10.451,713084
10.466,713084
10.467,713084
10.471,713084
10.498,713084
10.505,713084
10.518,713084
10.527,713084
10.529,713084
10.535,713084
10.536,713084
10.538,713084
10.545,713084
10.564,713084
10.573,713084
10.58,713084
10.604,713084
10.606,713084
10.609,713084
10.613,712736
10.626,712736
10.643,712736
10.646,712736
10.646,712736
10.648,712736
10.663,712736
10.67,712736
10.671,712736
10.673,712736
10.678,712736
10.692,712736
10.702,712736
10.711,712736
10.723,712736
10.725,712736
10.729,712736
10.741,712736
10.746,712736
10.747,712736
10.748,712736
10.771,712736
10.783,712736
10.799,712736
10.827,712736
10.829,712736
10.832,712736
10.903,712736
10.948,712736
10.951,712736
10.953,712736
10.954,712736
10.968,712736
10.993,712736
11.009,712736
11.026,712736
11.028,712736
11.066,712736
11.073,712736
11.078,712736
11.081,712736
11.101,712736
11.106,712736
11.108,712736
11.109,712736
11.15,712736
11.188,712736
11.211,712736
11.222,712736
11.267,712736
11.276,712422
11.284,712422
11.303,712422
11.305,712422
11.316,712422
11.322,712422
11.327,712422
11.337,712422
11.342,712422
11.343,712422
11.383,712422
11.397,712422
11.404,712422
11.406,712422
11.411,712422
11.417,712422
11.442,712422
11.452,712422
11.452,712422
11.455,712422
11.457,712422
11.475,712422
11.478,712422
11.481,712422
11.487,711588
11.495,711588
11.513,711588
11.564,711588
11.591,711588
11.603,711588
11.613,711588
11.615,711588
11.633,711588
11.648,711588
11.658,711588
11.673,711588
11.698,711588
11.7,711588
11.702,711588
11.711,711588
11.714,711588
11.72,711588
11.725,711588
11.732,711588
11.736,711588
11.737,711588
11.745,711588
11.75,711588
11.755,711588
11.764,711588
11.776,711588
11.778,711588
11.78,711588
11.795,711588
11.801,711588
11.802,711588
11.826,711588
11.834,711588
11.841,711588
11.85,711588
11.853,711588
11.869,711588
11.877,711588
11.877,711588
11.886,711588
11.895,711588
11.903,711588
11.921,711588
11.921,711588
11.929,711588
11.93,711588
11.934,711588
11.95,711588
11.953,711588
11.959,711588
11.963,711588
11.967,711588
11.978,711588
11.979,711588
12.001,711588
12.044,711588
12.045,711588
12.055,711588
12.061,711588
12.061,711588
12.066,711588
12.07,711588
12.075,711588
12.08,711588
12.085,711588
12.091,711588
12.094,711588
12.105,711588
12.115,711423
12.123,711423
12.139,711423
12.142,711423
12.159,711423
12.162,711423
12.167,711423
12.173,711423
12.174,711423
12.18,711423
12.207,711423
12.209,711423
12.211,711423
12.213,711423
12.229,711423
12.258,711423
12.269,711423
12.279,711423
12.281,711423
12.292,711423
12.313,711423
12.335,711423
12.344,711423
12.358,711423
12.359,711423
12.363,711423
12.368,711423
12.369,711423
12.373,711423
12.379,711423
12.38,711423
12.384,711423
12.404,711423
12.423,711423
12.432,711423
12.437,711423
12.442,711423
12.451,711423
12.456,711423
12.462,711423
12.471,711423
12.473,711423
12.495,711423
12.499,711423
12.499,711423
12.514,711423
12.525,711423
12.534,711423
12.537,711423
12.538,711423
12.538,711423
12.57,711423
12.575,711423
12.586,711423
12.59,711423
12.591,711423
12.606,711423
12.614,711423
12.638,711423
12.642,711423
12.645,711423
12.645,711056
12.653,711056
12.686,711056
12.702,711056
12.715,711056
12.722,711056
12.731,711056
12.734,711056
12.734,711056
12.744,711056
12.748,711056
12.763,711056
12.768,711056
12.788,711056
12.789,711056
12.8,711056
12.802,711056
12.817,711056
12.822,711056
12.826,711056
12.827,711056
12.829,711056
12.831,711056
12.854,711056
12.858,711056
12.899,711056
12.914,711056
12.918,711056
12.939,711056
12.949,711056
12.95,711056
12.969,711056
12.971,711056
12.973,711056
12.979,711056
12.988,710251
13.002,710251
13.023,710251
13.029,710251
13.03,710251
13.042,710251
13.052,710251
13.052,710251
13.058,710251
13.059,710251
13.072,710251
13.08,710251
13.081,710251
13.095,710251
13.11,710251
13.112,710251
13.117,710251
13.12,710251
13.123,710251
13.144,710251
13.145,710251
13.145,710251
13.154,710251
13.155,710251
13.173,710251
13.174,710251
13.18,710251
13.18,710251
13.187,710251
13.198,710251
13.201,710251
13.203,710251
13.205,710251
13.208,710251
13.209,710251
13.21,710251
13.216,710251
13.221,710251
13.231,710251
13.231,710251
13.232,710251
13.233,710251
13.237,710251
13.252,710251
13.264,710251
13.271,710251
13.292,710251
13.317,710251
13.325,710251
13.335,710251
13.336,710251
13.345,710251
13.372,710251
13.373,710251
13.378,710251
13.378,710251
13.388,710251
13.39,710251
13.399,710251
13.411,710251
13.419,710251
13.437,710251
13.44,710251
13.443,710251
13.47,710251
13.472,710251
13.475,710251
13.481,710251
13.487,710251
13.497,710251
13.502,710251
13.506,710251
13.51,710251
13.514,710251
13.531,710251
13.554,710251
13.564,710251
13.568,710251
13.572,710251
13.588,710251
13.616,710251
13.619,710251
13.624,710251
13.634,710251
13.636,710251
13.638,710251
13.642,710251
13.664,710251
13.681,710251
13.698,710251
13.703,710251
13.72,710251
13.723,710251
13.729,710251
13.733,710251
13.75,710251
13.761,710251
13.768,710251
13.773,710251
13.778,710251
13.782,710251
13.784,710036
13.789,710036
13.8,710036
13.807,710036
13.814,710036
13.827,710036
13.832,710036
13.833,710036
13.848,710036
13.856,710036
13.859,710036
13.88,710036
13.883,710036
13.887,710036
13.887,710036
13.888,710036
13.907,710036
13.915,710036
13.917,710036
13.933,710036
13.935,710036
13.936,710036
13.939,710036
13.97,710036
13.986,710036
14.006,710036
14.009,710036
14.019,710036
14.021,710036
14.031,710036
14.041,710036
14.061,710036
14.064,710036
14.07,710036
14.084,710036
14.088,710036
14.106,710036
14.11,710036
14.116,710036
14.12,710036
14.12,710036
14.126,710036
14.127,710036
14.15,710036
14.151,710036
14.159,710036
14.163,710036
14.166,710036
14.18,710036
14.181,710036
14.188,710036
14.197,710036
14.211,710036
14.227,710036
14.235,710036
14.251,710036
14.257,710036
14.266,710036
14.274,710036
14.289,710036
14.328,710036
14.338,710036
14.345,710036
14.356,710036
14.38,710036
14.383,710036
14.389,710036
14.391,710036
14.392,710036
14.402,710036
14.407,710036
14.407,710036
14.411,710036
14.421,710036
14.424,710036
14.437,710036
14.439,710036
14.439,710036
14.449,710036
14.47,710036
14.476,710036
14.483,710036
14.499,710036
14.503,710036
14.512,710036
14.513,710036
14.518,710036
14.521,710036
14.531,710036
14.539,710036
14.544,710036
14.55,710036
14.551,710036
14.572,710036
14.594,710036
14.596,710036
14.606,710036
14.608,710036
14.627,710036
14.632,710036
14.642,710036
14.646,710036
14.651,710036
14.654,710036
14.658,710036
14.662,710036
14.678,710036
14.684,710036
14.684,710036
14.685,710036
14.707,710036
14.71,710036
14.711,710036
14.712,710036
14.723,710036
14.765,710036
14.766,710036
14.786,710036
14.803,710036
14.804,710036
14.805,710036
14.832,710036
14.846,710036
14.847,710036
14.852,710036
14.862,710036
14.87,710036
14.871,710036
14.893,710036
14.898,710036
14.901,710036
14.922,710036
14.923,710036
14.929,710036
14.948,710036
14.962,710036
14.963,710036
14.985,710036
14.99,710036
14.991,710036
15.01,710036
15.014,710036
15.016,710036
15.017,710036
15.029,710036
15.054,710036
15.085,710036
15.095,710036
15.114,710036
15.143,710036
15.144,710036
15.147,710036
15.154,710036
15.158,710036
15.163,710036
15.165,710036
15.165,710036
15.171,710036
15.171,710036
15.177,710036
15.189,710036
15.222,710036
15.225,710036
15.229,710036
15.247,710036
15.266,710036
15.276,710036
15.277,710036
15.298,710036
15.314,710036
15.351,710036
15.357,710036
15.362,710036
15.386,710036
15.402,710036
15.404,710036
15.421,710014
15.429,710014
15.456,710014
15.465,710014
15.478,710014
15.481,710014
15.483,710014
15.504,710014
15.506,710014
15.51,710014
15.511,710014
15.52,710014
15.526,710014
15.557,710014
15.563,710014
15.584,710014
15.594,710014
15.6,710014
15.614,710014
15.648,710014
15.65,710014
15.68,710014
15.687,710014
15.745,710014
15.772,710014
15.786,710014
15.803,710014
15.816,710014
15.827,710014
15.831,710014
15.856,710014
15.859,710014
15.86,710014
15.862,710014
15.894,710014
15.915,710014
15.917,710014
15.923,710014
15.939,710014
15.959,710014
15.97,710014
15.975,710014
15.98,710014
15.996,710014
16.018,710014
16.02,709937
16.031,709937
16.044,709937
16.046,709937
16.049,709937
16.069,709937
16.079,709937
16.081,709937
16.105,709937
16.107,709937
16.109,709937
16.178,709937
16.195,709937
16.238,709937
16.249,709937
16.258,709937
16.275,709937
16.279,709937
16.281,709937
16.292,709937
16.314,709937
16.316,709937
16.345,709937
16.346,709937
16.349,709937
16.358,709937
16.372,709937
16.376,709937
16.382,709937
16.399,709937
16.44,709937
16.443,709937
16.449,709937
16.452,709937
16.454,709937
16.467,709937
16.477,709937
16.49,709937
16.491,709937
16.52,709937
16.548,709937
16.553,709937
16.563,709937
16.571,709937
16.582,709937
16.584,709937
16.594,709937
16.601,709937
16.601,709937
16.605,709937
16.606,709937
16.611,709937
16.617,709937
16.63,709937
16.632,709937
16.638,709937
16.642,709937
16.645,709937
16.648,709937
16.665,709937
16.672,709937
16.678,709937
16.684,709937
16.698,709937
16.701,709937
16.706,709937
16.712,709937
16.728,709937
16.741,709937
16.75,709937
16.776,709937
16.782,709937
16.788,709937
16.789,709937
16.809,709937
16.821,709937
16.822,709937
16.833,709937
16.843,709937
16.845,709937
16.862,709937
16.863,709937
16.876,709937
16.9,709937
16.908,709937
16.921,709937
16.928,709937
16.93,709937
16.932,709937
16.936,709937
16.946,709937
16.95,709937
16.968,709937
16.986,709937
16.996,709937
17.015,709937
17.026,709937
17.027,709937
17.055,709937
17.073,709937
17.092,709937
17.13,709937
17.166,709937
17.176,709937
17.177,709937
17.183,709937
17.192,709937
17.203,709937
17.216,709937
17.227,709937
17.231,709937
17.235,709937
17.246,709937
17.264,709937
17.267,709937
17.272,709937
17.286,709937
17.313,709937
17.334,709937
17.351,709937
17.353,709937
17.371,709937
17.372,709937
17.386,709937
17.394,709937
17.413,709937
17.415,709937
17.42,709937
17.42,709937
17.432,709937
17.439,709937
17.439,709937
17.442,709937
17.444,709937
17.447,709937
17.453,709937
17.464,709937
17.474,709937
17.475,709937
17.48,709937
17.501,709937
17.535,709937
17.552,709937
17.556,709937
17.562,709937
17.577,709937
17.592,709937
17.598,709937
17.628,709937
17.637,709937
17.657,709937
17.66,709937
17.665,709937
17.666,709937
17.677,709937
17.684,709937
17.684,709937
17.698,709937
17.709,709937
17.71,709937
17.712,709937
17.717,709937
17.729,709937
17.762,709937
17.763,709937
17.765,709937
17.793,709937
17.795,709937
17.811,709497
17.838,709497
17.844,709497
17.859,709497
17.866,709497
17.866,709497
17.868,709497
17.883,709497
17.884,706289
17.926,706289
17.929,706289
17.936,706289
17.938,706289
17.939,706289
17.942,706289
17.957,706289
17.96,706289
17.962,706289
17.965,706289
17.978,706289
17.98,706289
17.996,706289
17.997,706289
18.043,706289
18.054,706289
18.064,706289
18.066,706289
18.073,706289
18.088,706289
18.102,706289
18.112,706289
18.114,706289
18.13,706289
18.136,706289
18.137,706289
18.146,706289
18.154,706289
18.157,706289
18.163,706289
18.174,706289
18.174,706289
18.176,706289
18.179,706289
18.197,706289
18.207,706289
18.221,706289
18.23,706289
18.234,706289
18.251,706289
18.258,706289
18.275,706289
18.28,706289
18.281,706289
18.332,706289
18.349,706289
18.355,706289
18.357,706289
18.358,706289
18.363,706289
18.384,706289
18.397,706289
18.419,706289
18.42,706289
18.448,706289
18.465,706289
18.476,706289
18.479,706289
18.482,706289
18.49,706289
18.506,706289
18.508,706289
18.512,706289
18.515,706289
18.528,706289
18.529,706289
18.529,706289
18.532,705541
18.548,705541
18.552,705541
18.556,705541
18.557,705541
18.567,705541
18.569,705541
18.583,705541
18.593,705541
18.6,705541
18.609,705541
18.619,705541
18.629,705541
18.629,705541
18.633,705541
18.64,705541
18.654,705541
18.66,705541
18.673,705541
18.679,705541
18.693,705541
18.698,705541
18.699,705541
18.714,705541
18.747,705541
18.752,705541
18.76,705541
18.761,705541
18.772,705541
18.782,705541
18.784,705541
18.801,705541
18.803,705541
18.804,705541
18.823,705541
18.84,705541
18.841,705541
18.851,705541
18.855,705541
18.891,705541
18.925,705541
18.931,705541
18.933,705541
18.934,705541
18.941,705541
18.962,705541
18.966,705541
18.977,705541
18.985,705541
18.985,705541
18.995,705541
19.002,705541
19.005,705541
19.017,705541
19.021,705541
19.034,705541
19.046,705541
19.061,705541
19.068,705541
19.075,705541
19.078,705541
19.079,705541
19.084,705541
19.121,705541
19.139,705541
19.144,705541
19.146,705541
19.152,705541
19.173,705541
19.175,705541
19.184,705541
19.19,705541
19.191,705541
19.205,705541
19.211,705541
19.212,705541
19.216,705541
19.223,705541
19.226,705541
19.234,705541
19.242,705541
19.242,705541
19.243,705541
19.245,705541
19.247,705541
19.252,705541
19.291,705541
19.306,705541
19.316,705541
19.317,705541
19.32,705541
19.321,705541
19.331,705541
19.337,705541
19.347,705541
19.39,705541
19.398,705541
19.41,705541
19.411,705541
19.438,705541
19.468,705541
19.5,705541
19.5,705541
19.505,705541
19.509,705541
19.513,705541
19.519,705541
19.522,705541
19.525,705541
19.536,705541
19.537,705541
19.565,705541
19.578,705541
19.594,705541
19.594,705541
19.596,705541
19.599,705541
19.6,705541
19.614,705541
19.619,705541
19.632,705541
19.655,705541
19.656,705541
19.661,705541
19.668,705541
19.672,705541
19.675,705541
19.699,705541
19.727,705541
19.731,705541
19.751,705541
19.752,705541
19.753,705541
19.763,705541
19.769,705541
19.786,705541
19.795,705541
19.798,705541
19.802,705541
19.82,705541
19.826,705541
19.827,705541
19.833,705541
19.833,705541
19.847,705541
19.861,705541
19.866,705541
19.871,705541
19.875,705541
19.91,705541
19.934,705541
19.943,705541
19.963,702279
19.982,702279
20.015,702279
20.023,702279
20.026,702279
20.029,702279
20.049,702279
20.05,702279
20.051,702279
20.103,702279
20.139,702279
20.179,702279
20.185,702279
20.187,702279
20.219,702279
20.224,702279
20.229,702279
20.23,702279
20.27,702279
20.276,702279
20.28,702279
20.305,702279
20.306,702279
20.323,702279
20.332,702279
20.339,702279
20.346,702279
20.351,702279
20.361,702279
20.37,702279
20.374,702279
20.374,702279
20.384,702279
20.391,702279
20.403,702279
20.415,702279
20.43,702279
20.446,702279
20.452,702279
20.459,702279
20.472,702279
20.473,702279
20.481,702279
20.492,702279
20.51,702279
20.536,702279
20.56,702279
20.562,702279
20.587,702279
20.588,702279
20.595,702279
20.615,702279
20.656,702218
20.66,702218
20.679,702218
20.708,702218
20.745,702218
20.746,702218
20.75,702218
20.788,702218
20.79,702218
20.812,702218
20.82,702218
20.834,702218
20.835,702218
20.839,702218
20.846,702218
20.855,702218
20.858,702218
20.866,702218
20.869,702218
20.877,702218
20.92,702218
20.928,702218
20.936,702218
20.94,702218
20.961,702218
20.969,702218
20.98,702218
20.99,702218
20.998,702218
21.004,702218
21.018,702218
21.03,702218
21.037,702218
21.059,702218
21.06,702218
21.065,702218
21.079,702218
21.087,702218
21.09,702218
21.117,702218
21.14,702218
21.142,702218
21.144,702218
21.145,702218
21.147,702218
21.158,702218
21.167,702218
21.17,702218
21.178,702218
21.179,702218
21.179,702218
21.179,702218
21.192,702218
21.193,702218
21.195,702218
21.2,702218
21.219,702218
21.229,702218
21.241,702218
21.25,702218
21.268,702218
21.313,702218
21.318,702218
21.327,702218
21.331,702218
21.335,702218
21.349,702218
21.353,702218
21.378,702218
21.38,702218
21.388,702218
21.388,702218
21.393,702218
21.401,702218
21.412,702218
21.418,702218
21.425,702218
21.443,702218
21.448,702218
21.467,702218
21.468,702218
21.477,702218
21.481,702218
21.482,702218
21.502,702218
21.508,702218
21.51,702218
21.519,702218
21.53,702218
21.532,702218
21.537,702218
21.541,702218
21.541,702218
21.559,702218
21.574,702218
21.585,702218
21.607,702218
21.61,702218
21.616,702218
21.623,702218
21.637,702218
21.652,702218
21.665,702218
21.678,702218
21.682,702218
21.687,702218
21.703,702218
21.714,702218
21.736,702218
21.741,702218
21.743,702218
21.753,702218
21.765,702218
21.778,702218
21.782,702218
21.789,702218
21.799,702218
21.825,702218
21.835,702218
21.853,702218
21.867,702218
21.895,702218
21.904,702218
21.957,702218
21.963,702218
21.966,702218
22.018,702218
22.028,702218
22.064,702218
22.083,702218
22.112,702218
22.114,702218
22.124,702218
22.138,702218
22.149,702218
22.186,702218
22.194,702218
22.235,702218
22.237,702218
22.246,702218
22.256,702218
22.259,702218
22.3,702218
22.303,702218
22.308,702218
22.327,702218
22.328,702218
22.34,702218
22.347,702218
22.386,702218
22.393,702218
22.394,702218
22.404,702218
22.422,702218
22.444,702218
22.458,702218
22.462,702218
22.465,702218
22.483,702218
22.484,702218
22.49,702218
22.515,702218
22.517,702218
22.549,702218
22.575,702218
22.616,702218
22.617,702218
22.637,702218
22.642,702218
22.649,702218
22.651,702218
22.659,702218
22.662,702218
22.685,702218
22.69,702218
22.695,702218
22.733,702218
22.765,702218
22.768,702218
22.784,702218
22.784,702218
22.787,702218
22.808,702218
22.81,702218
22.817,702218
22.818,702218
22.83,702218
22.833,702218
22.833,702218
22.835,702218
22.851,702218
22.867,702218
22.875,702218
22.881,702218
22.881,702218
22.883,702218
22.886,702218
22.913,702218
22.916,702218
22.916,702218
22.953,702218
22.962,702218
22.963,702218
22.967,702218
23.01,702218
23.011,702218
23.026,702218
23.026,702218
23.032,702218
23.039,702218
23.054,702218
23.069,702218
23.082,702218
23.105,702218
23.105,702218
23.105,702218
23.137,702218
23.155,702218
23.159,702218
23.16,702218
23.164,702218
23.168,702218
23.185,702218
23.188,702218
23.194,702218
23.195,702218
23.199,702218
23.232,702218
23.258,702218
23.269,702218
23.282,702218
23.285,702218
23.307,702218
23.312,702218
23.335,702218
23.341,702218
23.344,702218
23.35,702218
23.355,702218
23.358,702218
23.367,702218
23.377,702218
23.386,702218
23.391,702218
23.4,702218
23.406,702218
23.408,702218
23.411,702218
23.412,702218
23.423,702218
23.436,702218
23.447,702218
23.451,702218
23.471,702218
23.515,702218
23.534,702218
23.539,702218
23.546,702218
23.571,702218
23.575,702218
23.578,702218
23.58,702218
23.595,702218
23.601,702218
23.617,702218
23.623,702218
23.631,702218
23.644,702218
23.662,702218
23.682,702218
23.689,702218
23.692,702218
23.692,702218
23.706,702218
23.721,702218
23.733,702218
23.745,702218
23.755,702218
23.755,702218
23.759,702218
23.778,702218
23.78,702218
23.784,702218
23.796,702218
23.799,702218
23.821,702218
23.823,702218
23.826,702218
23.859,702218
23.866,702218
23.87,702218
23.871,702218
23.881,702218
23.882,702218
23.91,702218
23.922,702218
23.939,702218
23.951,702218
23.959,702218
23.96,702218
23.968,702218
23.98,702218
24.001,702218
24.002,702218
24.011,702218
24.011,702218
24.014,702218
24.014,702218
24.039,702218
24.042,702218
24.066,702218
24.066,702218
24.069,702218
24.073,702218
24.092,702218
24.108,702218
24.112,702218
24.12,702218
24.152,702218
24.152,702218
24.165,702218
24.183,702218
24.204,702218
24.207,702218
24.242,702218
24.256,702218
24.263,702218
24.272,702218
24.282,702218
24.287,702218
24.291,702218
24.31,702218
24.311,702218
24.323,702218
24.326,702218
24.331,702218
24.341,702218
24.373,702218
24.376,702218
24.395,702218
24.395,702218
24.407,702218
24.41,702218
24.426,702218
24.432,702218
24.445,702218
24.449,702218
24.467,702218
24.47,702218
24.476,702218
24.489,702218
24.494,702218
24.495,702218
24.501,702218
24.526,702218
24.531,702218
24.564,702218
24.568,702218
24.583,702218
24.584,702218
24.587,702218
24.589,702218
24.591,702218
24.599,702218
24.638,702218
24.673,702218
24.684,702218
24.688,702218
24.697,702218
24.748,702218
24.755,702218
24.766,702218
24.78,702218
24.785,702218
24.793,702218
24.8,702218
24.801,702218
24.804,702218
24.805,702218
24.805,702218
24.818,702218
24.818,702218
24.828,702218
24.832,702218
24.833,702218
24.86,702218
24.868,702218
24.871,702218
24.874,702218
24.889,702218
24.917,702218
24.939,702218
24.953,702218
24.975,702218
24.985,702218
25.002,702218
25.003,702218
25.012,702218
25.018,702218
25.02,702218
25.021,702218
25.023,702218
25.035,702218
25.039,702218
25.045,702218
25.073,702218
25.078,702218
25.086,702218
25.088,702218
25.111,702218
25.117,702218
25.121,702218
25.135,702218
25.135,702218
25.149,702218
25.151,702218
25.167,702218
25.172,702218
25.18,702218
25.192,702218
25.192,702218
25.197,702218
25.204,702218
25.213,702218
25.246,702218
25.247,702218
25.249,702218
25.25,702218
25.262,702218
25.266,702218
25.314,702218
25.358,702218
25.371,702218
25.373,702218
25.4,702218
25.408,702218
25.419,702218
25.424,702218
25.436,702218
25.453,702218
25.468,702218
25.476,702218
25.486,702218
25.487,702218
25.519,702218
25.563,702218
25.575,702218
25.58,702218
25.617,702218
25.652,702218
25.689,702218
25.694,702218
25.699,702218
25.703,702218
25.711,702218
25.719,702218
25.727,702218
25.744,702218
25.744,702218
25.782,702218
25.826,702218
25.848,702218
25.854,702218
25.859,702218
25.865,702218
25.876,702218
25.889,702218
25.896,702218
25.908,702218
25.926,702218
25.936,702218
25.938,702218
25.939,702218
25.94,702218
25.946,702218
25.949,702218
25.949,702218
25.952,702218
25.959,702218
25.975,702218
25.982,702218
25.992,702218
25.999,702218
26.014,702218
26.015,702218
26.017,702218
26.031,702218
26.035,702218
26.045,702218
26.077,702218
26.096,702218
26.096,702218
26.106,702218
26.106,702218
26.11,702218
26.111,702218
26.117,702218
26.127,702218
26.141,702218
26.184,702218
26.186,702218
26.188,702218
26.229,702218
26.244,702218
26.251,702218
26.262,702218
26.277,702218
26.279,702218
26.28,702218
26.283,702218
26.288,702218
26.293,702218
26.301,702218
26.31,702218
26.314,702218
26.322,702218
26.33,702218
26.344,702218
26.354,702218
26.37,702218
26.384,702218
26.391,702218
26.395,702218
26.398,702218
26.399,702218
26.4,702218
26.422,702218
26.431,702218
26.433,702218
26.446,702218
26.449,702218
26.454,702218
26.454,702218
26.457,702218
26.476,702218
26.482,702218
26.482,702218
26.483,702218
26.495,702218
26.501,702218
26.504,702218
26.515,702218
26.517,702218
26.523,702218
26.524,702218
26.525,702218
26.532,702218
26.558,702218
26.559,702218
26.577,702218
26.584,702218
26.589,702218
26.615,702218
26.629,702218
26.636,702218
26.642,702218
26.643,702218
26.652,702218
26.657,702218
26.693,702218
26.694,702218
26.695,702218
26.701,702218
26.71,702218
26.711,702218
26.743,702218
26.752,702218
26.765,702218
26.769,702218
26.771,702218
26.774,702218
26.791,702218
26.801,702218
26.801,702218
26.811,702218
26.816,702218
26.825,702218
26.832,702218
26.834,702218
26.837,702218
26.84,702218
26.869,702218
26.879,702218
26.898,702218
26.904,702218
26.912,702218
26.916,702218
26.919,702218
26.923,702218
26.927,702218
26.936,702218
26.989,702218
26.995,702218
27.011,702218
27.012,702218
27.021,702218
27.029,702218
27.093,702218
27.099,702218
27.102,702218
27.105,702218
27.127,702218
27.155,702218
27.157,702218
27.158,702218
27.158,702218
27.162,702218
27.169,702218
27.173,702218
27.184,702218
27.189,702218
27.202,702218
27.207,702218
27.248,702218
27.288,702218
27.293,702218
27.303,702218
27.31,702218
27.322,702218
27.327,702218
27.331,702218
27.337,702218
27.339,702218
27.365,702218
27.395,702218
27.416,702218
27.421,702218
27.427,702218
27.441,702218
27.442,702218
27.445,702218
27.45,702218
27.465,702218
27.466,702218
27.472,702218
27.483,702218
27.484,702218
27.488,702218
27.496,702218
27.501,702218
27.507,702218
27.51,702218
27.511,702218
27.512,702218
27.535,702218
27.539,702218
27.545,702218
27.546,702218
27.552,702218
27.563,702218
27.575,702218
27.593,702218
27.598,702218
27.614,702218
27.626,702218
27.629,702218
27.648,702218
27.651,702218
27.656,702218
27.665,702218
27.665,702218
27.667,702218
27.672,702218
27.678,702218
27.683,702218
27.695,702218
27.706,702218
27.715,702218
27.721,702218
27.723,702218
27.73,702218
27.743,702218
27.747,702218
27.758,702218
27.769,702218
27.779,702218
27.806,702218
27.814,702218
27.826,702218
27.827,702218
27.834,702218
27.834,702218
27.845,702218
27.846,702218
27.856,702218
27.875,702218
27.891,702218
27.893,702218
27.904,702218
27.908,702218
27.946,702218
27.976,702218
27.989,702218
28.009,702218
28.057,702218
28.072,702218
28.074,702218
28.081,702218
28.104,702218
28.116,702218
28.117,702218
28.129,702218
28.135,702218
28.163,702218
28.171,702218
28.184,702218
28.19,702218
28.197,702218
28.203,702218
28.212,702218
28.261,702218
28.266,702218
28.281,702218
28.3,702218
28.301,702218
28.309,702218
28.32,702218
28.342,702218
28.342,702218
28.349,702218
28.352,702218
28.354,702218
28.359,702218
28.36,702218
28.366,702218
28.372,702218
28.374,702218
28.393,702218
28.403,702218
28.435,702218
28.457,702218
28.465,702218
28.471,702218
28.49,702218
28.51,702218
28.521,702218
28.523,702218
28.525,702218
28.532,702218
28.54,702218
28.54,702218
28.542,702218
28.556,702218
28.556,702218
28.563,702218
28.58,702218
28.585,702218
28.607,702218
28.609,702218
28.617,702218
28.645,702218
28.682,702218
28.695,702218
28.696,702218
28.703,702218
28.704,702218
28.706,702218
28.706,702218
28.708,702218
28.731,702218
28.741,702218
28.743,702218
28.76,702218
28.769,702218
28.77,702218
28.793,702218
28.798,702218
28.833,702218
28.847,702218
28.848,702218
28.864,702218
28.883,702218
28.89,702218
28.906,702218
28.912,702218
28.929,702218
28.939,702218
28.962,702218
28.969,702218
28.98,702218
28.99,702218
28.993,702218
28.996,702218
28.998,702218
29.006,702218
29.006,702218
29.027,702218
29.031,702218
29.034,702218
29.037,702218
29.04,702218
29.045,702218
29.047,702218
29.063,702218
29.063,702218
29.067,702218
29.07,702218
29.075,702218
29.077,702218
29.085,702218
29.1,702218
29.11,702218
29.126,702218
29.17,702218
29.183,702218
29.197,702218
29.212,702218
29.214,702218
29.214,702218
29.223,702218
29.231,702218
29.235,702218
29.256,702218
29.297,702218
29.3,702218
29.303,702218
29.306,702218
29.322,702218
29.334,702218
29.34,702218
29.345,702218
29.358,702218
29.362,702218
29.376,702218
29.389,702218
29.395,702218
29.399,702218
29.402,702218
29.407,702218
29.423,702218
29.474,702218
29.516,702218
29.523,702218
29.525,702218
29.527,702218
29.535,702218
29.541,702218
29.552,702218
29.553,702218
29.555,702218
29.567,702218
29.574,702218
29.61,702218
29.617,702218
29.624,702218
29.626,702218
29.638,702218
29.646,702218
29.646,702218
29.66,702218
29.676,702218
29.681,702218
29.686,702218
29.688,702218
29.689,702218
29.691,702218
29.693,702218
29.702,702218
29.708,702218
29.714,702218
29.728,702218
29.745,702218
29.751,702218
29.751,702218
29.759,702218
29.763,702218
29.782,702218
29.787,702218
29.791,702218
29.805,702218
29.832,702218
29.85,702218
29.852,702218
29.853,702218
29.871,702218
29.871,702218
29.873,702218
29.877,702218
29.887,702218
29.916,702218
29.919,702218
29.944,702218
29.948,702218
29.95,702218
29.962,702218
29.969,702218
