0.003,6987240
0.003,6946327
0.004,6946403
0.004,6943811
0.004,6915425
0.004,6914178
0.004,6910704
0.004,6897551
0.004,6888754
0.004,6887483
0.006,6886543
0.006,6874737
0.006,6870061
0.006,6865036
0.006,6864846
0.008,6863037
0.008,6853630
0.008,6823579
0.008,6823430
0.008,6731122
0.008,6710032
0.008,6708449
0.008,6696504
0.01,6695282
0.01,6688973
0.01,6672620
0.011,6663829
0.011,6663036
0.011,6661648
0.011,6659518
0.011,6657524
0.012,6655477
0.012,6653433
0.012,6636870
0.012,6627277
0.012,6621448
0.012,6604791
0.012,6602980
0.012,6597313
0.012,6593471
0.015,6585114
0.015,6573411
0.015,6571705
0.015,6565532
0.016,6548629
0.016,6548583
0.016,6544546
0.016,6512377
0.016,6512313
0.017,6503157
0.017,6487006
0.017,6486215
0.017,6481162
0.017,6466920
0.017,6459514
0.018,6438386
0.018,6430984
0.019,6424426
0.019,6421601
0.019,6421302
0.019,6415010
0.02,6414850
0.02,6407160
0.02,6387246
0.02,6382471
0.02,6362925
0.021,6361212
0.021,6358052
0.021,6357391
0.021,6347423
0.021,6343780
0.021,6343360
0.022,6342386
0.022,6330083
0.023,6234106
0.023,6225760
0.023,6210543
0.023,6192782
0.023,6191013
0.023,6133883
0.024,6119891
0.024,6119520
0.024,6105369
0.024,6098909
0.025,6090176
0.025,6075998
0.025,6071737
0.025,6056022
0.026,6045399
0.026,6045399
0.026,6036533
0.026,5963939
0.027,5928367
0.027,5794913
0.027,5787605
0.027,5786941
0.027,5710167
0.028,5704905
0.028,5699657
0.029,5695371
0.029,5670344
0.029,5666876
0.03,5652765
0.03,5640626
0.03,5616317
0.03,5615668
0.03,5608821
0.031,5536314
0.031,5534209
0.032,5522456
0.033,5511606
0.033,5483887
0.033,5477861
0.033,5476639
0.033,5470206
0.034,5469704
0.034,5462100
0.035,5460525
0.035,5459544
0.035,5455170
0.035,5440150
0.036,5430410
0.036,5427916
0.036,5424761
0.036,5421068
0.038,5417444
0.038,5417292
0.038,5417262
0.039,5403030
0.039,5397899
0.04,5278416
0.04,5274787
0.04,5219422
0.04,5208518
0.04,5204115
0.04,5134831
0.041,5124261
0.041,5118634
0.041,5115578
0.042,5115277
0.043,5107614
0.043,5097916
0.043,5097259
0.043,5096247
0.044,5073720
0.045,5073712
0.045,5073183
0.046,5000831
0.046,4996658
0.046,4988587
0.046,4987846
0.047,4980408
0.047,4967050
0.047,4943098
0.047,4907944
0.048,4877175
0.048,4877175
0.048,4873721
0.049,4872675
0.049,4870766
0.049,4870766
0.049,4867098
0.05,4841143
0.05,4835105
0.05,4834193
0.051,4832141
0.051,4832014
0.052,4799684
0.052,4726167
0.052,4723593
0.052,4722452
0.053,4717639
0.054,4714263
0.054,4713539
0.054,4703703
0.055,4687001
0.055,4682313
0.055,4682085
0.055,4672657
0.055,4672549
0.056,4668400
0.056,4667073
0.056,4663043
0.056,4658238
0.056,4657327
0.056,4656194
0.057,4655074
0.057,4652659
0.058,4652540
0.058,4600908
0.059,4597422
0.059,4597422
0.059,4589430
0.059,4587552
0.06,4587118
0.061,4586726
0.061,4584510
0.062,4584319
0.062,4583806
0.063,4575863
0.063,4574455
0.063,4571972
0.063,4564904
0.064,4560241
0.064,4530479
0.065,4530023
0.065,4516314
0.065,4492300
0.066,4490790
0.066,4486145
0.067,4478108
0.069,4448314
0.07,4446010
0.07,4431765
0.07,4431765
0.072,4431690
0.073,4431690
0.074,4431530
0.074,4421428
0.075,4413992
0.075,4410476
0.076,4391401
0.076,4372435
0.076,4283397
0.077,4274975
0.077,4270643
0.078,4268553
0.078,4266093
0.078,4265418
0.078,4255911
0.079,4254171
0.079,4252653
0.08,4252653
0.081,4247694
0.081,4241100
0.082,4240041
0.082,4238495
0.082,4237877
0.083,4237211
0.084,4231485
0.085,4155314
0.085,4145056
0.086,4144084
0.087,4142766
0.091,4141581
0.091,4130680
0.091,4130497
0.092,4129404
0.093,4128517
0.094,4124801
0.094,4124630
0.095,4119308
0.096,4102204
0.096,4100562
0.096,4100513
0.097,4100513
0.097,4100513
0.098,4100372
0.099,4092585
0.099,4060464
0.099,4060388
0.1,4045493
0.1,4029248
0.102,4021332
0.102,4021145
0.102,4008582
0.102,4008335
0.105,4002926
0.106,4002657
0.107,4001883
0.108,3999933
0.108,3999327
0.108,3941653
0.108,3938528
0.109,3934190
0.109,3931852
0.11,3930727
0.113,3927571
0.113,3905314
0.115,3902319
0.117,3896095
0.117,3882430
0.117,3882430
0.117,3875445
0.117,3867598
0.118,3851594
0.119,3841469
0.121,3837470
0.122,3837405
0.123,3830725
0.124,3824844
0.125,3810544
0.126,3807004
0.126,3802400
0.128,3785049
0.128,3768948
0.128,3768857
0.128,3768072
0.128,3762805
0.129,3760401
0.131,3736245
0.132,3728766
0.132,3716490
0.133,3713622
0.135,3705840
0.136,3704199
0.136,3685082
0.137,3684552
0.138,3679339
0.14,3645863
0.14,3642082
0.14,3642082
0.146,3575616
0.147,3569535
0.148,3568976
0.15,3567724
0.151,3559453
0.151,3558012
0.152,3556604
0.153,3552631
0.154,3552026
0.154,3551952
0.154,3520202
0.155,3517527
0.158,3514919
0.159,3513348
0.159,3512097
0.159,3506713
0.159,3492180
0.16,3487971
0.161,3486112
0.161,3445433
0.161,3405216
0.162,3401897
0.164,3392024
0.166,3391185
0.166,3385109
0.166,3384982
0.166,3369139
0.167,3368987
0.169,3368805
0.169,3363902
0.17,3359633
0.171,3359455
0.171,3359088
0.175,3352866
0.176,3352620
0.176,3352156
0.177,3351962
0.177,3351943
0.178,3351076
0.178,3311606
0.18,3305622
0.181,3303621
0.181,3249904
0.182,3249831
0.182,3241672
0.182,3240921
0.183,3239943
0.183,3239097
0.185,3198062
0.185,3195495
0.187,3191745
0.188,3186605
0.188,3182760
0.188,3176677
0.189,3172460
0.189,3144200
0.19,3143578
0.191,3111779
0.191,3109678
0.194,3108940
0.194,3098371
0.195,3097514
0.198,3093911
0.199,3081882
0.199,3075719
0.2,3073582
0.203,3072330
0.204,2996660
0.205,2996655
0.206,2990472
0.207,2990472
0.208,2982064
0.208,2973390
0.209,2973023
0.21,2956457
0.21,2956457
0.21,2956188
0.211,2955740
0.213,2955618
0.216,2952848
0.219,2951662
0.22,2943165
0.221,2942504
0.221,2927442
0.222,2910013
0.223,2909759
0.224,2908449
0.226,2905279
0.226,2904631
0.227,2902782
0.227,2886350
0.228,2885394
0.228,2885384
0.23,2869251
0.23,2828075
0.231,2826197
0.232,2802891
0.233,2802102
0.237,2802102
0.238,2770651
0.24,2769741
0.24,2769172
0.242,2759867
0.242,2758997
0.242,2757150
0.246,2756663
0.247,2756076
0.247,2750425
0.249,2743677
0.251,2741704
0.252,2737306
0.252,2734661
0.253,2734459
0.253,2731689
0.253,2725560
0.255,2725514
0.256,2724859
0.257,2698770
0.258,2698606
0.26,2688878
0.261,2666238
0.262,2666182
0.262,2628943
0.263,2592956
0.263,2540965
0.264,2540965
0.265,2525456
0.266,2524891
0.267,2519684
0.269,2519624
0.27,2515523
0.27,2515523
0.271,2513776
0.272,2496827
0.274,2482285
0.275,2479052
0.276,2465904
0.276,2461253
0.278,2458131
0.279,2443817
0.28,2436732
0.28,2436494
0.281,2415223
0.283,2406800
0.285,2405712
0.287,2401452
0.289,2400996
0.29,2399836
0.291,2399817
0.292,2379568
0.293,2378143
0.294,2369145
0.295,2364614
0.298,2356379
0.299,2352623
0.299,2352228
0.304,2352228
0.305,2279634
0.306,2278666
0.308,2278542
0.309,2277626
0.311,2274608
0.317,2274608
0.322,2274365
0.322,2273092
0.323,2271096
0.323,2271053
0.33,2270861
0.333,2269930
0.334,2267291
0.334,2267291
0.334,2261747
0.334,2252436
0.338,2245961
0.339,2243533
0.34,2230195
0.341,2224356
0.344,2213739
0.344,2213671
0.345,2210596
0.345,2185295
0.346,2145960
0.347,2145299
0.348,2145299
0.349,2145299
0.349,2144906
0.351,2144222
0.353,2142695
0.356,2142083
0.356,2130547
0.356,2128915
0.358,2128915
0.358,2128791
0.359,2128152
0.36,2113347
0.361,2111112
0.362,2110941
0.362,2110868
0.363,2107521
0.364,2106448
0.364,2106448
0.369,2106269
0.371,2105142
0.372,2101152
0.373,2098770
0.374,2097097
0.376,2097097
0.376,2096405
0.378,2080508
0.378,2076640
0.379,2076178
0.379,2072754
0.379,2054255
0.381,2052255
0.381,2052255
0.383,2049509
0.384,2049509
0.391,2044975
0.391,2044892
0.392,2042716
0.393,2039072
0.403,2036639
0.404,2036365
0.406,2034061
0.408,2032564
0.409,2013049
0.41,2006636
0.414,2004632
0.414,2002882
0.418,1999576
0.421,1998406
0.423,1998406
0.431,1991351
0.433,1985315
0.439,1984532
0.442,1939780
0.442,1939593
0.443,1936814
0.445,1936468
0.447,1935999
0.448,1935810
0.449,1935810
0.454,1935810
0.455,1934364
0.455,1928571
0.458,1915760
0.459,1915066
0.459,1892189
0.462,1892173
0.463,1888461
0.467,1888461
0.47,1888461
0.475,1888461
0.478,1888461
0.484,1887686
0.484,1886878
0.486,1884848
0.487,1883027
0.494,1883027
0.494,1874104
0.497,1874104
0.497,1872395
0.498,1872395
0.505,1871310
0.51,1870154
0.514,1865610
0.517,1865522
0.521,1865522
0.521,1841870
0.522,1816827
0.522,1815085
0.527,1815085
0.527,1815017
0.528,1815017
0.53,1814239
0.533,1814022
0.536,1810486
0.539,1808146
0.541,1806942
0.547,1805610
0.552,1796629
0.556,1796360
0.556,1796295
0.563,1796295
0.565,1795392
0.569,1794957
0.57,1770526
0.577,1768890
0.577,1763343
0.579,1757236
0.58,1757236
0.58,1751414
0.581,1750005
0.582,1750005
0.584,1746976
0.585,1746976
0.586,1742538
0.587,1742538
0.589,1739726
0.589,1736852
0.592,1736852
0.593,1732166
0.597,1732165
0.6,1732145
0.606,1732145
0.61,1731821
0.615,1729301
0.62,1729179
0.622,1725538
0.624,1703422
0.626,1703422
0.626,1703422
0.633,1702262
0.635,1693598
0.638,1683535
0.638,1680431
0.639,1676707
0.64,1674100
0.641,1673040
0.645,1672934
0.653,1672934
0.653,1672934
0.653,1672556
0.655,1671783
0.656,1671783
0.665,1671783
0.666,1670662
0.666,1669986
0.67,1664464
0.672,1664464
0.673,1664464
0.676,1664464
0.678,1662161
0.68,1662161
0.684,1662031
0.686,1658705
0.688,1658705
0.689,1658138
0.689,1657063
0.691,1657063
0.692,1656326
0.693,1656326
0.693,1654507
0.694,1654447
0.695,1654447
0.696,1653695
0.7,1645912
0.703,1645912
0.705,1645912
0.71,1645628
0.714,1645628
0.716,1645348
0.719,1610992
0.72,1610992
0.722,1609932
0.725,1609364
0.725,1606661
0.727,1586857
0.731,1585305
0.731,1577560
0.732,1576475
0.732,1575415
0.734,1575415
0.736,1575165
0.738,1563578
0.74,1563550
0.741,1563298
0.745,1563298
0.75,1563067
0.755,1561521
0.757,1558488
0.767,1558488
0.769,1558399
0.771,1557926
0.772,1557926
0.779,1556431
0.78,1551530
0.784,1551530
0.785,1547935
0.785,1547935
0.786,1547087
0.788,1531860
0.793,1531687
0.797,1531687
0.799,1531687
0.799,1531687
0.813,1500752
0.82,1473685
0.82,1466147
0.821,1466147
0.828,1461900
0.829,1461397
0.83,1458612
0.832,1456582
0.836,1456582
0.839,1453107
0.839,1453014
0.839,1439988
0.853,1439988
0.854,1438020
0.858,1437905
0.858,1433384
0.858,1433351
0.86,1433351
0.864,1433351
0.866,1433040
0.866,1433040
0.872,1432466
0.874,1432466
0.878,1432185
0.882,1428459
0.883,1428459
0.884,1426609
0.884,1426609
0.891,1420803
0.902,1420794
0.903,1409752
0.906,1405182
0.907,1404216
0.914,1403324
0.918,1403324
0.928,1403324
0.928,1403324
0.928,1403324
0.936,1400367
0.937,1399421
0.94,1397015
0.941,1397015
0.945,1397015
0.948,1389657
0.95,1389657
0.96,1389657
0.961,1389657
0.965,1387639
0.971,1387639
0.975,1387639
0.975,1386997
0.977,1386997
0.982,1384816
0.983,1380328
0.991,1379939
0.991,1379876
0.993,1379478
0.993,1379414
1.004,1378102
1.006,1376865
1.011,1375309
1.012,1372336
1.014,1356793
1.016,1355236
1.024,1353543
1.043,1345860
1.051,1344819
1.054,1344369
1.055,1343452
1.055,1342850
1.056,1342787
1.059,1342787
1.063,1342787
1.063,1342461
1.066,1342461
1.069,1342461
1.083,1337139
1.091,1337139
1.093,1336326
1.094,1335038
1.095,1333885
1.097,1332220
1.112,1331109
1.112,1330529
1.117,1321138
1.117,1319758
1.124,1319714
1.125,1316695
1.127,1316216
1.133,1304061
1.135,1287641
1.145,1285486
1.147,1285486
1.15,1281654
1.15,1280180
1.152,1280111
1.152,1279997
1.156,1279997
1.159,1271488
1.16,1265166
1.163,1262641
1.169,1262633
1.171,1262633
1.172,1261298
1.18,1261298
1.181,1261269
1.182,1260481
1.186,1260049
1.189,1260049
1.19,1259890
1.202,1259890
1.204,1257746
1.208,1256980
1.215,1256980
1.222,1250977
1.228,1250819
1.23,1250724
1.234,1250724
1.235,1250388
1.236,1250388
1.255,1250388
1.257,1246480
1.264,1245832
1.266,1243987
1.269,1243987
1.276,1240382
1.286,1240029
1.289,1240029
1.289,1228489
1.293,1228344
1.303,1228344
1.305,1228275
1.306,1228275
1.307,1228050
1.312,1227755
1.312,1223518
1.316,1222662
1.325,1212197
1.326,1212197
1.329,1211805
1.336,1210809
1.342,1206043
1.352,1205270
1.357,1160328
1.358,1160040
1.359,1159665
1.363,1159530
1.364,1159530
1.37,1159375
1.373,1158283
1.389,1157925
1.393,1157490
1.395,1156752
1.413,1156752
1.418,1156590
1.42,1156590
1.425,1156525
1.425,1156525
1.434,1156185
1.436,1155885
1.458,1154950
1.466,1154498
1.468,1148897
1.482,1148897
1.483,1148897
1.485,1148874
1.507,1147564
1.51,1143102
1.512,1143102
1.515,1142953
1.516,1140526
1.526,1140526
1.534,1139232
1.534,1137063
1.535,1137063
1.539,1135632
1.546,1134926
1.558,1134926
1.559,1134926
1.563,1134536
1.57,1134536
1.572,1134536
1.573,1134536
1.581,1134536
1.582,1134536
1.582,1134536
1.583,1133540
1.585,1133540
1.585,1133540
1.59,1127566
1.592,1126561
1.592,1126561
1.595,1125856
1.597,1124565
1.597,1124240
1.598,1124240
1.601,1124240
1.603,1124139
1.605,1124139
1.608,1123785
1.626,1123382
1.632,1123382
1.638,1120661
1.643,1120661
1.651,1120661
1.656,1120661
1.659,1117922
1.663,1116212
1.665,1116120
1.666,1115794
1.67,1115794
1.683,1115794
1.684,1113088
1.686,1112746
1.688,1112746
1.691,1112746
1.692,1112746
1.693,1112746
1.697,1112613
1.71,1111410
1.713,1107909
1.721,1106678
1.723,1106331
1.729,1106331
1.73,1105341
1.732,1105341
1.738,1105341
1.74,1105341
1.741,1105328
1.758,1105284
1.761,1101390
1.764,1098181
1.767,1098181
1.771,1098181
1.786,1098181
1.794,1098181
1.795,1098181
1.805,1098181
1.808,1098181
1.81,1098181
1.814,1087200
1.828,1087200
1.831,1085808
1.841,1085808
1.843,1083269
1.849,1081465
1.858,1081465
1.864,1079970
1.873,1079408
1.876,1079408
1.878,1079408
1.886,1076475
1.888,1063965
1.888,1059646
1.89,1059646
1.896,1058326
1.897,1058326
1.897,1057693
1.899,1057266
1.907,1056313
1.913,1056313
1.916,1056313
1.917,1055148
1.92,1054170
1.925,1053385
1.925,1048988
1.926,1048988
1.929,1048988
1.933,1048227
1.94,1048180
1.945,1047781
1.949,1047781
1.95,1047781
1.959,1047781
1.963,1047781
1.978,1047781
1.979,1047781
1.982,1047559
1.987,1047559
1.989,1047071
1.991,1037972
1.995,1037972
1.999,1037972
2,1035383
2.003,1035383
2.005,1035383
2.011,1033373
2.012,1031219
2.018,1028973
2.02,1028973
2.028,1020427
2.044,1020427
2.054,1020427
2.058,1019109
2.062,1019109
2.064,1019109
2.079,1019109
2.081,1018944
2.081,1018944
2.088,1018944
2.095,1011131
2.1,1011131
2.119,1007198
2.122,1006291
2.124,1004864
2.14,1004816
2.141,1004816
2.149,1000413
2.157,999345
2.161,997508
2.17,997438
2.171,996441
2.182,974940
2.197,965916
2.197,965916
2.199,965434
2.208,965434
2.213,965434
2.218,956317
2.218,954951
2.224,954951
2.226,953597
2.236,953597
2.243,953597
2.247,952151
2.25,952151
2.26,952151
2.261,952151
2.272,952114
2.278,952114
2.318,952114
2.319,952114
2.322,951503
2.322,951503
2.322,951503
2.327,951503
2.337,951503
2.341,951503
2.346,951503
2.351,951503
2.354,950104
2.358,949059
2.362,949059
2.365,949059
2.368,948845
2.369,948845
2.37,948845
2.371,948845
2.38,948503
2.385,948503
2.389,948503
2.391,948503
2.393,948503
2.398,948503
2.416,948503
2.417,948503
2.419,948503
2.419,948503
2.437,948503
2.44,947980
2.441,947980
2.444,947446
2.448,947446
2.452,947446
2.454,947446
2.458,946347
2.458,944774
2.466,944774
2.468,944555
2.47,944502
2.475,942707
2.481,942635
2.483,942635
2.491,941275
2.493,939615
2.507,939615
2.534,939615
2.54,939615
2.544,939615
2.546,939470
2.55,938555
2.556,938555
2.559,938555
2.561,938555
2.563,936720
2.571,936720
2.578,936501
2.579,936453
2.584,936453
2.587,935953
2.596,934896
2.599,934896
2.6,934464
2.608,933373
2.611,933373
2.611,933373
2.618,895387
2.628,895387
2.647,894626
2.665,894626
2.666,891559
2.673,891559
2.685,869668
2.691,869668
2.699,869479
2.702,868783
2.703,868783
2.727,867639
2.735,867125
2.736,865175
2.738,865175
2.743,864841
2.753,864841
2.755,863105
2.775,863062
2.775,863062
2.777,862661
2.791,859973
2.794,859313
2.814,859313
2.817,858892
2.831,858282
2.844,858282
2.852,858282
2.871,858282
2.882,858282
2.894,856143
2.898,854159
2.905,853022
2.913,853022
2.914,852565
2.915,849559
2.918,849559
2.918,849559
2.922,849559
2.926,848137
2.927,847598
2.93,847598
2.944,847261
2.946,847261
2.947,847261
2.95,847220
2.952,846345
2.954,846345
2.954,843300
2.958,843300
2.96,843300
2.963,843300
2.969,843300
2.97,842016
2.971,840708
2.971,840708
2.99,840708
2.99,840708
2.991,840096
2.992,840096
2.993,839236
3.032,839236
3.034,837351
3.064,837351
3.065,837351
3.067,837325
3.068,837325
3.069,815060
3.079,815060
3.084,815060
3.089,813498
3.092,813498
3.095,813498
3.103,812950
3.128,812950
3.13,812950
3.141,812950
3.163,812950
3.169,812886
3.172,812886
3.175,812814
3.182,812814
3.189,812814
3.194,812814
3.201,812814
3.205,812814
3.208,812814
3.217,812814
3.221,812814
3.225,812814
3.261,812341
3.267,812341
3.274,812341
3.275,812341
3.292,812341
3.296,812341
3.296,812341
3.298,812195
3.298,811912
3.302,811912
3.303,811912
3.308,811912
3.315,811912
3.329,811912
3.344,810972
3.35,810972
3.35,810360
3.352,810150
3.352,810150
3.353,810150
3.355,810059
3.37,810059
3.374,809790
3.378,809790
3.414,808709
3.42,803651
3.438,803651
3.454,803651
3.463,802883
3.48,802778
3.487,802778
3.498,802778
3.499,802320
3.507,802320
3.515,801706
3.516,801706
3.523,801706
3.525,801706
3.527,801706
3.54,801706
3.549,801706
3.553,801706
3.553,801706
3.557,800973
3.56,800973
3.57,800973
3.629,800973
3.63,800973
3.635,799969
3.635,799819
3.642,799819
3.644,799819
3.647,799819
3.655,799500
3.662,799500
3.671,799500
3.683,799500
3.689,799500
3.695,799500
3.699,794327
3.702,794327
3.709,794327
3.725,794327
3.727,794327
3.744,794327
3.752,794327
3.752,792859
3.759,792797
3.766,792797
3.771,792747
3.776,792747
3.78,792747
3.788,792645
3.79,792645
3.795,792059
3.804,792059
3.805,792059
3.822,792059
3.823,792059
3.827,792059
3.835,792030
3.842,792030
3.852,792030
3.872,792030
3.884,791785
3.888,791785
3.89,790884
3.892,790884
3.896,790720
3.907,790439
3.908,790439
3.92,790439
3.927,790439
3.93,790439
3.936,790439
3.956,787363
3.965,785048
3.966,785048
4,785048
4.033,785048
4.036,785048
4.061,785048
4.093,785048
4.105,785048
4.105,779337
4.105,779018
4.109,779018
4.116,778721
4.126,778721
4.127,778721
4.157,778721
4.159,778721
4.167,778721
4.179,778721
4.181,778721
4.186,778721
4.197,778721
4.209,778721
4.21,778721
4.22,778721
4.238,778721
4.242,778721
4.243,776959
4.247,776959
4.251,776959
4.252,776959
4.254,776959
4.256,776884
4.26,776884
4.275,776884
4.294,776884
4.324,776281
4.337,776281
4.344,776281
4.349,776281
4.349,776075
4.365,776075
4.38,776075
4.406,776075
4.408,776075
4.408,776075
4.41,776075
4.416,776075
4.418,776075
4.421,776075
4.455,776075
4.459,776075
4.462,776075
4.463,776075
4.477,776075
4.479,776075
4.486,776075
4.486,776075
4.492,776075
4.505,776075
4.521,776075
4.527,776075
4.528,776075
4.541,776075
4.545,776075
4.552,776075
4.554,776075
4.564,776043
4.567,776043
4.576,776043
4.593,775869
4.594,775869
4.595,775869
4.596,775869
4.625,774524
4.629,774524
4.63,774524
4.644,774524
4.644,774499
4.651,774499
4.658,774499
4.659,774499
4.659,774176
4.66,774176
4.686,774176
4.699,773625
4.705,773625
4.733,773625
4.739,773625
4.742,773625
4.748,773625
4.749,773625
4.753,773625
4.755,773618
4.766,773618
4.773,773618
4.785,773618
4.786,773618
4.789,773618
4.796,772636
4.817,772636
4.821,772636
4.852,772636
4.853,772636
4.866,772636
4.878,772636
4.882,771808
4.899,771808
4.913,771498
4.914,771498
4.915,771498
4.93,771498
4.934,771498
4.939,771498
4.94,771498
4.943,771498
4.946,771498
4.969,771498
4.973,771498
4.975,771498
4.981,771498
4.982,771498
5.003,771498
5.029,771498
5.042,771498
5.046,771498
5.046,771498
5.051,771498
5.053,771498
5.055,771498
5.062,771498
5.088,771498
5.094,771498
5.096,771498
5.122,771498
5.126,771498
5.161,771498
5.162,771498
5.172,771498
5.198,771498
5.201,768350
5.211,768350
5.229,768350
5.241,768350
5.246,768018
5.25,768018
5.257,768018
5.261,767488
5.271,767488
5.283,767376
5.286,767376
5.287,767376
5.294,767376
5.299,767376
5.315,767376
5.316,767376
5.334,767376
5.336,767376
5.339,767376
5.354,767071
5.363,767071
5.368,767071
5.38,766796
5.382,766405
5.386,766127
5.387,766127
5.396,759174
5.405,759174
5.407,759174
5.411,758962
5.431,758962
5.432,758962
5.434,758962
5.439,758701
5.444,758701
5.449,758428
5.456,758428
5.463,758428
5.475,758428
5.476,758428
5.478,758428
5.483,758428
5.488,758428
5.492,757206
5.509,757206
5.517,756904
5.531,756904
5.534,756904
5.544,755844
5.552,755013
5.553,755013
5.563,755013
5.564,755013
5.568,755013
5.574,754090
5.577,753899
5.586,753899
5.588,753899
5.596,753899
5.596,753899
5.602,753899
5.605,753899
5.606,749628
5.644,748788
5.645,748788
5.646,748788
5.657,748788
5.657,748723
5.658,748723
5.683,748723
5.698,748723
5.707,748291
5.716,748189
5.716,748189
5.742,748189
5.743,747931
5.75,746533
5.752,746533
5.756,746533
5.76,746067
5.764,746067
5.792,746067
5.801,746067
5.802,746067
5.805,746067
5.806,746067
5.806,746067
5.809,746067
5.826,745580
5.83,744930
5.837,744930
5.851,744930
5.858,739231
5.861,739231
5.868,739178
5.891,739178
5.914,739178
5.918,739178
5.92,739178
5.924,739178
5.928,739178
5.93,739178
5.931,736247
5.942,736247
5.981,736247
5.985,736247
5.991,734445
5.997,734445
6.016,734445
6.03,734445
6.044,734445
6.065,734445
6.081,734445
6.09,734445
6.093,734445
6.095,734414
6.11,734414
6.112,734414
6.13,734414
6.147,734414
6.155,734414
6.171,734414
6.179,734414
6.207,734414
6.211,734414
6.211,734414
6.217,734414
6.24,734414
6.248,734277
6.271,734277
6.275,734277
6.289,734277
6.289,734277
6.294,734277
6.295,734277
6.296,734277
6.315,734277
6.338,734277
6.348,733448
6.362,733448
6.362,733448
6.364,733448
6.365,733448
6.366,733448
6.369,733448
6.37,733448
6.381,733448
6.391,733448
6.391,733448
6.392,733448
6.397,733448
6.398,733448
6.403,733448
6.43,733448
6.433,733448
6.437,733448
6.439,733448
6.446,733448
6.451,733448
6.457,733448
6.465,733448
6.478,733448
6.479,733448
6.479,733448
6.491,733448
6.494,733448
6.497,733448
6.503,733448
6.504,733448
6.505,733448
6.537,726943
6.548,726760
6.563,726760
6.575,726760
6.579,726760
6.579,726760
6.586,726760
6.595,726760
6.606,726760
6.622,726760
6.625,726760
6.627,726760
6.637,726760
6.682,726713
6.688,726713
6.692,726713
6.723,726683
6.724,726683
6.725,726683
6.726,724725
6.751,724725
6.76,724725
6.768,724725
6.788,724725
6.788,724725
6.788,724725
6.791,724725
6.813,724725
6.822,724725
6.836,724725
6.848,724725
6.853,724605
6.868,724605
6.876,724605
6.887,723743
6.894,723743
6.9,723743
6.925,723743
6.934,723743
6.957,723743
6.963,723273
6.973,723273
6.979,723273
6.989,723273
6.997,723273
7.018,723273
7.03,723273
7.035,723273
7.036,723273
7.063,723273
7.081,721909
7.091,721909
7.112,721909
7.133,721909
7.136,721909
7.138,721909
7.142,720719
7.158,720719
7.161,720719
7.189,720719
7.197,720719
7.2,720719
7.208,720719
7.213,720719
7.217,720719
7.22,720719
7.224,720719
7.227,720719
7.25,720719
7.258,720719
7.267,720719
7.282,720719
7.284,720719
7.314,720719
7.317,720719
7.324,720719
7.354,720471
7.36,720471
7.365,720471
7.367,720471
7.376,720471
7.386,720471
7.392,720471
7.398,720437
7.398,720437
7.399,720437
7.407,720437
7.407,720437
7.416,720437
7.42,720437
7.439,720437
7.449,720437
7.458,720437
7.461,720437
7.467,720437
7.471,720437
7.477,716145
7.49,716145
7.492,716145
7.494,716145
7.494,716145
7.507,716145
7.51,715538
7.512,713074
7.519,713074
7.524,713074
7.567,713074
7.571,713074
7.575,713074
7.6,713074
7.628,713074
7.648,713074
7.655,713074
7.675,713074
7.687,713074
7.693,713074
7.694,713017
7.696,713017
7.7,713017
7.705,713017
7.709,713017
7.728,713017
7.728,713017
7.73,713017
7.747,713017
7.753,713017
7.758,713017
7.765,712348
7.766,712348
7.778,705164
7.78,705164
7.785,705164
7.788,705164
7.791,705164
7.817,705164
7.823,705164
7.828,705164
7.828,705164
7.828,705164
7.837,705164
7.845,705164
7.848,705164
7.864,705164
7.865,705164
7.872,705164
7.892,705164
7.892,705164
7.895,705164
7.907,705164
7.913,705164
7.922,705164
7.93,705164
7.949,705164
7.956,705164
7.959,705164
7.959,705164
7.962,705164
7.969,705164
7.97,705164
8.007,705164
8.008,705164
8.029,705164
8.037,705164
8.038,705164
8.047,705164
8.063,705164
8.096,705164
8.098,705164
8.099,705164
8.104,705164
8.113,705164
8.12,705164
8.122,704335
8.122,704335
8.133,704335
8.148,704335
8.155,704335
8.157,704335
8.17,704335
8.184,704335
8.198,704335
8.199,704308
8.204,704308
8.212,704308
8.212,704308
8.219,704308
8.236,704308
8.24,704308
8.256,704308
8.257,704308
8.257,704308
8.268,704308
8.278,704308
8.315,704308
8.317,704107
8.32,704107
8.323,704107
8.34,704107
8.35,704107
8.355,704107
8.359,704107
8.382,704107
8.383,704107
8.384,704107
8.389,704107
8.39,704107
8.403,704107
8.422,704107
8.443,704107
8.446,704107
8.452,704107
8.454,704107
8.463,704107
8.482,704107
8.485,704107
8.486,704107
8.511,704107
8.519,704107
8.52,704107
8.541,704107
8.553,704107
8.564,704107
8.583,704107
8.586,704107
8.614,704107
8.618,704107
8.636,704107
8.643,704107
8.648,704107
8.649,704107
8.65,704107
8.658,704107
8.665,704107
8.668,704107
8.683,704107
8.685,704107
8.69,704107
8.695,704107
8.704,704107
8.709,704107
8.709,704107
8.713,704107
8.713,704107
8.715,704107
8.735,704107
8.737,704107
8.767,704107
8.784,704107
8.789,704107
8.801,704107
8.821,704107
8.843,704107
8.846,704107
8.846,704107
8.853,704107
8.865,703898
8.866,703898
8.886,703898
8.891,703898
8.893,703898
8.902,703898
8.915,703898
8.917,703898
8.919,703898
8.93,703898
8.941,703524
8.964,703524
8.977,703524
8.978,703524
8.985,703524
8.988,703524
9.004,703524
9.004,703524
9.008,703524
9.015,703524
9.021,703255
9.04,703255
9.04,703255
9.041,703255
9.045,703255
9.053,703255
9.066,703255
9.08,703255
9.089,703255
9.108,703255
9.111,703255
9.129,703255
9.135,703255
9.156,703255
9.169,703255
9.179,703255
9.201,703255
9.202,703255
9.204,703255
9.209,703255
9.228,703255
9.238,703255
9.239,703255
9.24,703255
9.241,703255
9.27,703255
9.281,703255
9.286,703255
9.299,703255
9.308,703255
9.31,703255
9.311,703255
9.316,703255
9.322,703255
9.323,703255
9.399,703255
9.436,703255
9.444,703255
9.445,703255
9.446,703255
9.45,703255
9.46,703255
9.47,703255
9.48,703255
9.486,703255
9.488,703255
9.495,703255
9.54,703255
9.542,703255
9.562,703255
9.597,703255
9.606,703255
9.608,703255
9.626,703255
9.626,703255
9.631,703255
9.634,703255
9.643,703255
9.644,703255
9.649,703255
9.685,703255
9.688,703255
9.696,703255
9.711,703255
9.715,703255
9.722,703255
9.753,703255
9.754,703255
9.76,703255
9.769,703255
9.771,703255
9.778,703255
9.781,703255
9.784,703255
9.785,703255
9.802,703255
9.835,703255
9.884,703255
9.885,703255
9.888,703255
9.89,703255
9.892,703255
9.896,703255
9.911,703255
9.917,703255
9.92,703255
9.922,703255
9.926,703255
9.937,703255
9.939,703255
9.966,703255
9.974,703255
9.976,703255
9.977,703255
9.977,703255
9.979,703255
9.987,703255
10.033,703255
10.038,703255
10.039,703255
10.063,703255
10.092,703255
10.099,703255
10.118,703255
10.123,703255
10.126,703255
10.147,703255
10.176,703255
10.178,703255
10.189,703255
10.194,703255
10.194,703255
10.196,703255
10.215,703255
10.222,703255
10.256,703255
10.258,703255
10.263,703255
10.27,703255
10.273,703255
10.283,703255
10.288,703255
10.29,703255
10.327,703255
10.344,703255
10.35,703255
10.363,703255
10.372,703255
10.383,703255
10.393,703255
10.394,703255
10.414,703255
10.419,703255
10.423,703255
10.423,703255
10.424,703255
10.452,703255
10.461,703255
10.467,703255
10.5,703255
10.505,703255
10.508,703255
10.514,703255
10.524,703255
10.529,703255
10.532,703255
10.551,703255
10.566,703255
10.569,703255
10.575,703255
10.581,703255
10.598,703255
10.633,703255
10.649,703255
10.656,703255
10.658,703255
10.666,703255
10.669,703255
10.671,703255
10.683,703255
10.689,703255
10.689,703255
10.694,703255
10.706,703255
10.715,703255
10.722,703255
10.749,703255
10.752,703255
10.754,703255
10.758,703255
10.781,703255
10.788,703255
10.791,703255
10.803,703255
10.806,703255
10.815,703255
10.833,702234
10.849,702234
10.86,702234
10.87,702234
10.89,702234
10.892,702234
10.896,702234
10.902,702234
10.914,702234
10.915,702234
10.918,702234
10.945,702234
10.957,702234
10.963,702234
10.965,702234
10.972,702234
10.981,702234
10.997,702234
10.999,702234
11.003,702234
11.008,702234
11.008,702234
11.016,702234
11.024,702234
11.046,702234
11.07,702234
11.091,702234
11.108,702234
11.136,702234
11.138,702234
11.142,702234
11.142,702234
11.159,702234
11.181,702234
11.195,702234
11.203,702234
11.204,702234
11.218,702234
11.236,702234
11.295,702234
11.304,702234
11.308,702234
11.309,702234
11.331,702234
11.346,702234
11.356,702234
11.357,702234
11.358,702234
11.373,702234
11.391,702234
11.395,702234
11.4,702234
11.406,702234
11.433,702234
11.434,702234
11.442,702234
11.459,702234
11.472,702234
11.478,702234
11.485,702234
11.5,702234
11.531,702234
11.55,702234
11.553,702234
11.555,702234
11.586,702234
11.59,702234
11.599,702234
11.604,702234
11.627,702234
11.634,702234
11.636,702234
11.64,702234
11.654,702234
11.693,702234
11.704,702234
11.715,702234
11.737,702234
11.787,702234
11.799,702234
11.802,702234
11.82,702234
11.829,702234
11.845,702234
11.849,702234
11.867,702234
11.879,702234
11.882,702234
11.891,702234
11.894,702234
11.91,702234
11.923,702234
11.925,702234
11.926,702234
11.944,702234
11.964,702234
11.97,702234
12.019,702234
12.038,702234
12.051,702234
12.069,702234
12.078,702234
12.086,702234
12.114,702234
12.124,702234
12.131,702234
12.14,702234
12.14,702234
12.141,702234
12.143,702033
12.147,702033
12.158,702033
12.163,702033
12.213,702033
12.218,702033
12.237,702033
12.242,702033
12.248,702033
12.259,702033
12.307,702033
12.322,702033
12.322,702033
12.328,702033
12.337,702033
12.338,702033
12.342,702033
12.347,702033
12.354,702033
12.369,702033
12.371,702033
12.379,702033
12.403,702033
12.425,702033
12.437,702033
12.443,702033
12.454,702033
12.456,702033
12.486,702033
12.489,702033
12.489,702033
12.494,702033
12.499,702033
12.515,702033
12.516,702033
12.526,702033
12.531,702033
12.548,702033
12.557,702033
12.562,702033
12.583,702033
12.624,702033
12.658,702033
12.675,702033
12.682,702033
12.689,702033
12.691,702033
12.693,702033
12.716,702033
12.732,702033
12.745,702033
12.755,702033
12.76,702033
12.762,702033
12.763,702033
12.765,702033
12.774,702033
12.783,702033
12.791,702033
12.808,702033
12.836,702033
12.856,702033
12.86,702033
12.867,702033
12.893,702033
12.893,702033
12.894,702033
12.903,702033
12.909,702033
12.91,702033
12.94,702033
12.956,702033
12.978,702033
12.993,702033
13.004,702033
13.014,702033
13.018,702033
13.031,702033
13.122,702033
13.148,702033
13.163,702033
13.17,702033
13.177,702033
13.182,702033
13.189,702033
13.19,702033
13.196,702033
13.2,702033
13.209,702033
13.217,702033
13.227,702033
13.228,702033
13.234,702033
13.235,702033
13.249,702033
13.25,702033
13.252,702033
13.255,702033
13.261,702033
13.31,702033
13.313,702033
13.322,702033
13.341,702033
13.342,702033
13.343,702033
13.347,702033
13.348,702033
13.358,702033
13.361,702033
13.369,702033
13.405,702033
13.409,702033
13.411,702033
13.412,702033
13.412,702033
13.413,702033
13.417,702033
13.426,702033
13.428,702033
13.435,702033
13.436,702033
13.439,702033
13.44,702033
13.443,702033
13.445,702033
13.452,702033
13.458,702033
13.46,702033
13.47,702033
13.488,702033
13.5,702033
13.502,702033
13.505,702033
13.515,702033
13.523,702033
13.527,702033
13.536,702033
13.548,702033
13.56,702033
13.568,702033
13.574,702033
13.588,702033
13.591,702033
13.591,702033
13.611,702033
13.617,702033
13.62,702033
13.634,702033
13.64,702033
13.655,702033
13.665,702033
13.671,702033
13.677,702033
13.685,702033
13.685,702033
13.702,702033
13.704,702033
13.707,702033
13.721,702033
13.751,702033
13.76,702033
13.768,702033
13.772,702033
13.801,702033
13.804,702033
13.808,702033
13.81,702033
13.837,702033
13.844,702033
13.846,702033
13.856,702033
13.86,702033
13.863,702033
13.914,702033
13.915,702033
13.918,702033
13.923,702033
13.928,702033
13.942,702033
13.974,702033
13.99,702033
14.014,702033
14.016,702033
14.036,702033
14.038,702033
14.045,702033
14.059,702033
14.071,702033
14.072,702033
14.093,702033
14.149,702033
14.174,702033
14.205,702033
14.217,702033
14.282,702033
14.284,702033
14.288,702033
14.308,702033
14.309,702033
14.322,702033
14.344,702033
14.35,702033
14.356,702033
14.357,702033
14.368,702033
14.371,702033
14.372,702033
14.374,702033
14.395,702033
14.399,702033
14.41,702033
14.416,702033
14.431,702033
14.439,702033
14.455,702033
14.471,702033
14.489,702033
14.493,702033
14.494,702033
14.495,702033
14.501,702033
14.517,702033
14.524,702033
14.527,702033
14.54,702033
14.558,702033
14.56,702033
14.57,702033
14.572,702033
14.575,702033
14.605,702033
14.606,702033
14.618,702033
14.635,702033
14.644,702033
14.648,702033
14.649,702033
14.651,702033
14.653,702033
14.661,702033
14.668,702033
14.687,702033
14.703,702033
14.717,702033
14.724,702033
14.762,702033
14.777,702033
14.778,702033
14.778,702033
14.781,702033
14.782,702033
14.783,702033
14.802,702033
14.806,702033
14.827,702033
14.829,702033
14.833,702033
14.841,702033
14.844,702033
14.853,702033
14.878,702033
14.885,702033
14.899,702033
14.901,702033
14.903,702033
14.932,702033
14.949,702033
14.963,702033
14.965,702033
14.966,702033
14.977,702033
14.988,702033
15.001,702033
15.015,702033
15.02,702033
15.035,702033
15.056,702033
15.059,702033
15.06,702033
15.061,702033
15.086,702033
15.094,702033
15.122,702033
15.136,702033
15.151,702033
15.154,702033
15.16,702033
15.177,702033
15.19,702033
15.193,702033
15.194,702033
15.211,702033
15.232,702033
15.265,702033
15.279,702033
15.292,702033
15.296,702033
15.33,702033
15.332,702033
15.34,702033
15.347,702033
15.374,702033
15.38,702033
15.395,702033
15.418,702033
15.425,702033
15.448,702033
15.452,702033
15.46,702033
15.475,702033
15.484,702033
15.484,702033
15.489,702033
15.492,702033
15.51,702033
15.522,702033
15.538,702033
15.54,702033
15.546,702033
15.565,702033
15.573,702033
15.583,702033
15.587,702033
15.596,702033
15.631,702033
15.636,702033
15.653,702033
15.677,702033
15.691,702033
15.695,702033
15.726,702033
15.75,702033
15.763,702033
15.763,702033
15.764,702033
15.766,702033
15.792,702033
15.834,702033
15.85,702033
15.854,702033
15.869,702033
15.87,702033
15.901,702033
15.91,702033
15.926,702033
15.926,702033
15.929,702033
15.931,702033
15.939,702033
15.962,702033
15.964,702033
15.986,702033
16.006,702033
16.02,702033
16.03,702033
16.034,702033
16.051,702033
16.062,702033
16.067,702033
16.07,702033
16.082,702033
16.087,702033
16.092,702033
16.1,702033
16.108,702033
16.113,702033
16.135,702033
16.142,702033
16.156,702033
16.163,702033
16.166,702033
16.173,702033
16.174,702033
16.175,702033
16.184,702033
16.194,702033
16.197,702033
16.209,702033
16.211,702033
16.218,702033
16.22,702033
16.242,702033
16.258,702033
16.263,702033
16.272,702033
16.277,702033
16.281,702033
16.315,702033
16.321,702033
16.323,702033
16.324,702033
16.326,702033
16.33,702033
16.33,702033
16.341,702033
16.365,702033
16.381,702033
16.387,702033
16.395,702033
16.399,702033
16.432,702033
16.438,702033
16.453,702033
16.464,702033
16.468,702033
16.479,702033
16.494,702033
16.509,702033
16.512,702033
16.512,702033
16.519,702033
16.525,702033
16.532,702033
16.535,702033
16.542,702033
16.545,702033
16.546,702033
16.56,702033
16.561,702033
16.562,702033
16.568,702033
16.584,702033
16.587,702033
16.603,702033
16.637,702033
16.639,702033
16.654,702033
16.655,702033
16.666,702033
16.67,702033
16.676,702033
16.68,702033
16.711,702033
16.717,702033
16.733,702033
16.735,702033
16.737,702033
16.741,702033
16.763,702033
16.778,702033
16.797,702033
16.802,702033
16.81,702033
16.811,702033
16.814,702033
16.817,702033
16.83,702033
16.838,702033
16.84,702033
16.848,702033
16.883,702033
16.895,702033
16.901,702033
16.919,702033
16.919,702033
16.966,702033
16.97,702033
16.974,702033
16.979,702033
16.981,702033
16.991,702033
16.993,702033
16.997,702033
17.005,702033
17.009,702033
17.014,702033
17.031,702033
17.032,702033
17.056,702033
17.057,702033
17.065,702033
17.09,702033
17.114,702033
17.126,702033
17.128,702033
17.144,702033
17.146,702033
17.149,702033
17.161,702033
17.181,702033
17.2,702033
17.238,702033
17.244,702033
17.258,702033
17.278,702033
17.285,702033
17.286,702033
17.288,702033
17.288,702033
17.31,702033
17.324,702033
17.328,702033
17.329,702033
17.334,702033
17.337,702033
17.361,702033
17.369,702033
17.375,702033
17.375,702033
17.378,702033
17.391,702033
17.393,702033
17.399,702033
17.43,702033
17.452,702033
17.455,702033
17.461,702033
17.462,702033
17.466,702033
17.478,702033
17.479,702033
17.482,702033
17.483,702033
17.507,702033
17.544,702033
17.551,702033
17.552,702033
17.559,702033
17.564,702033
17.571,702033
17.596,702033
17.602,702033
17.616,702033
17.632,702033
17.64,702033
17.662,702033
17.669,702033
17.676,702033
17.688,702033
17.692,702033
17.703,702033
17.707,702033
17.707,702033
17.72,702033
17.72,702033
17.751,702033
17.754,702033
17.782,702033
17.785,702033
17.793,702033
17.809,702033
17.814,702033
17.824,702033
17.829,702033
17.831,702033
17.836,702033
17.854,702033
17.905,702033
17.922,702033
17.928,702033
17.98,702033
17.981,702033
17.982,702033
17.989,702033
17.993,702033
18.018,702033
18.03,702033
18.036,702033
18.044,702033
18.048,702033
18.064,702033
18.068,702033
18.076,702033
18.089,702033
18.093,702033
18.098,702033
18.128,702033
18.129,702033
18.141,702033
18.144,702033
18.157,702033
18.163,702033
18.187,702033
18.191,702033
18.193,702033
18.196,702033
18.2,702033
18.216,702033
18.242,702033
18.245,702033
18.251,702033
18.264,702033
18.312,702033
18.315,702033
18.336,702033
18.336,702033
18.337,702033
18.338,702033
18.34,702033
18.343,702033
18.356,702033
18.368,702033
18.39,702033
18.392,702033
18.395,702033
18.414,702033
18.423,702033
18.424,702033
18.429,702033
18.447,702033
18.448,702033
18.453,702033
18.455,702033
18.47,702033
18.492,702033
18.502,702033
18.518,702033
18.518,702033
18.543,702033
18.546,702033
18.555,702033
18.563,702033
18.566,702033
18.574,702033
18.58,702033
18.583,702033
18.59,702033
18.592,702033
18.612,702033
18.627,702033
18.635,702033
18.635,702033
18.651,702033
18.651,702033
18.679,702033
18.68,702033
18.681,702033
18.699,702033
18.709,702033
18.716,702033
18.733,702033
18.741,702033
18.746,702033
18.746,702033
18.749,702033
18.753,702033
18.763,702033
18.764,702033
18.767,702033
18.776,702033
18.788,702033
18.798,702033
18.799,702033
18.8,702033
18.805,702033
18.814,702033
18.822,702033
18.841,702033
18.844,702033
18.857,702033
18.862,702033
18.869,702033
18.874,702033
18.879,702033
18.888,702033
18.89,702033
18.892,702033
18.899,702033
18.899,702033
18.899,702033
18.911,702033
18.936,702033
18.96,702033
18.974,702033
18.975,702033
18.979,702033
18.996,702033
19.002,702033
19.024,702033
19.025,702033
19.025,702033
19.033,702033
19.039,702033
19.07,702033
19.071,702033
19.074,702033
19.078,702033
19.092,702033
19.095,702033
19.102,702033
19.115,702033
19.118,702033
19.124,702033
19.155,702033
19.16,702033
19.161,702033
19.166,702033
19.17,702033
19.171,702033
19.182,702033
19.198,702033
19.203,702033
19.218,702033
19.219,702033
19.233,702033
19.233,702033
19.237,702033
19.237,702033
19.25,702033
19.259,702033
19.269,702033
19.272,702033
19.284,702033
19.295,702033
19.296,702033
19.308,702033
19.316,702033
19.331,702033
19.337,702033
19.367,702033
19.377,702033
19.382,702033
19.392,702033
19.422,702033
19.431,702033
19.444,702033
19.445,702033
19.449,702033
19.456,702033
19.458,702033
19.465,702033
19.481,702033
19.484,702033
19.494,702033
19.495,702033
19.506,702033
19.509,702033
19.516,702033
19.521,702033
19.527,702033
19.529,702033
19.544,702033
19.556,702033
19.557,702033
19.571,702033
19.58,702033
19.581,702033
19.591,702033
19.596,702033
19.628,702033
19.666,702033
19.67,702033
19.675,702033
19.676,702033
19.676,702033
19.69,702033
19.693,702033
19.698,702033
19.704,702033
19.714,702033
19.735,702033
19.753,702033
19.755,702033
19.757,702033
19.765,702033
19.782,702033
19.792,702033
19.81,702033
19.831,702033
19.832,702033
19.832,702033
19.843,702033
19.853,702033
19.857,702033
19.88,702033
19.888,702033
19.895,702033
19.903,702033
19.91,702033
19.926,702033
19.953,702033
19.977,702033
19.977,702033
19.983,702033
20.022,702033
20.025,702033
20.051,702033
20.069,702033
20.069,702033
20.081,702033
20.082,702033
20.09,702033
20.097,702033
20.107,702033
20.11,702033
20.124,702033
20.127,702033
20.147,702033
20.15,702033
20.158,702033
20.164,702033
20.17,702033
20.185,702033
20.186,702033
20.192,702033
20.193,702033
20.194,702033
20.199,702033
20.21,702033
20.235,702033
20.236,702033
20.245,702033
20.251,702033
20.262,702033
20.27,702033
20.277,702033
20.284,702033
20.293,702033
20.308,702033
20.312,702033
20.337,702033
20.339,702033
20.373,702033
20.375,702033
20.383,702033
20.389,702033
20.394,702033
20.397,702033
20.413,702033
20.413,702033
20.42,702033
20.421,702033
20.429,702033
20.429,702033
20.445,702033
20.446,702033
20.449,702033
20.45,702033
20.461,702033
20.478,702033
20.483,702033
20.497,702033
20.513,702033
20.514,702033
20.52,702033
20.521,702033
20.529,702033
20.544,702033
20.551,702033
20.559,702033
20.56,702033
20.563,702033
20.572,702033
20.572,702033
20.613,702033
20.623,702033
20.624,702033
20.626,702033
20.628,702033
20.639,702033
20.666,702033
20.667,702033
20.67,702033
20.673,702033
20.675,702033
20.691,702033
20.699,702033
20.721,702033
20.737,702033
20.74,702033
20.744,702033
20.769,702033
20.77,702033
20.799,702033
20.811,702033
20.817,702033
20.82,702033
20.833,702033
20.845,702033
20.862,702033
20.87,702033
20.875,702033
20.883,702033
20.898,702033
20.916,702033
20.923,702033
20.924,702033
20.926,702033
20.926,702033
20.927,702033
20.928,702033
20.929,702033
20.963,702033
20.966,702033
20.967,702033
20.969,702033
20.981,702033
20.985,702033
20.987,702033
20.992,702033
21.007,702033
21.009,702033
21.01,702033
21.015,702033
21.023,702033
21.034,702033
21.054,702033
21.056,702033
21.062,702033
21.065,702033
21.078,702033
21.079,702033
21.089,702033
21.098,702033
21.126,702033
21.127,702033
21.133,702033
21.148,702033
21.156,702033
21.156,702033
21.171,702033
21.177,702033
21.188,702033
21.191,702033
21.195,702033
21.198,702033
21.203,702033
21.218,702033
21.225,702033
21.23,702033
21.231,702033
21.235,702033
21.255,702033
21.256,702033
21.274,702033
21.276,702033
21.284,702033
21.301,702033
21.311,702033
21.332,702033
21.359,702033
21.374,702033
21.381,702033
21.392,702033
21.421,702033
21.457,702033
21.464,702033
21.465,702033
21.469,702033
21.508,702033
21.514,702033
21.518,702033
21.536,702033
21.538,702033
21.55,702033
21.55,702033
21.574,702033
21.595,702033
21.596,702033
21.602,702033
21.611,702033
21.612,702033
21.615,702033
21.62,702033
21.636,702033
21.64,702033
21.645,702033
21.648,702033
21.664,702033
21.671,702033
21.679,702033
21.72,702033
21.725,702033
21.731,702033
21.733,702033
21.763,702033
21.778,702033
21.78,702033
21.78,702033
21.798,702033
21.81,702033
21.81,702033
21.814,702033
21.818,702033
21.831,702033
21.837,702033
21.849,702033
21.863,702033
21.866,702033
21.867,702033
21.89,702033
21.891,702033
21.891,702033
21.925,702033
21.929,702033
21.936,702033
21.948,702033
21.977,702033
21.984,702033
21.988,702033
21.994,702033
21.996,702033
22.008,702033
22.009,702033
22.012,702033
22.013,702033
22.041,702033
22.044,702033
22.052,702033
22.056,702033
22.075,702033
22.085,702033
22.087,702033
22.103,702033
22.119,702033
22.122,702033
22.141,702033
22.146,702033
22.181,702033
22.216,702033
22.226,702033
22.23,702033
22.247,702033
22.251,702033
22.298,702033
22.299,702033
22.309,702033
22.323,702033
22.328,702033
22.332,702033
22.334,702033
22.335,702033
22.336,702033
22.363,702033
22.364,702033
22.379,702033
22.411,702033
22.412,702033
22.425,702033
22.427,702033
22.431,702033
22.445,702033
22.47,702033
22.497,702033
22.499,702033
22.502,702033
22.503,702033
22.505,702033
22.532,702033
22.534,702033
22.542,702033
22.551,702033
22.574,702033
22.581,702033
22.603,702033
22.607,702033
22.61,702033
22.61,702033
22.619,702033
22.63,702033
22.658,702033
22.664,702033
22.676,702033
22.69,702033
22.696,702033
22.697,702033
22.714,702033
22.719,702033
22.731,702033
22.766,702033
22.774,702033
22.781,702033
22.783,702033
22.8,702033
22.809,702033
22.818,702033
22.826,702033
22.83,702033
22.836,702033
22.839,702033
22.851,702033
22.859,702033
22.861,702033
22.874,702033
22.875,702033
22.881,702033
22.902,702033
22.909,702033
22.945,702033
22.967,702033
22.977,702033
22.989,702033
22.99,702033
22.99,702033
23.003,702033
23.003,702033
23.005,702033
23.01,702033
23.03,702033
23.043,702033
23.049,702033
23.06,702033
23.073,702033
23.079,702033
23.087,702033
23.093,702033
23.103,702033
23.141,702033
23.147,702033
23.162,702033
23.17,702033
23.173,702033
23.173,702033
23.178,702033
23.183,702033
23.191,702033
23.208,702033
23.213,702033
23.225,702033
23.24,702033
23.259,702033
23.289,702033
23.291,702033
23.301,702033
23.308,702033
23.334,702033
23.352,702033
23.372,702033
23.39,702033
23.407,702033
23.418,702033
23.419,702033
23.443,702033
23.468,702033
23.482,702033
23.494,702033
23.519,702033
23.52,702033
23.523,702033
23.53,702033
23.552,702033
23.56,702033
23.569,702033
23.587,702033
23.593,702033
23.604,702033
23.605,702033
23.608,702033
23.612,702033
23.617,702033
23.618,702033
23.637,702033
23.648,702033
23.65,702033
23.674,702033
23.682,702033
23.693,702033
23.703,702033
23.725,702033
23.73,702033
23.744,702033
23.748,702033
23.753,702033
23.756,702033
23.784,702033
23.786,702033
23.791,702033
23.798,702033
23.806,702033
23.806,702033
23.819,702033
23.826,702033
23.827,702033
23.833,702033
23.835,702033
23.835,702033
23.84,702033
23.847,702033
23.858,702033
23.863,702033
23.876,702033
23.894,702033
23.896,702033
23.899,702033
23.901,702033
23.904,702033
23.932,702033
23.94,702033
23.978,702033
23.982,702033
23.982,702033
24.03,702033
24.069,702033
24.071,702033
24.074,702033
24.076,702033
24.093,702033
24.099,702033
24.099,702033
24.115,702033
24.15,702033
24.154,702033
24.163,702033
24.169,702033
24.19,702033
24.193,702033
24.199,702033
24.217,702033
24.229,702033
24.237,702033
24.239,702033
24.244,702033
24.258,702033
24.26,702033
24.261,702033
24.265,702033
24.274,702033
24.277,702033
24.277,702033
24.298,702033
24.308,702033
24.309,702033
24.319,702033
24.324,702033
24.332,702033
24.339,702033
24.355,702033
24.37,702033
24.371,702033
24.373,702033
24.374,702033
24.402,702033
24.41,702033
24.412,702033
24.414,702033
24.415,702033
24.423,702033
24.438,702033
24.454,702033
24.482,702033
24.485,702033
24.511,702033
24.521,702033
24.529,702033
24.539,702033
24.552,702033
24.559,702033
24.563,702033
24.576,702033
24.582,702033
24.622,702033
24.625,702033
24.633,702033
24.643,702033
24.647,702033
24.65,702033
24.651,702033
24.67,702033
24.671,702033
24.673,702033
24.68,702033
24.692,702033
24.71,702033
24.712,702033
24.714,702033
24.735,702033
24.748,702033
24.752,702033
24.773,702033
24.785,702033
24.791,702033
24.792,702033
24.806,702033
24.833,702033
24.853,702033
24.871,702033
24.896,702033
24.936,702033
24.951,702033
24.964,702033
24.966,702033
24.969,702033
24.972,702033
24.985,702033
24.993,702033
25.002,702033
25.003,702033
25.005,702033
25.006,702033
25.011,702033
25.021,702033
25.03,702033
25.045,702033
25.05,702033
25.054,702033
25.059,702033
25.065,702033
25.077,702033
25.096,702033
25.102,702033
25.103,702033
25.104,702033
25.104,702033
25.117,702033
25.119,702033
25.127,702033
25.145,702033
25.147,702033
25.154,702033
25.159,702033
25.159,702033
25.165,702033
25.168,702033
25.179,702033
25.181,702033
25.183,702033
25.187,702033
25.209,702033
25.22,702033
25.221,702033
25.236,702033
25.24,702033
25.243,702033
25.247,702033
25.248,702033
25.25,702033
25.254,702033
25.254,702033
25.256,702033
25.259,702033
25.262,702033
25.263,702033
25.276,702033
25.289,702033
25.294,702033
25.304,702033
25.305,702033
25.328,702033
25.332,702033
25.352,702033
25.353,702033
25.36,702033
25.364,702033
25.365,702033
25.376,702033
25.384,702033
25.405,702033
25.411,702033
25.418,702033
25.425,702033
25.443,702033
25.446,702033
25.463,702033
25.465,702033
25.466,702033
25.493,702033
25.501,702033
25.512,702033
25.53,702033
25.541,702033
25.551,702033
25.555,702033
25.566,702033
25.567,702033
25.569,702033
25.574,702033
25.612,702033
25.627,702033
25.632,702033
25.649,702033
25.653,702033
25.657,702033
25.662,702033
25.668,702033
25.671,702033
25.677,702033
25.679,702033
25.688,702033
25.696,702033
25.7,702033
25.702,702033
25.706,702033
25.721,702033
25.729,702033
25.736,702033
25.778,702033
25.82,702033
25.822,702033
25.829,702033
25.85,702033
25.862,702033
25.873,702033
25.9,702033
25.911,702033
25.915,702033
25.916,702033
25.917,702033
25.925,702033
25.951,702033
25.953,702033
25.958,702033
26.001,702033
26.013,702033
26.024,702033
26.026,702033
26.03,702033
26.033,702033
26.044,702033
26.058,702033
26.06,702033
26.064,702033
26.075,702033
26.09,702033
26.11,702033
26.11,702033
26.114,702033
26.136,702033
26.155,702033
26.166,702033
26.172,702033
26.181,702033
26.185,702033
26.203,702033
26.215,702033
26.231,702033
26.237,702033
26.244,702033
26.248,702033
26.25,702033
26.253,702033
26.266,702033
26.283,702033
26.302,702033
26.326,702033
26.333,702033
26.342,702033
26.343,702033
26.343,702033
26.373,702033
26.376,702033
26.381,702033
26.389,702033
26.393,702033
26.414,702033
26.423,702033
26.44,702033
26.444,702033
26.448,702033
26.45,702033
26.453,702033
26.456,702033
26.46,702033
26.475,702033
26.481,702033
26.481,702033
26.485,702033
26.487,702033
26.498,702033
26.503,702033
26.513,702033
26.514,702033
26.521,702033
26.538,702033
26.551,702033
26.562,702033
26.569,702033
26.58,702033
26.594,702033
26.598,702033
26.613,702033
26.615,702033
26.618,702033
26.646,702033
26.65,702033
26.654,702033
26.659,702033
26.67,702033
26.672,702033
26.689,702033
26.693,702033
26.699,702033
26.701,702033
26.701,702033
26.711,702033
26.723,702033
26.741,702033
26.771,702033
26.781,702033
26.789,702033
26.795,702033
26.809,702033
26.825,702033
26.842,702033
26.846,702033
26.847,702033
26.854,702033
26.895,702033
26.897,702033
26.903,702033
26.903,702033
26.904,702033
26.908,702033
26.916,702033
26.922,702033
26.925,702033
26.926,702033
26.931,702033
26.965,702033
26.971,702033
26.988,702033
26.991,702033
27.038,702033
27.05,702033
27.059,702033
27.063,702033
27.065,702033
27.065,702033
27.07,702033
27.072,702033
27.078,702033
27.089,702033
27.1,702033
27.106,702033
27.108,702033
27.123,702033
27.131,702033
27.138,702033
27.185,702033
27.185,702033
27.185,702033
27.196,702033
27.201,702033
27.209,702033
27.218,702033
27.218,702033
27.24,702033
27.253,702033
27.261,702033
27.262,702033
27.279,702033
27.28,702033
27.304,702033
27.33,702033
27.336,702033
27.345,702033
27.348,702033
27.356,702033
27.48,702033
27.485,702033
27.501,702033
27.505,702033
27.506,702033
27.511,702033
27.511,702033
27.528,702033
27.535,702033
27.559,702033
27.561,702033
27.562,702033
27.59,702033
27.595,702033
27.595,702033
27.601,702033
27.601,702033
27.606,702033
27.611,702033
27.643,702033
27.646,702033
27.656,702033
27.677,702033
27.683,702033
27.688,702033
27.702,702033
27.708,702033
27.728,702033
27.729,702033
27.73,702033
27.738,702033
27.747,702033
27.76,702033
27.769,702033
27.775,702033
27.779,702033
27.786,702033
27.79,702033
27.803,702033
27.817,702033
27.82,702033
27.826,702033
27.843,702033
27.851,702033
27.854,702033
27.854,702033
27.861,702033
27.87,702033
27.871,702033
27.873,702033
27.875,702033
27.875,702033
27.876,702033
27.892,702033
27.916,702033
27.92,702033
27.939,702033
27.944,702033
27.946,702033
27.96,702033
27.962,702033
27.983,702033
27.989,702033
27.99,702033
28.03,702033
28.077,702033
28.087,702033
28.089,702033
28.094,702033
28.12,702033
28.138,702033
28.141,702033
28.144,702033
28.183,702033
28.187,702033
28.19,702033
28.243,702033
28.245,702033
28.247,702033
28.25,702033
28.286,702033
28.291,702033
28.292,702033
28.297,702033
28.304,702033
28.314,702033
28.318,702033
28.32,702033
28.332,702033
28.357,702033
28.361,702033
28.365,702033
28.396,702033
28.4,702033
28.401,702033
28.421,702033
28.437,702033
28.444,702033
28.446,702033
28.458,702033
28.459,702033
28.469,702033
28.471,702033
28.474,702033
28.488,702033
28.491,702033
28.498,702033
28.499,702033
28.509,702033
28.526,702033
28.527,702033
28.534,702033
28.541,702033
28.548,702033
28.548,702033
28.557,702033
28.561,702033
28.566,702033
28.577,702033
28.585,702033
28.597,702033
28.627,702033
28.629,702033
28.63,702033
28.631,702033
28.636,702033
28.667,702033
28.679,702033
28.68,702033
28.683,702033
28.702,702033
28.708,702033
28.714,702033
28.736,702033
28.749,702033
28.75,702033
28.771,702033
28.777,702033
28.788,702033
28.789,702033
28.809,702033
28.814,702033
28.817,702033
28.824,702033
28.824,702033
28.833,702033
28.836,702033
28.839,702033
28.845,702033
28.845,702033
28.856,702033
28.878,702033
28.879,702033
28.889,702033
28.897,702033
28.904,702033
28.921,702033
28.931,702033
28.932,702033
28.938,702033
28.945,702033
28.946,702033
28.961,702033
28.966,702033
28.973,702033
28.978,702033
28.982,702033
28.995,702033
28.996,702033
29.001,702033
29.003,702033
29.004,702033
29.031,702033
29.033,702033
29.035,702033
29.054,702033
29.059,702033
29.066,702033
29.066,702033
29.078,702033
29.082,702033
29.082,702033
29.097,702033
29.114,702033
29.118,702033
29.125,702033
29.125,702033
29.132,702033
29.145,702033
29.159,702033
29.161,702033
29.162,702033
29.173,702033
29.176,702033
29.177,702033
29.179,702033
29.184,702033
29.184,702033
29.202,702033
29.204,702033
29.213,702033
29.216,702033
29.223,702033
29.232,702033
29.234,702033
29.237,702033
29.247,702033
29.258,702033
29.265,702033
29.268,702033
29.273,702033
29.277,702033
29.284,702033
29.324,702033
29.358,702033
29.363,702033
29.365,702033
29.368,702033
29.37,702033
29.387,702033
29.394,702033
29.399,702033
29.401,702033
29.421,702033
29.429,702033
29.44,702033
29.443,702033
29.448,702033
29.449,702033
29.46,702033
29.476,702033
29.505,702033
29.506,702033
29.516,702033
29.529,702033
29.531,702033
29.533,702033
29.536,702033
29.546,702033
29.572,702033
29.586,702033
29.592,702033
29.594,702033
29.604,702033
29.624,702033
29.637,702033
29.637,702033
29.642,702033
29.647,702033
29.651,702033
29.654,702033
29.656,702033
29.69,702033
29.692,702033
29.699,702033
29.709,702033
29.715,702033
29.718,702033
29.719,702033
29.736,702033
29.738,702033
29.742,702033
29.743,702033
29.746,702033
29.759,702033
29.779,702033
29.782,702033
29.782,702033
29.79,702033
29.793,702033
29.794,702033
29.815,702033
29.821,702033
29.825,702033
29.833,702033
29.845,702033
29.856,702033
29.859,702033
29.863,702033
29.865,702033
29.873,702033
29.931,702033
29.936,702033
29.941,702033
29.944,702033
29.952,702033
29.962,702033
29.987,702033
