0.040000,827968
0.050000,827632
0.050000,824361
0.050000,823198
0.050000,823134
0.050000,822580
0.050000,821468
0.050000,821071
0.050000,819966
0.050000,818189
0.050000,815418
0.050000,814731
0.050000,814116
0.050000,803738
0.060000,803716
0.060000,803277
0.060000,801183
0.060000,799322
0.060000,799265
0.060000,798681
0.060000,798396
0.060000,796142
0.060000,796100
0.060000,791252
0.060000,788878
0.070000,788698
0.070000,788017
0.070000,787743
0.070000,786660
0.070000,786636
0.070000,784413
0.070000,784227
0.070000,784164
0.070000,782916
0.070000,780741
0.070000,780722
0.070000,780675
0.070000,778999
0.070000,775358
0.070000,774129
0.070000,771433
0.070000,770952
0.150000,770676
0.150000,770339
0.150000,767250
0.150000,766575
0.150000,764823
0.150000,762556
0.150000,762466
0.150000,758140
0.160000,756832
0.160000,756702
0.160000,756643
0.160000,756340
0.160000,755981
0.160000,755583
0.190000,748334
0.190000,747935
0.190000,747535
0.190000,747513
0.190000,747501
0.190000,747192
0.190000,746446
0.190000,746438
0.200000,740027
0.200000,739702
0.200000,739111
0.200000,739100
0.200000,737880
0.200000,737731
0.200000,736499
0.200000,735625
0.200000,735227
0.200000,734648
0.200000,733423
0.520000,732399
0.520000,729225
0.520000,727526
0.520000,727442
0.530000,727432
0.530000,727278
0.530000,725710
0.530000,725333
0.530000,725326
2.475000,716894
2.475000,716463
2.475000,716373
2.475000,712197
2.475000,712057
2.475000,711091
8.131000,697000
8.141000,696910
8.141000,696035
8.141000,695752
8.141000,695747
8.141000,695573
8.141000,692903
8.141000,691923
8.141000,691878
8.141000,691184
8.141000,690622
53.479000,690444
53.479000,690343
