0.070000,833421
0.070000,831328
0.070000,830964
0.070000,830620
0.070000,830193
0.070000,830056
0.070000,829693
0.070000,828580
0.070000,827417
0.070000,826730
0.070000,820794
0.070000,819865
0.070000,819509
0.070000,819481
0.070000,815860
0.070000,815838
0.070000,807918
0.070000,806775
0.070000,764317
0.070000,761014
0.070000,760246
0.070000,759693
0.070000,759664
0.070000,758559
0.070000,757224
0.080000,756815
0.080000,756407
0.080000,756398
0.081000,754385
0.081000,753874
0.081000,752643
0.081000,751739
0.081000,751692
0.081000,749554
0.081000,747802
0.081000,744576
0.081000,744481
0.081000,743800
0.081000,743574
0.081000,743323
0.571000,742596
0.571000,742580
0.571000,739690
0.571000,739645
0.571000,738213
0.571000,737857
0.571000,735940
0.581000,735783
0.581000,735561
0.913000,735133
0.913000,734793
0.913000,734748
0.913000,734620
0.913000,732397
0.913000,732046
0.913000,732027
0.923000,731998
0.923000,730362
0.923000,730303
0.923000,730138
0.923000,729415
0.923000,729386
0.923000,728913
0.923000,728822
0.923000,727535
0.923000,726513
0.923000,726374
0.923000,725661
1.086000,724000
1.086000,722939
1.086000,722827
1.086000,721526
1.086000,721007
1.086000,720466
1.166000,718774
1.166000,718712
1.166000,717481
1.166000,716763
1.166000,716367
1.166000,715587
1.836000,715265
1.836000,715167
1.836000,714780
1.836000,713894
1.836000,713807
1.846000,713240
2.367000,712500
2.367000,711923
2.367000,711264
2.367000,710470
3.077000,706496
3.077000,706260
3.077000,705808
3.077000,705138
12.257000,704671
12.257000,704500
12.257000,703970
12.257000,701917
12.257000,701870
12.257000,701825
12.257000,701730
12.257000,701508
12.257000,701455
12.257000,700180
12.257000,699760
12.257000,698965
12.257000,697306
12.257000,696619
12.257000,695461
12.257000,693918
20.615000,693148
20.615000,692925
20.615000,692540
20.615000,691026
227.462000,689067
593.838000,688990
593.838000,688298
593.838000,688291
