0.003,6993386
0.003,6976167
0.003,6971901
0.004,6871519
0.004,6849832
0.004,6838096
0.004,6837079
0.004,6831951
0.004,6822662
0.005,6778658
0.005,6776409
0.005,6771219
0.006,6755603
0.006,6747632
0.006,6745741
0.006,6714127
0.006,6714123
0.006,6697805
0.006,6697630
0.007,6686331
0.007,6574739
0.007,6574443
0.008,6561891
0.008,6561478
0.008,6546163
0.008,6544288
0.008,6503592
0.008,6500234
0.009,6500234
0.009,6495673
0.009,6495086
0.009,6483810
0.009,6482457
0.009,6479704
0.01,6479469
0.01,6438017
0.01,6435453
0.01,6426938
0.01,6424985
0.01,6419505
0.011,6414763
0.012,6369328
0.012,6287667
0.012,6210416
0.012,6205287
0.012,6203328
0.012,6194084
0.013,6184821
0.013,6164065
0.013,6134365
0.013,6130213
0.014,6129845
0.014,6122180
0.014,6121547
0.015,6118276
0.015,6112621
0.016,6110015
0.016,6108494
0.016,6102679
0.017,6096523
0.017,6086357
0.017,6077326
0.017,6072585
0.018,6055791
0.018,6055607
0.018,6045539
0.018,6039356
0.018,6037581
0.019,6037552
0.019,6027007
0.019,6027007
0.019,6024787
0.019,6024576
0.02,5932418
0.02,5903103
0.021,5899923
0.021,5889423
0.021,5889008
0.021,5878903
0.022,5866478
0.022,5864256
0.022,5860993
0.022,5855350
0.023,5852688
0.023,5852617
0.023,5848631
0.024,5843648
0.024,5843394
0.024,5842265
0.024,5792082
0.024,5767394
0.025,5756487
0.025,5755830
0.025,5755345
0.026,5745680
0.026,5744765
0.026,5743661
0.026,5723315
0.026,5720680
0.027,5711163
0.027,5699206
0.028,5693368
0.028,5684302
0.028,5674458
0.028,5670465
0.028,5653405
0.028,5650887
0.029,5648840
0.029,5617559
0.03,5616388
0.03,5615674
0.03,5537907
0.03,5526520
0.03,5516677
0.031,5503574
0.031,5502740
0.032,5492387
0.032,5492282
0.032,5443451
0.033,5443451
0.033,5435471
0.033,5434226
0.033,5413047
0.033,5407419
0.033,5402172
0.034,5401731
0.034,5400113
0.034,5399126
0.035,5388476
0.035,5384565
0.035,5378987
0.036,5378047
0.036,5374504
0.037,5350578
0.038,5343969
0.038,5337773
0.038,5329958
0.039,5329958
0.039,5312345
0.039,5294117
0.04,5293917
0.041,5275667
0.041,5271068
0.041,5270924
0.041,5261523
0.042,5260228
0.042,5229602
0.042,5228375
0.042,5226807
0.042,5226807
0.043,5225941
0.043,5225397
0.044,5213332
0.044,5089248
0.045,5088092
0.045,5076939
0.046,5076630
0.046,5070793
0.046,5070742
0.047,5056243
0.047,5055597
0.047,5053997
0.048,5053309
0.048,5053309
0.048,5052983
0.048,5027498
0.048,5000936
0.049,4994088
0.049,4992353
0.049,4981118
0.049,4977594
0.05,4965598
0.05,4961311
0.05,4948004
0.05,4944163
0.051,4942971
0.051,4910905
0.051,4909778
0.052,4906826
0.052,4904680
0.053,4890545
0.053,4890115
0.054,4887448
0.055,4885016
0.056,4883959
0.056,4883391
0.056,4882213
0.057,4881007
0.057,4876374
0.057,4872708
0.058,4862132
0.058,4850905
0.058,4849196
0.059,4840927
0.059,4840423
0.06,4840423
0.06,4830398
0.06,4829992
0.06,4816133
0.061,4808623
0.061,4790562
0.062,4788100
0.063,4783463
0.063,4780027
0.064,4779297
0.064,4777411
0.064,4742268
0.064,4691501
0.065,4685082
0.065,4682867
0.065,4671635
0.066,4639226
0.067,4638473
0.067,4632201
0.068,4632201
0.069,4601905
0.069,4596012
0.07,4580996
0.07,4580337
0.07,4577525
0.071,4577192
0.074,4576408
0.074,4573528
0.074,4572718
0.074,4568418
0.075,4565173
0.076,4565031
0.076,4550222
0.076,4550209
0.076,4545469
0.077,4520032
0.077,4518025
0.077,4518025
0.077,4513582
0.078,4512813
0.078,4510334
0.079,4508440
0.08,4507419
0.08,4505686
0.08,4504126
0.081,4502644
0.081,4499791
0.081,4492603
0.081,4491037
0.082,4488425
0.082,4480383
0.083,4476279
0.083,4472738
0.083,4457620
0.084,4448932
0.084,4446310
0.084,4446031
0.084,4444601
0.085,4444557
0.085,4418691
0.085,4414071
0.086,4413756
0.087,4413756
0.088,4404522
0.088,4403419
0.089,4395812
0.089,4395311
0.09,4328535
0.09,4322945
0.09,4207965
0.09,4205233
0.09,4203657
0.091,4201807
0.091,4199822
0.091,4113737
0.092,4108252
0.092,4101720
0.093,4091951
0.094,4087172
0.094,4072780
0.094,4072548
0.094,4072342
0.095,4045424
0.096,4043592
0.096,4034258
0.096,4031490
0.096,4029025
0.098,4027077
0.098,4018609
0.099,4011239
0.099,4010002
0.1,4009422
0.101,4008715
0.102,3959530
0.102,3959437
0.102,3945686
0.102,3936446
0.104,3933238
0.104,3921406
0.105,3902766
0.106,3897737
0.106,3897309
0.106,3897189
0.107,3895196
0.108,3895196
0.108,3893304
0.108,3891259
0.109,3889385
0.109,3883072
0.11,3874841
0.11,3870167
0.112,3868022
0.112,3866400
0.112,3865480
0.113,3864498
0.113,3863005
0.113,3862552
0.114,3854486
0.114,3851443
0.114,3844018
0.115,3839446
0.116,3836644
0.116,3827459
0.116,3743334
0.118,3741385
0.12,3732643
0.122,3731853
0.122,3731853
0.122,3730249
0.124,3727749
0.124,3726738
0.124,3723880
0.124,3720297
0.125,3714762
0.126,3713682
0.126,3678486
0.126,3678482
0.127,3667615
0.128,3617210
0.128,3592016
0.128,3590424
0.129,3587880
0.129,3583525
0.131,3581833
0.131,3579813
0.131,3578916
0.132,3574888
0.132,3570385
0.133,3570250
0.134,3570250
0.134,3566936
0.134,3566192
0.135,3566127
0.135,3563391
0.136,3558776
0.136,3557839
0.138,3557666
0.138,3542150
0.139,3540896
0.139,3539468
0.14,3534004
0.14,3531287
0.14,3525676
0.141,3509900
0.144,3509548
0.144,3491319
0.145,3470363
0.145,3432802
0.145,3431352
0.146,3427763
0.147,3424158
0.148,3421452
0.148,3416630
0.148,3409049
0.149,3393234
0.149,3363285
0.15,3361314
0.151,3352872
0.152,3351111
0.153,3328546
0.155,3326083
0.156,3324337
0.157,3303081
0.158,3302366
0.159,3301983
0.159,3301724
0.159,3301724
0.16,3287611
0.163,3284094
0.163,3283536
0.164,3281543
0.167,3270644
0.167,3268966
0.168,3223172
0.169,3221471
0.171,3215847
0.172,3215301
0.173,3204741
0.174,3204716
0.174,3201055
0.175,3199144
0.175,3178347
0.177,3177912
0.177,3176948
0.177,3176039
0.177,3174948
0.178,3174948
0.178,3171906
0.179,3169298
0.179,3158020
0.18,3156158
0.18,3154306
0.182,3153474
0.183,3135063
0.184,3125601
0.184,3125178
0.184,3070988
0.185,3069862
0.185,3068546
0.185,3059678
0.188,3059648
0.188,3050364
0.189,3048768
0.19,3048737
0.191,3047228
0.191,3044057
0.194,3041677
0.194,3037464
0.195,3037464
0.196,3037464
0.196,3036322
0.197,3031717
0.197,3026879
0.199,3019509
0.2,3018747
0.2,3016950
0.203,3014514
0.204,3014514
0.204,3009948
0.205,3008915
0.207,3007646
0.207,3007505
0.207,3005699
0.208,3005415
0.209,3005387
0.21,3004387
0.21,3003739
0.211,2996861
0.212,2993556
0.212,2991588
0.212,2989770
0.213,2931054
0.214,2930855
0.214,2913068
0.215,2910462
0.216,2907517
0.218,2906056
0.219,2900420
0.219,2899695
0.22,2899569
0.22,2898722
0.223,2896778
0.224,2896206
0.225,2896206
0.225,2862221
0.225,2861509
0.227,2860100
0.229,2855699
0.229,2853494
0.231,2853020
0.231,2852172
0.231,2848948
0.233,2847956
0.234,2847177
0.234,2842090
0.235,2840503
0.235,2820048
0.24,2819058
0.24,2818813
0.241,2818727
0.242,2818188
0.243,2816790
0.246,2816350
0.249,2808156
0.25,2807776
0.25,2802374
0.251,2802202
0.253,2802046
0.253,2796304
0.254,2796009
0.254,2794261
0.255,2758303
0.257,2756483
0.257,2756483
0.257,2754568
0.258,2753664
0.258,2753256
0.259,2753256
0.261,2751388
0.261,2751374
0.262,2751374
0.262,2750440
0.262,2750395
0.264,2748495
0.264,2747520
0.265,2709208
0.266,2679269
0.271,2678367
0.273,2678367
0.273,2671235
0.274,2668633
0.275,2668228
0.275,2667196
0.275,2666654
0.276,2666205
0.277,2666205
0.278,2666205
0.282,2663836
0.282,2659224
0.287,2645495
0.288,2641257
0.29,2638552
0.29,2567202
0.292,2563932
0.293,2554127
0.296,2554127
0.297,2551044
0.298,2543035
0.299,2532311
0.301,2490894
0.302,2490787
0.302,2490475
0.303,2490475
0.303,2487434
0.303,2487387
0.304,2486851
0.305,2486330
0.305,2483259
0.306,2482583
0.306,2480898
0.307,2470835
0.307,2469133
0.307,2468330
0.308,2457592
0.308,2457541
0.308,2456840
0.31,2456237
0.314,2454827
0.319,2453815
0.321,2449305
0.321,2448002
0.325,2443580
0.325,2429624
0.325,2429624
0.327,2427594
0.328,2420926
0.332,2417924
0.336,2415672
0.338,2415258
0.34,2411254
0.347,2405869
0.348,2403178
0.351,2402309
0.352,2393547
0.353,2393478
0.354,2384224
0.354,2377451
0.358,2376363
0.363,2376363
0.364,2375545
0.364,2374486
0.365,2371578
0.368,2371232
0.368,2371190
0.371,2368425
0.372,2368111
0.373,2324406
0.373,2324406
0.373,2323794
0.375,2319138
0.376,2316899
0.378,2316899
0.38,2313603
0.384,2310046
0.387,2307543
0.389,2306928
0.39,2304853
0.391,2303721
0.394,2303721
0.394,2301498
0.394,2301498
0.395,2301350
0.396,2298115
0.397,2298115
0.4,2298115
0.402,2296122
0.405,2290830
0.407,2288867
0.408,2288867
0.409,2288675
0.411,2287199
0.413,2287199
0.413,2285096
0.413,2282676
0.414,2277761
0.418,2275716
0.418,2272594
0.418,2272594
0.426,2272594
0.428,2272355
0.431,2271972
0.435,2259360
0.438,2258772
0.439,2239617
0.439,2236878
0.439,2231781
0.441,2231566
0.442,2231566
0.444,2231566
0.447,2229421
0.45,2229099
0.454,2229099
0.458,2228497
0.459,2212312
0.46,2211358
0.462,2209975
0.464,2197820
0.465,2170497
0.465,2169359
0.468,2169359
0.476,2169035
0.48,2166634
0.485,2166114
0.485,2154949
0.488,2152753
0.488,2142268
0.488,2140035
0.489,2138208
0.491,2134802
0.492,2096358
0.496,2093103
0.497,2093103
0.498,2093103
0.501,2079958
0.502,2067954
0.502,2067713
0.502,2024138
0.503,2024138
0.505,2014461
0.509,2014461
0.51,1946610
0.514,1946333
0.517,1946333
0.517,1945303
0.517,1944821
0.52,1944384
0.524,1944366
0.528,1939604
0.533,1939141
0.533,1937590
0.534,1937590
0.535,1937252
0.537,1935759
0.537,1931680
0.54,1931351
0.541,1930362
0.544,1930362
0.545,1930362
0.546,1924547
0.546,1923705
0.547,1923624
0.55,1923487
0.551,1923257
0.556,1921223
0.556,1921223
0.559,1921223
0.56,1918369
0.562,1918369
0.564,1916959
0.569,1912939
0.58,1912870
0.581,1912692
0.588,1910798
0.594,1910169
0.595,1904531
0.597,1900649
0.598,1900317
0.602,1897384
0.603,1894039
0.605,1893978
0.608,1871210
0.61,1871210
0.614,1871210
0.617,1855536
0.617,1855536
0.618,1855041
0.623,1852122
0.625,1852122
0.627,1851744
0.628,1845734
0.631,1845545
0.639,1841538
0.641,1841137
0.643,1841137
0.644,1838502
0.647,1838502
0.649,1836603
0.653,1791716
0.654,1791716
0.655,1789767
0.658,1781275
0.661,1781223
0.667,1781223
0.668,1781223
0.672,1769430
0.673,1769123
0.681,1768543
0.683,1760841
0.685,1758989
0.686,1753894
0.69,1752593
0.693,1752593
0.693,1751494
0.694,1751139
0.696,1700901
0.697,1700807
0.698,1700807
0.699,1700807
0.701,1700186
0.704,1699061
0.708,1687109
0.712,1680501
0.714,1678819
0.72,1676088
0.726,1674210
0.728,1669262
0.742,1668224
0.744,1664791
0.745,1664791
0.751,1663809
0.752,1652175
0.755,1638002
0.756,1628068
0.756,1628068
0.758,1627495
0.759,1627495
0.764,1622807
0.764,1622807
0.765,1618809
0.767,1618809
0.768,1613833
0.773,1613264
0.775,1611802
0.775,1611802
0.781,1611431
0.785,1608585
0.785,1608531
0.79,1607854
0.791,1605173
0.792,1600863
0.808,1600324
0.814,1600188
0.815,1600188
0.817,1597983
0.819,1597938
0.82,1590545
0.822,1590545
0.822,1590538
0.827,1587811
0.827,1587811
0.829,1587469
0.83,1587469
0.839,1587178
0.841,1587178
0.85,1586788
0.852,1586788
0.854,1586576
0.855,1586251
0.856,1586188
0.863,1581524
0.864,1581512
0.868,1581448
0.873,1581046
0.877,1581046
0.878,1579123
0.891,1572212
0.896,1571866
0.896,1571454
0.908,1569688
0.911,1568753
0.919,1568753
0.922,1567998
0.924,1566035
0.925,1564830
0.928,1564830
0.928,1564830
0.929,1564830
0.93,1564474
0.93,1560868
0.953,1559588
0.955,1559098
0.956,1557877
0.956,1555699
0.972,1553121
0.975,1553121
0.979,1551986
0.983,1550915
0.986,1550915
0.987,1541758
0.993,1541758
0.994,1541403
0.997,1522130
0.998,1522130
0.998,1520934
1.002,1476158
1.01,1469487
1.015,1469487
1.015,1468884
1.016,1468884
1.021,1468884
1.032,1466631
1.035,1465840
1.04,1464939
1.047,1464939
1.055,1455624
1.056,1452954
1.057,1452954
1.067,1452954
1.068,1450716
1.068,1450716
1.068,1450716
1.072,1443219
1.073,1441347
1.082,1440187
1.084,1440187
1.096,1438813
1.098,1433305
1.102,1432557
1.102,1431640
1.114,1430188
1.12,1428751
1.12,1428751
1.123,1428712
1.123,1428712
1.133,1428406
1.134,1428250
1.134,1423210
1.143,1423210
1.144,1419130
1.147,1419130
1.148,1419130
1.155,1418965
1.155,1418965
1.162,1417158
1.168,1408362
1.169,1408362
1.171,1408362
1.179,1399777
1.18,1394503
1.181,1394503
1.187,1391876
1.194,1390406
1.195,1390011
1.199,1389311
1.2,1389311
1.21,1379883
1.211,1352022
1.212,1350356
1.215,1349817
1.22,1349817
1.223,1349446
1.224,1349200
1.231,1349200
1.233,1349200
1.235,1348293
1.236,1348293
1.236,1346619
1.245,1346470
1.256,1346470
1.262,1345950
1.267,1345950
1.29,1345765
1.291,1345765
1.293,1345765
1.296,1345765
1.298,1345765
1.299,1345765
1.308,1344062
1.313,1344062
1.313,1343774
1.315,1343774
1.321,1343152
1.322,1342812
1.325,1342812
1.325,1329136
1.331,1326471
1.332,1326471
1.336,1326471
1.343,1325554
1.346,1325324
1.35,1323568
1.352,1321120
1.355,1318477
1.358,1318477
1.362,1318396
1.364,1314144
1.366,1312966
1.367,1311218
1.37,1308898
1.375,1308898
1.376,1308898
1.377,1289783
1.379,1289225
1.38,1287577
1.383,1286778
1.384,1286778
1.387,1286709
1.393,1285773
1.405,1285773
1.413,1285773
1.422,1285315
1.425,1285294
1.426,1285294
1.43,1285294
1.432,1283196
1.433,1280732
1.442,1280732
1.445,1280732
1.451,1279032
1.455,1279032
1.459,1279032
1.46,1279032
1.468,1278019
1.473,1278019
1.49,1278019
1.494,1276098
1.504,1276098
1.512,1274552
1.512,1274389
1.513,1272973
1.514,1272038
1.524,1271243
1.532,1248480
1.54,1247029
1.543,1247029
1.548,1247029
1.553,1247029
1.559,1247029
1.561,1245347
1.563,1244877
1.573,1244570
1.577,1243992
1.578,1241942
1.582,1239507
1.583,1239507
1.588,1236189
1.589,1236189
1.593,1234490
1.599,1234490
1.6,1234490
1.603,1234490
1.604,1234490
1.605,1234490
1.609,1214557
1.61,1211955
1.616,1211955
1.617,1211955
1.622,1211955
1.624,1211153
1.628,1210633
1.638,1210633
1.639,1210194
1.645,1210194
1.646,1210194
1.65,1210109
1.655,1210109
1.655,1208757
1.659,1208757
1.661,1208757
1.664,1208757
1.667,1208757
1.679,1165095
1.686,1165095
1.688,1165095
1.696,1163675
1.697,1163674
1.705,1163674
1.712,1163674
1.713,1162910
1.72,1162910
1.73,1162910
1.732,1156958
1.732,1156958
1.732,1156420
1.733,1156420
1.734,1156420
1.738,1155455
1.74,1155455
1.744,1155455
1.744,1155455
1.746,1152644
1.752,1152644
1.755,1152644
1.756,1152644
1.76,1152644
1.761,1148944
1.77,1148944
1.771,1148885
1.774,1148885
1.784,1148853
1.786,1148707
1.787,1148707
1.788,1147889
1.792,1147757
1.801,1147757
1.805,1147757
1.814,1144435
1.822,1144435
1.825,1144435
1.827,1144435
1.827,1135651
1.834,1134296
1.845,1134296
1.847,1134296
1.857,1131732
1.858,1131732
1.863,1129822
1.872,1129822
1.874,1128930
1.878,1127850
1.879,1127850
1.881,1127564
1.886,1127564
1.891,1127564
1.892,1127564
1.898,1127564
1.905,1127564
1.911,1127564
1.924,1127010
1.924,1120625
1.926,1117537
1.928,1116281
1.933,1116051
1.933,1109829
1.934,1109829
1.938,1109829
1.949,1108796
1.953,1108686
1.954,1105315
1.958,1102779
1.958,1098459
1.96,1098390
1.969,1094952
1.98,1092122
1.985,1090657
1.99,1090657
2.011,1090657
2.013,1090657
2.027,1090657
2.031,1090374
2.034,1089971
2.04,1088682
2.041,1082427
2.048,1082427
2.055,1079936
2.055,1074499
2.058,1068084
2.061,1068084
2.062,1067260
2.066,1067260
2.071,1064051
2.083,1064051
2.086,1064051
2.087,1064051
2.088,1063684
2.1,1063595
2.101,1063595
2.105,1062981
2.122,1062981
2.127,1062981
2.139,1059625
2.148,1059625
2.161,1059625
2.166,1058310
2.17,1058310
2.193,1058310
2.194,1058257
2.195,1056159
2.202,1056159
2.204,1056159
2.206,1055682
2.216,1055682
2.218,1055682
2.229,1050513
2.236,1050513
2.255,1049295
2.259,1049295
2.266,1048430
2.27,1048430
2.271,1046293
2.279,1046176
2.288,1046175
2.292,1046175
2.295,1046175
2.297,1045573
2.307,1045573
2.312,1041469
2.315,1041469
2.321,1041220
2.33,1041220
2.33,1041220
2.331,1041220
2.339,1041220
2.346,1041220
2.348,1041220
2.359,1041220
2.361,1041220
2.362,1037713
2.371,1037713
2.374,1037221
2.377,1037221
2.38,1037164
2.395,1037164
2.398,1036974
2.41,1036974
2.421,1035721
2.423,1035721
2.424,1035721
2.437,1035721
2.443,1028894
2.449,1026242
2.45,1026242
2.462,1012866
2.474,1008738
2.487,1007095
2.492,1006906
2.493,1006906
2.509,1006531
2.511,1005904
2.515,1004631
2.523,1004631
2.525,1004631
2.543,1004631
2.549,1004631
2.559,999824
2.563,999824
2.569,999824
2.572,999824
2.579,999824
2.579,999824
2.581,999490
2.586,999317
2.589,998648
2.591,998294
2.594,998294
2.604,998294
2.623,998294
2.628,998294
2.639,998294
2.651,998294
2.658,998294
2.659,998294
2.661,998294
2.663,987364
2.672,987364
2.692,987364
2.693,987364
2.711,987359
2.712,987359
2.716,943820
2.72,943499
2.726,942224
2.73,942224
2.733,942224
2.735,942224
2.742,942224
2.743,940790
2.746,938904
2.748,938904
2.751,938080
2.763,938080
2.767,936435
2.772,936435
2.782,935833
2.784,935833
2.797,935833
2.805,934581
2.81,934581
2.818,934581
2.824,934581
2.829,934581
2.831,933849
2.835,933849
2.847,908501
2.857,908501
2.868,908501
2.873,906836
2.874,906726
2.879,906726
2.881,906726
2.889,906726
2.889,906726
2.89,904590
2.895,904590
2.908,904590
2.908,904590
2.917,904590
2.923,900322
2.924,900322
2.925,897611
2.927,895188
2.932,895188
2.94,894110
2.943,893466
2.944,893466
2.945,893466
2.947,892298
2.952,887276
2.957,882537
2.966,881847
2.968,881847
2.973,881624
2.974,881624
2.975,880952
2.981,880952
2.986,880952
3.001,879518
3.01,879518
3.011,878523
3.018,878517
3.021,878517
3.028,878517
3.032,864632
3.035,864632
3.039,864632
3.041,863921
3.043,863921
3.046,863921
3.048,863760
3.05,863760
3.055,863760
3.059,863760
3.062,863760
3.068,863760
3.093,863449
3.108,863449
3.114,859910
3.127,859910
3.129,859910
3.14,859910
3.146,859910
3.148,859118
3.151,859118
3.153,859118
3.154,859118
3.155,859118
3.163,857808
3.168,857808
3.178,857225
3.184,857225
3.203,857225
3.214,857225
3.22,857225
3.221,857225
3.232,857225
3.232,857165
3.238,857165
3.239,857165
3.274,857165
3.283,854173
3.285,854173
3.296,852034
3.314,852034
3.337,850377
3.34,850377
3.344,850375
3.345,850375
3.347,847541
3.358,841059
3.366,840840
3.367,839405
3.392,839405
3.399,839405
3.403,839405
3.42,838770
3.443,838770
3.451,838770
3.452,838770
3.459,838770
3.461,838770
3.462,838770
3.467,838675
3.501,838675
3.508,838397
3.511,838397
3.519,838397
3.523,838052
3.528,838052
3.536,836916
3.538,836142
3.549,836142
3.559,836142
3.56,836142
3.562,836142
3.568,836142
3.57,835431
3.578,834178
3.583,833945
3.589,833945
3.593,833766
3.608,833766
3.619,833766
3.622,833766
3.623,833386
3.628,833386
3.634,833386
3.636,833386
3.637,833386
3.642,833386
3.664,832938
3.673,832938
3.676,826535
3.678,819529
3.682,819529
3.684,819529
3.688,819529
3.694,819529
3.695,819529
3.698,819475
3.701,819475
3.701,819475
3.714,819475
3.728,819475
3.732,819475
3.741,819475
3.744,819475
3.755,819475
3.761,819475
3.768,819475
3.802,819272
3.807,819272
3.811,818772
3.823,817435
3.828,817435
3.83,817435
3.842,815577
3.854,814712
3.855,814712
3.865,814712
3.868,814712
3.87,814712
3.871,813128
3.878,812242
3.884,811539
3.901,811539
3.903,811539
3.907,811539
3.919,811539
3.924,811539
3.932,811539
3.936,811266
3.943,811266
3.956,811266
3.963,811266
3.969,811266
3.97,811266
3.973,811266
3.979,811266
3.983,811266
3.986,811266
3.993,811266
4.001,811266
4.007,811266
4.011,811266
4.026,811266
4.039,811266
4.045,811266
4.046,811266
4.048,811266
4.049,811266
4.065,811237
4.065,810976
4.085,810770
4.085,810770
4.094,807013
4.104,807013
4.117,807013
4.118,807013
4.136,807013
4.146,807013
4.149,807013
4.155,806970
4.165,804889
4.178,804889
4.228,804889
4.244,804889
4.253,804889
4.255,804392
4.26,804392
4.27,804392
4.273,804392
4.279,804392
4.294,804392
4.305,803078
4.309,803078
4.314,803078
4.317,803078
4.317,803078
4.318,803078
4.33,803078
4.331,802584
4.337,802584
4.362,801398
4.372,801398
4.403,799659
4.407,789696
4.419,789696
4.421,789132
4.424,789132
4.429,789132
4.436,788310
4.444,788310
4.45,788310
4.453,788310
4.459,788310
4.479,787401
4.48,787401
4.487,787401
4.497,787255
4.504,787240
4.516,787240
4.522,787240
4.526,782043
4.528,782043
4.53,782043
4.535,782043
4.538,782043
4.543,782043
4.545,780947
4.547,780594
4.573,780594
4.587,780550
4.597,780550
4.602,780550
4.602,780550
4.619,779975
4.627,779975
4.636,779975
4.646,779975
4.66,779975
4.679,779975
4.679,779436
4.687,779436
4.699,779436
4.729,779436
4.734,779436
4.748,779436
4.757,779436
4.778,778352
4.782,777223
4.804,777223
4.807,777223
4.822,777223
4.829,777223
4.841,777223
4.844,777223
4.868,777223
4.869,773554
4.871,773554
4.874,773554
4.885,771045
4.901,771045
4.923,771045
4.927,771045
4.932,771045
4.934,771045
4.945,771045
4.947,767685
4.949,767685
4.966,767685
4.97,767685
4.972,767685
4.974,767685
4.978,762426
4.978,762426
4.983,762426
4.997,762426
4.999,762426
5,762426
5.006,762426
5.007,762426
5.014,760159
5.032,760159
5.034,755081
5.037,754602
5.051,754602
5.053,754602
5.065,754602
5.077,754602
5.108,754602
5.113,754258
5.117,754258
5.12,754258
5.122,754258
5.127,754258
5.131,754258
5.133,753230
5.135,753230
5.142,753230
5.142,753230
5.145,752103
5.154,752103
5.158,752103
5.159,752103
5.169,751409
5.197,751409
5.207,751409
5.242,751409
5.244,751409
5.264,751409
5.274,751409
5.298,750969
5.303,750969
5.312,750969
5.336,750969
5.347,750969
5.349,750969
5.359,750969
5.373,750969
5.377,750969
5.384,750969
5.388,750969
5.391,750969
5.413,750125
5.429,750125
5.434,750125
5.44,750125
5.449,750125
5.472,750125
5.481,750125
5.494,750125
5.5,750125
5.503,750125
5.514,750125
5.52,749359
5.532,749359
5.555,749359
5.56,749359
5.562,749359
5.572,749359
5.58,749359
5.584,749359
5.586,743985
5.597,742215
5.607,742215
5.623,742215
5.637,742215
5.643,742215
5.649,742215
5.659,741985
5.662,741985
5.668,741985
5.674,741985
5.679,741985
5.7,741985
5.715,741985
5.727,741985
5.728,741985
5.728,741985
5.73,741985
5.732,741985
5.732,741711
5.733,741711
5.759,741711
5.767,741711
5.775,737832
5.778,737169
5.782,736765
5.784,736765
5.793,736765
5.807,736765
5.829,736765
5.832,736765
5.841,736765
5.867,736765
5.871,736765
5.875,736765
5.879,736765
5.882,736765
5.899,736765
5.901,736765
5.92,736765
5.938,736765
5.942,736765
5.943,736765
5.956,736765
5.961,736765
5.971,736765
5.994,736765
5.996,736765
5.997,736765
6.01,736765
6.015,736765
6.028,736765
6.042,736765
6.044,736765
6.044,736765
6.058,736765
6.06,736765
6.061,736765
6.081,736765
6.097,736765
6.102,736765
6.112,736765
6.121,736765
6.127,736765
6.139,736379
6.149,736379
6.159,736379
6.167,736379
6.17,730429
6.178,730429
6.235,730429
6.243,730429
6.278,730429
6.281,730429
6.293,730429
6.299,730429
6.304,730429
6.324,730429
6.334,730429
6.338,730354
6.344,730354
6.345,730354
6.354,730354
6.388,730354
6.388,730354
6.399,730354
6.411,730354
6.412,730354
6.413,730354
6.435,730354
6.444,730354
6.487,730354
6.491,730354
6.494,730354
6.505,730354
6.515,730354
6.517,730354
6.532,730354
6.534,730354
6.553,730354
6.563,730354
6.61,730354
6.621,730354
6.628,730354
6.631,730354
6.643,730354
6.658,730354
6.661,730354
6.673,730354
6.684,730354
6.721,730354
6.725,730354
6.726,730354
6.768,728696
6.775,728696
6.793,728696
6.807,727242
6.828,726895
6.829,726895
6.83,726895
6.835,726895
6.836,726895
6.843,726895
6.851,726895
6.852,726895
6.854,726895
6.873,726895
6.874,726895
6.939,726895
6.94,726895
6.944,726895
6.982,726895
7.011,726895
7.024,726895
7.032,726895
7.032,726895
7.038,726895
7.052,726895
7.06,726895
7.075,726895
7.116,726366
7.122,726366
7.145,726366
7.183,726366
7.213,726366
7.219,726366
7.225,726366
7.231,726366
7.234,726366
7.25,726366
7.251,726366
7.253,726185
7.269,726185
7.288,726185
7.303,726185
7.304,726185
7.319,726185
7.328,726185
7.334,726185
7.344,726185
7.354,726185
7.372,726185
7.375,726185
7.398,726185
7.406,726185
7.416,726185
7.419,726185
7.459,726185
7.474,726185
7.484,726185
7.503,726185
7.507,726185
7.51,726185
7.513,726185
7.552,725644
7.575,725644
7.585,725644
7.597,725644
7.606,725644
7.61,725644
7.616,725644
7.625,725644
7.636,725644
7.648,725644
7.652,725644
7.67,725644
7.675,725644
7.726,725644
7.73,725644
7.73,725644
7.736,725644
7.74,725644
7.744,725644
7.746,725644
7.746,725644
7.761,725644
7.764,725644
7.784,725644
7.789,725644
7.81,725644
7.815,725644
7.817,725644
7.817,725644
7.818,725644
7.822,725644
7.83,725644
7.831,725644
7.843,725644
7.849,725644
7.856,725644
7.918,725644
7.933,725644
7.934,725644
7.935,725644
7.95,725644
7.956,725644
7.957,725644
7.966,725644
7.981,725644
7.986,725644
7.994,725644
8.022,725644
8.026,725644
8.035,725644
8.037,725644
8.073,725644
8.079,725644
8.085,725644
8.088,725644
8.102,725644
8.103,725644
8.122,725644
8.124,725644
8.139,725644
8.148,725644
8.149,725644
8.154,725644
8.161,725644
8.162,725644
8.169,725644
8.169,725644
8.173,725644
8.174,725644
8.194,725644
8.201,725644
8.205,725644
8.206,725644
8.217,725644
8.225,725644
8.235,725644
8.242,725644
8.251,725644
8.255,725644
8.261,725644
8.266,725644
8.285,725644
8.312,722780
8.319,722780
8.322,722780
8.329,722780
8.334,722780
8.35,722780
8.363,722780
8.366,722780
8.38,722780
8.396,722780
8.403,722780
8.409,722780
8.411,722780
8.416,722780
8.432,722780
8.438,722780
8.444,722780
8.472,722780
8.479,722780
8.499,722780
8.517,722780
8.531,722780
8.542,722260
8.542,722260
8.544,722260
8.549,722260
8.553,722260
8.565,722260
8.574,722260
8.58,722260
8.581,722260
8.584,722260
8.598,722260
8.604,722260
8.613,722260
8.62,722260
8.63,722260
8.635,722260
8.648,722260
8.681,722260
8.684,722260
8.693,722260
8.7,722260
8.702,722260
8.716,698158
8.733,698158
8.743,698158
8.762,698158
8.766,698158
8.767,698158
8.772,698158
8.781,698158
8.785,698158
8.789,698158
8.791,698158
8.805,698158
8.829,698158
8.83,698158
8.831,698158
8.833,698158
8.846,698158
8.852,698158
8.852,698158
8.862,697304
8.87,697304
8.874,697304
8.892,697304
8.923,697304
8.942,697304
8.944,697304
8.952,696694
8.953,696694
8.959,696694
8.962,696694
8.962,696694
8.98,696694
8.989,696694
8.999,696694
9.005,696694
9.051,696694
9.068,696694
9.07,696694
9.106,696694
9.11,696694
9.114,696694
9.141,696694
9.148,696694
9.155,696694
9.174,696694
9.189,696694
9.193,696694
9.196,696694
9.201,696694
9.216,696486
9.217,696486
9.231,696481
9.232,696481
9.259,696481
9.259,696481
9.27,696481
9.272,696481
9.275,696481
9.285,696481
9.288,696481
9.311,696481
9.324,696481
9.328,696481
9.329,696481
9.33,695376
9.359,695376
9.372,695376
9.381,695376
9.385,695376
9.388,695376
9.405,695376
9.413,695376
9.413,695376
9.422,695376
9.426,691777
9.428,691777
9.438,691777
9.462,691777
9.49,691777
9.493,691777
9.519,691777
9.521,691777
9.525,691777
9.538,691777
9.552,691777
9.556,691777
9.56,691777
9.57,691777
9.588,691777
9.592,691777
9.615,691777
9.616,691777
9.625,691777
9.628,691777
9.631,691777
9.636,691777
9.637,691777
9.64,691777
9.642,691777
9.642,691777
9.649,691777
9.65,691777
9.664,691777
9.668,691777
9.668,691777
9.671,691777
9.68,691777
9.699,691777
9.711,691777
9.722,691777
9.723,691777
9.737,691777
9.739,691777
9.746,685405
9.747,685405
9.75,685405
9.765,685405
9.769,685405
9.77,685405
9.772,685405
9.787,685405
9.818,685405
9.833,685405
9.848,685405
9.849,685405
9.858,685405
9.862,685405
9.863,685405
9.87,685405
9.882,685405
9.892,685405
9.892,685405
9.893,685405
9.921,685405
9.924,685405
9.928,685405
9.951,685405
9.973,685405
9.975,685405
9.979,685405
9.979,685405
9.982,685405
9.999,685405
10.012,685405
10.015,685405
10.024,685405
10.028,685405
10.061,685405
10.07,685405
10.076,685405
10.079,685405
10.091,685405
10.095,685405
10.1,685405
10.117,685405
10.12,685405
10.127,685405
10.133,685405
10.136,685405
10.162,685405
10.163,685405
10.184,685354
10.185,685354
10.196,685354
10.219,685354
10.225,685354
10.226,685354
10.229,685354
10.261,685354
10.272,685354
10.281,685354
10.292,685354
10.298,681736
10.304,681736
10.308,681736
10.309,681736
10.311,681736
10.325,681736
10.341,681736
10.356,681736
10.363,681736
10.379,681736
10.4,681736
10.402,681736
10.407,681736
10.417,681736
10.438,681736
10.444,681736
10.448,681736
10.473,681736
10.484,681736
10.487,681736
10.494,676667
10.496,676667
10.505,676667
10.506,676667
10.512,676667
10.541,676667
10.558,676667
10.566,676667
10.57,676667
10.588,676667
10.591,676667
10.599,676667
10.604,676667
10.605,676667
10.624,676667
10.626,676667
10.637,676667
10.638,676667
10.644,676667
10.655,676667
10.655,676667
10.665,676667
10.665,676667
10.67,676667
10.672,676667
10.674,676667
10.684,676667
10.709,676667
10.71,676667
10.725,676667
10.743,676667
10.747,676667
10.75,676667
10.754,676667
10.758,676667
10.759,676667
10.761,676667
10.77,676667
10.779,676667
10.789,676667
10.841,676667
10.854,676667
10.86,676667
10.86,676667
10.866,676667
10.867,676667
10.872,676667
10.875,675532
10.884,675532
10.884,675532
10.9,675532
10.925,675532
10.929,675532
10.933,675532
10.936,675532
10.943,675532
10.953,675532
10.953,675532
10.966,675532
10.968,675532
10.971,675532
10.976,675532
10.982,675532
10.985,675532
10.985,675532
10.992,675532
10.995,675532
11.001,675532
11.018,675532
11.02,675532
11.02,675532
11.025,675532
11.043,675532
11.063,675532
11.067,675532
11.072,675532
11.078,675532
11.081,675532
11.082,675532
11.099,675532
11.108,675532
11.118,675532
11.122,675532
11.133,675532
11.197,675532
11.207,675113
11.216,675113
11.217,675113
11.217,675113
11.249,675113
11.268,675113
11.283,675113
11.287,675113
11.359,675113
11.359,675113
11.375,675113
11.38,675113
11.385,675113
11.396,675113
11.415,675113
11.424,675113
11.428,675113
11.443,675113
11.453,675113
11.49,675113
11.497,675113
11.498,675113
11.502,675113
11.536,675113
11.539,675113
11.557,675113
11.567,675113
11.576,675113
11.579,675113
11.586,675113
11.587,675113
11.588,675113
11.602,675113
11.602,675113
11.617,675113
11.621,675113
11.624,675113
11.627,675113
11.629,675113
11.631,675113
11.664,675113
11.669,675113
11.678,675113
11.695,675113
11.725,675113
11.725,675113
11.725,675113
11.748,675113
11.754,675113
11.775,675113
11.778,675113
11.781,675113
11.791,675113
11.809,675113
11.833,675113
11.844,675113
11.855,675113
11.861,675113
11.87,675113
11.871,675113
11.891,675113
11.894,675113
11.901,675113
11.908,675113
11.911,675113
11.914,675113
11.915,675113
11.936,675113
11.949,675113
11.988,675113
11.989,675113
12.012,675113
12.014,675113
12.043,675113
12.044,675113
12.059,675113
12.065,675113
12.084,675113
12.087,675113
12.103,675113
12.11,675113
12.116,675113
12.126,675113
12.131,675113
12.133,675113
12.145,675113
12.155,675113
12.159,675113
12.16,675113
12.165,675113
12.176,675113
12.199,675113
12.219,675113
12.22,675113
12.229,675113
12.229,675113
12.238,675113
12.253,675113
12.257,675113
12.261,675113
12.29,675113
12.293,675113
12.296,675113
12.307,675113
12.31,675113
12.364,675113
12.369,675113
12.397,675113
12.434,675113
12.438,675113
12.439,675113
12.445,675113
12.447,675113
12.483,675113
12.486,675113
12.496,675113
12.512,675113
12.516,675113
12.521,675113
12.528,675113
12.572,675113
12.573,675113
12.58,675113
12.593,675113
12.595,675113
12.599,675113
12.614,675113
12.623,675113
12.632,675113
12.646,675113
12.669,675113
12.677,675113
12.68,675113
12.706,675113
12.707,675113
12.709,675113
12.735,675113
12.737,675113
12.744,675113
12.753,675113
12.766,675113
12.784,675113
12.794,675113
12.794,675113
12.804,675113
12.816,675113
12.827,675113
12.861,675113
12.863,675113
12.876,675113
12.879,675113
12.88,675113
12.888,675113
12.914,675113
12.916,675113
12.951,675113
12.954,675113
12.974,675113
12.98,675113
12.985,675113
12.993,675113
13.02,675113
13.026,675113
13.063,675113
13.07,675113
13.077,675113
13.08,675113
13.095,675113
13.098,675113
13.145,675113
13.156,675113
13.161,675113
13.163,675113
13.196,675113
13.224,675113
13.224,675113
13.234,675113
13.246,675113
13.255,675113
13.256,675113
13.256,675113
13.258,675113
13.301,675113
13.307,675113
13.316,675113
13.325,675113
13.326,675113
13.33,674587
13.332,674587
13.335,674587
13.338,674587
13.344,674587
13.348,674587
13.349,674587
13.354,674587
13.355,674587
13.359,674587
13.364,674587
13.364,674587
13.369,674587
13.372,674587
13.382,674587
13.383,674587
13.394,674587
13.398,674587
13.401,674587
13.417,674587
13.435,674587
13.442,674587
13.443,674587
13.446,674587
13.45,674587
13.451,674587
13.463,674587
13.463,674587
13.474,674587
13.481,674587
13.493,674587
13.501,674587
13.51,674587
13.514,674587
13.521,674587
13.535,674587
13.546,674587
13.555,674587
13.59,674587
13.591,674587
13.592,674587
13.592,674587
13.606,674587
13.61,674587
13.618,674587
13.647,674587
13.653,674587
13.684,674587
13.698,674587
13.706,674587
13.735,674587
13.742,674587
13.755,674587
13.783,674587
13.785,674587
13.786,674587
13.79,674587
13.795,674587
13.825,674587
13.832,674587
13.834,674587
13.837,674587
13.843,674587
13.85,674587
13.865,674587
13.878,674587
13.905,674587
13.915,674587
13.924,674587
13.942,674587
13.949,674587
13.985,674587
13.998,674587
13.998,674587
13.999,674587
14.01,674587
14.023,674587
14.029,674587
14.03,674587
14.045,674587
14.048,674587
14.05,674587
14.06,674587
14.065,674587
14.07,674587
14.073,674587
14.083,674587
14.086,674587
14.091,674587
14.093,674587
14.096,674587
14.119,674587
14.131,674587
14.134,674587
14.207,674587
14.22,674587
14.232,674587
14.234,674587
14.24,674587
14.259,674587
14.265,674587
14.267,674587
14.297,674587
14.338,674587
14.338,674587
14.342,674587
14.348,674587
14.367,674587
14.386,674587
14.392,674587
14.398,674587
14.421,674587
14.435,674587
14.446,674587
14.447,674587
14.458,674587
14.459,674587
14.462,674587
14.465,674587
14.468,674587
14.472,674587
14.48,674587
14.484,674587
14.489,674587
14.49,674587
14.495,674587
14.499,674587
14.521,674587
14.523,674587
14.528,674587
14.531,674587
14.535,674587
14.537,674587
14.54,674587
14.544,674587
14.568,674587
14.572,674587
14.573,674587
14.581,674587
14.585,674587
14.6,674587
14.611,674587
14.621,674587
14.652,674587
14.658,674587
14.667,674587
14.67,674587
14.678,674587
14.684,674587
14.69,674587
14.713,674587
14.72,674587
14.735,674587
14.751,674587
14.752,674587
14.775,674587
14.784,674587
14.788,674587
14.791,674587
14.802,674587
14.805,674587
14.828,674587
14.838,674587
14.847,674587
14.862,674587
14.884,674587
14.907,674587
14.917,674587
14.948,674587
14.949,674587
14.952,674587
14.955,674587
14.956,674587
14.969,674587
14.992,674587
14.997,674587
14.998,674587
15.026,674587
15.03,674587
15.031,674587
15.039,674587
15.049,674587
15.049,674587
15.05,674587
15.066,674587
15.072,674587
15.076,674587
15.088,674587
15.093,674587
15.095,674587
15.108,674587
15.113,674587
15.129,674587
15.177,674587
15.183,674587
15.196,674587
15.198,674587
15.21,674587
15.221,674587
15.227,674587
15.248,674587
15.251,674587
15.266,674587
15.275,674587
15.275,674587
15.277,674587
15.296,674587
15.313,674587
15.34,674587
15.346,674587
15.359,674587
15.379,674587
15.391,674587
15.409,674587
15.419,674587
15.422,674587
15.426,674587
15.442,674587
15.482,674587
15.483,674587
15.485,674587
15.488,674587
15.492,674587
15.513,674587
15.518,674587
15.525,674587
15.527,674587
15.55,674587
15.57,674587
15.578,674587
15.585,674587
15.591,674587
15.596,674587
15.6,674587
15.604,674587
15.607,674587
15.622,674587
15.622,674587
15.632,674587
15.682,674587
15.691,674587
15.704,674587
15.714,674587
15.726,674587
15.74,674587
15.753,674587
15.781,674587
15.805,674587
15.806,674587
15.826,674587
15.83,674587
15.862,674587
15.875,674587
15.884,674587
15.9,674587
15.922,674587
15.947,674587
15.959,674587
15.977,674587
15.985,674587
15.986,674587
16.02,674587
16.024,674587
16.024,674587
16.039,674587
16.048,674587
16.053,674587
16.065,674587
16.089,674587
16.093,674587
16.121,674587
16.131,674587
16.138,674587
16.14,674587
16.157,674587
16.165,674587
16.167,674587
16.177,674587
16.189,674587
16.193,674587
16.195,674587
16.201,674587
16.21,674587
16.217,674587
16.235,674587
16.235,674587
16.241,674587
16.263,674587
16.305,674587
16.313,674587
16.329,674587
16.329,674587
16.35,674587
16.373,674587
16.41,674587
16.423,674587
16.423,674587
16.423,674587
16.428,674587
16.476,674587
16.487,674587
16.489,674587
16.491,674587
16.5,674587
16.505,674587
16.508,674587
16.511,674587
16.525,674587
16.535,674587
16.562,674587
16.562,674587
16.564,674587
16.568,674587
16.575,674587
16.582,674587
16.592,674587
16.595,674587
16.6,674587
16.604,674587
16.61,674587
16.621,674587
16.662,674587
16.672,674587
16.682,674587
16.746,674587
16.748,674587
16.765,674587
16.771,674587
16.793,674587
16.795,674587
16.803,674587
16.804,674587
16.806,674587
16.809,674587
16.869,674587
16.882,674587
16.901,674587
16.911,674587
16.934,674587
16.94,674587
16.941,674587
16.944,674587
16.946,674587
16.949,674587
16.954,674587
16.954,674587
16.963,674587
16.964,674587
16.996,674587
17,674587
17.007,674587
17.011,674587
17.011,674587
17.023,674587
17.041,674587
17.058,674587
17.069,674587
17.072,674587
17.076,674587
17.092,674587
17.128,674587
17.165,674587
17.183,674587
17.187,674587
17.204,674587
17.215,674587
17.224,674587
17.232,674587
17.247,674587
17.249,674587
17.254,674587
17.259,674587
17.295,674587
17.31,674587
17.319,674587
17.332,674587
17.363,674587
17.369,674587
17.381,674587
17.384,674587
17.414,674587
17.447,674587
17.453,674587
17.455,674587
17.457,674587
17.469,674587
17.473,674587
17.477,674587
17.482,674587
17.508,674587
17.509,674587
17.514,674587
17.516,674587
17.534,674587
17.545,674587
17.559,674587
17.576,674587
17.578,674587
17.58,674587
17.598,674587
17.604,674587
17.619,674587
17.645,674587
17.649,674587
17.661,674587
17.663,674587
17.664,674587
17.692,674587
17.703,674587
17.711,674587
17.714,674587
17.722,674587
17.753,674587
17.789,674587
17.799,674587
17.799,674587
17.818,674587
17.833,674587
17.844,674587
17.86,674587
17.875,674587
17.881,674587
17.885,674587
17.887,674587
17.887,674587
17.911,674587
17.918,674587
17.92,674587
17.923,674587
17.929,674587
17.935,674587
17.96,674587
18.001,674587
18.002,674587
18.007,674587
18.008,674587
18.027,674587
18.027,674587
18.073,674587
18.078,674587
18.081,674587
18.082,674587
18.085,674587
18.086,674587
18.098,674587
18.115,674587
18.116,674587
18.135,674587
18.144,674587
18.148,674587
18.155,674587
18.16,674587
18.179,674587
18.183,674587
18.183,674587
18.184,674587
18.184,674587
18.217,674587
18.22,674587
18.224,674587
18.231,674587
18.235,674587
18.236,674587
18.24,674587
18.257,674587
18.287,674587
18.299,674587
18.3,674587
18.32,674587
18.341,674587
18.347,674587
18.377,674587
18.387,674587
18.395,674587
18.395,674587
18.403,674425
18.41,674425
18.423,674425
18.454,674425
18.457,674425
18.476,674425
18.477,674425
18.487,674425
18.488,674425
18.516,674425
18.532,674425
18.537,674425
18.546,674425
18.554,674425
18.558,674425
18.559,674425
18.613,674425
18.622,674425
18.626,674425
18.632,674425
18.638,674425
18.649,674425
18.654,674425
18.656,674425
18.66,674425
18.664,674425
18.666,674425
18.669,674425
18.673,674425
18.709,674425
18.725,674425
18.725,674425
18.739,674425
18.744,674425
18.761,674425
18.776,674425
18.786,674425
18.825,674425
18.831,674425
18.846,674425
18.868,674425
18.873,674425
18.88,674425
18.885,674425
18.9,674425
18.929,674425
18.953,674425
18.954,674425
18.962,674425
18.972,674425
18.979,674425
18.992,674425
19.005,674425
19.01,674425
19.016,674425
19.032,674425
19.032,674425
19.048,674425
19.058,674425
19.068,674425
19.077,674425
19.093,674425
19.102,674425
19.106,674425
19.11,674425
19.121,674425
19.132,674425
19.155,674425
19.157,674425
19.177,674425
19.184,674425
19.19,674425
19.194,674425
19.202,674425
19.205,674425
19.222,674425
19.226,674425
19.244,674425
19.264,674425
19.267,674425
19.27,674425
19.282,674425
19.288,674425
19.296,674425
19.318,674425
19.319,674425
19.326,674425
19.331,674425
19.371,674425
19.377,674425
19.377,674425
19.38,674425
19.405,674425
19.407,674425
19.407,674425
19.422,674425
19.427,674425
19.435,674425
19.436,674425
19.448,674425
19.451,674425
19.466,674425
19.468,674425
19.47,674425
19.474,674425
19.513,674425
19.543,674425
19.547,674425
19.551,674425
19.555,674425
19.557,674425
19.559,674425
19.566,674425
19.598,674425
19.612,674425
19.613,674425
19.616,674425
19.63,674425
19.632,674425
19.636,674425
19.645,674425
19.651,674425
19.657,674425
19.696,674425
19.697,674425
19.698,674425
19.701,674425
19.725,674425
19.729,674425
19.767,674425
19.782,674425
19.805,674425
19.809,674425
19.818,674425
19.819,674425
19.844,674425
19.846,674425
19.869,674425
19.871,674425
19.893,674425
19.91,674425
19.925,674425
19.928,674425
19.93,674425
19.935,674425
19.941,674425
19.944,674425
19.956,674425
19.969,674425
19.975,674425
19.996,674425
19.998,674425
19.999,674425
20.021,674425
20.034,674425
20.039,674425
20.04,674425
20.042,674425
20.044,674425
20.056,674425
20.068,674425
20.07,674425
20.077,674425
20.08,674425
20.08,674425
20.087,674425
20.104,674425
20.11,674425
20.112,674425
20.135,674425
20.144,674425
20.162,674425
20.165,674425
20.172,674425
20.188,674425
20.195,674425
20.2,674425
20.201,674425
20.209,674425
20.212,674425
20.223,674425
20.228,674425
20.228,674425
20.231,674425
20.239,674425
20.262,674425
20.271,674425
20.283,674425
20.288,674425
20.301,674425
20.32,674425
20.328,674425
20.332,674425
20.335,674425
20.34,674425
20.355,674425
20.357,674425
20.36,674425
20.361,674425
20.362,674425
20.368,674425
20.39,674425
20.392,674425
20.394,674425
20.397,674425
20.403,674425
20.404,674425
20.409,674425
20.416,674425
20.423,674425
20.434,674425
20.435,674425
20.438,674425
20.473,674425
20.477,674425
20.489,674425
20.491,674425
20.501,674425
20.533,674425
20.537,674425
20.55,674425
20.563,674425
20.578,674425
20.595,674425
20.597,674425
20.619,674425
20.63,674425
20.639,674425
20.64,674425
20.642,674425
20.645,674425
20.662,674425
20.691,674425
20.733,674425
20.74,674425
20.77,674425
20.774,674425
20.792,674425
20.797,674425
20.802,674425
20.818,674425
20.829,674425
20.838,674425
20.839,674425
20.846,674425
20.856,674425
20.859,674425
20.861,674425
20.862,674425
20.872,674425
20.881,674425
20.891,674425
20.898,674425
20.909,674425
20.91,674425
20.916,674425
20.92,674425
20.92,674425
20.921,674425
20.923,674425
20.925,674425
20.929,674425
20.935,674425
20.943,674425
20.944,674425
20.955,674425
20.957,674425
20.98,674425
20.986,674425
20.992,674425
21.009,674425
21.025,674425
21.062,674425
21.062,674425
21.069,674425
21.076,674425
21.08,674425
21.089,674425
21.097,674425
21.097,674425
21.098,674425
21.101,674425
21.123,674425
21.14,674425
21.158,674425
21.169,674425
21.177,674425
21.179,674425
21.188,674425
21.19,674425
21.202,674425
21.204,674425
21.218,674425
21.228,674425
21.231,674425
21.237,674425
21.245,674425
21.247,674425
21.249,674425
21.25,674425
21.262,674425
21.268,674425
21.276,674425
21.279,674425
21.282,674425
21.287,674425
21.288,674425
21.304,674425
21.305,674425
21.334,674425
21.335,674051
21.338,674051
21.348,674051
21.382,674051
21.383,674051
21.396,674051
21.402,674051
21.404,674051
21.439,674051
21.449,674051
21.451,674051
21.452,674051
21.457,674051
21.461,674051
21.469,674051
21.477,674051
21.48,674051
21.48,674051
21.498,674051
21.514,674051
21.52,674051
21.525,674051
21.531,674051
21.551,674051
21.558,674051
21.568,674051
21.583,674051
21.584,674051
21.611,674051
21.619,674051
21.621,674051
21.626,674051
21.642,674051
21.659,674051
21.696,674051
21.701,674051
21.706,674051
21.712,674051
21.72,674051
21.742,674051
21.757,674051
21.759,674051
21.76,674051
21.767,674051
21.769,674051
21.784,674051
21.808,674051
21.811,674051
21.811,674051
21.821,674051
21.838,674051
21.856,674051
21.864,674051
21.879,674051
21.885,674051
21.892,674051
21.894,674051
21.915,674051
21.916,674051
21.923,674051
21.933,674051
21.958,674051
21.989,674051
21.993,674051
21.997,674051
21.997,674051
22.005,674051
22.012,674051
22.02,674051
22.05,674051
22.064,674051
22.078,674051
22.079,674051
22.084,674051
22.091,674051
22.094,674051
22.1,674051
22.114,674051
22.127,674051
22.128,674051
22.134,674051
22.144,674051
22.176,674051
22.182,674051
22.194,674051
22.209,674051
22.217,674051
22.221,674051
22.223,674051
22.23,674051
22.235,674051
22.29,674051
22.299,674051
22.306,674051
22.31,674051
22.32,674051
22.366,674051
22.373,674051
22.432,674051
22.45,674051
22.471,674051
22.474,674051
22.477,674051
22.489,674051
22.489,674051
22.497,674051
22.497,674051
22.5,674051
22.566,674051
22.577,674051
22.586,674051
22.59,674051
22.604,674051
22.62,674051
22.625,674051
22.648,674051
22.651,674051
22.655,674051
22.667,674051
22.668,674051
22.67,674051
22.692,674051
22.7,674051
22.701,674051
22.717,674051
22.752,674051
22.766,674051
22.767,674051
22.767,674051
22.781,674051
22.789,674051
22.79,674051
22.79,674051
22.79,674051
22.791,674051
22.801,674051
22.817,674051
22.818,674051
22.848,674051
22.866,674051
22.874,674051
22.875,674051
22.897,674051
22.898,674051
22.9,674051
22.923,674051
22.925,674051
22.928,674051
22.933,674051
22.934,674051
22.938,674051
22.963,674051
22.968,674051
22.986,674051
22.992,674051
22.999,674051
23.001,674051
23.026,674051
23.038,674051
23.042,674051
23.045,674051
23.046,674051
23.069,674051
23.075,674051
23.075,674051
23.106,674051
23.125,674051
23.143,674051
23.148,674051
23.162,674051
23.177,674051
23.209,674051
23.215,674051
23.234,674051
23.241,674051
23.261,674051
23.263,674051
23.296,674051
23.297,674051
23.3,674051
23.317,674051
23.324,674051
23.364,674051
23.368,674051
23.38,674051
23.384,674051
23.392,674051
23.417,674051
23.418,674051
23.42,674051
23.424,674051
23.433,674051
23.446,674051
23.462,674051
23.472,674051
23.485,674051
23.489,674051
23.512,674051
23.513,674051
23.517,674051
23.527,674051
23.528,674051
23.543,674051
23.553,674051
23.553,674051
23.572,674051
23.573,674051
23.573,674051
23.575,674051
23.586,674051
23.595,674051
23.601,674051
23.605,674051
23.608,674051
23.625,674051
23.629,674051
23.635,674051
23.636,674051
23.656,674051
23.661,674051
23.665,674051
23.667,674051
23.667,674051
23.673,674051
23.686,674051
23.689,674051
23.691,674051
23.705,674051
23.719,674051
23.722,674051
23.723,674051
23.725,674051
23.728,674051
23.731,674051
23.759,674051
23.76,674051
23.776,674051
23.785,674051
23.801,674051
23.802,674051
23.803,674051
23.823,674051
23.835,674051
23.857,674051
23.859,674051
23.861,674051
23.869,674051
23.876,674051
23.883,674051
23.903,674051
23.909,674051
23.916,674051
23.956,674051
23.96,674051
24.003,674051
24.015,674051
24.022,674051
24.032,674051
24.069,674051
24.076,674051
24.076,674051
24.088,674051
24.102,674051
24.121,674051
24.123,674051
24.149,674051
24.164,674051
24.167,674051
24.169,674051
24.174,674051
24.186,674051
24.188,674051
24.192,674051
24.192,674051
24.209,674051
24.215,674051
24.23,674051
24.234,674051
24.258,674051
24.259,674051
24.259,674051
24.264,674051
24.271,674051
24.272,674051
24.279,674051
24.295,674051
24.297,674051
24.297,674051
24.299,674051
24.302,674051
24.305,674051
24.309,674051
24.31,674051
24.318,674051
24.325,674051
24.327,674051
24.33,674051
24.357,674051
24.359,674051
24.365,674051
24.385,674051
24.386,674051
24.393,674051
24.403,674051
24.41,674051
24.416,674051
24.419,674051
24.42,674051
24.426,674051
24.434,674051
24.474,674051
24.482,674051
24.486,674051
24.494,674051
24.508,674051
24.542,674051
24.544,674051
24.551,674051
24.559,674051
24.587,674051
24.62,674051
24.654,674051
24.671,674051
24.683,674051
24.695,674051
24.695,674051
24.703,674051
24.705,674051
24.712,674051
24.721,674051
24.723,674051
24.727,674051
24.731,674051
24.738,674051
24.756,674051
24.758,674051
24.774,674051
24.795,674051
24.795,674051
24.839,674051
24.845,674051
24.852,674051
24.854,674051
24.864,674051
24.871,674051
24.875,674051
24.884,674051
24.893,674051
24.894,674051
24.923,674051
24.935,674051
24.968,674051
24.994,674051
24.995,674051
24.996,674051
25.003,674051
25.013,674051
25.025,674051
25.059,674051
25.076,674051
25.087,674051
25.13,674051
25.142,674051
25.152,674051
25.165,674051
25.165,674051
25.171,674051
25.178,674051
25.18,674051
25.185,674051
25.195,674051
25.195,674051
25.195,674051
25.197,674051
25.21,674051
25.215,674051
25.216,674051
25.237,674051
25.244,674051
25.252,674051
25.27,674051
25.277,674051
25.28,674051
25.286,674051
25.297,674051
25.3,674051
25.309,674051
25.309,674051
25.315,674051
25.315,674051
25.328,674051
25.332,674051
25.335,674051
25.336,674051
25.341,674051
25.348,674051
25.352,674051
25.366,674051
25.372,674051
25.373,674051
25.379,674051
25.385,674051
25.396,674051
25.412,674051
25.418,674051
25.42,674051
25.433,674051
25.443,674051
25.444,674051
25.445,674051
25.446,674051
25.45,674051
25.453,674051
25.48,674051
25.493,674051
25.496,674051
25.501,674051
25.533,674051
25.538,674051
25.543,674051
25.548,674051
25.552,674051
25.557,674051
25.607,674051
25.616,674051
25.623,674051
25.624,674051
25.626,674051
25.627,674051
25.632,674051
25.634,674051
25.656,674051
25.66,674051
25.663,674051
25.688,674051
25.704,674051
25.713,674051
25.724,674051
25.73,674051
25.734,674051
25.744,674051
25.745,674051
25.754,674051
25.757,674051
25.787,674051
25.806,674051
25.829,674051
25.832,674051
25.833,674051
25.839,674051
25.842,674051
25.848,674051
25.863,674051
25.864,674051
25.869,674051
25.887,674051
25.899,674051
25.911,674051
25.935,674051
25.936,674051
25.953,674051
25.958,674051
25.972,674051
25.985,674051
25.989,674051
26.008,674051
26.01,674051
26.022,674051
26.049,674051
26.099,674051
26.11,674051
26.116,674051
26.123,674051
26.127,674051
26.143,674051
26.15,674051
26.164,674051
26.167,674051
26.178,674051
26.188,674051
26.192,674051
26.201,674051
26.238,674051
26.26,674051
26.265,674051
26.269,674051
26.273,674051
26.274,674051
26.297,674051
26.301,674051
26.316,674051
26.326,674051
26.333,674051
26.336,674051
26.351,674051
26.364,674051
26.368,674051
26.37,674051
26.375,674051
26.375,674051
26.404,674051
26.438,674051
26.463,674051
26.463,674051
26.468,674051
26.472,674051
26.475,674051
26.496,674051
26.503,674051
26.507,674051
26.515,674051
26.525,674051
26.561,674051
26.561,674051
26.564,674051
26.59,674051
26.592,674051
26.622,674051
26.638,674051
26.654,674051
26.657,674051
26.666,674051
26.666,674051
26.67,674051
26.673,674051
26.675,674051
26.68,674051
26.696,674051
26.703,674051
26.717,674051
26.723,674051
26.736,674051
26.749,674051
26.753,674051
26.754,674051
26.766,674051
26.777,674051
26.806,674051
26.81,674051
26.813,674051
26.841,674051
26.855,674051
26.866,674051
26.902,674051
26.906,674051
26.916,674051
26.921,674051
26.927,674051
26.933,674051
26.937,674051
26.951,674051
26.953,674051
26.964,674051
26.979,674051
26.982,674051
26.997,674051
27.008,674051
27.026,674051
27.033,674051
27.035,674051
27.036,674051
27.041,674051
27.051,674051
27.071,674051
27.094,674051
27.105,674051
27.11,674051
27.131,674051
27.136,674051
27.137,674051
27.141,674051
27.142,674051
27.144,674051
27.145,674051
27.147,674051
27.152,674051
27.161,674051
27.162,674051
27.162,674051
27.167,674051
27.168,674051
27.171,674051
27.18,674051
27.183,674051
27.19,674051
27.198,674051
27.203,674051
27.229,674051
27.232,674051
27.239,674051
27.247,674051
27.248,674051
27.25,674051
27.26,674051
27.283,674051
27.283,674051
27.294,674051
27.298,674051
27.299,674051
27.311,674051
27.313,674051
27.326,674051
27.335,674051
27.353,674051
27.353,674051
27.361,674051
27.361,674051
27.363,674051
27.366,674051
27.382,674051
27.388,674051
27.392,674051
27.411,674051
27.412,674051
27.424,674051
27.426,674051
27.426,674051
27.439,674051
27.45,674051
27.451,674051
27.453,674051
27.455,674051
27.461,674051
27.461,674051
27.462,674051
27.463,674051
27.473,674051
27.474,674051
27.476,674051
27.48,674051
27.482,674051
27.485,674051
27.526,674051
27.537,674051
27.538,674051
27.545,674051
27.547,674051
27.557,674051
27.557,674051
27.585,674051
27.587,674051
27.589,674051
27.592,674051
27.618,674051
27.625,674051
27.635,674051
27.687,674051
27.689,674051
27.689,674051
27.69,674051
27.698,674051
27.729,674051
27.741,674051
27.743,674051
27.744,674051
27.761,674051
27.764,674051
27.779,674051
27.788,674051
27.808,674051
27.815,674051
27.819,674051
27.84,674051
27.856,674051
27.868,674051
27.871,674051
27.874,674051
27.876,674051
27.893,674051
27.896,674051
27.95,674051
27.952,674051
27.956,674051
27.975,674051
27.98,674051
27.989,674051
27.992,674051
28.009,674051
28.012,674051
28.013,674051
28.014,674051
28.019,674051
28.02,674051
28.025,674051
28.028,674051
28.037,674051
28.04,674051
28.049,674051
28.054,674051
28.059,674051
28.063,674051
28.072,674051
28.076,674051
28.08,674051
28.104,674051
28.104,674051
28.106,674051
28.111,674051
28.127,674051
28.134,674051
28.136,674051
28.205,674051
28.211,674051
28.216,674051
28.218,674051
28.263,674051
28.264,674051
28.277,674051
28.281,674051
28.286,674051
28.296,674051
28.3,674051
28.301,674051
28.305,674051
28.308,674051
28.31,674051
28.314,674051
28.322,674051
28.354,674051
28.356,674051
28.361,674051
28.375,674051
28.386,674051
28.387,674051
28.403,674051
28.416,674051
28.423,674051
28.432,674051
28.456,674051
28.475,674051
28.477,674051
28.481,674051
28.484,674051
28.504,674051
28.504,674051
28.529,674051
28.532,674051
28.542,674051
28.549,674051
28.562,674051
28.577,674051
28.595,674051
28.616,674051
28.622,674051
28.626,674051
28.633,674051
28.645,674051
28.65,674051
28.654,674051
28.658,674051
28.666,674051
28.667,674051
28.682,674051
28.685,674051
28.691,674051
28.693,674051
28.695,674051
28.712,674051
28.715,674051
28.727,674051
28.746,674051
28.746,674051
28.752,674051
28.765,674051
28.777,674051
28.783,674051
28.784,674051
28.791,674051
28.811,674051
28.828,674051
28.831,674051
28.842,674051
28.857,674051
28.859,674051
28.882,674051
28.894,674051
28.899,674051
28.911,674051
28.917,674051
28.92,674051
28.929,674051
28.937,674051
28.942,674051
28.958,674051
28.958,674051
28.964,674051
28.98,674051
28.984,674051
28.986,674051
28.988,674051
28.99,674051
28.994,674051
28.997,674051
29.025,674051
29.032,674051
29.052,674051
29.077,674051
29.09,674051
29.106,674051
29.125,674051
29.153,674051
29.156,674051
29.189,674051
29.194,674051
29.199,674051
29.213,674051
29.22,674051
29.243,674051
29.253,674051
29.265,674051
29.286,674051
29.293,674051
29.314,674051
29.344,674051
29.348,674051
29.352,674051
29.365,674051
29.369,674051
29.381,674051
29.386,674051
29.387,674051
29.401,674051
29.411,674051
29.417,674051
29.419,674051
29.42,674051
29.442,674051
29.451,674051
29.453,674051
29.455,674051
29.456,674051
29.468,674051
29.48,674051
29.482,674051
29.485,674051
29.487,674051
29.508,674051
29.509,674051
29.512,674051
29.514,674051
29.519,674051
29.527,674051
29.539,674051
29.548,674051
29.558,674051
29.563,674051
29.565,674051
29.566,674051
29.583,674051
29.591,674051
29.601,674051
29.615,674051
29.667,674051
29.672,674051
29.677,674051
29.678,674051
29.69,674051
29.702,674051
29.711,674051
29.712,674051
29.717,674051
29.719,674051
29.726,674051
29.751,674051
29.759,674051
29.77,674051
29.778,674051
29.787,674051
29.792,674051
29.824,674051
29.838,674051
29.841,674051
29.842,674051
29.846,674051
29.865,674051
29.868,674051
29.869,674051
29.877,674051
29.889,674051
29.926,674051
29.929,674051
29.947,674051
29.948,674051
29.996,674051
