0.002,6963883
0.002,6963309
0.002,6963316
0.003,6957323
0.003,6949128
0.003,6944488
0.003,6932341
0.003,6927462
0.003,6917602
0.004,6916097
0.004,6905508
0.004,6903711
0.004,6880965
0.004,6869715
0.005,6865586
0.005,6867755
0.005,6801626
0.005,6788534
0.005,6771748
0.005,6768143
0.006,6767643
0.006,6766389
0.006,6766077
0.006,6765109
0.007,6761778
0.007,6742627
0.007,6740034
0.007,6731721
0.007,6696199
0.009,6693075
0.009,6692572
0.009,6680687
0.009,6663799
0.009,6663799
0.009,6662239
0.009,6636697
0.009,6633722
0.009,6628380
0.01,6626423
0.011,6626398
0.011,6624144
0.012,6618396
0.012,6615207
0.012,6609633
0.012,6567309
0.013,6508861
0.013,6396938
0.013,6392333
0.013,6384861
0.013,6370731
0.014,6328620
0.014,6321402
0.014,6312390
0.014,6298937
0.014,6297858
0.015,6292262
0.016,6174157
0.016,6172161
0.016,6172161
0.016,6172110
0.018,5991875
0.018,5991254
0.018,5988054
0.018,5968297
0.018,5953314
0.019,5949928
0.019,5938059
0.019,5931498
0.019,5819016
0.019,5799854
0.019,5795364
0.02,5795035
0.02,5790872
0.02,5790378
0.02,5789696
0.02,5780691
0.021,5778514
0.021,5767106
0.021,5759653
0.022,5750009
0.022,5750009
0.023,5731822
0.023,5719738
0.023,5718848
0.023,5715476
0.023,5709285
0.023,5686350
0.024,5672492
0.024,5657833
0.024,5652720
0.025,5640930
0.025,5639267
0.025,5638240
0.025,5634246
0.026,5631262
0.026,5617024
0.026,5614969
0.027,5613534
0.027,5612908
0.027,5612364
0.027,5611797
0.028,5603206
0.028,5515830
0.028,5507737
0.029,5507737
0.029,5507737
0.029,5432526
0.029,5416604
0.029,5414022
0.03,5412185
0.03,5407911
0.03,5406595
0.031,5406595
0.031,5395682
0.032,5390763
0.032,5388310
0.033,5383240
0.033,5380039
0.033,5379277
0.033,5376845
0.033,5355772
0.034,5348001
0.034,5336052
0.034,5332997
0.034,5332988
0.035,5331950
0.035,5330821
0.035,5321289
0.036,5319776
0.036,5252199
0.037,5239101
0.037,5239101
0.038,5145090
0.038,5143383
0.039,5143309
0.04,5130602
0.04,5119454
0.04,5113070
0.041,5113070
0.041,5108384
0.041,5097476
0.042,5096950
0.042,5094638
0.042,5070360
0.042,5065648
0.042,5065150
0.043,5059406
0.043,5059406
0.043,5047866
0.043,5047866
0.043,5017960
0.044,5017046
0.044,5017046
0.045,5001135
0.045,4989782
0.045,4980006
0.046,4959723
0.047,4954824
0.047,4952960
0.047,4941831
0.048,4923850
0.048,4919548
0.049,4890236
0.049,4831899
0.05,4817819
0.051,4817774
0.051,4810378
0.052,4809362
0.053,4724692
0.053,4722712
0.054,4720958
0.054,4720958
0.054,4644669
0.055,4641768
0.056,4613183
0.056,4611839
0.057,4599403
0.057,4599168
0.057,4595247
0.058,4594177
0.058,4591419
0.059,4590075
0.059,4581322
0.059,4563456
0.059,4531479
0.059,4523305
0.06,4522853
0.06,4515641
0.061,4506349
0.061,4502493
0.061,4488645
0.061,4478337
0.062,4455507
0.062,4443948
0.062,4442287
0.063,4437917
0.063,4409203
0.063,4408653
0.064,4402790
0.064,4402790
0.065,4395717
0.065,4381420
0.065,4371421
0.065,4354749
0.067,4339434
0.067,4336520
0.067,4336477
0.067,4315062
0.068,4307806
0.068,4307612
0.068,4304813
0.068,4243787
0.07,4239534
0.07,4230148
0.072,4228243
0.072,4221191
0.073,4212143
0.073,4202690
0.074,4202209
0.074,4201289
0.076,4189190
0.076,4188594
0.076,4188096
0.076,4181216
0.076,4141812
0.077,4140239
0.077,4138548
0.077,4138426
0.077,4122847
0.078,4122847
0.078,4093771
0.078,4075932
0.078,4066803
0.08,4057139
0.081,4032503
0.081,4031853
0.082,4030601
0.083,4016322
0.084,4016035
0.084,4014884
0.085,4013063
0.085,4011237
0.086,4000386
0.086,3994020
0.088,3990544
0.089,3990544
0.089,3983692
0.09,3981651
0.091,3951160
0.092,3949950
0.092,3948710
0.092,3888901
0.092,3884502
0.093,3884483
0.094,3869718
0.094,3867499
0.095,3863345
0.095,3863175
0.095,3843060
0.097,3843060
0.097,3842593
0.097,3827723
0.098,3827546
0.099,3827546
0.099,3820936
0.1,3818822
0.101,3818505
0.101,3799242
0.103,3796548
0.103,3793984
0.103,3793628
0.103,3793540
0.104,3789001
0.105,3779585
0.106,3778615
0.108,3738731
0.108,3735574
0.109,3733661
0.109,3733658
0.109,3733658
0.11,3729776
0.111,3726268
0.111,3723595
0.112,3723220
0.112,3722455
0.112,3722254
0.114,3719353
0.115,3698533
0.116,3698211
0.116,3690728
0.116,3684515
0.118,3683243
0.12,3683243
0.121,3682002
0.124,3681507
0.125,3679683
0.125,3677290
0.127,3676611
0.128,3637222
0.13,3633214
0.131,3606305
0.131,3606191
0.131,3601079
0.132,3601079
0.133,3598965
0.133,3598399
0.133,3597036
0.133,3593988
0.133,3587272
0.135,3587272
0.135,3563717
0.136,3563676
0.137,3563427
0.137,3561050
0.138,3542130
0.139,3537848
0.14,3527733
0.14,3512040
0.141,3510520
0.141,3504766
0.141,3504583
0.144,3497257
0.144,3490160
0.145,3489190
0.146,3488151
0.146,3488151
0.148,3485689
0.148,3485327
0.149,3484381
0.15,3483976
0.151,3483976
0.152,3458509
0.153,3456661
0.153,3447158
0.153,3395203
0.153,3385124
0.153,3384777
0.155,3384760
0.155,3359808
0.156,3356014
0.157,3343352
0.157,3338151
0.157,3326676
0.158,3245700
0.159,3245700
0.159,3231053
0.159,3221310
0.16,3206557
0.16,3204726
0.161,3194829
0.161,3190572
0.162,3188637
0.163,3176879
0.165,3176879
0.166,3153264
0.168,3149507
0.168,3149135
0.168,3148237
0.169,3146437
0.169,3142274
0.17,3137465
0.172,3134926
0.172,3134926
0.173,3134456
0.173,3131833
0.174,3129996
0.174,3129990
0.174,3129990
0.175,3121629
0.175,3093472
0.176,3092837
0.177,3084569
0.177,3084199
0.178,3081162
0.18,3077662
0.18,3076328
0.181,3076039
0.182,3075659
0.183,3071391
0.183,3067928
0.184,3067928
0.187,3067928
0.188,3054195
0.192,3052956
0.193,3052053
0.194,3051251
0.194,3036556
0.196,3034622
0.196,3023403
0.196,3023333
0.198,3022914
0.199,3014687
0.201,3013773
0.202,3013773
0.202,3012799
0.204,3012799
0.204,3012130
0.204,3008242
0.206,2975242
0.207,2968025
0.207,2967998
0.207,2967088
0.208,2960679
0.209,2960640
0.209,2958226
0.209,2956016
0.21,2956016
0.21,2939538
0.211,2939182
0.211,2939182
0.212,2937460
0.215,2937256
0.216,2936426
0.218,2935725
0.218,2935113
0.219,2935093
0.22,2929004
0.22,2928556
0.221,2925828
0.223,2925014
0.223,2924486
0.23,2834978
0.23,2832798
0.23,2832165
0.231,2832165
0.234,2832140
0.235,2832140
0.235,2830623
0.236,2821087
0.237,2818904
0.238,2818372
0.238,2818372
0.238,2811406
0.24,2809104
0.243,2808869
0.243,2808224
0.244,2807017
0.244,2803709
0.245,2793189
0.248,2789243
0.249,2788601
0.251,2787240
0.252,2787222
0.252,2786639
0.253,2785223
0.255,2772135
0.256,2720563
0.256,2720031
0.259,2714835
0.259,2714062
0.259,2712681
0.264,2711841
0.265,2711106
0.265,2710722
0.269,2710036
0.269,2707958
0.272,2701317
0.272,2681596
0.273,2612028
0.274,2611688
0.275,2611246
0.275,2609667
0.276,2608510
0.277,2606884
0.278,2605826
0.279,2604215
0.28,2602684
0.281,2591693
0.282,2591690
0.283,2588797
0.283,2547794
0.284,2531286
0.285,2530010
0.287,2530010
0.289,2526192
0.291,2517566
0.292,2490035
0.292,2485810
0.296,2485269
0.299,2472779
0.3,2472779
0.3,2472623
0.301,2472092
0.304,2472092
0.308,2472048
0.309,2471792
0.31,2457374
0.311,2456339
0.311,2456276
0.314,2455362
0.315,2455292
0.316,2455207
0.317,2454073
0.318,2448718
0.323,2448718
0.324,2448061
0.325,2447138
0.326,2446198
0.326,2445722
0.327,2437830
0.328,2425127
0.329,2424217
0.33,2424196
0.33,2424146
0.331,2424125
0.332,2424125
0.333,2423380
0.334,2423380
0.335,2423380
0.337,2414166
0.337,2413663
0.341,2412130
0.341,2410650
0.342,2410650
0.342,2410650
0.343,2408588
0.346,2406553
0.346,2406411
0.347,2405122
0.35,2405122
0.352,2405016
0.354,2399065
0.359,2393516
0.363,2392244
0.366,2388135
0.367,2373059
0.367,2373059
0.367,2353670
0.371,2350671
0.372,2347161
0.373,2345739
0.375,2333387
0.378,2329500
0.381,2329500
0.381,2328631
0.383,2327176
0.383,2323856
0.385,2315066
0.39,2315066
0.392,2314641
0.392,2313792
0.393,2313349
0.394,2312882
0.394,2312882
0.396,2311388
0.397,2298707
0.398,2298042
0.4,2297865
0.401,2297865
0.403,2292953
0.413,2292953
0.413,2289794
0.418,2289687
0.424,2284402
0.424,2283989
0.425,2283887
0.426,2282195
0.427,2276360
0.43,2270509
0.43,2268805
0.431,2268805
0.433,2232246
0.434,2232225
0.434,2231468
0.437,2215617
0.439,2214187
0.439,2213843
0.442,2213843
0.444,2212760
0.447,2212210
0.45,2181771
0.45,2180610
0.45,2179225
0.452,2175480
0.452,2141669
0.454,2129309
0.455,2117533
0.455,2116495
0.458,2116495
0.463,2116495
0.466,2114755
0.47,2113544
0.471,2113544
0.476,2113535
0.477,2113535
0.479,2112627
0.481,2104900
0.482,2096349
0.492,2096349
0.495,2093562
0.498,2091375
0.501,2085359
0.505,2085313
0.507,2084864
0.51,2084810
0.513,2084810
0.514,2084616
0.514,2081812
0.522,2081285
0.523,2081285
0.524,2080129
0.525,2079976
0.525,2079976
0.525,2079976
0.529,2079645
0.532,2070277
0.533,2068870
0.537,2066675
0.538,2065568
0.542,2064997
0.543,2063755
0.544,2062248
0.547,2054278
0.547,2053804
0.549,2051923
0.553,2051079
0.557,2049859
0.558,2043415
0.559,2042667
0.559,2041298
0.559,2040687
0.56,2039038
0.565,2039038
0.568,2038791
0.57,2037880
0.582,2031524
0.585,2029918
0.586,2029514
0.587,2029220
0.587,2027633
0.588,2027590
0.589,2024819
0.591,2024819
0.593,2024483
0.594,2020631
0.594,2019918
0.599,2007703
0.601,2006859
0.603,2005014
0.61,2005014
0.61,2002962
0.613,2000434
0.614,1998332
0.614,1997538
0.616,1996750
0.622,1995860
0.625,1995860
0.63,1995820
0.63,1994987
0.631,1994469
0.633,1994469
0.639,1991531
0.64,1990386
0.641,1988439
0.643,1983200
0.643,1983200
0.645,1982241
0.646,1980308
0.647,1980308
0.652,1979279
0.656,1978842
0.668,1972207
0.678,1971396
0.686,1971396
0.688,1970403
0.688,1968004
0.689,1968004
0.69,1967860
0.697,1967860
0.7,1967332
0.701,1964929
0.701,1964144
0.703,1964144
0.704,1964132
0.704,1962237
0.71,1961545
0.712,1961545
0.713,1959557
0.714,1957483
0.714,1948237
0.714,1948237
0.715,1917649
0.718,1914338
0.722,1914285
0.723,1914285
0.733,1913851
0.738,1907826
0.742,1906752
0.746,1902737
0.751,1902285
0.755,1902213
0.758,1899290
0.76,1899225
0.765,1885769
0.765,1885769
0.768,1884412
0.771,1882525
0.772,1881561
0.774,1881416
0.78,1881416
0.78,1881416
0.782,1878032
0.785,1877363
0.786,1876738
0.791,1876738
0.791,1876186
0.791,1874495
0.796,1874212
0.796,1862864
0.798,1861454
0.799,1861064
0.8,1840491
0.804,1836859
0.813,1836859
0.817,1836859
0.818,1770440
0.824,1770079
0.825,1768878
0.827,1768871
0.828,1768871
0.829,1767777
0.83,1765312
0.836,1765312
0.836,1762720
0.839,1762720
0.84,1760824
0.84,1760824
0.851,1760824
0.858,1759597
0.861,1756452
0.862,1750472
0.863,1750472
0.863,1746693
0.868,1745679
0.871,1744492
0.872,1701241
0.879,1701241
0.883,1700924
0.883,1700734
0.898,1700734
0.898,1696899
0.902,1696195
0.912,1696195
0.913,1665611
0.92,1627506
0.922,1625383
0.923,1623683
0.93,1623683
0.934,1623157
0.936,1622361
0.938,1622361
0.938,1622361
0.941,1619221
0.946,1619221
0.947,1616630
0.948,1579972
0.948,1579972
0.953,1579972
0.959,1579426
0.961,1578235
0.962,1577609
0.967,1577609
0.968,1577609
0.968,1575944
0.98,1572098
0.98,1570080
0.985,1569020
0.986,1569020
0.988,1562400
0.992,1562400
0.994,1562110
0.994,1558861
0.995,1558861
0.999,1556816
1,1544369
1.009,1540069
1.027,1539985
1.03,1539985
1.034,1539985
1.036,1494467
1.037,1493940
1.037,1493940
1.038,1493787
1.046,1492951
1.049,1492702
1.052,1477506
1.056,1477506
1.057,1477506
1.063,1477506
1.067,1477142
1.069,1475788
1.072,1435535
1.074,1430442
1.075,1429777
1.08,1403813
1.083,1403813
1.089,1403813
1.093,1403006
1.094,1402560
1.101,1402560
1.105,1402538
1.106,1402538
1.107,1402439
1.108,1402084
1.112,1402084
1.113,1401801
1.116,1401801
1.118,1401801
1.121,1401782
1.13,1401782
1.133,1398873
1.135,1398778
1.138,1398778
1.14,1398224
1.141,1391973
1.148,1391973
1.155,1388557
1.158,1385981
1.166,1385981
1.169,1378674
1.172,1376818
1.172,1376818
1.174,1370709
1.177,1370709
1.185,1370405
1.191,1370160
1.192,1370160
1.196,1303899
1.197,1303899
1.206,1303515
1.207,1302821
1.217,1302220
1.219,1297184
1.229,1296331
1.237,1290420
1.237,1290218
1.249,1290218
1.256,1290146
1.259,1287392
1.26,1286627
1.261,1286627
1.264,1286627
1.275,1286627
1.282,1286627
1.284,1285351
1.295,1285351
1.296,1285280
1.296,1284423
1.297,1284423
1.299,1284423
1.299,1284423
1.306,1284423
1.308,1284423
1.323,1284423
1.323,1280689
1.325,1279241
1.328,1278789
1.329,1262122
1.331,1261350
1.34,1261350
1.341,1261224
1.342,1260611
1.344,1260611
1.345,1248198
1.351,1248198
1.352,1242438
1.358,1242185
1.361,1242185
1.366,1242184
1.367,1237410
1.376,1222901
1.378,1222901
1.383,1219150
1.384,1219150
1.4,1219150
1.406,1218036
1.411,1209008
1.418,1208209
1.419,1208209
1.419,1208144
1.431,1206700
1.447,1205827
1.448,1203432
1.451,1203432
1.453,1203432
1.456,1187944
1.457,1187173
1.459,1172723
1.463,1161458
1.465,1161458
1.474,1161458
1.474,1158081
1.474,1158081
1.483,1157333
1.487,1154879
1.49,1154879
1.492,1154879
1.493,1154879
1.495,1154879
1.511,1154879
1.512,1154879
1.514,1151869
1.516,1151101
1.528,1149926
1.53,1149822
1.539,1149822
1.543,1149822
1.544,1149822
1.555,1146199
1.561,1146035
1.565,1143391
1.566,1143201
1.583,1143201
1.585,1142450
1.589,1142450
1.597,1142450
1.604,1142450
1.608,1139367
1.61,1139367
1.611,1139002
1.613,1134089
1.626,1132752
1.628,1132677
1.63,1132677
1.632,1132677
1.635,1130692
1.643,1130692
1.643,1130692
1.661,1129458
1.67,1129458
1.671,1129437
1.673,1129280
1.673,1128465
1.675,1118084
1.677,1115451
1.682,1115451
1.682,1115451
1.684,1114980
1.684,1114596
1.685,1114596
1.687,1111204
1.687,1110750
1.697,1110750
1.699,1110750
1.709,1110050
1.714,1110050
1.721,1110050
1.733,1109891
1.735,1108656
1.746,1108656
1.75,1108656
1.754,1108274
1.757,1108274
1.765,1107056
1.765,1101127
1.773,1101127
1.782,1101127
1.783,1101127
1.784,1100956
1.786,1100086
1.788,1099814
1.796,1099259
1.799,1099259
1.8,1099259
1.801,1098312
1.807,1096238
1.807,1096068
1.818,1095706
1.828,1075099
1.835,1073002
1.842,1073002
1.849,1072155
1.849,1072155
1.852,1072155
1.854,1072155
1.862,1066483
1.863,1066483
1.865,1066483
1.875,1066406
1.877,1066406
1.887,1066190
1.895,1066190
1.899,1065994
1.9,1065953
1.901,1065406
1.902,1062670
1.905,1058705
1.909,1058705
1.919,1057290
1.925,1057290
1.927,1057290
1.928,1056428
1.929,1056428
1.932,1053979
1.942,1053979
1.944,1053979
1.945,1047465
1.953,1046725
1.955,1046725
1.957,1046722
1.967,1044910
1.984,1044683
1.99,1044683
1.993,1044683
1.994,1044683
2.001,1044683
2.002,1044683
2.003,1044214
2.006,1044214
2.02,1043168
2.035,1043168
2.041,1041991
2.043,1041991
2.057,1041991
2.058,1041991
2.062,1041272
2.063,1041272
2.065,1040834
2.069,1040834
2.069,1040834
2.075,1037184
2.076,1036889
2.077,1036235
2.08,1036235
2.094,1036235
2.094,1036235
2.098,1036235
2.104,1034610
2.106,1034610
2.112,1034610
2.115,1034610
2.124,1034610
2.126,1034610
2.13,1034499
2.134,1034499
2.139,1034219
2.145,1033741
2.159,1029650
2.16,1029650
2.16,1029650
2.161,1029444
2.164,1029444
2.174,1027449
2.187,1026766
2.189,1026766
2.19,1026442
2.19,1026442
2.198,1026442
2.2,1026442
2.204,1026442
2.206,1026442
2.209,1026135
2.215,1026135
2.221,1025448
2.23,1024622
2.234,1022721
2.241,1022721
2.26,1019092
2.26,1011035
2.262,1010023
2.263,1010023
2.266,1009394
2.27,1009394
2.272,1009067
2.273,1009067
2.279,1007646
2.279,1002662
2.28,1001183
2.289,1001183
2.292,1001183
2.294,1001183
2.299,1001183
2.302,1001183
2.302,1000277
2.305,1000277
2.305,999764
2.307,997043
2.308,997043
2.309,997043
2.313,996045
2.314,995595
2.315,995595
2.318,995595
2.323,993936
2.325,993775
2.327,993264
2.332,993213
2.333,993213
2.337,991541
2.341,991276
2.349,979410
2.349,979410
2.35,979410
2.369,979410
2.375,979410
2.38,979410
2.384,976458
2.386,976318
2.386,974646
2.388,973965
2.391,973965
2.409,973965
2.417,973965
2.418,970660
2.426,970660
2.443,968894
2.443,968894
2.45,968894
2.451,962792
2.457,962792
2.464,962792
2.464,961871
2.468,961871
2.471,961146
2.472,960099
2.495,960099
2.499,960099
2.504,960099
2.521,959897
2.524,958348
2.526,955388
2.539,953359
2.541,950749
2.542,950628
2.547,950622
2.551,950562
2.555,949956
2.558,948658
2.572,947153
2.588,947153
2.591,947153
2.603,946136
2.609,946136
2.628,946136
2.642,946136
2.647,944869
2.654,944869
2.655,944869
2.655,944869
2.682,944869
2.699,944090
2.703,944090
2.708,941168
2.711,941168
2.718,941168
2.734,941168
2.738,941168
2.75,941168
2.751,941168
2.758,941168
2.76,941154
2.767,941154
2.771,941154
2.777,941154
2.777,941154
2.784,941154
2.786,941154
2.794,941154
2.799,936084
2.813,936084
2.816,935151
2.82,935151
2.821,935151
2.835,935151
2.837,935151
2.848,935151
2.858,935151
2.861,935151
2.869,934686
2.873,934686
2.874,934686
2.88,934686
2.885,934458
2.916,934458
2.918,932592
2.926,932592
2.933,932592
2.942,932592
2.945,932592
2.948,932592
2.959,932592
2.961,932592
2.964,932592
2.976,932492
2.987,930982
3.006,926820
3.008,923699
3.018,923699
3.024,923699
3.032,923699
3.034,923699
3.038,922896
3.039,919554
3.045,919249
3.055,909231
3.057,909053
3.072,909053
3.079,909053
3.106,909053
3.109,909053
3.119,909053
3.12,898144
3.121,898144
3.125,898144
3.126,896185
3.131,896185
3.139,895870
3.15,895870
3.16,895619
3.164,895619
3.166,893040
3.169,892837
3.173,892258
3.189,892258
3.196,892258
3.201,892258
3.21,892258
3.219,892258
3.223,892258
3.224,892258
3.236,892092
3.24,892092
3.24,892092
3.242,892092
3.245,892092
3.27,892092
3.298,891985
3.31,891985
3.315,891521
3.317,891521
3.318,891521
3.325,891521
3.364,891521
3.368,891521
3.369,891521
3.381,891521
3.384,890927
3.386,890927
3.404,890927
3.413,890927
3.415,889932
3.416,889277
3.422,889277
3.425,889277
3.427,889277
3.429,889277
3.435,887822
3.437,887822
3.438,886503
3.439,886503
3.442,886351
3.442,886351
3.444,886351
3.445,882755
3.452,882755
3.47,878139
3.483,878139
3.483,872161
3.492,872161
3.493,872161
3.506,872161
3.522,869709
3.537,869709
3.548,868957
3.549,868957
3.556,868887
3.559,868887
3.565,868887
3.57,868465
3.572,868200
3.579,865614
3.59,865614
3.597,865549
3.607,865549
3.614,865549
3.616,865549
3.616,865549
3.62,865549
3.626,865192
3.631,865192
3.631,861614
3.66,861614
3.665,861614
3.666,861614
3.673,861495
3.674,861495
3.686,861495
3.689,843292
3.69,842392
3.698,842392
3.7,842392
3.709,842010
3.71,842010
3.727,842010
3.764,842010
3.787,842010
3.793,842010
3.809,841433
3.81,841433
3.822,841433
3.827,841433
3.828,841433
3.832,841433
3.832,841433
3.842,841433
3.845,840576
3.851,840576
3.854,840576
3.856,840576
3.861,840576
3.864,840576
3.865,840576
3.868,838766
3.869,838766
3.869,836193
3.879,836193
3.883,836193
3.887,835952
3.896,835952
3.898,835952
3.899,835952
3.9,835952
3.903,835952
3.921,835952
3.929,833375
3.932,831631
3.935,831631
3.943,831631
3.947,831598
3.95,831598
3.963,831598
3.971,831598
3.972,831128
3.974,831128
3.979,831128
3.992,831128
4.007,831128
4.017,831128
4.036,831128
4.037,831088
4.038,830812
4.052,830812
4.056,827213
4.062,826902
4.063,820530
4.065,820530
4.066,820530
4.071,820530
4.091,820530
4.105,820455
4.119,820455
4.124,820455
4.132,820455
4.135,820455
4.138,820455
4.14,819917
4.145,819917
4.146,819917
4.149,819917
4.15,819917
4.152,819917
4.153,819317
4.154,819317
4.162,819317
4.168,819317
4.209,819317
4.217,819317
4.222,819317
4.239,819317
4.245,819317
4.247,819317
4.252,819317
4.27,819317
4.272,819317
4.285,819317
4.298,818516
4.336,818516
4.356,818516
4.36,818516
4.369,818516
4.376,818516
4.38,818516
4.38,818453
4.386,818453
4.408,818453
4.414,818453
4.422,818453
4.423,818453
4.438,818453
4.438,818297
4.449,818297
4.451,818129
4.461,818129
4.468,816930
4.474,816930
4.486,815274
4.517,815274
4.52,815274
4.532,815274
4.566,815274
4.573,815274
4.574,815274
4.575,815076
4.577,814885
4.578,814885
4.586,813235
4.588,813235
4.591,813235
4.606,812955
4.61,812955
4.616,812955
4.631,812955
4.634,812955
4.637,812955
4.646,806040
4.65,806040
4.669,806040
4.673,806040
4.681,806040
4.704,806040
4.711,806040
4.715,806040
4.717,806040
4.733,802181
4.743,802181
4.746,802181
4.751,802181
4.759,802181
4.76,802181
4.769,802181
4.77,802181
4.777,802181
4.782,802181
4.799,802181
4.816,802181
4.817,802181
4.827,802181
4.836,802181
4.84,802181
4.849,800663
4.861,800663
4.864,800296
4.865,800296
4.866,800296
4.867,800296
4.869,800296
4.88,800296
4.884,800296
4.887,800296
4.91,800296
4.916,800296
4.919,800296
4.935,800296
4.937,800296
4.939,798014
4.94,798014
4.942,798014
4.976,794371
4.994,794371
5,794371
5.001,794371
5.004,794371
5.015,794371
5.017,794371
5.027,794371
5.029,794371
5.032,793988
5.053,793988
5.061,793988
5.071,793988
5.072,793988
5.074,792106
5.08,791921
5.082,791921
5.091,791921
5.097,791921
5.13,791921
5.138,791921
5.138,791921
5.14,790847
5.141,790673
5.16,790673
5.161,790673
5.162,790643
5.169,790643
5.188,790643
5.189,790643
5.204,787268
5.212,787268
5.216,787268
5.222,787268
5.223,787268
5.232,787160
5.236,787160
5.252,787160
5.256,787160
5.258,787160
5.274,787160
5.282,787160
5.298,787160
5.323,785759
5.343,785759
5.345,785759
5.355,785759
5.36,784822
5.377,781130
5.382,781130
5.385,781041
5.404,781041
5.406,781041
5.411,781041
5.438,781041
5.441,781041
5.445,781041
5.449,781041
5.466,781041
5.477,781041
5.48,781041
5.485,781041
5.498,780074
5.512,780074
5.521,780074
5.527,780074
5.529,780074
5.531,780074
5.538,780074
5.538,780074
5.542,780074
5.547,780074
5.55,780074
5.556,780074
5.557,780074
5.566,779554
5.593,779554
5.603,779554
5.609,779554
5.611,779554
5.613,779554
5.614,779554
5.617,779125
5.634,779125
5.646,778379
5.655,778379
5.667,778164
5.668,778164
5.683,778164
5.688,778164
5.693,778164
5.712,778164
5.715,778164
5.729,778164
5.744,776884
5.748,776884
5.778,776884
5.78,776602
5.785,776602
5.787,776602
5.797,776602
5.8,776602
5.84,776602
5.843,776602
5.848,757249
5.849,757249
5.852,757249
5.856,757249
5.858,757249
5.863,757249
5.864,757249
5.868,757249
5.88,757249
5.884,757249
5.89,757249
5.891,757249
5.894,757249
5.895,757249
5.902,757249
5.904,757249
5.904,757249
5.912,757249
5.95,757249
5.951,757249
5.958,757249
5.961,757249
5.966,750796
5.973,750349
5.976,750349
5.978,750349
5.978,750349
5.982,750312
5.991,750312
5.996,750312
6.005,750312
6.016,750312
6.019,750312
6.022,750312
6.03,750312
6.043,750312
6.047,748978
6.05,748978
6.055,748978
6.092,748978
6.105,748978
6.107,748978
6.109,748978
6.112,748978
6.12,748978
6.13,748978
6.131,748978
6.132,748978
6.14,748978
6.143,748978
6.15,748978
6.153,748978
6.162,748978
6.177,748978
6.194,748978
6.199,748978
6.202,748978
6.204,748978
6.232,748955
6.235,748955
6.244,748955
6.245,748955
6.264,748955
6.265,748955
6.266,748955
6.272,748955
6.281,748955
6.287,748955
6.296,748955
6.305,748955
6.319,748955
6.327,748955
6.336,748955
6.346,748955
6.358,748549
6.36,748020
6.364,748020
6.374,748020
6.376,747837
6.383,747837
6.406,747811
6.409,747811
6.421,747811
6.436,747811
6.443,747811
6.485,747811
6.49,747811
6.496,747811
6.497,747811
6.501,747811
6.507,747811
6.51,747811
6.53,747811
6.537,747811
6.551,747811
6.553,747811
6.56,747811
6.561,747811
6.563,747811
6.565,747811
6.571,747811
6.573,747811
6.579,747811
6.581,747811
6.583,747803
6.594,747803
6.596,747803
6.615,747803
6.626,747803
6.628,747803
6.631,747803
6.643,747803
6.644,747803
6.659,747803
6.681,747803
6.696,745871
6.719,745871
6.732,745871
6.741,745871
6.751,745871
6.752,745871
6.757,745871
6.757,745871
6.768,745871
6.77,745871
6.782,745871
6.804,745871
6.821,745871
6.823,745871
6.826,745871
6.829,745871
6.834,745871
6.84,745871
6.861,745871
6.868,745871
6.872,745871
6.891,745871
6.891,745871
6.902,745052
6.906,745052
6.907,744262
6.909,744262
6.914,744262
6.927,744262
6.93,744262
6.943,744262
6.969,744262
6.976,744262
6.98,744262
6.994,744262
7.02,744262
7.024,744262
7.037,744262
7.037,744262
7.048,744262
7.058,744139
7.074,744139
7.077,744139
7.088,744139
7.095,744139
7.112,744139
7.113,743584
7.127,743584
7.136,743584
7.144,743584
7.144,743584
7.151,743584
7.155,743584
7.16,743584
7.162,743584
7.169,743584
7.206,743584
7.232,743584
7.269,743584
7.271,743584
7.275,743584
7.335,743584
7.349,743584
7.362,743584
7.364,743584
7.385,743584
7.409,743467
7.419,743467
7.426,743467
7.487,743467
7.492,743074
7.494,742628
7.501,742628
7.505,742628
7.512,742628
7.522,742628
7.526,742628
7.538,742628
7.542,742628
7.545,742628
7.549,742628
7.549,742628
7.552,742628
7.569,742628
7.573,742628
7.591,742628
7.605,742628
7.615,742628
7.631,742628
7.632,742628
7.633,742628
7.676,742628
7.677,742628
7.689,742628
7.71,742628
7.741,742628
7.744,742628
7.744,742628
7.745,742628
7.756,742628
7.757,742628
7.758,742079
7.771,742079
7.775,742079
7.783,742079
7.832,742079
7.84,742079
7.853,742079
7.868,742079
7.875,742079
7.883,742079
7.884,740744
7.884,740744
7.93,740744
7.947,740744
7.952,740744
7.956,740744
7.956,740744
7.965,740744
7.975,740744
7.993,740689
7.996,740689
8.01,740689
8.017,740689
8.019,740689
8.044,740402
8.057,740402
8.063,740402
8.065,740402
8.112,740402
8.117,740402
8.123,740402
8.13,740402
8.131,740402
8.131,739241
8.131,739241
8.178,739241
8.185,739241
8.196,739241
8.207,739241
8.21,739241
8.243,739241
8.25,739241
8.28,739241
8.302,739241
8.302,739241
8.319,739241
8.32,739241
8.332,739241
8.339,739241
8.355,739024
8.359,739024
8.379,739024
8.38,739024
8.406,739024
8.408,739024
8.415,739024
8.423,739024
8.434,739024
8.45,739024
8.452,739024
8.46,739024
8.462,739024
8.466,739024
8.471,739024
8.472,739024
8.474,739024
8.492,739024
8.503,739024
8.511,739024
8.537,739024
8.537,739024
8.541,739024
8.546,739024
8.547,739024
8.549,739024
8.557,739024
8.562,739024
8.573,739024
8.603,739024
8.614,739024
8.629,739024
8.631,739024
8.632,739024
8.633,739024
8.635,739024
8.644,739024
8.659,739024
8.662,739024
8.663,739024
8.663,739024
8.665,739024
8.668,739024
8.68,739024
8.689,739024
8.727,739024
8.778,739024
8.786,739024
8.786,739024
8.8,739024
8.8,739024
8.814,739024
8.818,739024
8.821,739024
8.823,738620
8.833,738620
8.842,738620
8.86,738620
8.864,738620
8.87,738620
8.872,738620
8.875,738620
8.879,738620
8.891,738620
8.891,738620
8.903,738620
8.909,738620
8.917,738620
8.919,738620
8.921,738620
8.924,738620
8.94,738620
8.95,738620
8.959,738620
8.967,738620
8.984,738620
9.005,738620
9.009,738620
9.016,738620
9.024,738620
9.038,738620
9.059,738620
9.067,738620
9.081,738620
9.09,738620
9.1,738620
9.108,738620
9.122,738620
9.133,738620
9.138,738620
9.144,738620
9.15,738620
9.154,738620
9.166,738620
9.178,738620
9.182,738620
9.198,738620
9.212,738620
9.221,738620
9.222,738620
9.232,738620
9.273,738620
9.277,738620
9.282,738546
9.283,738546
9.303,738286
9.332,738286
9.371,738286
9.372,738286
9.381,738286
9.405,738286
9.437,738286
9.442,738286
9.449,738286
9.454,738286
9.457,738286
9.459,738286
9.486,738286
9.494,738286
9.502,738286
9.508,738286
9.513,738286
9.519,738286
9.527,738286
9.53,738286
9.549,738286
9.566,738286
9.608,738286
9.612,738286
9.627,738286
9.629,738286
9.641,738286
9.659,738286
9.667,738286
9.692,738286
9.699,738286
9.704,738286
9.714,738286
9.715,738286
9.716,738286
9.717,738286
9.733,738286
9.741,737305
9.743,737305
9.756,737305
9.765,737305
9.769,737305
9.798,737305
9.803,737305
9.815,737305
9.82,737305
9.821,737305
9.825,737305
9.843,737305
9.846,737305
9.848,737305
9.857,737305
9.875,737305
9.883,737305
9.884,737305
9.887,737305
9.888,737305
9.917,737305
9.929,737305
9.936,737305
9.957,737305
9.958,737305
9.958,737305
9.962,737305
9.972,737305
9.974,737305
9.982,737305
9.994,737305
9.999,737305
10.003,737305
10.016,737305
10.018,737305
10.02,737305
10.024,737305
10.025,737305
10.026,737305
10.027,737305
10.035,737305
10.04,737176
10.058,737176
10.061,737176
10.064,737176
10.07,737176
10.076,737176
10.091,737176
10.091,737176
10.108,737176
10.108,737176
10.115,737176
10.116,737176
10.128,737176
10.137,737094
10.155,737094
10.162,737094
10.171,737094
10.186,737094
10.203,737094
10.233,737094
10.233,737094
10.238,737094
10.239,737094
10.247,737094
10.267,737094
10.292,737094
10.302,737094
10.326,737094
10.332,737094
10.348,737094
10.351,737094
10.371,735418
10.371,735418
10.373,735418
10.377,735418
10.381,735418
10.383,735418
10.383,735418
10.386,735418
10.388,735418
10.403,735418
10.428,735418
10.429,735418
10.432,735418
10.435,735418
10.448,735418
10.473,735418
10.474,735418
10.493,735418
10.505,735418
10.508,735418
10.51,735418
10.514,735418
10.52,735418
10.532,735418
10.539,735418
10.548,735418
10.552,735418
10.573,735418
10.575,735418
10.578,735418
10.579,735418
10.596,735418
10.597,735418
10.6,735418
10.602,735418
10.612,735418
10.614,735418
10.628,735418
10.633,735418
10.634,734758
10.636,734758
10.644,734758
10.646,734758
10.653,734758
10.664,734758
10.676,734758
10.681,734758
10.699,734758
10.711,734758
10.724,734758
10.75,734758
10.761,734758
10.763,734758
10.766,734758
10.767,734758
10.768,734758
10.769,734758
10.772,734758
10.777,734758
10.777,734758
10.779,734758
10.78,734758
10.804,734758
10.829,734758
10.83,734758
10.84,734758
10.852,734758
10.852,734758
10.87,734758
10.877,734758
10.906,734758
10.909,734758
10.923,734758
10.925,734758
10.956,734758
10.974,734758
10.992,734758
11.032,734758
11.038,734758
11.039,734758
11.046,734758
11.074,734758
11.075,734758
11.08,734758
11.124,734758
11.13,734758
11.14,734758
11.158,734758
11.163,734758
11.164,734758
11.168,734758
11.178,734758
11.185,734758
11.191,734758
11.205,734758
11.223,734758
11.233,734758
11.243,734758
11.25,734758
11.274,734758
11.297,734758
11.306,734758
11.31,734758
11.331,734758
11.348,734758
11.396,734758
11.405,734758
11.406,734758
11.413,734758
11.435,734758
11.445,734758
11.449,734758
11.466,734758
11.467,734758
11.499,734758
11.5,734758
11.505,734758
11.508,734758
11.518,734758
11.544,734758
11.562,734758
11.572,734758
11.574,734758
11.592,734758
11.645,734758
11.652,734758
11.652,734758
11.673,734758
11.678,734758
11.684,734758
11.686,734758
11.691,734758
11.706,734758
11.718,734758
11.718,734553
11.723,734553
11.724,734553
11.726,734553
11.733,734553
11.751,734553
11.757,734553
11.772,734553
11.789,734553
11.805,734553
11.825,734553
11.857,734553
11.865,734553
11.865,734553
11.868,734553
11.883,734553
11.885,734553
11.886,734553
11.928,734553
11.93,734553
11.934,734553
11.945,734553
11.96,734553
11.962,734553
11.969,734553
11.97,734553
11.982,734553
11.983,734553
11.999,734553
12.006,734553
12.008,734553
12.008,734553
12.009,734553
12.01,734553
12.029,734553
12.029,734553
12.031,734553
12.065,734553
12.096,734553
12.103,734553
12.11,734469
12.113,734469
12.114,734469
12.115,734469
12.119,734469
12.125,734469
12.131,734469
12.14,734469
12.155,734469
12.164,734469
12.17,734469
12.173,734469
12.175,734469
12.178,734469
12.199,734469
12.226,734469
12.256,734469
12.264,734469
12.288,734469
12.295,734469
12.312,734469
12.314,734469
12.316,734469
12.32,734469
12.34,734469
12.357,734469
12.368,734469
12.373,734469
12.377,734469
12.383,734469
12.418,734469
12.42,734469
12.46,734469
12.47,734469
12.479,734469
12.49,734469
12.495,734469
12.502,734469
12.512,734469
12.514,734469
12.516,734469
12.516,734469
12.537,734469
12.544,734469
12.553,734469
12.555,734469
12.567,734469
12.573,734469
12.584,734469
12.605,734469
12.612,734469
12.615,734469
12.618,734469
12.644,734469
12.659,734469
12.661,734469
12.691,734469
12.71,734469
12.749,734469
12.78,734469
12.787,734469
12.801,734469
12.804,734469
12.815,734469
12.824,734469
12.836,734469
12.841,734469
12.854,734469
12.901,734469
12.92,734469
12.922,734469
12.958,734469
12.959,734469
12.961,734469
12.964,734469
12.966,734469
12.986,734469
12.986,734469
13.008,734469
13.019,734469
13.02,734469
13.021,734469
13.04,734469
13.05,734469
13.072,734469
13.096,734469
13.101,734469
13.103,734469
13.104,734469
13.106,734469
13.117,734469
13.123,734469
13.128,734469
13.129,734469
13.129,734469
13.134,734469
13.134,734469
13.141,734469
13.152,734469
13.17,734469
13.185,734469
13.212,734469
13.217,734469
13.22,734469
13.228,734469
13.241,734469
13.248,734469
13.254,734469
13.254,734469
13.263,734469
13.273,734469
13.279,734469
13.305,734469
13.313,734469
13.315,734469
13.329,734469
13.339,734469
13.365,734469
13.367,734469
13.381,734469
13.391,734469
13.403,734469
13.406,734469
13.432,734469
13.44,734469
13.453,734469
13.486,734469
13.502,734469
13.51,734469
13.514,734469
13.521,734469
13.594,734469
13.596,734469
13.608,734469
13.612,734469
13.617,734469
13.627,734469
13.628,734469
13.639,734469
13.649,734469
13.653,734469
13.655,734469
13.667,734469
13.671,734469
13.687,734469
13.688,734469
13.688,734469
13.697,734469
13.715,734469
13.725,734469
13.729,734469
13.732,734469
13.754,734469
13.763,734469
13.765,734469
13.78,734469
13.782,734469
13.791,734469
13.792,734469
13.812,734469
13.814,734469
13.837,734469
13.846,734469
13.85,734469
13.863,734469
13.867,734469
13.872,734469
13.878,734469
13.879,734469
13.889,734469
13.891,734469
13.894,734469
13.898,734469
13.9,734469
13.917,734469
13.936,734469
13.966,734469
13.966,734469
13.968,734469
13.971,734469
13.997,734469
14.007,734469
14.013,734469
14.032,734469
14.034,734469
14.037,734469
14.037,734469
14.054,734469
14.06,734469
14.081,734469
14.097,734469
14.108,734469
14.129,734469
14.141,734469
14.163,734469
14.173,734469
14.208,734469
14.218,734469
14.224,734469
14.23,734469
14.232,734469
14.245,734469
14.277,734469
14.283,734469
14.288,734469
14.291,734469
14.315,734469
14.316,734469
14.321,734469
14.323,731599
14.348,731599
14.351,731599
14.351,731599
14.355,731599
14.361,731599
14.381,731599
14.403,731599
14.404,731599
14.422,731599
14.426,731599
14.502,731599
14.504,731599
14.514,731599
14.516,731599
14.533,731599
14.541,731599
14.546,731599
14.547,731599
14.587,731599
14.588,731599
14.594,731599
14.609,731599
14.61,731599
14.629,731599
14.645,731599
14.689,731599
14.694,731599
14.7,731599
14.721,731599
14.723,731599
14.731,731599
14.741,731599
14.746,731599
14.748,731599
14.749,731599
14.761,731599
14.767,731599
14.77,731599
14.783,731599
14.824,731599
14.826,731599
14.83,731599
14.838,731599
14.851,731599
14.858,731599
14.865,731599
14.867,731599
14.877,731599
14.877,731599
14.887,731599
14.888,731599
14.891,731599
14.896,731599
14.911,731599
14.937,731599
14.938,731599
14.96,731599
14.962,731599
14.972,731599
14.977,731599
14.978,731599
14.993,731599
14.997,731599
15.006,731599
15.008,731599
15.013,731599
15.013,731599
15.026,731599
15.03,731599
15.035,731599
15.044,731599
15.064,731599
15.064,731599
15.069,731599
15.07,731599
15.075,731599
15.078,731599
15.093,731599
15.096,731599
15.13,731599
15.147,731599
15.148,731599
15.161,731599
15.169,731599
15.179,731599
15.189,731599
15.2,731599
15.206,731599
15.21,731599
15.216,731599
15.23,731599
15.237,731599
15.264,731599
15.276,731599
15.276,731599
15.28,731599
15.284,731599
15.285,731599
15.286,731599
15.289,731440
15.29,731440
15.299,731396
15.3,731396
15.327,731396
15.347,731396
15.351,731396
15.366,731396
15.373,731396
15.382,731396
15.388,731396
15.428,731396
15.441,731396
15.45,731396
15.456,731396
15.461,731396
15.462,731396
15.492,731396
15.498,731396
15.507,731396
15.509,731396
15.514,731396
15.514,731396
15.522,731396
15.537,731396
15.558,730728
15.564,730728
15.577,730728
15.581,730728
15.583,730728
15.602,730728
15.613,730728
15.651,730728
15.655,730728
15.665,730728
15.672,730728
15.673,730728
15.678,730728
15.68,730728
15.685,730728
15.702,730728
15.709,730728
15.713,730728
15.733,730728
15.734,730728
15.743,730728
15.752,730728
15.773,730728
15.776,730728
15.778,730728
15.809,730728
15.81,730728
15.811,730728
15.812,730728
15.818,730728
15.822,730728
15.834,730728
15.87,730728
15.872,730728
15.875,730728
15.893,730728
15.893,730728
15.898,730728
15.904,730728
15.939,730728
15.94,730728
15.948,730728
15.96,730728
15.964,730728
15.97,730728
15.99,730728
16.004,730728
16.014,730728
16.023,730728
16.043,730728
16.054,730728
16.062,730728
16.069,730728
16.089,730728
16.096,730728
16.096,730728
16.101,730728
16.107,730728
16.12,730728
16.125,730728
16.127,730728
16.131,730728
16.132,730728
16.15,730728
16.17,730728
16.182,730728
16.182,730728
16.184,730728
16.184,730728
16.189,730728
16.192,730728
16.197,730728
16.205,730728
16.207,730728
16.207,730728
16.21,730728
16.221,730728
16.243,730728
16.259,730728
16.266,730728
16.289,730728
16.305,730728
16.309,730728
16.313,730728
16.314,730728
16.315,730728
16.325,730728
16.346,730728
16.352,730728
16.367,730728
16.375,730728
16.39,730728
16.4,730728
16.408,730728
16.412,730728
16.424,730728
16.431,730728
16.432,730728
16.435,730728
16.435,730728
16.441,730728
16.444,730728
16.446,730728
16.451,730728
16.456,730728
16.458,730728
16.468,730728
16.472,730728
16.473,730728
16.477,730728
16.501,730728
16.509,730728
16.516,730728
16.534,730728
16.545,730728
16.546,730728
16.549,730728
16.55,730728
16.555,730728
16.556,730728
16.561,730728
16.563,730728
16.565,730728
16.566,730728
16.579,730728
16.581,730728
16.601,730728
16.614,730728
16.618,730728
16.621,730728
16.622,730728
16.644,730728
16.645,730728
16.65,730728
16.652,730728
16.653,730728
16.673,730728
16.698,730728
16.699,730728
16.709,730728
16.711,730728
16.722,730728
16.734,730728
16.736,730728
16.753,730728
16.772,730728
16.783,730728
16.784,730728
16.804,730728
16.805,730728
16.81,730728
16.811,730728
16.814,730728
16.817,730728
16.817,730728
16.828,730728
16.829,730728
16.848,730728
16.858,730728
16.884,730728
16.891,730728
16.897,730728
16.898,730728
16.899,730728
16.908,730728
16.913,730728
16.92,730728
16.929,730728
16.936,730728
16.938,730728
16.942,730728
16.953,730728
16.958,730728
16.986,730728
16.994,730728
17.008,730728
17.01,730728
17.025,730728
17.04,730728
17.061,730728
17.068,730728
17.074,730728
17.075,730728
17.077,730728
17.095,730728
17.096,730728
17.098,730728
17.121,730728
17.124,730728
17.131,730728
17.147,730728
17.147,730728
17.188,730728
17.206,730728
17.211,730728
17.216,730728
17.238,730728
17.248,730728
17.255,730728
17.263,730728
17.274,730728
17.298,730728
17.305,730728
17.308,730728
17.33,730728
17.33,730728
17.339,730728
17.342,730728
17.343,730728
17.352,730728
17.353,730728
17.38,730728
17.411,730728
17.435,730728
17.46,730728
17.464,730728
17.473,730728
17.476,730728
17.483,730728
17.489,730728
17.501,730728
17.509,730728
17.513,730728
17.516,730728
17.525,730728
17.53,730728
17.534,730728
17.555,730728
17.561,730728
17.566,730728
17.572,730728
17.576,730728
17.578,730728
17.582,730728
17.597,730728
17.626,730728
17.636,730728
17.643,730728
17.648,730728
17.661,730728
17.664,730728
17.697,730728
17.702,730728
17.717,730728
17.736,730728
17.743,730728
17.756,730728
17.765,730728
17.767,730728
17.768,730728
17.773,730728
17.776,730728
17.781,730728
17.805,730728
17.812,730728
17.817,730728
17.824,730728
17.826,730728
17.844,730728
17.846,730728
17.847,730728
17.856,730728
17.877,730728
17.88,730728
17.898,730728
17.906,730728
17.918,730728
17.928,730728
17.953,730728
17.969,730728
17.994,730728
18.013,730728
18.022,730728
18.037,730728
18.059,730728
18.085,730728
18.088,730728
18.114,730728
18.114,730728
18.149,730728
18.169,730728
18.178,730728
18.181,730728
18.188,730728
18.204,730728
18.215,730728
18.216,730728
18.221,720751
18.231,720751
18.245,720751
18.266,720751
18.302,720751
18.307,720751
18.321,720751
18.322,720751
18.323,720751
18.329,720751
18.331,720751
18.336,720751
18.352,720751
18.355,720751
18.355,720613
18.358,720613
18.368,720613
18.37,720613
18.376,720613
18.391,720613
18.406,720613
18.407,712222
18.465,712222
18.467,712222
18.481,712222
18.484,712222
18.493,712222
18.497,712222
18.51,712222
18.522,712222
18.529,709682
18.544,709682
18.565,709682
18.569,709682
18.572,709682
18.575,709682
18.58,709682
18.583,709682
18.61,709682
18.637,709682
18.644,709682
18.647,709682
18.648,709682
18.655,709682
18.656,709682
18.656,709682
18.665,709682
18.67,709682
18.677,709682
18.678,709682
18.684,709682
18.704,709682
18.737,709682
18.79,709682
18.791,709682
18.811,709682
18.818,709682
18.819,709682
18.823,709682
18.823,709682
18.835,709682
18.846,709682
18.851,709682
18.851,709682
18.852,709682
18.857,709682
18.883,709682
18.9,709682
18.918,709682
18.944,709682
18.961,709682
18.979,709682
18.98,709682
19.01,709682
19.037,709682
19.051,709682
19.053,709682
19.073,709682
19.075,709682
19.094,709682
19.098,709682
19.102,709682
19.107,709682
19.112,709682
19.126,709682
19.127,709682
19.143,709682
19.15,709682
19.165,709682
19.181,709682
19.188,709682
19.205,709682
19.217,709682
19.234,709682
19.238,709682
19.239,709682
19.242,709682
19.248,709682
19.254,709682
19.255,709682
19.279,709682
19.279,709682
19.281,709682
19.286,709682
19.294,709682
19.317,709682
19.33,709682
19.336,709682
19.389,709682
19.392,709682
19.393,709682
19.404,709682
19.414,709682
19.427,709682
19.439,709682
19.446,709682
19.447,709682
19.455,709682
19.461,709682
19.465,709682
19.473,709682
19.474,709682
19.482,709682
19.492,709682
19.499,709682
19.509,709682
19.514,709682
19.526,709682
19.549,709682
19.556,709682
19.557,709682
19.56,709654
19.567,709654
19.57,709654
19.571,709654
19.591,709654
19.597,709654
19.609,709654
19.628,709654
19.629,709654
19.631,709654
19.64,709654
19.651,709654
19.659,709654
19.671,709654
19.673,709654
19.69,709654
19.7,709654
19.73,709654
19.752,709654
19.76,709654
19.765,709654
19.773,709654
19.781,709654
19.803,709654
19.811,709654
19.829,709654
19.83,709654
19.834,709654
19.837,709654
19.838,709654
19.842,709654
19.858,708889
19.865,708889
19.866,708889
19.877,708889
19.886,708889
19.892,708889
19.904,708889
19.905,708889
19.914,708889
19.915,708889
19.93,708889
19.948,708889
19.965,708889
19.976,708889
19.977,708889
19.989,708889
19.991,708889
19.991,708889
19.991,708889
19.993,708889
20.012,708889
20.018,706913
20.031,706913
20.037,706913
20.096,706913
20.096,706913
20.1,706913
20.105,706913
20.133,706913
20.135,706913
20.136,706913
20.154,706913
20.155,706913
20.16,706913
20.17,706913
20.172,706913
20.177,706913
20.19,706913
20.197,706810
20.207,706810
20.209,706810
20.219,706810
20.226,706810
20.237,706810
20.26,706810
20.264,706810
20.281,706810
20.293,706810
20.312,706810
20.319,706810
20.324,706810
20.343,706810
20.352,706810
20.36,706810
20.387,706810
20.393,706810
20.413,706810
20.422,706810
20.425,705262
20.442,705262
20.452,705262
20.456,705262
20.457,705262
20.493,705262
20.496,705262
20.499,705262
20.52,705262
20.534,705262
20.535,705262
20.538,705262
20.55,705262
20.557,705262
20.56,705262
20.563,705262
20.577,705262
20.587,705262
20.6,705262
20.612,705262
20.613,705262
20.621,705262
20.625,705262
20.628,705262
20.632,705262
20.654,705262
20.659,705262
20.667,705262
20.673,705262
20.684,705262
20.686,705262
20.689,705262
20.697,705262
20.719,705262
20.72,705262
20.733,705262
20.735,705262
20.743,705262
20.756,705262
20.807,705262
20.815,705262
20.82,705262
20.828,705262
20.831,705262
20.837,705262
20.859,705262
20.9,705262
20.902,705262
20.948,705262
20.954,705262
20.986,705262
20.998,705262
21.011,705262
21.048,705262
21.054,705262
21.074,705262
21.075,705262
21.127,705262
21.137,705262
21.152,705262
21.162,705262
21.171,705262
21.177,705262
21.188,705262
21.195,705262
21.197,705262
21.199,705262
21.204,705262
21.204,705262
21.224,705262
21.228,705262
21.23,705262
21.23,705262
21.242,705262
21.253,705262
21.257,705262
21.262,705262
21.279,705262
21.291,705262
21.297,705262
21.305,705262
21.309,705262
21.334,705262
21.343,705262
21.344,705262
21.346,705262
21.364,705262
21.377,705262
21.387,705262
21.387,705262
21.388,705262
21.393,704963
21.4,704963
21.41,704963
21.422,704963
21.431,704963
21.452,704963
21.453,704963
21.456,704963
21.464,704963
21.484,704963
21.496,704963
21.498,704963
21.499,704963
21.501,704963
21.523,704963
21.525,704963
21.525,704963
21.528,704963
21.529,704963
21.547,704963
21.55,704963
21.552,704963
21.568,704963
21.594,704963
21.602,704963
21.61,704963
21.636,704963
21.637,704963
21.646,704963
21.648,704963
21.657,704963
21.669,704963
21.671,704963
21.679,704963
21.683,704963
21.687,704963
21.694,704963
21.696,704963
21.713,704963
21.728,704963
21.745,704963
21.755,704963
21.757,704963
21.77,704963
21.772,704963
21.778,704963
21.784,704963
21.786,704963
21.797,704963
21.802,704963
21.806,704963
21.809,704963
21.842,704963
21.855,704963
21.856,704963
21.872,704963
21.893,704963
21.898,704963
21.914,704963
21.924,704963
21.945,704963
21.948,704963
21.951,704963
21.972,704963
21.99,704963
21.991,704963
22.009,704963
22.023,704963
22.028,704963
22.037,704963
22.074,704963
22.098,704963
22.106,704963
22.115,704963
22.124,704963
22.153,704963
22.154,704963
22.162,704963
22.166,704963
22.179,704963
22.185,704963
22.186,704963
22.197,704963
22.198,704963
22.212,704963
22.222,704963
22.227,704963
22.239,704963
22.25,704963
22.253,704963
22.261,704963
22.267,704963
22.275,704963
22.302,704963
22.308,704963
22.326,704963
22.333,704963
22.335,704963
22.35,704963
22.356,704963
22.373,704963
22.376,704963
22.39,704963
22.392,704963
22.395,704963
22.405,704963
22.407,704963
22.41,704963
22.433,704963
22.445,704963
22.453,704963
22.461,704963
22.461,704963
22.463,704963
22.466,704963
22.485,704963
22.504,704963
22.527,704963
22.538,704963
22.563,704963
22.566,704963
22.602,704963
22.602,704963
22.621,704963
22.626,704963
22.632,704963
22.644,704963
22.647,704963
22.655,704963
22.655,704963
22.665,704963
22.684,704963
22.688,704963
22.701,704963
22.703,704963
22.705,704963
22.705,704963
22.718,704963
22.723,704963
22.751,704963
22.785,704963
22.814,704963
22.817,704963
22.817,704963
22.819,704963
22.82,704963
22.829,704963
22.835,704963
22.845,704963
22.851,704963
22.862,704963
22.868,704963
22.88,704963
22.902,704963
22.903,704963
22.905,704963
22.924,704963
22.933,704963
22.935,704963
22.946,704963
22.955,704963
22.959,704963
22.959,704963
22.986,704963
22.994,704963
23.018,704963
23.032,704963
23.039,704963
23.061,704963
23.063,704963
23.072,704963
23.075,704963
23.087,704963
23.087,704963
23.09,704963
23.099,704963
23.115,704963
23.13,704963
23.133,704963
23.166,704963
23.17,704963
23.171,704963
23.174,704963
23.189,704963
23.207,704963
23.218,704963
23.253,704963
23.257,704963
23.27,704963
23.274,704963
23.278,704963
23.282,704963
23.285,704963
23.292,704963
23.32,704963
23.325,704963
23.332,704963
23.335,704963
23.338,704963
23.339,704963
23.342,704963
23.365,704963
23.368,704963
23.38,704963
23.393,704963
23.415,704963
23.431,704963
23.432,704963
23.438,704963
23.441,704963
23.443,704963
23.455,704963
23.497,704963
23.51,704963
23.518,704963
23.534,704963
23.541,704963
23.541,704963
23.542,704963
23.552,704963
23.553,704963
23.567,704963
23.588,704963
23.609,704963
23.617,704963
23.629,704963
23.632,704963
23.659,704963
23.677,704963
23.692,704963
23.706,704271
23.708,704271
23.719,704271
23.731,704271
23.732,704271
23.759,704271
23.76,704271
23.775,704271
23.803,704271
23.817,704271
23.818,704271
23.822,704271
23.827,704271
23.828,704271
23.836,704271
23.837,704271
23.846,704271
23.884,704271
23.885,704271
23.909,704271
23.914,704271
23.918,704271
23.928,704271
23.941,704271
23.953,704271
24.025,704271
24.029,704271
24.068,704271
24.084,704271
24.093,704271
24.098,704271
24.134,704271
24.139,704271
24.149,704271
24.155,704271
24.156,704271
24.161,704271
24.164,704271
24.174,704271
24.189,704271
24.195,704271
24.196,704271
24.219,704271
24.23,704271
24.24,704271
24.244,704271
24.247,704271
24.263,704271
24.266,704271
24.271,704271
24.276,704271
24.279,704271
24.294,704271
24.302,704271
24.316,704271
24.321,704271
24.323,704271
24.337,704271
24.338,704271
24.357,704271
24.369,704271
24.377,704271
24.392,704271
24.418,704271
24.424,704271
24.424,704271
24.427,704271
24.433,704271
24.433,704271
24.44,704271
24.443,704271
24.455,704271
24.461,704271
24.468,704271
24.47,704271
24.471,704271
24.477,704271
24.479,704271
24.5,704271
24.509,704271
24.531,704271
24.532,704271
24.54,704271
24.548,704271
24.552,704271
24.553,704271
24.557,704271
24.557,704271
24.577,704271
24.583,704271
24.585,704271
24.6,704271
24.602,704271
24.608,704271
24.608,704271
24.618,704271
24.618,704271
24.628,704271
24.641,704271
24.646,704271
24.647,704271
24.65,704271
24.658,704271
24.687,704271
24.689,704271
24.694,704271
24.705,704271
24.708,704271
24.71,704271
24.72,704271
24.726,704271
24.728,704271
24.74,704271
24.748,704271
24.749,704271
24.754,704271
24.756,704271
24.76,704271
24.76,704271
24.763,704271
24.77,704271
24.793,704271
24.796,704271
24.798,704271
24.808,704271
24.808,704271
24.823,704271
24.826,704271
24.829,704271
24.835,704271
24.847,704271
24.849,704271
24.882,704271
24.884,704271
24.885,704271
24.886,704271
24.895,704271
24.902,704271
24.902,704271
24.978,704271
24.981,704271
24.995,704271
25.008,704271
25.011,704271
25.019,704271
25.022,704271
25.023,704271
25.023,704271
25.032,704271
25.04,704271
25.04,704271
25.044,704271
25.045,704271
25.057,704271
25.073,704271
25.076,704271
25.096,704271
25.108,704271
25.122,704271
25.123,704271
25.126,704271
25.126,704271
25.13,704271
25.138,704271
25.148,704271
25.166,704271
25.175,704271
25.187,704271
25.198,704271
25.209,704271
25.218,704271
25.234,704271
25.244,704271
25.261,704271
25.278,704271
25.279,704271
25.29,704271
25.295,704271
25.296,704271
25.298,704271
25.299,704271
25.302,704271
25.308,704271
25.342,704271
25.346,704271
25.354,704271
25.355,704271
25.363,704271
25.366,704271
25.379,704271
25.381,704271
25.382,704271
25.382,704271
25.387,704271
25.388,704271
25.398,704271
25.415,704271
25.44,704271
25.442,704271
25.45,704271
25.455,704271
25.461,704271
25.464,704271
25.518,704271
25.523,704271
25.534,704271
25.552,704271
25.57,704271
25.572,704271
25.648,704271
25.654,704271
25.674,704271
25.692,704271
25.708,704271
25.739,704271
25.741,704271
25.747,704271
25.748,704271
25.752,704271
25.785,704271
25.794,704271
25.798,704271
25.81,704271
25.814,704271
25.833,704271
25.837,704271
25.84,704271
25.842,704271
25.866,704271
25.868,704271
25.868,704271
25.885,704271
25.908,704271
25.91,704271
25.912,704271
25.928,704271
25.959,704271
25.975,704271
25.976,704271
25.991,704271
26.006,704271
26.024,704271
26.035,704271
26.055,704271
26.077,704271
26.091,704271
26.096,704271
26.098,704271
26.116,704271
26.145,704271
26.16,704271
26.168,704271
26.184,704271
26.198,704271
26.202,704271
26.221,704271
26.221,704271
26.223,704271
26.233,704271
26.259,704271
26.27,704271
26.303,704271
26.309,704271
26.323,704271
26.348,704271
26.351,704271
26.406,704271
26.406,704271
26.407,704271
26.42,704271
26.421,704271
26.439,704271
26.441,704271
26.443,704271
26.456,704271
26.487,704271
26.504,704271
26.506,704271
26.516,704271
26.524,704271
26.531,704271
26.553,704271
26.567,704271
26.574,704271
26.61,704271
26.624,704271
26.666,704271
26.678,704271
26.691,704271
26.693,704271
26.694,704271
26.7,704271
26.706,704271
26.712,704271
26.733,704271
26.735,704271
26.738,704271
26.745,704271
26.748,704271
26.749,704271
26.75,704271
26.752,704271
26.763,704271
26.774,704271
26.797,704271
26.803,704271
26.805,704271
26.807,704271
26.81,704271
26.811,704271
26.811,704271
26.821,704271
26.851,704271
26.872,704271
26.872,704271
26.884,704271
26.909,704271
26.911,704271
26.913,704271
26.915,704271
26.921,704271
26.946,704271
26.946,704271
26.953,704271
26.959,704271
26.975,704271
26.988,704271
26.995,704271
26.996,704271
27.02,704271
27.028,704271
27.038,704271
27.038,704271
27.062,704271
27.067,704271
27.069,704271
27.083,704271
27.097,704271
27.128,704271
27.156,704271
27.175,704271
27.223,704271
27.225,704271
27.228,704271
27.231,704271
27.24,704271
27.251,704271
27.255,704271
27.262,704271
27.263,704271
27.281,704271
27.285,704271
27.296,704271
27.3,704271
27.324,704271
27.334,704271
27.348,704271
27.353,704271
27.41,704271
27.414,704271
27.417,704271
27.452,704271
27.461,704271
27.466,704271
27.481,704271
27.483,704271
27.509,704271
27.515,704271
27.516,704271
27.545,704271
27.55,704271
27.559,704271
27.574,704271
27.585,704271
27.589,704271
27.594,704271
27.607,704271
27.627,704271
27.628,704271
27.632,704271
27.644,704271
27.646,704271
27.652,704271
27.679,704271
27.682,704271
27.695,704271
27.7,704271
27.706,704271
27.732,704271
27.736,704271
27.754,704271
27.761,704271
27.769,704271
27.781,704271
27.788,704271
27.798,704271
27.798,704271
27.805,704271
27.805,704271
27.807,704271
27.829,704271
27.839,704271
27.85,704271
27.854,704271
27.883,704271
27.885,704271
27.9,704271
27.913,704271
27.913,704271
27.933,704271
27.947,704271
27.969,704271
27.973,704271
27.984,704271
27.985,704271
27.989,704271
27.992,704271
28.003,704271
28.039,704271
28.062,704271
28.082,704271
28.084,704271
28.096,704271
28.096,704271
28.097,704271
28.1,704271
28.101,704271
28.108,704271
28.122,704271
28.138,704271
28.139,704271
28.148,704271
28.152,704271
28.161,704271
28.167,704271
28.19,704271
28.221,704271
28.222,704271
28.241,704271
28.246,704271
28.248,704271
28.253,704271
28.259,704271
28.26,704271
28.274,704271
28.278,704271
28.29,704271
28.294,704271
28.304,704271
28.324,704271
28.333,704271
28.338,704271
28.34,704271
28.344,704271
28.351,704271
28.376,704271
28.382,704271
28.396,704271
28.402,704271
28.412,704271
28.413,704271
28.438,704271
28.463,704271
28.463,704271
28.489,704271
28.506,704271
28.531,704271
28.534,704271
28.539,704271
28.555,704271
28.557,704271
28.562,704271
28.568,704271
28.597,704271
28.6,704271
28.608,704271
28.61,704271
28.641,704271
28.646,704271
28.669,704271
28.675,704271
28.678,704271
28.679,704271
28.685,704271
28.688,704271
28.692,704271
28.692,704271
28.702,704271
28.725,704271
28.73,704271
28.735,704271
28.738,704271
28.757,704271
28.764,704271
28.765,704271
28.765,704271
28.766,704271
28.776,704271
28.782,704271
28.785,704271
28.786,704271
28.788,704271
28.805,704271
28.815,704271
28.834,704271
28.86,704271
28.862,704271
28.871,704271
28.873,704271
28.873,704271
28.878,704271
28.879,704271
28.882,704271
28.882,704271
28.89,704271
28.897,704271
28.905,704271
28.951,704271
28.957,704271
28.97,704271
28.981,704271
28.997,704271
29.002,704271
29.007,704271
29.018,704271
29.02,704271
29.023,704271
29.035,704271
29.043,704271
29.045,704271
29.049,704271
29.056,704271
29.071,704271
29.075,704271
29.101,704271
29.108,704271
29.114,704271
29.144,704271
29.155,704271
29.176,704271
29.198,704271
29.208,704271
29.208,704271
29.218,704271
29.219,704271
29.227,704271
29.235,704271
29.237,704271
29.238,704271
29.263,704271
29.269,704271
29.302,704271
29.342,704271
29.347,704271
29.348,704271
29.351,704271
29.354,704271
29.357,704271
29.357,704271
29.368,704271
29.377,704271
29.395,704271
29.395,704271
29.407,704271
29.413,704271
29.434,704271
29.434,704271
29.443,704271
29.463,704271
29.464,704271
29.466,704271
29.474,704271
29.481,704271
29.493,704271
29.497,704271
29.51,704271
29.512,704271
29.52,704271
29.536,704271
29.556,704271
29.566,704271
29.571,704271
29.576,704271
29.587,704271
29.587,704271
29.594,704271
29.601,704271
29.609,704271
29.615,704271
29.619,704271
29.63,704271
29.631,704271
29.656,704271
29.664,704271
29.666,704271
29.673,704271
29.676,704271
29.699,704271
29.709,704271
29.721,704271
29.723,704271
29.74,704271
29.761,704271
29.765,704271
29.773,704271
29.774,704271
29.79,704271
29.815,704271
29.822,704271
29.829,704271
29.86,704271
29.867,704271
29.867,704271
29.903,704271
29.903,704271
29.916,704271
29.921,704271
29.924,704271
29.926,704271
29.929,704271
29.935,704271
29.938,704271
29.944,704271
29.947,704271
29.957,704271
29.978,704271
29.99,704271
29.998,704271
