0.030000,822107
0.030000,821420
0.040000,820409
0.040000,820097
0.040000,819825
0.040000,819499
0.040000,818419
0.040000,815719
0.040000,815166
0.040000,814814
0.040000,813651
0.040000,812565
0.040000,809293
0.040000,809094
0.040000,809088
0.040000,808914
0.160000,808866
0.160000,808765
0.160000,807887
0.160000,805793
0.170000,803882
0.170000,801134
0.170000,798316
0.170000,797241
0.170000,796818
0.170000,794767
0.170000,794601
0.170000,794336
0.170000,792450
0.170000,792303
0.170000,792277
0.170000,791832
0.170000,791537
0.170000,790998
0.170000,781411
0.180000,781146
0.180000,780194
0.180000,779337
0.180000,776467
0.180000,776449
0.180000,776227
0.180000,775834
0.210000,775630
0.210000,772119
0.220000,772018
0.220000,770906
0.220000,770593
0.220000,767884
0.220000,766660
0.220000,765973
0.220000,765580
0.220000,763825
0.220000,763673
0.220000,763321
0.220000,762367
0.220000,757473
0.220000,756475
0.220000,756029
0.220000,755982
0.230000,753394
0.230000,753365
0.230000,751914
0.230000,749248
0.230000,748853
0.230000,748139
0.230000,748045
0.330000,747129
0.330000,746506
0.330000,746268
0.441000,737760
0.441000,733514
0.441000,733504
0.441000,732817
0.441000,732686
0.441000,732618
0.441000,732267
0.441000,730975
0.441000,730736
0.451000,729635
0.451000,724566
0.451000,723599
0.451000,721058
0.451000,720392
0.451000,720364
0.451000,720121
0.451000,720032
0.451000,718089
0.451000,718032
0.451000,716972
0.451000,716800
0.451000,716581
0.491000,716379
0.491000,715841
0.491000,715062
1.193000,715024
1.203000,714785
1.203000,714704
1.203000,713383
8.190000,713162
8.190000,711625
8.190000,710544
8.190000,710532
8.190000,705836
8.190000,705811
12.204000,700753
12.204000,700654
12.204000,699860
20.633000,699353
20.633000,699017
20.633000,698414
20.633000,695326
20.633000,694479
20.643000,690791
64.369000,690271
122.902000,689965
122.902000,689277
350.906000,685938
350.906000,684785
350.906000,684071
350.906000,681893
350.906000,681861
350.906000,680750
