0.150000,807593
0.150000,806958
0.150000,805853
0.150000,805489
0.150000,805383
0.160000,805125
0.160000,797110
0.160000,796557
0.160000,793046
0.160000,792978
0.170000,792956
0.170000,792703
0.170000,791517
0.170000,789961
0.170000,789678
0.180000,789315
0.180000,789224
0.190000,789182
0.190000,784786
0.190000,784735
0.190000,783846
0.190000,781040
0.200000,780930
0.200000,780257
0.200000,779298
0.200000,779250
0.210000,771142
0.210000,771080
0.220000,768832
0.220000,768138
0.220000,768067
0.220000,768004
0.220000,767317
0.230000,766088
0.230000,764231
0.230000,764091
0.230000,762336
0.240000,761994
0.251000,761953
0.253000,761161
0.255000,760462
0.258000,760372
0.262000,757380
0.265000,756235
0.267000,754715
0.269000,754678
0.272000,753712
0.272000,752735
0.272000,751942
0.507000,749524
0.517000,749477
0.517000,749261
0.517000,747533
0.517000,746860
0.517000,744112
0.527000,742557
0.527000,742064
0.527000,741910
0.527000,740544
0.537000,739653
0.537000,739631
0.849000,735245
0.859000,726968
10.386000,701990
10.396000,701649
10.396000,701588
10.396000,701553
10.396000,701509
10.396000,701368
10.396000,701125
10.406000,699971
10.406000,699883
65.637000,694292
65.637000,694232
123.957000,694029
123.957000,693931
123.957000,693903
123.967000,693871
123.967000,693839
123.967000,693675
479.626000,693658
479.626000,693563
