0.050000,876789
0.050000,875972
0.050000,853490
0.050000,853344
0.050000,853297
0.050000,852955
0.050000,852933
0.050000,851770
0.050000,850658
0.050000,850105
0.050000,848650
0.060000,847818
0.060000,847347
0.060000,847066
0.060000,835491
0.060000,835094
0.060000,835050
0.060000,835040
0.060000,831873
0.060000,831652
0.060000,830991
0.060000,830978
0.060000,830960
0.070000,827689
0.070000,826161
0.070000,825474
0.070000,825418
0.070000,825167
0.070000,824945
0.070000,824488
0.070000,822828
0.070000,812483
0.070000,812365
0.070000,723953
0.100000,723358
0.100000,722809
0.100000,721657
0.100000,719027
3.377000,718191
3.377000,718180
3.377000,715485
3.377000,707512
3.387000,707072
3.397000,704665
3.397000,704394
3.397000,702222
3.397000,701246
26.884000,694626
26.884000,694573
26.884000,693886
51.368000,693770
132.569000,692563
132.579000,691995
132.579000,691572
132.579000,690814
576.618000,690750
576.618000,690514
576.618000,689827
576.618000,689584
576.618000,689544
587.661000,688665
587.661000,687915
