0.238000,812729
0.252000,806793
0.254000,806641
0.255000,806105
0.259000,804194
0.262000,796075
0.273000,790811
0.275000,788409
0.277000,788404
0.279000,787323
0.281000,786236
0.283000,776645
0.284000,775333
0.286000,775243
0.288000,774690
0.289000,774418
0.291000,774395
0.293000,770418
0.296000,764329
0.297000,764296
0.299000,764230
0.301000,763118
0.302000,760386
0.304000,760285
0.306000,759598
0.308000,759272
0.310000,759258
0.313000,759167
0.315000,758992
0.858000,758716
0.860000,758665
0.862000,758551
0.867000,757727
0.869000,757626
0.872000,757547
0.874000,756953
0.875000,756228
0.877000,755545
0.879000,755368
0.882000,754182
0.884000,751736
0.887000,751735
0.890000,750771
0.892000,749611
0.896000,746197
0.898000,743870
0.900000,741826
0.903000,740611
0.905000,731354
0.907000,730696
0.909000,729901
0.912000,729883
0.914000,729661
0.916000,727835
0.919000,722767
0.921000,722240
2.446000,721645
2.450000,721423
14.987000,720748
14.989000,720411
14.991000,716607
14.993000,716562
14.995000,715332
21.794000,711021
21.796000,709477
21.798000,708169
35.146000,707231
35.148000,705631
35.150000,704774
35.152000,703895
35.154000,703718
35.155000,703319
35.157000,702242
35.160000,701419
145.012000,699652
145.014000,698965
145.017000,698793
150.137000,686339
150.139000,685958
421.858000,685420
421.858000,685360
421.858000,685195
421.868000,684522
421.868000,684382
