0.140000,788039
0.140000,787035
0.150000,786499
0.150000,786483
0.150000,769970
0.150000,769699
0.150000,768387
0.160000,768361
0.160000,767281
0.160000,767275
0.160000,766691
0.160000,766539
0.170000,765838
0.170000,765663
0.170000,763570
0.180000,762090
0.180000,758311
0.180000,758204
0.180000,757517
0.190000,757427
0.190000,757162
0.190000,756567
0.190000,756014
0.200000,754663
0.210000,754649
0.210000,754602
0.210000,754111
0.210000,753025
0.220000,753007
0.220000,752835
0.220000,750328
0.220000,750306
0.220000,750030
0.230000,749831
0.230000,749608
0.230000,746790
0.241000,743171
0.245000,742566
0.246000,742225
0.249000,740468
1.206000,738691
1.206000,738535
1.206000,737911
1.216000,737843
1.226000,737020
1.226000,735384
1.226000,734406
1.712000,724950
1.712000,723639
1.712000,723148
1.712000,722406
2.155000,721248
2.155000,720897
4.427000,714982
4.427000,714735
4.437000,714223
4.437000,714206
4.437000,713760
4.437000,713060
4.437000,712741
4.447000,712065
4.447000,711222
4.447000,711060
4.447000,710415
4.447000,710022
15.098000,705176
15.108000,704940
15.108000,704271
15.108000,704261
15.118000,704130
15.118000,703553
53.768000,694529
53.768000,694523
53.768000,694504
53.768000,693792
53.778000,693755
53.778000,693076
53.778000,692911
53.778000,692851
