0.038,6990137
0.038,6986401
0.038,6980015
0.038,6974807
0.038,6968853
0.038,6958556
0.04,6955374
0.04,6954587
0.04,6909768
0.04,6909148
0.041,6909148
0.041,6880737
0.041,6863284
0.041,6855693
0.042,6855667
0.042,6846059
0.042,6845319
0.043,6812007
0.043,6809358
0.043,6732800
0.043,6712118
0.043,6709845
0.043,6705240
0.044,6696647
0.044,6689476
0.044,6686341
0.044,6685787
0.044,6668182
0.044,6667897
0.045,6667897
0.045,6643482
0.045,6634545
0.045,6626678
0.045,6623252
0.047,6614332
0.047,6591342
0.047,6582582
0.048,6582031
0.048,6580052
0.048,6562858
0.049,6561086
0.049,6555694
0.049,6554182
0.049,6547600
0.049,6543019
0.05,6532106
0.05,6525178
0.05,6496427
0.05,6482435
0.05,6471446
0.051,6471445
0.051,6458962
0.051,6456892
0.051,6453289
0.052,6434759
0.052,6434609
0.052,6394695
0.052,6394695
0.053,6376471
0.055,6376430
0.055,6368133
0.055,6342762
0.055,6342758
0.055,6326966
0.055,6326627
0.055,6318582
0.056,6316422
0.056,6312085
0.056,6311200
0.056,6299805
0.056,6260450
0.056,6259322
0.057,6219372
0.057,6214336
0.057,6192299
0.057,6184248
0.058,6177704
0.058,6176579
0.058,6168594
0.059,6135836
0.059,6135135
0.059,6124482
0.06,6028491
0.06,6028491
0.062,6025013
0.062,5982242
0.062,5981904
0.062,5973242
0.062,5960914
0.062,5959701
0.062,5926867
0.062,5916574
0.062,5909632
0.064,5908557
0.064,5870927
0.064,5845968
0.064,5844793
0.064,5844291
0.064,5798526
0.064,5741671
0.064,5738046
0.065,5723499
0.065,5714911
0.066,5711228
0.066,5703428
0.068,5703368
0.069,5685061
0.069,5681606
0.069,5676546
0.069,5676242
0.069,5676028
0.069,5636059
0.069,5636059
0.069,5619075
0.07,5619009
0.07,5610828
0.07,5608783
0.07,5599441
0.071,5592616
0.071,5589012
0.071,5588968
0.072,5577630
0.072,5576161
0.073,5576125
0.073,5536186
0.073,5517276
0.074,5509353
0.074,5506257
0.074,5502145
0.075,5499879
0.075,5485007
0.075,5387833
0.077,5387337
0.077,5384069
0.077,5380347
0.077,5358470
0.077,5357506
0.078,5341016
0.078,5335344
0.078,5286114
0.078,5278930
0.078,5246567
0.079,5231022
0.079,5225283
0.08,5127657
0.08,5127097
0.081,5100364
0.082,5096873
0.082,5087221
0.082,5084838
0.083,5069214
0.083,5069214
0.083,5068881
0.084,5068881
0.084,5065594
0.085,5010918
0.085,4920221
0.086,4919590
0.086,4900387
0.086,4900387
0.087,4900234
0.088,4898680
0.088,4895057
0.089,4889219
0.089,4886710
0.089,4868579
0.089,4868579
0.089,4846309
0.09,4846309
0.09,4828954
0.091,4828567
0.091,4825153
0.091,4801111
0.091,4796633
0.091,4796333
0.092,4772747
0.092,4762644
0.093,4759408
0.093,4757519
0.093,4755003
0.094,4754257
0.094,4715893
0.094,4710638
0.095,4704331
0.097,4704218
0.098,4702075
0.098,4694031
0.098,4691746
0.1,4688021
0.1,4684779
0.1,4666627
0.1,4654051
0.101,4640321
0.101,4640179
0.102,4629964
0.103,4628775
0.103,4589896
0.104,4584455
0.104,4491840
0.104,4474210
0.104,4463911
0.104,4463911
0.106,4459107
0.106,4444502
0.106,4408954
0.106,4401861
0.107,4389276
0.108,4389276
0.108,4383288
0.108,4376878
0.108,4376878
0.109,4372582
0.11,4370508
0.11,4368029
0.11,4367333
0.111,4358395
0.111,4351740
0.111,4349534
0.112,4344334
0.112,4342727
0.112,4341207
0.113,4320442
0.113,4310253
0.113,4309776
0.115,4309280
0.115,4286671
0.115,4286651
0.116,4286294
0.116,4283728
0.116,4283625
0.116,4282039
0.117,4281605
0.118,4281124
0.118,4234779
0.119,4234779
0.119,4234779
0.119,4223323
0.121,4221197
0.121,4212359
0.121,4211644
0.123,4194325
0.123,4193031
0.123,4192963
0.124,4192612
0.125,4186447
0.127,4186447
0.127,4185932
0.127,4184573
0.127,4179847
0.127,4178562
0.127,4174135
0.127,4173166
0.128,4158862
0.129,4156953
0.129,4154644
0.129,4154379
0.13,4152793
0.13,4146201
0.132,4146201
0.132,4142436
0.134,4140104
0.134,4134367
0.135,4133656
0.135,4059651
0.139,4058520
0.139,4055960
0.14,4025685
0.14,3979679
0.14,3921123
0.14,3913648
0.142,3909654
0.143,3908961
0.143,3905451
0.143,3902099
0.144,3895687
0.145,3891591
0.145,3888947
0.145,3885885
0.146,3881290
0.146,3847930
0.147,3841301
0.147,3840792
0.148,3840620
0.148,3836172
0.149,3834200
0.149,3823392
0.149,3815604
0.149,3807812
0.15,3806996
0.15,3796397
0.15,3787802
0.15,3786121
0.15,3703318
0.15,3700418
0.15,3667229
0.152,3650068
0.153,3640537
0.153,3640537
0.154,3633832
0.155,3631360
0.157,3627850
0.157,3562577
0.158,3556348
0.158,3553575
0.16,3553068
0.16,3551506
0.162,3551262
0.162,3551099
0.162,3548075
0.162,3510781
0.163,3507555
0.163,3492319
0.164,3467870
0.164,3465467
0.164,3462943
0.167,3462943
0.167,3460408
0.168,3451820
0.168,3450982
0.168,3440414
0.169,3428996
0.17,3368875
0.171,3367915
0.171,3362360
0.173,3355727
0.173,3337708
0.173,3336208
0.174,3335700
0.175,3330046
0.175,3327175
0.177,3321723
0.177,3319237
0.178,3313884
0.18,3312985
0.18,3311726
0.181,3308422
0.182,3307341
0.182,3305713
0.184,3296817
0.184,3295798
0.185,3288772
0.185,3281901
0.186,3281347
0.187,3281347
0.187,3280629
0.188,3280613
0.188,3271894
0.188,3254581
0.189,3248893
0.19,3248197
0.191,3248192
0.191,3243987
0.191,3242189
0.191,3241330
0.192,3224495
0.192,3211078
0.194,3209149
0.194,3207310
0.196,3205501
0.196,3205501
0.196,3195452
0.196,3166944
0.197,3159075
0.197,3157174
0.198,3154899
0.198,3147121
0.199,3143951
0.199,3143951
0.199,3140508
0.2,3139583
0.2,3138192
0.2,3137483
0.202,3128948
0.207,3054088
0.209,3053882
0.21,3052650
0.21,3048178
0.212,3047055
0.212,3045255
0.213,3043488
0.214,3041607
0.214,3040605
0.215,3040605
0.215,3036785
0.217,3036771
0.22,3031129
0.221,3015398
0.221,3006535
0.221,3001295
0.223,3000231
0.224,2999150
0.229,2998587
0.229,2997736
0.229,2994161
0.23,2989603
0.231,2988027
0.234,2972613
0.234,2972613
0.234,2969800
0.236,2966678
0.236,2955918
0.242,2894962
0.244,2892280
0.244,2890237
0.246,2880952
0.246,2878102
0.247,2872183
0.247,2872068
0.253,2872068
0.253,2870872
0.253,2870463
0.255,2870095
0.256,2869283
0.256,2865392
0.257,2838889
0.259,2829509
0.26,2827806
0.263,2807628
0.263,2803554
0.264,2802703
0.265,2802477
0.265,2798183
0.268,2796090
0.269,2795129
0.269,2788496
0.272,2788445
0.273,2788195
0.273,2787342
0.274,2787342
0.274,2787342
0.275,2786997
0.275,2782348
0.277,2781831
0.282,2781831
0.282,2780694
0.284,2779338
0.285,2777269
0.286,2776309
0.287,2776309
0.288,2772353
0.29,2772304
0.291,2769315
0.294,2768444
0.296,2765041
0.296,2765041
0.299,2761739
0.3,2756044
0.302,2755933
0.305,2691433
0.305,2691399
0.308,2690141
0.31,2685987
0.313,2676125
0.315,2676125
0.316,2675170
0.316,2674109
0.317,2674109
0.317,2674029
0.317,2673069
0.318,2673069
0.318,2673021
0.319,2672581
0.319,2640220
0.321,2639462
0.322,2638614
0.323,2615363
0.323,2614657
0.326,2610237
0.326,2610187
0.327,2605060
0.328,2604186
0.329,2602200
0.329,2602200
0.331,2602198
0.336,2597890
0.336,2583854
0.341,2566936
0.341,2565730
0.345,2562336
0.347,2562336
0.347,2562336
0.348,2562305
0.349,2562173
0.35,2562151
0.35,2553782
0.352,2550227
0.355,2550015
0.356,2549852
0.356,2549852
0.359,2549852
0.36,2546370
0.36,2543655
0.36,2542508
0.361,2541083
0.368,2540403
0.369,2532699
0.371,2519246
0.372,2519054
0.373,2516480
0.374,2515631
0.374,2515135
0.379,2507398
0.379,2505730
0.38,2501171
0.38,2500956
0.382,2500954
0.384,2500954
0.386,2499657
0.387,2498218
0.388,2498218
0.388,2496107
0.388,2492566
0.4,2492212
0.403,2492212
0.405,2492212
0.41,2492212
0.413,2491018
0.414,2473900
0.416,2472331
0.416,2470765
0.417,2466444
0.417,2466444
0.419,2464603
0.42,2464603
0.421,2464529
0.423,2459990
0.423,2457470
0.424,2393899
0.424,2392354
0.428,2390454
0.428,2387626
0.429,2387394
0.433,2381349
0.434,2381349
0.436,2381290
0.437,2380793
0.438,2378598
0.438,2364519
0.439,2364378
0.441,2359697
0.441,2357795
0.443,2357795
0.443,2357762
0.445,2355006
0.446,2353433
0.45,2349771
0.451,2321067
0.451,2319095
0.452,2316351
0.454,2311773
0.454,2310241
0.454,2303679
0.456,2302775
0.458,2280817
0.458,2268220
0.464,2265498
0.467,2262292
0.47,2261200
0.473,2260859
0.473,2258950
0.474,2257238
0.474,2256946
0.476,2243363
0.477,2242833
0.477,2242631
0.479,2242631
0.479,2228541
0.481,2227203
0.481,2220936
0.481,2220936
0.482,2213894
0.483,2213894
0.484,2212193
0.485,2210681
0.486,2210085
0.488,2209594
0.49,2209206
0.491,2209147
0.494,2133195
0.494,2132812
0.494,2131435
0.495,2131154
0.496,2131154
0.5,2114479
0.503,2089127
0.505,2088675
0.506,2082222
0.507,2081716
0.507,2079953
0.508,2078835
0.508,2078835
0.513,2078206
0.514,2078199
0.514,2075852
0.515,2075852
0.518,2070299
0.52,2069724
0.522,2068955
0.524,2065549
0.529,2065467
0.533,2051014
0.534,2044936
0.538,2044936
0.538,2044936
0.54,2042673
0.543,2041820
0.543,2039563
0.544,2039563
0.545,2037668
0.548,2036969
0.548,2021580
0.55,2020990
0.551,2017132
0.556,2010261
0.557,2009981
0.558,2008562
0.56,1995899
0.56,1989466
0.561,1981916
0.564,1981190
0.565,1981190
0.568,1981097
0.579,1981011
0.579,1980952
0.58,1980952
0.583,1975204
0.584,1975204
0.585,1943965
0.587,1939399
0.589,1925405
0.593,1925405
0.593,1924382
0.595,1924382
0.595,1924382
0.595,1923898
0.596,1922359
0.6,1919759
0.601,1907267
0.601,1907267
0.602,1907077
0.603,1903837
0.604,1903719
0.606,1903480
0.611,1901721
0.615,1900949
0.615,1900949
0.616,1900692
0.616,1881872
0.619,1825590
0.623,1821959
0.627,1821945
0.628,1821850
0.628,1821850
0.631,1821540
0.631,1820911
0.639,1817181
0.64,1817168
0.642,1814167
0.643,1810950
0.644,1801497
0.645,1798604
0.645,1797824
0.646,1796488
0.647,1796488
0.648,1795362
0.65,1794589
0.65,1792284
0.65,1791533
0.651,1782911
0.658,1781697
0.659,1779060
0.665,1779060
0.667,1779060
0.667,1777466
0.675,1777466
0.676,1777021
0.682,1775926
0.687,1775926
0.69,1775446
0.691,1775446
0.694,1774736
0.695,1773410
0.697,1773217
0.697,1773217
0.701,1770381
0.705,1770381
0.71,1769946
0.712,1769946
0.713,1766936
0.715,1766821
0.716,1766774
0.717,1764024
0.717,1763654
0.718,1763654
0.719,1763654
0.721,1761363
0.723,1756099
0.733,1754012
0.733,1752859
0.736,1752791
0.743,1752010
0.751,1751758
0.752,1751758
0.753,1751758
0.76,1733297
0.768,1731448
0.772,1731267
0.772,1730643
0.774,1729839
0.774,1729839
0.775,1729771
0.78,1726896
0.783,1724212
0.784,1724144
0.786,1723734
0.792,1723164
0.793,1721843
0.795,1719890
0.796,1717292
0.797,1717023
0.802,1715658
0.802,1710600
0.804,1702810
0.808,1702646
0.809,1701880
0.809,1701095
0.811,1693992
0.82,1692742
0.822,1692332
0.824,1691582
0.824,1689217
0.827,1689118
0.828,1680956
0.83,1680956
0.83,1677992
0.833,1677992
0.844,1672470
0.845,1671503
0.847,1647997
0.847,1646529
0.848,1621075
0.851,1621075
0.859,1621038
0.863,1619932
0.863,1618709
0.863,1604836
0.863,1604836
0.868,1604836
0.87,1603748
0.873,1603171
0.873,1602202
0.874,1600861
0.878,1600066
0.879,1599929
0.88,1599929
0.884,1599929
0.884,1597254
0.887,1596890
0.888,1596890
0.894,1596890
0.895,1596890
0.899,1595212
0.903,1593807
0.903,1592538
0.904,1590101
0.907,1589864
0.91,1589864
0.912,1556709
0.912,1556420
0.914,1555884
0.915,1555078
0.919,1555072
0.923,1555072
0.927,1552193
0.929,1551951
0.93,1549185
0.93,1549185
0.939,1526815
0.944,1517377
0.949,1517356
0.95,1517308
0.953,1516749
0.958,1516749
0.958,1514738
0.961,1509395
0.964,1509395
0.966,1509184
0.97,1506394
0.97,1506394
0.972,1506394
0.972,1502696
0.973,1501433
0.978,1499705
0.978,1498476
0.982,1497237
0.985,1497237
0.99,1497052
0.992,1494805
0.996,1494805
0.999,1490240
1,1490211
1.007,1466203
1.008,1466203
1.009,1461375
1.01,1461334
1.011,1455381
1.012,1454378
1.016,1453092
1.019,1453092
1.027,1450433
1.032,1450433
1.033,1450433
1.034,1450195
1.04,1449970
1.05,1449970
1.051,1449936
1.052,1449923
1.054,1441980
1.057,1439157
1.063,1439157
1.064,1438985
1.077,1438141
1.081,1437898
1.083,1437898
1.09,1437896
1.107,1437896
1.11,1437779
1.112,1424648
1.122,1424648
1.125,1423374
1.126,1420085
1.129,1419561
1.133,1419232
1.139,1419232
1.141,1418208
1.145,1418208
1.146,1418208
1.147,1416030
1.158,1415213
1.161,1415213
1.173,1415114
1.184,1414743
1.191,1413802
1.198,1413802
1.203,1413802
1.21,1412320
1.21,1412320
1.213,1411749
1.225,1411697
1.231,1411697
1.236,1411697
1.24,1398225
1.241,1397123
1.243,1397123
1.244,1394803
1.246,1394803
1.249,1393730
1.263,1393426
1.286,1393426
1.298,1392857
1.302,1383531
1.302,1383531
1.307,1383005
1.307,1381547
1.312,1379242
1.318,1377038
1.324,1361496
1.343,1360516
1.351,1360516
1.36,1360516
1.364,1360516
1.366,1360516
1.378,1360504
1.381,1357016
1.385,1319379
1.393,1318948
1.396,1318948
1.398,1318643
1.4,1314597
1.432,1314597
1.439,1314597
1.446,1312297
1.453,1312297
1.454,1312297
1.461,1312045
1.462,1312045
1.465,1312045
1.477,1312045
1.48,1311418
1.485,1311341
1.486,1311341
1.487,1308061
1.491,1307488
1.492,1307064
1.496,1305433
1.5,1302140
1.506,1301488
1.517,1300168
1.532,1298730
1.539,1298730
1.541,1298730
1.542,1297194
1.557,1297194
1.558,1297194
1.56,1297194
1.563,1296896
1.566,1295585
1.569,1293012
1.57,1293012
1.57,1292599
1.571,1292220
1.572,1291733
1.578,1291733
1.579,1291733
1.586,1291733
1.593,1291605
1.6,1291605
1.603,1291605
1.604,1291605
1.61,1290610
1.617,1290610
1.618,1290610
1.621,1289986
1.625,1287891
1.626,1287891
1.633,1287891
1.633,1287891
1.642,1287891
1.646,1282911
1.651,1244979
1.665,1244544
1.667,1244544
1.668,1241916
1.669,1240531
1.681,1239655
1.685,1238903
1.687,1238903
1.689,1238903
1.69,1238819
1.696,1238657
1.701,1237973
1.705,1237973
1.705,1237973
1.705,1234643
1.722,1234643
1.737,1233394
1.74,1233253
1.759,1233253
1.763,1230463
1.768,1230445
1.771,1217534
1.784,1215729
1.788,1215729
1.788,1215729
1.789,1215729
1.792,1214823
1.793,1214823
1.797,1204665
1.802,1204665
1.803,1204665
1.813,1204233
1.824,1204233
1.831,1204233
1.842,1204233
1.844,1202799
1.845,1202784
1.847,1202784
1.85,1202735
1.852,1202531
1.856,1200125
1.861,1199897
1.862,1199897
1.873,1192536
1.877,1192429
1.877,1178704
1.88,1178338
1.891,1178338
1.906,1178338
1.907,1178338
1.908,1178338
1.908,1176512
1.909,1176512
1.918,1175612
1.931,1175612
1.953,1175612
1.969,1175612
1.981,1175435
1.982,1175435
1.987,1175319
1.989,1175319
1.993,1156155
1.994,1156155
2.003,1156155
2.004,1156155
2.017,1146958
2.044,1146958
2.046,1146896
2.048,1146896
2.054,1146896
2.067,1146896
2.071,1145565
2.083,1145228
2.085,1145228
2.105,1145228
2.106,1143630
2.109,1134936
2.113,1134229
2.116,1134229
2.117,1134229
2.126,1134229
2.129,1133953
2.131,1133131
2.132,1130695
2.135,1130277
2.137,1130277
2.162,1130277
2.166,1130277
2.174,1130277
2.189,1107848
2.195,1107848
2.206,1107715
2.214,1107715
2.216,1107715
2.232,1106489
2.233,1105582
2.241,1084739
2.244,1084739
2.248,1084739
2.256,1084739
2.265,1083716
2.265,1083716
2.269,1083716
2.269,1083716
2.29,1083716
2.304,1083716
2.308,1082745
2.312,1082745
2.324,1082745
2.326,1082745
2.337,1082745
2.342,1082745
2.343,1082745
2.344,1082743
2.346,1082629
2.347,1082629
2.349,1082629
2.353,1081133
2.354,1080375
2.36,1080375
2.368,1080011
2.372,1078148
2.373,1075271
2.373,1075271
2.376,1075248
2.381,1075248
2.385,1074341
2.409,1074157
2.433,1072255
2.437,1070790
2.438,1070314
2.445,1070314
2.448,1070314
2.456,1070314
2.474,1070314
2.486,1066548
2.49,1066548
2.491,1066548
2.495,1066548
2.498,1066548
2.512,1066370
2.513,1065805
2.514,1065805
2.518,1065805
2.536,1065341
2.539,1065119
2.549,1065119
2.554,1065119
2.558,1065118
2.561,1065118
2.562,1065118
2.59,1065118
2.596,1065118
2.597,1065118
2.608,1065118
2.611,1065118
2.614,1065118
2.628,1065118
2.629,1065118
2.635,1061911
2.635,1060320
2.636,1060320
2.639,1060320
2.644,1060226
2.659,1060226
2.66,1059336
2.672,1056333
2.679,1056333
2.686,1053581
2.686,1053581
2.69,1053581
2.7,1052417
2.706,1052246
2.712,1052246
2.716,1052246
2.719,1052246
2.726,1042857
2.738,1039809
2.739,1039611
2.74,1039611
2.742,1039611
2.742,1039611
2.744,1038137
2.744,1037723
2.765,1037486
2.767,1037486
2.769,1014691
2.773,1014691
2.778,1014691
2.779,1014691
2.782,1013281
2.782,1012199
2.783,1011365
2.789,1011365
2.792,1010554
2.793,1010368
2.796,1007292
2.798,1007292
2.8,1007292
2.807,998168
2.818,998168
2.82,998168
2.823,998168
2.85,998168
2.862,998168
2.868,998168
2.869,996320
2.87,992145
2.87,992145
2.873,992145
2.879,992145
2.887,992145
2.887,992145
2.895,992145
2.922,992145
2.924,990772
2.936,989554
2.937,989554
2.942,989554
2.952,989554
2.957,989554
2.976,989554
2.976,989027
2.976,989027
2.981,989008
2.988,989008
2.993,989008
3.007,989008
3.007,989008
3.008,989008
3.01,989008
3.04,989008
3.043,989008
3.045,989008
3.057,988755
3.062,988755
3.066,988755
3.073,988755
3.085,988755
3.086,988322
3.097,988322
3.114,987488
3.114,987009
3.116,987009
3.118,987009
3.118,980408
3.121,979383
3.134,979383
3.135,978889
3.145,978106
3.148,978043
3.16,978043
3.164,978043
3.174,978043
3.186,973546
3.196,973546
3.21,973270
3.217,970852
3.219,970852
3.226,970852
3.232,970852
3.233,970852
3.233,969651
3.236,969651
3.245,969651
3.257,969631
3.257,969631
3.265,969631
3.268,969631
3.277,969112
3.284,969037
3.294,969037
3.297,969037
3.298,969037
3.3,969037
3.314,968590
3.33,968590
3.339,968590
3.366,967567
3.371,967324
3.375,967324
3.377,967277
3.379,967277
3.381,967277
3.399,967277
3.426,967277
3.436,967277
3.443,967277
3.458,967124
3.464,967124
3.47,964107
3.477,964107
3.508,964107
3.53,959907
3.551,959907
3.561,959907
3.578,959907
3.581,959907
3.585,958718
3.586,955354
3.601,955354
3.602,955354
3.604,955354
3.607,955354
3.615,954696
3.616,952194
3.631,952194
3.638,952194
3.642,952194
3.668,952192
3.669,952192
3.678,951956
3.685,951956
3.694,951956
3.704,951956
3.708,951956
3.717,951956
3.725,951956
3.726,951890
3.74,951890
3.741,951890
3.755,951182
3.775,950979
3.788,950979
3.791,950979
3.794,950979
3.802,950979
3.818,950979
3.824,950979
3.831,950979
3.854,950979
3.87,950976
3.874,950976
3.877,950976
3.878,950976
3.888,950180
3.889,949816
3.892,949816
3.91,949816
3.913,949605
3.918,949597
3.924,949597
3.928,949301
3.948,941301
3.955,941301
3.96,941301
3.966,941260
3.97,941243
3.972,941243
3.976,941243
3.98,941243
3.982,905193
3.991,903059
4.007,889289
4.008,889289
4.037,889289
4.039,889289
4.043,888720
4.044,883491
4.046,883491
4.048,883491
4.058,883491
4.066,882173
4.074,882173
4.082,882173
4.089,882097
4.09,881941
4.092,881941
4.095,881869
4.1,881869
4.112,881869
4.116,874095
4.126,874095
4.143,874095
4.148,874095
4.156,874095
4.157,874095
4.181,874095
4.2,874095
4.203,874095
4.217,874095
4.22,873645
4.24,873645
4.25,873631
4.252,873631
4.253,873453
4.264,873016
4.271,873016
4.279,872737
4.28,872737
4.282,872737
4.285,872737
4.292,867268
4.296,867268
4.302,867268
4.303,867268
4.309,867268
4.33,867268
4.331,867268
4.331,866492
4.341,866492
4.343,866492
4.343,866492
4.358,866492
4.364,866492
4.364,866492
4.37,866492
4.373,866492
4.375,866492
4.416,866492
4.427,866492
4.435,866492
4.445,862575
4.461,862575
4.468,862575
4.496,862575
4.498,862575
4.513,862575
4.528,862575
4.537,862006
4.543,862006
4.555,862006
4.555,862006
4.56,862006
4.562,862006
4.566,862006
4.569,862006
4.571,862006
4.578,862006
4.58,861242
4.587,861242
4.596,861242
4.604,861242
4.611,861242
4.616,861242
4.628,860206
4.629,860206
4.637,860206
4.675,860206
4.691,860206
4.697,860206
4.709,860206
4.72,859891
4.722,859891
4.725,859740
4.73,859740
4.741,859740
4.753,859672
4.755,859672
4.759,858437
4.769,858437
4.776,858437
4.795,857751
4.821,857751
4.83,857751
4.839,857751
4.841,857751
4.842,857677
4.865,857677
4.866,857677
4.904,857677
4.911,856929
4.917,856929
4.921,856527
4.944,856527
4.961,856527
4.961,856527
4.968,856527
4.97,856527
4.973,856527
4.973,856527
4.978,856527
4.979,856527
4.986,856495
4.986,856495
4.988,856495
5.003,856495
5.006,856495
5.018,855102
5.029,855102
5.034,854092
5.042,854092
5.052,853222
5.053,853222
5.059,853222
5.065,853222
5.091,853222
5.093,853222
5.094,852418
5.105,852418
5.114,852418
5.119,852418
5.131,848691
5.147,848691
5.156,848691
5.162,848691
5.178,848691
5.183,848691
5.206,840973
5.222,840973
5.223,840973
5.232,840973
5.241,840973
5.245,840973
5.258,840973
5.28,840973
5.288,840973
5.297,840973
5.3,840973
5.3,840973
5.316,840415
5.326,840415
5.338,840415
5.373,840415
5.382,840415
5.392,840415
5.397,840415
5.4,839803
5.404,839803
5.405,839803
5.424,839803
5.435,839803
5.437,839803
5.438,839803
5.446,839803
5.459,838930
5.484,838930
5.51,838930
5.513,838930
5.518,838930
5.52,838930
5.525,838930
5.533,838930
5.537,838930
5.539,838930
5.553,838930
5.564,838930
5.579,838930
5.595,838714
5.599,837569
5.6,837073
5.614,837073
5.615,837073
5.623,837073
5.63,837073
5.634,836511
5.635,836511
5.636,836511
5.644,836511
5.644,834777
5.645,834460
5.658,833921
5.665,833921
5.684,833921
5.699,833921
5.704,833921
5.715,833921
5.716,829596
5.762,829596
5.767,829160
5.772,828078
5.78,828078
5.81,828078
5.81,826311
5.815,826311
5.818,826311
5.819,826311
5.82,826311
5.821,826311
5.824,824045
5.836,819968
5.853,819968
5.867,819968
5.878,819933
5.885,819933
5.898,819933
5.908,819933
5.918,819378
5.936,819378
5.937,819378
5.94,819378
5.945,819378
5.946,819378
5.961,818020
5.963,818020
5.988,818020
5.99,818020
5.997,818020
6,818020
6.003,818020
6.005,818020
6.01,818020
6.015,818020
6.027,818020
6.044,816969
6.046,816969
6.05,816969
6.08,816969
6.08,816969
6.087,816969
6.09,816622
6.093,816622
6.094,816622
6.112,816622
6.116,816622
6.121,816622
6.121,816183
6.135,816183
6.137,816183
6.14,816183
6.155,816183
6.183,815927
6.185,812677
6.189,812677
6.216,811429
6.219,811429
6.242,811429
6.271,811429
6.273,811429
6.278,811429
6.294,811429
6.317,810937
6.326,810937
6.329,810937
6.331,810937
6.349,810937
6.35,810937
6.354,810937
6.356,810937
6.359,810937
6.382,810937
6.391,810937
6.393,810937
6.42,810937
6.42,810937
6.422,810937
6.463,810278
6.498,810278
6.499,810278
6.503,810278
6.514,810278
6.514,809843
6.52,809843
6.526,809763
6.53,809763
6.548,809763
6.55,809763
6.556,809763
6.562,809763
6.565,805342
6.57,805342
6.571,805342
6.593,803726
6.609,803289
6.61,803289
6.617,802615
6.619,802615
6.627,802615
6.634,802615
6.639,802615
6.65,802615
6.666,802615
6.667,802615
6.674,802615
6.708,802615
6.71,802615
6.71,789846
6.747,789453
6.749,789453
6.772,789453
6.787,786723
6.79,785538
6.817,785538
6.831,785538
6.846,785538
6.85,785538
6.851,785538
6.853,785330
6.854,785330
6.87,785330
6.879,785330
6.88,785330
6.885,781869
6.897,781869
6.897,781869
6.903,781869
6.908,781869
6.932,781869
6.949,781869
6.956,781869
6.957,781869
6.963,781869
6.971,781869
6.977,781869
6.986,780876
6.987,780493
6.996,780493
6.998,780493
7.011,780493
7.033,780463
7.036,780463
7.037,780463
7.038,780226
7.043,780226
7.045,779824
7.057,779680
7.061,779680
7.067,779680
7.073,779680
7.077,779680
7.091,779680
7.092,779680
7.112,778824
7.117,778824
7.119,778824
7.121,778824
7.126,778824
7.134,778824
7.155,778824
7.161,778824
7.173,778824
7.174,778824
7.205,778824
7.209,777876
7.235,777876
7.27,777876
7.291,776747
7.308,776747
7.336,776747
7.341,763291
7.349,763291
7.352,763291
7.367,763291
7.375,763291
7.383,763291
7.407,760565
7.41,760565
7.419,760394
7.43,760394
7.43,760394
7.433,760160
7.447,751586
7.45,749400
7.462,749400
7.466,749400
7.467,749400
7.468,749400
7.49,749400
7.498,749400
7.518,748150
7.52,748150
7.52,748150
7.525,748150
7.534,748150
7.537,748026
7.553,748026
7.568,748026
7.569,748026
7.57,748026
7.572,748026
7.583,748026
7.587,748026
7.594,748026
7.598,748026
7.599,748026
7.605,748026
7.611,748026
7.632,748026
7.656,748026
7.656,748026
7.659,748026
7.664,748026
7.678,748026
7.682,748026
7.684,748026
7.695,748026
7.715,748026
7.721,748026
7.759,748026
7.765,748026
7.766,747279
7.784,747279
7.795,747279
7.801,747279
7.806,747279
7.807,747279
7.822,747279
7.836,747279
7.85,747167
7.86,747167
7.864,747167
7.864,747167
7.867,747167
7.874,747167
7.875,747167
7.881,747167
7.893,747167
7.896,747167
7.898,747167
7.902,747167
7.908,747167
7.912,747106
7.927,747085
7.928,747085
7.946,747085
7.969,747085
7.985,747085
7.993,747085
7.995,747085
7.997,746795
8.005,746795
8.021,746737
8.022,746737
8.028,746737
8.036,746737
8.039,746737
8.052,746737
8.059,746737
8.065,746737
8.078,746737
8.092,746737
8.096,746737
8.116,746737
8.117,746737
8.121,746737
8.14,746737
8.157,746614
8.163,746614
8.165,746614
8.166,746455
8.166,746455
8.17,746455
8.173,746455
8.176,746455
8.179,745045
8.18,745045
8.18,745045
8.182,745045
8.201,745045
8.203,745045
8.213,745045
8.229,745045
8.23,745045
8.236,745045
8.243,745045
8.249,745045
8.259,745045
8.287,745045
8.289,745045
8.292,745045
8.308,745045
8.336,745045
8.337,744525
8.35,744525
8.372,744525
8.395,744525
8.402,744525
8.414,744525
8.419,744525
8.428,744525
8.449,744525
8.462,744525
8.466,744525
8.479,744525
8.526,744525
8.528,744525
8.535,744525
8.54,744525
8.541,744525
8.555,744525
8.584,744525
8.589,744525
8.643,744525
8.658,744525
8.662,744525
8.683,744525
8.683,744525
8.687,744525
8.702,744525
8.704,744525
8.71,744525
8.719,744525
8.735,744525
8.747,744525
8.759,744525
8.788,744525
8.819,744525
8.827,742394
8.828,742394
8.838,742394
8.844,742394
8.844,742394
8.861,742394
8.865,742394
8.87,742394
8.879,742394
8.881,742394
8.914,742394
8.92,742394
8.962,742394
8.968,742394
8.969,742394
8.973,742394
8.987,742394
8.991,742394
8.992,742394
8.994,742394
9.008,742217
9.009,742210
9.014,742210
9.026,742210
9.037,742210
9.044,742210
9.056,742210
9.058,742210
9.061,742210
9.063,742210
9.066,742210
9.098,742210
9.12,741791
9.126,741195
9.126,740142
9.148,740142
9.151,740142
9.172,740092
9.183,740092
9.202,740092
9.204,740092
9.211,740092
9.213,740092
9.221,740092
9.234,740092
9.252,740092
9.255,739578
9.285,736233
9.287,736233
9.288,736233
9.29,736233
9.298,736233
9.34,736233
9.348,736233
9.357,736233
9.36,736233
9.367,736233
9.369,736233
9.372,736233
9.386,736233
9.397,736233
9.4,736233
9.41,736233
9.413,736233
9.415,736233
9.428,736233
9.441,736233
9.455,736134
9.458,736134
9.469,736134
9.471,736134
9.475,736134
9.482,736134
9.484,736134
9.485,736134
9.486,736134
9.499,736134
9.501,736134
9.503,736134
9.507,736134
9.517,736134
9.524,736134
9.541,736134
9.547,736134
9.551,736134
9.557,735935
9.568,735935
9.576,735935
9.577,735935
9.585,735935
9.596,735935
9.616,735935
9.618,735883
9.629,735883
9.631,735883
9.64,735883
9.654,735883
9.658,735883
9.666,735883
9.702,735883
9.712,735883
9.715,735883
9.726,735883
9.736,735883
9.738,735883
9.744,735883
9.749,735883
9.765,735883
9.771,735883
9.772,735883
9.787,735883
9.791,735883
9.799,735883
9.806,735883
9.809,735883
9.835,735883
9.839,735883
9.843,735883
9.882,725466
9.9,725466
9.911,725466
9.914,725466
9.918,725466
9.918,725466
9.925,725466
9.938,725466
9.951,725466
9.961,725466
9.984,725466
9.985,725466
10.003,725466
10.006,725466
10.011,725466
10.013,725466
10.016,725466
10.025,725466
10.035,725466
10.039,725466
10.042,725466
10.068,725466
10.075,725466
10.09,725466
10.1,725466
10.107,725466
10.12,725466
10.125,725466
10.129,725466
10.133,725466
10.151,725466
10.152,725466
10.167,725466
10.168,725466
10.177,724075
10.19,724075
10.218,724075
10.228,724075
10.23,724075
10.261,724075
10.268,724075
10.276,724075
10.292,724075
10.3,724075
10.301,724075
10.304,724075
10.305,724075
10.308,724075
10.321,724075
10.324,724075
10.327,724075
10.329,724075
10.334,724075
10.335,724075
10.341,716314
10.351,716314
10.362,716314
10.363,716314
10.383,716314
10.384,716314
10.398,716314
10.404,716314
10.443,716314
10.484,716314
10.492,716314
10.498,716039
10.511,713910
10.516,713910
10.519,713910
10.519,713910
10.522,713910
10.523,713910
10.525,713910
10.548,713910
10.552,713910
10.554,713910
10.561,713910
10.572,713880
10.573,713880
10.574,713880
10.592,713880
10.62,713880
10.636,713880
10.639,713880
10.657,713880
10.667,713880
10.669,713880
10.671,713880
10.692,713880
10.698,713880
10.698,713880
10.7,713880
10.71,713880
10.722,713880
10.729,713880
10.739,713880
10.744,713880
10.746,713880
10.748,713880
10.755,713880
10.758,713880
10.771,713880
10.793,713880
10.805,713880
10.841,713880
10.868,713880
10.887,713880
10.902,713880
10.904,713880
10.909,713880
10.92,713880
10.923,713880
10.939,713880
10.942,713880
10.954,713880
10.957,713880
10.957,713880
10.96,713880
10.995,713880
10.997,709309
11.003,709309
11.008,709309
11.012,709309
11.016,709309
11.049,709309
11.058,709309
11.061,709309
11.067,709309
11.094,709309
11.099,708660
11.112,708660
11.115,708660
11.139,708660
11.155,708660
11.159,708660
11.168,708660
11.178,708660
11.184,708660
11.194,708660
11.194,708660
11.201,708660
11.205,708660
11.211,708660
11.236,708660
11.242,708660
11.245,708660
11.248,708660
11.253,708660
11.266,708660
11.289,708660
11.296,708660
11.296,708660
11.298,708660
11.318,708660
11.331,708660
11.335,708660
11.368,708660
11.368,708660
11.374,708481
11.404,708481
11.404,708481
11.405,707258
11.405,707258
11.408,707258
11.412,707258
11.415,707258
11.418,707258
11.42,706801
11.423,706801
11.428,706594
11.434,706594
11.435,706594
11.437,706477
11.458,706477
11.473,706477
11.493,706477
11.504,706477
11.507,706477
11.516,705869
11.518,705869
11.528,705869
11.55,705869
11.551,705869
11.599,705869
11.617,705869
11.62,705869
11.626,704724
11.627,704724
11.646,704724
11.665,704724
11.716,704724
11.717,704724
11.719,704724
11.721,704724
11.751,704724
11.783,704724
11.788,704724
11.832,704724
11.859,704724
11.86,704724
11.886,704724
11.891,704724
11.895,704254
11.908,704254
11.934,704254
11.937,704254
11.946,704254
11.949,704254
11.95,704254
11.961,704254
11.971,704254
11.98,704254
12.001,704254
12.009,704254
12.017,704254
12.019,704254
12.02,704254
12.021,704254
12.034,704254
12.036,704254
12.052,704254
12.054,704254
12.056,704210
12.066,704210
12.084,704210
12.09,702363
12.096,702363
12.096,702363
12.118,702363
12.128,702363
12.14,702363
12.164,702363
12.168,702363
12.186,702363
12.187,702363
12.199,702363
12.215,702363
12.219,702363
12.232,702363
12.244,702363
12.247,702363
12.248,702363
12.248,702363
12.259,702363
12.273,702363
12.284,702363
12.293,702363
12.295,702363
12.313,702363
12.325,702363
12.326,702363
12.331,702363
12.335,702363
12.34,702363
12.341,702363
12.343,702363
12.348,702363
12.348,702363
12.35,702363
12.357,702363
12.371,702363
12.379,702363
12.384,702363
12.389,702363
12.396,702363
12.407,702363
12.413,702363
12.452,702363
12.468,702363
12.495,702363
12.501,702363
12.51,702363
12.515,702363
12.52,702363
12.52,702363
12.533,702363
12.534,702363
12.536,702363
12.54,702363
12.543,702363
12.547,702363
12.548,702363
12.551,702363
12.563,702363
12.567,702363
12.568,702363
12.586,702363
12.602,702363
12.607,702363
12.608,702363
12.608,702363
12.619,702363
12.62,702363
12.636,702363
12.638,702363
12.645,702363
12.647,702363
12.66,702363
12.673,702363
12.682,702363
12.683,702363
12.689,702363
12.694,702363
12.708,702363
12.709,702363
12.71,702363
12.729,702363
12.732,702363
12.749,702363
12.76,702363
12.762,702363
12.767,702363
12.771,702363
12.778,702363
12.795,702363
12.801,702363
12.807,702363
12.822,702363
12.835,702363
12.838,702363
12.848,702363
12.861,702363
12.861,702363
12.862,702363
12.867,702363
12.876,702363
12.883,702363
12.887,702363
12.891,702363
12.894,702363
12.908,702363
12.933,702363
12.941,702363
12.95,702363
12.975,702363
12.975,702363
12.98,702363
12.997,702363
13.01,702363
13.01,702363
13.022,702363
13.023,701655
13.035,701655
13.043,701655
13.058,701655
13.06,701655
13.095,701655
13.111,701655
13.129,701655
13.131,701655
13.132,701655
13.134,701655
13.137,701655
13.141,701655
13.15,701655
13.151,701655
13.153,701655
13.183,701655
13.212,701655
13.233,701655
13.251,701655
13.253,701655
13.254,701655
13.263,701655
13.267,701655
13.272,701655
13.28,701655
13.282,701655
13.289,701655
13.299,701655
13.307,701655
13.313,701655
13.318,701655
13.319,701655
13.325,701655
13.34,701655
13.341,701655
13.351,701655
13.354,701655
13.356,701655
13.373,701655
13.384,701655
13.385,701382
13.386,701382
13.397,700300
13.401,700300
13.43,700300
13.446,700300
13.448,700300
13.468,700300
13.489,700300
13.49,700300
13.495,700300
13.497,700300
13.51,700300
13.51,700300
13.516,700300
13.522,700300
13.531,700300
13.537,700300
13.544,700300
13.567,698705
13.571,698705
13.576,698705
13.578,698705
13.582,698705
13.59,698705
13.636,698705
13.636,698705
13.644,698705
13.686,698705
13.686,698705
13.687,698705
13.697,698705
13.704,698705
13.718,698705
13.735,698705
13.74,698705
13.759,698705
13.793,698705
13.799,698705
13.813,698705
13.818,698705
13.842,698705
13.845,698470
13.877,698470
13.894,698470
13.912,698470
13.956,698470
13.963,698470
13.98,698470
13.983,698470
13.984,698470
13.993,698470
13.997,698470
14.006,698470
14.023,698470
14.026,698470
14.031,698470
14.044,698470
14.046,698470
14.068,698470
14.082,698470
14.085,698470
14.097,698470
14.097,698470
14.098,698470
14.116,698470
14.123,698470
14.124,698470
14.13,698470
14.13,698072
14.132,698072
14.169,698072
14.174,698072
14.192,698072
14.197,698072
14.214,698072
14.229,698072
14.246,698072
14.249,698072
14.277,698072
14.279,698072
14.289,698072
14.29,698072
14.305,698072
14.318,698072
14.321,698072
14.343,698072
14.35,698072
14.355,698072
14.358,698072
14.384,698072
14.41,697778
14.417,697778
14.422,697778
14.43,697778
14.437,697778
14.44,697778
14.441,697778
14.443,697778
14.446,697778
14.47,697778
14.474,697778
14.479,697778
14.48,697778
14.484,697778
14.503,697778
14.507,697778
14.512,697778
14.521,697778
14.543,697778
14.547,696544
14.559,696544
14.56,696544
14.579,696544
14.583,696544
14.593,696544
14.607,696544
14.609,696544
14.623,696489
14.627,696489
14.629,695564
14.632,695564
14.641,695564
14.644,695564
14.654,695564
14.664,695564
14.673,695564
14.675,695564
14.69,695564
14.704,695564
14.732,695564
14.736,695564
14.801,695564
14.809,695564
14.81,695564
14.826,695564
14.895,695564
14.896,695564
14.899,695564
14.92,695136
14.922,695136
14.923,695136
14.923,695136
14.928,695136
14.932,695136
14.935,695136
14.954,695136
14.957,695136
14.958,695136
14.961,695136
14.98,695136
14.985,695136
14.991,695136
14.996,695136
15,695136
15.01,695136
15.021,695136
15.031,695136
15.05,695136
15.072,695136
15.098,695136
15.107,695136
15.11,695136
15.112,695136
15.124,695136
15.144,695136
15.146,695136
15.148,695136
15.153,695136
15.169,695136
15.18,695136
15.182,695136
15.185,695136
15.196,695136
15.199,695136
15.201,695136
15.206,695136
15.208,695136
15.216,695136
15.218,695136
15.24,695136
15.257,695136
15.263,695136
15.264,695136
15.268,695136
15.275,695136
15.291,695136
15.301,695136
15.307,695136
15.31,695136
15.31,695136
15.336,695136
15.339,695136
15.341,695136
15.344,695136
15.375,695136
15.405,695136
15.418,695136
15.422,695136
15.426,695136
15.438,695136
15.445,695047
15.462,695047
15.467,695047
15.509,695047
15.523,695047
15.535,695047
15.54,695047
15.572,695047
15.581,695047
15.602,695047
15.604,695047
15.61,695047
15.617,695047
15.654,695047
15.666,695047
15.674,695047
15.675,695047
15.676,695047
15.701,695047
15.703,695047
15.707,695047
15.729,695047
15.739,695047
15.751,695047
15.751,695010
15.755,695010
15.757,695010
15.762,695010
15.762,695010
15.771,695010
15.79,695010
15.832,695010
15.857,695010
15.862,695010
15.868,695010
15.881,695010
15.902,694405
15.904,694405
15.915,694405
15.949,694405
15.967,694405
15.99,694405
15.996,694405
16.016,694405
16.033,694405
16.039,694405
16.044,694405
16.045,694405
16.051,694405
16.068,694405
16.08,694405
16.083,694405
16.1,694405
16.101,694405
16.106,694405
16.106,694405
16.111,694405
16.121,694405
16.124,694405
16.136,694405
16.138,694405
16.141,694405
16.147,694405
16.15,694405
16.168,694405
16.172,694405
16.175,694405
16.183,694405
16.19,694405
16.192,694405
16.192,694405
16.208,694405
16.211,694405
16.215,694405
16.22,694405
16.227,694405
16.232,694405
16.242,694405
16.246,694405
16.256,694405
16.273,694405
16.283,694405
16.294,694405
16.31,694405
16.321,694405
16.328,694405
16.331,694405
16.37,694405
16.385,694405
16.397,694405
16.412,694405
16.412,694405
16.416,694405
16.421,694405
16.433,694405
16.441,694405
16.445,694405
16.468,694405
16.47,694405
16.472,694405
16.474,694405
16.488,694405
16.506,694405
16.513,694405
16.522,694405
16.53,694405
16.537,694405
16.543,694405
16.561,694405
16.57,694405
16.575,694405
16.58,694405
16.583,694405
16.6,694405
16.605,694405
16.625,694405
16.639,694405
16.685,694405
16.713,694405
16.717,694405
16.727,694405
16.749,694405
16.752,694405
16.76,694405
16.764,694405
16.765,694405
16.781,694405
16.783,694405
16.797,694405
16.797,694405
16.807,694405
16.813,694405
16.814,694405
16.815,694405
16.818,694405
16.818,694405
16.844,694405
16.846,694405
16.848,694405
16.865,694405
16.877,694405
16.888,694405
16.91,694405
16.914,694405
16.916,694405
16.931,694405
16.931,694405
16.943,694405
16.951,694405
16.969,694405
16.97,694405
16.973,694405
16.978,694405
16.986,694405
17.003,694405
17.003,694405
17.004,694405
17.018,694405
17.051,694405
17.056,694405
17.061,694405
17.074,694405
17.079,694405
17.094,694405
17.106,694405
17.115,694405
17.131,694405
17.15,694405
17.212,694405
17.213,694405
17.229,694405
17.23,694405
17.268,694405
17.268,694405
17.274,694405
17.279,694405
17.284,694405
17.29,694405
17.29,694405
17.299,694405
17.303,694405
17.304,694405
17.312,694405
17.32,694405
17.34,694405
17.358,694405
17.368,694405
17.378,694405
17.378,694405
17.422,694405
17.429,694405
17.434,694405
17.438,694405
17.455,694405
17.456,694405
17.456,694405
17.463,694405
17.465,694405
17.476,694405
17.489,694405
17.521,694405
17.521,694405
17.522,694405
17.526,694405
17.53,694405
17.54,694405
17.541,694405
17.554,694405
17.59,694405
17.601,694405
17.612,694405
17.628,694405
17.632,692910
17.637,692910
17.657,692910
17.666,692910
17.672,692910
17.68,692910
17.699,692910
17.701,692910
17.703,692910
17.712,692910
17.713,692910
17.719,692910
17.737,692910
17.745,692910
17.792,692910
17.818,692910
17.819,692910
17.829,692910
17.832,692910
17.884,692910
17.887,692910
17.892,692910
17.893,692910
17.897,692910
17.9,692910
17.906,692910
17.926,692910
17.93,692910
17.935,692910
17.94,692910
17.944,692910
17.957,692910
17.975,692910
17.994,692910
18.002,692910
18.006,692910
18.01,692910
18.013,692910
18.026,692910
18.053,692910
18.061,692910
18.069,692910
18.07,692910
18.088,692910
18.098,692910
18.104,692910
18.11,692910
18.144,692910
18.15,692910
18.151,692910
18.16,692910
18.165,692910
18.169,692910
18.202,692910
18.205,692910
18.214,692910
18.218,692910
18.222,692910
18.228,692910
18.24,692910
18.251,692910
18.262,692910
18.271,692910
18.277,692910
18.29,692910
18.318,692910
18.325,692910
18.326,692910
18.342,692910
18.347,692910
18.355,692910
18.37,692910
18.377,692910
18.398,692910
18.415,692910
18.416,692910
18.424,692910
18.461,692910
18.463,692910
18.472,692910
18.478,692910
18.482,692910
18.483,692910
18.491,692910
18.506,692910
18.525,692910
18.58,692910
18.623,692910
18.644,692910
18.645,692910
18.646,692910
18.702,692910
18.71,692910
18.712,692910
18.721,692910
18.725,692910
18.739,692710
18.761,692710
18.773,692710
18.783,692710
18.784,692710
18.79,692710
18.811,692710
18.815,692710
18.831,692710
18.834,692710
18.834,692710
18.838,692710
18.849,692710
18.855,692710
18.879,692710
18.895,692710
18.903,692710
18.922,692710
18.923,692710
18.947,692710
18.971,692710
18.973,692710
18.973,692710
18.995,692710
18.999,692710
19.012,692710
19.022,692710
19.038,692569
19.077,692569
19.083,692569
19.084,692569
19.094,692569
19.103,692569
19.104,692569
19.117,692569
19.134,692569
19.136,692569
19.159,692569
19.165,692569
19.169,692569
19.17,692569
19.179,692569
19.181,692569
19.202,692569
19.225,692569
19.23,692569
19.235,692569
19.246,692569
19.255,692569
19.256,692569
19.304,692569
19.309,692569
19.324,692569
19.331,692569
19.383,692569
19.395,692569
19.407,692569
19.444,692569
19.446,692569
19.461,692569
19.476,692569
19.485,692569
19.493,692569
19.5,692569
19.518,692569
19.563,692569
19.564,692569
19.568,692569
19.578,692569
19.587,692569
19.603,692569
19.605,692569
19.608,692569
19.614,692569
19.63,692569
19.63,692569
19.634,692569
19.636,692569
19.638,692569
19.639,692569
19.646,692569
19.648,692569
19.649,692569
19.68,692569
19.686,692569
19.69,692569
19.69,692569
19.702,692569
19.715,692569
19.72,692569
19.728,692569
19.731,692569
19.746,692569
19.75,692569
19.751,692569
19.765,692569
19.768,692569
19.778,692569
19.79,692569
19.794,692569
19.798,692569
19.801,692569
19.803,692569
19.807,692569
19.808,692569
19.812,692569
19.817,692569
19.826,692569
19.829,692569
19.861,692569
19.871,692569
19.873,692569
19.879,692569
19.881,692569
19.883,692569
19.89,692569
19.909,692569
19.912,692569
19.922,692569
19.926,692569
19.944,692569
19.953,692569
19.956,692569
19.964,692569
19.969,692569
19.97,692569
19.983,692569
19.984,692569
19.985,692569
19.986,692569
20.004,692569
20.011,692569
20.023,692569
20.024,692569
20.028,692569
20.043,692569
20.052,692569
20.062,692569
20.072,692569
20.081,692569
20.092,692569
20.11,692569
20.12,692569
20.128,692569
20.131,692569
20.168,692569
20.179,692569
20.191,692569
20.195,692569
20.209,692569
20.211,692569
20.213,692569
20.213,692569
20.24,692569
20.241,692569
20.262,692569
20.263,692569
20.264,692569
20.267,692569
20.287,692569
20.291,692569
20.305,692569
20.315,692569
20.349,692569
20.352,692569
20.354,692569
20.377,692569
20.395,692569
20.4,692569
20.406,692569
20.414,692569
20.415,692569
20.423,692569
20.423,692569
20.435,692569
20.438,692569
20.453,692569
20.465,692569
20.467,692569
20.47,692569
20.471,692569
20.471,692569
20.501,692569
20.525,692569
20.529,692569
20.537,692569
20.54,692569
20.543,692569
20.615,692569
20.615,692569
20.619,692569
20.623,692569
20.639,692569
20.643,692569
20.681,692569
20.714,692569
20.715,692569
20.722,692569
20.73,692569
20.732,692569
20.747,692569
20.759,692569
20.762,692569
20.767,692569
20.773,692569
20.782,692569
20.793,692569
20.793,692569
20.826,692569
20.834,692569
20.842,692569
20.843,692569
20.855,692569
20.859,692569
20.874,692569
20.886,692569
20.893,692569
20.895,692569
20.918,692569
20.92,692569
20.932,692569
20.934,692569
20.934,692569
20.938,692569
20.942,692569
20.945,692569
20.961,692569
20.974,692569
20.985,692569
20.995,692569
21.022,692569
21.042,692569
21.048,692569
21.049,692569
21.05,692569
21.071,687308
21.071,687308
21.083,687308
21.088,687308
21.113,687308
21.118,687308
21.138,687308
21.144,687308
21.149,687308
21.163,687308
21.182,687308
21.194,687308
21.194,687308
21.203,687308
21.212,687308
21.219,687308
21.232,687308
21.243,687308
21.27,687308
21.274,687308
21.299,687308
21.312,687308
21.317,687308
21.32,687308
21.331,687308
21.354,687308
21.357,687308
21.381,687308
21.416,687308
21.429,687308
21.437,687308
21.467,687308
21.469,687308
21.473,687308
21.475,687308
21.476,687308
21.477,687308
21.478,687308
21.487,687308
21.494,687308
21.495,687308
21.505,687308
21.522,687308
21.536,687308
21.55,687308
21.573,687308
21.585,687308
21.586,687308
21.59,687308
21.591,687308
21.594,687308
21.599,687308
21.611,687308
21.616,687308
21.631,687308
21.636,687308
21.638,687308
21.665,687308
21.674,687308
21.701,687308
21.701,687308
21.706,687308
21.716,687308
21.718,687308
21.721,687308
21.728,687308
21.744,687308
21.747,687308
21.752,687308
21.761,687308
21.767,687308
21.776,687308
21.782,687308
21.783,687308
21.788,687308
21.789,687308
21.802,687308
21.818,687308
21.822,687308
21.824,687308
21.835,687308
21.846,687308
21.866,687308
21.867,687308
21.88,687308
21.883,687308
21.886,687308
21.893,687308
21.895,687308
21.924,687308
21.946,687308
21.953,687308
21.965,687308
21.978,687308
21.979,687308
21.992,687308
22.012,687308
22.035,687308
22.038,687308
22.048,687308
22.055,687308
22.057,687308
22.062,687308
22.079,687308
22.082,687308
22.106,687308
22.155,687308
22.171,687308
22.209,687308
22.211,687308
22.218,687308
22.22,687308
22.227,687308
22.229,687308
22.249,687308
22.255,687308
22.262,687308
22.281,687308
22.283,687308
22.297,687308
22.313,687308
22.314,687308
22.315,687308
22.329,687308
22.334,687308
22.338,687308
22.349,687308
22.35,687308
22.354,687308
22.358,687308
22.36,687308
22.378,687308
22.391,687308
22.404,687308
22.406,687308
22.431,687308
22.451,687308
22.47,687265
22.471,687265
22.474,687265
22.475,687265
22.508,687265
22.51,687265
22.541,687265
22.553,687265
22.555,687265
22.561,687265
22.562,687265
22.596,687265
22.596,687265
22.603,687265
22.605,687265
22.611,687265
22.614,687265
22.618,687265
22.668,687265
22.67,687265
22.682,687265
22.691,687265
22.696,687265
22.712,687265
22.714,687265
22.714,687265
22.717,687265
22.73,687265
22.734,687265
22.757,687265
22.762,687265
22.762,687265
22.773,687265
22.782,687265
22.783,687265
22.791,687265
22.799,687265
22.801,687265
22.816,687265
22.819,687265
22.826,687265
22.833,687265
22.838,687265
22.838,687265
22.84,687265
22.86,687265
22.864,687265
22.866,687265
22.869,687265
22.871,687265
22.875,687265
22.912,687265
22.917,687265
22.928,687265
22.936,687265
22.939,687265
22.94,687265
22.944,687265
22.944,687265
22.95,687265
22.965,687265
22.965,687265
22.984,687265
22.991,687265
23.006,687265
23.014,687265
23.016,687265
23.017,687265
23.03,687265
23.074,687265
23.075,687265
23.132,687265
23.144,687265
23.18,687265
23.182,687265
23.189,687265
23.201,687265
23.206,687265
23.237,687265
23.249,687265
23.251,687265
23.256,687265
23.296,687265
23.303,687265
23.308,687265
23.319,687265
23.321,687265
23.329,687265
23.33,687265
23.336,687265
23.345,687265
23.351,687265
23.353,687265
23.356,687265
23.359,687265
23.376,687265
23.378,687265
23.38,687265
23.394,687265
23.4,687265
23.409,687265
23.412,687265
23.418,687265
23.425,687265
23.439,687265
23.44,687265
23.455,687265
23.495,687265
23.508,687265
23.525,687265
23.549,687265
23.553,687265
23.566,687265
23.573,685711
23.579,685711
23.587,685711
23.599,685711
23.613,685711
23.62,685711
23.637,685711
23.639,685711
23.71,685711
23.714,685711
23.721,685711
23.73,685711
23.731,685711
23.744,685711
23.748,685711
23.752,685711
23.758,685711
23.769,685711
23.773,685711
23.797,685711
23.798,685711
23.813,685711
23.828,685711
23.836,685711
23.84,685711
23.857,685711
23.871,685711
23.876,685711
23.878,685711
23.887,685711
23.896,685711
23.919,685711
23.919,685711
23.92,685711
23.946,685711
23.947,685711
23.948,685711
23.971,685711
23.975,685711
23.976,685711
23.979,685711
23.98,685711
23.982,685711
23.983,685711
24.001,685711
24.013,685711
24.041,685711
24.044,685711
24.07,685711
24.106,685711
24.11,685711
24.116,685711
24.14,685711
24.141,685711
24.147,685711
24.149,685711
24.161,685711
24.163,685711
24.168,685711
24.169,685711
24.17,685711
24.18,685711
24.184,685711
24.2,685711
24.224,685711
24.254,685711
24.256,685711
24.257,685711
24.263,685711
24.264,685711
24.264,685711
24.269,685711
24.282,685711
24.287,685711
24.288,685711
24.293,685711
24.315,685711
24.324,685711
24.331,685711
24.334,685711
24.336,685711
24.349,685711
24.351,685711
24.353,685711
24.358,685711
24.362,685711
24.374,685711
24.413,685711
24.415,685711
24.422,685711
24.429,685711
24.445,685711
24.454,685711
24.468,685711
24.475,685711
24.505,685711
24.511,685711
24.518,685711
24.52,685711
24.538,685711
24.541,685711
24.557,685711
24.567,685711
24.569,685711
24.58,685711
24.581,685711
24.582,685711
24.587,685711
24.603,685711
24.606,685711
24.612,685711
24.613,685711
24.621,685711
24.625,685711
24.637,685711
24.64,685711
24.656,685711
24.657,685711
24.663,685711
24.666,685711
24.669,685711
24.681,685711
24.683,685711
24.717,685711
24.724,685711
24.739,685711
24.763,685711
24.771,685711
24.772,685711
24.78,685711
24.781,685711
24.782,685711
24.81,685711
24.835,685711
24.841,685711
24.849,685711
24.861,685711
24.866,685711
24.868,685711
24.883,685711
24.884,685711
24.916,685711
24.932,685711
24.932,685711
24.953,685711
24.984,685711
24.989,685711
24.99,685711
25.004,685711
25.008,685711
25.048,685711
25.049,685711
25.075,685711
25.091,685711
25.099,685711
25.136,685711
25.145,685711
25.152,685711
25.155,685711
25.159,685711
25.164,685711
25.169,685711
25.173,685711
25.178,685711
25.188,685711
25.206,685711
25.209,685711
25.215,685711
25.217,685711
25.227,685711
25.229,685711
25.237,685711
25.246,685711
25.258,685711
25.263,685711
25.27,685711
25.274,685711
25.287,685711
25.292,685711
25.313,685711
25.32,685711
25.32,685711
25.357,685711
25.385,685711
25.407,685711
25.411,685711
25.413,685711
25.425,685711
25.464,685711
25.485,685711
25.488,685711
25.499,685711
25.5,685711
25.509,685711
25.514,685711
25.515,685711
25.518,685711
25.519,685711
25.529,685711
25.551,685711
25.557,685711
25.564,685711
25.566,685711
25.568,685711
25.571,685711
25.583,685711
25.585,685711
25.608,685711
25.63,685711
25.634,685711
25.637,685711
25.642,685711
25.647,685711
25.656,685711
25.661,685711
25.67,685711
25.704,685711
25.705,685711
25.711,685711
25.717,685711
25.717,685711
25.746,685711
25.753,685711
25.756,685711
25.757,685711
25.784,685711
25.794,685711
25.817,685711
25.83,685711
25.85,685711
25.852,685711
25.905,685711
25.907,685711
25.932,685711
25.941,685711
25.954,685711
25.959,685711
25.975,685711
25.981,685711
26.004,685711
26.009,685711
26.011,685711
26.02,685711
26.03,685711
26.039,685711
26.041,685711
26.042,685711
26.058,685711
26.063,685711
26.075,685711
26.078,685711
26.078,685711
26.09,685711
26.098,685711
26.102,685711
26.103,685711
26.108,685711
26.119,685711
26.123,685711
26.136,685711
26.136,685711
26.141,685711
26.165,685711
26.183,685711
26.184,685711
26.194,685711
26.206,685711
26.21,685711
26.224,685711
26.253,685711
26.254,685711
26.255,685711
26.268,685711
26.274,685711
26.275,685711
26.276,685711
26.284,685711
26.289,685711
26.293,685711
26.307,685711
26.327,685711
26.331,685711
26.359,685711
26.361,685711
26.362,685711
26.37,685711
26.407,685711
26.469,685711
26.509,685711
26.512,685711
26.522,685711
26.53,685711
26.536,685711
26.538,685711
26.544,685711
26.553,685711
26.561,685711
26.581,685711
26.622,685711
26.629,685711
26.635,685711
26.636,685711
26.637,685711
26.64,685711
26.656,685711
26.684,685711
26.688,685711
26.701,685711
26.707,685711
26.709,685711
26.711,685711
26.728,685711
26.742,685711
26.792,685711
26.819,685711
26.823,685711
26.824,685711
26.83,685711
26.838,685711
26.852,685711
26.899,685711
26.909,685711
26.92,685711
26.941,685711
26.955,685711
26.974,685711
26.993,685711
27.001,685711
27.018,685711
27.019,685711
27.038,685711
27.051,685711
27.053,685711
27.06,685711
27.071,685711
27.084,685711
27.091,685711
27.095,685711
27.098,685711
27.125,685711
27.136,685711
27.143,685711
27.145,685711
27.159,685711
27.163,685711
27.169,685711
27.171,685711
27.173,685711
27.173,685711
27.179,685711
27.187,685711
27.188,685711
27.2,685711
27.201,685711
27.205,685711
27.225,685711
27.226,685711
27.246,685711
27.257,685711
27.263,685711
27.274,685711
27.279,685711
27.283,685711
27.321,685711
27.333,685711
27.349,685711
27.373,685711
27.408,685711
27.433,685711
27.433,685711
27.441,685711
27.444,685711
27.445,685711
27.45,685711
27.467,685711
27.488,685711
27.508,685711
27.511,685711
27.519,685711
27.526,685711
27.529,685711
27.54,685711
27.549,685711
27.549,685711
27.553,685711
27.555,685711
27.56,685711
27.561,685711
27.588,685711
27.596,685711
27.6,685711
27.603,685711
27.607,685711
27.626,685711
27.636,685711
27.637,685711
27.643,685711
27.65,685711
27.658,685711
27.659,685711
27.666,685711
27.685,685711
27.69,685711
27.703,685711
27.728,685711
27.729,685711
27.731,685711
27.731,685711
27.732,685711
27.734,685711
27.75,685711
27.772,685711
27.772,685711
27.778,685711
27.785,685711
27.81,685711
27.814,685711
27.82,685711
27.824,685711
27.876,685711
27.877,685711
27.881,685711
27.893,685711
27.906,685711
27.907,685711
27.932,685711
27.937,685711
27.945,685711
27.976,685711
27.986,685711
27.989,685711
28.003,685711
28.008,685711
28.011,685711
28.019,685711
28.021,685711
28.026,685711
28.03,685711
28.031,685711
28.039,685711
28.058,685711
28.066,685711
28.072,685711
28.072,685711
28.075,685711
28.081,685711
28.095,685711
28.107,685711
28.113,685711
28.122,685711
28.129,685711
28.143,685711
28.152,685711
28.153,685711
28.154,685711
28.173,685711
28.195,685711
28.216,685711
28.22,685711
28.254,685711
28.271,685711
28.275,685711
28.278,685711
28.293,685711
28.301,685711
28.306,685711
28.332,685711
28.334,685711
28.343,685711
28.343,685711
28.344,685711
28.349,685711
28.352,685711
28.352,685711
28.366,685711
28.367,685711
28.373,685711
28.393,685711
28.399,685711
28.415,685711
28.422,685711
28.434,685711
28.445,685711
28.452,685711
28.459,685711
28.474,685711
28.481,685711
28.493,685711
28.494,685711
28.5,685711
28.515,685711
28.528,685711
28.535,685711
28.536,685711
28.537,685711
28.54,685711
28.542,685711
28.548,685711
28.549,685711
28.555,685711
28.558,685711
28.566,685711
28.633,685711
28.635,685711
28.637,685711
28.666,685711
28.673,685711
28.686,685711
28.711,685711
28.717,685711
28.74,685711
28.745,685711
28.748,685711
28.748,685711
28.748,685711
28.75,685711
28.754,685711
28.777,685711
28.799,685711
28.81,685711
28.83,685711
28.853,685711
28.871,685711
28.873,685711
28.889,685711
28.893,685711
28.928,685711
28.93,685711
28.932,685711
28.939,685711
28.952,685711
28.963,685711
28.977,685711
28.995,685711
29.003,685711
29.004,685711
29.02,685711
29.021,685711
29.048,685711
29.068,685711
29.078,685711
29.085,685711
29.098,685711
29.11,685711
29.118,685711
29.119,685711
29.138,685711
29.142,685711
29.143,685711
29.17,685711
29.17,685711
29.178,685711
29.183,685711
29.204,685711
29.237,685711
29.253,685711
29.274,685711
29.307,685711
29.308,685711
29.312,685711
29.323,685711
29.378,685711
29.378,685711
29.38,685711
29.388,685711
29.414,685711
29.417,685711
29.44,685711
29.443,685711
29.463,685711
29.479,685711
29.492,685711
29.525,685711
29.529,685711
29.537,685711
29.544,685711
29.549,685711
29.576,685711
29.579,685711
29.582,685711
29.582,685711
29.596,685711
29.62,685711
29.623,685711
29.629,685711
29.632,685711
29.638,685711
29.641,685711
29.643,685711
29.648,685711
29.648,685711
29.675,685711
29.678,685711
29.696,685711
29.703,685711
29.707,685711
29.734,685711
29.767,685711
29.772,685711
29.78,685711
29.785,685711
29.785,685711
29.793,685711
29.814,685711
29.839,685711
29.852,685711
29.873,685711
29.884,685711
29.886,685711
29.886,685711
29.888,685711
29.904,685711
29.914,685711
29.917,685711
29.927,685711
29.931,685711
29.944,685711
29.944,685711
29.957,685711
29.97,685711
29.971,685711
29.976,685711
29.979,685711
29.988,685711
29.99,685711
29.992,685711
30.005,685711
30.018,685711
