0.189000,827013
0.192000,825933
0.193000,825245
0.195000,825224
0.197000,824704
0.199000,820881
0.201000,806003
0.203000,805024
0.206000,804992
0.208000,804971
0.211000,804886
0.213000,738423
0.216000,737476
0.217000,735565
0.219000,734907
0.222000,731636
0.224000,731387
0.226000,730833
0.229000,729996
0.232000,728326
0.234000,727919
0.236000,727287
0.239000,726921
0.241000,726903
0.244000,726891
0.246000,724289
0.248000,723540
0.249000,722870
0.251000,722212
0.253000,721417
0.258000,719365
0.261000,718795
0.263000,718573
0.266000,718264
0.269000,717916
16.299000,717848
16.305000,715260
16.309000,713620
28.397000,711523
28.398000,711172
28.399000,711162
28.401000,709150
28.403000,708846
28.406000,707871
28.408000,706190
28.410000,705678
28.411000,705206
52.911000,705049
52.912000,703251
52.914000,703207
52.916000,703197
52.917000,703161
52.919000,702990
52.920000,702277
52.922000,702259
52.924000,701947
52.925000,701903
52.927000,701681
52.929000,701603
52.931000,701040
52.933000,699899
52.935000,699206
52.938000,698411
52.940000,697809
52.942000,697557
52.944000,697414
52.946000,697398
52.948000,697345
52.950000,696657
52.953000,696652
52.955000,696521
52.959000,696224
63.900000,695690
63.902000,695010
63.904000,694949
63.906000,694291
140.141000,693908
140.144000,693848
140.145000,693090
484.174000,693085
484.176000,693072
