0.030000,838377
0.030000,837837
0.030000,835981
0.040000,834625
0.040000,832952
0.040000,831425
0.040000,828725
0.040000,828258
0.040000,827670
0.040000,827596
0.040000,827190
0.040000,826503
0.040000,826338
0.040000,826232
0.040000,826164
0.040000,826142
0.040000,820748
0.040000,819302
0.040000,817208
0.040000,816655
0.040000,815275
0.050000,813466
0.050000,772215
0.050000,768269
0.050000,768251
0.050000,767852
0.050000,767762
0.050000,766531
0.050000,765565
0.050000,760911
0.050000,760633
0.050000,760240
0.050000,760193
0.050000,752699
0.050000,752445
0.050000,752408
0.050000,750497
0.050000,750451
0.050000,750229
0.060000,749715
0.060000,749653
0.060000,749585
0.060000,749277
0.060000,746529
0.060000,746383
0.060000,746340
0.060000,746335
0.060000,746041
0.060000,745044
0.060000,743743
0.060000,743277
0.060000,742903
0.060000,742131
0.060000,740025
0.070000,739286
0.070000,738515
0.300000,737805
0.750000,737571
1.184000,735338
1.184000,735184
1.184000,734866
1.184000,734250
1.184000,733924
1.184000,733916
1.184000,733799
1.194000,733405
1.194000,733138
1.664000,731972
1.664000,731677
1.664000,730366
1.664000,730132
1.674000,728522
1.674000,728432
1.674000,727422
1.674000,727200
1.674000,726484
1.674000,726306
1.674000,726238
1.674000,725738
1.674000,724771
2.255000,724340
2.255000,724141
2.255000,724062
2.255000,723972
2.255000,723289
2.255000,722588
2.255000,722566
2.255000,722429
2.255000,721463
3.586000,718684
3.586000,717946
3.586000,714584
3.586000,708975
3.586000,708211
3.586000,708017
3.586000,707582
3.586000,707446
3.586000,707382
4.957000,706935
4.957000,706926
4.957000,706913
37.592000,706416
37.602000,705593
39.555000,699696
48.524000,693176
48.524000,691877
48.524000,691462
48.524000,690647
48.524000,688872
48.524000,688811
