0.021000,834284
0.021000,832190
0.021000,831919
0.021000,831748
0.021000,830997
0.021000,820437
0.021000,819750
0.021000,818482
0.021000,817672
0.021000,817566
0.021000,815813
0.031000,815791
0.031000,788000
0.031000,787910
0.031000,787357
0.031000,787309
0.031000,786343
0.031000,784573
0.031000,784528
0.031000,784196
0.031000,784154
0.031000,783857
0.031000,783819
0.031000,782485
0.031000,780355
0.031000,778696
0.031000,778589
0.031000,778532
0.031000,778367
0.041000,777657
0.101000,777501
0.101000,777111
0.101000,770172
0.141000,770096
0.141000,761523
0.141000,760636
0.141000,760364
0.141000,754312
0.141000,753200
0.151000,752885
0.151000,751130
0.151000,751028
0.151000,748993
0.151000,745970
0.151000,742351
0.151000,741746
0.151000,740002
0.151000,739619
0.151000,738133
0.151000,737286
0.151000,736868
0.151000,736702
0.915000,736357
0.915000,736255
0.915000,735675
0.915000,734457
0.915000,733954
1.186000,729408
1.186000,726743
1.186000,726349
1.186000,725636
1.186000,725497
1.186000,725402
2.397000,724297
2.397000,723303
2.397000,722670
3.198000,722614
3.198000,722567
3.198000,722167
3.208000,721350
3.208000,720859
3.208000,718840
3.208000,717827
3.208000,717247
3.208000,717024
3.208000,716802
3.208000,716793
3.208000,716120
3.208000,715979
3.208000,715958
3.208000,715788
3.208000,715775
6.811000,712547
6.811000,712012
6.811000,711526
6.811000,711395
6.811000,710398
6.811000,708870
6.811000,707639
6.811000,707240
6.811000,706828
6.811000,706268
6.811000,705931
6.811000,705108
6.811000,702020
6.811000,701173
6.811000,700286
6.811000,700239
6.811000,696551
31.586000,694418
31.586000,693705
31.586000,693026
31.586000,692965
62.518000,692779
159.918000,692055
159.918000,691994
224.241000,690906
252.650000,689489
252.650000,685801
