0.040000,849296
0.050000,848124
0.050000,845353
0.050000,844465
0.050000,844365
0.050000,842706
0.050000,842019
0.050000,840787
0.090000,831626
0.090000,831604
0.100000,824728
0.100000,824575
0.100000,824172
0.100000,823111
0.100000,823099
0.100000,822992
0.100000,822945
0.100000,819270
0.100000,816447
0.100000,816062
0.100000,815790
0.100000,815700
0.100000,815430
0.100000,815282
0.100000,814316
0.100000,812222
0.100000,812011
0.100000,811457
0.100000,788853
0.100000,788261
0.100000,787302
0.100000,785452
0.100000,785305
0.100000,785259
0.100000,785073
0.110000,783792
0.110000,783420
0.110000,783361
0.110000,782489
0.110000,782457
0.110000,781294
0.110000,781047
0.110000,778712
0.110000,778571
0.110000,776751
0.110000,775825
0.110000,773801
0.110000,772509
0.150000,768956
0.150000,768854
0.150000,768702
0.150000,768684
0.150000,768462
0.150000,767150
0.150000,766951
0.160000,765496
0.170000,764687
0.170000,764581
0.170000,763055
0.170000,762460
0.170000,761907
0.170000,761771
0.170000,759488
0.170000,759042
0.170000,757008
0.170000,756918
0.170000,755831
0.170000,755144
0.180000,755112
0.180000,754888
0.180000,752069
0.180000,752038
0.180000,751344
0.441000,748106
0.441000,745288
0.441000,744464
0.441000,742370
0.441000,740704
0.441000,739272
0.943000,724739
0.943000,724707
0.943000,724155
0.943000,723818
0.943000,723552
0.943000,723469
0.943000,719666
0.943000,719324
0.943000,719192
0.943000,717961
0.943000,717951
0.943000,716660
0.943000,716647
0.943000,716248
0.953000,716158
0.953000,710186
0.953000,708643
5.698000,708226
5.698000,707260
5.698000,707017
5.698000,706977
10.082000,706431
23.305000,700127
23.305000,699730
23.305000,698357
31.804000,698100
31.814000,697472
31.814000,696493
31.814000,690267
31.814000,690015
31.814000,689550
31.814000,689069
31.814000,688175
31.814000,687353
31.814000,687012
31.814000,686848
208.707000,686541
