0.030000,838809
0.030000,837704
0.030000,837674
0.030000,837223
0.030000,828244
0.030000,826150
0.030000,825596
0.030000,825442
0.040000,782864
0.040000,782177
0.040000,782155
0.040000,781706
0.040000,781600
0.040000,780954
0.040000,780931
0.040000,780533
0.040000,780339
0.040000,779983
0.080000,779866
0.080000,779824
0.080000,776203
0.080000,775799
0.080000,775523
0.080000,775263
0.080000,774496
0.080000,774406
0.080000,774347
0.080000,773012
0.080000,772957
0.080000,771533
0.090000,771447
0.090000,770728
0.090000,770699
0.090000,770355
0.090000,770045
0.090000,769998
0.090000,769160
0.090000,768722
0.090000,765450
0.090000,762064
0.090000,756890
0.090000,754430
0.090000,753464
0.090000,747451
0.100000,746428
0.100000,746129
0.100000,744239
0.100000,744039
0.100000,742089
0.100000,741691
0.100000,741369
0.100000,739199
0.100000,739109
0.100000,737992
0.100000,737074
0.100000,736983
0.100000,735635
0.110000,735555
0.110000,735104
0.110000,734089
0.110000,732972
0.110000,730479
0.110000,729741
0.110000,728969
2.868000,728292
2.868000,728188
2.868000,728144
2.868000,726869
2.878000,726052
2.878000,726005
2.878000,725819
2.878000,725574
2.878000,725352
2.878000,722081
2.878000,720845
2.878000,720827
2.878000,720133
2.878000,719782
2.878000,719434
2.878000,719212
2.878000,719041
2.878000,718368
2.878000,717954
2.878000,717401
2.878000,714994
2.878000,714723
2.888000,706436
14.630000,705435
14.630000,705344
14.630000,704686
28.457000,703319
28.457000,703231
28.467000,703008
28.467000,702775
28.467000,701765
28.467000,701560
68.226000,694971
68.226000,694641
68.226000,694290
68.236000,693205
68.236000,692982
106.306000,692583
106.306000,692361
106.306000,692189
466.030000,691279
466.030000,690521
466.030000,690382
466.030000,690250
466.030000,690182
466.040000,689939
466.040000,689851
