0.003,6990649
0.003,6951685
0.003,6951061
0.003,6939755
0.003,6936524
0.004,6936146
0.004,6927850
0.004,6926149
0.004,6897349
0.004,6895417
0.004,6892895
0.004,6875191
0.005,6868649
0.005,6831365
0.005,6827757
0.005,6814428
0.005,6798424
0.005,6797657
0.006,6769234
0.006,6732707
0.006,6729745
0.006,6727096
0.007,6715950
0.007,6715774
0.007,6689475
0.007,6679735
0.007,6679211
0.007,6679112
0.008,6673197
0.008,6672938
0.008,6672622
0.009,6671828
0.009,6662559
0.01,6660125
0.01,6649165
0.01,6644007
0.01,6641678
0.01,6638613
0.01,6632154
0.011,6628789
0.012,6628789
0.012,6622770
0.012,6616996
0.012,6593887
0.012,6585357
0.012,6584071
0.013,6571090
0.013,6567207
0.013,6555132
0.013,6512582
0.014,6512001
0.014,6491395
0.014,6491241
0.014,6470710
0.014,6467623
0.014,6466489
0.015,6464962
0.015,6451060
0.015,6435913
0.015,6433754
0.015,6402157
0.016,6378060
0.016,6355826
0.016,6346352
0.017,6336949
0.017,6335454
0.017,6333871
0.017,6246267
0.017,6245027
0.018,6208379
0.018,6206943
0.018,6140048
0.018,6134084
0.019,6124268
0.019,6121435
0.019,6118060
0.019,6117873
0.019,6093222
0.02,6050149
0.02,6036676
0.02,5905276
0.02,5899051
0.021,5898274
0.021,5898182
0.021,5897135
0.021,5865482
0.022,5852143
0.022,5851748
0.022,5851625
0.022,5838604
0.023,5833460
0.023,5833093
0.024,5830895
0.024,5817339
0.024,5815763
0.024,5811680
0.025,5728317
0.026,5710609
0.026,5706666
0.026,5695918
0.026,5695614
0.027,5676014
0.027,5671167
0.027,5660573
0.027,5659401
0.028,5659335
0.028,5641174
0.028,5620039
0.028,5610055
0.028,5506675
0.028,5504684
0.029,5459497
0.029,5450162
0.029,5438085
0.029,5422536
0.03,5407745
0.03,5404534
0.03,5404525
0.031,5403453
0.031,5403380
0.031,5391906
0.031,5390183
0.032,5385145
0.032,5366662
0.033,5366250
0.033,5364482
0.034,5364482
0.034,5362014
0.035,5345224
0.035,5344298
0.036,5319415
0.036,5318154
0.036,5317229
0.037,5316600
0.037,5280356
0.038,5280356
0.038,5271724
0.038,5271624
0.039,5241238
0.039,5233434
0.039,5231803
0.039,5222266
0.039,5220800
0.04,5213232
0.04,5210938
0.041,5210938
0.042,5210938
0.042,5207161
0.042,5205784
0.043,5202999
0.043,5192481
0.043,5157187
0.044,5150682
0.044,5144764
0.044,5140153
0.044,5133792
0.044,5121854
0.045,5106814
0.045,5094695
0.045,4990235
0.046,4990235
0.046,4989131
0.047,4987665
0.048,4948857
0.048,4942174
0.048,4924143
0.049,4923027
0.049,4916916
0.049,4916864
0.049,4844388
0.049,4840307
0.05,4835868
0.05,4817125
0.051,4816409
0.051,4778086
0.051,4777628
0.053,4759155
0.054,4756521
0.054,4755968
0.054,4711366
0.055,4707364
0.055,4704902
0.056,4700953
0.056,4698468
0.056,4697897
0.057,4686161
0.057,4670968
0.057,4664544
0.058,4664127
0.058,4662190
0.058,4621002
0.058,4620607
0.059,4603573
0.059,4602247
0.059,4569941
0.06,4568132
0.06,4564761
0.06,4560169
0.06,4548905
0.06,4535588
0.06,4535554
0.062,4529384
0.062,4528003
0.063,4524604
0.063,4519145
0.064,4507333
0.064,4507268
0.065,4505550
0.066,4505331
0.067,4503831
0.068,4503509
0.068,4435574
0.069,4433142
0.069,4433009
0.07,4426593
0.07,4425740
0.071,4425661
0.072,4425213
0.072,4419586
0.072,4419030
0.072,4419030
0.072,4418160
0.073,4416101
0.073,4410203
0.074,4405755
0.074,4404925
0.075,4404925
0.075,4398257
0.075,4398257
0.075,4397919
0.075,4397855
0.076,4393500
0.076,4376603
0.076,4352039
0.076,4351250
0.077,4339572
0.077,4315976
0.078,4315656
0.078,4311318
0.079,4309775
0.079,4302769
0.08,4302769
0.081,4274933
0.081,4273226
0.081,4273199
0.082,4270904
0.082,4269000
0.083,4211180
0.083,4210215
0.084,4190810
0.085,4167019
0.085,4167019
0.086,4167019
0.087,4156105
0.087,4148160
0.087,4145104
0.088,4128029
0.089,4126877
0.089,4102668
0.09,4100399
0.09,4094676
0.09,4093605
0.091,4084491
0.091,4084491
0.092,4084049
0.093,4083476
0.093,4083476
0.094,4083312
0.094,4069062
0.095,4062524
0.095,4062500
0.096,4062474
0.096,4059619
0.097,4058693
0.097,4023063
0.097,3988723
0.098,3985418
0.099,3985244
0.1,3976249
0.101,3970320
0.101,3970096
0.103,3951769
0.103,3947986
0.103,3938883
0.103,3928479
0.103,3928453
0.104,3926191
0.105,3920612
0.107,3910660
0.107,3910341
0.108,3822211
0.108,3751739
0.109,3746371
0.109,3745780
0.11,3745492
0.111,3744853
0.111,3744065
0.111,3744065
0.111,3740228
0.112,3728515
0.112,3670583
0.112,3670201
0.114,3662158
0.115,3661412
0.116,3660795
0.119,3657989
0.12,3656836
0.121,3654817
0.121,3653571
0.123,3642613
0.124,3642125
0.124,3626073
0.125,3624634
0.126,3619984
0.127,3612485
0.127,3612077
0.127,3612065
0.127,3611884
0.127,3610851
0.128,3598977
0.129,3595058
0.129,3567678
0.13,3566960
0.131,3565784
0.131,3561477
0.132,3549062
0.132,3546292
0.133,3531785
0.135,3521838
0.136,3521198
0.136,3521171
0.136,3513347
0.137,3509602
0.138,3505910
0.139,3503448
0.14,3458575
0.14,3458565
0.14,3439633
0.141,3439049
0.144,3435160
0.144,3435054
0.144,3434665
0.145,3432415
0.146,3431295
0.147,3430722
0.148,3362240
0.149,3361984
0.149,3359460
0.149,3359393
0.15,3357974
0.151,3343453
0.152,3324140
0.154,3322410
0.154,3322410
0.154,3309720
0.155,3305849
0.156,3229924
0.156,3229137
0.157,3207737
0.157,3206608
0.158,3193377
0.158,3189852
0.159,3186821
0.16,3186386
0.16,3183395
0.161,3174989
0.162,3174989
0.162,3150452
0.164,3118876
0.164,3109929
0.165,3107679
0.167,3107679
0.167,3104785
0.167,3104785
0.168,3104099
0.168,3098631
0.168,3096431
0.169,3094356
0.169,3077496
0.169,3077338
0.17,3068830
0.17,3065363
0.172,3061707
0.172,3054477
0.175,3053415
0.176,3053362
0.177,3052538
0.177,3051480
0.177,3049775
0.178,3049744
0.179,3024062
0.18,3022626
0.18,3022626
0.181,3017331
0.181,3017327
0.181,2969773
0.182,2965822
0.182,2964356
0.183,2962726
0.183,2956135
0.185,2945427
0.187,2944397
0.188,2942452
0.188,2942181
0.19,2941455
0.191,2940771
0.193,2938586
0.194,2935457
0.195,2935097
0.195,2933467
0.197,2933032
0.198,2930228
0.2,2930228
0.201,2921386
0.205,2919920
0.206,2918123
0.206,2860390
0.206,2858340
0.208,2857722
0.209,2851758
0.21,2849849
0.211,2843723
0.213,2843723
0.213,2838110
0.215,2836853
0.215,2836853
0.216,2836266
0.217,2836247
0.217,2835814
0.217,2829490
0.217,2810126
0.219,2805719
0.221,2799169
0.221,2799112
0.222,2780456
0.226,2778274
0.226,2766233
0.227,2766205
0.228,2745609
0.232,2745532
0.232,2745532
0.233,2670094
0.234,2669565
0.235,2669085
0.236,2666195
0.242,2666195
0.246,2666133
0.247,2658947
0.248,2655683
0.248,2653945
0.25,2651915
0.25,2648430
0.25,2644478
0.251,2644478
0.251,2639216
0.251,2637924
0.252,2616830
0.252,2616830
0.256,2609405
0.256,2609405
0.257,2606852
0.258,2491458
0.259,2491034
0.259,2489954
0.261,2489622
0.262,2488509
0.263,2488509
0.267,2488450
0.267,2484204
0.268,2483757
0.268,2483168
0.27,2482265
0.271,2482265
0.272,2481694
0.273,2479093
0.277,2477365
0.278,2393882
0.278,2337040
0.279,2337040
0.283,2335713
0.284,2322807
0.286,2321685
0.287,2318816
0.288,2318533
0.288,2315574
0.289,2312586
0.29,2312586
0.29,2311672
0.29,2311672
0.291,2310078
0.291,2310078
0.292,2300779
0.293,2292886
0.296,2288699
0.297,2288699
0.299,2288651
0.299,2285779
0.299,2283218
0.3,2283218
0.3,2282703
0.302,2282206
0.303,2282206
0.304,2281953
0.31,2281780
0.311,2280382
0.312,2280143
0.313,2233765
0.315,2233765
0.316,2230196
0.32,2229959
0.322,2227553
0.326,2217404
0.33,2180234
0.33,2178063
0.331,2178018
0.332,2155097
0.333,2151283
0.333,2150251
0.335,2150251
0.339,2150251
0.343,2150179
0.347,2147633
0.347,2145718
0.351,2143563
0.351,2143441
0.352,2130744
0.353,2129230
0.357,2128335
0.358,2127880
0.361,2118233
0.363,2111511
0.365,2110739
0.365,2106315
0.368,2105189
0.371,2104972
0.373,2103634
0.375,2102907
0.375,2102403
0.379,2097109
0.382,2097109
0.383,2097109
0.384,2096316
0.384,2095998
0.385,2095998
0.386,2093710
0.39,2093710
0.391,2092872
0.392,2092814
0.394,2092518
0.396,2078030
0.401,2073861
0.403,2073704
0.406,2073261
0.407,2072256
0.408,2072049
0.409,2071521
0.412,2071521
0.414,2070332
0.414,2064921
0.415,2064921
0.415,2063162
0.42,2060631
0.42,2051293
0.425,2046626
0.428,2046617
0.429,2043972
0.43,2043505
0.431,2036609
0.432,2035097
0.433,2035067
0.436,2009968
0.436,2008761
0.443,2008584
0.445,2008584
0.448,1999483
0.449,1997089
0.451,1996958
0.455,1943904
0.455,1913318
0.456,1909462
0.458,1908960
0.458,1907439
0.459,1902680
0.46,1901203
0.461,1890572
0.462,1889196
0.462,1887566
0.462,1876748
0.466,1876176
0.467,1873352
0.468,1873242
0.471,1873242
0.473,1873232
0.475,1871454
0.475,1861671
0.475,1860422
0.477,1831432
0.483,1830279
0.483,1824763
0.485,1823012
0.486,1819214
0.49,1818038
0.493,1816063
0.497,1815975
0.498,1815022
0.502,1810574
0.506,1809348
0.508,1809348
0.508,1805876
0.508,1805075
0.509,1803134
0.509,1802223
0.512,1802223
0.512,1796915
0.513,1793901
0.514,1789922
0.518,1786177
0.519,1777971
0.52,1777471
0.526,1777406
0.529,1777008
0.532,1776702
0.534,1768200
0.535,1767707
0.536,1759840
0.537,1755266
0.537,1754125
0.541,1752871
0.543,1745706
0.544,1741844
0.545,1740840
0.547,1738859
0.55,1737753
0.556,1733808
0.557,1733565
0.561,1732998
0.564,1721259
0.568,1719890
0.571,1719890
0.571,1710256
0.572,1710223
0.572,1708081
0.574,1708013
0.574,1708013
0.574,1707975
0.581,1682004
0.584,1679312
0.588,1679312
0.592,1679312
0.593,1679312
0.595,1674058
0.595,1668024
0.597,1667696
0.601,1667521
0.601,1667521
0.605,1667521
0.607,1664700
0.613,1663512
0.621,1649688
0.622,1648545
0.632,1648545
0.634,1647071
0.635,1641187
0.637,1640886
0.638,1640591
0.638,1640591
0.642,1640591
0.644,1640591
0.646,1638277
0.646,1637891
0.648,1634208
0.65,1634206
0.65,1630157
0.651,1628938
0.652,1628254
0.653,1624763
0.654,1615795
0.654,1612690
0.659,1611866
0.661,1611819
0.662,1611720
0.662,1611463
0.663,1608672
0.666,1608672
0.668,1608672
0.669,1600222
0.672,1593854
0.673,1593495
0.673,1593495
0.678,1593272
0.683,1592787
0.683,1592768
0.688,1583302
0.693,1583275
0.693,1580812
0.695,1580226
0.695,1578151
0.698,1577083
0.704,1576484
0.705,1575353
0.707,1548870
0.71,1547069
0.71,1547021
0.711,1547021
0.714,1546385
0.719,1546385
0.722,1545938
0.723,1545938
0.725,1544645
0.728,1511254
0.728,1510814
0.732,1506169
0.734,1505861
0.74,1505721
0.741,1505721
0.743,1505708
0.756,1500002
0.759,1499628
0.759,1497835
0.76,1497835
0.76,1497829
0.761,1497764
0.768,1497764
0.768,1492666
0.773,1476366
0.775,1475870
0.777,1473737
0.782,1473737
0.783,1473610
0.789,1473610
0.79,1466348
0.79,1464333
0.792,1456463
0.799,1454018
0.809,1453815
0.819,1449639
0.819,1432350
0.821,1432184
0.823,1431716
0.825,1430505
0.825,1428386
0.825,1428386
0.827,1427645
0.829,1427497
0.832,1426826
0.833,1426826
0.834,1425401
0.835,1420024
0.835,1419290
0.836,1415730
0.839,1415730
0.84,1408014
0.843,1408014
0.843,1407316
0.844,1407316
0.844,1407316
0.845,1406294
0.851,1406294
0.853,1405445
0.854,1404737
0.858,1404737
0.859,1404105
0.86,1403503
0.864,1402554
0.87,1402554
0.874,1401292
0.882,1401292
0.885,1400952
0.889,1399781
0.889,1399530
0.889,1399530
0.894,1393872
0.897,1392346
0.901,1391512
0.907,1391512
0.91,1391131
0.911,1391131
0.916,1391131
0.919,1390664
0.922,1390658
0.928,1388770
0.93,1388437
0.935,1388232
0.936,1387971
0.938,1387956
0.938,1387956
0.943,1387621
0.95,1387621
0.951,1386289
0.954,1385177
0.954,1385177
0.957,1384705
0.958,1384705
0.98,1384090
0.983,1379247
0.987,1379088
0.987,1379088
0.993,1376827
0.996,1376204
0.996,1373109
1,1372639
1.001,1372639
1.003,1372522
1.004,1371481
1.009,1371481
1.01,1371131
1.012,1368214
1.015,1367976
1.024,1367976
1.036,1367976
1.038,1367968
1.039,1367799
1.045,1367799
1.048,1364600
1.067,1364327
1.069,1363501
1.069,1362208
1.077,1362003
1.079,1359941
1.083,1359638
1.088,1359638
1.092,1350256
1.099,1349526
1.101,1340999
1.105,1340916
1.118,1340916
1.124,1340898
1.127,1340330
1.128,1333699
1.131,1331463
1.136,1331394
1.138,1330382
1.155,1330382
1.157,1323420
1.163,1323420
1.182,1322269
1.183,1322269
1.189,1322269
1.19,1322204
1.19,1322191
1.195,1321412
1.198,1321412
1.2,1321213
1.2,1319010
1.203,1317194
1.204,1317194
1.204,1312624
1.207,1309473
1.221,1309473
1.225,1309210
1.225,1301971
1.233,1301004
1.235,1298908
1.235,1295304
1.236,1290965
1.237,1290965
1.239,1285900
1.239,1285900
1.245,1284025
1.248,1282293
1.256,1282166
1.258,1278928
1.26,1278587
1.267,1278587
1.272,1278587
1.274,1278059
1.275,1277019
1.277,1277019
1.279,1276814
1.281,1276814
1.285,1276428
1.286,1276428
1.291,1273233
1.291,1272452
1.292,1272452
1.295,1260990
1.296,1254468
1.307,1252072
1.312,1247143
1.313,1247143
1.315,1247143
1.315,1246087
1.32,1246087
1.323,1243068
1.324,1241050
1.327,1239244
1.331,1238512
1.332,1238512
1.332,1238512
1.333,1238512
1.341,1232341
1.345,1229229
1.347,1229229
1.348,1227583
1.35,1227583
1.357,1227583
1.357,1227583
1.366,1227583
1.367,1227315
1.37,1219748
1.374,1219748
1.38,1219748
1.381,1219748
1.382,1219748
1.383,1219748
1.387,1219748
1.405,1219747
1.406,1218857
1.416,1218857
1.419,1218857
1.421,1218857
1.421,1218813
1.425,1218813
1.436,1218357
1.436,1218357
1.436,1218357
1.436,1218357
1.439,1217726
1.444,1215039
1.445,1214642
1.445,1213672
1.456,1210167
1.456,1209146
1.467,1209146
1.47,1208636
1.485,1207134
1.487,1207134
1.488,1207134
1.492,1206693
1.492,1203572
1.496,1203572
1.506,1203572
1.508,1203554
1.512,1203554
1.513,1203554
1.515,1202763
1.528,1202763
1.532,1202736
1.535,1197357
1.539,1197357
1.541,1197357
1.542,1193787
1.543,1193743
1.546,1193140
1.551,1193140
1.554,1192540
1.559,1177551
1.564,1177551
1.566,1177551
1.58,1176444
1.594,1176444
1.595,1173521
1.598,1167709
1.6,1167709
1.601,1162785
1.603,1162785
1.612,1162785
1.613,1162785
1.617,1161545
1.618,1160260
1.622,1159482
1.623,1159482
1.624,1158949
1.625,1158949
1.638,1158949
1.642,1158949
1.644,1158949
1.645,1158949
1.653,1158874
1.655,1158874
1.656,1151973
1.656,1151973
1.659,1150148
1.683,1150148
1.686,1150080
1.686,1149785
1.688,1149785
1.695,1148692
1.695,1148692
1.7,1148692
1.701,1148692
1.716,1147877
1.72,1147877
1.725,1147877
1.725,1147877
1.736,1147877
1.737,1146732
1.737,1146732
1.739,1146128
1.761,1146128
1.765,1146128
1.774,1145539
1.786,1145539
1.793,1145230
1.796,1145230
1.796,1145230
1.803,1145230
1.805,1144329
1.819,1144329
1.819,1143380
1.822,1143380
1.824,1143380
1.825,1141595
1.838,1141574
1.838,1140260
1.841,1139406
1.846,1139406
1.847,1139378
1.858,1137340
1.86,1137340
1.861,1135934
1.868,1134197
1.868,1134143
1.889,1134143
1.889,1132300
1.9,1125750
1.908,1123818
1.916,1123818
1.918,1122954
1.92,1122954
1.924,1122213
1.928,1122213
1.931,1110539
1.941,1110539
1.947,1107659
1.948,1107659
1.954,1104627
1.958,1104627
1.958,1104627
1.962,1104627
1.969,1104622
1.972,1104622
1.977,1104622
1.985,1104622
1.988,1104214
1.989,1104214
1.99,1104214
1.993,1104214
1.997,1104214
2.001,1103993
2.005,1035854
2.013,1035854
2.013,1035854
2.038,1035854
2.039,1035832
2.039,1031645
2.04,1029602
2.042,1016389
2.044,1016389
2.046,1014390
2.049,1014390
2.052,1014390
2.056,1014390
2.057,1014384
2.065,1013667
2.092,1013667
2.1,1001367
2.104,1001367
2.107,1001367
2.109,999629
2.111,999136
2.112,999136
2.117,999136
2.119,998989
2.12,997100
2.124,997100
2.126,997100
2.127,982545
2.137,982224
2.143,982224
2.144,982192
2.153,982192
2.155,982192
2.159,982192
2.16,981523
2.163,978371
2.164,978371
2.168,978371
2.171,978371
2.171,977866
2.172,977866
2.177,977866
2.184,977866
2.201,977866
2.207,977866
2.208,977866
2.217,977866
2.218,957046
2.222,957046
2.223,957046
2.233,951685
2.233,951636
2.241,951118
2.255,950708
2.261,950708
2.264,950708
2.27,950708
2.274,948351
2.275,947283
2.276,947283
2.277,947283
2.293,946605
2.3,945070
2.306,945070
2.314,944959
2.317,944959
2.323,944959
2.324,944959
2.332,944959
2.338,939109
2.339,939109
2.345,939109
2.351,939109
2.352,939109
2.366,939109
2.368,939109
2.372,939012
2.383,939012
2.388,937830
2.389,937657
2.398,937657
2.406,937121
2.406,937053
2.407,937053
2.412,935634
2.426,935634
2.429,932916
2.433,932916
2.441,932916
2.459,926345
2.468,923907
2.473,923907
2.476,923533
2.478,923533
2.484,922831
2.486,920985
2.492,920985
2.5,920985
2.505,919874
2.522,918987
2.523,918987
2.525,918836
2.529,918836
2.536,917970
2.541,917970
2.543,917970
2.545,907992
2.547,907992
2.55,907992
2.551,907382
2.552,907382
2.569,907382
2.572,907344
2.574,894711
2.579,894711
2.594,894711
2.595,894711
2.608,894711
2.61,894711
2.619,894711
2.622,894711
2.623,894711
2.632,894711
2.635,894711
2.636,894711
2.646,894083
2.654,894083
2.657,889158
2.665,889158
2.669,889158
2.69,889158
2.694,889158
2.697,889158
2.701,889158
2.703,889158
2.707,889117
2.708,888833
2.719,888642
2.725,888642
2.731,888642
2.74,888642
2.742,887729
2.743,887729
2.755,887729
2.761,886957
2.761,886957
2.77,886957
2.783,886941
2.786,886691
2.802,886691
2.804,886451
2.823,886451
2.828,886451
2.834,886451
2.836,886303
2.845,886303
2.849,886303
2.853,867070
2.856,866256
2.862,865405
2.878,858569
2.879,858234
2.879,858234
2.884,841482
2.893,841482
2.893,841482
2.904,841482
2.905,841482
2.949,841482
2.952,838115
2.954,838115
2.966,838115
2.972,838115
2.979,837580
2.979,837580
2.989,837580
2.993,837580
2.999,837580
3.002,837580
3.003,837580
3.013,837580
3.016,837580
3.024,837159
3.025,837159
3.034,837159
3.044,832439
3.05,832439
3.061,832201
3.07,831914
3.081,831845
3.085,831845
3.114,831845
3.132,831845
3.133,831845
3.137,831845
3.14,831845
3.142,831845
3.15,831845
3.161,829844
3.167,829844
3.174,829844
3.175,829528
3.189,829528
3.201,829528
3.202,828420
3.208,828420
3.213,827869
3.218,827869
3.219,825332
3.23,825332
3.234,824680
3.242,824680
3.275,824233
3.279,824233
3.282,824233
3.283,824233
3.301,823229
3.31,823229
3.318,822186
3.324,822186
3.327,822186
3.338,822186
3.344,822186
3.348,822186
3.349,820504
3.355,820504
3.356,817405
3.358,817405
3.37,817405
3.371,817405
3.377,817405
3.381,817405
3.39,817405
3.392,817405
3.405,817405
3.408,817224
3.411,817224
3.415,817224
3.417,817224
3.425,815648
3.427,814927
3.432,814927
3.437,814927
3.439,814927
3.448,814927
3.461,814927
3.466,814927
3.473,814927
3.482,814927
3.496,813686
3.497,810653
3.505,810653
3.507,810193
3.509,810193
3.512,808875
3.52,790118
3.534,790118
3.536,790118
3.553,790118
3.557,790118
3.561,786901
3.586,786901
3.612,786901
3.616,786901
3.617,786901
3.626,786901
3.627,786901
3.629,786901
3.629,786901
3.63,786901
3.634,786901
3.639,786901
3.643,786901
3.644,786609
3.653,786609
3.655,786316
3.659,786316
3.666,786316
3.67,786316
3.697,786316
3.704,786316
3.704,786316
3.705,785957
3.706,785957
3.737,785957
3.741,785957
3.749,785957
3.771,785957
3.784,785957
3.792,785957
3.807,785957
3.821,785867
3.831,784848
3.838,784848
3.838,784848
3.842,784848
3.848,778422
3.853,778422
3.857,778422
3.873,778422
3.907,778422
3.91,778392
3.915,778392
3.918,778392
3.922,778392
3.928,778392
3.937,778392
3.945,778392
3.949,778392
3.962,778392
3.971,778392
3.974,778392
3.976,778392
3.977,778392
3.978,778392
3.984,778392
3.985,778392
4,778392
4.006,777652
4.041,777396
4.05,777396
4.053,777396
4.062,776646
4.062,776646
4.067,776646
4.077,776488
4.088,768507
4.108,768507
4.114,768507
4.133,768507
4.154,768507
4.157,768446
4.16,768446
4.162,768446
4.162,768446
4.183,768446
4.188,768446
4.196,768446
4.196,768446
4.201,768446
4.208,768446
4.214,768446
4.222,768446
4.23,768446
4.237,768446
4.239,768446
4.244,768446
4.245,768364
4.266,768364
4.27,768364
4.275,768364
4.275,768364
4.291,768364
4.293,768364
4.308,768364
4.31,768109
4.316,768109
4.324,768109
4.325,768109
4.33,768109
4.336,768109
4.34,768109
4.358,768109
4.397,768109
4.44,768109
4.442,768109
4.473,768109
4.478,768109
4.48,768109
4.492,768109
4.493,768109
4.496,768109
4.498,768109
4.509,768109
4.511,768109
4.52,768109
4.521,768109
4.525,768109
4.526,768109
4.528,767395
4.529,767395
4.531,767395
4.559,767395
4.559,767395
4.578,766901
4.594,766901
4.598,766901
4.612,766901
4.633,766901
4.636,766901
4.648,766901
4.655,766901
4.663,766901
4.668,766901
4.672,766901
4.681,766901
4.685,766758
4.693,766758
4.712,766758
4.715,766758
4.724,766758
4.727,766758
4.746,766758
4.748,766758
4.752,766758
4.76,766758
4.779,765180
4.799,765180
4.807,765180
4.812,765084
4.823,763639
4.833,763639
4.837,763639
4.848,763639
4.87,763639
4.892,763639
4.917,762722
4.93,762722
4.945,762722
4.945,762722
4.948,762722
4.951,762722
4.951,762722
4.954,762722
4.956,725700
4.965,725700
4.979,725700
4.984,725700
4.991,725700
4.996,725700
4.999,725700
5.002,725700
5.006,725700
5.011,725700
5.033,725700
5.04,725700
5.055,725700
5.056,725174
5.087,725174
5.109,725174
5.111,724506
5.132,724341
5.137,724341
5.154,724341
5.159,722774
5.174,722774
5.18,722774
5.209,722774
5.214,722774
5.215,722774
5.223,722774
5.23,722774
5.23,722774
5.245,722774
5.245,722774
5.247,722774
5.249,722774
5.323,722774
5.331,722774
5.344,722774
5.359,722774
5.368,722774
5.373,722774
5.376,722774
5.38,722774
5.385,722774
5.396,722774
5.403,722774
5.408,722774
5.424,722774
5.432,722774
5.45,722774
5.456,722774
5.46,722774
5.465,722774
5.488,722774
5.49,722774
5.494,722774
5.504,722774
5.512,722633
5.517,722633
5.522,722633
5.526,720212
5.542,720212
5.544,720212
5.555,720212
5.558,720212
5.56,720212
5.563,719016
5.598,719016
5.604,719016
5.605,719016
5.61,719016
5.629,719016
5.645,719016
5.658,719016
5.667,719016
5.686,719016
5.691,719016
5.692,719016
5.718,718933
5.719,718177
5.734,718177
5.749,718177
5.76,718177
5.762,718177
5.784,718177
5.785,718177
5.791,718177
5.801,718177
5.804,718177
5.81,718177
5.831,718177
5.853,718177
5.856,718177
5.87,717606
5.874,715800
5.88,715197
5.89,715197
5.898,715197
5.899,715197
5.905,715197
5.919,715197
5.928,715197
5.932,715197
5.945,715197
5.969,715197
6.001,715197
6.005,715197
6.016,715197
6.043,715197
6.058,714762
6.058,714762
6.074,714762
6.081,714762
6.088,714762
6.091,714242
6.092,714242
6.103,714242
6.139,714242
6.16,714242
6.161,714242
6.17,714242
6.178,708849
6.179,708711
6.182,708711
6.193,708711
6.194,708711
6.201,708711
6.203,708711
6.271,708711
6.283,706697
6.288,706697
6.296,706697
6.296,706697
6.298,706697
6.298,706697
6.303,706047
6.313,706047
6.334,706047
6.336,705811
6.34,705811
6.341,705811
6.361,705811
6.395,705811
6.397,705811
6.398,705811
6.404,705811
6.405,705811
6.409,705811
6.421,705811
6.422,705811
6.428,705651
6.435,705651
6.435,705651
6.447,705651
6.456,705651
6.458,705651
6.487,705651
6.488,705651
6.489,705651
6.491,705651
6.492,705651
6.502,705651
6.504,705651
6.51,705651
6.513,705651
6.513,705651
6.531,705651
6.546,705651
6.555,704064
6.561,703823
6.566,703823
6.569,703823
6.569,703823
6.57,703823
6.573,703823
6.584,703823
6.591,703823
6.599,703823
6.604,703823
6.623,703823
6.631,703823
6.636,703823
6.642,703823
6.658,703823
6.667,703823
6.678,703823
6.686,703823
6.69,703823
6.721,703823
6.739,703823
6.768,703823
6.77,703823
6.771,703553
6.796,703118
6.834,703118
6.846,703118
6.854,703118
6.857,703118
6.86,703118
6.864,700940
6.902,700940
6.911,700940
6.918,700940
6.928,700940
6.946,700940
6.951,700940
6.961,700658
6.987,700658
7,700658
7.002,700658
7.008,700658
7.027,700254
7.037,700254
7.058,700254
7.072,700254
7.076,699395
7.091,699395
7.093,699395
7.093,699395
7.098,699395
7.098,699395
7.099,699395
7.115,699395
7.116,699395
7.132,698980
7.135,698980
7.142,698576
7.171,698576
7.182,698576
7.184,698576
7.185,698576
7.203,698576
7.204,698576
7.211,698576
7.222,698576
7.224,698576
7.238,698576
7.238,698576
7.251,698576
7.256,698576
7.257,698576
7.257,698576
7.259,698576
7.266,698576
7.273,698064
7.318,698064
7.322,698064
7.324,698064
7.332,698064
7.335,697468
7.341,697468
7.395,696653
7.428,696653
7.431,696653
7.431,696653
7.456,696653
7.457,696418
7.461,696418
7.487,696418
7.497,696418
7.502,696418
7.506,696418
7.515,696418
7.538,696418
7.544,696418
7.546,696175
7.571,696175
7.579,696175
7.603,696175
7.607,696175
7.619,696175
7.652,696175
7.655,696175
7.668,696175
7.671,696175
7.675,696175
7.68,696175
7.688,696175
7.721,696175
7.721,696175
7.74,696175
7.76,696175
7.768,696175
7.771,696175
7.774,696175
7.786,696175
7.793,696175
7.795,696175
7.834,696175
7.839,696175
7.854,696175
7.884,696175
7.904,696175
7.914,696175
7.919,696175
7.941,696175
7.946,695300
7.953,695300
7.969,695300
7.97,695300
7.984,695300
7.991,695300
8.005,695300
8.026,695300
8.057,695300
8.061,695300
8.061,695300
8.063,695136
8.071,695136
8.072,695136
8.076,695136
8.08,695136
8.087,695136
8.091,695136
8.099,695136
8.101,695136
8.105,695136
8.114,695136
8.116,695136
8.132,695136
8.136,695136
8.157,695136
8.159,695136
8.168,695136
8.176,695136
8.201,695136
8.273,695136
8.311,695058
8.313,695058
8.319,695058
8.32,695058
8.327,695058
8.33,695058
8.339,693803
8.345,693803
8.348,693803
8.349,693803
8.352,693803
8.354,693803
8.376,693803
8.38,693803
8.388,693803
8.391,693294
8.421,693294
8.438,693294
8.445,692143
8.448,692143
8.464,692143
8.498,692143
8.499,692143
8.5,692143
8.505,692143
8.509,692143
8.514,692143
8.516,692143
8.535,692143
8.537,692143
8.558,692143
8.564,692143
8.568,692143
8.575,692143
8.579,692143
8.599,692143
8.614,692143
8.63,692143
8.631,692143
8.635,692143
8.64,691223
8.641,691133
8.647,691133
8.66,691133
8.68,691133
8.685,691133
8.693,691133
8.719,691133
8.72,691133
8.721,691133
8.724,691133
8.736,691133
8.75,691133
8.763,691133
8.774,691133
8.819,691133
8.82,691133
8.823,691133
8.824,691133
8.829,691133
8.831,691133
8.833,691133
8.841,691133
8.843,691133
8.846,691133
8.85,691133
8.85,691133
8.853,691133
8.869,690649
8.869,690649
8.872,690649
8.874,690649
8.877,690649
8.889,690649
8.891,690649
8.897,690649
8.902,690649
8.941,690649
8.941,690085
8.944,690085
8.956,690085
8.963,690085
8.987,690085
8.997,690085
9.005,690085
9.009,690085
9.026,690085
9.035,690085
9.041,690085
9.044,690085
9.053,690085
9.06,690085
9.067,690085
9.078,690085
9.086,690085
9.095,690085
9.1,690085
9.104,690085
9.105,690085
9.106,690085
9.107,690085
9.13,690085
9.134,690085
9.163,690085
9.185,690085
9.19,690085
9.191,690085
9.193,690085
9.217,690085
9.238,690085
9.242,690085
9.27,690085
9.278,690085
9.28,690085
9.29,690085
9.291,690085
9.292,690085
9.3,690085
9.301,690085
9.307,690085
9.308,690085
9.318,690085
9.319,690085
9.343,690085
9.345,690085
9.372,690085
9.379,689771
9.385,689771
9.386,689771
9.388,689771
9.392,689771
9.406,689771
9.409,689771
9.413,689771
9.427,689771
9.429,689771
9.431,689771
9.434,689771
9.435,689771
9.437,689771
9.441,689771
9.456,689771
9.456,689771
9.478,689771
9.494,689771
9.495,689771
9.518,689771
9.524,689771
9.525,689771
9.525,689771
9.531,689771
9.533,689771
9.553,689771
9.559,689771
9.613,689771
9.614,689771
9.636,689771
9.673,689771
9.682,689771
9.693,689771
9.694,689771
9.7,689771
9.713,689771
9.75,687898
9.773,687791
9.79,687791
9.812,687791
9.814,687791
9.815,687791
9.822,687791
9.844,687791
9.845,687791
9.845,687791
9.866,687791
9.901,687791
9.909,687791
9.918,687791
9.935,687791
9.942,687791
9.949,687791
9.954,687791
9.957,687791
10.006,687791
10.007,687791
10.018,687791
10.018,687791
10.019,687791
10.028,687791
10.03,687791
10.05,687791
10.058,687791
10.063,687791
10.065,687791
10.067,687791
10.067,687791
10.068,687791
10.073,687791
10.087,687791
10.105,687791
10.106,687791
10.108,687791
10.109,687791
10.113,687791
10.138,687791
10.14,687791
10.15,687791
10.16,687791
10.161,687791
10.165,687791
10.179,687791
10.186,687791
10.188,687791
10.193,687791
10.2,687791
10.203,687791
10.207,687791
10.209,687791
10.24,687791
10.26,687791
10.279,687791
10.279,687791
10.309,687203
10.314,687203
10.317,687203
10.319,687203
10.345,687203
10.353,687203
10.368,687203
10.383,687203
10.384,687203
10.386,687203
10.402,687203
10.427,687203
10.431,687203
10.435,687203
10.44,687203
10.446,687203
10.448,687203
10.453,687203
10.468,687203
10.484,687203
10.491,687203
10.497,687203
10.499,687203
10.529,687203
10.552,687203
10.572,687203
10.572,687203
10.577,687203
10.589,687203
10.592,687203
10.618,687203
10.62,687203
10.622,687203
10.624,687203
10.641,687203
10.652,687203
10.69,687203
10.693,687203
10.698,687203
10.719,687203
10.732,687203
10.734,687203
10.74,687203
10.742,687203
10.752,687203
10.753,687203
10.753,687203
10.758,687203
10.759,687203
10.763,687203
10.768,687203
10.781,687203
10.782,687203
10.783,687203
10.788,687203
10.804,687203
10.806,687203
10.822,687203
10.843,687203
10.844,687203
10.865,687203
10.891,687203
10.897,687203
10.897,687203
10.906,687203
10.915,687203
10.917,687203
10.923,687203
10.924,687203
10.931,687203
10.942,687203
10.963,687203
10.987,687203
10.997,687203
11,687203
11.01,687203
11.015,687203
11.022,687203
11.047,687203
11.048,687203
11.064,687203
11.069,687203
11.072,687203
11.104,687203
11.105,687203
11.109,687203
11.144,687203
11.145,687203
11.151,687203
11.158,687203
11.173,687203
11.177,687203
11.188,687203
11.199,687203
11.204,687203
11.217,687203
11.224,687203
11.226,687203
11.233,687203
11.244,687203
11.252,687203
11.256,687203
11.273,687203
11.285,687203
11.304,687203
11.307,687203
11.307,687203
11.313,687203
11.318,687203
11.319,687203
11.336,687203
11.352,687203
11.371,687203
11.371,687203
11.396,687203
11.405,687203
11.425,687203
11.459,687203
11.462,687203
11.468,687203
11.469,687203
11.47,687203
11.474,687203
11.476,687203
11.49,687203
11.493,687203
11.516,687203
11.526,687203
11.554,687203
11.557,687203
11.558,687203
11.57,687203
11.606,687203
11.617,687203
11.619,687203
11.671,687203
11.671,687203
11.68,687203
11.69,687203
11.693,687203
11.704,687203
11.705,687203
11.708,687203
11.71,687203
11.711,687203
11.717,687203
11.725,687203
11.742,687203
11.746,687203
11.753,687203
11.763,687203
11.781,687203
11.821,687203
11.828,687203
11.837,687203
11.844,687203
11.847,687203
11.857,687203
11.882,687203
11.889,687203
11.924,687203
11.924,687203
11.926,687203
11.933,687203
11.945,687203
11.946,687203
11.98,687203
11.99,687203
11.994,687203
12.015,687203
12.041,687203
12.053,687203
12.054,687203
12.062,687203
12.071,687203
12.077,687203
12.082,687203
12.084,687203
12.086,687203
12.101,687203
12.104,687203
12.127,687203
12.153,687203
12.155,687203
12.167,687203
12.179,687203
12.181,687203
12.209,687203
12.21,687203
12.216,687203
12.23,687203
12.244,687203
12.257,687203
12.266,687203
12.271,687203
12.284,687203
12.298,687203
12.304,687203
12.31,687203
12.317,687203
12.33,687203
12.333,687203
12.336,687203
12.345,687203
12.355,687203
12.358,687203
12.36,687203
12.368,687203
12.368,687203
12.371,687203
12.373,687203
12.383,687203
12.427,687203
12.44,687203
12.448,687203
12.502,687203
12.511,687203
12.528,687203
12.536,687203
12.545,687203
12.557,687203
12.558,687203
12.561,687203
12.566,687203
12.573,687201
12.595,687201
12.601,687201
12.603,687201
12.606,687201
12.607,687201
12.614,687201
12.624,687201
12.634,687201
12.64,687201
12.644,687201
12.658,687201
12.667,687201
12.668,687201
12.676,687201
12.689,687201
12.691,687201
12.693,687201
12.698,687201
12.699,687201
12.727,687201
12.755,687201
12.784,687201
12.8,687201
12.804,687201
12.835,687201
12.843,687201
12.853,687201
12.854,687201
12.858,687201
12.858,687201
12.869,687201
12.87,687201
12.872,687201
12.88,687201
12.886,687201
12.891,687201
12.894,687201
12.896,687201
12.908,687201
12.916,687201
12.923,687201
12.923,687201
12.924,687201
12.929,687201
12.934,687201
12.966,687201
12.969,687201
12.975,687201
12.98,687201
12.983,687201
12.983,687201
12.985,687201
12.998,687201
13.005,687201
13.011,687201
13.02,687201
13.026,687201
13.029,687201
13.037,687201
13.053,687201
13.057,687201
13.058,687201
13.062,687201
13.085,687201
13.102,687201
13.108,687201
13.114,687201
13.124,687201
13.133,687201
13.141,687201
13.154,687201
13.171,687201
13.173,687201
13.179,687201
13.194,687201
13.214,687201
13.226,687201
13.24,687201
13.243,687201
13.246,687201
13.246,687201
13.26,687201
13.265,687201
13.274,687201
13.317,686918
13.325,686918
13.334,686918
13.335,686918
13.339,686918
13.345,686918
13.366,686918
13.39,686918
13.403,686918
13.405,686918
13.412,686918
13.428,686918
13.453,686918
13.461,686918
13.465,686918
13.492,686918
13.495,686918
13.502,686918
13.504,686918
13.54,686918
13.574,686918
13.584,686918
13.596,686918
13.62,686918
13.628,686918
13.629,686918
13.63,686918
13.635,686918
13.645,686918
13.648,686918
13.653,686918
13.653,686918
13.655,686918
13.657,686918
13.658,686918
13.662,686918
13.695,686918
13.698,686918
13.746,686918
13.749,686918
13.757,686918
13.76,686918
13.764,686918
13.777,686918
13.793,686918
13.795,686918
13.807,686918
13.807,686918
13.83,686918
13.871,686918
13.914,686918
13.935,686918
13.952,686918
13.952,686918
13.959,686918
13.973,686918
13.975,686918
13.978,686918
13.979,686918
13.987,686918
13.987,686918
13.988,686918
14.012,686918
14.03,686918
14.051,686918
14.057,686918
14.065,686918
14.075,686918
14.076,686918
14.078,686918
14.101,686918
14.122,686918
14.125,686918
14.126,686918
14.139,686918
14.15,686918
14.16,686918
14.163,686918
14.198,686918
14.199,686918
14.2,686918
14.213,686918
14.229,686918
14.249,686918
14.25,686918
14.264,686918
14.265,686918
14.297,686918
14.297,686918
14.303,686918
14.306,686918
14.311,686918
14.325,686918
14.326,686918
14.331,686918
14.343,686918
14.366,686918
14.381,686918
14.383,686918
14.396,686918
14.406,686918
14.407,686918
14.433,686918
14.451,686918
14.463,686918
14.471,686918
14.496,686918
14.517,686918
14.526,686918
14.53,686918
14.531,686918
14.538,686918
14.542,686918
14.543,686918
14.547,686918
14.55,686918
14.554,686918
14.555,686918
14.555,686918
14.562,686918
14.576,686918
14.581,686918
14.588,686918
14.596,686918
14.602,686918
14.611,686918
14.617,686918
14.638,686918
14.645,686918
14.649,686918
14.685,686918
14.69,686918
14.74,686918
14.741,686918
14.772,686918
14.79,686918
14.822,686918
14.829,686918
14.838,686918
14.845,686918
14.85,686918
14.854,686918
14.861,686918
14.862,686918
14.865,686918
14.892,686918
14.907,686918
14.912,686918
14.914,686918
14.93,686918
14.941,686918
14.961,686918
14.962,686918
14.967,686918
14.969,686918
14.977,686918
14.977,686918
14.984,686918
15.003,686918
15.006,686918
15.012,686918
15.019,686918
15.03,686918
15.035,686918
15.036,686918
15.04,686918
15.046,686918
15.05,686918
15.074,686918
15.075,686918
15.081,686918
15.083,686918
15.105,686918
15.119,686918
15.129,686918
15.134,686918
15.143,686918
15.163,686918
15.184,686918
15.187,686918
15.194,686918
15.199,686918
15.206,686918
15.215,686918
15.219,686918
15.229,686918
15.235,686918
15.245,686918
15.251,686918
15.271,686918
15.29,686918
15.291,686918
15.295,686918
15.297,686918
15.322,686918
15.327,686918
15.328,686918
15.378,686918
15.381,686918
15.381,686918
15.392,686918
15.393,686918
15.401,686918
15.402,686918
15.404,686918
15.445,686918
15.46,686918
15.483,686918
15.497,686918
15.5,686918
15.506,686918
15.515,686918
15.522,686918
15.526,686918
15.533,686918
15.545,686918
15.549,686918
15.55,686918
15.557,686918
15.596,686918
15.605,686918
15.606,686918
15.611,686918
15.613,686918
15.633,686918
15.639,686918
15.646,686918
15.675,686918
15.688,686918
15.689,686918
15.691,686918
15.692,686918
15.725,686918
15.765,686918
15.795,686918
15.804,686918
15.819,686918
15.821,686918
15.823,686918
15.838,686918
15.857,686918
15.869,686918
15.872,686918
15.882,686918
15.901,686918
15.903,686918
15.916,686918
15.92,686918
15.923,686918
15.935,686918
15.939,686918
15.941,686918
15.95,686918
15.964,686918
15.965,686918
15.969,686918
15.971,686918
15.979,686918
15.998,686918
15.998,686918
16.014,686918
16.028,686918
16.038,686918
16.039,686918
16.053,686918
16.085,686918
16.1,686918
16.119,686918
16.13,686918
16.135,686918
16.153,686918
16.154,686918
16.156,686918
16.174,686918
16.203,686918
16.215,686918
16.217,686918
16.229,686918
16.235,686918
16.238,686918
16.256,686918
16.293,686918
16.335,686918
16.352,686918
16.382,686918
16.382,686918
16.39,686918
16.394,686918
16.395,686918
16.401,686918
16.409,686918
16.419,686918
16.425,686918
16.436,686918
16.443,686918
16.456,686918
16.458,686918
16.459,686918
16.472,686918
16.478,686918
16.48,686918
16.493,686918
16.495,686918
16.51,686918
16.523,686918
16.526,686918
16.54,686918
16.544,686918
16.575,686918
16.576,686918
16.588,686918
16.608,686918
16.611,686918
16.627,686918
16.644,686918
16.653,686918
16.654,686918
16.67,686918
16.682,686918
16.686,686918
16.707,686918
16.716,686918
16.748,686918
16.775,686918
16.784,686918
16.785,686918
16.786,686918
16.786,686918
16.789,686918
16.807,686918
16.815,686918
16.821,686918
16.825,686918
16.828,686918
16.864,686918
16.865,686918
16.881,686918
16.886,686918
16.89,686918
16.903,686918
16.926,686918
16.928,686918
16.929,686918
16.93,686918
16.934,686918
16.935,686918
16.958,686918
16.965,686918
16.966,686918
16.978,686918
16.991,686918
17.003,686918
17.008,686918
17.025,686918
17.026,686918
17.028,686918
17.032,686918
17.035,686918
17.037,686918
17.038,686918
17.064,686918
17.065,686918
17.071,686918
17.089,686918
17.146,686918
17.171,686918
17.172,686918
17.186,686918
17.192,686918
17.22,686918
17.224,686918
17.262,686918
17.262,686918
17.264,686918
17.268,686918
17.269,686918
17.317,686918
17.319,686918
17.359,686918
17.365,686918
17.371,686918
17.372,686918
17.375,686918
17.399,686918
17.404,686918
17.404,686918
17.413,686918
17.425,686918
17.438,686918
17.484,686918
17.517,686918
17.518,686918
17.519,686918
17.524,686918
17.528,686918
17.539,686918
17.543,686918
17.555,686918
17.561,686918
17.57,686918
17.602,686918
17.613,686918
17.616,686918
17.617,686918
17.624,686918
17.635,686918
17.637,686918
17.655,686918
17.658,686918
17.666,686918
17.679,686918
17.681,686918
17.718,686918
17.719,686918
17.756,686918
17.771,686918
17.789,686918
17.794,686918
17.827,686918
17.832,686918
17.832,686918
17.835,686918
17.839,686918
17.851,686918
17.853,686918
17.861,686918
17.865,686918
17.877,686918
17.895,686918
17.907,686918
17.921,686918
17.926,686918
17.933,686918
17.937,686918
17.938,686918
17.943,686918
17.948,686918
17.954,686918
17.964,686918
17.984,686918
18.007,686918
18.012,686918
18.016,686918
18.021,686918
18.027,686918
18.036,686918
18.048,686918
18.052,686918
18.058,686918
18.08,686918
18.083,686918
18.099,686918
18.132,686918
18.154,686918
18.155,686918
18.166,686918
18.168,686918
18.173,686918
18.183,686918
18.187,686918
18.191,686918
18.214,686918
18.216,686918
18.224,686918
18.242,686918
18.264,686918
18.272,686918
18.274,686918
18.297,686918
18.307,686918
18.31,686918
18.31,686918
18.318,686918
18.328,686918
18.331,686918
18.332,686918
18.353,686918
18.361,686918
18.391,686918
18.4,686918
18.401,686918
18.408,686918
18.409,686918
18.41,686918
18.411,686918
18.422,686918
18.426,686918
18.431,686918
18.435,686918
18.436,686918
18.446,686918
18.451,686918
18.451,686918
18.472,686918
18.472,686918
18.502,686918
18.514,686918
18.522,686918
18.526,686918
18.536,686918
18.541,686918
18.56,686918
18.561,686918
18.571,686918
18.579,686918
18.581,686918
18.599,686918
18.623,686918
18.629,686918
18.632,686918
18.655,686918
18.677,686918
18.686,686918
18.692,686918
18.694,686918
18.706,686918
18.729,686918
18.746,686918
18.759,686918
18.769,686918
18.771,686918
18.779,686918
18.788,686918
18.791,686918
18.796,686918
18.796,686918
18.806,686918
18.829,686918
18.833,686918
18.833,686918
18.835,686918
18.849,686918
18.895,686918
18.9,686918
18.913,686918
18.918,686918
18.947,686918
18.956,686918
18.96,686918
18.962,686918
18.976,686918
18.978,686918
18.983,686918
19,686918
19,686918
19.025,686918
19.034,686918
19.05,686918
19.053,686918
19.079,686918
19.082,686918
19.085,686918
19.111,686918
19.116,686918
19.117,686918
19.118,686918
19.133,686918
19.17,686918
19.204,686918
19.226,686918
19.229,686918
19.231,686918
19.241,686918
19.265,686918
19.27,686918
19.273,686918
19.279,686918
19.28,686918
19.299,686918
19.332,686918
19.335,686918
19.335,686918
19.343,686918
19.346,686918
19.348,686918
19.375,686918
19.396,686918
19.397,686918
19.429,686918
19.444,686918
19.47,686918
19.489,686918
19.501,686918
19.519,686918
19.526,686918
19.535,686918
19.54,686918
19.551,686918
19.554,686918
19.566,686918
19.588,686918
19.592,686918
19.598,686918
19.615,686918
19.623,686918
19.632,686918
19.635,686918
19.639,686918
19.644,686918
19.645,686918
19.647,686918
19.654,686918
19.675,686918
19.677,686918
19.682,686918
19.691,686918
19.718,686918
19.74,686918
19.766,686918
19.767,686918
19.783,686918
19.783,686918
19.813,686918
19.829,686918
19.834,686918
19.843,686918
19.844,686918
19.849,686918
19.852,686918
19.854,686918
19.866,686918
19.872,686918
19.899,686918
19.908,686918
19.934,686918
19.934,686918
19.946,686918
19.95,686918
19.954,686918
19.964,686918
19.966,686918
19.99,686918
20.012,686918
20.039,686918
20.044,686918
20.048,686918
20.066,686918
20.07,686918
20.071,686918
20.08,686918
20.088,686918
20.099,686918
20.113,686918
20.12,686918
20.143,686918
20.143,686918
20.148,686918
20.152,686918
20.176,686918
20.188,686918
20.198,686918
20.203,686918
20.224,686918
20.227,686918
20.227,686918
20.228,686918
20.258,686918
20.259,686918
20.263,686918
20.268,686918
20.296,686918
20.297,686918
20.302,686918
20.308,686918
20.312,686918
20.323,686918
20.326,686918
20.338,686918
20.343,686918
20.347,686918
20.35,686918
20.35,686918
20.36,686918
20.392,686918
20.424,686918
20.435,686918
20.443,686918
20.444,686918
20.449,686918
20.449,686918
20.461,686918
20.466,686918
20.497,686918
20.521,686918
20.541,686918
20.544,686918
20.546,686918
20.546,686918
20.55,686918
20.594,686918
20.611,686918
20.644,686918
20.648,686918
20.658,686918
20.662,686918
20.679,686918
20.689,686918
20.691,686918
20.699,686918
20.714,686918
20.716,686918
20.722,686918
20.727,686918
20.732,686918
20.748,686918
20.753,686918
20.756,686918
20.771,686918
20.772,686918
20.776,686918
20.777,686918
20.782,686918
20.793,686918
20.826,686918
20.836,686918
20.844,686918
20.852,686918
20.859,686918
20.865,686918
20.867,686918
20.87,686918
20.884,686918
20.894,686918
20.896,686918
20.903,686918
20.928,686918
20.929,686918
20.937,686918
20.954,686918
20.961,686918
20.966,686918
20.966,686918
20.975,686918
20.981,686918
20.987,686918
21.019,686918
21.032,686918
21.05,686918
21.051,686918
21.06,686918
21.063,686918
21.074,686918
21.08,686918
21.091,686918
21.092,686918
21.094,686918
21.103,686918
21.105,686918
21.121,686918
21.126,686918
21.141,686918
21.152,686918
21.155,686918
21.159,686918
21.166,686918
21.167,686918
21.172,686918
21.202,686918
21.212,686918
21.216,686918
21.221,686918
21.228,686918
21.233,686918
21.234,686918
21.254,686918
21.256,686918
21.258,686918
21.264,686918
21.268,686918
21.273,686918
21.276,686918
21.302,686918
21.302,686918
21.313,686918
21.328,686918
21.329,686918
21.337,686918
21.34,686918
21.358,686918
21.363,686918
21.37,686918
21.381,686918
21.383,686918
21.4,686918
21.405,686918
21.408,686918
21.41,686918
21.418,686918
21.421,686918
21.437,686918
21.456,686918
21.477,686918
21.541,686918
21.548,686918
21.549,686918
21.565,686918
21.566,686918
21.583,686918
21.585,686918
21.585,686918
21.598,686918
21.615,686918
21.627,686918
21.628,686918
21.629,686918
21.63,686918
21.663,686918
21.676,686918
21.679,686918
21.681,686918
21.683,686918
21.702,686918
21.721,686918
21.721,686918
21.736,686918
21.748,686918
21.758,686918
21.762,686918
21.762,686918
21.773,686918
21.774,686918
21.774,686918
21.776,686918
21.779,686918
21.806,686918
21.818,686918
21.825,686918
21.836,686918
21.842,686918
21.858,686918
21.859,686918
21.862,686918
21.88,686918
21.886,686918
21.887,686918
21.893,686918
21.901,686918
21.917,686918
21.923,686918
21.923,686918
21.931,686918
21.935,686918
21.952,686918
21.953,686918
21.97,686918
21.973,686918
21.994,686918
22.003,686918
22.009,686918
22.013,686918
22.034,686918
22.037,686918
22.043,686918
22.068,686918
22.07,686918
22.075,686918
22.089,686918
22.089,686918
22.105,686918
22.106,686918
22.116,686918
22.122,686918
22.132,686918
22.175,686918
22.176,686918
22.176,686918
22.184,686918
22.195,686918
22.206,686918
22.212,686918
22.215,686918
22.269,686918
22.272,686918
22.276,686918
22.282,686918
22.289,686918
22.29,686918
22.308,686918
22.33,686918
22.334,686918
22.339,686918
22.372,686918
22.38,686918
22.381,686918
22.406,686918
22.429,686918
22.454,686918
22.462,686918
22.468,686918
22.478,686918
22.506,686918
22.514,686918
22.532,686918
22.54,686918
22.541,686918
22.542,686918
22.553,686918
22.576,686918
22.578,686918
22.583,686918
22.584,686918
22.591,686918
22.611,686918
22.614,686918
22.619,686918
22.634,686918
22.635,686918
22.642,686918
22.667,686918
22.689,686918
22.693,686918
22.696,686918
22.697,686918
22.702,686918
22.713,686918
22.725,686918
22.729,686918
22.73,686918
22.74,686918
22.746,686918
22.746,686918
22.762,686918
22.775,686918
22.782,686918
22.794,686918
22.8,686918
22.821,686918
22.827,686918
22.837,686918
22.855,686918
22.856,686918
22.856,686918
22.876,686918
22.879,686918
22.887,686918
22.892,686918
22.909,686918
22.918,686918
22.927,686918
22.949,686918
22.96,686918
22.96,686918
22.966,686918
22.967,686918
22.98,686918
22.981,686918
22.984,686918
22.993,686918
22.997,686918
23.003,686918
23.007,686918
23.01,686918
23.011,686918
23.013,686918
23.018,686918
23.039,686918
23.043,686918
23.069,686918
23.069,686918
23.076,686918
23.084,686918
23.106,686918
23.118,686918
23.15,686918
23.152,686918
23.155,686918
23.161,686918
23.167,686918
23.169,686918
23.169,686918
23.195,686918
23.198,686918
23.211,686918
23.214,686918
23.216,686918
23.218,686918
23.245,686918
23.248,686918
23.261,686918
23.28,686918
23.286,686918
23.291,686918
23.323,686918
23.323,686918
23.329,686918
23.348,686918
23.358,686918
23.381,686918
23.388,686918
23.39,686918
23.412,686918
23.417,686918
23.42,686918
23.429,686918
23.464,686918
23.471,686918
23.475,686918
23.479,686918
23.482,686918
23.487,686918
23.512,686918
23.514,686918
23.527,686918
23.534,686918
23.547,686918
23.548,686918
23.549,686918
23.551,686918
23.574,686918
23.59,686918
23.591,686918
23.594,686918
23.595,686918
23.604,686918
23.618,686918
23.625,686918
23.626,686918
23.645,686918
23.647,686918
23.653,686918
23.657,686918
23.665,686918
23.678,686918
23.684,686918
23.692,686918
23.703,686918
23.733,686918
23.747,686918
23.751,686918
23.755,686918
23.76,686918
23.768,686918
23.778,686918
23.778,686918
23.787,686918
23.804,686918
23.805,686918
23.808,686918
23.818,686918
23.833,686918
23.84,686918
23.845,686918
23.861,686918
23.865,686918
23.873,686918
23.885,686918
23.888,686918
23.889,686918
23.902,686918
23.912,686918
23.92,686918
23.921,686918
23.923,686918
23.929,686918
23.931,686918
23.935,686918
23.953,686918
23.962,686918
23.966,686918
23.966,686918
23.989,686918
23.992,686918
23.993,686918
23.995,686918
24.018,686918
24.027,686918
24.027,686918
24.03,686918
24.046,686918
24.053,686918
24.057,686918
24.061,686918
24.062,686918
24.067,686918
24.069,686918
24.081,686918
24.085,686918
24.09,686918
24.107,686918
24.119,686918
24.135,686918
24.139,686918
24.144,686918
24.151,686918
24.158,686918
24.166,686918
24.175,686918
24.177,686918
24.185,686918
24.199,686918
24.203,686918
24.225,686918
24.253,686918
24.26,686918
24.271,686918
24.282,686918
24.291,686918
24.303,686918
24.303,686918
24.32,686918
24.32,686918
24.33,686918
24.362,686918
24.37,686918
24.372,686918
24.4,686918
24.405,686918
24.411,686918
24.437,686918
24.45,686918
24.457,686918
24.461,686918
24.477,686918
24.499,686918
24.513,686918
24.515,686918
24.535,686918
24.541,686918
24.568,686918
24.574,686918
24.592,686918
24.593,686918
24.6,686918
24.613,686918
24.616,686918
24.625,686918
24.641,686918
24.65,686918
24.654,686918
24.66,686918
24.683,686918
24.692,686918
24.692,686918
24.707,686918
24.721,686918
24.73,686918
24.732,686918
24.733,686918
24.74,686918
24.743,686918
24.748,686918
24.754,686918
24.756,686918
24.766,686918
24.785,686918
24.786,686918
24.816,686918
24.826,686918
24.837,686918
24.858,686918
24.861,686918
24.861,686918
24.869,686918
24.881,686918
24.922,686918
24.933,686918
24.959,686918
24.963,686918
24.97,686918
24.973,686918
24.975,686918
24.977,686918
24.977,686918
24.978,686918
24.99,686918
24.99,686918
25,686918
25.033,686918
25.033,686918
25.041,686918
25.048,686918
25.048,686918
25.059,686918
25.061,686918
25.063,686918
25.064,686918
25.087,686918
25.107,686918
25.115,686918
25.117,686918
25.123,686918
25.132,686918
25.151,686918
25.163,686918
25.197,686918
25.208,686918
25.21,686918
25.213,686918
25.215,686918
25.228,686918
25.247,686918
25.248,686918
25.261,686918
25.286,686918
25.309,686918
25.31,686918
25.313,686918
25.324,686918
25.335,686918
25.338,686918
25.348,686918
25.359,686918
25.363,686918
25.368,686918
25.374,686918
25.38,686918
25.388,686918
25.392,686918
25.393,686918
25.398,686918
25.409,686918
25.416,686918
25.427,686918
25.43,686918
25.431,686918
25.439,686918
25.446,686918
25.457,686918
25.47,686918
25.476,686918
25.481,686918
25.482,686918
25.484,686918
25.487,686918
25.489,686918
25.494,686918
25.513,686918
25.521,686918
25.545,686918
25.551,686918
25.588,686918
25.594,686918
25.611,686918
25.612,686918
25.613,686918
25.625,686918
25.652,686918
25.653,686918
25.675,686918
25.681,686918
25.683,686918
25.702,686918
25.707,686918
25.714,686918
25.715,686918
25.72,686918
25.721,686918
25.733,686918
25.741,686918
25.742,686918
25.755,686918
25.769,686918
25.77,686918
25.802,686918
25.805,686918
25.808,686918
25.82,686918
25.828,686918
25.831,686918
25.85,686918
25.852,686918
25.853,686918
25.855,686918
25.865,686918
25.869,686918
25.87,686918
25.875,686918
25.914,686918
25.934,686918
25.934,686918
25.942,686918
25.958,686918
25.984,686918
25.992,686918
26.011,686918
26.013,686918
26.021,686918
26.038,686918
26.051,686918
26.051,686918
26.052,686918
26.092,686918
26.093,686918
26.107,686918
26.137,686918
26.169,686918
26.175,686918
26.179,686918
26.196,686918
26.198,686918
26.203,686918
26.208,686918
26.211,686918
26.218,686918
26.223,686918
26.229,686918
26.241,686918
26.249,686918
26.256,686918
26.266,686918
26.28,686918
26.286,686918
26.303,686918
26.312,686918
26.36,686918
26.387,686918
26.401,686918
26.409,686918
26.42,686918
26.43,686918
26.436,686918
26.438,686918
26.446,686918
26.452,686918
26.458,686918
26.466,686918
26.468,686918
26.487,686918
26.488,686918
26.512,686918
26.518,686918
26.561,686918
26.565,686918
26.576,686918
26.584,686918
26.594,686918
26.598,686918
26.612,686918
26.615,686918
26.616,686918
26.619,686918
26.622,686918
26.626,686918
26.633,686918
26.636,686918
26.641,686918
26.649,686918
26.652,686918
26.671,686918
26.681,686918
26.682,686918
26.688,686918
26.695,686918
26.706,686918
26.708,686918
26.712,686918
26.713,686918
26.719,686918
26.738,686918
26.747,686918
26.783,686918
26.794,686918
26.795,686918
26.8,686918
26.805,686918
26.807,686918
26.811,686918
26.834,686918
26.84,686918
26.844,686918
26.845,686918
26.852,686918
26.873,686918
26.901,686918
26.907,686918
26.915,686918
26.916,686918
26.918,686918
26.928,686918
26.938,686918
26.946,686918
26.954,686918
26.962,686918
26.963,686918
26.983,686918
26.997,686918
27.008,686918
27.017,686918
27.03,686918
27.07,686918
27.074,686918
27.085,686918
27.086,686918
27.092,686918
27.104,686918
27.106,686918
27.118,686918
27.118,686918
27.121,686918
27.13,686918
27.134,686918
27.189,686918
27.193,686918
27.197,686918
27.205,686918
27.217,686918
27.222,686918
27.267,686918
27.282,686918
27.295,686918
27.299,686918
27.304,686918
27.314,686918
27.323,686918
27.33,686918
27.33,686918
27.334,686918
27.338,686918
27.345,686918
27.398,686918
27.417,686918
27.419,686918
27.43,686918
27.437,686918
27.455,686918
27.48,686918
27.488,686918
27.496,686918
27.504,686918
27.517,686918
27.526,686918
27.53,686918
27.55,686918
27.574,686918
27.582,686918
27.583,686918
27.601,686918
27.607,686918
27.623,686918
27.649,686918
27.658,686918
27.659,686918
27.707,686918
27.719,686918
27.744,686918
27.747,686918
27.747,686918
27.75,686918
27.76,686918
27.764,686918
27.775,686918
27.777,686918
27.783,686918
27.794,686918
27.803,686918
27.815,686918
27.828,686918
27.832,686918
27.883,686918
27.884,686918
27.891,686918
27.895,686918
27.918,686918
27.926,686918
27.934,686918
27.939,686918
27.951,686918
27.952,686918
27.961,686918
27.968,686918
27.976,686918
27.982,686918
27.997,686918
27.999,686918
28,686918
28.004,686918
28.038,686918
28.065,686918
28.066,686918
28.081,686918
28.09,686918
28.09,686918
28.107,686918
28.11,686918
28.11,686918
28.11,686918
28.114,686918
28.12,686918
28.146,686918
28.147,686918
28.156,686918
28.163,686918
28.169,686918
28.176,686918
28.177,686918
28.188,686918
28.191,686918
28.194,686918
28.195,686918
28.197,686918
28.205,686918
28.21,686918
28.216,686918
28.229,686918
28.236,686918
28.238,686918
28.249,686918
28.253,686918
28.259,686918
28.304,686918
28.309,686918
28.313,686918
28.339,686918
28.344,686918
28.348,686918
28.348,686918
28.351,686918
28.358,686918
28.371,686918
28.371,686918
28.373,686918
28.38,686918
28.384,686918
28.385,686918
28.391,686918
28.395,686918
28.423,686918
28.437,686918
28.44,686918
28.447,686918
28.457,686918
28.461,686918
28.477,686918
28.49,686918
28.49,686918
28.493,686918
28.494,686918
28.495,686918
28.498,686918
28.504,686918
28.514,686918
28.536,686918
28.551,686918
28.558,686918
28.565,686918
28.569,686918
28.577,686918
28.583,686918
28.59,686918
28.601,686918
28.601,686918
28.621,686918
28.628,686918
28.648,686918
28.649,686918
28.653,686918
28.655,686918
28.668,686918
28.676,686918
28.691,686918
28.709,686918
28.719,686918
28.731,686918
28.745,686918
28.762,686918
28.767,686918
28.776,686918
28.784,686918
28.792,686918
28.81,686918
28.832,686918
28.84,686918
28.853,686918
28.864,686918
28.876,686918
28.877,686918
28.881,686918
28.909,686918
28.927,686918
28.928,686918
28.939,686918
28.956,686918
28.957,686918
28.97,686918
29.006,686918
29.056,686918
29.059,686918
29.1,686918
29.122,686918
29.134,686918
29.142,686918
29.151,686918
29.169,686918
29.179,686918
29.179,686918
29.185,686918
29.191,686918
29.193,686918
29.201,686918
29.21,686918
29.223,686918
29.231,686918
29.24,686918
29.24,686918
29.241,686918
29.308,686918
29.316,686918
29.32,686918
29.328,686918
29.335,686918
29.338,686918
29.358,686918
29.359,686918
29.366,686918
29.382,686918
29.386,686918
29.405,686918
29.427,686918
29.434,686918
29.434,686918
29.442,686918
29.448,686918
29.452,686918
29.462,686918
29.464,686918
29.466,686918
29.47,686918
29.488,686918
29.493,686918
29.501,686918
29.506,686918
29.511,686918
29.528,686918
29.536,686918
29.539,686918
29.541,686918
29.547,686918
29.55,686918
29.557,686918
29.567,686918
29.577,686918
29.583,686918
29.604,686918
29.613,686918
29.62,686918
29.631,686918
29.651,686918
29.67,686918
29.684,686918
29.707,686918
29.714,686918
29.723,686918
29.726,686918
29.735,686918
29.735,686918
29.741,686918
29.741,686918
29.764,686918
29.782,686918
29.785,686918
29.788,686918
29.8,686918
29.808,686918
29.817,686918
29.819,686918
29.836,686918
29.837,686918
29.841,686918
29.845,686918
29.846,686918
29.851,686918
29.855,686918
29.883,686918
29.89,686918
29.894,686918
29.903,686918
29.918,686918
29.937,686918
29.939,686918
29.941,686918
29.98,686918
