0.149000,789179
0.152000,786480
0.154000,786208
0.156000,785068
0.158000,784380
0.161000,784333
0.162000,784134
0.175000,783912
0.177000,783599
0.182000,782647
0.185000,781929
0.187000,780766
0.188000,780152
0.190000,779826
0.193000,779380
0.194000,778057
0.196000,775468
0.198000,771957
0.200000,771564
0.202000,769809
0.204000,767975
0.206000,765213
0.209000,764660
0.211000,764368
0.213000,762632
0.215000,762603
0.217000,760509
0.220000,759058
0.221000,758905
0.223000,758804
0.225000,757059
0.226000,756677
0.228000,753451
0.230000,752603
0.232000,752509
0.234000,742872
0.236000,741191
0.239000,740773
0.242000,740608
6.265000,740340
6.267000,740118
6.269000,739152
6.271000,734856
7.734000,734182
7.737000,731565
7.739000,728968
7.741000,726526
7.743000,725250
7.744000,722935
7.747000,721136
7.749000,718724
7.751000,718571
12.536000,715689
12.538000,715652
12.540000,715488
12.543000,715393
18.154000,709365
18.157000,708571
18.159000,708526
18.161000,708304
18.164000,706391
18.166000,702807
18.167000,702713
27.267000,702431
27.271000,702352
27.273000,702307
27.275000,702294
27.277000,702129
27.282000,701863
27.284000,701780
27.286000,701217
27.288000,700422
52.383000,700347
52.385000,699937
52.387000,699595
52.389000,695896
52.391000,695138
52.394000,694480
52.396000,694461
52.402000,694301
52.407000,694292
52.409000,694255
52.412000,694243
52.414000,693448
52.416000,692636
52.418000,692472
52.422000,691921
52.427000,691209
52.429000,690529
52.431000,690468
