0.050000,841498
0.050000,834011
0.050000,833457
0.050000,832322
0.050000,831636
0.050000,831615
0.050000,830927
0.050000,830222
0.050000,830175
0.050000,828231
0.050000,827065
0.050000,826026
0.050000,824914
0.050000,821239
0.050000,819145
0.060000,819100
0.061000,816211
0.061000,791591
0.061000,789945
0.061000,789831
0.061000,788599
0.061000,786529
0.061000,770877
0.061000,769672
0.061000,769043
0.061000,757825
0.061000,755870
0.061000,755715
0.061000,754205
0.061000,754173
0.071000,754066
0.071000,753976
0.181000,753909
0.181000,753808
0.181000,752841
0.181000,752619
0.181000,750487
0.181000,749255
0.181000,748381
0.181000,747802
0.181000,746577
0.661000,745315
0.661000,744004
0.661000,743848
0.661000,743843
0.661000,743809
1.795000,737181
1.795000,735950
1.795000,735556
1.795000,735515
1.795000,734958
1.795000,732342
1.795000,730680
1.795000,728238
1.795000,728076
2.396000,727712
2.396000,727380
2.396000,723787
2.396000,723100
2.756000,719652
2.756000,719259
2.756000,719216
3.787000,714284
3.787000,712607
3.787000,712508
3.787000,711634
4.568000,710318
6.851000,703349
6.861000,701575
6.861000,700863
6.861000,700810
6.861000,700123
6.861000,700090
6.861000,700059
6.861000,699895
6.861000,698097
6.861000,694398
6.861000,693641
34.930000,693589
34.930000,690400
172.163000,690011
172.163000,689951
172.163000,689348
245.523000,687721
313.029000,687329
313.029000,687107
313.029000,686131
313.029000,686119
