0.030000,845021
0.030000,843960
0.030000,843689
0.040000,843296
0.040000,840665
0.040000,840494
0.040000,840295
0.040000,838604
0.040000,837735
0.040000,837284
0.040000,836955
0.040000,836908
0.040000,836886
0.040000,835723
0.040000,832452
0.040000,831899
0.040000,831514
0.040000,829664
0.050000,828775
0.050000,828559
0.050000,828287
0.050000,826451
0.050000,826318
0.050000,825631
0.050000,825622
0.050000,824662
0.050000,824443
0.050000,823875
0.050000,822416
0.050000,814906
0.050000,814576
0.050000,811115
0.050000,811101
0.050000,809531
0.050000,805826
0.060000,805786
0.060000,805676
0.060000,805308
0.060000,795998
0.060000,790450
0.060000,789447
0.130000,770059
0.130000,769837
0.130000,768483
0.130000,768077
0.130000,766166
0.130000,765721
0.130000,765674
0.130000,765606
0.130000,764933
0.130000,764602
0.130000,761854
0.130000,761559
0.130000,760702
0.140000,760420
0.140000,760116
0.140000,759048
0.140000,758648
0.140000,758612
0.140000,757484
0.140000,757227
0.140000,757092
0.250000,757037
0.250000,756591
0.250000,756244
0.250000,756243
0.250000,754819
0.250000,752861
0.250000,752639
0.260000,751737
0.360000,751118
0.360000,750577
0.500000,725862
0.500000,725857
0.500000,723833
0.500000,723114
0.500000,722418
0.500000,721587
0.500000,721387
0.510000,721378
0.510000,721103
0.510000,720312
0.510000,719081
0.510000,718950
0.510000,718932
0.510000,718581
0.510000,718359
0.510000,716831
0.510000,712910
0.510000,712637
0.510000,712060
0.510000,711963
0.510000,709397
1.768000,708900
1.768000,708562
1.768000,708150
1.778000,708137
1.778000,707339
1.778000,700799
1.778000,700377
1.778000,699619
1.778000,698946
1.778000,696483
1.778000,695603
1.778000,695220
1.778000,694398
1.778000,693648
1.778000,693455
1.778000,692378
250.094000,691608
250.094000,691292
250.094000,691198
250.104000,691109
