0.000000,1044767
0.010000,1044025
0.010000,1039042
0.010000,1038647
0.010000,1037709
0.010000,1035892
0.010000,1029627
0.010000,1027303
0.010000,1019968
0.010000,995352
0.010000,994024
0.010000,985047
0.010000,983628
0.010000,981963
0.010000,981819
0.010000,974484
0.010000,973205
0.010000,972777
0.010000,966334
0.010000,957866
0.010000,949695
0.010000,949086
0.010000,927617
0.010000,927028
0.010000,921287
0.010000,917006
0.010000,916081
0.010000,915960
0.010000,902549
0.010000,878718
0.010000,878111
0.010000,877212
0.010000,872189
0.030000,863608
0.030000,861911
0.030000,859019
0.310000,858030
0.310000,855844
0.340000,847604
0.340000,837016
0.340000,836109
0.340000,835705
0.340000,833888
0.340000,833672
0.340000,833632
0.340000,833076
0.340000,832547
0.340000,831622
0.851000,831620
2.416000,828809
2.416000,827481
2.416000,826875
8.462000,826548
8.462000,826537
22.103000,823853
32.085000,823597
32.305000,823210
32.305000,820535
32.305000,820139
39.652000,819648
