0.000000,906546
0.000000,896418
0.000000,895493
0.000000,893015
0.000000,892459
0.000000,891930
0.000000,891714
0.000000,888555
0.000000,877968
0.000000,876062
0.000000,875000
0.000000,873915
0.000000,870460
0.000000,868136
0.020000,867655
0.020000,867127
0.020000,866910
0.020000,865848
0.020000,864764
0.020000,861309
0.020000,858985
0.160000,853993
0.160000,849108
0.160000,846832
0.160000,845855
0.220000,843661
0.230000,840239
0.230000,837563
0.230000,837168
0.391000,835199
0.391000,834274
0.391000,833871
0.391000,833314
0.391000,832407
0.391000,832190
0.391000,832150
1.426000,826793
13.631000,826540
17.545000,820881
17.545000,819904
32.862000,819648
