0.010000,991660
0.010000,988621
0.010000,986240
0.010000,985472
0.010000,983504
0.010000,982947
0.010000,982025
0.010000,981497
0.010000,981102
0.010000,977187
0.010000,975655
0.010000,974571
0.010000,973793
0.030000,969566
0.030000,965651
0.030000,950248
0.030000,933214
0.030000,932906
0.030000,932522
0.030000,930645
0.030000,923311
0.030000,914893
0.030000,909594
0.030000,894606
0.030000,878664
0.030000,877567
0.030000,873168
0.030000,872371
0.030000,871353
0.030000,863256
0.030000,861817
0.040000,858985
0.070000,846167
0.070000,840310
0.472000,833097
0.472000,832569
0.472000,832530
0.472000,831622
0.522000,831620
0.632000,829871
0.632000,828832
0.742000,827539
0.742000,826932
0.742000,826537
6.010000,826018
6.010000,825411
13.607000,819904
73.810000,819648
