0.000000,959070
0.000000,958461
0.000000,947626
0.000000,947409
0.000000,939434
0.000000,928847
0.000000,927938
0.000000,926327
0.000000,916344
0.000000,916305
0.000000,915380
0.000000,909774
0.000000,908714
0.000000,907854
0.000000,906603
0.000000,906046
0.000000,904229
0.000000,902898
0.000000,887474
0.000000,887137
0.000000,886341
0.000000,883217
0.010000,880448
0.010000,879631
0.010000,873748
0.010000,869660
0.010000,869053
0.010000,867733
0.010000,867612
0.010000,866835
0.010000,864775
0.010000,863875
0.060000,860506
0.520000,859836
0.520000,859266
0.580000,856636
0.580000,853544
0.670000,846928
0.670000,846144
0.791000,844984
0.801000,840997
0.801000,840020
1.011000,836460
1.021000,834643
1.021000,833734
1.021000,833205
1.021000,832802
1.021000,832585
1.021000,831660
1.021000,831620
1.403000,826263
1.403000,825286
1.964000,824821
1.964000,821314
1.964000,819986
9.812000,819648
