0.000000,949031
0.000000,947947
0.000000,946130
0.000000,945574
0.000000,943956
0.000000,941449
0.000000,939917
0.000000,939389
0.000000,935474
0.000000,935078
0.010000,927794
0.010000,925594
0.010000,924798
0.010000,923984
0.010000,921438
0.010000,917195
0.010000,913533
0.040000,884992
0.040000,884218
0.040000,883377
0.040000,872771
0.040000,871863
0.040000,862889
0.040000,856350
0.170000,856266
0.170000,834924
0.170000,832600
2.220000,832282
2.220000,831878
2.220000,831662
2.220000,831622
2.941000,822865
12.210000,822719
12.210000,820043
12.210000,819648
