0.000000,1024470
0.000000,1022146
0.000000,1011559
0.000000,1009723
0.000000,1003748
0.000000,1002137
0.000000,994803
0.000000,994246
0.000000,994029
0.000000,982350
0.000000,981000
0.000000,978206
0.000000,971790
0.000000,971751
0.000000,964974
0.000000,962055
0.000000,961146
0.000000,960221
0.000000,957424
0.000000,949549
0.010000,946866
0.010000,931664
0.010000,927308
0.010000,924833
0.010000,923808
0.010000,921080
0.010000,911372
0.010000,911268
0.010000,910434
0.010000,898884
0.010000,898067
0.010000,897145
0.010000,896864
0.010000,894197
0.010000,886335
0.010000,875270
0.010000,870903
0.010000,852223
0.010000,852115
0.010000,849336
0.090000,848536
0.371000,842468
0.451000,833314
0.451000,833097
0.451000,832190
0.451000,832150
0.451000,831622
2.587000,827693
2.587000,826793
6.180000,825250
15.980000,824574
15.980000,823597
22.697000,821232
22.697000,819904
55.601000,819648
