0.000000,978405
0.000000,968696
0.000000,966372
0.010000,964555
0.010000,960031
0.010000,958420
0.010000,950534
0.010000,939946
0.010000,939338
0.010000,938781
0.010000,934927
0.010000,917609
0.010000,916700
0.010000,912989
0.010000,871741
0.010000,868350
0.010000,867947
0.010000,866920
0.010000,862201
0.150000,862001
0.150000,857913
0.160000,854755
0.340000,853427
0.340000,851288
0.671000,849631
0.671000,849024
0.671000,848985
0.671000,847656
0.671000,846217
0.671000,842711
0.671000,840894
1.355000,833501
1.355000,832592
1.365000,832063
1.365000,831660
1.365000,831620
1.375000,828477
2.409000,828362
4.031000,824089
4.031000,823112
15.472000,819904
64.778000,819648
