0.010000,968394
0.010000,968144
0.010000,967870
0.010000,953162
0.010000,942327
0.010000,941530
0.010000,941135
0.010000,939956
0.010000,937895
0.010000,936806
0.010000,936249
0.010000,928928
0.010000,921960
0.010000,921555
0.010000,919857
0.010000,911717
0.010000,901327
0.010000,899172
0.010000,895719
0.010000,895324
0.010000,890178
0.010000,880138
0.010000,879592
0.010000,878306
0.010000,874992
0.010000,874463
0.010000,864175
0.010000,863113
0.010000,858174
0.030000,857836
0.030000,854917
0.030000,854340
0.030000,853811
0.030000,852560
0.030000,852431
0.030000,849864
0.030000,847151
0.030000,846066
0.030000,844449
0.891000,843704
0.911000,840622
0.911000,837115
0.911000,824872
0.921000,822349
0.921000,821953
0.921000,820625
0.921000,819648
507.338000,818561
507.338000,817783
