0.000000,987732
0.000000,980740
0.000000,971031
0.000000,966342
0.000000,961920
0.010000,954004
0.010000,953165
0.010000,950841
0.010000,950437
0.010000,950398
0.010000,949166
0.010000,948241
0.010000,933788
0.010000,931971
0.010000,929065
0.010000,928519
0.010000,923612
0.010000,916152
0.010000,911811
0.010000,911254
0.010000,909039
0.010000,908752
0.010000,900035
0.010000,900028
0.010000,885741
0.010000,885171
0.010000,884308
0.010000,882711
0.010000,882002
0.020000,880685
0.030000,877487
0.030000,876312
0.030000,875705
0.030000,872282
0.030000,857728
0.030000,856321
0.030000,855524
0.030000,854158
0.030000,853217
0.250000,839885
0.250000,826026
0.250000,825137
9.345000,822560
9.345000,821232
9.345000,820255
9.345000,819648
28.768000,819563
186.288000,818694
186.288000,818600
186.288000,815887
186.288000,815110
