0.000000,983894
0.000000,971348
0.000000,969817
0.000000,963552
0.000000,963156
0.000000,962628
0.000000,958713
0.000000,952328
0.000000,951446
0.000000,949629
0.010000,925581
0.010000,895749
0.010000,890135
0.010000,886868
0.040000,879841
0.040000,871378
0.040000,861090
0.040000,860028
0.040000,855089
0.100000,854546
0.100000,853639
0.411000,849891
0.411000,847873
0.411000,846948
0.411000,846909
0.421000,840728
0.421000,839818
0.421000,839262
0.421000,837445
0.421000,837041
0.421000,836116
0.421000,835899
0.421000,835860
0.691000,835199
0.691000,834292
0.691000,833735
0.691000,833332
0.691000,832407
0.691000,832190
0.691000,832150
1.031000,827400
1.031000,826793
2.679000,826576
2.679000,826537
6.603000,826457
6.603000,825850
12.749000,824101
12.749000,821577
12.749000,821182
24.020000,820976
24.020000,819648
