0.000000,1323777
0.000000,1319969
0.000000,1305491
0.000000,1303915
0.000000,1301949
0.000000,1301226
0.000000,1264328
0.000000,1264090
0.000000,1263744
0.000000,1263538
0.000000,1263283
0.000000,1262888
0.000000,1252255
0.000000,1249631
0.000000,1248695
0.016000,1248591
0.016000,1246296
0.016000,1245824
0.016000,1244500
0.016000,1244338
0.016000,1223568
0.016000,1223313
0.016000,1222799
0.016000,1222597
0.016000,1222201
0.032000,1217082
0.032000,1216924
0.047000,1206794
0.047000,1202576
0.142000,1199640
0.142000,1198844
0.142000,1198301
0.142000,1196335
0.142000,1196194
0.142000,1195939
0.142000,1195440
0.142000,1195045
0.173000,1189043
0.173000,1187367
0.173000,1186989
0.173000,1186390
0.173000,1183640
0.173000,1182836
0.173000,1182000
0.173000,1181763
0.173000,1181557
0.173000,1181019
10.546000,1180828
10.921000,1180638
10.921000,1180038
22.855000,1179953
35.135000,1179916
35.135000,1179710
57.723000,1179595
298.821000,1178115
589.733000,1177556
589.733000,1177320
589.733000,1177113
589.733000,1176151
