0.015000,1407783
0.015000,1407678
0.015000,1401301
0.015000,1401125
0.015000,1400918
0.015000,1396732
0.015000,1380111
0.015000,1379766
0.015000,1379528
0.015000,1378886
0.015000,1370725
0.015000,1301950
0.015000,1300282
0.015000,1299809
0.015000,1299668
0.015000,1298861
0.015000,1297676
0.015000,1297338
0.015000,1296908
0.015000,1296653
0.015000,1296257
0.031000,1295433
0.031000,1294960
0.031000,1294705
0.031000,1294309
0.031000,1292986
0.031000,1282918
0.031000,1260129
0.031000,1259581
0.046000,1253455
0.046000,1253314
0.078000,1232249
0.078000,1228507
0.078000,1226061
0.078000,1225860
0.078000,1224855
0.078000,1220663
0.078000,1219858
0.078000,1219637
0.078000,1219340
0.078000,1219103
0.078000,1218897
0.078000,1218642
0.078000,1218246
0.156000,1206946
0.156000,1205943
0.156000,1203978
0.171000,1202469
0.171000,1202073
0.374000,1200586
0.374000,1184365
0.374000,1184020
0.374000,1182696
0.374000,1182097
0.374000,1181624
0.374000,1180908
4.279000,1180481
5.295000,1180466
9.763000,1180038
17.229000,1179595
21.917000,1179536
