0.000000,1302190
0.000000,1295274
0.000000,1293951
0.000000,1293605
0.000000,1277193
0.000000,1271745
0.000000,1251389
0.000000,1249652
0.000000,1249138
0.000000,1245322
0.000000,1244849
0.000000,1244373
0.000000,1244136
0.000000,1243934
0.000000,1243921
0.000000,1242874
0.000000,1232979
0.000000,1232724
0.000000,1232712
0.000000,1232491
0.000000,1232254
0.000000,1231858
0.000000,1231652
0.000000,1231355
0.016000,1229207
0.016000,1228969
0.016000,1227967
0.016000,1227494
0.016000,1225821
0.016000,1225566
0.016000,1210490
0.016000,1210094
0.016000,1205842
0.016000,1203292
0.016000,1202576
0.016000,1196571
0.016000,1193613
0.203000,1193140
0.203000,1187455
0.203000,1184722
0.203000,1182414
0.203000,1181814
0.203000,1181023
0.968000,1180908
1.124000,1180038
1.140000,1179802
1.140000,1179595
489.370000,1178115
