0.009,9795671
0.009,9772808
0.009,9517046
0.009,9480694
0.009,9480544
0.01,9360571
0.01,9354948
0.01,9181424
0.01,8952556
0.01,8942423
0.01,8941711
0.01,8931741
0.01,8857220
0.011,8837172
0.011,8807349
0.011,8805558
0.011,8664431
0.011,8616119
0.011,8546530
0.011,8522365
0.012,8497476
0.012,8494185
0.012,8493375
0.012,8493375
0.012,8488654
0.012,8473989
0.013,8385747
0.013,8384009
0.013,8338897
0.013,8336901
0.013,8317414
0.013,8313168
0.013,8311452
0.013,8263312
0.013,8262410
0.013,8260777
0.014,8243960
0.014,8167894
0.014,8147844
0.014,7945519
0.014,7883261
0.014,7844277
0.015,7822182
0.015,7746952
0.015,7745915
0.015,7678849
0.015,7572364
0.015,7548801
0.015,7543189
0.016,7440347
0.016,7397139
0.016,7380809
0.016,7171512
0.016,7166703
0.017,7166180
0.017,7087135
0.017,7085773
0.017,7059630
0.017,7039554
0.017,7036190
0.017,7033035
0.018,6869146
0.018,6855585
0.018,6827516
0.018,6826177
0.018,6819034
0.018,6813936
0.018,6760977
0.019,6745766
0.019,6634256
0.019,6592838
0.02,6590285
0.02,6587505
0.02,6587177
0.02,6582268
0.02,6578197
0.02,6578029
0.02,6551717
0.021,6551717
0.021,6523390
0.021,6481442
0.021,6472542
0.021,6472217
0.021,6470730
0.021,6354745
0.021,6298827
0.021,6184353
0.022,6184353
0.022,6180435
0.022,6119924
0.022,6059522
0.022,6055629
0.024,6053968
0.025,5981861
0.025,5966046
0.026,5959197
0.026,5947110
0.026,5932385
0.027,5931873
0.027,5909149
0.028,5846826
0.028,5805459
0.028,5805458
0.028,5798199
0.028,5707568
0.029,5585950
0.029,5585950
0.029,5584773
0.029,5559302
0.029,5528753
0.029,5525094
0.029,5523667
0.03,5517516
0.03,5507246
0.03,5507246
0.03,5442837
0.03,5436005
0.03,5431140
0.031,5427274
0.031,5298829
0.032,5292842
0.032,5289074
0.032,5287929
0.032,5282234
0.032,5282234
0.033,5270258
0.033,5245862
0.033,5241977
0.034,5233319
0.034,5228615
0.034,5211400
0.034,5199728
0.035,5199728
0.035,5199728
0.036,5184870
0.037,5181990
0.038,5180428
0.038,5177610
0.038,5173867
0.039,5122544
0.039,5116814
0.039,4966955
0.039,4961910
0.04,4961910
0.04,4961910
0.04,4902650
0.04,4900515
0.041,4897987
0.041,4886361
0.042,4835214
0.042,4788419
0.042,4765243
0.042,4761502
0.042,4757998
0.042,4751002
0.042,4738678
0.043,4706228
0.043,4697124
0.043,4695034
0.043,4660903
0.043,4659779
0.044,4639510
0.044,4632352
0.045,4632352
0.045,4632352
0.045,4614906
0.046,4614328
0.046,4614328
0.047,4578894
0.047,4548262
0.047,4546089
0.047,4543106
0.047,4543027
0.047,4535320
0.049,4477131
0.049,4476063
0.049,4459534
0.049,4458128
0.05,4436345
0.05,4419120
0.051,4303877
0.051,4303877
0.051,4244186
0.051,4244186
0.051,4231605
0.052,4231184
0.052,4220051
0.053,4215818
0.054,4215818
0.054,4173409
0.054,4173009
0.054,4173009
0.055,4172504
0.055,4166049
0.055,4057336
0.056,4054297
0.056,3938343
0.057,3923632
0.059,3913883
0.059,3899218
0.06,3899218
0.061,3848701
0.061,3828158
0.062,3820965
0.063,3820965
0.065,3764045
0.066,3763546
0.066,3763546
0.067,3747491
0.067,3718468
0.067,3714827
0.067,3714704
0.069,3714704
0.069,3714124
0.07,3714124
0.07,3688694
0.071,3688694
0.072,3687836
0.072,3615075
0.073,3593306
0.073,3593306
0.074,3584615
0.074,3583583
0.074,3583583
0.075,3579956
0.075,3550023
0.076,3546139
0.076,3546139
0.077,3544925
0.077,3516423
0.077,3516019
0.078,3516019
0.079,3516019
0.079,3516019
0.08,3477417
0.08,3475808
0.08,3474516
0.08,3471116
0.08,3456913
0.08,3407077
0.08,3191333
0.082,3191333
0.082,3167947
0.083,3166857
0.085,3142895
0.085,3142895
0.086,3139874
0.086,3107817
0.086,3066378
0.087,3010705
0.089,3008121
0.091,3008121
0.092,3003180
0.093,3002727
0.093,2989066
0.093,2986527
0.094,2985938
0.096,2934867
0.097,2934867
0.097,2921902
0.098,2910765
0.098,2906034
0.098,2903828
0.099,2903828
0.1,2903828
0.101,2899012
0.102,2815454
0.103,2760528
0.103,2752693
0.104,2750990
0.104,2707283
0.105,2707283
0.106,2703414
0.106,2700816
0.106,2700816
0.106,2700816
0.107,2672649
0.109,2672649
0.11,2648025
0.11,2641497
0.111,2639813
0.111,2634083
0.111,2634083
0.111,2616313
0.111,2616313
0.112,2616313
0.113,2612449
0.113,2609448
0.114,2607728
0.114,2596493
0.115,2593193
0.118,2593193
0.118,2593193
0.118,2590324
0.119,2547506
0.119,2532455
0.119,2481854
0.12,2468207
0.12,2468207
0.122,2468207
0.124,2468207
0.125,2468207
0.125,2466742
0.125,2464354
0.125,2463628
0.125,2456728
0.128,2450870
0.129,2450870
0.13,2446153
0.131,2445917
0.133,2445917
0.135,2445917
0.136,2437232
0.138,2437232
0.138,2437232
0.138,2431632
0.139,2428905
0.139,2428847
0.142,2422147
0.143,2422147
0.144,2422147
0.144,2420964
0.144,2420801
0.147,2420801
0.147,2420801
0.148,2396732
0.149,2383194
0.149,2383194
0.149,2383194
0.15,2376128
0.15,2376128
0.152,2376128
0.152,2375987
0.153,2360911
0.154,2360911
0.154,2360440
0.155,2360440
0.156,2332781
0.156,2328048
0.157,2328048
0.158,2327722
0.158,2327722
0.159,2327722
0.159,2327722
0.16,2327722
0.161,2318717
0.161,2317477
0.161,2307736
0.162,2307736
0.162,2288547
0.163,2288547
0.163,2288547
0.164,2286083
0.164,2283887
0.165,2283887
0.166,2283887
0.166,2261922
0.172,2254849
0.172,2248955
0.173,2236239
0.173,2236239
0.173,2236106
0.176,2235608
0.177,2233933
0.179,2202349
0.182,2202349
0.183,2196832
0.186,2196832
0.186,2196832
0.186,2183304
0.187,2182738
0.187,2177660
0.188,2176021
0.188,2176021
0.189,2176021
0.19,2150187
0.193,2150187
0.196,2149979
0.197,2146565
0.197,2143773
0.198,2142486
0.199,2142486
0.201,2135718
0.201,2132477
0.202,2125708
0.205,2122112
0.206,2118884
0.206,2117294
0.208,2104630
0.208,2104630
0.21,2103804
0.211,2103804
0.211,2103224
0.213,2103224
0.213,2100500
0.214,2100500
0.214,2099576
0.214,2099576
0.217,2099576
0.219,2099576
0.22,2099494
0.22,2098376
0.222,2098376
0.224,2096535
0.224,2095528
0.224,2095528
0.224,2084568
0.225,2084568
0.225,2080376
0.226,2055298
0.228,2055298
0.228,2054702
0.236,2039181
0.237,2039181
0.238,2039181
0.243,2031265
0.244,2031265
0.244,2031138
0.246,2031096
0.248,2030361
0.249,2030116
0.251,2011067
0.252,2011067
0.252,2007921
0.253,2007921
0.253,2007921
0.254,2007921
0.254,2007921
0.256,2007921
0.256,1999630
0.258,1999600
0.26,1999600
0.261,1999600
0.263,1999600
0.263,1998328
0.263,1994386
0.267,1986387
0.27,1970444
0.27,1970444
0.27,1969806
0.271,1969806
0.271,1968827
0.273,1968827
0.276,1968827
0.277,1921728
0.278,1921728
0.28,1907491
0.281,1907491
0.281,1907491
0.281,1907491
0.283,1907491
0.285,1907491
0.292,1907491
0.293,1907491
0.293,1907491
0.295,1896644
0.298,1896644
0.301,1896644
0.301,1896644
0.304,1896644
0.305,1896644
0.307,1896644
0.307,1896347
0.311,1896347
0.314,1896347
0.315,1893013
0.322,1893013
0.324,1892630
0.324,1892630
0.324,1892630
0.325,1892630
0.329,1892277
0.329,1891684
0.33,1887999
0.33,1867869
0.334,1867869
0.335,1867869
0.335,1867869
0.336,1867869
0.338,1867869
0.341,1854717
0.342,1854068
0.342,1838627
0.345,1838627
0.345,1834365
0.345,1830091
0.347,1830091
0.35,1830091
0.35,1808563
0.351,1797156
0.353,1787073
0.355,1787073
0.356,1786616
0.36,1786616
0.36,1786206
0.361,1786206
0.365,1786206
0.365,1786164
0.366,1786164
0.366,1786164
0.366,1786164
0.369,1786164
0.37,1786164
0.37,1786164
0.371,1786164
0.372,1772564
0.375,1772564
0.376,1769476
0.378,1769476
0.38,1769476
0.385,1769197
0.389,1769197
0.391,1761836
0.395,1761836
0.396,1757450
0.398,1757450
0.399,1743934
0.4,1743934
0.402,1740857
0.402,1738989
0.406,1738989
0.408,1738989
0.413,1738989
0.419,1738989
0.419,1738989
0.423,1738989
0.424,1737319
0.426,1736150
0.427,1736150
0.427,1736150
0.427,1736150
0.429,1736150
0.43,1735901
0.431,1735901
0.433,1710182
0.435,1710182
0.439,1700972
0.442,1700972
0.442,1700972
0.443,1700972
0.445,1700972
0.445,1698908
0.447,1698908
0.447,1696891
0.449,1696891
0.45,1696891
0.457,1689470
0.46,1666033
0.463,1666033
0.465,1664453
0.468,1664453
0.469,1664058
0.47,1664058
0.472,1628606
0.475,1628606
0.476,1619746
0.478,1619746
0.482,1619746
0.483,1619746
0.484,1619746
0.491,1619746
0.492,1619746
0.492,1619746
0.497,1619746
0.497,1619746
0.499,1619746
0.502,1619716
0.503,1615835
0.508,1615835
0.509,1615342
0.51,1615342
0.512,1568342
0.514,1568342
0.515,1568342
0.517,1568342
0.518,1549895
0.518,1549751
0.52,1549751
0.525,1549751
0.527,1549751
0.528,1549751
0.529,1549751
0.529,1549751
0.532,1549751
0.533,1549751
0.536,1549751
0.536,1549610
0.537,1549290
0.539,1549290
0.541,1549290
0.546,1549290
0.55,1549290
0.55,1549290
0.555,1549290
0.556,1549290
0.559,1549290
0.56,1549290
0.562,1549290
0.562,1545576
0.562,1543719
0.563,1543719
0.563,1543719
0.566,1543719
0.567,1542538
0.568,1542538
0.568,1540017
0.569,1540017
0.569,1540017
0.575,1540017
0.575,1540017
0.579,1540017
0.591,1540017
0.591,1540017
0.598,1540017
0.6,1540017
0.604,1540017
0.605,1540017
0.607,1540017
0.611,1540017
0.612,1540017
0.612,1540017
0.612,1540017
0.613,1540017
0.617,1535806
0.621,1535141
0.623,1535141
0.625,1535141
0.627,1535141
0.627,1535141
0.63,1535141
0.63,1535141
0.632,1531017
0.633,1531017
0.635,1531017
0.637,1531017
0.637,1531017
0.638,1531017
0.64,1531017
0.642,1531017
0.644,1531017
0.644,1531017
0.644,1531017
0.644,1531017
0.645,1531017
0.647,1531017
0.649,1531017
0.649,1531017
0.65,1531017
0.65,1531017
0.653,1531017
0.655,1531017
0.656,1531017
0.658,1531017
0.662,1531017
0.664,1531017
0.666,1519688
0.667,1519688
0.672,1519688
0.673,1519688
0.674,1519688
0.679,1519688
0.683,1517713
0.684,1517713
0.685,1517713
0.691,1517713
0.692,1517713
0.694,1517713
0.694,1517713
0.698,1517713
0.701,1513939
0.703,1512538
0.705,1512538
0.711,1512538
0.713,1512538
0.714,1512538
0.715,1512538
0.716,1511437
0.718,1511437
0.719,1511437
0.72,1511437
0.723,1511437
0.728,1511437
0.728,1511437
0.732,1511437
0.733,1511437
0.741,1511437
0.743,1509728
0.743,1509728
0.746,1509728
0.75,1509728
0.752,1509728
0.752,1484813
0.754,1484813
0.757,1484813
0.76,1484813
0.762,1484813
0.763,1484813
0.765,1484813
0.767,1484813
0.768,1484813
0.77,1484813
0.775,1484813
0.775,1484813
0.776,1484813
0.78,1484813
0.781,1484813
0.785,1484599
0.786,1484599
0.786,1484599
0.79,1484599
0.792,1484599
0.793,1484599
0.793,1484599
0.794,1484599
0.801,1484599
0.802,1484599
0.803,1484599
0.804,1484599
0.806,1484599
0.806,1484599
0.809,1484599
0.811,1484599
0.811,1484599
0.813,1484599
0.819,1484599
0.821,1484599
0.824,1484599
0.824,1484599
0.827,1484599
0.831,1484599
0.833,1484599
0.834,1484599
0.834,1484599
0.837,1484599
0.838,1484599
0.847,1484599
0.847,1484599
0.849,1484599
0.85,1484599
0.851,1483970
0.852,1483970
0.852,1483970
0.853,1483970
0.858,1483970
0.858,1483970
0.859,1483970
0.862,1483916
0.863,1483916
0.863,1483847
0.868,1483847
0.869,1459218
0.876,1459218
0.878,1459218
0.88,1459218
0.881,1459218
0.888,1459218
0.888,1459218
0.89,1459218
0.892,1459218
0.893,1459218
0.899,1459218
0.904,1459218
0.904,1459218
0.907,1447186
0.913,1447186
0.92,1447186
0.921,1447186
0.921,1447186
0.923,1443387
0.927,1443387
0.93,1443387
0.932,1443387
0.934,1443387
0.935,1443387
0.935,1443387
0.936,1443387
0.938,1441290
0.942,1441290
0.943,1435349
0.944,1435349
0.945,1435349
0.946,1435194
0.948,1435194
0.95,1435194
0.953,1435194
0.954,1435194
0.954,1435194
0.956,1435194
0.958,1435194
0.958,1435194
0.962,1435194
0.964,1435106
0.964,1435106
0.967,1435106
0.969,1435106
0.975,1435106
0.975,1435106
0.982,1435106
0.984,1435106
0.984,1431867
0.985,1431867
0.985,1431867
0.985,1431867
0.987,1431867
0.993,1431867
0.996,1431867
0.996,1431867
0.997,1431867
1,1413775
1,1413775
1.002,1413775
1.003,1412434
1.005,1412434
1.012,1412434
1.016,1412434
1.019,1412434
1.02,1412434
1.021,1412434
1.022,1412434
1.024,1412434
1.025,1412434
1.026,1412434
1.026,1412434
1.027,1412434
1.031,1412434
1.033,1412434
1.034,1412434
1.035,1412434
1.045,1412434
1.049,1412434
1.049,1412434
1.05,1409997
1.051,1409997
1.052,1409997
1.053,1409997
1.056,1409997
1.059,1409997
1.06,1409997
1.062,1409997
1.066,1409917
1.068,1409917
1.074,1406218
1.077,1406218
1.077,1406218
1.079,1406218
1.081,1406218
1.086,1406218
1.087,1406218
1.087,1406218
1.087,1406218
1.092,1406218
1.095,1406218
1.1,1406218
1.101,1406218
1.109,1406218
1.11,1406218
1.11,1406218
1.112,1406218
1.118,1406218
1.12,1406218
1.127,1406218
1.127,1406218
1.129,1406218
1.13,1406218
1.139,1406218
1.142,1406218
1.144,1406218
1.144,1406218
1.146,1406218
1.152,1406218
1.153,1406218
1.153,1406218
1.153,1406218
1.154,1406218
1.154,1406218
1.157,1406218
1.16,1406218
1.161,1404252
1.166,1404252
1.168,1403482
1.168,1403482
1.172,1403482
1.173,1403482
1.174,1403482
1.176,1403482
1.177,1403482
1.187,1403482
1.187,1403482
1.189,1403482
1.189,1403482
1.189,1403482
1.196,1403482
1.198,1403482
1.199,1403482
1.201,1403482
1.201,1403482
1.204,1403482
1.204,1403482
1.209,1403482
1.21,1403482
1.212,1403482
1.22,1403482
1.221,1403482
1.221,1403482
1.236,1403482
1.237,1403482
1.238,1403482
1.243,1403482
1.244,1403482
1.245,1403482
1.25,1403482
1.25,1403482
1.258,1403482
1.258,1403482
1.258,1403482
1.264,1403482
1.267,1403482
1.269,1403482
1.272,1403482
1.277,1403482
1.278,1403482
1.278,1403482
1.28,1403482
1.281,1399264
1.281,1399264
1.282,1399264
1.283,1399264
1.284,1399264
1.286,1399264
1.288,1399264
1.289,1399264
1.289,1399264
1.291,1399264
1.291,1398628
1.292,1398628
1.294,1398628
1.295,1398628
1.297,1398628
1.298,1398628
1.302,1398628
1.302,1398337
1.306,1398337
1.309,1398337
1.31,1398337
1.312,1398337
1.315,1398337
1.317,1398337
1.317,1398337
1.321,1398337
1.323,1398337
1.323,1398337
1.323,1398337
1.324,1398337
1.327,1394238
1.335,1394238
1.337,1394238
1.338,1394238
1.339,1394238
1.345,1394238
1.348,1394238
1.348,1394238
1.35,1393927
1.35,1393726
1.351,1393726
1.352,1393726
1.353,1393726
1.355,1393726
1.355,1393726
1.357,1393726
1.358,1393726
1.358,1393726
1.358,1393726
1.359,1391654
1.36,1391654
1.361,1391654
1.362,1391654
1.363,1391654
1.368,1391654
1.368,1391654
1.371,1391654
1.372,1355975
1.374,1355975
1.375,1355975
1.377,1355975
1.381,1355975
1.383,1355975
1.385,1355975
1.386,1355975
1.388,1355975
1.389,1355975
1.394,1355975
1.394,1355975
1.394,1355647
1.395,1355647
1.399,1355647
1.401,1355647
1.403,1355647
1.409,1355647
1.409,1355647
1.411,1355647
1.412,1295899
1.412,1295899
1.413,1295595
1.416,1295595
1.417,1295595
1.423,1295595
1.427,1295595
1.43,1295595
1.43,1295595
1.433,1295595
1.438,1295595
1.44,1295595
1.447,1295595
1.45,1295595
1.452,1295595
1.453,1295595
1.453,1295595
1.453,1295595
1.464,1295595
1.464,1295595
1.465,1295595
1.466,1295595
1.467,1295595
1.468,1295595
1.468,1295595
1.469,1295595
1.472,1295595
1.473,1295595
1.477,1295595
1.478,1295595
1.478,1295595
1.478,1295595
1.48,1295595
1.484,1295595
1.487,1295595
1.493,1295595
1.494,1295595
1.495,1295595
1.497,1295595
1.499,1295595
1.5,1295595
1.501,1295595
1.502,1295595
1.505,1295595
1.505,1295595
1.509,1295595
1.511,1295595
1.519,1295595
1.52,1295595
1.528,1295595
1.531,1295595
1.533,1294494
1.533,1294494
1.534,1294494
1.536,1294494
1.537,1294494
1.541,1294494
1.552,1294494
1.555,1294494
1.562,1294494
1.564,1294494
1.565,1294494
1.569,1294494
1.57,1294494
1.57,1294494
1.571,1294494
1.577,1294494
1.581,1294494
1.584,1294494
1.594,1294494
1.601,1294494
1.604,1294494
1.605,1294494
1.607,1294494
1.607,1294494
1.607,1294494
1.608,1294494
1.611,1294494
1.613,1294494
1.613,1294494
1.614,1294494
1.617,1294494
1.621,1294494
1.622,1294494
1.626,1294494
1.626,1294494
1.628,1294089
1.628,1294089
1.632,1294089
1.632,1294089
1.633,1294089
1.638,1294089
1.641,1294089
1.643,1294089
1.644,1294089
1.644,1294089
1.647,1294089
1.648,1294089
1.649,1294089
1.65,1294089
1.656,1294089
1.656,1294089
1.658,1294089
1.662,1294089
1.665,1294089
1.666,1294089
1.666,1294089
1.667,1294089
1.67,1294089
1.67,1294089
1.674,1294089
1.677,1294089
1.678,1294089
1.679,1294089
1.68,1294089
1.685,1294089
1.686,1294089
1.687,1294089
1.691,1294089
1.692,1294089
1.696,1294089
1.696,1294089
1.696,1294089
1.696,1294089
1.698,1294089
1.698,1294089
1.699,1294089
1.701,1294089
1.703,1294089
1.706,1294089
1.706,1294089
1.71,1294089
1.714,1294089
1.719,1294089
1.723,1294089
1.723,1294089
1.725,1294089
1.727,1294089
1.728,1294089
1.732,1294089
1.736,1294089
1.739,1294089
1.739,1294089
1.741,1294089
1.741,1294089
1.746,1294089
1.747,1294089
1.75,1294089
1.756,1294089
1.76,1294089
1.761,1294089
1.762,1294089
1.763,1294089
1.764,1294089
1.764,1294089
1.764,1294089
1.765,1294089
1.765,1293883
1.766,1293883
1.772,1293883
1.778,1293883
1.778,1293883
1.778,1293883
1.778,1293883
1.782,1293883
1.787,1293883
1.787,1293883
1.792,1293883
1.795,1293883
1.797,1293883
1.802,1293883
1.802,1293883
1.804,1293883
1.806,1293883
1.811,1293883
1.812,1293883
1.816,1293883
1.819,1293883
1.823,1293883
1.827,1293883
1.828,1293883
1.829,1293883
1.829,1280356
1.83,1280356
1.831,1280356
1.831,1280356
1.833,1280356
1.834,1272161
1.834,1272161
1.838,1272161
1.841,1272161
1.841,1272161
1.848,1272161
1.851,1272161
1.853,1272161
1.859,1272161
1.862,1272161
1.862,1272161
1.866,1272161
1.867,1272161
1.867,1272161
1.868,1272161
1.874,1272161
1.874,1272161
1.878,1272161
1.883,1272161
1.885,1272161
1.894,1272161
1.903,1272161
1.909,1272161
1.912,1272161
1.913,1272161
1.917,1272161
1.917,1272161
1.919,1272161
1.922,1272161
1.928,1272161
1.929,1272161
1.929,1272161
1.934,1272161
1.935,1272161
1.947,1272161
1.95,1272161
1.951,1272161
1.953,1272161
1.953,1272161
1.955,1272161
1.956,1272161
1.96,1272161
1.96,1272161
1.961,1272161
1.961,1272161
1.967,1272161
1.971,1272161
1.973,1272161
1.974,1272161
1.976,1272161
1.977,1272161
1.982,1272161
1.983,1272161
1.983,1272161
1.988,1272161
1.991,1272161
1.996,1272161
2.005,1272161
2.005,1272161
2.009,1272161
2.013,1272161
2.013,1272161
2.016,1272161
2.021,1272161
2.031,1272161
2.032,1272161
2.032,1272161
2.033,1272161
2.035,1272161
2.039,1272161
2.04,1272161
2.041,1272161
2.042,1272161
2.042,1272161
2.043,1272161
2.045,1272161
2.048,1272161
2.05,1272161
2.05,1272161
2.05,1272161
2.054,1272161
2.06,1272161
2.061,1272161
2.062,1272161
2.063,1272161
2.064,1272161
2.066,1272161
2.075,1272161
2.076,1272161
2.081,1272161
2.082,1272161
2.084,1272161
2.088,1272161
2.088,1272161
2.089,1272161
2.089,1272161
2.089,1272161
2.089,1272161
2.09,1272161
2.091,1272161
2.093,1272161
2.095,1272161
2.095,1272161
2.097,1272161
2.101,1272161
2.102,1272161
2.103,1272161
2.104,1272161
2.112,1272161
2.114,1272161
2.12,1272161
2.12,1272161
2.121,1272161
2.122,1272161
2.124,1272161
2.127,1272161
2.127,1272161
2.128,1272161
2.128,1272161
2.13,1272161
2.13,1272161
2.133,1271561
2.135,1271561
2.142,1271561
2.143,1271561
2.144,1271561
2.144,1271561
2.145,1271561
2.149,1271561
2.15,1271561
2.151,1271561
2.154,1271561
2.154,1271561
2.159,1271561
2.167,1271561
2.167,1271561
2.171,1271561
2.172,1271561
2.172,1271561
2.181,1271561
2.195,1271561
2.195,1271561
2.196,1271561
2.205,1271561
2.207,1271561
2.208,1271561
2.214,1271561
2.22,1271561
2.221,1271561
2.222,1271561
2.226,1271561
2.23,1271561
2.23,1271561
2.232,1271561
2.233,1271561
2.235,1271561
2.237,1271561
2.245,1271561
2.245,1271561
2.249,1271561
2.251,1271561
2.252,1271561
2.256,1271561
2.26,1271561
2.266,1271561
2.267,1271561
2.267,1271561
2.27,1271561
2.272,1271561
2.274,1271561
2.274,1271561
2.276,1271561
2.276,1271561
2.278,1271561
2.278,1271561
2.279,1271561
2.28,1271561
2.286,1271561
2.287,1271561
2.289,1271561
2.292,1271561
2.294,1271561
2.295,1271154
2.298,1271154
2.3,1271154
2.304,1271154
2.308,1271154
2.308,1271154
2.309,1271154
2.314,1271154
2.319,1271154
2.32,1271154
2.322,1271154
2.326,1271154
2.326,1271154
2.329,1271154
2.333,1271154
2.335,1271154
2.338,1271154
2.338,1271154
2.342,1271154
2.342,1271154
2.353,1271154
2.355,1271154
2.356,1271154
2.357,1271154
2.358,1271154
2.363,1271154
2.368,1271154
2.368,1271154
2.37,1271154
2.371,1271154
2.371,1265865
2.372,1265865
2.373,1265865
2.374,1265865
2.378,1265865
2.38,1265865
2.38,1265865
2.382,1265865
2.383,1265865
2.385,1265865
2.391,1265865
2.395,1265865
2.399,1265865
2.401,1265865
2.402,1265865
2.41,1265865
2.412,1265865
2.413,1265865
2.414,1265865
2.417,1265865
2.419,1265865
2.421,1265865
2.422,1265865
2.424,1265865
2.428,1265865
2.429,1265865
2.431,1265865
2.431,1265865
2.434,1265865
2.434,1265865
2.437,1265865
2.438,1265865
2.439,1265865
2.44,1265865
2.441,1265865
2.451,1265865
2.451,1265865
2.451,1265865
2.452,1265865
2.452,1265865
2.453,1265865
2.459,1265865
2.464,1265865
2.464,1265865
2.465,1265865
2.468,1265865
2.471,1265865
2.472,1265865
2.472,1265865
2.475,1265865
2.476,1265865
2.479,1265865
2.48,1265865
2.482,1265865
2.486,1265865
2.487,1265865
2.491,1265865
2.491,1265865
2.501,1265865
2.502,1265865
2.506,1265865
2.507,1265865
2.508,1265865
2.51,1265865
2.51,1265865
2.512,1265865
2.515,1229178
2.518,1229178
2.523,1229178
2.527,1229178
2.528,1229178
2.529,1229178
2.533,1229178
2.537,1229178
2.537,1229178
2.538,1229178
2.544,1229178
2.546,1229178
2.555,1229178
2.555,1229178
2.559,1229178
2.56,1229178
2.567,1229178
2.568,1229178
2.57,1229178
2.571,1229178
2.573,1229178
2.577,1229178
2.578,1229178
2.579,1229178
2.58,1229178
2.59,1229178
2.59,1229178
2.59,1229178
2.598,1229178
2.599,1229178
2.604,1229178
2.606,1229178
2.608,1229178
2.609,1229178
2.624,1229178
2.626,1229178
2.626,1229178
2.629,1229178
2.641,1229178
2.641,1229178
2.644,1229178
2.644,1229178
2.646,1229178
2.647,1229178
2.651,1229178
2.655,1229178
2.658,1229178
2.661,1229178
2.663,1229178
2.672,1229178
2.714,1229178
2.717,1229178
2.719,1229178
2.721,1229178
2.721,1229178
2.726,1229178
2.728,1229178
2.729,1229178
2.73,1229178
2.735,1229178
2.739,1229178
2.742,1229178
2.744,1229178
2.745,1229178
2.746,1229178
2.748,1229178
2.754,1229178
2.755,1229178
2.755,1229178
2.755,1229178
2.758,1229178
2.759,1229178
2.761,1229178
2.762,1229178
2.764,1229178
2.765,1229178
2.768,1229178
2.774,1229178
2.775,1229178
2.776,1229178
2.778,1229178
2.778,1229178
2.786,1229178
2.787,1229178
2.788,1229178
2.791,1229178
2.792,1229178
2.8,1229178
2.802,1229178
2.804,1229178
2.804,1229178
2.805,1229178
2.806,1229178
2.809,1229178
2.813,1229178
2.815,1229178
2.826,1229178
2.827,1229178
2.827,1229178
2.827,1229178
2.828,1229178
2.832,1229178
2.833,1229178
2.833,1229178
2.834,1229178
2.838,1229178
2.842,1229178
2.843,1229178
2.844,1229178
2.847,1229178
2.847,1229178
2.848,1229178
2.849,1229178
2.858,1229178
2.861,1229178
2.864,1229178
2.867,1229178
2.873,1229178
2.874,1229178
2.874,1229178
2.881,1229178
2.883,1229178
2.885,1229178
2.886,1229178
2.891,1229178
2.892,1229178
2.893,1229178
2.893,1229178
2.9,1229178
2.901,1229178
2.901,1229178
2.902,1229178
2.904,1229178
2.907,1229178
2.911,1229178
2.913,1229178
2.914,1229178
2.914,1229178
2.914,1229178
2.917,1229178
2.917,1229178
2.918,1229178
2.92,1229178
2.923,1229178
2.929,1229178
2.929,1229178
2.938,1229178
2.943,1229178
2.945,1229178
2.946,1229178
2.949,1229178
2.955,1229178
2.956,1229178
2.956,1229178
2.96,1229178
2.962,1229178
2.972,1229178
2.973,1229178
2.977,1228370
2.987,1228370
2.99,1228370
2.992,1228370
2.993,1228370
2.996,1228370
3,1228370
3.004,1228370
3.005,1228370
3.006,1228370
3.006,1228370
3.007,1228370
3.008,1228370
3.012,1228370
3.012,1228370
3.013,1228370
3.017,1228370
3.023,1228370
3.025,1228370
3.027,1228370
3.027,1228370
3.031,1228370
3.035,1228370
3.035,1228370
3.036,1228370
3.036,1228370
3.04,1228370
3.041,1228370
3.056,1228370
3.061,1228370
3.066,1228370
3.068,1228370
3.073,1228370
3.078,1228370
3.078,1228370
3.08,1228370
3.08,1228370
3.082,1228370
3.083,1228370
3.084,1228370
3.084,1228370
3.103,1228370
3.106,1228370
3.107,1228370
3.109,1228370
3.109,1228370
3.117,1228370
3.118,1228370
3.119,1228370
3.122,1228370
3.123,1228370
3.124,1228370
3.132,1228370
3.14,1228370
3.14,1228370
3.141,1228370
3.142,1228370
3.146,1228370
3.147,1228370
3.149,1228370
3.153,1228370
3.16,1228370
3.162,1228370
3.163,1228370
3.165,1228370
3.167,1228370
3.168,1228370
3.168,1228370
3.17,1228370
3.172,1228370
3.174,1228370
3.177,1228370
3.18,1228370
3.183,1228370
3.185,1228370
3.186,1228370
3.186,1228370
3.188,1228370
3.191,1228370
3.2,1228370
3.202,1228370
3.205,1228370
3.205,1228370
3.214,1228370
3.217,1228370
3.219,1228370
3.219,1228370
3.22,1228370
3.222,1228370
3.224,1228370
3.224,1228370
3.227,1228370
3.229,1228370
3.23,1228370
3.23,1228370
3.23,1228370
3.231,1228370
3.237,1228370
3.238,1228370
3.239,1228370
3.242,1228370
3.242,1228370
3.243,1228370
3.245,1228370
3.249,1228370
3.25,1228370
3.252,1228370
3.256,1228370
3.257,1228370
3.257,1228370
3.258,1228370
3.259,1228370
3.259,1228370
3.26,1228370
3.263,1228370
3.263,1228370
3.263,1228370
3.264,1228370
3.266,1228370
3.269,1228370
3.271,1228370
3.274,1228370
3.275,1228370
3.275,1228370
3.276,1228370
3.281,1228370
3.284,1228370
3.286,1228370
3.289,1228370
3.29,1228370
3.291,1228370
3.291,1228370
3.292,1228370
3.292,1228370
3.294,1228370
3.296,1228370
3.299,1228370
3.3,1228370
3.301,1228370
3.301,1228370
3.303,1228370
3.304,1228370
3.304,1228370
3.306,1228370
3.308,1228370
3.309,1228370
3.309,1228370
3.312,1228370
3.312,1228370
3.312,1228370
3.315,1228370
3.315,1228370
3.316,1228370
3.319,1228370
3.322,1228370
3.322,1228370
3.324,1228370
3.325,1228370
3.327,1228370
3.329,1228370
3.331,1228370
3.332,1228370
3.335,1228370
3.335,1228370
3.337,1228370
3.338,1228370
3.339,1228370
3.342,1228370
3.345,1228370
3.346,1228370
3.347,1228370
3.347,1228370
3.347,1228370
3.348,1228370
3.349,1228370
3.352,1228370
3.358,1228370
3.359,1228370
3.359,1228370
3.359,1228370
3.361,1228370
3.362,1228370
3.368,1228370
3.371,1228370
3.372,1228370
3.373,1228370
3.374,1228370
3.381,1228370
3.385,1228370
3.386,1228370
3.388,1228370
3.392,1228370
3.393,1228370
3.394,1228370
3.398,1228370
3.403,1228370
3.409,1228370
3.412,1228370
3.417,1228370
3.418,1228370
3.419,1228370
3.42,1228370
3.423,1228370
3.429,1228370
3.433,1228370
3.435,1228370
3.438,1228370
3.439,1228370
3.441,1228370
3.443,1228370
3.447,1228370
3.451,1228370
3.453,1228370
3.456,1228370
3.456,1228370
3.457,1228370
3.463,1228370
3.475,1228370
3.475,1228370
3.477,1228370
3.48,1228370
3.48,1228370
3.482,1228370
3.484,1228370
3.486,1228370
3.492,1228370
3.495,1228370
3.497,1228370
3.498,1228370
3.499,1228370
3.506,1228370
3.506,1228370
3.507,1228370
3.509,1228370
3.51,1228370
3.511,1228370
3.512,1228370
3.515,1228370
3.515,1228370
3.518,1228370
3.521,1228370
3.524,1228370
3.525,1228370
3.528,1228370
3.528,1228370
3.534,1228370
3.536,1228370
3.539,1228370
3.542,1228370
3.543,1228370
3.543,1228370
3.547,1228370
3.549,1228370
3.554,1228370
3.555,1228370
3.56,1228370
3.561,1228370
3.562,1228370
3.563,1228370
3.563,1228370
3.564,1228370
3.564,1228370
3.566,1228370
3.567,1228370
3.568,1228370
3.568,1228370
3.575,1228370
3.576,1228370
3.576,1228370
3.581,1228370
3.582,1228370
3.583,1228370
3.584,1228370
3.585,1228370
3.586,1228370
3.586,1228370
3.593,1228370
3.594,1228370
3.597,1228370
3.597,1228370
3.6,1228370
3.603,1228370
3.604,1228370
3.605,1228370
3.606,1228370
3.607,1228370
3.607,1228370
3.607,1228370
3.607,1228370
3.609,1228370
3.62,1228370
3.622,1228370
3.628,1228370
3.63,1228370
3.634,1228370
3.634,1228370
3.634,1228370
3.636,1228370
3.636,1228370
3.636,1228370
3.637,1228370
3.639,1228370
3.639,1228370
3.643,1228370
3.644,1228370
3.645,1228370
3.645,1228370
3.65,1228370
3.65,1228370
3.652,1228370
3.652,1228370
3.653,1228370
3.656,1228370
3.657,1228370
3.659,1228370
3.659,1228370
3.659,1228370
3.66,1228370
3.662,1228370
3.667,1228370
3.667,1228370
3.671,1228370
3.675,1228370
3.677,1228370
3.678,1228370
3.678,1228370
3.682,1228370
3.684,1228370
3.686,1228370
3.687,1228370
3.69,1228370
3.694,1228370
3.696,1228370
3.699,1228370
3.711,1228370
3.721,1228370
3.728,1228370
3.728,1228370
3.73,1228370
3.733,1228370
3.736,1228370
3.736,1228370
3.737,1228370
3.74,1228370
3.745,1228370
3.745,1228370
3.746,1228370
3.758,1228370
3.761,1228370
3.764,1228370
3.765,1228370
3.767,1228370
3.768,1228370
3.773,1228370
3.777,1228370
3.778,1228370
3.781,1228370
3.782,1228370
3.788,1228370
3.794,1228370
3.795,1228370
3.795,1228370
3.796,1228370
3.798,1228370
3.799,1228370
3.799,1228370
3.803,1228370
3.804,1228370
3.808,1228370
3.81,1228370
3.81,1228370
3.81,1228370
3.813,1228370
3.814,1228370
3.818,1228370
3.828,1228370
3.83,1228370
3.83,1228370
3.83,1228370
3.833,1228370
3.835,1228370
3.837,1228370
3.839,1228370
3.841,1228370
3.841,1228370
3.841,1228370
3.842,1228370
3.844,1228370
3.849,1228370
3.854,1228370
3.857,1228370
3.857,1228370
3.857,1228370
3.86,1228370
3.86,1228370
3.86,1228370
3.863,1228370
3.865,1228370
3.865,1228370
3.865,1228370
3.872,1228370
3.875,1228370
3.882,1228370
3.883,1228370
3.885,1228370
3.887,1228370
3.887,1228370
3.888,1228370
3.889,1228370
3.899,1228370
3.902,1228370
3.904,1228370
3.904,1228370
3.906,1228370
3.907,1228370
3.914,1228370
3.92,1228370
3.92,1228370
3.921,1228370
3.921,1228370
3.923,1228370
3.924,1228370
3.932,1228370
3.933,1228370
3.933,1228370
3.934,1228370
3.935,1228370
3.936,1228370
3.937,1228370
3.937,1228370
3.938,1228370
3.944,1228370
3.945,1228370
3.945,1228370
3.953,1228370
3.958,1228370
3.961,1228370
3.962,1228370
3.966,1228370
3.966,1228370
3.966,1228370
3.967,1228370
3.968,1228370
3.968,1228370
3.969,1228370
3.972,1228370
3.975,1228370
3.983,1228370
3.987,1228370
3.988,1228370
3.988,1228370
3.99,1228370
3.991,1228370
4.004,1228370
4.004,1228370
4.005,1228370
4.005,1228370
4.007,1228370
4.012,1228370
4.013,1228370
4.014,1228370
4.015,1228370
4.018,1228370
4.019,1228370
4.021,1228370
4.022,1228370
4.023,1228370
4.024,1228370
4.032,1228370
4.032,1228370
4.035,1228370
4.036,1228370
4.036,1228370
4.039,1228370
4.039,1228370
4.042,1228370
4.047,1228370
4.055,1228370
4.055,1228370
4.056,1228370
4.057,1228370
4.058,1228370
4.059,1228370
4.062,1228370
4.062,1228370
4.064,1228370
4.068,1228370
4.069,1228370
4.071,1228370
4.075,1228370
4.077,1228370
4.078,1228370
4.086,1228370
4.086,1228370
4.086,1228370
4.092,1228370
4.092,1228370
4.094,1228370
4.1,1228370
4.104,1228370
4.106,1228370
4.11,1228370
4.112,1228370
4.114,1228370
4.116,1228370
4.118,1228370
4.118,1228370
4.12,1228370
4.123,1228370
4.123,1228370
4.129,1228370
4.131,1228370
4.132,1228370
4.138,1228370
4.138,1228370
4.14,1228370
4.141,1228370
4.148,1228370
4.149,1228370
4.15,1228370
4.152,1228370
4.157,1228370
4.158,1228370
4.161,1228370
4.162,1228370
4.165,1228370
4.165,1228370
4.166,1228370
4.167,1228370
4.168,1228370
4.168,1228370
4.17,1228370
4.171,1228370
4.171,1228370
4.174,1228370
4.176,1228370
4.177,1228370
4.179,1228370
4.179,1228370
4.182,1228370
4.183,1228370
4.187,1228370
4.187,1228370
4.188,1228370
4.19,1228370
4.192,1228370
4.194,1228370
4.194,1228370
4.197,1228370
4.199,1228370
4.2,1228370
4.212,1228370
4.213,1228370
4.216,1228370
4.216,1228370
4.216,1228370
4.218,1228370
4.222,1228370
4.227,1228370
4.228,1228370
4.228,1228370
4.23,1228370
4.232,1228370
4.232,1228370
4.236,1228370
4.241,1228370
4.241,1228370
4.246,1228370
4.246,1228370
4.249,1228370
4.249,1228370
4.257,1228370
4.257,1228370
4.259,1228370
4.259,1228370
4.261,1228370
4.265,1228370
4.267,1228370
4.267,1228370
4.273,1228370
4.277,1228370
4.277,1228370
4.279,1228370
4.284,1228370
4.295,1228370
4.301,1228370
4.307,1228370
4.308,1228370
4.312,1228370
4.313,1228370
4.317,1228370
4.318,1228370
4.32,1228370
4.32,1228370
4.321,1228370
4.323,1228370
4.325,1228370
4.327,1228370
4.33,1228370
4.336,1228370
4.342,1228370
4.345,1228370
4.35,1228370
4.356,1228370
4.362,1228370
4.363,1228370
4.364,1228370
4.37,1228370
4.37,1228370
4.371,1228370
4.373,1228370
4.376,1228370
4.382,1228370
4.386,1228370
4.386,1228370
4.387,1228370
4.391,1228370
4.396,1228370
4.398,1228370
4.399,1228370
4.4,1228370
4.4,1228370
4.402,1228370
4.402,1228370
4.407,1228370
4.407,1228370
4.414,1228370
4.415,1228370
4.415,1228370
4.421,1228370
4.424,1228370
4.424,1228370
4.425,1228370
4.425,1228370
4.425,1228370
4.429,1228370
4.429,1228370
4.429,1228370
4.429,1228370
4.43,1228370
4.435,1228370
4.436,1228370
4.436,1228370
4.44,1228370
4.441,1228370
4.443,1228370
4.447,1228370
4.448,1228370
4.449,1228370
4.45,1228370
4.452,1228370
4.455,1228370
4.46,1228370
4.461,1228370
4.466,1228370
4.471,1228370
4.472,1228370
4.474,1228370
4.475,1228370
4.481,1228370
4.481,1228370
4.485,1228370
4.485,1228370
4.486,1228370
4.486,1228370
4.488,1228370
4.49,1228370
4.492,1228370
4.492,1228370
4.495,1228370
4.495,1228370
4.497,1228370
4.499,1228370
4.499,1228370
4.501,1228370
4.506,1228370
4.506,1228370
4.507,1228370
4.508,1228370
4.509,1228370
4.51,1228370
4.511,1228370
4.513,1228370
4.515,1228370
4.516,1228370
4.52,1228370
4.525,1228370
4.526,1228370
4.528,1228370
4.528,1228370
4.531,1228370
4.533,1228370
4.534,1228370
4.535,1228370
4.536,1228370
4.536,1228370
4.542,1228370
4.545,1228370
4.547,1228370
4.555,1228370
4.559,1228370
4.561,1228370
4.562,1228370
4.565,1228370
4.566,1228370
4.567,1228370
4.568,1228370
4.568,1228370
4.572,1228370
4.573,1228370
4.58,1228370
4.582,1228370
4.586,1228370
4.588,1228370
4.59,1228370
4.59,1228370
4.592,1228370
4.601,1228370
4.603,1228370
4.606,1228370
4.607,1228370
4.607,1228370
4.61,1228370
4.613,1228370
4.615,1228370
4.617,1228370
4.62,1228370
4.62,1228370
4.622,1228370
4.628,1228370
4.633,1228370
4.638,1228370
4.638,1228370
4.643,1228370
4.644,1228370
4.648,1228370
4.649,1228370
4.651,1228370
4.653,1228370
4.653,1228370
4.654,1228370
4.654,1228370
4.655,1228370
4.656,1228370
4.656,1228370
4.657,1228370
4.658,1228370
4.665,1228370
4.668,1228370
4.67,1228370
4.672,1228370
4.677,1228370
4.678,1228370
4.679,1228370
4.68,1228370
4.68,1228370
4.688,1228370
4.691,1228370
4.697,1228370
4.7,1228370
4.702,1228370
4.703,1228370
4.706,1228370
4.707,1228370
4.708,1228370
4.711,1228370
4.714,1228370
4.714,1228370
4.719,1228370
4.72,1228370
4.722,1228370
4.725,1228370
4.728,1228370
4.733,1228370
4.733,1228370
4.734,1228370
4.737,1228370
4.737,1228370
4.74,1228370
4.744,1228370
4.745,1228370
4.756,1228370
4.757,1228370
4.757,1228370
4.765,1228370
4.766,1228370
4.769,1228370
4.779,1228370
4.78,1228370
4.782,1228370
4.793,1228370
4.794,1228370
4.795,1228370
4.798,1228370
4.801,1228370
4.801,1228370
4.801,1228370
4.804,1228370
4.805,1228370
4.807,1228370
4.807,1228370
4.809,1228370
4.809,1228370
4.817,1228370
4.821,1228370
4.825,1228370
4.827,1228370
4.83,1228370
4.831,1228370
4.831,1228370
4.834,1228370
4.836,1228370
4.837,1228370
4.84,1228370
4.84,1228370
4.842,1228370
4.842,1228370
4.849,1228370
4.85,1228370
4.853,1228370
4.855,1228370
4.857,1228370
4.859,1228370
4.861,1228370
4.861,1228370
4.862,1228370
4.863,1228370
4.864,1228370
4.869,1228370
4.869,1228370
4.872,1228370
4.873,1228370
4.874,1228370
4.878,1228370
4.881,1228370
4.882,1228370
4.882,1228370
4.883,1228370
4.885,1228370
4.886,1228370
4.886,1228370
4.895,1228370
4.897,1228370
4.897,1228370
4.897,1228370
4.901,1228370
4.905,1228370
4.905,1228370
4.905,1228370
4.907,1228370
4.91,1228370
4.91,1228370
4.912,1228370
4.912,1228370
4.914,1228370
4.916,1228370
4.918,1228370
4.92,1228370
4.922,1228370
4.923,1228370
4.924,1228370
4.924,1228370
4.925,1228370
4.929,1228370
4.933,1228370
4.937,1228370
4.937,1228370
4.937,1228370
4.939,1228370
4.94,1228370
4.942,1228370
4.948,1228370
4.949,1228370
4.954,1228370
4.958,1228370
4.964,1228370
4.968,1228370
4.968,1228370
4.97,1228370
4.972,1228370
4.972,1228370
4.973,1228370
4.977,1228370
4.979,1228370
4.98,1228370
4.98,1228370
4.982,1228370
4.983,1228370
4.985,1228370
4.988,1228370
4.992,1228370
4.995,1228370
5.007,1228370
5.008,1228370
5.01,1228370
5.012,1228370
5.019,1228370
5.023,1228370
5.031,1228370
5.032,1228370
5.033,1228370
5.038,1228370
5.039,1228370
5.039,1228370
5.041,1228370
5.041,1228370
5.043,1228370
5.046,1228370
5.052,1228370
5.053,1228370
5.056,1228370
5.057,1228370
5.061,1228370
5.061,1228370
5.063,1228370
5.068,1228370
5.072,1228370
5.072,1228370
5.074,1228370
5.076,1228370
5.077,1228370
5.087,1228370
5.093,1228370
5.095,1228370
5.096,1228370
5.097,1228370
5.1,1228370
5.103,1228370
5.104,1228370
5.104,1228370
5.109,1228370
5.11,1228370
5.114,1228370
5.116,1228370
5.119,1228370
5.123,1228370
5.124,1228370
5.128,1228370
5.13,1228370
5.13,1228370
5.132,1228370
5.133,1228370
5.133,1228370
5.137,1228370
5.141,1228370
5.151,1228370
5.154,1228370
5.158,1228370
5.167,1228370
5.17,1228370
5.171,1228370
5.171,1228370
5.173,1228370
5.19,1228370
5.202,1228370
5.202,1228370
5.205,1228370
5.212,1228370
5.215,1228370
5.219,1228370
5.221,1228370
5.224,1228370
5.224,1228370
5.227,1228370
5.228,1228370
5.23,1228370
5.23,1228370
5.232,1228370
5.235,1228370
5.24,1228370
5.24,1228370
5.241,1228370
5.242,1228370
5.244,1228370
5.244,1228370
5.244,1228370
5.245,1228370
5.246,1228370
5.246,1228370
5.247,1228370
5.247,1228370
5.247,1228370
5.248,1228370
5.249,1228370
5.25,1228370
5.25,1228370
5.251,1228370
5.253,1228370
5.254,1228370
5.255,1228370
5.258,1228370
5.258,1228370
5.258,1228370
5.262,1228370
5.263,1228370
5.265,1228370
5.267,1228370
5.27,1228370
5.273,1228370
5.276,1228370
5.28,1228370
5.282,1228370
5.289,1228370
5.3,1228370
5.3,1228370
5.303,1228370
5.304,1228370
5.306,1228370
5.307,1228370
5.311,1228370
5.322,1228370
5.323,1228370
5.323,1228370
5.324,1228370
5.324,1228370
5.327,1228370
5.327,1228370
5.332,1228370
5.334,1228370
5.34,1228370
5.342,1228370
5.344,1228370
5.345,1228370
5.348,1228370
5.349,1228370
5.35,1228370
5.351,1228370
5.352,1228370
5.352,1228370
5.353,1228370
5.355,1228370
5.355,1228370
5.359,1228370
5.362,1228370
5.362,1228370
5.375,1228370
5.377,1228370
5.382,1228370
5.383,1228370
5.384,1228370
5.386,1228370
5.387,1228370
5.387,1228370
5.389,1228370
5.389,1228370
5.397,1228370
5.404,1228370
5.405,1228370
5.406,1228370
5.412,1228370
5.42,1228370
5.421,1228370
5.425,1228370
5.429,1228370
5.433,1228370
5.441,1228370
5.442,1228370
5.443,1228370
5.443,1228370
5.444,1228370
5.45,1228370
5.452,1228370
5.452,1228370
5.452,1228370
5.458,1228370
5.468,1228370
5.471,1228370
5.472,1228370
5.473,1228370
5.477,1228370
5.479,1228370
5.483,1228370
5.484,1228370
5.485,1228370
5.488,1228370
5.49,1228370
5.492,1228370
5.494,1228370
5.495,1228370
5.497,1228370
5.5,1228370
5.502,1228370
5.503,1228370
5.504,1228370
5.508,1228370
5.51,1228370
5.516,1228370
5.52,1228370
5.522,1228370
5.522,1228370
5.522,1228370
5.529,1228370
5.534,1228370
5.535,1228370
5.536,1228370
5.544,1228370
5.546,1228370
5.55,1228370
5.554,1228370
5.554,1228370
5.556,1228370
5.557,1228370
5.558,1228370
5.56,1228370
5.56,1228370
5.564,1228370
5.567,1228370
5.569,1228370
5.57,1228370
5.579,1228370
5.583,1228370
5.585,1228370
5.586,1228370
5.59,1228370
5.593,1228370
5.594,1228370
5.595,1228370
5.597,1228370
5.597,1228370
5.604,1228370
5.607,1228370
5.608,1228370
5.612,1228370
5.615,1228370
5.616,1228370
5.621,1228370
5.624,1228370
5.627,1228370
5.63,1228370
5.634,1228370
5.638,1228370
5.64,1228370
5.645,1228370
5.646,1228370
5.647,1228370
5.651,1228370
5.653,1228370
5.658,1228370
5.663,1228370
5.667,1228370
5.668,1228370
5.669,1228370
5.671,1228370
5.676,1228370
5.678,1228370
5.679,1228370
5.68,1228370
5.684,1228370
5.686,1228370
5.687,1228370
5.689,1228370
5.691,1228370
5.693,1228370
5.695,1228370
5.696,1228370
5.705,1228370
5.706,1228370
5.707,1228370
5.715,1228370
5.716,1228370
5.716,1228370
5.72,1228370
5.722,1228370
5.724,1228370
5.728,1228370
5.733,1228370
5.736,1228370
5.739,1228370
5.74,1228370
5.745,1228370
5.747,1228370
5.754,1228370
5.755,1228370
5.757,1228370
5.758,1228370
5.76,1228370
5.762,1228370
5.763,1228370
5.763,1228370
5.766,1228370
5.768,1228370
5.77,1228370
5.77,1228370
5.777,1228370
5.777,1228370
5.778,1228370
5.78,1228370
5.78,1228370
5.782,1228370
5.782,1228370
5.783,1228370
5.783,1228370
5.785,1228370
5.786,1228370
5.791,1228370
5.796,1228370
5.796,1228370
5.798,1228370
5.801,1228370
5.804,1228370
5.805,1228370
5.806,1228370
5.808,1228370
5.809,1228370
5.811,1228370
5.812,1228370
5.813,1228370
5.816,1228370
5.82,1228370
5.821,1228370
5.821,1228370
5.822,1228370
5.831,1228370
5.831,1228370
5.833,1228370
5.833,1228370
5.833,1228370
5.834,1228370
5.835,1228370
5.836,1228370
5.838,1228370
5.84,1228370
5.842,1228370
5.843,1228370
5.847,1228370
5.848,1228370
5.848,1228370
5.849,1228370
5.854,1228370
5.854,1228370
5.855,1228370
5.857,1228370
5.857,1228370
5.86,1228370
5.86,1228370
5.862,1228370
5.865,1228370
5.865,1228370
5.867,1228370
5.872,1228370
5.874,1228370
5.874,1228370
5.875,1228370
5.88,1228370
5.882,1228370
5.882,1228370
5.884,1228370
5.884,1228370
5.885,1228370
5.888,1228370
5.89,1228370
5.893,1228370
5.895,1228370
5.895,1228370
5.896,1228370
5.897,1228370
5.902,1228370
5.902,1228370
5.903,1228370
5.906,1228370
5.91,1228370
5.918,1228370
5.924,1228370
5.924,1228370
5.928,1228370
5.93,1228370
5.933,1228370
5.934,1228370
5.935,1228370
5.94,1228370
5.943,1228370
5.945,1228370
5.949,1228370
5.951,1228370
5.952,1228370
5.954,1228370
5.955,1228370
5.955,1228370
5.955,1228370
5.958,1228370
5.962,1228370
5.964,1228370
5.966,1228370
5.975,1228370
5.977,1228370
5.98,1228370
5.981,1228370
5.983,1228370
5.984,1228370
5.984,1228370
5.986,1228370
5.991,1228370
5.994,1228370
6,1228370
6,1228370
6.004,1228370
6.005,1228370
6.005,1228370
6.007,1228370
6.009,1228370
6.009,1228370
6.009,1228370
6.012,1228370
6.016,1228370
6.016,1228370
6.016,1228370
6.017,1228370
6.019,1228370
6.028,1228370
6.028,1228370
6.03,1228370
6.03,1228370
6.031,1228370
6.032,1228370
6.032,1228370
6.033,1228370
6.033,1228370
6.034,1228370
6.035,1228370
6.036,1228370
6.038,1228370
6.043,1228370
6.054,1228370
6.062,1228370
6.063,1228370
6.064,1228370
6.065,1228370
6.067,1228370
6.067,1228370
6.069,1228370
6.073,1228370
6.073,1228370
6.074,1228370
6.078,1228370
6.081,1228370
6.082,1228370
6.084,1228370
6.084,1228370
6.09,1228370
6.093,1228370
6.1,1228370
6.102,1228370
6.106,1228370
6.107,1228370
6.113,1228370
6.116,1228370
6.12,1228370
6.121,1228370
6.122,1228370
6.122,1228370
6.122,1228370
6.125,1228370
6.126,1228370
6.132,1228370
6.133,1228370
6.135,1228370
6.137,1228370
6.138,1228370
6.142,1228370
6.142,1228370
6.146,1228370
6.147,1228370
6.15,1228370
6.151,1228370
6.155,1228370
6.156,1228370
6.161,1228370
6.168,1228370
6.169,1228370
6.172,1228370
6.174,1228370
6.18,1228370
6.182,1228370
6.186,1228370
6.206,1228370
6.206,1228370
6.207,1228370
6.213,1228370
6.215,1228370
6.228,1228370
6.229,1228370
6.23,1228370
6.23,1228370
6.232,1228370
6.237,1228370
6.24,1228370
6.249,1228370
6.249,1228370
6.252,1228370
6.263,1228370
6.263,1228370
6.265,1228370
6.268,1228370
6.268,1228370
6.271,1228370
6.285,1228370
6.287,1228370
6.287,1228370
6.29,1228370
6.29,1228370
6.296,1228370
6.299,1228370
6.3,1228370
6.304,1228370
6.306,1228370
6.308,1228370
6.311,1228370
6.316,1228370
6.319,1228370
6.321,1228370
6.325,1228370
6.325,1228370
6.327,1228370
6.329,1228370
6.331,1228370
6.332,1228370
6.332,1228370
6.336,1228370
6.338,1228370
6.349,1228370
6.35,1228370
6.351,1228370
6.354,1228370
6.361,1228370
6.37,1228370
6.37,1228370
6.371,1228370
6.372,1228370
6.373,1228370
6.373,1228370
6.379,1228370
6.383,1228370
6.387,1228370
6.388,1228370
6.388,1228370
6.39,1228370
6.393,1228370
6.393,1228370
6.397,1228370
6.399,1228370
6.401,1228370
6.403,1228370
6.406,1228370
6.413,1228370
6.414,1228370
6.416,1228370
6.416,1228370
6.417,1228370
6.418,1228370
6.419,1228370
6.428,1228370
6.43,1228370
6.432,1228370
6.435,1228370
6.444,1228370
6.445,1228370
6.447,1228370
6.448,1228370
6.448,1228370
6.449,1228370
6.451,1228370
6.452,1228370
6.457,1228370
6.459,1228370
6.46,1228370
6.471,1228370
6.472,1228370
6.473,1228370
6.477,1228370
6.478,1228370
6.482,1228370
6.483,1228370
6.488,1228370
6.491,1228370
6.495,1228370
6.497,1228370
6.498,1228370
6.5,1228370
6.501,1228370
6.502,1228370
6.504,1228370
6.504,1228370
6.506,1228370
6.508,1228370
6.512,1228370
6.512,1228370
6.513,1228370
6.52,1228370
6.522,1228370
6.522,1228370
6.525,1228370
6.534,1228370
6.536,1228370
6.542,1228370
6.55,1228370
6.551,1228370
6.551,1228370
6.553,1228370
6.553,1228370
6.562,1228370
6.563,1228370
6.565,1228370
6.567,1228370
6.567,1228370
6.568,1228370
6.571,1228370
6.571,1228370
6.572,1228370
6.574,1228370
6.577,1228370
6.582,1228370
6.583,1228370
6.584,1228370
6.59,1228370
6.59,1228370
6.593,1228370
6.593,1228370
6.599,1228370
6.599,1228370
6.604,1228370
6.606,1228370
6.608,1228370
6.612,1228370
6.612,1228370
6.612,1228370
6.612,1228370
6.613,1228370
6.615,1228370
6.617,1228370
6.617,1228370
6.622,1228370
6.625,1228370
6.625,1228370
6.626,1228370
6.629,1228370
6.634,1228370
6.636,1228370
6.639,1228370
6.643,1228370
6.643,1228370
6.646,1228370
6.647,1228370
6.651,1228370
6.662,1228370
6.667,1228370
6.671,1228370
6.672,1228370
6.68,1228370
6.686,1228370
6.691,1228370
6.691,1228370
6.693,1228370
6.698,1228370
6.699,1228370
6.703,1228370
6.709,1228370
6.715,1228370
6.719,1228370
6.719,1228370
6.72,1228370
6.725,1228370
6.73,1228370
6.737,1228370
6.74,1228370
6.74,1228370
6.741,1228370
6.744,1228370
6.748,1228370
6.749,1228370
6.75,1228370
6.752,1228370
6.752,1228370
6.753,1228370
6.753,1228370
6.753,1228370
6.76,1228370
6.763,1228370
6.773,1228370
6.774,1228370
6.774,1228370
6.779,1228370
6.781,1228370
6.783,1228370
6.784,1228370
6.785,1228370
6.789,1228370
6.791,1228370
6.791,1228370
6.792,1228370
6.795,1228370
6.798,1228370
6.803,1228370
6.804,1228370
6.806,1228370
6.81,1228370
6.812,1228370
6.813,1228370
6.816,1228370
6.822,1228370
6.823,1228370
6.832,1228370
6.834,1228370
6.836,1228370
6.839,1228370
6.84,1228370
6.84,1228370
6.84,1228370
6.843,1228370
6.846,1228370
6.849,1228370
6.851,1228370
6.852,1228370
6.854,1228370
6.855,1228370
6.859,1228370
6.86,1228370
6.86,1228370
6.863,1228370
6.864,1228370
6.868,1228370
6.869,1228370
6.876,1228370
6.878,1228370
6.881,1228370
6.883,1228370
6.888,1228370
6.89,1228370
6.891,1228370
6.891,1228370
6.892,1228370
6.894,1228370
6.896,1228370
6.897,1228370
6.907,1228370
6.907,1228370
6.91,1228370
6.91,1228370
6.913,1228370
6.915,1228370
6.915,1228370
6.918,1228370
6.922,1228370
6.922,1228370
6.922,1228370
6.924,1228370
6.924,1228370
6.925,1228370
6.926,1228370
6.928,1228370
6.932,1228370
6.934,1228370
6.934,1228370
6.935,1228370
6.943,1228370
6.947,1228370
6.948,1228370
6.951,1228370
6.952,1228370
6.953,1228370
6.954,1228370
6.954,1228370
6.96,1228370
6.961,1228370
6.964,1228370
6.97,1228370
6.97,1228370
6.973,1228370
6.973,1228370
6.976,1228370
6.977,1228370
6.978,1228370
6.984,1228370
6.987,1228370
6.988,1228370
6.989,1228370
6.998,1228370
7,1228370
7.004,1228370
7.005,1228370
7.009,1228370
7.015,1228370
7.02,1228370
7.021,1228370
7.024,1228370
7.025,1228370
7.025,1228370
7.025,1228370
7.029,1228370
7.029,1228370
7.029,1228370
7.033,1228370
7.033,1228370
7.036,1228370
7.036,1228370
7.04,1228370
7.04,1228370
7.046,1228370
7.046,1228370
7.057,1228370
7.06,1228370
7.062,1228370
7.064,1228370
7.064,1228370
7.065,1228370
7.067,1228370
7.067,1228370
7.071,1228370
7.078,1228370
7.079,1228370
7.08,1228370
7.083,1228370
7.085,1228370
7.086,1228370
7.088,1228370
7.088,1228370
7.089,1228370
7.092,1228370
7.094,1228370
7.097,1228370
7.098,1228370
7.099,1228370
7.102,1228370
7.103,1228370
7.104,1228370
7.104,1228370
7.104,1228370
7.106,1228370
7.112,1228370
7.112,1228370
7.116,1228370
7.12,1228370
7.125,1228370
7.127,1228370
7.127,1228370
7.13,1228370
7.133,1228370
7.138,1228370
7.148,1228370
7.15,1228370
7.151,1228370
7.154,1228370
7.155,1228370
7.157,1228370
7.158,1228370
7.159,1228370
7.162,1228370
7.168,1228370
7.168,1228370
7.169,1228370
7.169,1228370
7.172,1228370
7.172,1228370
7.174,1228370
7.177,1228370
7.177,1228370
7.179,1228370
7.18,1228370
7.181,1228370
7.187,1228370
7.189,1228370
7.19,1228370
7.191,1228370
7.192,1228370
7.193,1228370
7.195,1228370
7.199,1228370
7.2,1228370
7.201,1228370
7.203,1228370
7.206,1228370
7.209,1228370
7.214,1228370
7.218,1228370
7.218,1228370
7.221,1228370
7.223,1228370
7.225,1228370
7.225,1228370
7.23,1228370
7.233,1228370
7.235,1228370
7.242,1228370
7.243,1228370
7.248,1228370
7.249,1228370
7.256,1228370
7.259,1228370
7.26,1228370
7.26,1228370
7.262,1228370
7.268,1228370
7.27,1228370
7.272,1228370
7.273,1228370
7.274,1228370
7.277,1228370
7.281,1228370
7.285,1228370
7.286,1228370
7.287,1228370
7.288,1228370
7.289,1228370
7.298,1228370
7.3,1228370
7.301,1228370
7.304,1228370
7.308,1228370
7.31,1228370
7.312,1228370
7.313,1228370
7.315,1228370
7.319,1228370
7.32,1228370
7.321,1228370
7.322,1228370
7.324,1228370
7.325,1228370
7.325,1228370
7.325,1228370
7.325,1228370
7.327,1228370
7.329,1228370
7.329,1228370
7.33,1228370
7.33,1228370
7.331,1228370
7.335,1228370
7.335,1228370
7.337,1228370
7.337,1228370
7.337,1228370
7.337,1228370
7.341,1228370
7.35,1228370
7.352,1228370
7.355,1228370
7.357,1228370
7.36,1228370
7.362,1228370
7.365,1228370
7.365,1228370
7.366,1228370
7.369,1228370
7.37,1228370
7.371,1228370
7.372,1228370
7.372,1228370
7.374,1228370
7.375,1228370
7.376,1228370
7.377,1228370
7.378,1228370
7.38,1228370
7.383,1228370
7.386,1228370
7.386,1228370
7.389,1228370
7.39,1228370
7.39,1228370
7.391,1228370
7.393,1228370
7.393,1228370
7.394,1228370
7.395,1228370
7.397,1228370
7.397,1228370
7.398,1228370
7.405,1228370
7.409,1228370
7.411,1228370
7.416,1228370
7.416,1228370
7.419,1228370
7.42,1228370
7.421,1228370
7.421,1228370
7.422,1228370
7.422,1228370
7.425,1228370
7.427,1228370
7.431,1228370
7.431,1228370
7.432,1228370
7.44,1228370
7.44,1228370
7.447,1228370
7.451,1228370
7.452,1228370
7.453,1228370
7.454,1228370
7.457,1228370
7.457,1228370
7.459,1228370
7.46,1228370
7.467,1228370
7.469,1228370
7.477,1228370
7.477,1228370
7.483,1228370
7.483,1228370
7.485,1228370
7.485,1228370
7.5,1228370
7.5,1228370
7.505,1228370
7.508,1228370
7.509,1228370
7.513,1228370
7.52,1228370
7.525,1228370
7.527,1228370
7.528,1228370
7.534,1228370
7.535,1228370
7.536,1228370
7.537,1228370
7.538,1228370
7.54,1228370
7.541,1228370
7.543,1228370
7.544,1228370
7.551,1228370
7.555,1228370
7.561,1228370
7.564,1228370
7.569,1228370
7.569,1228370
7.57,1228370
7.571,1228370
7.572,1228370
7.574,1228370
7.575,1228370
7.576,1228370
7.579,1228370
7.58,1228370
7.581,1228370
7.582,1228370
7.585,1228370
7.587,1228370
7.588,1228370
7.588,1228370
7.589,1228370
7.591,1228370
7.593,1228370
7.599,1228370
7.603,1228370
7.606,1228370
7.607,1228370
7.608,1228370
7.61,1228370
7.612,1228370
7.617,1228370
7.619,1228370
7.619,1228370
7.624,1228370
7.626,1228370
7.627,1228370
7.632,1228370
7.633,1228370
7.635,1228370
7.635,1228370
7.638,1228370
7.638,1228370
7.639,1228370
7.64,1228370
7.641,1228370
7.641,1228370
7.642,1228370
7.642,1228370
7.644,1228370
7.645,1228370
7.645,1228370
7.648,1228370
7.651,1228370
7.653,1228370
7.653,1228370
7.66,1228370
7.661,1228370
7.661,1228370
7.662,1228370
7.662,1228370
7.662,1228370
7.667,1228370
7.674,1228370
7.675,1228370
7.675,1228370
7.678,1228370
7.679,1228370
7.683,1228370
7.687,1228370
7.687,1228370
7.689,1228370
7.698,1228370
7.702,1228370
7.704,1228370
7.706,1228370
7.707,1228370
7.708,1228370
7.709,1228370
7.712,1228370
7.715,1228370
7.718,1228370
7.72,1228370
7.721,1228370
7.721,1228370
7.725,1228370
7.727,1228370
7.728,1228370
7.73,1228370
7.732,1228370
7.742,1228370
7.743,1228370
7.747,1228370
7.747,1228370
7.753,1228370
7.755,1228370
7.756,1228370
7.757,1228370
7.759,1228370
7.759,1228370
7.759,1228370
7.761,1228370
7.762,1228370
7.764,1228370
7.766,1228370
7.767,1228370
7.776,1228370
7.779,1228370
7.785,1228370
7.786,1228370
7.788,1228370
7.789,1228370
7.795,1228370
7.798,1228370
7.799,1228370
7.801,1228370
7.802,1228370
7.804,1228370
7.814,1228370
7.817,1228370
7.819,1228370
7.826,1228370
7.83,1228370
7.834,1228370
7.835,1228370
7.837,1228370
7.838,1228370
7.841,1228370
7.852,1228370
7.854,1228370
7.857,1228370
7.859,1228370
7.864,1228370
7.867,1228370
7.868,1228370
7.87,1228370
7.873,1228370
7.875,1228370
7.875,1228370
7.879,1228370
7.88,1228370
7.882,1228370
7.882,1228370
7.887,1228370
7.888,1228370
7.889,1228370
7.891,1228370
7.894,1228370
7.894,1228370
7.898,1228370
7.899,1228370
7.904,1228370
7.909,1228370
7.909,1228370
7.91,1228370
7.918,1228370
7.92,1228370
7.922,1228370
7.922,1228370
7.923,1228370
7.923,1228370
7.924,1228370
7.927,1228370
7.928,1228370
7.928,1228370
7.93,1228370
7.932,1228370
7.935,1228370
7.942,1228370
7.943,1228370
7.944,1228370
7.948,1228370
7.95,1228370
7.951,1228370
7.957,1228370
7.958,1228370
7.958,1228370
7.964,1228370
7.968,1228370
7.969,1228370
7.97,1228370
7.976,1228370
7.977,1228370
7.979,1228370
7.98,1228370
7.997,1228370
8,1228370
8,1228370
8.001,1228370
8.002,1228370
8.004,1228370
8.005,1228370
8.005,1228370
8.006,1228370
8.007,1228370
8.007,1228370
8.009,1228370
8.013,1228370
8.013,1228370
8.022,1228370
8.025,1228370
8.031,1228370
8.035,1228370
8.041,1228370
8.044,1228370
8.044,1228370
8.045,1228370
8.046,1228370
8.05,1228370
8.055,1228370
8.068,1228370
8.073,1228370
8.084,1228370
8.085,1228370
8.088,1228370
8.093,1228370
8.093,1228370
8.095,1228370
8.102,1228370
8.105,1228370
8.106,1228370
8.11,1228370
8.111,1228370
8.111,1228370
8.111,1228370
8.115,1228370
8.116,1228370
8.117,1228370
8.124,1228370
8.125,1228370
8.128,1228370
8.131,1228370
8.139,1228370
8.141,1228370
8.143,1228370
8.145,1228370
8.145,1228370
8.148,1228370
8.152,1228370
8.16,1228370
8.164,1228370
8.165,1228370
8.167,1228370
8.167,1228370
8.167,1228370
8.168,1228370
8.171,1228370
8.172,1228370
8.174,1228370
8.177,1228370
8.179,1228370
8.18,1228370
8.18,1228370
8.181,1228370
8.183,1228370
8.194,1228370
8.195,1228370
8.199,1228370
8.2,1228370
8.203,1228370
8.205,1228370
8.213,1228370
8.214,1228370
8.216,1228370
8.219,1228370
8.227,1228370
8.232,1228370
8.233,1228370
8.244,1228370
8.244,1228370
8.247,1228370
8.249,1228370
8.251,1228370
8.253,1228370
8.254,1228370
8.254,1228370
8.258,1228370
8.267,1228370
8.27,1228370
8.271,1228370
8.272,1228370
8.272,1228370
8.273,1228370
8.274,1228370
8.275,1228370
8.284,1228370
8.288,1228370
8.29,1228370
8.295,1228370
8.299,1228370
8.302,1228370
8.303,1228370
8.304,1228370
8.306,1228370
8.307,1228370
8.307,1228370
8.308,1228370
8.319,1228370
8.323,1228370
8.33,1228370
8.33,1228370
8.337,1228370
8.337,1228370
8.34,1228370
8.342,1228370
8.344,1228370
8.348,1228370
8.349,1228370
8.35,1228370
8.35,1228370
8.35,1228370
8.357,1228370
8.359,1228370
8.36,1228370
8.365,1228370
8.367,1228370
8.367,1228370
8.368,1228370
8.375,1228370
8.376,1228370
8.384,1228370
8.385,1228370
8.387,1228370
8.388,1228370
8.39,1228370
8.391,1228370
8.394,1228370
8.396,1228370
8.398,1228370
8.401,1228370
8.401,1228370
8.403,1228370
8.408,1228370
8.414,1228370
8.415,1228370
8.417,1228370
8.424,1228370
8.428,1228370
8.429,1228370
8.432,1228370
8.445,1228370
8.448,1228370
8.452,1228370
8.453,1228370
8.455,1228370
8.456,1228370
8.459,1228370
8.46,1228370
8.463,1228370
8.469,1228370
8.47,1228370
8.471,1228370
8.473,1228370
8.475,1228370
8.475,1228370
8.477,1228370
8.477,1228370
8.478,1228370
8.481,1228370
8.483,1228370
8.483,1228370
8.486,1228370
8.486,1228370
8.488,1228370
8.488,1228370
8.489,1228370
8.494,1228370
8.496,1228370
8.499,1228370
8.5,1228370
8.501,1228370
8.504,1228370
8.508,1228370
8.511,1228370
8.516,1228370
8.522,1228370
8.525,1228370
8.526,1228370
8.528,1228370
8.528,1228370
8.53,1228370
8.531,1228370
8.533,1228370
8.534,1228370
8.535,1228370
8.536,1228370
8.541,1228370
8.542,1228370
8.544,1228370
8.545,1228370
8.545,1228370
8.552,1228370
8.552,1228370
8.56,1228370
8.56,1228370
8.561,1228370
8.564,1228370
8.564,1228370
8.565,1228370
8.566,1228370
8.567,1228370
8.569,1228370
8.574,1228370
8.584,1228370
8.588,1228370
8.591,1228370
8.596,1228370
8.597,1228370
8.597,1228370
8.6,1228370
8.601,1228370
8.602,1228370
8.603,1228370
8.604,1228370
8.606,1228370
8.608,1228370
8.612,1228370
8.615,1228370
8.618,1228370
8.62,1228370
8.62,1228370
8.621,1228370
8.624,1228370
8.625,1228370
8.625,1228370
8.626,1228370
8.628,1228370
8.629,1228370
8.63,1228370
8.633,1228370
8.633,1228370
8.634,1228370
8.639,1228370
8.639,1228370
8.643,1228370
8.645,1228370
8.65,1228370
8.65,1228370
8.658,1228370
8.663,1228370
8.663,1228370
8.663,1228370
8.664,1228370
8.666,1228370
8.668,1228370
8.669,1228370
8.671,1228370
8.672,1228370
8.673,1228370
8.676,1228370
8.677,1228370
8.679,1228370
8.681,1228370
8.682,1228370
8.686,1228370
8.689,1228370
8.69,1228370
8.693,1228370
8.695,1228370
8.701,1228370
8.709,1228370
8.71,1228370
8.718,1228370
8.719,1228370
8.72,1228370
8.72,1228370
8.72,1228370
8.72,1228370
8.72,1228370
8.721,1228370
8.721,1228370
8.724,1228370
8.728,1228370
8.728,1228370
8.728,1228370
8.729,1228370
8.738,1228370
8.741,1228370
8.742,1228370
8.744,1228370
8.745,1228370
8.745,1228370
8.746,1228370
8.748,1228370
8.751,1228370
8.755,1228370
8.76,1228370
8.762,1228370
8.763,1228370
8.768,1228370
8.768,1228370
8.77,1228370
8.771,1228370
8.772,1228370
8.772,1228370
8.777,1228370
8.778,1228370
8.788,1228370
8.788,1228370
8.794,1228370
8.797,1228370
8.802,1228370
8.808,1228370
8.812,1228370
8.816,1228370
8.816,1228370
8.816,1228370
8.817,1228370
8.818,1228370
8.819,1228370
8.825,1228370
8.827,1228370
8.827,1228370
8.828,1228370
8.829,1228370
8.832,1228370
8.833,1228370
8.834,1228370
8.838,1228370
8.847,1228370
8.847,1228370
8.847,1228370
8.848,1228370
8.849,1228370
8.849,1228370
8.85,1228370
8.853,1228370
8.856,1228370
8.858,1228370
8.858,1228370
8.858,1228370
8.859,1228370
8.864,1228370
8.866,1228370
8.866,1228370
8.871,1228370
8.872,1228370
8.872,1228370
8.874,1228370
8.877,1228370
8.88,1228370
8.881,1228370
8.889,1228370
8.892,1228370
8.895,1228370
8.895,1228370
8.896,1228370
8.897,1228370
8.898,1228370
8.899,1228370
8.901,1228370
8.901,1228370
8.904,1228370
8.912,1228370
8.919,1228370
8.922,1228370
8.923,1228370
8.923,1228370
8.925,1228370
8.928,1228370
8.932,1228370
8.938,1228370
8.939,1228370
8.94,1228370
8.94,1228370
8.942,1228370
8.944,1228370
8.947,1228370
8.951,1228370
8.952,1228370
8.954,1228370
8.957,1228370
8.958,1228370
8.959,1228370
8.959,1228370
8.964,1228370
8.965,1228370
8.967,1228370
8.969,1228370
8.97,1228370
8.972,1228370
8.973,1228370
8.976,1228370
8.978,1228370
8.979,1228370
8.983,1228370
8.985,1228370
8.985,1228370
8.988,1228370
8.99,1228370
8.996,1228370
8.999,1228370
9,1228370
9.001,1228370
9.001,1228370
9.004,1228370
9.01,1228370
9.012,1228370
9.012,1228370
9.013,1228370
9.014,1228370
9.015,1228370
9.016,1228370
9.017,1228370
9.021,1228370
9.023,1228370
9.024,1228370
9.027,1228370
9.029,1228370
9.029,1228370
9.031,1228370
9.034,1228370
9.035,1228370
9.037,1228370
9.038,1228370
9.038,1228370
9.038,1228370
9.04,1228370
9.043,1228370
9.045,1228370
9.049,1228370
9.05,1228370
9.052,1228370
9.054,1228370
9.057,1228370
9.057,1228370
9.058,1228370
9.059,1228370
9.06,1228370
9.06,1228370
9.066,1228370
9.068,1228370
9.068,1228370
9.069,1228370
9.072,1228370
9.078,1228370
9.079,1228370
9.085,1228370
9.085,1228370
9.087,1228370
9.091,1228370
9.092,1228370
9.094,1228370
9.099,1228370
9.107,1228370
9.11,1228370
9.111,1228370
9.111,1228370
9.113,1228370
9.114,1228370
9.115,1228370
9.122,1228370
9.123,1228370
9.125,1228370
9.126,1228370
9.126,1228370
9.129,1228370
9.129,1228370
9.133,1228370
9.135,1228370
9.139,1228370
9.142,1228370
9.142,1228370
9.145,1228370
9.149,1228370
9.153,1228370
9.153,1228370
9.156,1228370
9.158,1228370
9.158,1228370
9.159,1228370
9.161,1228370
9.171,1228370
9.172,1228370
9.173,1228370
9.174,1228370
9.174,1228370
9.176,1228370
9.177,1228370
9.18,1228370
9.18,1228370
9.182,1228370
9.187,1228370
9.189,1228370
9.193,1228370
9.194,1228370
9.196,1228370
9.201,1228370
9.202,1228370
9.206,1228370
9.207,1228370
9.207,1228370
9.209,1228370
9.213,1228370
9.213,1228370
9.22,1228370
9.222,1228370
9.226,1228370
9.23,1228370
9.233,1228370
9.234,1228370
9.234,1228370
9.242,1228370
9.243,1228370
9.244,1228370
9.245,1228370
9.247,1228370
9.248,1228370
9.252,1228370
9.253,1228370
9.256,1228370
9.257,1228370
9.261,1228370
9.264,1228370
9.268,1228370
9.269,1228370
9.275,1228370
9.28,1228370
9.283,1228370
9.29,1228370
9.292,1228370
9.306,1228370
9.307,1228370
9.311,1228370
9.315,1228370
9.318,1228370
9.318,1228370
9.319,1228370
9.322,1228370
9.325,1228370
9.326,1228370
9.326,1228370
9.329,1228370
9.331,1228370
9.331,1228370
9.335,1228370
9.338,1228370
9.339,1228370
9.34,1228370
9.34,1228370
9.341,1228370
9.344,1228370
9.348,1228370
9.349,1228370
9.356,1228370
9.358,1228370
9.375,1228370
9.376,1228370
9.381,1228370
9.383,1228370
9.388,1228370
9.389,1228370
9.401,1228370
9.403,1228370
9.407,1228370
9.407,1228370
9.409,1228370
9.412,1228370
9.415,1228370
9.418,1228370
9.419,1228370
9.423,1228370
9.424,1228370
9.425,1228370
9.425,1228370
9.426,1228370
9.427,1228370
9.427,1228370
9.427,1228370
9.428,1228370
9.429,1228370
9.431,1228370
9.431,1228370
9.433,1228370
9.435,1228370
9.435,1228370
9.439,1228370
9.44,1228370
9.444,1228370
9.459,1228370
9.459,1228370
9.466,1228370
9.467,1228370
9.467,1228370
9.471,1228370
9.473,1228370
9.475,1228370
9.483,1228370
9.484,1228370
9.488,1228370
9.49,1228370
9.491,1228370
9.491,1228370
9.494,1228370
9.494,1228370
9.501,1228370
9.503,1228370
9.504,1228370
9.508,1228370
9.509,1228370
9.511,1228370
9.511,1228370
9.511,1228370
9.512,1228370
9.514,1228370
9.519,1228370
9.519,1228370
9.521,1228370
9.521,1228370
9.523,1228370
9.527,1228370
9.527,1228370
9.528,1228370
9.528,1228370
9.53,1228370
9.533,1228370
9.539,1228370
9.541,1228370
9.542,1228370
9.544,1228370
9.551,1228370
9.553,1228370
9.553,1228370
9.553,1228370
9.553,1228370
9.557,1228370
9.558,1228370
9.56,1228370
9.566,1228370
9.569,1228370
9.57,1228370
9.573,1228370
9.575,1228370
9.578,1228370
9.58,1228370
9.581,1228370
9.583,1228370
9.583,1228370
9.585,1228370
9.586,1228370
9.589,1228370
9.598,1228370
9.601,1228370
9.602,1228370
9.605,1228370
9.605,1228370
9.608,1228370
9.611,1228370
9.615,1228370
9.615,1228370
9.617,1228370
9.622,1228370
9.625,1228370
9.625,1228370
9.626,1228370
9.628,1228370
9.628,1228370
9.634,1228370
9.636,1228370
9.636,1228370
9.642,1228370
9.648,1228370
9.649,1228370
9.653,1228370
9.654,1228370
9.655,1228370
9.664,1228370
9.672,1228370
9.675,1228370
9.679,1228370
9.679,1228370
9.68,1228370
9.684,1228370
9.684,1228370
9.689,1228370
9.696,1228370
9.7,1228370
9.7,1228370
9.705,1228370
9.71,1228370
9.712,1228370
9.714,1228370
9.714,1228370
9.717,1228370
9.718,1228370
9.719,1228370
9.727,1228370
9.735,1228370
9.743,1228370
9.743,1228370
9.744,1228370
9.749,1228370
9.751,1228370
9.76,1228370
9.761,1228370
9.767,1228370
9.771,1228370
9.772,1228370
9.772,1228370
9.772,1228370
9.774,1228370
9.777,1228370
9.778,1228370
9.783,1228370
9.783,1228370
9.785,1228370
9.789,1228370
9.79,1228370
9.793,1228370
9.793,1228370
9.796,1228370
9.799,1228370
9.8,1228370
9.801,1228370
9.803,1228370
9.81,1228370
9.812,1228370
9.816,1228370
9.816,1228370
9.818,1228370
9.82,1228370
9.823,1228370
9.823,1228370
9.824,1228370
9.825,1228370
9.829,1228370
9.83,1228370
9.832,1228370
9.835,1228370
9.84,1228370
9.849,1228370
9.85,1228370
9.851,1228370
9.854,1228370
9.855,1228370
9.859,1228370
9.866,1228370
9.869,1228370
9.871,1228370
9.873,1228370
9.874,1228370
9.876,1228370
9.878,1228370
9.882,1228370
9.882,1228370
9.882,1228370
9.885,1228370
9.885,1228370
9.885,1228370
9.89,1228370
9.89,1228370
9.891,1228370
9.891,1228370
9.892,1228370
9.892,1228370
9.896,1228370
9.903,1228370
9.903,1228370
9.904,1228370
9.915,1228370
9.917,1228370
9.918,1228370
9.923,1228370
9.925,1228370
9.926,1228370
9.934,1228370
9.935,1228370
9.935,1228370
9.937,1228370
9.937,1228370
9.942,1228370
9.943,1228370
9.943,1228370
9.951,1228370
9.955,1228370
9.956,1228370
9.965,1228370
9.968,1228370
9.97,1228370
9.97,1228370
9.97,1228370
9.972,1228370
9.974,1228370
9.977,1228370
9.978,1228370
9.983,1228370
9.983,1228370
9.985,1228370
9.994,1228370
9.996,1228370
9.999,1228370
9.999,1228370
10.002,1228370
10.004,1228370
