0.015000,1450890
0.015000,1442121
0.015000,1439689
0.015000,1438882
0.015000,1433989
0.015000,1428540
0.015000,1428026
0.015000,1426702
0.015000,1425931
0.015000,1411513
0.015000,1411385
0.015000,1408174
0.015000,1404899
0.015000,1404417
0.015000,1403206
0.015000,1403075
0.015000,1338915
0.015000,1338164
0.015000,1336634
0.015000,1336492
0.015000,1336020
0.015000,1296080
0.031000,1289031
0.031000,1288889
0.031000,1288493
0.031000,1287697
0.031000,1287259
0.031000,1283810
0.047000,1277632
0.047000,1277236
0.047000,1274686
0.047000,1273970
0.078000,1271624
0.078000,1270999
0.078000,1267857
0.078000,1266534
0.078000,1266279
0.078000,1265883
0.078000,1265167
0.094000,1263359
0.094000,1262882
0.094000,1197418
0.094000,1195614
0.126000,1194329
0.126000,1193613
0.219000,1188945
0.219000,1183074
0.656000,1182729
0.656000,1181933
0.656000,1181685
0.656000,1181586
3.280000,1181450
3.280000,1181351
3.873000,1181192
4.733000,1181144
4.748000,1180641
5.202000,1180580
9.950000,1180481
13.277000,1180466
13.777000,1180038
24.994000,1179595
220.728000,1179536
