0.000000,1505008
0.000000,1459158
0.000000,1454751
0.000000,1454670
0.000000,1454289
0.016000,1452164
0.016000,1435543
0.016000,1434736
0.016000,1434560
0.016000,1425185
0.016000,1417647
0.016000,1412134
0.016000,1408896
0.016000,1408551
0.016000,1408078
0.016000,1407944
0.016000,1343083
0.016000,1339364
0.016000,1336660
0.016000,1335337
0.016000,1334913
0.016000,1327430
0.016000,1326804
0.016000,1312210
0.016000,1311494
0.031000,1303935
0.031000,1303793
0.031000,1301592
0.031000,1284834
0.031000,1283993
0.031000,1282413
0.031000,1277726
0.031000,1277388
0.031000,1266603
0.031000,1266217
0.031000,1265363
0.047000,1249537
0.047000,1249299
0.047000,1249157
0.047000,1248550
0.047000,1248313
0.047000,1248107
0.047000,1247852
0.047000,1247456
0.062000,1227796
0.062000,1225351
0.062000,1225209
0.062000,1221017
0.062000,1220254
0.062000,1219207
0.062000,1218986
0.062000,1218689
0.078000,1211987
0.078000,1211845
0.078000,1211084
0.078000,1207403
0.078000,1207374
0.078000,1206978
0.078000,1206351
0.078000,1203978
0.218000,1187346
0.218000,1186939
0.218000,1184389
0.218000,1183790
0.218000,1183074
0.281000,1182738
0.781000,1181761
0.781000,1180608
3.063000,1180458
11.748000,1180431
11.748000,1179595
28.309000,1179536
