0.016000,1516676
0.016000,1511228
0.016000,1508795
0.016000,1504388
0.016000,1504366
0.016000,1503042
0.016000,1486421
0.016000,1485567
0.016000,1478827
0.016000,1478431
0.016000,1477635
0.016000,1472741
0.016000,1470037
0.016000,1469242
0.016000,1468809
0.016000,1468573
0.016000,1467177
0.016000,1418703
0.016000,1418172
0.016000,1417965
0.016000,1417236
0.016000,1352944
0.016000,1199847
0.016000,1199247
0.016000,1198516
0.016000,1198436
0.016000,1182015
0.016000,1181478
0.734000,1180908
3.781000,1180745
3.781000,1180339
3.781000,1180133
3.781000,1179595
180.397000,1179536
478.146000,1178730
478.146000,1177666
