0.000000,1508310
0.000000,1491689
0.000000,1491343
0.000000,1486936
0.000000,1486129
0.000000,1484004
0.000000,1483924
0.000000,1435450
0.000000,1434596
0.000000,1434180
0.000000,1370312
0.000000,1369840
0.000000,1198818
0.000000,1198219
0.000000,1193325
0.000000,1192002
0.000000,1189694
0.000000,1189439
0.000000,1189373
0.000000,1185560
0.000000,1182827
0.000000,1182035
0.126000,1181639
0.126000,1181462
0.282000,1181078
0.282000,1180672
0.282000,1180466
15.966000,1180038
21.622000,1179916
21.622000,1179710
29.262000,1179536
