0.017000,1416987
0.019000,1416180
0.020000,1399559
0.022000,1395373
0.024000,1394844
0.024000,1389951
0.025000,1389419
0.026000,1389397
0.027000,1389245
0.029000,1388768
0.030000,1388530
0.031000,1320262
0.032000,1313309
0.033000,1311197
0.034000,1307766
0.089000,1307624
0.091000,1307515
0.092000,1307260
0.093000,1300883
0.094000,1300487
0.098000,1300373
0.131000,1290774
0.132000,1290708
0.133000,1286896
0.134000,1286089
0.135000,1285948
0.136000,1283214
0.138000,1282742
0.139000,1282504
0.140000,1281961
0.141000,1281462
0.142000,1281208
0.143000,1241268
0.144000,1240872
0.145000,1240623
0.146000,1239967
0.151000,1239562
0.153000,1239355
0.230000,1235811
0.232000,1235745
0.233000,1235490
0.234000,1235094
0.235000,1231282
0.236000,1228548
0.237000,1227757
0.271000,1193281
0.272000,1192800
0.273000,1192734
0.274000,1192134
0.276000,1188322
0.277000,1186013
0.278000,1183280
0.279000,1181957
0.281000,1181165
4.745000,1180863
4.746000,1180207
4.748000,1179802
4.749000,1179595
179.451000,1179536
