0.000000,1444638
0.000000,1409821
0.000000,1409614
0.000000,1403609
0.000000,1400697
0.000000,1397740
0.000000,1397394
0.000000,1397127
0.000000,1396654
0.000000,1392176
0.000000,1392024
0.000000,1391449
0.000000,1391343
0.000000,1388023
0.000000,1371899
0.000000,1371454
0.000000,1371216
0.000000,1370961
0.000000,1370565
0.000000,1352160
0.000000,1283572
0.000000,1276732
0.000000,1274004
0.000000,1273349
0.000000,1270725
0.000000,1270583
0.000000,1268497
0.000000,1267998
0.000000,1267208
0.000000,1266571
0.016000,1258414
0.016000,1258018
0.016000,1255228
0.032000,1254762
0.032000,1254635
0.032000,1253828
0.032000,1253590
0.032000,1197879
0.032000,1197624
0.032000,1197482
0.032000,1195952
0.032000,1195471
0.032000,1195075
0.282000,1194850
0.282000,1194748
0.282000,1193377
0.282000,1193170
1.438000,1188433
1.438000,1182562
1.765000,1182062
1.765000,1180908
2.407000,1180828
2.407000,1180580
2.407000,1180481
5.203000,1180038
31.460000,1179595
232.042000,1179536
529.860000,1178730
529.876000,1177666
