0.000000,1328662
0.015000,1326537
0.015000,1325730
0.015000,1321500
0.015000,1321348
0.015000,1321325
0.015000,1320530
0.015000,1319206
0.015000,1318968
0.015000,1318762
0.015000,1255249
0.015000,1251530
0.015000,1250810
0.015000,1222872
0.015000,1222617
0.015000,1222222
0.015000,1222080
0.015000,1222004
0.015000,1220200
0.015000,1220017
0.015000,1219907
0.015000,1219793
0.046000,1207124
0.062000,1206351
0.062000,1203978
0.109000,1203292
0.109000,1197287
0.109000,1194329
0.109000,1193613
0.124000,1186921
0.124000,1181051
1.516000,1180466
1.531000,1180038
2.077000,1179595
114.679000,1179536
333.831000,1177638
