0.000000,1451350
0.000000,1450877
0.000000,1403518
0.016000,1402829
0.016000,1386705
0.016000,1386103
0.016000,1317380
0.016000,1317142
0.016000,1316887
0.016000,1314686
0.016000,1314534
0.016000,1314281
0.016000,1297522
0.016000,1295526
0.016000,1295384
0.016000,1294988
0.016000,1293158
0.016000,1292886
0.016000,1276458
0.016000,1275529
0.016000,1275048
0.032000,1260400
0.032000,1260162
0.032000,1259664
0.032000,1259409
0.032000,1259013
0.032000,1234270
0.032000,1231312
0.032000,1220008
0.032000,1216770
0.032000,1215768
0.032000,1211118
0.047000,1208070
0.047000,1206747
0.047000,1206351
0.047000,1203978
0.141000,1187879
0.141000,1185425
0.141000,1184826
0.141000,1181840
0.141000,1181592
0.141000,1181493
1.782000,1181188
1.782000,1180396
9.831000,1180038
28.125000,1179742
28.125000,1179536
