0.006000,1341421
0.007000,1340614
0.007000,1335165
0.008000,1335143
0.008000,1333734
0.009000,1331783
0.009000,1267318
0.009000,1267176
0.010000,1259724
0.010000,1258929
0.010000,1255308
0.011000,1254912
0.011000,1254534
0.011000,1251784
0.012000,1232078
0.012000,1231841
0.013000,1231214
0.013000,1225209
0.014000,1224906
0.014000,1224408
0.014000,1224153
0.014000,1223757
0.015000,1223708
0.015000,1220750
0.016000,1220502
0.016000,1219846
0.016000,1219440
0.016000,1219234
0.076000,1210234
0.077000,1209888
0.077000,1209633
0.078000,1207896
0.078000,1207382
0.078000,1206909
0.079000,1206708
0.079000,1206312
0.121000,1204395
0.130000,1203249
0.130000,1202994
0.131000,1202598
0.285000,1202133
0.526000,1201060
0.526000,1200682
0.527000,1199358
0.527000,1199103
0.527000,1198278
0.528000,1195728
0.528000,1195012
0.529000,1194009
0.529000,1193613
0.744000,1183524
0.745000,1182981
0.745000,1182482
0.745000,1182233
0.745000,1181578
0.746000,1181172
0.746000,1180966
0.868000,1180701
1.670000,1180038
1.671000,1179802
1.671000,1179595
56.566000,1179536
359.717000,1179304
