0.016000,1320634
0.016000,1320612
0.016000,1320374
0.016000,1319897
0.016000,1319812
0.016000,1317440
0.016000,1317282
0.016000,1315316
0.016000,1314300
0.016000,1313958
0.016000,1278706
0.016000,1277383
0.016000,1261258
0.016000,1251191
0.016000,1249661
0.016000,1249406
0.016000,1249010
0.047000,1244487
0.047000,1238208
0.047000,1222084
0.047000,1221999
0.047000,1221841
0.047000,1217398
0.047000,1216382
0.047000,1214852
0.047000,1214501
0.047000,1209803
0.047000,1209209
0.047000,1208666
0.047000,1203922
0.047000,1202598
0.234000,1202576
0.234000,1202339
0.234000,1202133
0.390000,1188635
0.390000,1188036
0.390000,1187200
0.390000,1185453
0.390000,1183877
0.595000,1183243
0.595000,1182838
0.595000,1182631
1.359000,1182453
1.406000,1180908
3.188000,1180466
11.578000,1180038
36.826000,1179916
36.826000,1179710
39.779000,1179595
266.477000,1179536
