0.001,9809056
0.001,9804214
0.001,9655771
0.001,9598544
0.001,9555728
0.001,9424689
0.001,9245350
0.002,9237641
0.002,9008773
0.002,9008773
0.002,8971072
0.002,8947350
0.002,8750004
0.002,8672001
0.002,8638641
0.002,8590329
0.003,8420183
0.003,8372807
0.003,8251956
0.003,8246997
0.004,8178820
0.004,8175557
0.004,8109727
0.004,8092597
0.004,8071333
0.004,7942064
0.004,7859693
0.005,7852946
0.005,7778135
0.005,7670296
0.005,7551225
0.005,7534025
0.006,7521216
0.006,7518148
0.006,7418476
0.006,7413976
0.006,7304492
0.006,7302076
0.006,7300759
0.008,7246808
0.008,7189682
0.008,7181544
0.008,7174347
0.008,7174347
0.008,7173312
0.008,7154954
0.008,7149573
0.008,7148581
0.009,7052116
0.009,6997113
0.009,6882746
0.009,6871143
0.009,6867061
0.009,6865481
0.009,6849648
0.009,6847039
0.01,6845134
0.01,6821027
0.01,6820343
0.01,6820164
0.011,6798072
0.011,6795597
0.011,6793530
0.011,6792394
0.011,6785514
0.012,6754722
0.012,6754722
0.012,6745933
0.013,6698873
0.013,6672195
0.013,6670403
0.013,6581883
0.014,6581159
0.014,6579540
0.014,6576972
0.014,6458839
0.014,6457432
0.014,6444511
0.016,6444511
0.016,6439366
0.016,6420000
0.016,6392332
0.016,6302310
0.016,6295093
0.017,6294234
0.017,6294234
0.017,6227547
0.017,6219522
0.017,6184293
0.018,6164140
0.018,6147709
0.018,6147709
0.018,6135814
0.018,6123685
0.018,6115773
0.019,6115372
0.019,6115372
0.019,6101576
0.019,6101576
0.019,6060439
0.02,6056698
0.02,6011764
0.02,6005976
0.02,5998894
0.02,5976496
0.02,5954039
0.02,5937743
0.021,5936203
0.021,5899577
0.021,5888454
0.021,5846486
0.021,5846486
0.021,5841017
0.022,5563225
0.022,5560783
0.022,5542552
0.022,5494637
0.022,5484801
0.022,5474941
0.023,5468168
0.023,5457606
0.023,5446847
0.023,5405111
0.023,5150261
0.023,5099924
0.024,5093990
0.024,5093899
0.024,5093899
0.024,5092153
0.025,5087807
0.025,5080800
0.025,5049078
0.025,5020308
0.025,5019380
0.025,5010551
0.026,4999499
0.026,4977965
0.027,4956873
0.027,4950110
0.027,4945565
0.027,4896199
0.028,4896199
0.028,4896199
0.029,4895686
0.029,4859063
0.029,4853708
0.029,4813349
0.03,4772467
0.03,4749493
0.03,4723246
0.03,4711274
0.03,4709729
0.03,4681099
0.031,4670915
0.031,4670557
0.031,4668978
0.032,4641256
0.032,4633223
0.032,4625226
0.033,4615351
0.033,4571633
0.033,4548119
0.034,4546621
0.034,4525322
0.034,4524142
0.034,4428181
0.034,4420605
0.034,4381107
0.035,4381107
0.035,4381107
0.035,4380676
0.036,4323262
0.036,4245923
0.037,4243277
0.037,4243069
0.037,4173475
0.038,4163887
0.038,4163887
0.038,4150517
0.039,4150517
0.039,4150517
0.039,4137221
0.04,4116368
0.042,4112774
0.042,4111759
0.042,4111759
0.043,4110550
0.043,4110353
0.043,4092060
0.044,4068955
0.044,4059766
0.045,4059766
0.046,4022754
0.046,4022754
0.046,4021496
0.046,3942133
0.046,3933748
0.047,3926377
0.047,3910744
0.048,3910389
0.048,3910389
0.049,3886544
0.049,3882680
0.049,3878473
0.051,3878473
0.051,3878473
0.051,3863972
0.053,3858902
0.053,3842187
0.054,3842187
0.055,3842070
0.055,3822150
0.055,3822150
0.055,3804297
0.055,3796763
0.056,3787294
0.057,3785529
0.057,3725197
0.058,3725197
0.058,3708203
0.058,3698889
0.06,3594511
0.063,3594511
0.063,3578274
0.064,3577837
0.064,3568438
0.065,3566528
0.066,3566009
0.068,3558537
0.068,3555049
0.069,3548406
0.069,3531673
0.071,3531673
0.071,3511916
0.072,3511914
0.073,3511914
0.073,3511914
0.074,3506081
0.074,3476605
0.075,3474006
0.075,3470652
0.075,3465768
0.075,3465768
0.077,3465746
0.078,3418592
0.079,3382121
0.081,3378302
0.081,3378302
0.081,3343137
0.082,3297645
0.082,3293204
0.082,3293204
0.083,3211357
0.083,3181091
0.086,3168523
0.087,3168523
0.088,3137644
0.089,3049354
0.089,3032099
0.09,3025775
0.09,3011540
0.09,3010973
0.09,3010694
0.09,3010694
0.091,2972434
0.091,2972434
0.092,2972434
0.092,2970440
0.092,2970440
0.093,2970440
0.094,2962426
0.095,2953778
0.096,2943586
0.097,2923339
0.097,2901112
0.098,2880946
0.098,2877183
0.1,2877183
0.101,2877021
0.103,2865965
0.103,2855967
0.105,2855967
0.105,2853273
0.106,2790254
0.107,2790254
0.108,2788989
0.109,2786187
0.109,2765595
0.11,2763840
0.111,2763631
0.111,2762612
0.111,2762612
0.112,2762612
0.113,2762612
0.113,2762612
0.113,2751129
0.114,2751129
0.114,2750731
0.115,2748532
0.119,2746027
0.12,2744283
0.12,2665898
0.121,2665898
0.121,2612167
0.121,2603568
0.121,2521815
0.121,2521815
0.122,2510997
0.122,2501969
0.122,2469457
0.122,2469094
0.124,2468286
0.124,2468286
0.125,2462547
0.125,2447303
0.127,2438395
0.127,2434827
0.128,2434827
0.129,2434262
0.129,2412613
0.13,2408919
0.13,2408707
0.131,2406776
0.138,2402952
0.14,2402952
0.141,2392558
0.142,2392558
0.142,2390595
0.142,2386408
0.144,2386408
0.144,2383151
0.145,2383151
0.147,2383151
0.149,2380508
0.149,2380508
0.15,2375017
0.153,2375017
0.154,2369429
0.154,2367490
0.154,2365463
0.154,2365463
0.157,2365463
0.157,2365463
0.159,2336359
0.16,2288835
0.162,2287996
0.162,2279252
0.164,2279252
0.165,2267034
0.165,2261900
0.166,2260838
0.166,2201090
0.168,2200756
0.17,2200756
0.17,2200756
0.171,2113267
0.173,2113206
0.173,2113206
0.173,2113193
0.173,2113193
0.174,2100902
0.177,2100902
0.179,2100223
0.182,2099823
0.182,2099823
0.184,2099823
0.184,2076925
0.184,2076327
0.185,2070998
0.189,2070998
0.19,2060628
0.192,2060628
0.194,2050585
0.196,2050585
0.197,2030689
0.197,2030689
0.197,2026994
0.198,2026994
0.198,2026994
0.201,2026994
0.201,2017514
0.202,2017514
0.203,1994354
0.205,1972113
0.209,1972113
0.212,1972113
0.215,1972113
0.217,1972113
0.219,1972113
0.219,1972113
0.221,1972113
0.223,1958462
0.227,1958462
0.227,1958462
0.229,1958462
0.231,1946845
0.231,1946102
0.236,1945067
0.238,1945067
0.239,1925617
0.239,1925422
0.241,1925422
0.245,1921558
0.246,1918179
0.247,1904749
0.248,1904749
0.248,1891122
0.249,1891122
0.25,1891122
0.251,1872359
0.251,1868417
0.252,1864256
0.254,1864069
0.256,1850316
0.257,1812642
0.259,1794770
0.261,1783044
0.262,1782258
0.262,1781774
0.262,1781774
0.266,1781774
0.266,1779909
0.266,1779909
0.268,1779909
0.268,1779909
0.269,1779909
0.272,1779909
0.273,1779909
0.275,1779909
0.276,1779218
0.276,1779218
0.277,1779218
0.278,1779218
0.279,1779218
0.28,1774476
0.282,1774476
0.284,1774476
0.289,1766630
0.29,1766630
0.291,1766630
0.291,1766630
0.294,1766630
0.294,1766630
0.294,1763264
0.295,1763264
0.295,1763264
0.295,1763264
0.296,1763264
0.301,1763264
0.301,1761527
0.304,1760244
0.305,1760244
0.305,1760244
0.307,1748892
0.31,1748408
0.31,1748408
0.311,1748408
0.311,1741928
0.312,1727826
0.313,1727826
0.314,1727826
0.318,1727826
0.32,1727826
0.32,1727826
0.324,1727826
0.326,1727826
0.328,1727826
0.328,1727826
0.33,1727826
0.333,1727455
0.334,1727455
0.334,1727455
0.338,1653399
0.338,1653399
0.34,1652812
0.341,1649093
0.344,1649093
0.344,1648354
0.344,1648354
0.346,1648123
0.348,1623860
0.348,1614972
0.35,1614972
0.35,1614972
0.355,1614972
0.358,1614972
0.359,1608470
0.359,1608470
0.361,1608470
0.361,1607620
0.364,1607620
0.366,1607620
0.367,1607620
0.368,1607620
0.37,1607620
0.37,1585569
0.372,1576214
0.373,1576214
0.374,1576214
0.389,1576214
0.389,1569972
0.39,1569972
0.393,1569972
0.395,1569972
0.397,1564946
0.404,1564946
0.404,1564946
0.404,1564946
0.409,1564946
0.409,1564946
0.41,1512655
0.412,1512655
0.413,1512655
0.413,1512655
0.413,1512655
0.413,1512655
0.415,1512655
0.42,1512601
0.421,1512601
0.422,1464101
0.425,1464101
0.425,1463845
0.426,1463845
0.428,1463845
0.43,1463845
0.43,1463845
0.431,1462555
0.433,1462555
0.433,1462555
0.433,1462555
0.435,1462555
0.437,1455960
0.438,1455960
0.44,1455960
0.441,1455960
0.441,1455960
0.444,1455960
0.446,1455960
0.447,1455960
0.451,1453848
0.458,1453848
0.459,1453848
0.46,1453848
0.462,1453848
0.462,1453848
0.467,1453848
0.468,1453848
0.469,1453848
0.471,1453797
0.473,1453797
0.474,1453797
0.476,1453250
0.476,1453250
0.479,1453250
0.48,1453250
0.48,1453250
0.483,1453250
0.484,1453109
0.484,1453109
0.484,1453109
0.485,1453109
0.487,1453109
0.488,1453109
0.489,1453109
0.495,1453109
0.496,1453109
0.496,1453109
0.5,1434534
0.502,1434534
0.502,1434534
0.507,1434534
0.508,1429884
0.509,1429884
0.512,1429884
0.516,1429884
0.516,1429884
0.519,1429884
0.521,1429422
0.521,1429422
0.525,1429422
0.527,1428946
0.527,1428946
0.528,1428946
0.53,1428946
0.531,1428946
0.532,1428946
0.533,1428946
0.535,1428946
0.538,1428946
0.539,1428946
0.539,1428946
0.544,1425874
0.544,1425874
0.549,1414404
0.555,1414404
0.559,1414404
0.563,1414404
0.565,1414404
0.567,1413820
0.568,1413820
0.569,1413820
0.575,1408250
0.579,1408250
0.58,1408250
0.581,1407018
0.583,1407018
0.585,1407018
0.586,1407018
0.589,1407018
0.589,1407018
0.59,1407018
0.592,1402297
0.593,1402297
0.594,1402297
0.594,1402297
0.595,1402297
0.596,1402297
0.597,1396909
0.604,1396909
0.606,1394226
0.607,1394226
0.61,1394226
0.611,1394226
0.611,1386015
0.613,1386015
0.615,1386015
0.615,1385716
0.616,1385716
0.617,1385716
0.617,1384064
0.618,1384064
0.623,1384064
0.627,1384064
0.628,1384064
0.628,1357681
0.63,1357681
0.631,1357681
0.632,1357681
0.634,1357681
0.636,1357681
0.637,1357681
0.643,1357681
0.647,1357681
0.649,1357681
0.649,1357681
0.65,1357681
0.653,1357681
0.655,1357681
0.656,1357681
0.656,1357681
0.664,1357681
0.665,1357681
0.669,1357681
0.671,1357681
0.674,1357681
0.678,1357681
0.681,1356873
0.681,1356873
0.687,1356873
0.687,1356873
0.697,1356873
0.699,1356873
0.702,1356873
0.708,1356478
0.71,1356478
0.712,1356478
0.715,1355938
0.715,1355938
0.716,1355938
0.72,1355938
0.723,1355938
0.723,1355938
0.724,1355938
0.725,1353178
0.726,1353178
0.735,1353178
0.736,1353178
0.746,1353178
0.748,1353178
0.75,1353178
0.751,1353178
0.751,1353178
0.755,1353178
0.755,1353178
0.757,1353178
0.76,1353178
0.76,1353178
0.765,1353178
0.766,1353178
0.766,1353178
0.767,1353178
0.769,1353178
0.772,1353178
0.776,1353178
0.778,1353178
0.778,1353178
0.78,1353178
0.781,1353178
0.783,1353178
0.784,1353178
0.792,1353178
0.794,1353178
0.797,1353178
0.797,1353178
0.798,1353178
0.801,1353178
0.801,1353178
0.803,1353178
0.805,1353178
0.809,1351106
0.81,1351106
0.811,1351106
0.813,1351106
0.816,1351106
0.818,1351106
0.824,1351106
0.826,1351106
0.826,1351106
0.829,1351106
0.835,1351106
0.835,1351106
0.835,1351106
0.836,1349020
0.838,1349020
0.838,1349020
0.841,1349020
0.847,1349020
0.85,1349020
0.85,1349020
0.85,1349020
0.851,1349020
0.853,1349020
0.855,1349020
0.857,1349020
0.857,1349020
0.859,1349020
0.861,1349020
0.862,1349020
0.863,1349020
0.864,1349020
0.866,1349020
0.873,1349020
0.876,1349020
0.876,1349020
0.877,1349020
0.879,1349020
0.879,1349020
0.883,1349020
0.886,1349020
0.887,1349020
0.887,1349020
0.887,1349020
0.888,1349020
0.889,1349020
0.889,1332895
0.893,1332895
0.894,1332895
0.896,1332895
0.897,1332895
0.898,1332895
0.899,1332895
0.899,1331160
0.902,1331160
0.905,1331160
0.905,1331160
0.907,1327193
0.911,1327193
0.912,1327193
0.92,1327193
0.92,1327193
0.924,1327193
0.924,1327193
0.924,1327193
0.926,1327193
0.927,1327193
0.928,1327193
0.929,1327193
0.931,1327193
0.932,1327193
0.934,1319884
0.934,1319884
0.935,1317284
0.94,1317284
0.942,1317284
0.942,1317284
0.943,1317284
0.951,1317284
0.954,1317284
0.957,1317284
0.957,1317284
0.965,1317284
0.965,1317284
0.965,1317284
0.968,1317284
0.969,1317284
0.972,1317284
0.972,1317284
0.973,1317284
0.974,1317284
0.975,1317284
0.978,1317284
0.981,1317284
0.982,1317284
0.985,1317284
0.985,1317284
0.992,1317284
0.995,1317284
0.998,1317284
1.003,1317284
1.007,1317284
1.012,1317284
1.026,1317284
1.03,1317284
1.033,1317284
1.034,1317284
1.035,1317284
1.036,1317284
1.037,1317284
1.037,1317284
1.037,1317284
1.04,1317284
1.041,1317284
1.046,1317284
1.048,1317284
1.057,1317284
1.059,1317284
1.059,1317284
1.062,1317284
1.064,1317284
1.064,1317284
1.066,1317284
1.068,1317284
1.07,1317284
1.07,1317284
1.07,1317284
1.071,1317284
1.076,1317284
1.08,1317284
1.081,1317284
1.082,1317284
1.083,1317284
1.084,1317284
1.084,1317284
1.085,1317284
1.086,1317284
1.086,1317284
1.089,1317284
1.09,1317284
1.094,1317284
1.095,1317284
1.095,1317284
1.096,1317284
1.096,1317284
1.098,1317284
1.099,1317284
1.112,1316616
1.113,1316616
1.116,1316616
1.116,1316616
1.117,1316616
1.117,1316616
1.118,1316616
1.119,1316616
1.124,1316616
1.124,1316616
1.125,1316616
1.126,1316616
1.126,1316616
1.128,1316616
1.137,1316616
1.145,1316616
1.148,1316616
1.154,1316616
1.155,1316616
1.157,1316616
1.157,1316616
1.158,1316616
1.158,1316616
1.159,1316616
1.161,1316616
1.162,1316616
1.163,1316616
1.167,1316616
1.17,1316616
1.17,1316616
1.171,1316616
1.173,1316616
1.173,1316616
1.174,1316616
1.178,1316616
1.179,1316616
1.18,1316616
1.184,1316616
1.186,1316616
1.189,1316616
1.191,1316616
1.194,1316616
1.196,1316616
1.197,1316616
1.198,1316616
1.199,1316616
1.2,1316616
1.201,1316616
1.202,1316616
1.203,1316616
1.21,1316616
1.21,1316616
1.21,1316616
1.212,1316616
1.213,1316616
1.214,1316616
1.215,1316616
1.217,1316616
1.219,1316616
1.222,1316616
1.223,1316616
1.224,1316616
1.227,1316616
1.231,1316616
1.233,1316616
1.237,1316616
1.239,1316616
1.239,1316616
1.24,1316616
1.242,1316616
1.244,1316616
1.246,1316616
1.25,1316616
1.255,1316616
1.255,1316616
1.257,1316616
1.259,1316616
1.261,1316616
1.262,1316616
1.262,1316616
1.262,1316616
1.268,1316616
1.269,1316616
1.27,1316616
1.271,1316616
1.276,1316616
1.278,1316616
1.279,1316616
1.279,1316616
1.279,1316616
1.286,1316616
1.287,1316616
1.289,1316616
1.289,1316616
1.291,1316616
1.292,1316616
1.293,1316616
1.293,1316616
1.299,1316616
1.301,1316616
1.301,1309185
1.302,1309185
1.302,1309185
1.305,1309185
1.305,1300093
1.305,1300093
1.306,1300093
1.307,1300093
1.308,1300093
1.309,1292558
1.31,1292558
1.317,1292558
1.319,1292558
1.319,1292205
1.324,1292205
1.326,1292205
1.327,1292205
1.332,1292205
1.332,1292205
1.334,1292205
1.341,1292205
1.342,1292205
1.343,1292205
1.344,1292205
1.35,1292205
1.352,1292205
1.353,1292205
1.354,1292205
1.355,1292205
1.356,1292205
1.368,1292205
1.373,1292205
1.377,1292205
1.379,1292205
1.381,1292205
1.381,1292205
1.39,1292205
1.39,1292205
1.392,1292205
1.394,1292205
1.401,1292205
1.403,1292205
1.404,1292205
1.406,1292205
1.408,1292205
1.413,1292205
1.414,1292205
1.416,1292205
1.418,1292205
1.42,1292205
1.421,1292205
1.422,1292205
1.426,1292205
1.426,1292205
1.433,1292205
1.433,1292205
1.44,1292205
1.44,1292205
1.444,1292205
1.448,1292205
1.448,1292205
1.449,1292205
1.45,1292205
1.452,1292205
1.457,1292205
1.458,1292205
1.464,1292205
1.468,1292205
1.471,1292205
1.471,1292205
1.473,1292205
1.473,1292205
1.473,1292205
1.475,1292205
1.477,1292205
1.481,1292205
1.482,1292205
1.486,1292205
1.488,1291466
1.489,1291466
1.492,1291466
1.495,1291466
1.499,1291466
1.503,1291466
1.517,1291466
1.519,1291466
1.519,1291466
1.52,1291466
1.523,1291466
1.526,1291466
1.529,1291466
1.53,1291466
1.534,1291466
1.537,1291466
1.546,1291466
1.549,1291466
1.55,1291466
1.553,1291466
1.555,1291466
1.557,1291466
1.563,1291466
1.564,1291466
1.572,1291466
1.577,1291466
1.577,1291466
1.583,1291466
1.591,1291466
1.593,1291466
1.593,1291466
1.595,1291466
1.596,1291466
1.598,1281946
1.6,1281946
1.602,1281946
1.604,1281946
1.605,1281946
1.605,1281946
1.606,1281946
1.607,1281946
1.608,1281946
1.608,1281946
1.615,1281946
1.616,1281946
1.618,1281946
1.619,1281946
1.62,1281946
1.622,1281946
1.635,1281946
1.636,1281946
1.636,1281946
1.638,1281946
1.645,1281946
1.648,1281946
1.656,1281946
1.657,1281946
1.661,1281946
1.662,1281946
1.664,1281946
1.664,1281946
1.665,1281946
1.665,1281946
1.667,1281946
1.672,1281946
1.675,1281946
1.675,1281946
1.676,1281946
1.679,1281946
1.681,1281946
1.683,1281946
1.683,1281946
1.684,1281946
1.686,1281946
1.69,1281946
1.691,1281608
1.693,1281608
1.694,1281608
1.699,1281608
1.702,1281608
1.704,1281608
1.705,1281608
1.708,1281608
1.712,1281608
1.713,1281608
1.714,1281608
1.715,1281608
1.717,1281608
1.718,1281608
1.723,1281608
1.723,1281608
1.726,1281608
1.727,1281608
1.727,1281608
1.73,1281608
1.734,1281608
1.735,1281608
1.744,1281608
1.747,1281608
1.749,1281608
1.75,1281608
1.75,1281608
1.758,1281608
1.761,1281608
1.762,1281608
1.763,1281608
1.763,1281608
1.764,1281608
1.765,1281608
1.766,1281608
1.774,1281608
1.775,1281608
1.776,1281608
1.777,1281608
1.777,1281608
1.778,1281608
1.779,1281608
1.782,1281608
1.785,1281608
1.788,1281608
1.789,1281608
1.791,1281608
1.794,1281608
1.794,1281608
1.796,1281608
1.798,1281608
1.799,1281608
1.814,1281608
1.815,1281608
1.817,1281608
1.817,1281608
1.817,1281608
1.818,1281608
1.819,1281608
1.822,1281608
1.827,1281608
1.828,1281608
1.828,1281608
1.83,1281608
1.832,1281608
1.833,1281608
1.837,1281608
1.838,1281608
1.839,1281608
1.84,1281608
1.841,1281608
1.842,1281608
1.845,1281608
1.85,1281608
1.851,1281608
1.854,1281608
1.86,1281608
1.861,1281608
1.865,1281608
1.868,1281608
1.88,1281608
1.882,1281608
1.884,1281608
1.887,1281608
1.887,1281608
1.888,1281608
1.889,1281608
1.89,1281608
1.893,1281608
1.893,1281608
1.903,1281608
1.904,1281608
1.905,1281608
1.908,1281608
1.91,1281608
1.91,1281608
1.911,1281608
1.912,1281608
1.913,1281608
1.915,1281608
1.915,1281608
1.919,1281608
1.922,1281608
1.923,1281608
1.926,1281608
1.93,1281608
1.931,1281608
1.94,1281608
1.942,1281608
1.943,1281608
1.948,1281608
1.955,1281608
1.957,1281608
1.957,1281608
1.958,1281608
1.96,1281608
1.961,1281608
1.964,1281608
1.966,1281608
1.967,1281608
1.969,1281608
1.974,1281608
1.977,1281608
1.978,1281608
1.982,1281608
1.987,1281608
1.988,1281608
1.99,1281608
1.994,1281608
1.994,1281608
1.995,1281608
1.996,1281608
1.996,1281608
1.999,1281608
2,1281608
2,1281608
2.004,1281608
2.004,1281608
2.005,1281608
2.005,1281608
2.005,1281608
2.007,1281608
2.011,1281608
2.011,1281608
2.018,1281608
2.027,1281608
2.03,1281608
2.04,1281608
2.041,1281608
2.047,1281608
2.051,1281608
2.06,1281608
2.06,1281608
2.061,1281608
2.062,1281608
2.064,1281608
2.065,1281608
2.071,1281608
2.077,1281608
2.084,1281608
2.085,1281608
2.085,1281608
2.09,1281608
2.092,1281608
2.093,1281608
2.094,1281608
2.095,1281608
2.095,1281608
2.097,1281608
2.097,1281608
2.098,1281608
2.099,1281608
2.102,1281608
2.103,1281608
2.104,1281608
2.106,1281608
2.108,1281608
2.11,1281608
2.11,1281608
2.111,1281608
2.111,1281608
2.112,1281608
2.112,1281608
2.114,1281608
2.114,1281608
2.114,1281608
2.114,1281608
2.116,1281608
2.117,1281608
2.118,1281608
2.123,1281608
2.126,1281608
2.129,1281608
2.13,1281608
2.131,1281608
2.136,1281608
2.138,1281608
2.138,1281608
2.14,1281608
2.142,1281608
2.142,1281608
2.143,1281608
2.148,1281608
2.155,1281608
2.159,1281608
2.161,1281608
2.162,1281608
2.162,1281608
2.165,1281608
2.168,1281608
2.169,1281608
2.171,1281608
2.172,1281608
2.179,1281551
2.18,1281551
2.181,1281551
2.186,1281551
2.19,1281551
2.19,1281551
2.191,1281551
2.194,1281551
2.197,1281551
2.197,1281551
2.198,1281551
2.201,1281551
2.203,1281551
2.204,1281551
2.205,1281551
2.207,1281551
2.208,1281551
2.209,1281373
2.209,1281373
2.21,1281373
2.218,1281373
2.218,1281373
2.219,1281373
2.222,1281373
2.226,1281373
2.226,1281373
2.226,1281373
2.227,1281373
2.229,1281373
2.235,1281373
2.238,1281373
2.238,1281373
2.241,1281373
2.241,1281373
2.243,1281373
2.245,1281373
2.246,1281373
2.248,1281373
2.25,1281373
2.251,1281373
2.254,1281373
2.259,1281373
2.26,1281373
2.263,1281373
2.265,1281373
2.265,1281373
2.267,1281373
2.267,1281373
2.268,1281373
2.271,1281373
2.273,1281373
2.274,1281373
2.276,1281373
2.277,1281373
2.279,1281373
2.28,1281373
2.281,1281373
2.282,1281373
2.284,1281373
2.285,1281373
2.288,1281373
2.29,1281373
2.29,1281373
2.292,1281373
2.296,1281373
2.296,1281373
2.298,1281373
2.303,1281373
2.305,1281373
2.307,1281373
2.308,1281373
2.31,1281373
2.31,1281373
2.311,1281373
2.311,1281373
2.312,1281373
2.317,1281373
2.318,1281373
2.32,1281373
2.324,1281373
2.324,1281373
2.333,1281373
2.341,1281373
2.342,1281373
2.347,1281373
2.347,1281373
2.349,1281373
2.351,1281373
2.351,1281373
2.354,1281373
2.357,1281373
2.358,1281373
2.36,1281373
2.36,1281373
2.364,1281373
2.368,1281373
2.371,1281373
2.371,1281373
2.373,1281373
2.378,1281373
2.384,1281373
2.387,1281373
2.388,1281373
2.392,1281373
2.395,1281373
2.396,1281373
2.409,1281373
2.41,1281373
2.411,1281373
2.412,1281373
2.414,1281373
2.422,1281373
2.422,1281373
2.425,1281373
2.43,1281373
2.431,1281373
2.432,1281373
2.435,1281373
2.439,1281373
2.44,1281373
2.446,1281373
2.448,1281373
2.448,1281373
2.45,1281373
2.451,1281373
2.452,1281373
2.454,1281373
2.458,1281373
2.459,1281373
2.459,1281373
2.459,1281373
2.463,1281373
2.463,1281373
2.47,1281373
2.471,1281373
2.473,1281373
2.473,1281373
2.474,1281373
2.479,1281373
2.481,1281373
2.488,1281373
2.493,1281373
2.5,1281373
2.502,1281373
2.504,1281373
2.51,1281373
2.515,1281373
2.519,1281373
2.523,1281373
2.533,1281373
2.537,1281373
2.538,1281373
2.54,1281373
2.54,1281373
2.543,1281373
2.547,1281373
2.548,1281373
2.548,1281373
2.55,1281373
2.552,1281373
2.555,1281373
2.562,1281373
2.565,1281373
2.576,1281373
2.576,1281373
2.577,1281373
2.577,1281373
2.578,1281373
2.58,1281373
2.581,1281373
2.586,1281373
2.59,1281373
2.59,1281373
2.591,1281373
2.593,1281373
2.597,1281373
2.597,1281373
2.597,1281373
2.599,1281373
2.601,1281373
2.603,1281373
2.603,1281373
2.604,1281373
2.606,1281373
2.607,1281373
2.608,1281373
2.61,1281373
2.618,1281373
2.618,1281373
2.619,1281373
2.619,1281373
2.622,1281373
2.626,1281373
2.628,1281373
2.63,1281373
2.631,1281373
2.632,1281373
2.633,1281373
2.633,1281373
2.635,1281373
2.639,1281373
2.641,1281373
2.645,1281373
2.646,1281373
2.647,1281373
2.647,1281373
2.647,1281373
2.651,1281373
2.653,1281373
2.654,1281373
2.655,1281373
2.656,1281373
2.657,1281373
2.657,1281373
2.664,1281373
2.666,1281373
2.668,1281373
2.673,1281373
2.674,1281373
2.675,1281373
2.676,1281373
2.681,1281373
2.682,1281373
2.683,1281373
2.689,1281373
2.69,1281373
2.69,1281373
2.69,1281373
2.695,1281373
2.699,1281373
2.699,1281373
2.699,1281373
2.7,1281373
2.701,1281373
2.706,1281373
2.708,1281373
2.709,1281373
2.709,1281373
2.71,1281373
2.711,1281373
2.711,1281373
2.712,1281373
2.725,1281373
2.727,1281373
2.73,1281373
2.737,1281373
2.738,1281373
2.739,1281373
2.742,1281373
2.743,1281373
2.743,1281373
2.75,1281373
2.753,1281373
2.755,1281373
2.755,1281373
2.762,1281373
2.763,1281373
2.766,1281373
2.768,1281373
2.773,1281373
2.774,1281373
2.775,1281373
2.776,1281373
2.776,1281373
2.786,1281373
2.788,1281373
2.789,1281373
2.79,1281373
2.791,1281373
2.795,1281373
2.798,1281373
2.798,1281373
2.799,1281373
2.8,1281373
2.8,1281373
2.809,1281373
2.81,1281373
2.812,1281373
2.814,1281373
2.815,1281373
2.816,1281373
2.817,1281373
2.818,1281373
2.819,1281373
2.82,1281373
2.821,1281373
2.824,1281373
2.828,1281373
2.835,1281373
2.839,1281373
2.84,1281373
2.842,1281373
2.85,1281373
2.854,1281373
2.854,1281373
2.854,1281373
2.855,1281373
2.855,1281373
2.858,1281373
2.859,1281373
2.86,1281373
2.861,1281373
2.862,1281373
2.862,1281373
2.862,1281373
2.864,1281373
2.869,1281373
2.87,1281373
2.871,1281373
2.873,1281373
2.875,1281373
2.876,1281373
2.878,1281373
2.881,1281373
2.881,1281373
2.886,1281373
2.887,1281373
2.888,1281373
2.889,1281373
2.889,1281373
2.892,1281373
2.894,1281373
2.895,1281373
2.898,1281373
2.9,1281373
2.9,1281373
2.913,1281373
2.914,1281373
2.914,1281373
2.918,1281373
2.919,1281373
2.921,1281373
2.925,1281373
2.936,1281373
2.937,1281373
2.938,1281373
2.942,1281373
2.943,1281373
2.945,1281373
2.95,1281373
2.951,1281373
2.951,1281373
2.953,1281373
2.954,1281373
2.956,1281373
2.956,1281373
2.958,1281373
2.965,1281373
2.965,1281373
2.966,1281373
2.969,1281373
2.971,1281373
2.971,1281373
2.976,1281373
2.978,1281373
2.984,1281373
2.984,1281373
2.985,1281373
2.985,1281373
2.986,1281373
2.988,1281373
2.991,1281373
2.994,1281373
3,1281373
3.004,1281373
3.005,1281373
3.009,1281373
3.012,1281373
3.013,1281373
3.015,1281373
3.015,1281373
3.019,1281373
3.026,1281373
3.027,1281373
3.028,1281373
3.033,1281373
3.038,1281373
3.038,1281373
3.042,1281373
3.044,1281373
3.044,1281373
3.048,1281373
3.049,1281373
3.051,1281373
3.051,1281373
3.051,1281373
3.053,1281373
3.055,1281373
3.062,1281373
3.064,1281373
3.066,1281373
3.075,1281373
3.08,1281373
3.083,1281373
3.084,1281373
3.086,1281373
3.087,1281373
3.091,1281373
3.099,1281373
3.099,1281373
3.104,1281373
3.105,1281373
3.106,1281373
3.107,1281373
3.116,1281373
3.117,1281373
3.117,1281373
3.118,1281373
3.118,1281373
3.123,1281373
3.124,1281373
3.125,1281373
3.127,1281373
3.13,1281373
3.131,1281373
3.134,1281373
3.139,1281373
3.142,1281373
3.147,1281373
3.148,1281373
3.149,1281373
3.149,1281373
3.151,1281373
3.159,1281373
3.162,1281373
3.164,1281373
3.168,1281373
3.171,1281373
3.174,1281373
3.174,1281373
3.177,1281373
3.179,1281373
3.18,1281373
3.188,1281373
3.194,1281373
3.197,1281373
3.198,1281373
3.198,1281373
3.201,1281373
3.201,1281373
3.206,1281373
3.208,1281373
3.209,1281373
3.212,1281373
3.212,1281373
3.214,1281373
3.215,1281373
3.215,1281373
3.215,1281373
3.216,1281373
3.218,1281373
3.219,1281373
3.219,1281373
3.221,1281373
3.224,1281373
3.225,1281373
3.225,1281373
3.227,1281373
3.228,1281373
3.238,1281373
3.239,1281373
3.239,1281373
3.24,1281373
3.242,1281373
3.242,1281373
3.245,1281373
3.246,1281373
3.251,1281373
3.254,1281373
3.259,1281373
3.259,1281373
3.266,1281373
3.266,1281373
3.27,1281373
3.273,1281373
3.273,1281373
3.274,1281373
3.276,1281373
3.277,1281373
3.28,1281373
3.281,1281373
3.282,1281373
3.287,1281373
3.288,1281373
3.293,1281373
3.295,1281373
3.296,1281373
3.298,1281373
3.299,1281373
3.303,1281373
3.304,1281373
3.313,1281373
3.314,1281373
3.314,1281373
3.318,1281373
3.32,1281373
3.326,1281373
3.333,1281373
3.333,1281373
3.333,1281373
3.334,1281373
3.337,1281373
3.337,1281373
3.34,1281373
3.342,1281373
3.344,1281373
3.348,1281373
3.348,1281373
3.357,1281373
3.36,1281373
3.362,1281373
3.362,1281373
3.362,1281373
3.363,1281373
3.368,1281373
3.369,1281373
3.37,1281373
3.376,1281373
3.382,1281373
3.383,1281373
3.386,1281373
3.387,1281373
3.387,1281373
3.388,1281373
3.389,1281373
3.391,1281373
3.4,1281373
3.404,1281373
3.404,1281373
3.404,1281373
3.413,1281373
3.414,1281373
3.418,1281373
3.42,1281373
3.421,1281373
3.422,1281373
3.426,1281373
3.428,1281373
3.433,1281373
3.435,1281373
3.448,1281373
3.451,1281373
3.453,1281373
3.457,1281373
3.457,1281373
3.457,1281373
3.458,1281373
3.46,1281373
3.462,1281373
3.464,1281373
3.465,1281373
3.467,1281373
3.469,1281373
3.469,1281373
3.472,1281373
3.474,1281373
3.477,1281373
3.481,1281373
3.483,1281373
3.485,1281373
3.486,1281373
3.491,1281373
3.492,1281373
3.492,1281373
3.492,1281373
3.499,1281373
3.503,1281373
3.507,1281373
3.507,1281373
3.509,1281373
3.51,1281373
3.513,1281373
3.519,1281373
3.52,1281373
3.523,1281373
3.524,1281373
3.524,1281373
3.525,1281373
3.531,1281373
3.533,1281373
3.538,1281373
3.538,1281373
3.539,1281373
3.542,1281373
3.542,1281373
3.543,1281373
3.546,1281373
3.547,1281373
3.549,1281373
3.55,1281373
3.551,1281373
3.552,1281373
3.554,1281373
3.555,1281373
3.557,1281373
3.557,1281373
3.559,1281373
3.564,1281373
3.565,1281373
3.566,1281373
3.568,1281373
3.572,1281373
3.58,1281373
3.581,1281373
3.584,1281373
3.585,1281373
3.589,1281373
3.591,1281373
3.592,1281373
3.593,1281373
3.593,1281373
3.597,1281373
3.599,1281373
3.605,1281373
3.608,1281373
3.609,1281373
3.609,1281373
3.611,1281373
3.613,1281373
3.615,1281373
3.615,1281373
3.616,1281373
3.616,1281373
3.619,1281373
3.621,1281373
3.622,1281373
3.623,1281373
3.627,1281373
3.629,1281373
3.629,1281373
3.63,1281373
3.63,1281373
3.63,1281373
3.632,1281373
3.636,1281373
3.64,1281373
3.642,1281373
3.646,1281373
3.652,1281373
3.652,1281373
3.657,1281373
3.657,1281373
3.668,1281373
3.671,1281373
3.671,1281373
3.673,1281373
3.675,1281373
3.676,1281373
3.676,1281373
3.679,1281373
3.686,1281373
3.688,1281373
3.689,1281373
3.691,1281373
3.691,1281373
3.695,1281373
3.698,1281373
3.7,1281373
3.701,1281373
3.702,1281373
3.703,1281373
3.703,1281373
3.703,1281373
3.704,1281373
3.706,1281373
3.708,1281373
3.709,1281373
3.709,1281373
3.711,1281373
3.715,1281373
3.717,1281373
3.718,1281373
3.723,1281373
3.726,1281373
3.728,1281373
3.728,1281373
3.737,1281373
3.74,1281373
3.742,1281373
3.748,1281373
3.748,1281373
3.749,1281373
3.749,1281373
3.752,1281373
3.754,1281373
3.755,1281373
3.755,1281373
3.755,1281373
3.756,1281373
3.756,1281373
3.764,1281373
3.766,1281373
3.768,1281373
3.768,1281373
3.77,1281373
3.772,1281373
3.772,1281373
3.773,1281373
3.777,1281373
3.784,1281373
3.789,1281373
3.79,1281373
3.791,1281373
3.792,1281373
3.793,1281373
3.795,1281373
3.795,1281373
3.8,1281373
3.801,1281373
3.809,1281373
3.81,1281373
3.811,1281373
3.815,1281373
3.819,1281373
3.82,1281373
3.824,1281373
3.824,1281373
3.831,1281373
3.832,1281373
3.832,1281373
3.838,1281373
3.841,1281373
3.846,1281373
3.848,1281373
3.852,1281373
3.853,1281373
3.854,1281373
3.854,1281373
3.858,1281373
3.86,1281373
3.863,1281373
3.864,1281373
3.864,1281373
3.864,1281373
3.865,1281373
3.868,1281373
3.875,1281373
3.877,1281373
3.881,1281373
3.882,1281373
3.883,1281373
3.886,1281373
3.89,1281373
3.89,1281373
3.895,1281373
3.902,1281373
3.904,1281373
3.904,1281373
3.905,1281373
3.907,1281373
3.908,1281373
3.908,1281373
3.91,1281373
3.914,1281373
3.916,1281373
3.916,1281373
3.918,1281373
3.919,1281373
3.92,1281373
3.924,1281373
3.927,1281373
3.927,1281373
3.928,1281373
3.931,1281373
3.931,1281373
3.934,1281373
3.935,1281373
3.941,1281373
3.942,1281373
3.948,1281373
3.948,1281373
3.95,1281373
3.953,1281373
3.953,1281373
3.956,1281373
3.957,1281373
3.957,1281373
3.959,1281373
3.961,1281373
3.961,1281373
3.963,1281373
3.966,1281373
3.967,1281373
3.969,1281373
3.971,1281373
3.981,1281373
3.984,1281373
3.984,1281373
3.986,1281373
3.987,1281373
3.992,1281373
3.993,1281373
3.997,1281373
3.999,1281373
4,1281373
4.001,1281373
4.001,1281373
4.002,1281373
4.003,1281373
4.008,1281373
4.009,1281373
4.011,1281373
4.012,1281373
4.014,1281373
4.014,1281373
4.026,1281373
4.028,1281373
4.031,1281373
4.032,1281373
4.032,1281373
4.032,1281373
4.033,1281373
4.044,1281373
4.044,1281373
4.049,1281373
4.049,1281373
4.05,1281373
4.051,1281373
4.054,1281373
4.056,1281373
4.06,1281373
4.064,1281373
4.065,1281373
4.072,1281373
4.073,1281373
4.073,1281373
4.074,1281373
4.075,1281373
4.075,1281373
4.078,1281373
4.079,1281373
4.084,1281373
4.086,1281373
4.086,1281373
4.087,1281373
4.096,1281373
4.1,1281373
4.102,1281373
4.104,1281373
4.106,1281373
4.106,1281373
4.108,1281373
4.112,1281373
4.113,1281373
4.113,1281373
4.114,1281373
4.115,1281373
4.12,1281373
4.122,1281373
4.125,1281373
4.126,1281373
4.131,1281373
4.134,1281373
4.136,1281373
4.136,1281373
4.138,1281373
4.148,1281373
4.151,1281373
4.152,1281373
4.153,1281373
4.155,1281373
4.159,1281373
4.16,1281373
4.162,1281373
4.167,1281373
4.173,1281373
4.176,1281373
4.177,1281373
4.177,1281373
4.178,1281373
4.178,1281373
4.179,1281373
4.181,1281373
4.181,1281373
4.185,1281373
4.186,1281373
4.187,1281373
4.187,1281373
4.187,1281373
4.191,1281373
4.191,1281373
4.192,1281373
4.193,1281373
4.195,1281373
4.201,1281373
4.212,1281373
4.218,1281373
4.219,1281373
4.219,1281373
4.22,1281373
4.225,1281373
4.225,1281373
4.225,1281373
4.233,1281373
4.235,1281373
4.237,1281373
4.242,1281373
4.242,1281373
4.247,1281373
4.248,1281373
4.251,1281373
4.252,1281373
4.254,1281373
4.254,1281373
4.257,1281373
4.259,1281373
4.262,1281373
4.265,1281373
4.266,1281373
4.267,1281373
4.269,1281373
4.271,1281373
4.271,1281373
4.274,1281373
4.278,1281373
4.279,1281373
4.283,1281373
4.286,1281373
4.288,1281373
4.288,1281373
4.292,1281373
4.296,1281373
4.3,1281373
4.301,1281373
4.302,1281373
4.304,1281373
4.306,1281373
4.31,1281373
4.314,1281373
4.315,1281373
4.315,1281373
4.318,1281373
4.319,1281373
4.327,1281373
4.33,1281373
4.33,1281373
4.333,1281373
4.341,1281373
4.344,1281373
4.344,1281373
4.345,1281373
4.346,1281373
4.349,1281373
4.35,1281373
4.352,1281373
4.353,1281373
4.358,1281373
4.359,1281373
4.364,1281373
4.365,1281373
4.367,1281373
4.369,1281373
4.373,1281373
4.375,1281373
4.375,1281373
4.377,1281373
4.377,1281373
4.381,1281373
4.382,1281373
4.388,1281373
4.39,1281373
4.391,1281373
4.392,1281373
4.397,1281373
4.4,1281373
4.401,1281373
4.405,1281373
4.406,1281373
4.408,1281373
4.413,1281373
4.414,1281373
4.415,1281373
4.417,1281373
4.417,1281373
4.419,1281373
4.421,1281373
4.425,1281373
4.427,1281373
4.428,1281373
4.432,1281373
4.436,1281373
4.438,1281373
4.442,1281373
4.445,1281373
4.445,1281373
4.446,1281373
4.448,1281373
4.452,1281373
4.453,1281373
4.453,1281373
4.453,1281373
4.454,1281373
4.456,1281373
4.456,1281373
4.457,1281373
4.46,1281373
4.461,1281373
4.464,1281373
4.466,1281373
4.47,1281373
4.47,1281373
4.474,1281373
4.476,1281373
4.477,1281373
4.479,1281373
4.483,1281373
4.485,1281373
4.485,1281373
4.493,1281373
4.496,1281373
4.496,1281373
4.5,1281373
4.507,1281373
4.509,1281373
4.516,1281373
4.517,1281373
4.518,1281373
4.519,1281373
4.519,1281373
4.523,1281373
4.523,1281373
4.524,1281373
4.524,1281373
4.528,1281373
4.529,1281373
4.53,1281373
4.531,1281373
4.531,1281373
4.533,1281373
4.533,1281373
4.535,1281373
4.544,1281373
4.544,1281373
4.548,1281373
4.55,1281373
4.553,1281373
4.557,1281373
4.557,1281373
4.558,1281373
4.559,1281373
4.561,1281373
4.562,1281373
4.563,1281373
4.564,1281373
4.572,1281373
4.572,1281373
4.574,1281373
4.582,1281373
4.585,1281373
4.586,1281373
4.591,1281373
4.593,1281373
4.595,1281373
4.596,1281373
4.598,1281373
4.603,1281373
4.604,1281373
4.609,1281373
4.609,1281373
4.61,1281373
4.61,1281373
4.616,1281373
4.617,1281373
4.617,1281373
4.618,1281373
4.62,1281373
4.622,1281373
4.622,1281373
4.624,1281373
4.625,1281373
4.626,1281373
4.626,1281373
4.626,1281373
4.628,1281373
4.629,1281373
4.633,1281373
4.636,1281373
4.638,1281373
4.642,1281373
4.644,1281373
4.645,1281373
4.65,1281373
4.651,1281373
4.651,1281373
4.656,1281373
4.657,1281373
4.658,1281373
4.665,1281373
4.665,1281373
4.665,1281373
4.665,1281373
4.672,1281373
4.672,1281373
4.673,1281373
4.673,1281373
4.677,1281373
4.679,1281373
4.68,1281373
4.683,1281373
4.684,1281373
4.687,1281373
4.691,1281373
4.695,1281373
4.696,1281373
4.697,1281373
4.697,1281373
4.698,1281373
4.7,1281373
4.701,1281373
4.702,1281373
4.703,1281373
4.705,1281373
4.708,1281373
4.709,1281373
4.711,1281373
4.714,1281373
4.714,1281373
4.715,1281373
4.715,1281373
4.716,1281373
4.719,1281373
4.72,1281373
4.722,1281373
4.73,1281373
4.736,1281373
4.739,1281373
4.739,1281373
4.74,1281373
4.74,1281373
4.742,1281373
4.742,1281373
4.745,1281373
4.745,1281373
4.747,1281373
4.749,1281373
4.751,1281373
4.754,1281373
4.761,1281373
4.762,1281373
4.763,1281373
4.765,1281373
4.77,1281373
4.772,1281373
4.772,1281373
4.775,1281373
4.775,1281373
4.779,1281373
4.781,1281373
4.782,1281373
4.782,1281373
4.782,1281373
4.786,1281373
4.788,1281373
4.788,1281373
4.795,1281373
4.796,1281373
4.8,1281373
4.8,1281373
4.802,1281373
4.807,1281373
4.812,1281373
4.813,1281373
4.815,1281373
4.817,1281373
4.822,1281373
4.822,1281373
4.825,1281373
4.826,1281373
4.827,1281373
4.831,1281373
4.832,1281373
4.833,1281373
4.833,1281373
4.839,1281373
4.839,1281373
4.845,1281373
4.852,1281373
4.856,1281373
4.857,1281373
4.857,1281373
4.858,1281373
4.861,1281373
4.866,1281373
4.867,1281373
4.871,1281373
4.873,1281373
4.875,1281373
4.876,1281373
4.876,1281373
4.879,1281373
4.879,1281373
4.88,1281373
4.881,1281373
4.882,1281373
4.883,1281373
4.885,1281373
4.888,1281373
4.889,1281373
4.892,1281373
4.894,1281373
4.895,1281373
4.899,1281373
4.899,1281373
4.901,1281373
4.902,1281373
4.903,1281373
4.904,1281373
4.904,1281373
4.905,1281373
4.907,1281373
4.909,1281373
4.91,1281373
4.911,1281373
4.914,1281373
4.917,1281373
4.924,1281373
4.926,1281373
4.927,1281373
4.927,1281373
4.928,1281373
4.929,1281373
4.932,1281373
4.934,1281373
4.934,1281373
4.939,1281373
4.942,1281373
4.943,1281373
4.949,1281373
4.949,1281373
4.956,1281373
4.959,1281373
4.963,1281373
4.963,1281373
4.964,1281373
4.97,1281373
4.973,1281373
4.974,1281373
4.978,1281373
4.981,1281373
4.982,1281373
4.983,1281373
4.984,1281373
4.986,1281373
4.993,1281373
4.995,1281373
4.997,1281373
4.998,1281373
5,1281373
5.004,1281373
5.007,1281373
5.009,1281373
5.011,1281373
5.012,1281373
5.012,1281373
5.014,1281373
5.018,1281373
5.02,1281373
5.021,1281373
5.023,1281373
5.027,1281373
5.029,1281373
5.032,1281373
5.034,1281373
5.036,1281373
5.036,1281373
5.037,1281373
5.038,1281373
5.038,1281373
5.042,1281373
5.043,1281373
5.043,1281373
5.044,1281373
5.045,1281373
5.046,1281373
5.048,1281373
5.049,1281373
5.049,1281373
5.05,1281373
5.053,1281373
5.055,1281373
5.06,1281373
5.071,1281373
5.073,1281373
5.077,1281373
5.081,1281373
5.081,1281373
5.082,1281373
5.086,1281373
5.089,1281373
5.092,1281373
5.093,1281373
5.094,1281373
5.097,1281373
5.101,1281373
5.102,1281373
5.103,1281373
5.106,1281373
5.11,1281373
5.11,1281373
5.111,1281373
5.112,1281373
5.113,1281373
5.116,1281373
5.12,1281373
5.12,1281373
5.124,1281373
5.124,1281373
5.125,1281373
5.127,1281373
5.128,1281373
5.128,1281373
5.132,1281373
5.133,1281373
5.133,1281373
5.134,1281373
5.136,1281373
5.136,1281373
5.138,1281373
5.141,1281373
5.142,1281373
5.143,1281373
5.143,1281373
5.143,1281373
5.145,1281373
5.147,1281373
5.149,1281373
5.15,1281373
5.155,1281373
5.16,1281373
5.161,1281373
5.166,1281373
5.174,1281373
5.175,1281373
5.175,1281373
5.178,1281373
5.181,1281373
5.182,1281373
5.182,1281373
5.183,1281373
5.184,1281373
5.186,1281373
5.187,1281373
5.187,1281373
5.19,1281373
5.198,1281373
5.199,1281373
5.204,1281373
5.204,1281373
5.206,1281373
5.209,1281373
5.213,1281373
5.215,1281373
5.216,1281373
5.218,1281373
5.223,1281373
5.224,1281373
5.224,1281373
5.227,1281373
5.228,1281373
5.229,1281373
5.23,1281373
5.231,1281373
5.232,1281373
5.235,1281373
5.241,1281373
5.246,1281373
5.246,1281373
5.25,1281373
5.25,1281373
5.251,1281373
5.252,1281373
5.253,1281373
5.255,1281373
5.256,1281373
5.256,1281373
5.257,1281373
5.265,1281373
5.267,1281373
5.268,1281373
5.269,1281373
5.273,1281373
5.274,1281373
5.276,1281373
5.28,1281373
5.282,1281373
5.283,1281373
5.291,1281373
5.294,1281373
5.295,1281373
5.296,1281373
5.299,1281373
5.302,1281373
5.302,1281373
5.305,1281373
5.31,1281373
5.31,1281373
5.316,1281373
5.316,1281373
5.317,1281373
5.318,1281373
5.321,1281373
5.324,1281373
5.324,1281373
5.326,1281373
5.327,1281373
5.329,1281373
5.334,1281373
5.336,1281373
5.338,1281373
5.339,1281373
5.34,1281373
5.341,1281373
5.342,1281373
5.346,1281373
5.347,1281373
5.35,1281373
5.35,1281373
5.353,1281373
5.354,1281373
5.36,1281373
5.361,1281373
5.363,1281373
5.364,1281373
5.366,1281373
5.368,1281373
5.373,1281373
5.374,1281373
5.378,1281373
5.384,1281373
5.39,1281373
5.391,1281373
5.398,1281373
5.398,1281373
5.398,1281373
5.404,1281373
5.406,1281373
5.407,1281373
5.408,1281373
5.413,1281373
5.413,1281373
5.417,1281373
5.417,1281373
5.42,1281373
5.423,1281373
5.426,1281373
5.429,1281373
5.433,1281373
5.438,1281373
5.439,1281373
5.442,1281373
5.443,1281373
5.445,1281373
5.446,1281373
5.449,1281373
5.451,1281373
5.461,1281373
5.467,1281373
5.468,1281373
5.47,1281373
5.471,1281373
5.473,1281373
5.476,1281373
5.478,1281373
5.481,1281373
5.481,1281373
5.482,1281373
5.483,1281373
5.484,1281373
5.485,1281373
5.485,1281373
5.487,1281373
5.489,1281373
5.491,1281373
5.492,1281373
5.493,1281373
5.494,1281373
5.499,1281373
5.5,1281373
5.502,1281373
5.505,1281373
5.506,1281373
5.509,1281373
5.51,1281373
5.512,1281373
5.514,1281373
5.52,1281373
5.522,1281373
5.523,1281373
5.528,1281373
5.53,1281373
5.53,1281373
5.53,1281373
5.532,1281373
5.535,1281373
5.535,1281373
5.536,1281373
5.538,1281373
5.541,1281373
5.543,1281373
5.547,1281373
5.552,1281373
5.561,1281373
5.563,1281373
5.566,1281373
5.571,1281373
5.571,1281373
5.576,1281373
5.581,1281373
5.587,1281373
5.587,1281373
5.587,1281373
5.588,1281373
5.596,1281373
5.596,1281373
5.597,1281373
5.597,1281373
5.597,1281373
5.599,1281373
5.605,1281373
5.607,1281373
5.61,1281373
5.611,1281373
5.613,1281373
5.613,1281373
5.617,1281373
5.617,1281373
5.623,1281373
5.625,1281373
5.625,1281373
5.631,1281373
5.633,1281373
5.634,1281373
5.641,1281373
5.647,1281373
5.648,1281373
5.648,1281373
5.652,1281373
5.655,1281373
5.658,1281373
5.66,1281373
5.661,1281373
5.661,1281373
5.665,1281373
5.67,1281373
5.671,1281373
5.672,1281373
5.673,1281373
5.674,1281373
5.675,1281373
5.675,1281373
5.684,1281373
5.685,1281373
5.685,1281373
5.687,1281373
5.688,1281373
5.688,1281373
5.692,1281373
5.697,1281373
5.697,1281373
5.7,1281373
5.702,1281373
5.704,1281373
5.708,1281373
5.711,1281373
5.712,1281373
5.716,1281373
5.717,1281373
5.72,1281373
5.724,1281373
5.729,1281373
5.732,1281373
5.733,1281373
5.734,1281373
5.736,1281373
5.736,1281373
5.738,1281373
5.739,1281373
5.742,1281373
5.744,1281373
5.747,1281373
5.748,1281373
5.749,1281373
5.751,1281373
5.751,1281373
5.752,1281373
5.754,1281373
5.755,1281373
5.763,1281373
5.763,1281373
5.763,1281373
5.764,1281373
5.769,1281373
5.774,1281373
5.778,1281373
5.778,1281373
5.779,1281373
5.779,1281373
5.784,1281373
5.788,1281373
5.79,1281373
5.792,1281373
5.795,1281373
5.796,1281373
5.799,1281373
5.8,1281373
5.803,1281373
5.804,1281373
5.804,1281373
5.806,1281373
5.806,1281373
5.807,1281373
5.81,1281373
5.81,1281373
5.812,1281373
5.812,1281373
5.812,1281373
5.812,1281373
5.814,1281373
5.814,1281373
5.818,1281373
5.82,1281373
5.83,1281373
5.833,1281373
5.833,1281373
5.834,1281373
5.835,1281373
5.836,1281373
5.837,1281373
5.838,1281373
5.842,1281373
5.844,1281373
5.847,1281373
5.849,1281373
5.85,1281373
5.851,1281373
5.857,1281373
5.859,1281373
5.862,1281373
5.863,1281373
5.863,1281373
5.863,1281373
5.865,1281373
5.867,1281373
5.867,1281373
5.87,1281373
5.871,1281373
5.871,1281373
5.872,1281373
5.875,1281373
5.875,1281373
5.877,1281373
5.88,1281373
5.885,1281373
5.886,1281373
5.887,1281373
5.891,1281373
5.891,1281373
5.892,1281373
5.901,1281373
5.901,1281373
5.904,1281373
5.904,1281373
5.905,1281373
5.907,1281373
5.908,1281373
5.909,1281373
5.91,1281373
5.911,1281373
5.911,1281373
5.911,1281373
5.92,1281373
5.923,1281373
5.926,1281373
5.926,1281373
5.927,1281373
5.932,1281373
5.934,1281373
5.936,1281373
5.939,1281373
5.939,1281373
5.939,1281373
5.94,1281373
5.944,1281373
5.944,1281373
5.948,1281373
5.949,1281373
5.95,1281373
5.953,1281373
5.958,1281373
5.959,1281373
5.959,1281373
5.961,1281373
5.961,1281373
5.962,1281373
5.964,1281373
5.966,1281373
5.967,1281373
5.968,1281373
5.969,1281373
5.974,1281373
5.975,1281373
5.978,1281373
5.983,1281373
5.983,1281373
5.985,1281373
5.993,1281373
5.995,1281373
5.996,1281373
5.997,1281373
5.997,1281373
5.999,1281373
6.008,1281373
6.009,1281373
6.015,1281373
6.016,1281373
6.016,1281373
6.018,1281373
6.025,1281373
6.026,1281373
6.027,1281373
6.036,1281373
6.036,1281373
6.037,1281373
6.042,1281373
6.045,1281373
6.048,1281373
6.051,1281373
6.051,1281373
6.052,1281373
6.052,1281373
6.053,1281373
6.055,1281373
6.059,1281373
6.072,1281373
6.073,1281373
6.075,1281373
6.077,1281373
6.079,1281373
6.08,1281373
6.081,1281373
6.082,1281373
6.082,1281373
6.083,1281373
6.084,1281373
6.085,1281373
6.087,1281373
6.089,1281373
6.092,1281373
6.097,1281373
6.098,1281373
6.099,1281373
6.104,1281373
6.109,1281373
6.113,1281373
6.115,1281373
6.117,1281373
6.119,1281373
6.12,1281373
6.122,1281373
6.123,1281373
6.124,1281373
6.13,1281373
6.134,1281373
6.134,1281373
6.135,1281373
6.14,1281373
6.143,1281373
6.144,1281373
6.152,1281373
6.162,1281373
6.164,1281373
6.166,1281373
6.168,1281373
6.17,1281373
6.171,1281373
6.171,1281373
6.173,1281373
6.173,1281373
6.174,1281373
6.175,1281373
6.179,1281373
6.181,1281373
6.187,1281373
6.189,1281373
6.19,1281373
6.191,1281373
6.196,1281373
6.198,1281373
6.201,1281373
6.204,1281373
6.204,1281373
6.207,1281373
6.208,1281373
6.208,1281373
6.209,1281373
6.213,1281373
6.213,1281373
6.217,1281373
6.218,1281373
6.222,1281373
6.225,1281373
6.227,1281373
6.229,1281373
6.234,1281373
6.236,1281373
6.241,1281373
6.242,1281373
6.249,1281373
6.254,1281373
6.26,1281373
6.263,1281373
6.264,1281373
6.265,1281373
6.273,1281373
6.277,1281373
6.278,1281373
6.284,1281373
6.284,1281373
6.29,1281373
6.291,1281373
6.294,1281373
6.299,1281373
6.303,1281373
6.313,1281373
6.317,1281373
6.319,1281373
6.32,1281373
6.323,1281373
6.324,1281373
6.326,1281373
6.328,1281373
6.33,1281373
6.33,1281373
6.33,1281373
6.33,1281373
6.331,1281373
6.333,1281373
6.337,1281373
6.338,1281373
6.34,1281373
6.341,1281373
6.341,1281373
6.342,1281373
6.343,1281373
6.343,1281373
6.348,1281373
6.349,1281373
6.351,1281373
6.356,1281373
6.357,1281373
6.358,1281373
6.36,1281373
6.36,1281373
6.361,1281373
6.362,1281373
6.362,1281373
6.364,1281373
6.365,1281373
6.366,1281373
6.373,1281373
6.375,1281373
6.376,1281373
6.378,1281373
6.379,1281373
6.379,1281373
6.38,1281373
6.38,1281373
6.383,1281373
6.384,1281373
6.385,1281373
6.389,1281373
6.391,1281373
6.391,1281373
6.393,1281373
6.393,1281373
6.394,1281373
6.4,1281373
6.4,1281373
6.401,1281373
6.401,1281373
6.402,1281373
6.408,1281373
6.41,1281373
6.411,1281373
6.411,1281373
6.414,1281373
6.415,1281373
6.415,1281373
6.421,1281373
6.421,1281373
6.422,1281373
6.423,1281373
6.426,1281373
6.432,1281373
6.432,1281373
6.433,1281373
6.435,1281373
6.438,1281373
6.438,1281373
6.44,1281373
6.441,1281373
6.443,1281373
6.444,1281373
6.446,1281373
6.448,1281373
6.452,1281373
6.456,1281373
6.457,1281373
6.466,1281373
6.478,1281373
6.479,1281373
6.481,1281373
6.482,1281373
6.484,1281373
6.484,1281373
6.486,1281373
6.486,1281373
6.487,1281373
6.496,1281373
6.497,1281373
6.498,1281373
6.499,1281373
6.5,1281373
6.501,1281373
6.504,1281373
6.507,1281373
6.508,1281373
6.514,1281373
6.514,1281373
6.515,1281373
6.518,1281373
6.52,1281373
6.522,1281373
6.523,1281373
6.527,1281373
6.529,1281373
6.53,1281373
6.53,1281373
6.531,1281373
6.535,1281373
6.535,1281373
6.542,1281373
6.543,1281373
6.548,1281373
6.549,1281373
6.55,1281373
6.551,1281373
6.553,1281373
6.554,1281373
6.554,1281373
6.556,1281373
6.56,1281373
6.566,1281373
6.566,1281373
6.569,1281373
6.569,1281373
6.576,1281373
6.579,1281373
6.582,1281373
6.586,1281373
6.588,1281373
6.588,1281373
6.595,1281373
6.6,1281373
6.602,1281373
6.605,1281373
6.605,1281373
6.61,1281373
6.614,1281373
6.616,1281373
6.617,1281373
6.619,1281373
6.619,1281373
6.621,1281373
6.621,1281373
6.623,1281373
6.625,1281373
6.626,1281373
6.627,1281373
6.627,1281373
6.633,1281373
6.642,1281373
6.651,1281373
6.653,1281373
6.657,1281373
6.658,1281373
6.661,1281373
6.662,1281373
6.665,1281373
6.67,1281373
6.672,1281373
6.681,1281373
6.682,1281373
6.684,1281373
6.685,1281373
6.69,1281373
6.692,1281373
6.692,1281373
6.692,1281373
6.693,1281373
6.693,1281373
6.698,1281373
6.701,1281373
6.706,1281373
6.708,1281373
6.709,1281373
6.718,1281373
6.718,1281373
6.719,1281373
6.721,1281373
6.723,1281373
6.725,1281373
6.726,1281373
6.733,1281373
6.734,1281373
6.734,1281373
6.741,1281373
6.746,1281373
6.749,1281373
6.751,1281373
6.751,1281373
6.752,1281373
6.756,1281373
6.759,1281373
6.761,1281373
6.762,1281373
6.763,1281373
6.768,1281373
6.774,1281373
6.775,1281373
6.777,1281373
6.777,1281373
6.78,1281373
6.781,1281373
6.782,1281373
6.782,1281373
6.787,1281373
6.79,1281373
6.795,1281373
6.798,1281373
6.799,1281373
6.805,1281373
6.807,1281373
6.813,1281373
6.819,1281373
6.82,1281373
6.82,1281373
6.824,1281373
6.824,1281373
6.826,1281373
6.826,1281373
6.828,1281373
6.828,1281373
6.828,1281373
6.829,1281373
6.831,1281373
6.834,1281373
6.836,1281373
6.837,1281373
6.84,1281373
6.842,1281373
6.844,1281373
6.844,1281373
6.85,1281373
6.852,1281373
6.853,1281373
6.854,1281373
6.857,1281373
6.86,1281373
6.86,1281373
6.864,1281373
6.865,1281373
6.867,1281373
6.874,1281373
6.876,1281373
6.876,1281373
6.881,1281373
6.884,1281373
6.887,1281373
6.89,1281373
6.891,1281373
6.893,1281373
6.893,1281373
6.894,1281373
6.894,1281373
6.896,1281373
6.897,1281373
6.898,1281373
6.899,1281373
6.9,1281373
6.901,1281373
6.901,1281373
6.903,1281373
6.909,1281373
6.91,1281373
6.913,1281373
6.915,1281373
6.916,1281373
6.922,1281373
6.936,1281373
6.936,1281373
6.942,1281373
6.945,1281373
6.949,1281373
6.95,1281373
6.951,1281373
6.951,1281373
6.952,1281373
6.958,1281373
6.961,1281373
6.962,1281373
6.97,1281373
6.976,1281373
6.978,1281373
6.981,1281373
6.992,1281373
6.998,1281373
7.003,1281373
7.005,1281373
7.008,1281373
7.009,1281373
7.012,1281373
7.013,1281373
7.016,1281373
7.018,1281373
7.02,1281373
7.022,1281373
7.024,1281373
7.025,1281373
7.026,1281373
7.026,1281373
7.033,1281373
7.034,1281373
7.039,1281373
7.04,1281373
7.041,1281373
7.044,1281373
7.045,1281373
7.048,1281373
7.055,1281373
7.057,1281373
7.062,1281373
7.062,1281373
7.063,1281373
7.063,1281373
7.065,1281373
7.067,1281373
7.072,1281373
7.075,1281373
7.075,1281373
7.079,1281373
7.079,1281373
7.082,1281373
7.082,1281373
7.082,1281373
7.085,1281373
7.086,1281373
7.087,1281373
7.089,1281373
7.097,1281373
7.099,1281373
7.102,1281373
7.103,1281373
7.103,1281373
7.105,1281373
7.107,1281373
7.11,1281373
7.112,1281373
7.113,1281373
7.119,1281373
7.121,1281373
7.121,1281373
7.127,1281373
7.133,1281373
7.136,1281373
7.137,1281373
7.141,1281373
7.143,1281373
7.144,1281373
7.146,1281373
7.148,1281373
7.148,1281373
7.148,1281373
7.148,1281373
7.15,1281373
7.151,1281373
7.152,1281373
7.154,1281373
7.156,1281373
7.16,1281373
7.162,1281373
7.163,1281373
7.164,1281373
7.166,1281373
7.166,1281373
7.167,1281373
7.167,1281373
7.168,1281373
7.171,1281373
7.173,1281373
7.177,1281373
7.177,1281373
7.178,1281373
7.178,1281373
7.178,1281373
7.178,1281373
7.179,1281373
7.18,1281373
7.181,1281373
7.183,1281373
7.185,1281373
7.186,1281373
7.189,1281373
7.189,1281373
7.19,1281373
7.19,1281373
7.191,1281373
7.196,1281373
7.204,1281373
7.204,1281373
7.209,1281373
7.217,1281373
7.218,1281373
7.223,1281373
7.225,1281373
7.228,1281373
7.232,1281373
7.233,1281373
7.235,1281373
7.24,1281373
7.241,1281373
7.243,1281373
7.246,1281373
7.246,1281373
7.248,1281373
7.25,1281373
7.252,1281373
7.254,1281373
7.254,1281373
7.255,1281373
7.261,1281373
7.261,1281373
7.27,1281373
7.27,1281373
7.273,1281373
7.273,1281373
7.276,1281373
7.277,1281373
7.279,1281373
7.282,1281373
7.283,1281373
7.285,1281373
7.286,1281373
7.29,1281373
7.292,1281373
7.296,1281373
7.299,1281373
7.305,1281373
7.306,1281373
7.308,1281373
7.309,1281373
7.309,1281373
7.313,1281373
7.316,1281373
7.325,1281373
7.327,1281373
7.327,1281373
7.329,1281373
7.329,1281373
7.329,1281373
7.34,1281373
7.345,1281373
7.348,1281373
7.351,1281373
7.353,1281373
7.354,1281373
7.361,1281373
7.366,1281373
7.37,1281373
7.372,1281373
7.373,1281373
7.376,1281373
7.376,1281373
7.377,1281373
7.378,1281373
7.381,1281373
7.381,1281373
7.387,1281373
7.389,1281373
7.392,1281373
7.395,1281373
7.396,1281373
7.398,1281373
7.4,1281373
7.401,1281373
7.402,1281373
7.404,1281373
7.405,1281373
7.407,1281373
7.409,1281373
7.411,1281373
7.414,1281373
7.416,1281373
7.417,1281373
7.421,1281373
7.424,1281373
7.426,1281373
7.426,1281373
7.427,1281373
7.429,1281373
7.432,1281373
7.432,1281373
7.433,1281373
7.434,1281373
7.438,1281373
7.439,1281373
7.44,1281373
7.443,1281373
7.445,1281373
7.448,1281373
7.449,1281373
7.45,1281373
7.452,1281373
7.454,1281373
7.459,1281373
7.46,1281373
7.461,1281373
7.462,1281373
7.465,1281373
7.468,1281373
7.472,1281373
7.474,1281373
7.477,1281373
7.481,1281373
7.488,1281373
7.49,1281373
7.491,1281373
7.491,1281373
7.495,1281373
7.495,1281373
7.497,1281373
7.5,1281373
7.502,1281373
7.502,1281373
7.503,1281373
7.505,1281373
7.506,1281373
7.51,1281373
7.517,1281373
7.518,1281373
7.526,1281373
7.53,1281373
7.533,1281373
7.533,1281373
7.536,1281373
7.539,1281373
7.541,1281373
7.541,1281373
7.546,1281373
7.55,1281373
7.551,1281373
7.552,1281373
7.552,1281373
7.553,1281373
7.554,1281373
7.558,1281373
7.568,1281373
7.569,1281373
7.571,1281373
7.573,1281373
7.58,1281373
7.581,1281373
7.582,1281373
7.584,1281373
7.59,1281373
7.591,1281373
7.592,1281373
7.592,1281373
7.593,1281373
7.593,1281373
7.593,1281373
7.593,1281373
7.596,1281373
7.603,1281373
7.605,1281373
7.606,1281373
7.609,1281373
7.609,1281373
7.616,1281373
7.62,1281373
7.622,1281373
7.624,1281373
7.627,1281373
7.628,1281373
7.631,1281373
7.632,1281373
7.635,1281373
7.647,1281373
7.648,1281373
7.654,1281373
7.656,1281373
7.656,1281373
7.659,1281373
7.66,1281373
7.664,1281373
7.664,1281373
7.671,1281373
7.672,1281373
7.673,1281373
7.674,1281373
7.679,1281373
7.68,1281373
7.68,1281373
7.684,1281373
7.689,1281373
7.691,1281373
7.694,1281373
7.697,1281373
7.697,1281373
7.698,1281373
7.704,1281373
7.706,1281373
7.711,1281373
7.712,1281373
7.716,1281373
7.718,1281373
7.72,1281373
7.724,1281373
7.724,1281373
7.725,1281373
7.725,1281373
7.728,1281373
7.733,1281373
7.734,1281373
7.737,1281373
7.739,1281373
7.748,1281373
7.749,1281373
7.749,1281373
7.757,1281373
7.759,1281373
7.759,1281373
7.76,1281373
7.772,1281373
7.774,1281373
7.776,1281373
7.777,1281373
7.777,1281373
7.779,1281373
7.789,1281373
7.79,1281373
7.792,1281373
7.793,1281373
7.794,1281373
7.804,1281373
7.804,1281373
7.805,1281373
7.805,1281373
7.809,1281373
7.811,1281373
7.814,1281373
7.816,1281373
7.818,1281373
7.818,1281373
7.82,1281373
7.82,1281373
7.82,1281373
7.823,1281373
7.823,1281373
7.829,1281373
7.829,1281373
7.83,1281373
7.833,1281373
7.833,1281373
7.834,1281373
7.835,1281373
7.837,1281373
7.839,1281373
7.84,1281373
7.84,1281373
7.842,1281373
7.843,1281373
7.845,1281373
7.845,1281373
7.846,1281373
7.849,1281373
7.852,1281373
7.853,1281373
7.854,1281373
7.854,1281373
7.856,1281373
7.857,1281373
7.862,1281373
7.862,1281373
7.873,1281373
7.874,1281373
7.877,1281373
7.88,1281373
7.883,1281373
7.883,1281373
7.885,1281373
7.885,1281373
7.889,1281373
7.895,1281373
7.896,1281373
7.898,1281373
7.899,1281373
7.904,1281373
7.905,1281373
7.906,1281373
7.908,1281373
7.909,1281373
7.912,1281373
7.913,1281373
7.918,1281373
7.918,1281373
7.918,1281373
7.924,1281373
7.926,1281373
7.926,1281373
7.934,1281373
7.935,1281373
7.936,1281373
7.936,1281373
7.941,1281373
7.942,1281373
7.943,1281373
7.945,1281373
7.945,1281373
7.945,1281373
7.948,1281373
7.954,1281373
7.962,1281373
7.964,1281373
7.965,1281373
7.966,1281373
7.975,1281373
7.978,1281373
7.979,1281373
7.981,1281373
7.983,1281373
7.985,1281373
7.989,1281373
7.99,1281373
7.992,1281373
7.995,1281373
7.996,1281373
8,1281373
8,1281373
8.001,1281373
8.006,1281373
8.008,1281373
8.012,1281373
8.014,1281373
8.018,1281373
8.021,1281373
8.028,1281373
8.029,1281373
8.033,1281373
8.034,1281373
8.034,1281373
8.043,1281373
8.044,1281373
8.044,1281373
8.045,1281373
8.046,1281373
8.051,1281373
8.052,1281373
8.052,1281373
8.053,1281373
8.057,1281373
8.057,1281373
8.058,1281373
8.063,1281373
8.066,1281373
8.067,1281373
8.068,1281373
8.068,1281373
8.07,1281373
8.072,1281373
8.072,1281373
8.073,1281373
8.075,1281373
8.077,1281373
8.085,1281373
8.085,1281373
8.085,1281373
8.086,1281373
8.086,1281373
8.09,1281373
8.099,1281373
8.102,1281373
8.106,1281373
8.107,1281373
8.111,1281373
8.112,1281373
8.115,1281373
8.118,1281373
8.119,1281373
8.123,1281373
8.124,1281373
8.127,1281373
8.131,1281373
8.137,1281373
8.138,1281373
8.139,1281373
8.14,1281373
8.141,1281373
8.145,1281373
8.145,1281373
8.148,1281373
8.15,1281373
8.152,1281373
8.156,1281373
8.157,1281373
8.157,1281373
8.16,1281373
8.16,1281373
8.161,1281373
8.161,1281373
8.162,1281373
8.163,1281373
8.167,1281373
8.168,1281373
8.169,1281373
8.171,1281373
8.175,1281373
8.176,1281373
8.178,1281373
8.18,1281373
8.183,1281373
8.185,1281373
8.192,1281373
8.195,1281373
8.196,1281373
8.198,1281373
8.2,1281373
8.201,1281373
8.202,1281373
8.214,1281373
8.215,1281373
8.217,1281373
8.222,1281373
8.222,1281373
8.227,1281373
8.227,1281373
8.23,1281373
8.232,1281373
8.232,1281373
8.236,1281373
8.238,1281373
8.247,1281373
8.252,1281373
8.253,1281373
8.254,1281373
8.256,1281373
8.259,1281373
8.26,1281373
8.262,1281373
8.263,1281373
8.264,1281373
8.266,1281373
8.266,1281373
8.273,1281373
8.275,1281373
8.276,1281373
8.279,1281373
8.279,1281373
8.28,1281373
8.283,1281373
8.288,1281373
8.29,1281373
8.291,1281373
8.292,1281373
8.297,1281373
8.302,1281373
8.307,1281373
8.307,1281373
8.313,1281373
8.315,1281373
8.316,1281373
8.317,1281373
8.321,1281373
8.322,1281373
8.323,1281373
8.324,1281373
8.327,1281373
8.33,1281373
8.33,1281373
8.331,1281373
8.331,1281373
8.332,1281373
8.338,1281373
8.338,1281373
8.339,1281373
8.34,1281373
8.342,1281373
8.343,1281373
8.344,1281373
8.347,1281373
8.35,1281373
8.351,1281373
8.353,1281373
8.354,1281373
8.355,1281373
8.355,1281373
8.358,1281373
8.359,1281373
8.36,1281373
8.369,1281373
8.371,1281373
8.379,1281373
8.38,1281373
8.381,1281373
8.381,1281373
8.382,1281373
8.384,1281373
8.384,1281373
8.387,1281373
8.389,1281373
8.397,1281373
8.397,1281373
8.398,1281373
8.406,1281373
8.41,1281373
8.418,1281373
8.425,1281373
8.426,1281373
8.427,1281373
8.429,1281373
8.429,1281373
8.43,1281373
8.431,1281373
8.432,1281373
8.435,1281373
8.435,1281373
8.436,1281373
8.44,1281373
8.44,1281373
8.442,1281373
8.444,1281373
8.445,1281373
8.446,1281373
8.447,1281373
8.454,1281373
8.454,1281373
8.456,1281373
8.458,1281373
8.464,1281373
8.465,1281373
8.473,1281373
8.474,1281373
8.478,1281373
8.484,1281373
8.487,1281373
8.488,1281373
8.493,1281373
8.494,1281373
8.494,1281373
8.496,1281373
8.497,1281373
8.501,1281373
8.509,1281373
8.51,1281373
8.511,1281373
8.511,1281373
8.516,1281373
8.516,1281373
8.516,1281373
8.517,1281373
8.518,1281373
8.524,1281373
8.525,1281373
8.526,1281373
8.526,1281373
8.528,1281373
8.535,1281373
8.538,1281373
8.539,1281373
8.54,1281373
8.544,1281373
8.547,1281373
8.55,1281373
8.55,1281373
8.554,1281373
8.555,1281373
8.559,1281373
8.562,1281373
8.564,1281373
8.576,1281373
8.576,1281373
8.577,1281373
8.582,1281373
8.586,1281373
8.588,1281373
8.594,1281373
8.596,1281373
8.596,1281373
8.597,1281373
8.598,1281373
8.603,1281373
8.608,1281373
8.61,1281373
8.612,1281373
8.617,1281373
8.617,1281373
8.618,1281373
8.621,1281373
8.627,1281373
8.628,1281373
8.637,1281373
8.638,1281373
8.641,1281373
8.641,1281373
8.642,1281373
8.645,1281373
8.653,1281373
8.654,1281373
8.657,1281373
8.658,1281373
8.659,1281373
8.661,1281373
8.663,1281373
8.666,1281373
8.67,1281373
8.676,1281373
8.678,1281373
8.678,1281373
8.678,1281373
8.68,1281373
8.685,1281373
8.687,1281373
8.69,1281373
8.691,1281373
8.691,1281373
8.693,1281373
8.693,1281373
8.693,1281373
8.694,1281373
8.696,1281373
8.699,1281373
8.699,1281373
8.699,1281373
8.702,1281373
8.708,1281373
8.709,1281373
8.712,1281373
8.713,1281373
8.716,1281373
8.716,1281373
8.717,1281373
8.722,1281373
8.727,1281373
8.729,1281373
8.73,1281373
8.731,1281373
8.736,1281373
8.737,1281373
8.74,1281373
8.74,1281373
8.748,1281373
8.751,1281373
8.751,1281373
8.753,1281373
8.759,1281373
8.761,1281373
8.761,1281373
8.763,1281373
8.764,1281373
8.765,1281373
8.766,1281373
8.769,1281373
8.774,1281373
8.777,1281373
8.778,1281373
8.782,1281373
8.783,1281373
8.784,1281373
8.786,1281373
8.791,1281373
8.798,1281373
8.808,1281373
8.81,1281373
8.811,1281373
8.811,1281373
8.812,1281373
8.812,1281373
8.813,1281373
8.814,1281373
8.82,1281373
8.821,1281373
8.823,1281373
8.825,1281373
8.825,1281373
8.826,1281373
8.827,1281373
8.832,1281373
8.833,1281373
8.833,1281373
8.834,1281373
8.837,1281373
8.837,1281373
8.838,1281373
8.841,1281373
8.841,1281373
8.845,1281373
8.85,1281373
8.852,1281373
8.853,1281373
8.856,1281373
8.858,1281373
8.86,1281373
8.864,1281373
8.866,1281373
8.868,1281373
8.87,1281373
8.872,1281373
8.872,1281373
8.873,1281373
8.874,1281373
8.877,1281373
8.881,1281373
8.89,1281373
8.891,1281373
8.891,1281373
8.893,1281373
8.896,1281373
8.896,1281373
8.898,1281373
8.898,1281373
8.899,1281373
8.9,1281373
8.903,1281373
8.912,1281373
8.913,1281373
8.921,1281373
8.924,1281373
8.925,1281373
8.927,1281373
8.929,1281373
8.931,1281373
8.931,1281373
8.932,1281373
8.935,1281373
8.937,1281373
8.938,1281373
8.942,1281373
8.944,1281373
8.95,1281373
8.955,1281373
8.957,1281373
8.959,1281373
8.96,1281373
8.965,1281373
8.965,1281373
8.968,1281373
8.973,1281373
8.973,1281373
8.979,1281373
8.979,1281373
8.979,1281373
8.982,1281373
8.982,1281373
8.983,1281373
8.984,1281373
8.99,1281373
8.993,1281373
8.995,1281373
8.999,1281373
9.003,1281373
9.003,1281373
9.004,1281373
9.004,1281373
9.006,1281373
9.007,1281373
9.008,1281373
9.009,1281373
9.011,1281373
9.012,1281373
9.021,1281373
9.031,1281373
9.036,1281373
9.04,1281373
9.043,1281373
9.045,1281373
9.046,1281373
9.046,1281373
9.048,1281373
9.052,1281373
9.053,1281373
9.054,1281373
9.059,1281373
9.064,1281373
9.064,1281373
9.064,1281373
9.068,1281373
9.068,1281373
9.068,1281373
9.068,1281373
9.071,1281373
9.072,1281373
9.072,1281373
9.073,1281373
9.075,1281373
9.078,1281373
9.079,1281373
9.08,1281373
9.086,1281373
9.088,1281373
9.089,1281373
9.092,1281373
9.093,1281373
9.094,1281373
9.094,1281373
9.098,1281373
9.099,1281373
9.1,1281373
9.101,1281373
9.103,1281373
9.105,1281373
9.11,1281373
9.114,1281373
9.119,1281373
9.121,1281373
9.122,1281373
9.122,1281373
9.122,1281373
9.124,1281373
9.125,1281373
9.125,1281373
9.127,1281373
9.13,1281373
9.13,1281373
9.135,1281373
9.135,1281373
9.137,1281373
9.138,1281373
9.138,1281373
9.142,1281373
9.147,1281373
9.148,1281373
9.148,1281373
9.151,1281373
9.154,1281373
9.154,1281373
9.156,1281373
9.157,1281373
9.158,1281373
9.163,1281373
9.164,1281373
9.164,1281373
9.167,1281373
9.168,1281373
9.175,1281373
9.178,1281373
9.18,1281373
9.183,1281373
9.187,1281373
9.188,1281373
9.189,1281373
9.189,1281373
9.189,1281373
9.192,1281373
9.194,1281373
9.194,1281373
9.194,1281373
9.195,1281373
9.199,1281373
9.2,1281373
9.2,1281373
9.203,1281373
9.204,1281373
9.205,1281373
9.207,1281373
9.208,1281373
9.21,1281373
9.21,1281373
9.214,1281373
9.215,1281373
9.216,1281373
9.217,1281373
9.217,1281373
9.221,1281373
9.229,1281373
9.229,1281373
9.231,1281373
9.236,1281373
9.237,1281373
9.239,1281373
9.248,1281373
9.254,1281373
9.254,1281373
9.254,1281373
9.259,1281373
9.26,1281373
9.263,1281373
9.266,1281373
9.269,1281373
9.269,1281373
9.269,1281373
9.269,1281373
9.27,1281373
9.274,1281373
9.276,1281373
9.278,1281373
9.281,1281373
9.286,1281373
9.289,1281373
9.29,1281373
9.29,1281373
9.291,1281373
9.297,1281373
9.297,1281373
9.299,1281373
9.299,1281373
9.303,1281373
9.303,1281373
9.304,1281373
9.306,1281373
9.318,1281373
9.321,1281373
9.325,1281373
9.327,1281373
9.33,1281373
9.331,1281373
9.332,1281373
9.334,1281373
9.338,1281373
9.341,1281373
9.343,1281373
9.346,1281373
9.347,1281373
9.347,1281373
9.349,1281373
9.349,1281373
9.349,1281373
9.352,1281373
9.354,1281373
9.355,1281373
9.356,1281373
9.36,1281373
9.36,1281373
9.36,1281373
9.361,1281373
9.362,1281373
9.366,1281373
9.367,1281373
9.367,1281373
9.368,1281373
9.37,1281373
9.372,1281373
9.372,1281373
9.372,1281373
9.373,1281373
9.376,1281373
9.38,1281373
9.381,1281373
9.382,1281373
9.384,1281373
9.386,1281373
9.387,1281373
9.392,1281373
9.392,1281373
9.392,1281373
9.396,1281373
9.397,1281373
9.403,1281373
9.405,1281373
9.411,1281373
9.413,1281373
9.413,1281373
9.413,1281373
9.414,1281373
9.414,1281373
9.415,1281373
9.416,1281373
9.418,1281373
9.422,1281373
9.423,1281373
9.424,1281373
9.428,1281373
9.428,1281373
9.429,1281373
9.43,1281373
9.431,1281373
9.431,1281373
9.434,1281373
9.438,1281373
9.439,1281373
9.44,1281373
9.441,1281373
9.443,1281373
9.446,1281373
9.446,1281373
9.446,1281373
9.452,1281373
9.453,1281373
9.453,1281373
9.454,1281373
9.454,1281373
9.455,1281373
9.457,1281373
9.458,1281373
9.459,1281373
9.461,1281373
9.464,1281373
9.465,1281373
9.467,1281373
9.468,1281373
9.469,1281373
9.471,1281373
9.472,1281373
9.472,1281373
9.475,1281373
9.475,1281373
9.483,1281373
9.49,1281373
9.494,1281373
9.499,1281373
9.503,1281373
9.506,1281373
9.509,1281373
9.512,1281373
9.517,1281373
9.518,1281373
9.521,1281373
9.521,1281373
9.527,1281373
9.528,1281373
9.53,1281373
9.536,1281373
9.537,1281373
9.54,1281373
9.541,1281373
9.544,1281373
9.545,1281373
9.545,1281373
9.546,1281373
9.551,1281373
9.553,1281373
9.555,1281373
9.556,1281373
9.559,1281373
9.56,1281373
9.563,1281373
9.565,1281373
9.566,1281373
9.567,1281373
9.568,1281373
9.571,1281373
9.573,1281373
9.577,1281373
9.578,1281373
9.579,1281373
9.58,1281373
9.583,1281373
9.586,1281373
9.587,1281373
9.59,1281373
9.591,1281373
9.593,1281373
9.597,1281373
9.598,1281373
9.604,1281373
9.607,1281373
9.608,1281373
9.609,1281373
9.609,1281373
9.61,1281373
9.612,1281373
9.613,1281373
9.613,1281373
9.615,1281373
9.615,1281373
9.617,1281373
9.618,1281373
9.618,1281373
9.62,1281373
9.622,1281373
9.623,1281373
9.624,1281373
9.624,1281373
9.624,1281373
9.626,1281373
9.631,1281373
9.636,1281373
9.637,1281373
9.639,1281373
9.639,1281373
9.64,1281373
9.642,1281373
9.647,1281373
9.65,1281373
9.651,1281373
9.653,1281373
9.657,1281373
9.658,1281373
9.658,1281373
9.66,1281373
9.662,1281373
9.663,1281373
9.666,1281373
9.669,1281373
9.669,1281373
9.67,1281373
9.675,1281373
9.676,1281373
9.678,1281373
9.678,1281373
9.682,1281373
9.685,1281373
9.69,1281373
9.69,1281373
9.694,1281373
9.696,1281373
9.697,1281373
9.701,1281373
9.702,1281373
9.705,1281373
9.706,1281373
9.711,1281373
9.711,1281373
9.713,1281373
9.715,1281373
9.717,1281373
9.72,1281373
9.724,1281373
9.726,1281373
9.726,1281373
9.728,1281373
9.73,1281373
9.731,1281373
9.732,1281373
9.736,1281373
9.743,1281373
9.743,1281373
9.744,1281373
9.745,1281373
9.745,1281373
9.749,1281373
9.757,1281373
9.76,1281373
9.763,1281373
9.764,1281373
9.765,1281373
9.766,1281373
9.766,1281373
9.766,1281373
9.776,1281373
9.777,1281373
9.777,1281373
9.779,1281373
9.783,1281373
9.785,1281373
9.787,1281373
9.787,1281373
9.788,1281373
9.79,1281373
9.791,1281373
9.792,1281373
9.796,1281373
9.8,1281373
9.805,1281373
9.806,1281373
9.806,1281373
9.81,1281373
9.812,1281373
9.813,1281373
9.816,1281373
9.816,1281373
9.817,1281373
9.819,1281373
9.819,1281373
9.825,1281373
9.826,1281373
9.827,1281373
9.83,1281373
9.831,1281373
9.835,1281373
9.836,1281373
9.837,1281373
9.84,1281373
9.84,1281373
9.843,1281373
9.844,1281373
9.849,1281373
9.852,1281373
9.852,1281373
9.855,1281373
9.859,1281373
9.859,1281373
9.86,1281373
9.863,1281373
9.863,1281373
9.865,1281373
9.865,1281373
9.867,1281373
9.868,1281373
9.872,1281373
9.875,1281373
9.882,1281373
9.884,1281373
9.884,1281373
9.885,1281373
9.886,1281373
9.889,1281373
9.892,1281373
9.892,1281373
9.893,1281373
9.894,1281373
9.9,1281373
9.903,1281373
9.903,1281373
9.904,1281373
9.905,1281373
9.91,1281373
9.91,1281373
9.912,1281373
9.912,1281373
9.914,1281373
9.917,1281373
9.918,1281373
9.924,1281373
9.924,1281373
9.924,1281373
9.925,1281373
9.928,1281373
9.932,1281373
9.933,1281373
9.934,1281373
9.936,1281373
9.941,1281373
9.944,1281373
9.947,1281373
9.948,1281373
9.95,1281373
9.951,1281373
9.956,1281373
9.957,1281373
9.957,1281373
9.961,1281373
9.971,1281373
9.973,1281373
9.986,1281373
9.987,1281373
9.988,1281373
9.988,1281373
9.989,1281373
9.991,1281373
9.992,1281373
9.994,1281373
9.994,1281373
9.994,1281373
9.995,1281373
9.997,1281373
9.997,1281373
10,1281373
