0.000000,1412930
0.000000,1396309
0.000000,1389933
0.000000,1389695
0.000000,1388888
0.000000,1384702
0.000000,1384447
0.000000,1383270
0.000000,1382874
0.000000,1382033
0.000000,1380709
0.000000,1380687
0.000000,1379647
0.016000,1379115
0.016000,1378320
0.016000,1378167
0.016000,1370006
0.016000,1301738
0.016000,1301653
0.016000,1301495
0.016000,1301353
0.016000,1299241
0.016000,1295810
0.016000,1284901
0.016000,1284094
0.016000,1283748
0.016000,1283024
0.016000,1282786
0.016000,1280820
0.016000,1280789
0.016000,1275425
0.016000,1275315
0.016000,1274334
0.016000,1273010
0.016000,1272538
0.031000,1268796
0.031000,1268644
0.031000,1267694
0.031000,1242951
0.031000,1242696
0.031000,1239711
0.031000,1228407
0.031000,1228158
0.031000,1228060
0.031000,1227664
0.031000,1224425
0.031000,1223423
0.031000,1218773
0.140000,1214670
0.140000,1213346
0.140000,1213219
0.140000,1212458
0.140000,1211967
0.140000,1211729
0.140000,1210922
0.140000,1207109
0.140000,1205046
0.140000,1204791
0.140000,1204395
0.218000,1200618
0.218000,1200553
0.218000,1200157
0.218000,1197199
0.218000,1195739
0.218000,1195459
0.218000,1193636
0.407000,1183524
0.407000,1182924
0.422000,1182768
0.422000,1182169
0.422000,1181631
0.422000,1181226
0.422000,1181019
3.202000,1180908
3.781000,1180899
7.451000,1180638
7.451000,1180038
46.740000,1179742
46.740000,1179536
