0.000000,1330480
0.016000,1325032
0.016000,1325014
0.016000,1318862
0.016000,1294186
0.016000,1238474
0.016000,1212871
0.016000,1212849
0.016000,1212707
0.016000,1210742
0.016000,1209946
0.016000,1208209
0.016000,1207402
0.016000,1207275
0.016000,1205951
0.016000,1205470
0.016000,1204994
0.016000,1204756
0.016000,1204502
0.016000,1204106
0.062000,1202598
0.062000,1196593
0.062000,1193636
0.125000,1192986
0.125000,1192270
0.218000,1182049
0.218000,1181950
0.218000,1181351
0.281000,1181144
2.937000,1181084
3.296000,1181022
3.296000,1180815
4.905000,1180701
7.155000,1180466
18.089000,1180322
18.089000,1179916
18.089000,1179710
56.593000,1179595
79.791000,1179536
