0.000000,1423134
0.000000,1414972
0.000000,1398351
0.016000,1396226
0.016000,1396050
0.016000,1395704
0.016000,1395466
0.016000,1395211
0.016000,1394815
0.016000,1377900
0.016000,1377868
0.016000,1374148
0.016000,1371444
0.016000,1370972
0.016000,1369648
0.016000,1307697
0.016000,1306902
0.016000,1306760
0.016000,1302503
0.016000,1302267
0.016000,1302060
0.016000,1254284
0.016000,1253538
0.016000,1253428
0.016000,1253314
0.032000,1249764
0.032000,1248090
0.032000,1248024
0.032000,1244212
0.032000,1243974
0.032000,1243719
0.032000,1240986
0.032000,1240194
0.032000,1239798
0.032000,1239562
0.032000,1239355
0.047000,1237557
0.110000,1237415
0.110000,1236999
0.110000,1236745
0.110000,1212068
0.110000,1211672
0.110000,1207991
0.110000,1207253
0.110000,1207179
0.110000,1206657
0.110000,1206354
0.125000,1205942
0.125000,1204457
0.125000,1204250
0.345000,1204106
0.516000,1201967
0.516000,1200964
0.516000,1200168
0.516000,1198277
0.516000,1195320
0.516000,1195053
0.516000,1194798
0.516000,1194403
0.813000,1183472
0.828000,1182755
0.828000,1182156
1.625000,1181051
2.203000,1180608
8.187000,1180322
8.187000,1179916
8.187000,1179710
36.960000,1179595
150.691000,1179536
519.011000,1178055
