0.000000,1425553
0.000000,1425377
0.000000,1424400
0.000000,1423593
0.000000,1406972
0.000000,1403253
0.016000,1402908
0.016000,1402187
0.016000,1402111
0.016000,1400932
0.016000,1388521
0.016000,1388049
0.016000,1387811
0.016000,1386637
0.016000,1386485
0.016000,1381196
0.016000,1380990
0.016000,1379667
0.016000,1343928
0.016000,1288217
0.016000,1287962
0.016000,1287820
0.016000,1287424
0.016000,1282531
0.016000,1280727
0.016000,1273469
0.016000,1273400
0.016000,1271380
0.016000,1271198
0.016000,1271088
0.016000,1270973
0.047000,1269494
0.047000,1267233
0.047000,1267163
0.047000,1266925
0.047000,1236107
0.047000,1235311
0.047000,1235040
0.047000,1234662
0.047000,1234407
0.047000,1231710
0.047000,1228960
0.047000,1228334
0.047000,1227938
0.047000,1227489
0.047000,1224422
0.047000,1223706
0.047000,1221352
0.063000,1220734
0.063000,1220235
0.063000,1220058
0.063000,1219233
0.063000,1218997
0.063000,1218790
0.078000,1197287
0.078000,1181288
0.078000,1180689
2.985000,1180638
2.985000,1180401
2.985000,1180195
2.985000,1179595
89.422000,1179536
