0.000000,1333416
0.000000,1331451
0.000000,1326883
0.000000,1326076
0.000000,1324753
0.000000,1324407
0.000000,1323935
0.000000,1323372
0.000000,1323135
0.000000,1254667
0.000000,1249219
0.000000,1247482
0.000000,1247340
0.000000,1247085
0.000000,1246571
0.000000,1246370
0.000000,1245974
0.000000,1245498
0.000000,1240737
0.000000,1240330
0.000000,1240094
0.000000,1239887
0.000000,1238357
0.031000,1238062
0.031000,1237255
0.031000,1237213
0.031000,1236867
0.031000,1234902
0.031000,1210225
0.031000,1209711
0.031000,1209473
0.031000,1209000
0.031000,1208746
0.031000,1208350
0.031000,1208148
0.031000,1208007
0.031000,1207943
0.031000,1206712
0.031000,1206539
0.031000,1205741
0.031000,1205336
0.031000,1205266
0.031000,1205060
0.047000,1204837
0.047000,1202872
0.047000,1200419
0.047000,1197433
0.047000,1196110
0.047000,1195764
0.047000,1195526
0.047000,1195278
0.047000,1195023
0.047000,1194550
0.047000,1194154
0.047000,1194056
0.125000,1193761
0.125000,1193506
0.125000,1193111
0.764000,1192804
0.764000,1191263
0.764000,1190663
0.764000,1186944
0.764000,1184240
0.764000,1183816
0.764000,1183012
0.764000,1182475
1.114000,1181980
1.115000,1181144
1.209000,1181019
6.223000,1180754
6.223000,1180038
32.761000,1179802
32.761000,1179595
389.860000,1178115
