0.004000,1475309
0.004000,1467148
0.004000,1421907
0.005000,1421731
0.005000,1405110
0.005000,1404385
0.005000,1339445
0.006000,1338969
0.006000,1338278
0.006000,1337763
0.007000,1337636
0.007000,1337155
0.007000,1332748
0.007000,1332510
0.008000,1331703
0.008000,1330531
0.008000,1330275
0.008000,1326534
0.009000,1322302
0.009000,1322048
0.009000,1320822
0.010000,1319499
0.010000,1316069
0.010000,1315120
0.010000,1314724
0.011000,1311738
0.011000,1311490
0.011000,1311391
0.034000,1303713
0.034000,1303572
0.090000,1300745
0.090000,1300512
0.095000,1292819
0.095000,1291803
0.095000,1291624
0.095000,1287216
0.096000,1287150
0.096000,1286636
0.096000,1282823
0.096000,1282696
0.097000,1266075
0.097000,1263707
0.097000,1260974
0.098000,1260654
0.098000,1255760
0.098000,1255217
0.098000,1187806
0.098000,1187308
0.099000,1187059
0.099000,1186404
0.099000,1185414
0.099000,1184815
0.100000,1184409
0.100000,1184203
0.100000,1183396
0.101000,1182560
1.087000,1182429
1.087000,1182327
1.088000,1181174
1.088000,1180754
1.088000,1180038
1.089000,1179802
1.089000,1179595
37.834000,1179536
