0.000000,1325943
0.000000,1325597
0.000000,1321790
0.000000,1320289
0.000000,1318323
0.000000,1303845
0.015000,1301473
0.031000,1301000
0.031000,1264102
0.031000,1263865
0.031000,1263779
0.031000,1263621
0.031000,1253554
0.031000,1252538
0.031000,1252283
0.031000,1250753
0.031000,1250357
0.031000,1250015
0.031000,1248691
0.047000,1210730
0.047000,1210426
0.047000,1209927
0.047000,1209515
0.047000,1208690
0.047000,1208218
0.047000,1207963
0.047000,1207567
0.047000,1207331
0.047000,1207124
0.172000,1195877
0.172000,1190429
0.172000,1189829
0.172000,1188153
0.172000,1187639
0.172000,1187512
0.172000,1187031
0.172000,1186280
0.172000,1185290
0.172000,1183760
0.188000,1182924
0.469000,1180754
0.469000,1180038
14.090000,1179710
40.382000,1179595
77.530000,1179536
105.040000,1179357
105.040000,1177492
105.040000,1176776
