0.000000,1420433
0.000000,1403812
0.000000,1403574
0.000000,1402850
0.000000,1402504
0.000000,1402031
0.000000,1393870
0.000000,1393355
0.000000,1393101
0.000000,1388693
0.000000,1384951
0.000000,1384556
0.000000,1383232
0.000000,1381485
0.000000,1381358
0.000000,1380877
0.000000,1322282
0.000000,1320706
0.000000,1320500
0.000000,1319247
0.000000,1264869
0.016000,1235460
0.016000,1229455
0.016000,1228498
0.016000,1225541
0.016000,1225499
0.016000,1224268
0.016000,1222944
0.016000,1222351
0.016000,1221887
0.016000,1220597
0.016000,1220116
0.016000,1217184
0.016000,1216468
0.016000,1205629
0.047000,1189562
0.047000,1189085
0.047000,1188958
0.047000,1187968
0.047000,1187369
0.047000,1184819
0.047000,1184338
0.047000,1184034
0.047000,1183558
0.047000,1182723
0.047000,1182673
0.047000,1182425
0.047000,1182089
0.047000,1181746
0.047000,1181340
0.047000,1181134
1.234000,1180863
1.234000,1180207
1.234000,1179802
1.250000,1179595
157.358000,1179536
