0.000000,1359802
0.000000,1359077
0.000000,1358839
0.000000,1354432
0.000000,1352005
0.000000,1351751
0.000000,1350734
0.000000,1350282
0.000000,1349475
0.000000,1349162
0.000000,1345443
0.000000,1345048
0.000000,1278495
0.016000,1278354
0.016000,1277030
0.016000,1276558
0.016000,1275931
0.016000,1266084
0.016000,1211342
0.016000,1208357
0.016000,1208108
0.016000,1208010
0.016000,1207625
0.016000,1207096
0.016000,1207022
0.016000,1206111
0.016000,1204626
0.189000,1189486
0.189000,1183615
0.189000,1183517
0.298000,1182467
0.298000,1182212
0.298000,1181612
0.298000,1181561
0.298000,1180754
0.298000,1180038
55.393000,1179710
74.969000,1179595
153.522000,1179536
448.943000,1178730
448.943000,1177666
