0.015000,1436732
0.015000,1434467
0.015000,1434361
0.015000,1434338
0.015000,1434101
0.015000,1433305
0.015000,1430366
0.015000,1429735
0.015000,1384120
0.015000,1382481
0.015000,1382226
0.015000,1381778
0.015000,1365618
0.015000,1365466
0.015000,1342601
0.015000,1273819
0.015000,1270371
0.015000,1269975
0.015000,1263970
0.015000,1261013
0.015000,1260871
0.015000,1260466
0.015000,1260259
0.046000,1249786
0.046000,1248979
0.046000,1248838
0.046000,1207441
0.046000,1206927
0.046000,1206726
0.046000,1205975
0.046000,1205568
0.046000,1204037
0.249000,1203504
0.280000,1190076
0.280000,1189477
0.280000,1183606
0.718000,1182035
1.515000,1181462
1.764000,1181144
4.154000,1181022
4.154000,1180815
4.326000,1180038
18.966000,1179595
224.966000,1179536
