0.000000,1380462
0.000000,1363841
0.000000,1363368
0.000000,1362561
0.000000,1357113
0.000000,1352219
0.000000,1326084
0.000000,1321677
0.000000,1321635
0.000000,1321552
0.000000,1320228
0.000000,1319958
0.000000,1317254
0.000000,1253758
0.000000,1252768
0.000000,1252344
0.000000,1251508
0.000000,1250704
0.000000,1250166
0.000000,1182755
0.000000,1182156
0.312000,1180749
1.093000,1180566
3.670000,1180481
9.448000,1180466
20.275000,1180396
21.399000,1180038
21.399000,1179802
21.399000,1179595
44.755000,1179587
44.755000,1179536
