0.017,9727569
0.017,9718563
0.017,9690662
0.017,9670805
0.017,9540935
0.017,9538125
0.018,9451925
0.018,9450699
0.018,9404078
0.018,9349337
0.018,9330626
0.018,9325285
0.018,9253876
0.018,9132882
0.018,9042712
0.019,9042447
0.019,9013931
0.019,8983052
0.019,8861555
0.019,8797642
0.019,8719074
0.019,8644867
0.019,8644745
0.02,8601813
0.02,8544606
0.02,8543402
0.02,8454724
0.02,8432630
0.021,8421010
0.021,8420415
0.021,8347633
0.021,8103272
0.021,8076685
0.021,8029435
0.021,8020574
0.021,7783735
0.021,7754872
0.021,7667317
0.021,7649365
0.022,7645623
0.022,7603757
0.022,7572672
0.022,7566767
0.022,7565941
0.022,7565604
0.022,7553995
0.022,7547580
0.022,7520349
0.022,7506195
0.022,7439890
0.024,7439337
0.024,7408635
0.024,7407620
0.024,7335350
0.024,7328789
0.024,7326599
0.025,7294418
0.025,7292739
0.025,7212352
0.025,7183639
0.025,7088842
0.026,7054657
0.026,6988005
0.026,6987630
0.026,6985910
0.026,6984481
0.026,6984481
0.027,6963168
0.027,6797797
0.027,6705771
0.027,6702326
0.028,6702326
0.028,6647008
0.028,6631061
0.028,6626426
0.029,6626426
0.029,6624105
0.029,6624105
0.029,6541707
0.029,6530649
0.03,6530649
0.03,6487109
0.03,6485928
0.03,6419051
0.03,6403857
0.031,6332124
0.031,6265326
0.031,6257149
0.031,6257149
0.031,6182765
0.031,5927203
0.031,5924060
0.031,5892787
0.032,5823084
0.032,5810670
0.032,5808294
0.033,5781554
0.033,5764635
0.033,5670586
0.033,5643812
0.033,5601975
0.033,5418551
0.034,5413091
0.034,5410647
0.034,5403420
0.034,5402942
0.034,5386325
0.035,5386188
0.035,5384608
0.036,5362662
0.036,5361755
0.036,5349567
0.036,5306962
0.036,5278957
0.037,5240606
0.037,5202770
0.038,5202372
0.038,5198831
0.038,5194022
0.038,5194022
0.039,5194006
0.039,5176605
0.039,5135140
0.039,5105732
0.04,4913405
0.04,4903007
0.041,4902838
0.041,4722864
0.041,4713447
0.041,4702666
0.041,4694948
0.042,4682525
0.042,4555830
0.042,4429717
0.042,4427631
0.042,4426632
0.043,4264798
0.043,4264372
0.043,4241190
0.043,4240533
0.044,4240533
0.044,4212785
0.044,4192089
0.045,4179977
0.045,4168490
0.045,4156921
0.045,4142606
0.045,4142031
0.046,4142031
0.046,4142031
0.047,4098064
0.047,4098064
0.048,4046269
0.048,4043092
0.048,4022361
0.049,3983251
0.049,3947687
0.049,3947603
0.049,3916648
0.05,3916648
0.05,3901870
0.05,3901870
0.052,3898213
0.052,3885511
0.053,3883072
0.053,3883067
0.053,3880628
0.053,3880628
0.053,3880433
0.054,3869297
0.054,3869297
0.054,3865564
0.054,3793920
0.054,3790379
0.055,3790379
0.055,3765693
0.056,3765693
0.056,3673498
0.057,3668603
0.058,3668603
0.058,3668130
0.058,3660245
0.059,3660245
0.059,3634314
0.059,3634293
0.06,3634293
0.06,3633958
0.061,3608738
0.061,3607539
0.061,3582052
0.061,3580940
0.061,3579053
0.062,3552923
0.062,3552046
0.063,3547863
0.063,3546007
0.063,3544508
0.063,3534026
0.063,3530089
0.065,3491796
0.065,3467629
0.065,3463964
0.066,3454952
0.066,3454952
0.066,3448864
0.066,3448834
0.067,3448834
0.068,3427566
0.068,3423706
0.069,3423097
0.069,3421075
0.069,3405548
0.07,3403372
0.071,3397408
0.072,3372523
0.072,3368663
0.072,3296734
0.073,3294846
0.073,3294349
0.073,3273823
0.073,3273823
0.074,3269311
0.075,3265263
0.075,3258055
0.075,3233602
0.076,3232607
0.076,3221975
0.076,3184726
0.077,3178873
0.077,3167260
0.078,3157756
0.078,3157756
0.078,3157756
0.079,3151087
0.08,3143134
0.081,3143134
0.081,3143134
0.081,3143134
0.083,3124211
0.083,3101271
0.083,3069669
0.085,3069669
0.087,3069669
0.089,3068555
0.089,3065004
0.09,3064833
0.09,3036593
0.09,3036593
0.091,3007254
0.092,3003426
0.094,3003426
0.095,3003426
0.095,3003426
0.096,2994861
0.097,2991797
0.098,2991797
0.099,2932004
0.099,2920085
0.1,2917989
0.101,2898269
0.102,2862936
0.103,2858287
0.104,2858287
0.104,2856160
0.106,2856160
0.106,2856160
0.107,2854755
0.108,2854755
0.109,2854755
0.11,2850521
0.112,2829302
0.114,2805293
0.114,2790781
0.116,2785225
0.116,2780188
0.116,2762475
0.117,2762232
0.117,2757955
0.117,2757955
0.118,2757955
0.118,2757942
0.12,2749301
0.121,2749301
0.121,2739374
0.122,2723439
0.122,2723439
0.122,2723439
0.123,2711731
0.123,2711731
0.128,2678605
0.129,2678590
0.129,2678097
0.13,2641985
0.131,2636983
0.132,2600776
0.134,2600776
0.134,2600330
0.136,2588090
0.136,2582254
0.14,2582254
0.14,2582175
0.14,2575972
0.141,2557207
0.142,2557207
0.143,2557207
0.143,2557207
0.144,2556611
0.144,2556611
0.144,2556611
0.144,2555664
0.146,2555664
0.147,2546309
0.147,2544453
0.149,2544453
0.149,2535586
0.15,2529321
0.15,2507891
0.15,2460900
0.151,2458216
0.152,2458216
0.152,2403247
0.155,2403247
0.156,2384718
0.159,2384718
0.161,2384718
0.164,2381649
0.165,2362553
0.165,2362553
0.165,2362553
0.168,2362553
0.169,2360284
0.169,2357493
0.173,2357493
0.173,2357493
0.173,2348699
0.173,2348619
0.175,2348619
0.175,2347638
0.177,2330085
0.177,2328574
0.178,2291843
0.179,2291843
0.181,2286035
0.181,2286035
0.182,2286035
0.183,2259229
0.183,2259229
0.184,2256203
0.184,2256195
0.184,2256195
0.185,2230877
0.185,2230877
0.185,2230877
0.187,2230877
0.188,2230877
0.19,2213369
0.191,2213369
0.192,2197683
0.192,2176529
0.193,2165865
0.194,2163393
0.195,2161627
0.198,2161627
0.2,2158847
0.2,2158847
0.201,2158847
0.202,2148185
0.202,2148185
0.206,2148185
0.207,2107847
0.207,2100747
0.208,2098874
0.208,2093942
0.21,2093942
0.21,2093942
0.211,2093942
0.212,2043919
0.213,2040622
0.217,2040534
0.218,1985094
0.218,1984625
0.219,1984625
0.22,1983535
0.221,1973301
0.221,1973301
0.221,1973301
0.222,1971540
0.226,1971540
0.227,1971540
0.228,1970530
0.228,1922191
0.228,1912656
0.229,1912656
0.23,1912656
0.23,1912626
0.231,1904765
0.233,1904765
0.235,1904765
0.235,1904765
0.236,1900291
0.236,1900265
0.237,1894569
0.241,1881123
0.241,1881123
0.243,1881123
0.244,1881123
0.244,1874969
0.245,1874969
0.246,1861920
0.246,1861920
0.246,1861920
0.252,1861725
0.252,1861725
0.253,1859223
0.255,1859223
0.256,1859223
0.259,1859223
0.259,1858836
0.26,1858836
0.263,1826134
0.264,1826134
0.265,1821107
0.265,1821107
0.266,1821107
0.267,1821107
0.268,1730817
0.268,1728611
0.27,1728611
0.27,1728611
0.271,1728611
0.271,1728611
0.272,1728611
0.273,1728533
0.274,1728376
0.276,1728376
0.277,1726580
0.277,1724674
0.282,1724674
0.284,1721644
0.285,1720825
0.287,1720825
0.289,1720175
0.289,1675407
0.293,1668836
0.295,1668836
0.296,1668836
0.297,1668836
0.297,1668836
0.299,1668836
0.3,1668836
0.3,1668836
0.302,1668551
0.306,1668521
0.307,1656973
0.307,1656973
0.308,1656973
0.309,1656973
0.309,1656973
0.309,1656973
0.312,1656973
0.313,1656973
0.314,1642004
0.317,1642004
0.319,1639278
0.322,1639278
0.323,1627327
0.327,1627327
0.327,1627327
0.329,1627327
0.331,1627327
0.332,1626850
0.333,1626121
0.333,1617858
0.333,1617858
0.336,1614918
0.336,1614918
0.337,1614918
0.337,1614918
0.339,1614918
0.344,1614918
0.346,1614918
0.35,1614918
0.351,1614918
0.352,1614918
0.353,1614918
0.354,1612730
0.358,1605843
0.361,1605843
0.362,1586654
0.365,1586654
0.365,1586654
0.367,1586654
0.367,1586654
0.368,1564324
0.37,1564324
0.373,1564324
0.375,1564324
0.376,1564324
0.378,1564324
0.38,1564324
0.382,1564324
0.384,1558114
0.386,1557665
0.39,1557665
0.392,1555144
0.395,1554340
0.398,1554340
0.398,1554340
0.4,1554340
0.4,1554340
0.401,1554214
0.407,1554214
0.409,1552781
0.41,1552781
0.416,1552781
0.419,1552386
0.423,1552386
0.424,1552386
0.424,1552386
0.428,1552386
0.429,1552386
0.43,1552386
0.431,1552386
0.434,1552386
0.434,1552386
0.437,1552386
0.438,1552386
0.439,1552386
0.442,1552386
0.444,1552386
0.446,1552386
0.447,1552386
0.447,1552386
0.448,1552386
0.453,1552386
0.455,1552386
0.458,1552386
0.459,1552386
0.459,1534563
0.461,1534563
0.465,1534563
0.467,1534563
0.468,1534563
0.47,1534563
0.473,1534563
0.478,1534563
0.479,1534563
0.479,1534563
0.481,1534563
0.484,1534563
0.488,1525879
0.491,1477379
0.493,1477379
0.495,1477379
0.498,1477379
0.501,1477379
0.506,1477379
0.507,1477379
0.509,1477379
0.512,1477379
0.514,1477379
0.514,1477379
0.516,1477379
0.519,1477379
0.52,1477379
0.522,1477379
0.523,1477379
0.523,1477379
0.524,1477379
0.525,1477379
0.526,1477250
0.527,1477250
0.531,1475105
0.532,1475105
0.534,1475105
0.534,1475105
0.537,1475105
0.538,1475105
0.538,1475105
0.539,1475105
0.54,1475105
0.544,1475105
0.551,1468899
0.558,1467821
0.559,1467821
0.562,1467821
0.565,1467339
0.566,1467339
0.567,1467339
0.57,1467339
0.571,1467339
0.571,1467339
0.585,1467339
0.586,1467339
0.588,1467339
0.591,1467339
0.6,1467339
0.602,1467339
0.603,1467339
0.604,1467339
0.607,1457318
0.616,1456503
0.622,1456503
0.623,1446935
0.623,1422715
0.63,1422664
0.63,1422664
0.632,1422664
0.635,1422664
0.638,1422664
0.639,1422664
0.64,1422664
0.645,1422664
0.647,1422664
0.652,1422664
0.653,1422664
0.653,1422664
0.655,1422664
0.657,1422664
0.664,1422664
0.667,1422664
0.668,1422664
0.669,1422664
0.672,1422664
0.673,1422664
0.674,1422664
0.674,1422664
0.678,1422664
0.678,1422664
0.683,1422664
0.691,1422664
0.694,1422664
0.694,1422664
0.696,1422664
0.699,1422664
0.702,1422664
0.704,1422664
0.705,1422664
0.707,1422664
0.708,1422523
0.708,1419068
0.713,1419068
0.713,1419068
0.716,1419068
0.716,1419068
0.717,1419068
0.729,1418617
0.729,1418617
0.73,1418617
0.743,1418617
0.744,1418617
0.744,1418617
0.744,1418617
0.744,1418617
0.747,1417737
0.749,1417737
0.75,1417737
0.751,1417737
0.758,1417737
0.761,1417737
0.764,1417737
0.766,1417737
0.767,1417737
0.767,1417737
0.767,1417067
0.768,1417067
0.773,1417067
0.774,1417067
0.774,1417067
0.774,1417067
0.775,1417067
0.776,1417067
0.777,1417067
0.781,1417067
0.781,1417067
0.784,1417067
0.786,1416784
0.791,1416784
0.791,1412967
0.792,1412967
0.793,1410927
0.793,1401974
0.793,1401974
0.794,1401974
0.795,1401974
0.798,1400982
0.804,1400982
0.805,1400982
0.809,1400982
0.809,1400982
0.817,1400982
0.817,1400982
0.82,1400982
0.821,1400982
0.827,1400982
0.828,1400982
0.829,1400982
0.829,1400982
0.831,1400982
0.833,1400982
0.84,1400982
0.842,1390847
0.843,1390847
0.844,1390847
0.848,1390847
0.849,1390847
0.85,1390847
0.853,1390847
0.856,1390847
0.867,1390847
0.867,1390847
0.868,1390847
0.876,1390847
0.878,1390847
0.88,1390847
0.887,1390847
0.89,1390847
0.892,1390847
0.896,1390847
0.897,1390847
0.899,1385291
0.902,1385291
0.905,1385291
0.916,1385291
0.921,1385291
0.924,1385291
0.925,1385291
0.926,1385291
0.926,1385291
0.928,1385291
0.928,1352580
0.93,1352580
0.93,1352580
0.93,1350646
0.936,1350646
0.936,1350646
0.936,1350646
0.937,1350646
0.944,1350646
0.945,1350646
0.948,1350646
0.954,1350646
0.959,1350646
0.961,1348095
0.963,1348095
0.964,1348095
0.965,1348095
0.966,1337573
0.966,1337573
0.971,1337573
0.973,1337573
0.974,1334853
0.977,1334853
0.981,1334853
0.984,1334853
0.987,1334853
0.991,1334216
0.992,1334216
0.996,1334216
0.998,1334216
1.001,1334216
1.001,1334216
1.005,1334216
1.006,1334216
1.009,1334216
1.012,1334216
1.012,1333998
1.013,1333259
1.014,1333259
1.018,1333259
1.022,1333259
1.022,1333259
1.026,1333259
1.026,1333259
1.027,1333259
1.038,1333259
1.045,1333259
1.053,1333259
1.054,1333259
1.056,1333259
1.058,1332915
1.061,1332915
1.061,1312614
1.062,1312614
1.064,1312614
1.066,1312614
1.071,1312614
1.074,1310605
1.074,1310605
1.083,1310605
1.092,1310605
1.093,1310605
1.093,1310605
1.094,1310605
1.097,1310605
1.099,1310605
1.101,1310605
1.105,1305636
1.106,1304755
1.111,1304755
1.114,1304755
1.119,1304755
1.119,1304755
1.12,1304755
1.12,1304755
1.123,1304755
1.125,1304755
1.127,1304755
1.128,1304755
1.128,1304755
1.13,1304755
1.132,1304755
1.137,1304755
1.138,1304755
1.138,1304755
1.14,1304755
1.142,1304755
1.145,1304755
1.146,1304755
1.147,1304755
1.148,1304755
1.149,1304755
1.153,1304755
1.154,1304755
1.156,1304755
1.156,1304755
1.165,1304755
1.167,1304755
1.169,1304755
1.172,1304755
1.174,1304755
1.18,1304755
1.186,1303024
1.194,1303024
1.196,1303024
1.196,1303024
1.197,1303024
1.199,1303024
1.199,1303024
1.202,1303024
1.202,1303024
1.204,1303024
1.204,1303024
1.205,1303024
1.206,1303024
1.207,1303024
1.21,1303024
1.213,1303024
1.218,1303024
1.219,1303024
1.223,1303024
1.224,1303024
1.226,1303024
1.227,1303024
1.229,1303024
1.23,1303024
1.231,1303024
1.236,1303024
1.239,1303024
1.245,1303024
1.246,1303024
1.251,1303024
1.251,1303024
1.253,1303024
1.256,1303024
1.257,1303024
1.257,1302532
1.257,1302532
1.26,1302532
1.261,1302532
1.261,1302244
1.265,1302244
1.265,1302244
1.266,1302244
1.268,1302244
1.272,1302244
1.274,1302244
1.275,1302244
1.276,1302244
1.28,1302244
1.28,1302244
1.281,1302244
1.284,1302244
1.287,1302244
1.29,1302244
1.294,1302244
1.295,1302244
1.296,1302244
1.302,1302244
1.303,1302244
1.303,1302244
1.307,1302244
1.308,1302244
1.308,1302244
1.311,1302244
1.312,1298382
1.312,1297059
1.312,1297059
1.318,1297059
1.321,1297059
1.325,1297059
1.327,1297059
1.328,1297059
1.329,1297059
1.33,1297059
1.333,1297059
1.337,1297059
1.338,1297059
1.341,1297059
1.342,1297059
1.345,1296584
1.345,1296584
1.347,1296584
1.351,1296584
1.356,1296584
1.356,1296584
1.357,1296584
1.357,1296584
1.363,1296584
1.366,1296584
1.368,1296584
1.369,1296584
1.37,1296584
1.371,1296584
1.372,1296584
1.372,1296584
1.373,1296584
1.374,1296584
1.376,1296584
1.377,1296584
1.377,1296584
1.378,1296584
1.38,1296584
1.381,1296584
1.384,1296584
1.386,1296584
1.386,1296584
1.389,1296584
1.391,1296584
1.394,1296584
1.394,1296584
1.397,1296584
1.407,1296584
1.409,1296584
1.41,1296584
1.413,1296584
1.414,1296584
1.419,1296584
1.42,1296584
1.422,1296584
1.426,1296584
1.427,1296584
1.428,1296584
1.438,1296584
1.44,1296584
1.441,1296584
1.442,1296584
1.444,1296584
1.444,1296584
1.444,1296584
1.446,1296584
1.457,1296584
1.458,1296584
1.459,1296584
1.461,1296584
1.461,1296584
1.461,1296485
1.463,1296485
1.464,1296485
1.467,1296485
1.468,1296485
1.468,1296485
1.469,1296485
1.472,1296485
1.474,1296485
1.475,1296485
1.477,1296485
1.479,1296485
1.483,1296485
1.487,1296485
1.488,1296354
1.489,1296354
1.494,1296354
1.496,1296354
1.501,1296354
1.502,1296354
1.504,1296354
1.505,1296354
1.505,1296354
1.505,1296354
1.508,1296354
1.509,1296354
1.512,1296354
1.513,1296354
1.515,1296354
1.515,1296354
1.517,1296354
1.522,1296354
1.523,1296354
1.524,1296354
1.526,1296354
1.528,1296354
1.529,1296354
1.53,1296354
1.533,1296354
1.533,1296354
1.536,1296354
1.537,1296354
1.541,1296354
1.547,1296354
1.548,1296354
1.552,1296354
1.554,1296354
1.556,1296354
1.561,1296354
1.564,1296354
1.569,1296354
1.572,1296354
1.583,1296354
1.584,1296354
1.587,1296354
1.593,1296354
1.597,1296354
1.6,1296354
1.6,1296354
1.601,1296354
1.601,1296354
1.603,1296354
1.607,1296354
1.609,1296354
1.614,1296354
1.62,1296354
1.62,1296354
1.621,1296354
1.621,1296354
1.622,1296354
1.622,1296354
1.623,1296354
1.624,1296354
1.624,1296354
1.625,1296354
1.626,1296354
1.628,1296354
1.633,1296354
1.635,1296354
1.64,1296354
1.641,1296354
1.642,1296354
1.645,1296354
1.651,1296354
1.654,1296354
1.658,1296354
1.668,1296354
1.669,1296354
1.672,1296354
1.682,1296354
1.686,1296354
1.687,1296354
1.691,1296354
1.695,1296354
1.697,1296354
1.698,1296354
1.699,1296354
1.7,1296354
1.702,1296354
1.709,1296354
1.71,1296354
1.711,1296354
1.715,1296354
1.718,1296354
1.722,1296354
1.723,1296354
1.725,1296354
1.726,1296354
1.728,1296354
1.729,1296354
1.731,1296354
1.732,1296354
1.735,1296354
1.736,1296354
1.739,1296354
1.741,1296354
1.747,1296354
1.748,1295718
1.749,1295718
1.75,1295718
1.756,1295718
1.759,1295718
1.764,1295718
1.766,1295718
1.768,1295718
1.769,1295718
1.772,1295718
1.774,1295718
1.775,1295718
1.775,1295718
1.776,1295718
1.777,1295718
1.778,1295718
1.78,1295718
1.78,1295718
1.787,1295718
1.792,1295718
1.795,1295718
1.796,1295718
1.799,1295718
1.799,1295718
1.801,1295718
1.803,1295718
1.804,1295718
1.808,1295718
1.812,1295718
1.813,1295718
1.814,1295718
1.815,1295718
1.817,1295718
1.818,1295718
1.819,1295718
1.821,1295718
1.823,1295718
1.825,1295718
1.825,1295718
1.827,1295718
1.827,1295718
1.83,1295718
1.831,1295718
1.831,1295718
1.832,1295718
1.836,1295718
1.836,1295718
1.839,1295718
1.849,1295718
1.855,1295718
1.855,1295718
1.859,1295718
1.864,1295718
1.871,1295718
1.872,1295718
1.872,1295718
1.874,1295718
1.874,1295718
1.881,1295718
1.883,1295718
1.887,1295718
1.89,1295718
1.891,1295718
1.895,1295718
1.897,1295718
1.901,1295718
1.902,1295718
1.903,1295718
1.904,1295718
1.909,1295718
1.909,1295718
1.914,1295718
1.916,1295718
1.917,1295718
1.917,1295718
1.919,1295718
1.921,1295718
1.922,1295718
1.925,1295718
1.927,1295718
1.927,1295718
1.935,1295718
1.954,1295718
1.954,1295718
1.954,1295718
1.957,1295718
1.966,1295718
1.968,1295718
1.971,1295718
1.981,1295718
1.981,1295718
1.981,1295718
1.981,1295718
1.984,1295718
1.992,1295718
1.993,1295718
1.997,1295718
2,1295718
2,1295718
2.001,1295718
2.002,1295718
2.003,1295718
2.009,1295718
2.01,1295718
2.02,1295718
2.021,1295718
2.022,1295718
2.023,1295718
2.031,1295718
2.044,1295718
2.044,1295718
2.06,1295718
2.062,1295718
2.062,1295718
2.062,1295718
2.064,1295718
2.064,1295718
2.064,1295718
2.068,1295718
2.069,1295718
2.07,1295718
2.074,1295718
2.076,1295718
2.078,1295718
2.08,1295718
2.081,1295718
2.085,1295718
2.086,1295718
2.086,1295718
2.086,1295718
2.087,1295718
2.09,1295718
2.092,1295718
2.092,1295718
2.097,1295718
2.103,1295718
2.108,1295718
2.111,1295718
2.114,1295718
2.12,1295718
2.123,1295718
2.133,1295718
2.144,1295718
2.145,1295718
2.146,1295718
2.153,1295718
2.153,1295718
2.153,1295718
2.155,1295718
2.156,1295718
2.157,1295718
2.158,1295718
2.158,1295718
2.159,1295718
2.161,1295718
2.164,1295718
2.165,1295718
2.166,1295718
2.166,1295718
2.167,1295718
2.173,1295718
2.174,1295718
2.184,1295718
2.188,1295718
2.191,1295718
2.191,1295718
2.191,1295718
2.194,1295718
2.198,1295718
2.201,1295718
2.203,1295718
2.206,1295718
2.207,1295718
2.207,1295718
2.208,1295718
2.209,1295718
2.212,1295718
2.216,1295718
2.217,1295718
2.218,1295718
2.219,1295718
2.223,1295718
2.224,1295718
2.225,1295718
2.226,1295718
2.226,1295718
2.23,1295718
2.232,1295718
2.237,1295718
2.237,1295718
2.237,1295718
2.24,1295718
2.24,1295718
2.243,1295718
2.244,1295718
2.245,1295718
2.246,1295718
2.249,1295718
2.251,1295718
2.252,1295718
2.253,1295718
2.257,1295718
2.259,1295718
2.26,1295718
2.264,1295718
2.265,1295718
2.267,1295718
2.268,1295718
2.268,1295718
2.274,1295718
2.28,1295718
2.282,1295718
2.29,1295718
2.291,1295718
2.291,1295718
2.293,1295718
2.296,1295718
2.306,1295718
2.307,1295718
2.314,1295718
2.316,1295718
2.319,1295718
2.319,1295718
2.32,1295718
2.323,1295718
2.323,1295718
2.323,1295718
2.324,1295718
2.328,1295718
2.331,1295718
2.335,1295718
2.338,1295718
2.339,1295718
2.339,1295718
2.342,1295718
2.343,1295718
2.344,1295718
2.348,1295718
2.349,1295718
2.354,1295718
2.355,1295718
2.356,1295718
2.358,1295718
2.358,1295718
2.361,1295718
2.369,1295718
2.381,1295718
2.381,1295718
2.391,1295718
2.393,1295718
2.395,1295718
2.399,1295718
2.399,1295718
2.403,1295718
2.406,1295718
2.408,1295718
2.409,1295718
2.409,1295718
2.41,1295718
2.411,1295718
2.413,1295718
2.415,1295718
2.422,1295718
2.423,1295718
2.423,1295718
2.425,1295718
2.426,1295718
2.428,1295718
2.428,1295718
2.428,1295718
2.429,1295718
2.432,1295718
2.433,1295718
2.434,1295718
2.435,1295718
2.436,1295718
2.437,1295718
2.437,1295718
2.439,1295718
2.444,1295718
2.447,1295718
2.447,1295718
2.448,1295718
2.448,1295718
2.451,1295718
2.455,1295718
2.455,1295718
2.46,1295718
2.46,1295718
2.462,1295718
2.462,1295718
2.464,1295718
2.466,1295718
2.466,1295718
2.468,1295718
2.468,1295718
2.469,1295718
2.481,1295718
2.483,1295718
2.488,1295718
2.488,1295718
2.488,1295718
2.489,1295718
2.497,1295718
2.497,1295718
2.497,1295718
2.498,1295718
2.503,1295718
2.505,1295718
2.51,1295718
2.515,1295718
2.515,1295718
2.517,1295718
2.52,1295718
2.52,1295718
2.521,1295718
2.525,1295718
2.525,1295718
2.53,1295718
2.531,1295718
2.532,1295718
2.532,1295718
2.541,1295718
2.545,1295718
2.545,1295718
2.548,1295718
2.552,1295718
2.552,1295718
2.556,1295718
2.556,1295718
2.559,1295718
2.562,1295718
2.564,1295718
2.567,1295718
2.575,1295718
2.575,1295718
2.578,1295718
2.578,1295718
2.58,1295718
2.58,1295718
2.58,1295718
2.585,1295718
2.586,1295718
2.587,1295718
2.595,1295718
2.595,1295718
2.595,1295718
2.602,1295718
2.602,1295718
2.606,1295718
2.607,1295718
2.608,1295718
2.612,1295718
2.616,1295718
2.618,1295718
2.619,1295718
2.622,1295718
2.622,1295718
2.622,1295718
2.623,1295718
2.625,1295718
2.628,1295718
2.633,1295718
2.634,1295718
2.635,1295718
2.643,1295718
2.643,1295718
2.646,1295718
2.648,1295718
2.651,1295718
2.651,1295718
2.662,1295718
2.663,1295718
2.663,1295718
2.665,1295718
2.665,1295718
2.666,1295718
2.666,1295718
2.668,1295718
2.669,1295718
2.67,1295718
2.672,1295718
2.672,1295718
2.673,1295718
2.677,1295718
2.678,1295718
2.678,1295718
2.681,1295718
2.682,1295718
2.689,1295718
2.689,1295718
2.689,1295718
2.69,1295718
2.693,1295718
2.694,1295718
2.696,1295718
2.697,1295718
2.698,1295718
2.699,1295718
2.702,1295718
2.704,1295718
2.704,1295718
2.705,1295718
2.71,1295718
2.71,1295718
2.712,1295718
2.717,1295718
2.718,1295718
2.718,1295718
2.719,1295718
2.721,1295718
2.721,1295718
2.724,1295718
2.726,1295718
2.726,1295718
2.727,1295718
2.731,1295718
2.734,1295718
2.734,1295718
2.738,1295718
2.738,1295718
2.74,1295718
2.74,1295718
2.743,1295718
2.744,1295718
2.745,1295718
2.746,1295718
2.749,1295718
2.75,1295718
2.75,1295718
2.753,1295718
2.758,1295718
2.759,1295718
2.763,1295718
2.769,1295718
2.769,1295718
2.771,1295718
2.776,1295718
2.777,1295718
2.778,1295718
2.78,1295718
2.78,1295718
2.782,1295718
2.784,1295718
2.785,1295718
2.787,1295718
2.788,1295718
2.791,1295718
2.794,1295718
2.796,1295718
2.798,1295718
2.801,1295718
2.802,1295718
2.805,1295718
2.805,1295718
2.806,1295718
2.808,1295718
2.812,1295718
2.819,1295718
2.826,1295718
2.829,1295718
2.829,1295718
2.83,1295718
2.836,1295718
2.838,1295718
2.839,1295718
2.841,1295718
2.841,1295718
2.843,1295718
2.844,1295718
2.845,1295718
2.851,1295718
2.852,1295718
2.854,1295718
2.857,1295718
2.861,1295718
2.863,1295718
2.871,1295718
2.872,1295718
2.875,1295718
2.875,1295718
2.881,1295718
2.882,1295718
2.884,1295718
2.884,1295718
2.885,1295718
2.886,1295718
2.886,1295718
2.889,1295718
2.889,1295718
2.891,1295718
2.893,1295718
2.895,1295718
2.899,1295718
2.899,1295718
2.901,1295718
2.91,1295718
2.919,1295718
2.919,1295718
2.922,1295718
2.923,1295718
2.928,1295718
2.931,1295718
2.932,1295718
2.934,1295718
2.937,1295718
2.938,1295718
2.946,1295718
2.946,1295718
2.95,1295718
2.954,1295718
2.954,1295718
2.955,1295718
2.96,1295718
2.961,1295718
2.961,1295718
2.964,1295718
2.964,1295718
2.966,1295718
2.967,1295718
2.968,1295718
2.973,1295718
2.974,1295718
2.979,1295718
2.989,1295718
2.994,1295718
2.997,1295718
2.997,1295718
2.999,1295718
