0.013,9561038
0.013,9493309
0.013,9431838
0.013,9380036
0.013,9332720
0.013,9268650
0.013,9268567
0.013,9119787
0.013,8975177
0.013,8814569
0.014,8702553
0.014,8663975
0.014,8400624
0.014,8347310
0.014,8142609
0.014,7949694
0.014,7946123
0.015,7888933
0.015,7869669
0.015,7840744
0.015,7840658
0.015,7839774
0.015,7839138
0.015,7808029
0.016,7802884
0.016,7802884
0.016,7798709
0.016,7782749
0.017,7782749
0.017,7782749
0.017,7743727
0.017,7674358
0.019,7658355
0.019,7612207
0.019,7611567
0.019,7611029
0.019,7410927
0.019,7406444
0.019,7403317
0.02,7400853
0.02,7390924
0.02,7387028
0.02,7386460
0.02,7361532
0.021,7295735
0.021,7273831
0.021,7153866
0.021,7153281
0.021,7132899
0.021,7021556
0.021,6952886
0.022,6929329
0.022,6923201
0.022,6917595
0.022,6895176
0.022,6885944
0.022,6885644
0.022,6735510
0.022,6735510
0.022,6726172
0.023,6695159
0.023,6588355
0.023,6572820
0.023,6570336
0.023,6539725
0.023,6520959
0.023,6514796
0.024,6512230
0.024,6484149
0.024,6407613
0.024,6326431
0.024,6324622
0.024,6309897
0.026,6256116
0.026,6255685
0.026,6227864
0.026,6218642
0.027,6218578
0.027,6206705
0.027,6170099
0.027,6097203
0.028,6087563
0.028,6083806
0.028,6082008
0.028,6081102
0.028,6006828
0.028,5989245
0.028,5870206
0.029,5799659
0.029,5799659
0.03,5796718
0.03,5790454
0.03,5779568
0.03,5779568
0.031,5767808
0.031,5764262
0.031,5764262
0.031,5642123
0.031,5610625
0.031,5609388
0.032,5608817
0.032,5606445
0.032,5599742
0.033,5440965
0.033,5392127
0.033,5388088
0.033,5388088
0.034,5346552
0.034,5242323
0.034,5171315
0.034,5170197
0.034,5164408
0.034,5164328
0.035,5160846
0.035,5154557
0.036,5126178
0.036,5124998
0.036,5124998
0.037,5107262
0.037,5102358
0.038,5089172
0.038,5088092
0.038,5062856
0.038,5053133
0.039,5051546
0.039,5037509
0.039,5037509
0.039,5026442
0.04,5026442
0.04,5012242
0.04,4981341
0.04,4952453
0.04,4931793
0.041,4906619
0.041,4906510
0.041,4873657
0.042,4846829
0.042,4791420
0.042,4791265
0.043,4780402
0.043,4775398
0.043,4769643
0.043,4749600
0.043,4749600
0.044,4637046
0.044,4606887
0.044,4601702
0.045,4575368
0.045,4575368
0.045,4574174
0.045,4334868
0.046,4333297
0.047,4330597
0.047,4328266
0.047,4324819
0.047,4318096
0.048,4318096
0.048,4267228
0.049,4267228
0.049,4266999
0.049,4266999
0.049,4235571
0.049,4156659
0.05,4132174
0.051,4119171
0.051,4119171
0.051,4119171
0.052,4110201
0.052,4040258
0.053,4038257
0.053,4036669
0.053,4021654
0.053,4021654
0.053,4015756
0.054,4013790
0.054,4007140
0.055,4000585
0.056,3976686
0.056,3973201
0.056,3954243
0.057,3878473
0.057,3876722
0.058,3860287
0.058,3859502
0.059,3851800
0.059,3851800
0.06,3830201
0.061,3826176
0.061,3826176
0.061,3817607
0.061,3816023
0.061,3784350
0.061,3784350
0.061,3782176
0.062,3730051
0.062,3730022
0.063,3725654
0.064,3725283
0.064,3725283
0.065,3656799
0.066,3649633
0.068,3616228
0.069,3612066
0.069,3580080
0.071,3579071
0.071,3578349
0.071,3575306
0.071,3552250
0.073,3432073
0.073,3390240
0.074,3366825
0.074,3363586
0.075,3361076
0.075,3361076
0.076,3351204
0.076,3320452
0.076,3319499
0.077,3304413
0.077,3304413
0.077,3304413
0.077,3304413
0.08,3298378
0.08,3270304
0.08,3266987
0.08,3265016
0.081,3262742
0.082,3250634
0.082,3247336
0.083,3247336
0.083,3247336
0.084,3247336
0.085,3247336
0.086,3237003
0.087,3233875
0.087,3233875
0.087,3233812
0.087,3198421
0.087,3196206
0.088,3196206
0.088,3196206
0.088,3192326
0.089,3192326
0.089,3175564
0.089,3175435
0.09,3156849
0.09,3156849
0.091,3153881
0.091,3143571
0.092,3120777
0.092,3120777
0.092,3118978
0.092,3117224
0.093,3046501
0.093,3034307
0.095,2986676
0.095,2979807
0.096,2963092
0.098,2963092
0.098,2928492
0.101,2907454
0.101,2847273
0.101,2840515
0.101,2781653
0.103,2781653
0.103,2774577
0.104,2774577
0.106,2774577
0.106,2774020
0.108,2769090
0.109,2766133
0.109,2755923
0.11,2755302
0.111,2737677
0.112,2699744
0.112,2695143
0.113,2695143
0.114,2676389
0.114,2676181
0.117,2676181
0.117,2669060
0.117,2615827
0.119,2615827
0.12,2611963
0.12,2603736
0.121,2603335
0.122,2601249
0.122,2601249
0.123,2601249
0.125,2601209
0.127,2594817
0.127,2592104
0.128,2592104
0.128,2592085
0.13,2588128
0.13,2564252
0.13,2564252
0.131,2564252
0.131,2528118
0.131,2528118
0.132,2527518
0.132,2527518
0.133,2527072
0.133,2525606
0.135,2512777
0.135,2500243
0.135,2500243
0.139,2473701
0.139,2473701
0.142,2470649
0.142,2470649
0.143,2462423
0.144,2461263
0.146,2432543
0.146,2429613
0.147,2378233
0.149,2374802
0.15,2374802
0.151,2368642
0.152,2368642
0.152,2365699
0.152,2365699
0.155,2365699
0.156,2365699
0.158,2365262
0.158,2358511
0.159,2348205
0.159,2347217
0.159,2347217
0.159,2346084
0.16,2243695
0.163,2243695
0.163,2235996
0.164,2235996
0.164,2235996
0.166,2235996
0.169,2226227
0.169,2226227
0.171,2225862
0.172,2225862
0.172,2225862
0.173,2225862
0.174,2223482
0.174,2214914
0.174,2214914
0.177,2192439
0.177,2188760
0.179,2188760
0.179,2188388
0.18,2188201
0.182,2188099
0.183,2160358
0.183,2158843
0.188,2154889
0.188,2154889
0.189,2128338
0.189,2128338
0.189,2128338
0.19,2128338
0.192,2109927
0.192,2109927
0.192,2109927
0.192,2107367
0.193,2097055
0.193,2097055
0.193,2097055
0.195,2092734
0.197,2091488
0.201,2085408
0.203,2085408
0.203,2078666
0.204,2069717
0.205,2067037
0.207,2065341
0.208,2065341
0.21,2065341
0.21,2054981
0.212,2054981
0.212,2053241
0.213,2053241
0.217,2053241
0.217,2053241
0.219,2053241
0.22,2053241
0.22,2053241
0.222,2046282
0.222,2039742
0.223,2038500
0.224,2038500
0.224,2012964
0.225,2012964
0.226,2012644
0.227,2012644
0.227,2012644
0.229,1979305
0.231,1979305
0.231,1979305
0.232,1948418
0.239,1948283
0.245,1948283
0.245,1947241
0.246,1947241
0.246,1946087
0.246,1946087
0.247,1946087
0.247,1946087
0.248,1946087
0.248,1946087
0.249,1946087
0.25,1946087
0.254,1933443
0.255,1928707
0.255,1927754
0.256,1927754
0.257,1927754
0.257,1927754
0.258,1927754
0.259,1924087
0.261,1918936
0.262,1918936
0.263,1918936
0.266,1918936
0.267,1918936
0.268,1918936
0.269,1918936
0.274,1918936
0.276,1918316
0.278,1909013
0.281,1886251
0.281,1884257
0.283,1881829
0.286,1879779
0.287,1879779
0.288,1871380
0.288,1871380
0.289,1808524
0.29,1808524
0.294,1807379
0.297,1806468
0.297,1806468
0.298,1806468
0.301,1806468
0.301,1806468
0.303,1775138
0.305,1775138
0.306,1775138
0.306,1775138
0.312,1775138
0.313,1773871
0.316,1773871
0.317,1773858
0.317,1773858
0.32,1773696
0.32,1773696
0.321,1773696
0.321,1773696
0.321,1771057
0.321,1771057
0.327,1771057
0.328,1730710
0.328,1730710
0.329,1730710
0.329,1730710
0.332,1727797
0.334,1719736
0.334,1719736
0.335,1719736
0.336,1719736
0.336,1711279
0.338,1711279
0.344,1711279
0.346,1711279
0.347,1707182
0.348,1707182
0.352,1707182
0.355,1707182
0.356,1707182
0.357,1700166
0.358,1696567
0.358,1696567
0.359,1696045
0.361,1696045
0.362,1696045
0.362,1695943
0.363,1695943
0.363,1695943
0.363,1695943
0.363,1695943
0.368,1695943
0.369,1695943
0.371,1695943
0.373,1695943
0.374,1695943
0.376,1695943
0.376,1695943
0.378,1695943
0.38,1663556
0.383,1663556
0.385,1662794
0.387,1662794
0.389,1662794
0.39,1662794
0.39,1662794
0.396,1662794
0.396,1662794
0.4,1662794
0.4,1662658
0.401,1662658
0.401,1651689
0.406,1651689
0.408,1640517
0.409,1640517
0.411,1640269
0.412,1640269
0.413,1640269
0.414,1640269
0.414,1640269
0.415,1640269
0.416,1640269
0.417,1640269
0.417,1638829
0.417,1638573
0.418,1638573
0.418,1638573
0.419,1638573
0.42,1638573
0.42,1638573
0.42,1638573
0.421,1638573
0.421,1638573
0.424,1638573
0.426,1638573
0.427,1638573
0.431,1636417
0.431,1636417
0.432,1636417
0.434,1636417
0.437,1636387
0.438,1636387
0.44,1628215
0.442,1628215
0.445,1628215
0.448,1628215
0.452,1628215
0.452,1628215
0.453,1628215
0.455,1628143
0.457,1628143
0.457,1628143
0.458,1628143
0.465,1628143
0.466,1626453
0.47,1626453
0.473,1626401
0.474,1626401
0.48,1626401
0.481,1619215
0.482,1617977
0.484,1617977
0.486,1617417
0.487,1617417
0.493,1617417
0.498,1617417
0.499,1617417
0.499,1617417
0.5,1616905
0.501,1616905
0.504,1616905
0.511,1616905
0.512,1616905
0.513,1616498
0.513,1616498
0.515,1616498
0.521,1616498
0.521,1613244
0.521,1613244
0.524,1613244
0.525,1605344
0.528,1605344
0.53,1605344
0.532,1605344
0.534,1605208
0.535,1552702
0.535,1552702
0.536,1552702
0.536,1552702
0.538,1547069
0.541,1547069
0.542,1547069
0.543,1547069
0.544,1547069
0.545,1547069
0.545,1547069
0.547,1547069
0.553,1547069
0.553,1547069
0.557,1547069
0.559,1547069
0.56,1547069
0.561,1547069
0.562,1547069
0.564,1547069
0.566,1547069
0.567,1547069
0.568,1547069
0.568,1547069
0.568,1546962
0.57,1546962
0.571,1546962
0.572,1521864
0.578,1521864
0.578,1521864
0.581,1521864
0.582,1521864
0.587,1521864
0.59,1521864
0.59,1521864
0.593,1521864
0.594,1521864
0.596,1521864
0.596,1521864
0.602,1509328
0.605,1507532
0.606,1507532
0.609,1507532
0.614,1499473
0.62,1499473
0.62,1499473
0.62,1499473
0.621,1499473
0.621,1499473
0.621,1499473
0.623,1496828
0.625,1496828
0.627,1496828
0.634,1496828
0.635,1496828
0.636,1496828
0.64,1496828
0.641,1496828
0.641,1496828
0.643,1495012
0.644,1489433
0.646,1489341
0.649,1475420
0.65,1475420
0.65,1475420
0.654,1475420
0.656,1475420
0.659,1475420
0.66,1475420
0.661,1472876
0.662,1472876
0.662,1456956
0.666,1456956
0.667,1456956
0.671,1456956
0.675,1456956
0.676,1456956
0.679,1456956
0.682,1456356
0.683,1456356
0.683,1456356
0.687,1456356
0.688,1456356
0.69,1456356
0.693,1455613
0.694,1455613
0.695,1455613
0.697,1455613
0.698,1455613
0.699,1455613
0.7,1454594
0.701,1454594
0.702,1454594
0.709,1454594
0.711,1453994
0.713,1453994
0.715,1453994
0.717,1453994
0.717,1453994
0.722,1453994
0.724,1453994
0.724,1453994
0.724,1453994
0.725,1433148
0.726,1433148
0.727,1433148
0.73,1433148
0.731,1433148
0.735,1433148
0.744,1433148
0.745,1433148
0.752,1433148
0.752,1433148
0.752,1433139
0.759,1433139
0.766,1433139
0.768,1433139
0.772,1433139
0.772,1433139
0.773,1433139
0.774,1433139
0.776,1433139
0.776,1433139
0.778,1433139
0.78,1433139
0.784,1433139
0.787,1433139
0.788,1433139
0.788,1433139
0.788,1433139
0.789,1433139
0.79,1433139
0.796,1433139
0.797,1433139
0.798,1433139
0.799,1433139
0.8,1427268
0.8,1427268
0.801,1427268
0.803,1427268
0.804,1427268
0.804,1427268
0.804,1427268
0.808,1427180
0.808,1427180
0.811,1427180
0.812,1427180
0.813,1427004
0.813,1427004
0.817,1427004
0.821,1427004
0.827,1427004
0.827,1427004
0.829,1427004
0.83,1427004
0.83,1427004
0.831,1427004
0.835,1427004
0.838,1427004
0.84,1418269
0.841,1418269
0.845,1418269
0.845,1418269
0.849,1418269
0.851,1418269
0.852,1418269
0.853,1417734
0.856,1417734
0.856,1417734
0.862,1417734
0.862,1417734
0.863,1417734
0.865,1417734
0.865,1416522
0.866,1416522
0.867,1416522
0.875,1416522
0.876,1416522
0.876,1416522
0.878,1416522
0.878,1416522
0.889,1416522
0.893,1416471
0.895,1416471
0.895,1416471
0.901,1416471
0.903,1416471
0.906,1416471
0.907,1416471
0.909,1416471
0.91,1416471
0.914,1416471
0.916,1416471
0.916,1416471
0.919,1416471
0.925,1416471
0.929,1416471
0.933,1416471
0.934,1416471
0.937,1416471
0.939,1416471
0.939,1416471
0.939,1416471
0.944,1416471
0.951,1416471
0.951,1416471
0.957,1416471
0.967,1416471
0.968,1416471
0.973,1416471
0.977,1416471
0.978,1416471
0.98,1416471
0.983,1416471
0.984,1416471
0.984,1416471
0.985,1416471
0.985,1416471
0.989,1416471
0.989,1416471
0.999,1416471
1,1416471
1.007,1416471
1.007,1416471
1.009,1416471
1.014,1416471
1.015,1416471
1.017,1416471
1.022,1416471
1.024,1416471
1.034,1416471
1.034,1416471
1.036,1416471
1.039,1416471
1.043,1416471
1.047,1416471
1.048,1416471
1.049,1416471
1.051,1416471
1.052,1416471
1.055,1415681
1.059,1415681
1.06,1415681
1.06,1415681
1.061,1415681
1.066,1415681
1.067,1415681
1.067,1415681
1.068,1415681
1.068,1415681
1.068,1415681
1.072,1415681
1.072,1415681
1.073,1415197
1.074,1415197
1.078,1415197
1.079,1415197
1.079,1415197
1.088,1415197
1.088,1415197
1.094,1415197
1.096,1415197
1.096,1415197
1.097,1415197
1.098,1415197
1.098,1415197
1.099,1415197
1.105,1415197
1.106,1415197
1.108,1415197
1.108,1415197
1.113,1415197
1.118,1415197
1.119,1415197
1.124,1415197
1.126,1415197
1.127,1415197
1.131,1415197
1.133,1415197
1.135,1415197
1.136,1415197
1.137,1415197
1.137,1415197
1.138,1415197
1.141,1415197
1.147,1415197
1.148,1415197
1.15,1415197
1.152,1415197
1.154,1415197
1.155,1415197
1.158,1415197
1.159,1415197
1.164,1415197
1.165,1415197
1.168,1415197
1.168,1415197
1.17,1415197
1.172,1415197
1.187,1415197
1.188,1415197
1.189,1415197
1.193,1415197
1.195,1415197
1.198,1415197
1.2,1415197
1.203,1415197
1.207,1415197
1.21,1415197
1.211,1415197
1.214,1415197
1.214,1415197
1.218,1415197
1.218,1415197
1.219,1415197
1.22,1415197
1.22,1415197
1.221,1415197
1.228,1415197
1.23,1415197
1.231,1415197
1.232,1413912
1.233,1413912
1.238,1413912
1.25,1413912
1.251,1413912
1.252,1413912
1.253,1413912
1.254,1413912
1.259,1413912
1.259,1413912
1.26,1413912
1.26,1413912
1.26,1413912
1.261,1413912
1.262,1413912
1.262,1413912
1.264,1413912
1.269,1413912
1.269,1413912
1.269,1409254
1.271,1409254
1.271,1409254
1.273,1409254
1.275,1409254
1.276,1409254
1.277,1403751
1.28,1403751
1.28,1403751
1.281,1403751
1.287,1403751
1.288,1403751
1.288,1403751
1.289,1403751
1.29,1403751
1.293,1403751
1.296,1403751
1.297,1403751
1.298,1403751
1.299,1403751
1.305,1403751
1.309,1403751
1.311,1403751
1.311,1403751
1.311,1403751
1.313,1403751
1.315,1403751
1.316,1403751
1.32,1403751
1.322,1403751
1.323,1403751
1.325,1403751
1.328,1403751
1.337,1403751
1.337,1403751
1.34,1403751
1.344,1403751
1.346,1403751
1.346,1403751
1.347,1403751
1.347,1403751
1.347,1403751
1.348,1403751
1.35,1403751
1.357,1403751
1.358,1403751
1.359,1403751
1.362,1403751
1.363,1403751
1.366,1403751
1.378,1403751
1.381,1403751
1.386,1403751
1.389,1403751
1.389,1403751
1.392,1403751
1.392,1403751
1.394,1403751
1.395,1403751
1.398,1403751
1.398,1403751
1.399,1403751
1.401,1403751
1.402,1368176
1.402,1368176
1.403,1368176
1.406,1368176
1.407,1368176
1.409,1368176
1.412,1368176
1.415,1368176
1.42,1368176
1.42,1368176
1.422,1368176
1.422,1368176
1.425,1368176
1.425,1368176
1.427,1368176
1.429,1352378
1.431,1352378
1.434,1352378
1.437,1352378
1.442,1352378
1.445,1352378
1.446,1352378
1.446,1352378
1.446,1352378
1.447,1352378
1.447,1336147
1.448,1336147
1.449,1336147
1.45,1336147
1.45,1336147
1.454,1336147
1.454,1336147
1.456,1336147
1.459,1336147
1.463,1336147
1.466,1336147
1.468,1336147
1.469,1336147
1.471,1336147
1.472,1336147
1.472,1336147
1.473,1336147
1.474,1336147
1.48,1336147
1.485,1336147
1.486,1336147
1.488,1336147
1.49,1336147
1.491,1336147
1.491,1336147
1.499,1336147
1.501,1336147
1.501,1336147
1.503,1336147
1.507,1336147
1.507,1336147
1.509,1336147
1.512,1336147
1.512,1336147
1.517,1336147
1.517,1336147
1.519,1336147
1.52,1336147
1.522,1336147
1.522,1336147
1.522,1336147
1.523,1336147
1.533,1332895
1.536,1332895
1.537,1332895
1.54,1332895
1.542,1332895
1.543,1332895
1.545,1332895
1.548,1332895
1.548,1332895
1.551,1327289
1.552,1327289
1.553,1327289
1.555,1327289
1.558,1327289
1.559,1327289
1.56,1327289
1.563,1327289
1.574,1327289
1.575,1327289
1.576,1327289
1.577,1327289
1.582,1327289
1.583,1327289
1.586,1327289
1.599,1327289
1.599,1327289
1.6,1327289
1.603,1327289
1.604,1327289
1.604,1327289
1.606,1327289
1.607,1327289
1.608,1327289
1.609,1327289
1.611,1327289
1.612,1327289
1.612,1327289
1.615,1327289
1.615,1327289
1.628,1324915
1.633,1324915
1.634,1324915
1.638,1324915
1.638,1324915
1.638,1324915
1.641,1324915
1.641,1324915
1.642,1324915
1.647,1324915
1.649,1324915
1.655,1324915
1.657,1324915
1.658,1324915
1.658,1324915
1.66,1324915
1.662,1324915
1.663,1324915
1.663,1324915
1.665,1324915
1.665,1324915
1.667,1324915
1.668,1324915
1.67,1324915
1.672,1324915
1.675,1324915
1.678,1324915
1.681,1324915
1.681,1324915
1.683,1324915
1.69,1324915
1.69,1324915
1.699,1324915
1.701,1324915
1.703,1324915
1.704,1324915
1.704,1324915
1.711,1324915
1.711,1324915
1.717,1324915
1.72,1324915
1.721,1324915
1.721,1324915
1.723,1324915
1.723,1324915
1.726,1324915
1.731,1324915
1.733,1324915
1.734,1324915
1.734,1324915
1.752,1324915
1.752,1324915
1.755,1324915
1.757,1324915
1.762,1324915
1.766,1324915
1.766,1324915
1.766,1324915
1.766,1324915
1.767,1324915
1.768,1324915
1.77,1324915
1.775,1324915
1.777,1324915
1.779,1324915
1.782,1324915
1.782,1324915
1.788,1324915
1.792,1324915
1.793,1324915
1.798,1324915
1.799,1324915
1.8,1324915
1.801,1324915
1.803,1324915
1.809,1324915
1.81,1324915
1.815,1324915
1.819,1324915
1.821,1324915
1.821,1324915
1.822,1324915
1.826,1324915
1.829,1324915
1.834,1324915
1.837,1324915
1.839,1324915
1.839,1324915
1.84,1324915
1.843,1324915
1.844,1324915
1.844,1324915
1.845,1324915
1.852,1324915
1.852,1324915
1.859,1324915
1.863,1324915
1.864,1324915
1.864,1324915
1.865,1324915
1.87,1324915
1.874,1324915
1.874,1324915
1.879,1324915
1.879,1324915
1.88,1324915
1.883,1324915
1.884,1324915
1.89,1324915
1.893,1324915
1.894,1324915
1.896,1324915
1.898,1324915
1.898,1324915
1.901,1324915
1.909,1324915
1.911,1324915
1.911,1324915
1.915,1324915
1.92,1324915
1.92,1324915
1.921,1324915
1.926,1324915
1.927,1324915
1.928,1324915
1.929,1324915
1.93,1324915
1.931,1324915
1.933,1324915
1.934,1324915
1.936,1324915
1.936,1324915
1.941,1324915
1.949,1324915
1.95,1324915
1.952,1324915
1.956,1324915
1.962,1324915
1.967,1324915
1.971,1324915
1.98,1324915
1.989,1324915
1.989,1324915
1.992,1324915
1.994,1324915
1.995,1324915
2.002,1324915
2.008,1324915
2.011,1324915
2.012,1324915
2.013,1324915
2.014,1324915
2.015,1322669
2.018,1322669
2.019,1322669
2.021,1322669
2.021,1322669
2.022,1322669
2.026,1322669
2.033,1322669
2.036,1322669
2.037,1322669
2.04,1322669
2.041,1322669
2.044,1322669
2.049,1322669
2.051,1322669
2.055,1322669
2.055,1322669
2.056,1322669
2.061,1322669
2.061,1322669
2.061,1322669
2.063,1322669
2.063,1322669
2.064,1322669
2.066,1322669
2.066,1322669
2.067,1322669
2.068,1322669
2.07,1322669
2.071,1322669
2.074,1322669
2.076,1322669
2.077,1322669
2.079,1322669
2.082,1322669
2.083,1322669
2.084,1322669
2.086,1322669
2.087,1322669
2.09,1322669
2.091,1322669
2.092,1322669
2.094,1322669
2.094,1322669
2.098,1322669
2.103,1322669
2.103,1322669
2.104,1322669
2.106,1322669
2.108,1322669
2.109,1322669
2.11,1322669
2.113,1322669
2.114,1322669
2.114,1322669
2.114,1322669
2.115,1322669
2.118,1322669
2.126,1322669
2.127,1322669
2.127,1322669
2.13,1322669
2.143,1322669
2.145,1322669
2.145,1322669
2.147,1322669
2.148,1322669
2.151,1322669
2.155,1322669
2.159,1322669
2.161,1322669
2.162,1322669
2.164,1322669
2.165,1322669
2.175,1322669
2.176,1322669
2.179,1322669
2.182,1322669
2.183,1322669
2.186,1322669
2.186,1322669
2.192,1322669
2.193,1322669
2.2,1322669
2.216,1322669
2.218,1322669
2.221,1322669
2.223,1322669
2.227,1322669
2.23,1322669
2.23,1322669
2.235,1322669
2.235,1322669
2.238,1322669
2.239,1322669
2.241,1322669
2.243,1322669
2.244,1322669
2.245,1322669
2.245,1322669
2.246,1322669
2.25,1322669
2.25,1322669
2.251,1322669
2.256,1322669
2.261,1322669
2.261,1322669
2.261,1322669
2.264,1322669
2.265,1322669
2.267,1322669
2.268,1322669
2.271,1322669
2.271,1322669
2.272,1322669
2.273,1322669
2.275,1322669
2.281,1322669
2.285,1322669
2.29,1322669
2.293,1322669
2.297,1322669
2.298,1322669
2.298,1322669
2.303,1322669
2.306,1322669
2.307,1322669
2.316,1322669
2.318,1322669
2.323,1322669
2.323,1322669
2.327,1322669
2.329,1322669
2.339,1322669
2.341,1322669
2.342,1322669
2.344,1322669
2.345,1322669
2.346,1322669
2.346,1322669
2.35,1322669
2.351,1322669
2.353,1322669
2.354,1322669
2.359,1322669
2.36,1322669
2.364,1322669
2.368,1322669
2.371,1322669
2.372,1322669
2.375,1322669
2.376,1322669
2.377,1322669
2.378,1322669
2.388,1322669
2.392,1322669
2.393,1322669
2.401,1322669
2.401,1322669
2.403,1322669
2.413,1322669
2.414,1322669
2.419,1322669
2.422,1322669
2.424,1322669
2.424,1322669
2.426,1322669
2.426,1322669
2.427,1322669
2.428,1322669
2.431,1322669
2.432,1322669
2.439,1322669
2.44,1322669
2.442,1322669
2.444,1322669
2.456,1322669
2.459,1322669
2.46,1322669
2.464,1322669
2.467,1322669
2.468,1322669
2.473,1322669
2.476,1322669
2.479,1322669
2.479,1322669
2.481,1322669
2.485,1322669
2.486,1322669
2.487,1322669
2.49,1322669
2.494,1322669
2.502,1322669
2.506,1322669
2.506,1322669
2.509,1322669
2.512,1322669
2.514,1322669
2.517,1322669
2.519,1322669
2.52,1322669
2.521,1322669
2.523,1322669
2.525,1322669
2.527,1322669
2.527,1322669
2.529,1322669
2.531,1322669
2.533,1322669
2.539,1322669
2.546,1322669
2.55,1322669
2.55,1322669
2.553,1322669
2.555,1322669
2.559,1322669
2.559,1322669
2.56,1322669
2.562,1322669
2.564,1322669
2.567,1322669
2.569,1322669
2.573,1322669
2.578,1322669
2.584,1322669
2.588,1322669
2.589,1322669
2.589,1322669
2.589,1322669
2.591,1322669
2.593,1322669
2.598,1322669
2.605,1322669
2.606,1322669
2.608,1322669
2.609,1322669
2.613,1322669
2.614,1322669
2.614,1322669
2.615,1322669
2.617,1322669
2.622,1322669
2.625,1322669
2.629,1322669
2.631,1322669
2.635,1322669
2.636,1322669
2.636,1322669
2.639,1322669
2.64,1322669
2.642,1322669
2.642,1322669
2.644,1322669
2.645,1322669
2.645,1322669
2.647,1322669
2.651,1322669
2.651,1322669
2.651,1322669
2.654,1322669
2.656,1322669
2.658,1322669
2.661,1322669
2.662,1322669
2.663,1322669
2.664,1322669
2.667,1322669
2.672,1322669
2.677,1322669
2.678,1322669
2.678,1322669
2.679,1322669
2.68,1322669
2.684,1322669
2.685,1322669
2.687,1322669
2.691,1322669
2.691,1322669
2.694,1322669
2.695,1322669
2.699,1322669
2.702,1322669
2.706,1322669
2.71,1322669
2.712,1322669
2.716,1322669
2.72,1322669
2.729,1322669
2.73,1322669
2.734,1322669
2.746,1322669
2.746,1322669
2.748,1322669
2.75,1322669
2.753,1322669
2.756,1322669
2.758,1322669
2.763,1322669
2.765,1322669
2.768,1322669
2.769,1322669
2.769,1322669
2.769,1322669
2.77,1322669
2.771,1322669
2.771,1322669
2.771,1322669
2.773,1322669
2.774,1322669
2.774,1322669
2.776,1322669
2.788,1322669
2.788,1322669
2.79,1322669
2.791,1322669
2.793,1322669
2.798,1322669
2.799,1322669
2.802,1322669
2.804,1322669
2.804,1322669
2.806,1322669
2.807,1322669
2.814,1322669
2.815,1322669
2.815,1322669
2.816,1322669
2.818,1322669
2.819,1322669
2.819,1322669
2.82,1322669
2.821,1322669
2.822,1322669
2.823,1322669
2.823,1322669
2.826,1322669
2.826,1322669
2.828,1322669
2.829,1322669
2.83,1322669
2.832,1322669
2.832,1322669
2.833,1322669
2.836,1322669
2.837,1322669
2.837,1322669
2.838,1322669
2.84,1322669
2.845,1322669
2.846,1322669
2.846,1322669
2.847,1322669
2.847,1322669
2.851,1322669
2.856,1322669
2.857,1322669
2.86,1322669
2.863,1322669
2.865,1322669
2.866,1322669
2.866,1322669
2.867,1322669
2.869,1322669
2.871,1322669
2.873,1322669
2.873,1322669
2.876,1322669
2.876,1322669
2.877,1322669
2.879,1322669
2.881,1322669
2.881,1322669
2.89,1322669
2.891,1322669
2.893,1322669
2.893,1322669
2.893,1322669
2.897,1322669
2.898,1322669
2.899,1322669
2.9,1322669
2.91,1322669
2.921,1322669
2.926,1322669
2.927,1322669
2.938,1322669
2.94,1322669
2.94,1322669
2.948,1322669
2.951,1322669
2.953,1322669
2.955,1322669
2.957,1322669
2.957,1322669
2.957,1322669
2.959,1322669
2.964,1322669
2.97,1322669
2.971,1322669
2.972,1322669
2.979,1322669
2.98,1322669
2.982,1322669
2.985,1322669
2.986,1322669
2.989,1322669
2.992,1322669
2.992,1322669
2.993,1322669
2.993,1322669
2.996,1322669
3.004,1322669
3.008,1322669
3.01,1322669
3.011,1322669
3.013,1322669
3.014,1322669
3.014,1322669
3.017,1322669
3.017,1322669
3.018,1322669
3.019,1322669
3.019,1322669
3.022,1322669
3.022,1322669
3.022,1322669
3.025,1322669
3.026,1322669
3.027,1322669
3.029,1322669
3.03,1322669
3.031,1322669
3.031,1322669
3.035,1322669
3.038,1322669
3.038,1322669
3.041,1322669
3.044,1322669
3.049,1322669
3.051,1322669
3.055,1322669
3.056,1322669
3.059,1322669
3.061,1322669
3.061,1322669
3.061,1322669
3.063,1322669
3.063,1322669
3.065,1322669
3.07,1322669
3.07,1322669
3.07,1322669
3.072,1322669
3.08,1322669
3.082,1322669
3.083,1322669
3.085,1322669
3.089,1322669
3.09,1322669
3.095,1322669
3.096,1322669
3.097,1322669
3.098,1322669
3.099,1322669
3.104,1322669
3.105,1322669
3.107,1322669
3.109,1322669
3.111,1322669
3.114,1322669
3.114,1322669
3.127,1322669
3.128,1322669
3.129,1322669
3.132,1322669
3.134,1322669
3.151,1322669
3.153,1322669
3.155,1322669
3.158,1322669
3.159,1322669
3.164,1322669
3.167,1322669
3.168,1322669
3.169,1322669
3.169,1322669
3.181,1322669
3.182,1322669
3.183,1322669
3.183,1322669
3.184,1322669
3.184,1322669
3.192,1322669
3.192,1322669
3.194,1322669
3.195,1322669
3.196,1322669
3.198,1322669
3.2,1322669
3.207,1322669
3.208,1322669
3.209,1322669
3.21,1322669
3.217,1322669
3.218,1322669
3.221,1322669
3.226,1322669
3.226,1322669
3.227,1322669
3.232,1322669
3.238,1322669
3.242,1322669
3.243,1322669
3.244,1322669
3.244,1322669
3.244,1322669
3.25,1322669
3.251,1322669
3.254,1322669
3.255,1322669
3.256,1322669
3.257,1322669
3.26,1322669
3.263,1322669
3.263,1322669
3.264,1322669
3.267,1322669
3.274,1322669
3.28,1322669
3.282,1322669
3.285,1322669
3.292,1322669
3.292,1322669
3.293,1322669
3.294,1322669
3.294,1322669
3.295,1322669
3.295,1322669
3.299,1322669
3.299,1322669
3.3,1322669
3.3,1322669
3.301,1322669
3.303,1322669
3.309,1322669
3.31,1322669
3.312,1322669
3.319,1322669
3.32,1322669
3.321,1322669
3.322,1322669
3.326,1322669
3.329,1322669
3.33,1322669
3.333,1322669
3.334,1322669
3.335,1322669
3.336,1322669
3.342,1322669
3.344,1322669
3.35,1322669
3.353,1322669
3.353,1322669
3.355,1322669
3.356,1322669
3.358,1322669
3.359,1322669
3.364,1322669
3.365,1322669
3.367,1322669
3.367,1322669
3.375,1322669
3.376,1322669
3.384,1322669
3.386,1322669
3.389,1322669
3.392,1322669
3.394,1322669
3.396,1322669
3.397,1322669
3.401,1322669
3.402,1322669
3.409,1322669
3.411,1322669
3.411,1322669
3.415,1322669
3.417,1322669
3.421,1322669
3.425,1322669
3.426,1322669
3.432,1322669
3.432,1322669
3.432,1322669
3.433,1322669
3.435,1322669
3.438,1322669
3.438,1322669
3.438,1322669
3.439,1322669
3.452,1322669
3.454,1322669
3.456,1322669
3.459,1322669
3.462,1322669
3.463,1322669
3.463,1322669
3.465,1322669
3.467,1322669
3.475,1322669
3.476,1322669
3.476,1322669
3.479,1322669
3.483,1322669
3.483,1322669
3.486,1322669
3.489,1322669
3.49,1322669
3.494,1322669
3.494,1322669
3.495,1322669
3.498,1322669
3.501,1322669
3.502,1322669
3.508,1322669
3.511,1322669
3.512,1322669
3.514,1322669
3.514,1322669
3.515,1322669
3.52,1322669
3.521,1322669
3.522,1322669
3.525,1322669
3.527,1322669
3.531,1322669
3.532,1322669
3.532,1322669
3.532,1322669
3.537,1322669
3.545,1322669
3.547,1322669
3.548,1322669
3.549,1322669
3.55,1322669
3.552,1322669
3.554,1322669
3.56,1322669
3.563,1322669
3.563,1322669
3.563,1322669
3.564,1322669
3.565,1322669
3.566,1322669
3.568,1322669
3.575,1322669
3.577,1322669
3.578,1322669
3.582,1322669
3.583,1322669
3.584,1322669
3.586,1322669
3.588,1322669
3.59,1322669
3.592,1322669
3.593,1322669
3.595,1322669
3.597,1322669
3.6,1322669
3.601,1322669
3.603,1322669
3.604,1322669
3.61,1322669
3.611,1322669
3.612,1322669
3.612,1322669
3.614,1322669
3.615,1322669
3.617,1322669
3.619,1322669
3.621,1322669
3.624,1322669
3.627,1322669
3.628,1322669
3.632,1322669
3.634,1322669
3.636,1322669
3.64,1322669
3.643,1322669
3.643,1322669
3.644,1322669
3.645,1322669
3.646,1322669
3.647,1322669
3.651,1322669
3.653,1322669
3.662,1322669
3.662,1322669
3.666,1322669
3.668,1322669
3.671,1322669
3.674,1322669
3.675,1322669
3.681,1322669
3.682,1322669
3.685,1322669
3.686,1322669
3.686,1322669
3.688,1322669
3.688,1322669
3.688,1322669
3.69,1322669
3.693,1322669
3.693,1322669
3.697,1322669
3.698,1322669
3.703,1322669
3.704,1322669
3.706,1322669
3.709,1322669
3.712,1322669
3.718,1322669
3.719,1322669
3.72,1322669
3.722,1322669
3.73,1322669
3.735,1322669
3.738,1322669
3.744,1322669
3.745,1322669
3.747,1322669
3.748,1322669
3.75,1322669
3.754,1322669
3.758,1322669
3.76,1322669
3.77,1322669
3.771,1322669
3.772,1322669
3.773,1322669
3.774,1322669
3.778,1322669
3.787,1322669
3.787,1322669
3.794,1322669
3.795,1322669
3.796,1322669
3.797,1322669
3.803,1322669
3.804,1322669
3.805,1322669
3.805,1322669
3.807,1322669
3.809,1322669
3.811,1322669
3.812,1322669
3.817,1322669
3.819,1322669
3.823,1322669
3.825,1322669
3.83,1322669
3.834,1322669
3.837,1322669
3.839,1322669
3.84,1322669
3.841,1322669
3.846,1322669
3.846,1322669
3.849,1322669
3.855,1322669
3.858,1322669
3.859,1322669
3.861,1322669
3.867,1322669
3.868,1322669
3.869,1322669
3.871,1322669
3.872,1322669
3.874,1322669
3.875,1322669
3.878,1322669
3.879,1322669
3.882,1322669
3.883,1322669
3.886,1322669
3.892,1322669
3.893,1322669
3.895,1322669
3.901,1322669
3.91,1322669
3.911,1322669
3.918,1322669
3.923,1322669
3.923,1322669
3.925,1322669
3.926,1322669
3.93,1322669
3.932,1322669
3.933,1322669
3.936,1322669
3.938,1322669
3.942,1322669
3.944,1322669
3.946,1322669
3.947,1322669
3.947,1322669
3.952,1322669
3.953,1322669
3.959,1322669
3.959,1322669
3.964,1322669
3.966,1322669
3.969,1322669
3.973,1322669
3.973,1322669
3.976,1322669
3.977,1322669
3.978,1322669
3.98,1322669
3.98,1322669
3.98,1322669
3.982,1322669
3.983,1322669
3.992,1322669
3.999,1322669
4.005,1322669
4.006,1322669
4.012,1322669
4.015,1322669
4.019,1322669
4.027,1322669
4.031,1322669
4.032,1322669
4.033,1322669
4.034,1322669
4.036,1322669
4.036,1322669
4.037,1322669
4.037,1322669
4.038,1322669
4.04,1322669
4.04,1322669
4.041,1322669
4.042,1322669
4.046,1322669
4.05,1322669
4.051,1322669
4.055,1322669
4.055,1322669
4.057,1322669
4.058,1322669
4.068,1322669
4.07,1322669
4.073,1322669
4.074,1322669
4.076,1322669
4.078,1322669
4.08,1322669
4.083,1322669
4.083,1322669
4.084,1322669
4.085,1322669
4.089,1322669
4.093,1322669
4.094,1322669
4.098,1322669
4.099,1322669
4.103,1322669
4.107,1322669
4.107,1322669
4.108,1322669
4.109,1322669
4.11,1322669
4.111,1322669
4.113,1322669
4.114,1322669
4.117,1322669
4.12,1322669
4.128,1322669
4.129,1322669
4.131,1322669
4.133,1322669
4.134,1322669
4.136,1322669
4.137,1322669
4.137,1322669
4.138,1322669
4.14,1322669
4.143,1322669
4.151,1322669
4.16,1322669
4.162,1322669
4.163,1322669
4.165,1322669
4.175,1322669
4.175,1322669
4.178,1322669
4.179,1322669
4.18,1322669
4.18,1322669
4.182,1322669
4.184,1322669
4.187,1322669
4.189,1322669
4.19,1322669
4.197,1322669
4.199,1322669
4.199,1322669
4.201,1322669
4.203,1322669
4.21,1322669
4.213,1322669
4.214,1322669
4.214,1322669
4.215,1322669
4.215,1322669
4.219,1322669
4.22,1322669
4.225,1322669
4.23,1322669
4.231,1322669
4.232,1322669
4.234,1322669
4.24,1322669
4.24,1322669
4.244,1322669
4.244,1322669
4.246,1322669
4.249,1322669
4.25,1322669
4.251,1322669
4.252,1322669
4.253,1322669
4.253,1322669
4.254,1322669
4.254,1322669
4.255,1322669
4.26,1322669
4.263,1322669
4.265,1322669
4.266,1322669
4.268,1322669
4.271,1322669
4.274,1322669
4.274,1322669
4.274,1322669
4.276,1322669
4.28,1322669
4.284,1322669
4.284,1322669
4.287,1322669
4.292,1322669
4.303,1322669
4.305,1322669
4.306,1322669
4.309,1322669
4.31,1322669
4.311,1322669
4.311,1322669
4.316,1322669
4.317,1322669
4.322,1322669
4.331,1322669
4.332,1322669
4.334,1322669
4.336,1322669
4.341,1322669
4.342,1322669
4.344,1322669
4.347,1322669
4.347,1322669
4.353,1322669
4.354,1322669
4.355,1322669
4.355,1322669
4.357,1322669
4.358,1322669
4.358,1322669
4.359,1322669
4.364,1322669
4.367,1322669
4.373,1322669
4.377,1322669
4.379,1322669
4.381,1322669
4.387,1322669
4.392,1322669
4.395,1322669
4.396,1322669
4.4,1322669
4.407,1322669
4.41,1322669
4.41,1322669
4.415,1322669
4.416,1322669
4.418,1322669
4.42,1322669
4.421,1322669
4.423,1322669
4.427,1322669
4.427,1322669
4.432,1322669
4.434,1322669
4.441,1322669
4.444,1322669
4.451,1322669
4.453,1322669
4.456,1322669
4.457,1322669
4.465,1322669
4.466,1322669
4.469,1322669
4.472,1322669
4.475,1322669
4.476,1322669
4.478,1322669
4.478,1322669
4.482,1322669
4.485,1322669
4.496,1322669
4.496,1322669
4.498,1322669
4.498,1322669
4.502,1322669
4.503,1322669
4.508,1322669
4.509,1322669
4.509,1322669
4.513,1322669
4.513,1322669
4.52,1322669
4.524,1322669
4.527,1322669
4.528,1322669
4.529,1322669
4.53,1322669
4.532,1322669
4.533,1322669
4.534,1322669
4.535,1322669
4.535,1322669
4.545,1322669
4.546,1322669
4.548,1322669
4.549,1322669
4.553,1322669
4.553,1322669
4.554,1322669
4.557,1322669
4.557,1322669
4.559,1322669
4.561,1322669
4.563,1322669
4.571,1322669
4.575,1322669
4.578,1322669
4.58,1322669
4.582,1322669
4.585,1322669
4.587,1322669
4.588,1322669
4.589,1322669
4.598,1322669
4.599,1322669
4.6,1322669
4.602,1322669
4.604,1322669
4.604,1322669
4.606,1322669
4.607,1322669
4.61,1322669
4.618,1322669
4.619,1322669
4.621,1322669
4.622,1322669
4.631,1322669
4.638,1322669
4.638,1322669
4.638,1322669
4.641,1322669
4.642,1322669
4.646,1322669
4.647,1322669
4.648,1322669
4.649,1322669
4.653,1322669
4.656,1322669
4.656,1322669
4.657,1322669
4.661,1322669
4.663,1322669
4.666,1322669
4.67,1322669
4.671,1322669
4.672,1322669
4.674,1322669
4.676,1322669
4.677,1322669
4.678,1322669
4.68,1322669
4.681,1322669
4.681,1322669
4.683,1322669
4.688,1322669
4.691,1322669
4.696,1322669
4.698,1322669
4.698,1322669
4.699,1322669
4.703,1322669
4.705,1322669
4.708,1322669
4.709,1322669
4.709,1322669
4.717,1322669
4.717,1322669
4.72,1322669
4.728,1322669
4.728,1322669
4.729,1322669
4.732,1322669
4.733,1322669
4.733,1322669
4.736,1322669
4.737,1322669
4.739,1322669
4.739,1322669
4.742,1322669
4.745,1322669
4.751,1322669
4.751,1322669
4.752,1322669
4.756,1322669
4.759,1322669
4.76,1322669
4.761,1322669
4.761,1322669
4.764,1322669
4.765,1322669
4.767,1322669
4.767,1322669
4.77,1322669
4.775,1322669
4.779,1322669
4.784,1322669
4.789,1322669
4.79,1322669
4.797,1322669
4.797,1322669
4.805,1322669
4.807,1322669
4.81,1322669
4.812,1322669
4.816,1322669
4.817,1322669
4.819,1322669
4.82,1322669
4.822,1322669
4.822,1322669
4.825,1322669
4.835,1322669
4.838,1322669
4.838,1322669
4.839,1322669
4.843,1322669
4.85,1322669
4.851,1322669
4.856,1322669
4.861,1322669
4.868,1322669
4.869,1322669
4.87,1322669
4.87,1322669
4.87,1322669
4.871,1322669
4.874,1322669
4.876,1322669
4.88,1322669
4.883,1322669
4.884,1322669
4.884,1322669
4.884,1322669
4.885,1322669
4.885,1322669
4.89,1322669
4.89,1322669
4.892,1322669
4.895,1322669
4.901,1322669
4.902,1322669
4.904,1322669
4.91,1322669
4.91,1322669
4.91,1322669
4.911,1322669
4.915,1322669
4.919,1322669
4.923,1322669
4.923,1322669
4.927,1322669
4.928,1322669
4.933,1322669
4.934,1322669
4.936,1322669
4.939,1322669
4.94,1322669
4.943,1322669
4.943,1322669
4.946,1322669
4.947,1322669
4.955,1322669
4.957,1322669
4.958,1322669
4.968,1322669
4.971,1322669
4.972,1322669
4.982,1322669
4.987,1322669
4.988,1322669
4.99,1322669
4.999,1322669
5.002,1322669
5.007,1322669
5.007,1322669
5.007,1322669
5.011,1322669
5.013,1322669
5.016,1322669
5.017,1322669
5.019,1322669
5.019,1322669
5.019,1322669
5.02,1322669
5.021,1322669
5.022,1322669
5.022,1322669
5.026,1322669
5.026,1322669
5.026,1322669
5.027,1322669
5.028,1322669
5.03,1322669
5.03,1322669
5.032,1322669
5.033,1322669
5.037,1322669
5.037,1322669
5.038,1322669
5.039,1322669
5.04,1322669
5.042,1322669
5.043,1322669
5.046,1322669
5.047,1322669
5.052,1322669
5.054,1322669
5.057,1322669
5.058,1322669
5.063,1322669
5.066,1322669
5.068,1322669
5.069,1322669
5.071,1322669
5.071,1322669
5.072,1322669
5.073,1322669
5.074,1322669
5.074,1322669
5.074,1322669
5.074,1322669
5.077,1322669
5.078,1322669
5.082,1322669
5.083,1322669
5.084,1322669
5.089,1322669
5.09,1322669
5.09,1322669
5.096,1322669
5.097,1322669
5.097,1322669
5.099,1322669
5.101,1322669
5.102,1322669
5.104,1322669
5.11,1322669
5.121,1322669
5.126,1322669
5.129,1322669
5.13,1322669
5.131,1322669
5.138,1322669
5.138,1322669
5.14,1322669
5.142,1322669
5.142,1322669
5.143,1322669
5.144,1322669
5.144,1322669
5.149,1322669
5.156,1322669
5.156,1322669
5.156,1322669
5.157,1322669
5.157,1322669
5.159,1322669
5.162,1322669
5.165,1322669
5.17,1322669
5.17,1322669
5.171,1322669
5.172,1322669
5.173,1322669
5.174,1322669
5.185,1322669
5.186,1322669
5.188,1322669
5.191,1322669
5.192,1322669
5.194,1322669
5.196,1322669
5.201,1322669
5.203,1322669
5.203,1322669
5.207,1322669
5.211,1322669
5.213,1322669
5.217,1322669
5.219,1322669
5.22,1322669
5.221,1322669
5.222,1322669
5.225,1322669
5.226,1322669
5.228,1322669
5.229,1322669
5.235,1322669
5.235,1322669
5.236,1322669
5.236,1322669
5.237,1322669
5.239,1322669
5.239,1322669
5.24,1322669
5.241,1322669
5.242,1322669
5.246,1322669
5.248,1322669
5.253,1322669
5.253,1322669
5.26,1322669
5.262,1322669
5.262,1322669
5.263,1322669
5.283,1322669
5.287,1322669
5.287,1322669
5.288,1322669
5.291,1322669
5.295,1322669
5.295,1322669
5.298,1322669
5.301,1322669
5.302,1322669
5.302,1322669
5.302,1322669
5.303,1322669
5.307,1322669
5.309,1322669
5.312,1322669
5.315,1322669
5.318,1322669
5.318,1322669
5.321,1322669
5.322,1322669
5.323,1322669
5.326,1322669
5.326,1322669
5.328,1322669
5.331,1322669
5.337,1322669
5.342,1322669
5.344,1322669
5.345,1322669
5.351,1322669
5.351,1322669
5.352,1322669
5.353,1322669
5.353,1322669
5.353,1322669
5.358,1322669
5.363,1322669
5.365,1322669
5.365,1322669
5.371,1322669
5.371,1322669
5.375,1322669
5.376,1322669
5.378,1322669
5.379,1322669
5.381,1322669
5.386,1322669
5.387,1322669
5.39,1322669
5.39,1322669
5.39,1322669
5.392,1322669
5.396,1322669
5.403,1322669
5.405,1322669
5.407,1322669
5.407,1322669
5.408,1322669
5.409,1322669
5.41,1322669
5.416,1322669
5.417,1322669
5.418,1322669
5.418,1322669
5.42,1322669
5.421,1322669
5.435,1322669
5.436,1322669
5.438,1322669
5.442,1322669
5.446,1322669
5.449,1322669
5.451,1322669
5.451,1322669
5.459,1322669
5.46,1322669
5.464,1322669
5.465,1322669
5.467,1322669
5.467,1322669
5.468,1322669
5.469,1322669
5.473,1322669
5.476,1322669
5.477,1322669
5.479,1322669
5.481,1322669
5.483,1322669
5.484,1322669
5.486,1322669
5.489,1322669
5.489,1322669
5.491,1322669
5.491,1322669
5.491,1322669
5.493,1322669
5.497,1322669
5.498,1322669
5.499,1322669
5.5,1322669
5.501,1322669
5.505,1322669
5.507,1322669
5.507,1322669
5.509,1322669
5.512,1322669
5.515,1322669
5.517,1322669
5.517,1322669
5.519,1322669
5.521,1322669
5.524,1322669
5.525,1322669
5.536,1322669
5.54,1322669
5.54,1322669
5.543,1322669
5.543,1322669
5.545,1322669
5.545,1322669
5.546,1322669
5.549,1322669
5.549,1322669
5.549,1322669
5.552,1322669
5.554,1322669
5.556,1322669
5.556,1322669
5.559,1322669
5.56,1322669
5.561,1322669
5.561,1322669
5.569,1322669
5.57,1322669
5.57,1322669
5.571,1322669
5.573,1322669
5.576,1322669
5.587,1322669
5.59,1322669
5.592,1322669
5.602,1322669
5.604,1322669
5.607,1322669
5.619,1322669
5.621,1322669
5.622,1322669
5.628,1322669
5.628,1322669
5.63,1322669
5.631,1322669
5.633,1322669
5.633,1322669
5.633,1322669
5.633,1322669
5.637,1322669
5.638,1322669
5.638,1322669
5.639,1322669
5.644,1322669
5.647,1322669
5.649,1322669
5.649,1322669
5.651,1322669
5.652,1322669
5.653,1322669
5.653,1322669
5.656,1322669
5.657,1322669
5.661,1322669
5.661,1322669
5.663,1322669
5.664,1322669
5.665,1322669
5.667,1322669
5.674,1322669
5.675,1322669
5.681,1322669
5.681,1322669
5.683,1322669
5.685,1322669
5.687,1322669
5.692,1322669
5.696,1322669
5.698,1322669
5.699,1322669
5.699,1322669
5.702,1322669
5.706,1322669
5.708,1322669
5.709,1322669
5.713,1322669
5.718,1322669
5.72,1322669
5.723,1322669
5.723,1322669
5.723,1322669
5.724,1322669
5.729,1322669
5.732,1322669
5.734,1322669
5.735,1322669
5.737,1322669
5.737,1322669
5.738,1322669
5.739,1322669
5.745,1322669
5.745,1322669
5.745,1322669
5.749,1322669
5.751,1322669
5.751,1322669
5.752,1322669
5.756,1322669
5.756,1322669
5.757,1322669
5.76,1322669
5.762,1322669
5.765,1322669
5.766,1322669
5.766,1322669
5.767,1322669
5.768,1322669
5.77,1322669
5.77,1322669
5.774,1322669
5.774,1322669
5.775,1322669
5.778,1322669
5.783,1322669
5.787,1322669
5.791,1322669
5.792,1322669
5.793,1322669
5.794,1322669
5.797,1322669
5.8,1322669
5.8,1322669
5.802,1322669
5.803,1322669
5.805,1322669
5.811,1322669
5.811,1322669
5.813,1322669
5.815,1322669
5.819,1322669
5.82,1322669
5.821,1322669
5.825,1322669
5.829,1322669
5.832,1322669
5.836,1322669
5.839,1322669
5.84,1322669
5.842,1322669
5.847,1322669
5.852,1322669
5.863,1322669
5.863,1322669
5.864,1322669
5.866,1322669
5.873,1322669
5.877,1322669
5.878,1322669
5.879,1322669
5.881,1322669
5.881,1322669
5.883,1322669
5.885,1322669
5.886,1322669
5.887,1322669
5.896,1322669
5.9,1322669
5.9,1322669
5.901,1322669
5.902,1322669
5.908,1322669
5.913,1322669
5.916,1322669
5.917,1322669
5.932,1322669
5.933,1322669
5.937,1322669
5.939,1322669
5.939,1322669
5.943,1322669
5.945,1322669
5.946,1322669
5.946,1322669
5.948,1322669
5.949,1322669
5.951,1322669
5.953,1322669
5.955,1322669
5.955,1322669
5.959,1322669
5.964,1322669
5.965,1322669
5.969,1322669
5.97,1322669
5.97,1322669
5.97,1322669
5.975,1322669
5.978,1322669
5.98,1322669
5.986,1322669
5.992,1322669
5.998,1322669
5.999,1322669
6.002,1322669
6.002,1322669
6.006,1322669
6.019,1322669
6.019,1322669
6.019,1322669
6.02,1322669
6.024,1322669
6.024,1322669
6.024,1322669
6.026,1322669
6.035,1322669
6.036,1322669
6.038,1322669
6.044,1322669
6.047,1322669
6.048,1322669
6.048,1322669
6.048,1322669
6.05,1322669
6.054,1322669
6.057,1322669
6.061,1322669
6.066,1322669
6.067,1322669
6.08,1322669
6.081,1322669
6.085,1322669
6.087,1322669
6.089,1322669
6.09,1322669
6.094,1322669
6.097,1322669
6.098,1322669
6.1,1322669
6.1,1322669
6.108,1322669
6.109,1322669
6.11,1322669
6.112,1322669
6.114,1322669
6.116,1322669
6.116,1322669
6.117,1322669
6.118,1322669
6.119,1322669
6.12,1322669
6.121,1322669
6.122,1322669
6.123,1322669
6.124,1322669
6.125,1322669
6.125,1322669
6.128,1322669
6.13,1322669
6.13,1322669
6.135,1322669
6.137,1322669
6.139,1322669
6.143,1322669
6.143,1322669
6.144,1322669
6.144,1322669
6.148,1322669
6.15,1322669
6.151,1322669
6.152,1322669
6.153,1322669
6.158,1322669
6.16,1322669
6.166,1322669
6.17,1322669
6.173,1322669
6.174,1322669
6.177,1322669
6.179,1322669
6.18,1322669
6.181,1322669
6.181,1322669
6.183,1322669
6.185,1322669
6.192,1322669
6.194,1322669
6.195,1322669
6.197,1322669
6.197,1322669
6.199,1322669
6.208,1322669
6.209,1322669
6.212,1322669
6.214,1322669
6.214,1322669
6.215,1322669
6.217,1322669
6.222,1322669
6.222,1322669
6.223,1322669
6.228,1322669
6.23,1322669
6.23,1322669
6.233,1322669
6.245,1322669
6.247,1322669
6.248,1322669
6.252,1322669
6.255,1322669
6.256,1322669
6.259,1322669
6.259,1322669
6.261,1322669
6.262,1322669
6.264,1322669
6.267,1322669
6.269,1322669
6.269,1322669
6.269,1322669
6.27,1322669
6.272,1322669
6.274,1322669
6.275,1322669
6.277,1322669
6.278,1322669
6.278,1322669
6.28,1322669
6.283,1322669
6.284,1322669
6.287,1322669
6.291,1322669
6.298,1322669
6.304,1322669
6.304,1322669
6.307,1322669
6.31,1322669
6.311,1322669
6.326,1322669
6.331,1322669
6.332,1322669
6.332,1322669
6.333,1322669
6.336,1322669
6.336,1322669
6.338,1322669
6.342,1322669
6.344,1322669
6.344,1322669
6.349,1322669
6.349,1322669
6.351,1322669
6.352,1322669
6.354,1322669
6.355,1322669
6.359,1322669
6.365,1322669
6.366,1322669
6.366,1322669
6.37,1322669
6.373,1322669
6.374,1322669
6.375,1322669
6.381,1322669
6.382,1322669
6.383,1322669
6.384,1322669
6.385,1322669
6.387,1322669
6.388,1322669
6.389,1322669
6.391,1322669
6.392,1322669
6.392,1322669
6.392,1322669
6.393,1322669
6.4,1322669
6.402,1322669
6.404,1322669
6.404,1322669
6.404,1322669
6.406,1322669
6.407,1322669
6.411,1322669
6.412,1322669
6.412,1322669
6.417,1322669
6.418,1322669
6.418,1322669
6.431,1322669
6.432,1322669
6.435,1322669
6.441,1322669
6.441,1322669
6.444,1322669
6.446,1322669
6.45,1322669
6.451,1322669
6.453,1322669
6.455,1322669
6.457,1322669
6.461,1322669
6.463,1322669
6.468,1322669
6.47,1322669
6.471,1322669
6.474,1322669
6.477,1322669
6.482,1322669
6.49,1322669
6.496,1322669
6.498,1322669
6.503,1322669
6.507,1322669
6.508,1322669
6.511,1322669
6.512,1322669
6.512,1322669
6.514,1322669
6.515,1322669
6.515,1322669
6.517,1322669
6.518,1322669
6.52,1322669
6.522,1322669
6.522,1322669
6.523,1322669
6.523,1322669
6.524,1322669
6.528,1322669
6.533,1322669
6.533,1322669
6.534,1322669
6.537,1322669
6.538,1322669
6.538,1322669
6.543,1322669
6.551,1322669
6.551,1322669
6.554,1322669
6.555,1322669
6.556,1322669
6.558,1322669
6.56,1322669
6.562,1322669
6.565,1322669
6.569,1322669
6.569,1322669
6.57,1322669
6.57,1322669
6.572,1322669
6.575,1322669
6.579,1322669
6.581,1322669
6.581,1322669
6.587,1322669
6.588,1322669
6.591,1322669
6.593,1322669
6.595,1322669
6.596,1322669
6.597,1322669
6.598,1322669
6.6,1322669
6.602,1322669
6.603,1322669
6.604,1322669
6.606,1322669
6.608,1322669
6.61,1322669
6.611,1322669
6.612,1322669
6.617,1322669
6.618,1322669
6.62,1322669
6.62,1322669
6.621,1322669
6.622,1322669
6.623,1322669
6.625,1322669
6.627,1322669
6.629,1322669
6.629,1322669
6.631,1322669
6.632,1322669
6.633,1322669
6.638,1322669
6.639,1322669
6.642,1322669
6.642,1322669
6.643,1322669
6.644,1322669
6.646,1322669
6.647,1322669
6.648,1322669
6.649,1322669
6.653,1322669
6.654,1322669
6.656,1322669
6.66,1322669
6.662,1322669
6.662,1322669
6.669,1322669
6.671,1322669
6.673,1322669
6.674,1322669
6.681,1322669
6.682,1322669
6.692,1322669
6.694,1322669
6.699,1322669
6.699,1322669
6.701,1322669
6.703,1322669
6.708,1322669
6.709,1322669
6.709,1322669
6.709,1322669
6.713,1322669
6.714,1322669
6.718,1322669
6.722,1322669
6.726,1322669
6.728,1322669
6.732,1322669
6.735,1322669
6.737,1322669
6.739,1322669
6.741,1322669
6.75,1322669
6.751,1322669
6.752,1322669
6.755,1322669
6.757,1322669
6.763,1322669
6.766,1322669
6.768,1322669
6.769,1322669
6.772,1322669
6.779,1322669
6.781,1322669
6.787,1322669
6.787,1322669
6.793,1322669
6.794,1322669
6.795,1322669
6.8,1322669
6.801,1322669
6.803,1322669
6.805,1322669
6.808,1322669
6.815,1322669
6.816,1322669
6.816,1322669
6.818,1322669
6.82,1322669
6.821,1322669
6.822,1322669
6.823,1322669
6.825,1322669
6.829,1322669
6.83,1322669
6.835,1322669
6.835,1322669
6.844,1322669
6.846,1322669
6.852,1322669
6.853,1322669
6.854,1322669
6.857,1322669
6.858,1322669
6.86,1322669
6.862,1322669
6.862,1322669
6.862,1322669
6.863,1322669
6.866,1322669
6.866,1322669
6.867,1322669
6.868,1322669
6.868,1322669
6.87,1322669
6.873,1322669
6.874,1322669
6.877,1322669
6.88,1322669
6.881,1322669
6.882,1322669
6.886,1322669
6.888,1322669
6.89,1322669
6.891,1322669
6.892,1322669
6.892,1322669
6.894,1322669
6.902,1322669
6.903,1322669
6.903,1322669
6.904,1322669
6.905,1322669
6.905,1322669
6.912,1322669
6.914,1322669
6.914,1322669
6.915,1322669
6.918,1322669
6.92,1322669
6.935,1322669
6.937,1322669
6.937,1322669
6.939,1322669
6.941,1322669
6.941,1322669
6.942,1322669
6.945,1322669
6.947,1322669
6.949,1322669
6.953,1322669
6.953,1322669
6.956,1322669
6.96,1322669
6.96,1322669
6.962,1322669
6.963,1322669
6.964,1322669
6.971,1322669
6.971,1322669
6.972,1322669
6.974,1322669
6.977,1322669
6.979,1322669
6.982,1322669
6.983,1322669
6.991,1322669
6.994,1322669
7.002,1322669
7.005,1322669
7.012,1322669
7.014,1322669
7.024,1322669
7.025,1322669
7.028,1322669
7.029,1322669
7.031,1322669
7.031,1322669
7.031,1322669
7.037,1322669
7.043,1322669
7.045,1322669
7.047,1322669
7.048,1322669
7.049,1322669
7.051,1322669
7.052,1322669
7.054,1322669
7.056,1322669
7.057,1322669
7.06,1322669
7.06,1322669
7.061,1322669
7.063,1322669
7.063,1322669
7.066,1322669
7.067,1322669
7.069,1322669
7.072,1322669
7.072,1322669
7.075,1322669
7.076,1322669
7.08,1322669
7.081,1322669
7.084,1322669
7.085,1322669
7.089,1322669
7.09,1322669
7.095,1322669
7.095,1322669
7.096,1322669
7.097,1322669
7.102,1322669
7.105,1322669
7.106,1322669
7.11,1322669
7.113,1322669
7.115,1322669
7.117,1322669
7.119,1322669
7.12,1322669
7.122,1322669
7.126,1322669
7.126,1322669
7.13,1322669
7.13,1322669
7.134,1322669
7.134,1322669
7.137,1322669
7.138,1322669
7.138,1322669
7.14,1322669
7.141,1322669
7.143,1322669
7.145,1322669
7.15,1322669
7.156,1322669
7.159,1322669
7.162,1322669
7.173,1322669
7.176,1322669
7.179,1322669
7.182,1322669
7.183,1322669
7.183,1322669
7.184,1322669
7.187,1322669
7.191,1322669
7.192,1322669
7.192,1322669
7.195,1322669
7.195,1322669
7.195,1322669
7.196,1322669
7.196,1322669
7.198,1322669
7.199,1322669
7.2,1322669
7.203,1322669
7.204,1322669
7.205,1322669
7.207,1322669
7.207,1322669
7.207,1322669
7.208,1322669
7.217,1322669
7.218,1322669
7.219,1322669
7.219,1322669
7.222,1322669
7.223,1322669
7.232,1322669
7.233,1322669
7.233,1322669
7.234,1322669
7.239,1322669
7.242,1322669
7.245,1322669
7.246,1322669
7.247,1322669
7.248,1322669
7.257,1322669
7.257,1322669
7.258,1322669
7.261,1322669
7.261,1322669
7.263,1322669
7.267,1322669
7.272,1322669
7.272,1322669
7.276,1322669
7.277,1322669
7.289,1322669
7.291,1322669
7.292,1322669
7.292,1322669
7.293,1322669
7.294,1322669
7.298,1322669
7.298,1322669
7.299,1322669
7.303,1322669
7.307,1322669
7.308,1322669
7.308,1322669
7.309,1322669
7.309,1322669
7.312,1322669
7.313,1322669
7.315,1322669
7.315,1322669
7.317,1322669
7.321,1322669
7.324,1322669
7.324,1322669
7.324,1322669
7.329,1322669
7.329,1322669
7.33,1322669
7.331,1322669
7.332,1322669
7.333,1322669
7.335,1322669
7.336,1322669
7.337,1322669
7.338,1322669
7.341,1322669
7.344,1322669
7.348,1322669
7.349,1322669
7.35,1322669
7.356,1322669
7.365,1322669
7.365,1322669
7.365,1322669
7.369,1322669
7.369,1322669
7.371,1322669
7.373,1322669
7.375,1322669
7.378,1322669
7.379,1322669
7.383,1322669
7.383,1322669
7.387,1322669
7.399,1322669
7.401,1322669
7.402,1322669
7.405,1322669
7.407,1322669
7.41,1322669
7.414,1322669
7.415,1322669
7.421,1322669
7.422,1322669
7.422,1322669
7.427,1322669
7.429,1322669
7.434,1322669
7.434,1322669
7.438,1322669
7.438,1322669
7.443,1322669
7.448,1322669
7.451,1322669
7.453,1322669
7.453,1322669
7.456,1322669
7.457,1322669
7.463,1322669
7.464,1322669
7.466,1322669
7.469,1322669
7.48,1322669
7.488,1322669
7.49,1322669
7.49,1322669
7.493,1322669
7.498,1322669
7.499,1322669
7.502,1322669
7.504,1322669
7.504,1322669
7.506,1322669
7.509,1322669
7.519,1322669
7.52,1322669
7.52,1322669
7.523,1322669
7.525,1322669
7.527,1322669
7.528,1322669
7.53,1322669
7.532,1322669
7.539,1322669
7.542,1322669
7.548,1322669
7.549,1322669
7.551,1322669
7.552,1322669
7.552,1322669
7.555,1322669
7.555,1322669
7.559,1322669
7.559,1322669
7.559,1322669
7.56,1322669
7.562,1322669
7.563,1322669
7.57,1322669
7.571,1322669
7.572,1322669
7.576,1322669
7.582,1322669
7.584,1322669
7.589,1322669
7.589,1322669
7.593,1322669
7.595,1322669
7.597,1322669
7.6,1322669
7.601,1322669
7.601,1322669
7.603,1322669
7.606,1322669
7.612,1322669
7.612,1322669
7.612,1322669
7.613,1322669
7.623,1322669
7.627,1322669
7.633,1322669
7.635,1322669
7.641,1322669
7.642,1322669
7.642,1322669
7.645,1322669
7.645,1322669
7.647,1322669
7.647,1322669
7.649,1322669
7.653,1322669
7.66,1322669
7.67,1322669
7.671,1322669
7.672,1322669
7.675,1322669
7.675,1322669
7.675,1322669
7.678,1322669
7.679,1322669
7.682,1322669
7.685,1322669
7.691,1322669
7.691,1322669
7.692,1322669
7.693,1322669
7.697,1322669
7.698,1322669
7.698,1322669
7.699,1322669
7.7,1322669
7.7,1322669
7.701,1322669
7.702,1322669
7.703,1322669
7.706,1322669
7.709,1322669
7.713,1322669
7.713,1322669
7.713,1322669
7.713,1322669
7.713,1322669
7.713,1322669
7.714,1322669
7.715,1322669
7.718,1322669
7.726,1322669
7.727,1322669
7.734,1322669
7.735,1322669
7.735,1322669
7.736,1322669
7.736,1322669
7.741,1322669
7.742,1322669
7.742,1322669
7.743,1322669
7.744,1322669
7.745,1322669
7.748,1322669
7.748,1322669
7.758,1322669
7.765,1322669
7.767,1322669
7.767,1322669
7.768,1322669
7.768,1322669
7.769,1322669
7.773,1322669
7.775,1322669
7.776,1322669
7.778,1322669
7.779,1322669
7.78,1322669
7.782,1322669
7.783,1322669
7.785,1322669
7.786,1322669
7.792,1322669
7.792,1322669
7.799,1322669
7.799,1322669
7.8,1322669
7.801,1322669
7.803,1322669
7.805,1322669
7.811,1322669
7.814,1322669
7.818,1322669
7.818,1322669
7.819,1322669
7.82,1322669
7.823,1322669
7.823,1322669
7.827,1322669
7.828,1322669
7.832,1322669
7.836,1322669
7.837,1322669
7.842,1322669
7.845,1322669
7.848,1322669
7.851,1322669
7.855,1322669
7.862,1322669
7.866,1322669
7.866,1322669
7.869,1322669
7.869,1322669
7.871,1322669
7.871,1322669
7.876,1322669
7.876,1322669
7.877,1322669
7.882,1322669
7.883,1322669
7.888,1322669
7.888,1322669
7.889,1322669
7.893,1322669
7.893,1322669
7.895,1322669
7.899,1322669
7.904,1322669
7.91,1322669
7.911,1322669
7.911,1322669
7.916,1322669
7.918,1322669
7.921,1322669
7.925,1322669
7.925,1322669
7.927,1322669
7.93,1322669
7.93,1322669
7.93,1322669
7.931,1322669
7.932,1322669
7.933,1322669
7.941,1322669
7.943,1322669
7.946,1322669
7.949,1322669
7.956,1322669
7.958,1322669
7.96,1322669
7.962,1322669
7.962,1322669
7.965,1322669
7.967,1322669
7.967,1322669
7.967,1322669
7.968,1322669
7.969,1322669
7.972,1322669
7.976,1322669
7.978,1322669
7.98,1322669
7.981,1322669
7.984,1322669
7.984,1322669
7.985,1322669
7.99,1322669
7.994,1322669
8.006,1322669
8.009,1322669
8.01,1322669
8.012,1322669
8.018,1322669
8.019,1322669
8.019,1322669
8.022,1322669
8.024,1322669
8.024,1322669
8.024,1322669
8.026,1322669
8.027,1322669
8.031,1322669
8.038,1322669
8.042,1322669
8.044,1322669
8.046,1322669
8.052,1322669
8.057,1322669
8.058,1322669
8.058,1322669
8.058,1322669
8.059,1322669
8.061,1322669
8.063,1322669
8.071,1322669
8.071,1322669
8.072,1322669
8.077,1322669
8.08,1322669
8.081,1322669
8.085,1322669
8.086,1322669
8.089,1322669
8.092,1322669
8.094,1322669
8.095,1322669
8.096,1322669
8.096,1322669
8.098,1322669
8.099,1322669
8.101,1322669
8.104,1322669
8.105,1322669
8.107,1322669
8.109,1322669
8.111,1322669
8.114,1322669
8.117,1322669
8.12,1322669
8.12,1322669
8.121,1322669
8.123,1322669
8.124,1322669
8.124,1322669
8.125,1322669
8.128,1322669
8.129,1322669
8.129,1322669
8.13,1322669
8.133,1322669
8.136,1322669
8.136,1322669
8.137,1322669
8.141,1322669
8.144,1322669
8.146,1322669
8.152,1322669
8.152,1322669
8.157,1322669
8.158,1322669
8.163,1322669
8.166,1322669
8.167,1322669
8.172,1322669
8.172,1322669
8.173,1322669
8.175,1322669
8.177,1322669
8.177,1322669
8.179,1322669
8.18,1322669
8.181,1322669
8.186,1322669
8.188,1322669
8.189,1322669
8.196,1322669
8.196,1322669
8.198,1322669
8.198,1322669
8.203,1322669
8.204,1322669
8.204,1322669
8.21,1322669
8.213,1322669
8.214,1322669
8.215,1322669
8.216,1322669
8.217,1322669
8.219,1322669
8.22,1322669
8.222,1322669
8.223,1322669
8.226,1322669
8.227,1322669
8.228,1322669
8.23,1322669
8.231,1322669
8.231,1322669
8.236,1322669
8.238,1322669
8.239,1322669
8.247,1322669
8.252,1322669
8.258,1322669
8.259,1322669
8.265,1322669
8.27,1322669
8.273,1322669
8.274,1322669
8.279,1322669
8.28,1322669
8.28,1322669
8.281,1322669
8.282,1322669
8.283,1322669
8.283,1322669
8.284,1322669
8.285,1322669
8.287,1322669
8.287,1322669
8.292,1322669
8.311,1322669
8.311,1322669
8.316,1322669
8.32,1322669
8.325,1322669
8.325,1322669
8.326,1322669
8.327,1322669
8.327,1322669
8.328,1322669
8.333,1322669
8.334,1322669
8.335,1322669
8.338,1322669
8.338,1322669
8.339,1322669
8.343,1322669
8.344,1322669
8.347,1322669
8.349,1322669
8.353,1322669
8.354,1322669
8.355,1322669
8.357,1322669
8.357,1322669
8.357,1322669
8.358,1322669
8.361,1322669
8.362,1322669
8.365,1322669
8.365,1322669
8.373,1322669
8.375,1322669
8.383,1322669
8.389,1322669
8.389,1322669
8.391,1322669
8.392,1322669
8.392,1322669
8.397,1322669
8.399,1322669
8.4,1322669
8.404,1322669
8.405,1322669
8.408,1322669
8.409,1322669
8.41,1322669
8.414,1322669
8.415,1322669
8.419,1322669
8.422,1322669
8.424,1322669
8.426,1322669
8.427,1322669
8.431,1322669
8.434,1322669
8.437,1322669
8.438,1322669
8.439,1322669
8.439,1322669
8.439,1322669
8.441,1322669
8.442,1322669
8.443,1322669
8.444,1322669
8.448,1322669
8.448,1322669
8.449,1322669
8.455,1322669
8.461,1322669
8.467,1322669
8.467,1322669
8.468,1322669
8.473,1322669
8.475,1322669
8.475,1322669
8.476,1322669
8.479,1322669
8.486,1322669
8.488,1322669
8.488,1322669
8.49,1322669
8.492,1322669
8.492,1322669
8.497,1322669
8.498,1322669
8.498,1322669
8.499,1322669
8.51,1322669
8.512,1322669
8.513,1322669
8.513,1322669
8.515,1322669
8.517,1322669
8.521,1322669
8.527,1322669
8.531,1322669
8.533,1322669
8.534,1322669
8.537,1322669
8.54,1322669
8.54,1322669
8.54,1322669
8.541,1322669
8.542,1322669
8.543,1322669
8.543,1322669
8.545,1322669
8.546,1322669
8.552,1322669
8.553,1322669
8.553,1322669
8.554,1322669
8.555,1322669
8.555,1322669
8.555,1322669
8.559,1322669
8.563,1322669
8.57,1322669
8.571,1322669
8.586,1322669
8.588,1322669
8.589,1322669
8.589,1322669
8.589,1322669
8.589,1322669
8.592,1322669
8.594,1322669
8.599,1322669
8.607,1322669
8.609,1322669
8.616,1322669
8.617,1322669
8.624,1322669
8.626,1322669
8.632,1322669
8.632,1322669
8.635,1322669
8.642,1322669
8.646,1322669
8.647,1322669
8.648,1322669
8.651,1322669
8.657,1322669
8.66,1322669
8.661,1322669
8.663,1322669
8.667,1322669
8.668,1322669
8.675,1322669
8.676,1322669
8.682,1322669
8.684,1322669
8.689,1322669
8.693,1322669
8.694,1322669
8.7,1322669
8.703,1322669
8.705,1322669
8.71,1322669
8.712,1322669
8.717,1322669
8.722,1322669
8.724,1322669
8.724,1322669
8.735,1322669
8.738,1322669
8.738,1322669
8.739,1322669
8.74,1322669
8.741,1322669
8.743,1322669
8.747,1322669
8.752,1322669
8.753,1322669
8.755,1322669
8.755,1322669
8.757,1322669
8.762,1322669
8.763,1322669
8.765,1322669
8.765,1322669
8.766,1322669
8.77,1322669
8.771,1322669
8.772,1322669
8.775,1322669
8.777,1322669
8.781,1322669
8.781,1322669
8.783,1322669
8.783,1322669
8.784,1322669
8.786,1322669
8.786,1322669
8.79,1322669
8.79,1322669
8.792,1322669
8.801,1322669
8.81,1322669
8.811,1322669
8.813,1322669
8.814,1322669
8.819,1322669
8.819,1322669
8.823,1322669
8.824,1322669
8.827,1322669
8.828,1322669
8.83,1322669
8.836,1322669
8.839,1322669
8.839,1322669
8.839,1322669
8.843,1322669
8.845,1322669
8.847,1322669
8.855,1322669
8.856,1322669
8.858,1322669
8.861,1322669
8.865,1322669
8.874,1322669
8.874,1322669
8.875,1322669
8.875,1322669
8.878,1322669
8.88,1322669
8.882,1322669
8.884,1322669
8.885,1322669
8.887,1322669
8.888,1322669
8.891,1322669
8.892,1322669
8.893,1322669
8.894,1322669
8.898,1322669
8.898,1322669
8.903,1322669
8.903,1322669
8.903,1322669
8.904,1322669
8.905,1322669
8.905,1322669
8.908,1322669
8.908,1322669
8.911,1322669
8.913,1322669
8.916,1322669
8.92,1322669
8.927,1322669
8.927,1322669
8.928,1322669
8.93,1322669
8.933,1322669
8.933,1322669
8.935,1322669
8.935,1322669
8.937,1322669
8.938,1322669
8.942,1322669
8.943,1322669
8.943,1322669
8.944,1322669
8.953,1322669
8.953,1322669
8.954,1322669
8.954,1322669
8.954,1322669
8.955,1322669
8.955,1322669
8.956,1322669
8.958,1322669
8.959,1322669
8.961,1322669
8.965,1322669
8.97,1322669
8.972,1322669
8.973,1322669
8.973,1322669
8.974,1322669
8.975,1322669
8.977,1322669
8.981,1322669
8.982,1322669
8.983,1322669
8.987,1322669
8.987,1322669
8.991,1322669
8.991,1322669
8.993,1322669
8.994,1322669
8.994,1322669
8.998,1322669
9.001,1322669
9.008,1322669
9.01,1322669
9.017,1322669
9.017,1322669
9.019,1322669
9.021,1322669
9.026,1322669
9.026,1322669
9.028,1322669
9.028,1322669
9.031,1322669
9.031,1322669
9.032,1322669
9.033,1322669
9.034,1322669
9.035,1322669
9.039,1322669
9.039,1322669
9.043,1322669
9.044,1322669
9.046,1322669
9.046,1322669
9.051,1322669
9.051,1322669
9.053,1322669
9.055,1322669
9.057,1322669
9.058,1322669
9.058,1322669
9.061,1322669
9.063,1322669
9.064,1322669
9.071,1322669
9.076,1322669
9.077,1322669
9.078,1322669
9.078,1322669
9.082,1322669
9.084,1322669
9.101,1322669
9.102,1322669
9.104,1322669
9.105,1322669
9.107,1322669
9.108,1322669
9.114,1322669
9.12,1322669
9.121,1322669
9.127,1322669
9.127,1322669
9.133,1322669
9.14,1322669
9.145,1322669
9.145,1322669
9.146,1322669
9.149,1322669
9.151,1322669
9.151,1322669
9.152,1322669
9.154,1322669
9.155,1322669
9.155,1322669
9.157,1322669
9.163,1322669
9.168,1322669
9.168,1322669
9.172,1322669
9.172,1322669
9.18,1322669
9.181,1322669
9.181,1322669
9.186,1322669
9.186,1322669
9.189,1322669
9.19,1322669
9.194,1322669
9.197,1322669
9.197,1322669
9.202,1322669
9.204,1322669
9.204,1322669
9.204,1322669
9.207,1322669
9.208,1322669
9.209,1322669
9.21,1322669
9.214,1322669
9.216,1322669
9.216,1322669
9.217,1322669
9.22,1322669
9.223,1322669
9.23,1322669
9.231,1322669
9.234,1322669
9.237,1322669
9.241,1322669
9.241,1322669
9.242,1322669
9.243,1322669
9.243,1322669
9.244,1322669
9.246,1322669
9.247,1322669
9.247,1322669
9.25,1322669
9.25,1322669
9.256,1322669
9.256,1322669
9.258,1322669
9.259,1322669
9.259,1322669
9.26,1322669
9.265,1322669
9.268,1322669
9.269,1322669
9.27,1322669
9.274,1322669
9.274,1322669
9.274,1322669
9.28,1322669
9.28,1322669
9.28,1322669
9.285,1322669
9.286,1322669
9.29,1322669
9.29,1322669
9.291,1322669
9.297,1322669
9.299,1322669
9.299,1322669
9.302,1322669
9.305,1322669
9.312,1322669
9.314,1322669
9.316,1322669
9.318,1322669
9.321,1322669
9.324,1322669
9.325,1322669
9.326,1322669
9.327,1322669
9.327,1322669
9.33,1322669
9.331,1322669
9.332,1322669
9.332,1322669
9.333,1322669
9.338,1322669
9.339,1322669
9.342,1322669
9.343,1322669
9.344,1322669
9.345,1322669
9.346,1322669
9.348,1322669
9.354,1322669
9.354,1322669
9.358,1322669
9.36,1322669
9.361,1322669
9.363,1322669
9.364,1322669
9.365,1322669
9.366,1322669
9.368,1322669
9.37,1322669
9.37,1322669
9.371,1322669
9.377,1322669
9.379,1322669
9.379,1322669
9.389,1322669
9.394,1322669
9.395,1322669
9.407,1322669
9.408,1322669
9.41,1322669
9.41,1322669
9.412,1322669
9.417,1322669
9.417,1322669
9.42,1322669
9.421,1322669
9.422,1322669
9.423,1322669
9.423,1322669
9.43,1322669
9.435,1322669
9.435,1322669
9.44,1322669
9.441,1322669
9.442,1322669
9.447,1322669
9.447,1322669
9.451,1322669
9.454,1322669
9.454,1322669
9.456,1322669
9.472,1322669
9.474,1322669
9.475,1322669
9.477,1322669
9.477,1322669
9.478,1322669
9.48,1322669
9.483,1322669
9.485,1322669
9.486,1322669
9.489,1322669
9.492,1322669
9.494,1322669
9.496,1322669
9.496,1322669
9.497,1322669
9.497,1322669
9.501,1322669
9.501,1322669
9.507,1322669
9.513,1322669
9.514,1322669
9.515,1322669
9.52,1322669
9.523,1322669
9.523,1322669
9.526,1322669
9.527,1322669
9.528,1322669
9.528,1322669
9.529,1322669
9.529,1322669
9.539,1322669
9.542,1322669
9.544,1322669
9.547,1322669
9.554,1322669
9.555,1322669
9.558,1322669
9.558,1322669
9.56,1322669
9.561,1322669
9.562,1322669
9.563,1322669
9.563,1322669
9.565,1322669
9.565,1322669
9.566,1322669
9.568,1322669
9.571,1322669
9.571,1322669
9.574,1322669
9.574,1322669
9.575,1322669
9.576,1322669
9.58,1322669
9.58,1322669
9.588,1322669
9.591,1322669
9.592,1322669
9.592,1322669
9.596,1322669
9.597,1322669
9.597,1322669
9.598,1322669
9.601,1322669
9.602,1322669
9.603,1322669
9.604,1322669
9.606,1322669
9.61,1322669
9.61,1322669
9.614,1322669
9.617,1322669
9.618,1322669
9.62,1322669
9.621,1322669
9.622,1322669
9.627,1322669
9.627,1322669
9.63,1322669
9.633,1322669
9.633,1322669
9.639,1322669
9.639,1322669
9.645,1322669
9.649,1322669
9.65,1322669
9.652,1322669
9.655,1322669
9.656,1322669
9.657,1322669
9.661,1322669
9.661,1322669
9.663,1322669
9.663,1322669
9.666,1322669
9.668,1322669
9.668,1322669
9.674,1322669
9.675,1322669
9.677,1322669
9.678,1322669
9.678,1322669
9.679,1322669
9.68,1322669
9.689,1322669
9.69,1322669
9.696,1322669
9.698,1322669
9.701,1322669
9.701,1322669
9.702,1322669
9.711,1322669
9.716,1322669
9.717,1322669
9.718,1322669
9.72,1322669
9.722,1322669
9.727,1322669
9.735,1322669
9.738,1322669
9.747,1322669
9.751,1322669
9.755,1322669
9.755,1322669
9.755,1322669
9.759,1322669
9.762,1322669
9.762,1322669
9.763,1322669
9.765,1322669
9.765,1322669
9.769,1322669
9.77,1322669
9.771,1322669
9.773,1322669
9.773,1322669
9.777,1322669
9.779,1322669
9.782,1322669
9.786,1322669
9.789,1322669
9.791,1322669
9.791,1322669
9.792,1322669
9.796,1322669
9.797,1322669
9.797,1322669
9.798,1322669
9.8,1322669
9.802,1322669
9.804,1322669
9.805,1322669
9.808,1322669
9.809,1322669
9.809,1322669
9.81,1322669
9.815,1322669
9.817,1322669
9.819,1322669
9.822,1322669
9.823,1322669
9.823,1322669
9.825,1322669
9.827,1322669
9.828,1322669
9.83,1322669
9.833,1322669
9.833,1322669
9.836,1322669
9.836,1322669
9.837,1322669
9.837,1322669
9.838,1322669
9.838,1322669
9.842,1322669
9.845,1322669
9.845,1322669
9.846,1322669
9.847,1322669
9.848,1322669
9.856,1322669
9.86,1322669
9.862,1322669
9.867,1322669
9.868,1322669
9.869,1322669
9.872,1322669
9.872,1322669
9.874,1322669
9.876,1322669
9.877,1322669
9.88,1322669
9.88,1322669
9.881,1322669
9.882,1322669
9.885,1322669
9.887,1322669
9.887,1322669
9.888,1322669
9.89,1322669
9.893,1322669
9.895,1322669
9.896,1322669
9.903,1322669
9.907,1322669
9.91,1322669
9.914,1322669
9.916,1322669
9.918,1322669
9.925,1322669
9.928,1322669
9.933,1322669
9.934,1322669
9.935,1322669
9.935,1322669
9.936,1322669
9.938,1322669
9.938,1322669
9.938,1322669
9.945,1322669
9.949,1322669
9.951,1322669
9.955,1322669
9.956,1322669
9.958,1322669
9.958,1322669
9.962,1322669
9.963,1322669
9.971,1322669
9.971,1322669
9.975,1322669
9.979,1322669
9.985,1322669
9.986,1322669
9.987,1322669
9.987,1322669
9.989,1322669
9.989,1322669
9.992,1322669
9.997,1322669
9.998,1322669
