0.001,9795250
0.001,9845053
0.001,9739912
0.001,9721893
0.001,9665856
0.003,9665838
0.003,9664483
0.003,9612990
0.003,9612747
0.003,9612333
0.003,9606942
0.003,9601721
0.003,9530786
0.003,9529151
0.004,9499541
0.004,9499541
0.004,9449405
0.004,9309893
0.004,9262193
0.004,9189429
0.004,9153304
0.004,9147511
0.004,9092352
0.004,9034452
0.004,8952809
0.004,8897838
0.004,8867433
0.005,8804898
0.005,8736147
0.005,8717035
0.005,8703053
0.005,8600378
0.005,8522275
0.007,8519789
0.007,8519789
0.007,8432594
0.007,8406001
0.007,8353053
0.007,8349198
0.008,8136371
0.008,8111471
0.009,8082225
0.009,7980832
0.009,7806530
0.009,7778970
0.009,7778945
0.009,7764359
0.009,7659038
0.01,7556531
0.01,7281652
0.01,7281652
0.01,7277801
0.01,7259158
0.01,7131231
0.01,7129316
0.01,7128946
0.01,7030768
0.011,6980435
0.011,6945660
0.011,6836925
0.011,6824614
0.011,6809611
0.011,6700486
0.012,6700034
0.012,6700034
0.012,6697990
0.012,6618144
0.012,6617905
0.013,6585677
0.013,6584909
0.013,6573218
0.013,6566595
0.013,6562254
0.014,6532374
0.014,6531620
0.014,6525308
0.014,6516085
0.014,6500692
0.014,6296763
0.015,6296763
0.015,6290996
0.015,6248974
0.015,6248098
0.016,6194155
0.016,6192021
0.016,6189102
0.016,6189096
0.016,6188886
0.017,6155761
0.017,6074957
0.017,6028616
0.017,6028616
0.018,5977490
0.018,5958502
0.018,5890063
0.018,5854626
0.019,5854204
0.019,5789390
0.019,5789390
0.019,5784689
0.019,5783596
0.02,5714915
0.02,5651501
0.02,5644189
0.02,5643659
0.021,5643659
0.021,5608416
0.021,5518195
0.021,5489875
0.021,5478440
0.021,5466157
0.022,5465062
0.022,5448716
0.022,5447751
0.023,5447257
0.023,5373847
0.023,5373847
0.025,5373847
0.025,5371312
0.025,5285692
0.026,5257373
0.026,5115199
0.026,5115199
0.027,5076985
0.027,5075098
0.028,5032998
0.028,4932961
0.029,4887821
0.029,4836511
0.029,4686933
0.029,4686933
0.029,4657661
0.029,4657661
0.03,4653624
0.03,4642031
0.03,4639620
0.03,4606304
0.03,4512540
0.032,4511554
0.032,4493417
0.033,4429637
0.034,4332234
0.034,4325722
0.034,4310263
0.035,4296193
0.035,4274708
0.035,4255706
0.035,4255706
0.035,4255553
0.036,4230638
0.036,4222909
0.038,4213245
0.038,4212706
0.038,4204725
0.038,4203579
0.039,4197850
0.039,4167731
0.039,4166250
0.039,4159849
0.039,4152476
0.041,4148840
0.041,4147133
0.041,4144455
0.041,4144300
0.042,4139164
0.042,4067213
0.042,4027448
0.043,4020088
0.043,4020088
0.044,4020088
0.046,4019939
0.048,4007821
0.049,3997864
0.049,3976989
0.05,3976989
0.051,3976234
0.051,3954624
0.051,3952577
0.052,3943102
0.053,3880058
0.053,3880058
0.054,3865142
0.054,3865142
0.055,3829923
0.055,3829578
0.056,3829163
0.056,3829163
0.056,3829163
0.056,3713091
0.056,3710056
0.057,3698989
0.057,3654370
0.057,3639711
0.058,3629782
0.058,3627852
0.06,3627852
0.06,3447275
0.06,3447275
0.061,3444878
0.061,3443993
0.061,3412596
0.062,3412514
0.063,3351341
0.063,3351341
0.064,3308184
0.064,3303740
0.064,3302421
0.064,3249950
0.065,3249529
0.065,3244520
0.065,3244408
0.066,3244408
0.066,3243512
0.066,3243512
0.066,3243319
0.067,3241230
0.067,3241158
0.068,3241158
0.069,3239723
0.069,3220592
0.069,3190284
0.069,3189149
0.071,3189149
0.071,3177792
0.071,3177792
0.071,3150290
0.073,3117089
0.073,3113756
0.073,3086468
0.074,3085487
0.074,3085385
0.074,3064488
0.076,3060270
0.076,3050128
0.077,3050128
0.078,3048523
0.078,3047666
0.078,3031672
0.079,3028002
0.079,3013003
0.08,3012161
0.08,3002502
0.08,2994013
0.08,2961446
0.08,2961210
0.081,2954233
0.081,2938390
0.084,2938084
0.084,2927766
0.085,2927166
0.085,2927166
0.086,2923394
0.087,2923394
0.087,2907888
0.088,2907888
0.089,2907869
0.089,2906038
0.089,2882108
0.09,2813559
0.091,2809366
0.091,2809300
0.091,2704569
0.091,2698921
0.094,2697290
0.097,2631849
0.097,2630996
0.097,2622834
0.097,2621627
0.098,2621627
0.098,2621232
0.098,2546244
0.099,2537315
0.101,2531893
0.101,2524726
0.102,2523726
0.103,2520998
0.104,2515051
0.104,2515051
0.104,2491140
0.107,2490800
0.107,2440044
0.107,2434643
0.108,2434643
0.11,2404021
0.114,2403377
0.116,2401911
0.117,2401911
0.117,2373319
0.118,2359488
0.118,2359488
0.119,2359488
0.12,2358400
0.12,2358400
0.122,2358400
0.122,2358400
0.122,2358400
0.126,2357307
0.128,2347568
0.128,2347568
0.131,2340688
0.131,2340688
0.132,2340412
0.132,2340412
0.132,2333483
0.134,2296678
0.137,2294215
0.137,2289680
0.14,2285244
0.14,2255483
0.14,2253283
0.142,2252633
0.143,2252250
0.143,2252250
0.144,2252080
0.145,2252080
0.147,2252080
0.147,2252080
0.149,2252080
0.15,2252080
0.153,2239573
0.153,2232988
0.159,2231782
0.159,2225657
0.159,2224209
0.161,2220144
0.162,2219163
0.164,2156081
0.165,2155106
0.165,2131941
0.165,2123768
0.167,2121313
0.168,2114935
0.168,2114935
0.172,2114935
0.174,2100095
0.174,2100095
0.175,2100095
0.176,2099783
0.177,2098741
0.178,2093246
0.179,2093246
0.18,2092780
0.181,2073885
0.181,2072701
0.182,2069400
0.183,2064670
0.184,2064670
0.184,2063823
0.185,2054000
0.185,2008422
0.186,1995436
0.187,1988773
0.188,1988773
0.188,1988084
0.189,1988084
0.19,1988084
0.191,1980276
0.194,1979850
0.196,1965001
0.196,1965001
0.198,1949536
0.2,1949536
0.202,1949536
0.204,1941631
0.205,1937354
0.206,1934369
0.207,1917146
0.21,1904476
0.21,1904476
0.211,1880158
0.212,1866366
0.214,1863217
0.216,1863217
0.217,1863116
0.217,1863116
0.218,1863116
0.219,1863116
0.219,1859257
0.219,1859257
0.22,1835791
0.22,1780017
0.22,1775749
0.222,1775749
0.222,1772832
0.223,1770683
0.223,1770683
0.223,1770345
0.224,1763919
0.224,1763470
0.224,1757067
0.225,1757067
0.227,1757067
0.228,1755807
0.229,1753875
0.231,1753875
0.233,1753875
0.234,1753875
0.235,1750338
0.236,1750338
0.236,1731909
0.236,1731412
0.238,1726241
0.238,1726241
0.241,1726035
0.241,1724256
0.242,1724256
0.244,1724256
0.244,1724256
0.245,1718030
0.245,1718030
0.246,1718030
0.246,1713051
0.248,1713051
0.25,1706881
0.25,1706881
0.251,1706881
0.252,1705999
0.252,1705999
0.253,1705999
0.258,1692441
0.259,1692285
0.259,1692285
0.26,1672166
0.262,1669165
0.266,1667266
0.266,1667266
0.27,1667266
0.27,1667266
0.274,1650645
0.275,1650645
0.281,1650645
0.281,1633146
0.281,1633146
0.291,1633146
0.291,1632945
0.292,1631756
0.292,1619604
0.293,1619604
0.295,1617750
0.3,1617750
0.302,1616077
0.303,1616077
0.304,1616077
0.311,1616015
0.313,1614964
0.315,1614964
0.316,1614964
0.316,1610796
0.316,1607914
0.317,1607914
0.319,1607914
0.32,1607914
0.32,1605832
0.323,1605832
0.323,1605832
0.325,1602401
0.326,1602401
0.33,1602401
0.331,1602401
0.331,1601745
0.332,1601745
0.333,1601745
0.334,1601745
0.335,1599100
0.336,1599100
0.34,1599099
0.346,1594665
0.346,1594665
0.348,1594441
0.352,1592576
0.354,1592576
0.354,1592576
0.355,1592576
0.356,1591479
0.358,1591479
0.358,1590716
0.359,1590716
0.36,1590716
0.362,1590716
0.364,1590716
0.367,1590716
0.369,1583513
0.372,1583513
0.374,1583342
0.375,1583342
0.378,1583342
0.379,1582345
0.379,1582345
0.38,1582345
0.383,1582345
0.383,1582345
0.387,1578697
0.39,1578697
0.394,1578697
0.394,1578697
0.395,1578697
0.395,1578697
0.398,1578535
0.402,1578535
0.402,1578535
0.403,1578535
0.404,1576463
0.406,1575991
0.407,1575991
0.409,1575501
0.41,1544048
0.413,1544048
0.417,1544048
0.418,1544048
0.424,1544048
0.427,1543454
0.427,1543454
0.429,1543454
0.432,1543454
0.432,1543454
0.435,1543454
0.436,1542320
0.44,1542320
0.441,1542320
0.445,1516144
0.45,1516144
0.45,1516144
0.452,1516144
0.452,1516144
0.453,1516144
0.453,1516144
0.455,1516144
0.455,1516112
0.456,1516112
0.456,1513514
0.457,1513514
0.458,1513514
0.458,1513514
0.459,1513514
0.461,1513514
0.463,1513514
0.463,1513514
0.464,1513514
0.464,1503805
0.469,1503805
0.47,1500976
0.471,1500976
0.473,1499847
0.473,1499847
0.478,1490327
0.482,1490327
0.487,1490327
0.489,1490327
0.489,1490327
0.491,1490327
0.492,1490327
0.493,1490327
0.494,1490327
0.495,1490327
0.495,1490327
0.499,1488019
0.5,1488019
0.5,1483725
0.501,1483725
0.502,1483725
0.502,1483725
0.504,1483725
0.506,1483725
0.512,1483725
0.513,1483725
0.515,1483725
0.515,1477172
0.516,1476933
0.518,1476933
0.518,1472533
0.519,1472533
0.519,1472533
0.519,1472533
0.52,1459353
0.525,1459353
0.527,1459353
0.527,1459353
0.529,1459353
0.529,1449627
0.53,1428605
0.53,1428605
0.538,1428605
0.54,1428605
0.542,1428605
0.545,1428605
0.548,1428605
0.548,1426708
0.552,1396824
0.554,1396824
0.555,1396824
0.556,1396824
0.556,1396824
0.556,1396824
0.557,1396824
0.56,1396824
0.56,1396824
0.561,1396824
0.563,1396824
0.563,1396824
0.565,1396824
0.565,1386046
0.565,1386046
0.566,1386046
0.566,1386046
0.569,1386046
0.572,1386046
0.574,1386046
0.578,1386046
0.582,1386046
0.587,1383030
0.587,1383030
0.59,1383030
0.591,1383030
0.591,1383030
0.594,1383030
0.595,1383030
0.596,1383030
0.596,1383030
0.597,1382973
0.6,1382973
0.602,1382973
0.602,1382973
0.606,1382973
0.607,1382973
0.608,1382973
0.612,1382973
0.612,1382669
0.613,1382669
0.614,1382669
0.614,1382669
0.614,1382669
0.617,1382669
0.617,1382669
0.619,1382669
0.624,1382669
0.63,1382669
0.631,1382669
0.631,1382669
0.634,1382669
0.636,1382669
0.637,1382669
0.638,1382669
0.638,1382669
0.639,1382669
0.64,1382669
0.642,1382669
0.642,1382669
0.643,1382669
0.647,1382669
0.65,1382669
0.651,1382669
0.654,1382669
0.655,1382669
0.655,1382669
0.656,1382669
0.657,1382669
0.657,1382669
0.658,1382669
0.659,1361337
0.66,1361337
0.662,1361337
0.663,1361337
0.665,1361337
0.666,1361337
0.666,1361337
0.669,1361337
0.669,1361337
0.673,1361337
0.674,1361274
0.674,1361274
0.676,1361081
0.677,1361081
0.677,1361081
0.68,1353495
0.681,1353495
0.685,1353495
0.689,1353495
0.691,1353495
0.692,1353495
0.693,1353495
0.693,1353495
0.695,1353495
0.702,1353495
0.703,1353495
0.703,1353495
0.703,1353495
0.705,1353495
0.706,1353495
0.706,1353495
0.706,1353495
0.714,1353495
0.718,1353199
0.719,1352168
0.719,1352168
0.723,1352168
0.723,1352168
0.725,1352168
0.725,1352168
0.726,1352168
0.727,1352168
0.727,1352168
0.73,1352168
0.731,1352168
0.733,1352168
0.736,1352168
0.738,1352168
0.739,1352168
0.741,1352168
0.743,1352168
0.745,1352168
0.747,1350944
0.753,1350944
0.758,1350944
0.759,1350944
0.76,1350944
0.765,1350944
0.768,1350944
0.769,1350944
0.769,1350944
0.775,1350944
0.775,1350944
0.777,1350944
0.778,1350944
0.778,1350944
0.784,1350944
0.784,1350944
0.785,1350944
0.788,1350944
0.789,1350944
0.789,1350944
0.792,1350689
0.792,1350689
0.793,1350689
0.796,1350689
0.798,1350689
0.8,1350689
0.802,1350689
0.802,1350689
0.803,1350689
0.805,1350689
0.806,1350689
0.807,1350689
0.807,1350689
0.808,1350689
0.808,1350689
0.811,1350689
0.813,1350689
0.816,1350689
0.817,1350689
0.817,1350689
0.824,1350689
0.838,1350689
0.839,1350689
0.84,1329487
0.843,1329487
0.844,1329487
0.846,1329487
0.847,1329487
0.852,1329487
0.852,1329487
0.852,1329487
0.856,1329487
0.859,1329487
0.859,1329487
0.86,1329487
0.86,1329458
0.863,1329458
0.864,1329458
0.864,1329248
0.871,1329179
0.872,1329179
0.874,1329179
0.875,1329179
0.877,1329179
0.878,1329179
0.879,1329179
0.88,1329179
0.881,1329179
0.882,1329179
0.885,1329179
0.885,1329179
0.885,1329179
0.887,1329179
0.896,1328784
0.898,1328784
0.9,1328784
0.902,1328784
0.907,1328784
0.91,1328784
0.913,1328784
0.915,1328784
0.919,1328784
0.922,1328784
0.923,1328784
0.925,1328784
0.925,1328784
0.926,1328784
0.926,1328784
0.931,1328784
0.933,1328784
0.934,1328784
0.937,1328784
0.944,1328784
0.945,1328784
0.948,1328784
0.953,1328784
0.956,1328784
0.961,1309680
0.963,1309680
0.966,1309680
0.972,1309680
0.973,1309680
0.974,1309680
0.974,1306436
0.976,1306436
0.978,1306436
0.98,1306436
0.981,1306436
0.983,1306436
0.986,1306436
0.987,1306436
0.988,1306436
0.992,1306436
0.997,1306436
1.001,1306436
1.001,1306436
1.002,1306436
1.004,1306436
1.004,1306436
1.007,1306436
1.011,1306436
1.012,1306436
1.014,1306436
1.015,1306436
1.02,1306436
1.024,1306436
1.025,1306436
1.027,1306436
1.028,1306436
1.035,1306436
1.037,1306436
1.041,1306436
1.043,1306436
1.045,1306436
1.049,1306436
1.051,1306436
1.052,1306436
1.057,1306436
1.06,1306436
1.06,1306436
1.063,1306436
1.064,1306436
1.064,1306436
1.067,1306436
1.07,1306436
1.071,1306436
1.072,1306436
1.077,1306436
1.078,1306436
1.08,1306436
1.082,1306436
1.087,1306436
1.089,1306109
1.089,1306109
1.094,1306109
1.095,1306109
1.095,1306109
1.095,1306109
1.099,1306109
1.1,1306109
1.1,1306109
1.104,1306109
1.108,1306109
1.11,1306109
1.11,1306109
1.117,1306109
1.118,1306109
1.125,1306109
1.128,1306109
1.128,1306097
1.132,1306097
1.133,1306097
1.134,1306097
1.135,1306097
1.136,1306097
1.138,1306097
1.14,1306097
1.144,1306097
1.147,1306097
1.147,1306097
1.15,1306097
1.151,1306097
1.152,1306097
1.152,1306097
1.153,1306097
1.156,1306097
1.158,1306097
1.159,1306097
1.162,1306097
1.164,1306097
1.164,1306097
1.165,1306097
1.165,1306097
1.165,1306097
1.166,1306097
1.168,1306097
1.171,1306097
1.171,1306097
1.173,1306097
1.178,1306097
1.179,1306097
1.18,1306097
1.181,1306097
1.185,1306097
1.186,1306097
1.186,1306097
1.19,1306097
1.191,1306097
1.194,1306097
1.199,1306097
1.2,1306097
1.203,1306097
1.207,1306097
1.21,1306097
1.212,1306097
1.215,1306097
1.219,1306097
1.22,1306097
1.222,1306097
1.23,1306097
1.231,1306097
1.232,1291963
1.236,1291963
1.236,1291963
1.238,1291963
1.242,1291963
1.244,1291963
1.245,1291963
1.247,1291963
1.248,1291963
1.248,1291963
1.249,1291963
1.25,1291963
1.254,1291963
1.257,1291963
1.259,1291963
1.261,1291963
1.263,1291963
1.267,1291963
1.267,1291963
1.269,1291963
1.272,1291963
1.273,1291963
1.273,1291963
1.279,1291963
1.28,1291963
1.284,1291963
1.286,1291963
1.292,1291963
1.295,1291963
1.298,1291963
1.302,1291963
1.303,1291963
1.303,1291963
1.305,1291963
1.306,1291963
1.306,1291963
1.309,1291963
1.31,1291963
1.316,1291963
1.321,1291963
1.323,1291963
1.324,1291963
1.326,1291963
1.328,1291963
1.329,1287869
1.33,1287869
1.336,1287869
1.336,1287869
1.336,1287869
1.34,1287869
1.345,1287869
1.348,1287869
1.35,1287869
1.352,1287869
1.357,1287869
1.358,1287869
1.364,1287869
1.364,1287869
1.365,1287869
1.366,1287869
1.368,1287869
1.37,1287869
1.371,1287869
1.377,1287869
1.378,1287869
1.382,1287869
1.383,1287869
1.383,1287869
1.392,1287869
1.393,1287869
1.398,1287869
1.403,1287869
1.406,1287869
1.408,1287869
1.41,1287869
1.411,1287869
1.413,1287869
1.414,1287869
1.416,1287869
1.417,1287869
1.422,1287869
1.425,1287869
1.428,1287869
1.431,1287869
1.433,1287869
1.434,1287869
1.434,1287869
1.435,1287869
1.435,1287869
1.437,1287869
1.44,1287869
1.441,1287869
1.442,1287869
1.444,1287869
1.449,1287869
1.449,1287869
1.452,1287869
1.455,1287869
1.46,1287869
1.465,1287869
1.465,1287869
1.466,1287869
1.469,1287869
1.469,1287869
1.473,1287869
1.473,1287869
1.475,1287869
1.476,1287869
1.478,1287869
1.478,1287869
1.48,1287869
1.48,1287869
1.482,1287869
1.484,1287869
1.486,1287869
1.488,1287869
1.496,1287869
1.501,1287869
1.502,1287869
1.503,1287869
1.504,1287869
1.506,1287869
1.507,1287869
1.511,1287869
1.513,1287869
1.514,1287869
1.517,1287869
1.517,1287869
1.518,1287869
1.524,1287869
1.538,1287869
1.54,1287869
1.542,1287869
1.547,1287869
1.548,1287869
1.551,1287869
1.553,1287869
1.561,1287869
1.564,1287869
1.564,1287869
1.565,1287869
1.568,1287869
1.579,1287869
1.582,1287869
1.582,1287869
1.584,1287869
1.586,1287869
1.586,1287869
1.59,1287869
1.591,1287869
1.595,1287869
1.596,1287869
1.597,1287869
1.601,1287869
1.604,1287869
1.606,1287869
1.609,1287869
1.613,1287869
1.614,1287869
1.614,1287869
1.621,1287869
1.625,1287869
1.628,1287869
1.628,1287869
1.632,1287869
1.632,1287869
1.635,1287869
1.636,1287869
1.643,1287869
1.643,1287869
1.645,1287869
1.648,1287869
1.649,1287869
1.649,1287869
1.652,1287869
1.653,1287869
1.656,1287869
1.657,1287869
1.662,1287869
1.668,1287869
1.669,1287869
1.673,1287869
1.676,1287869
1.68,1287869
1.681,1287869
1.681,1287869
1.686,1287869
1.687,1287869
1.69,1287869
1.691,1287869
1.693,1287869
1.695,1287869
1.695,1287869
1.701,1287869
1.701,1287869
1.706,1287869
1.707,1287869
1.707,1287869
1.708,1287869
1.712,1287869
1.712,1287869
1.712,1287869
1.713,1287869
1.718,1287869
1.719,1287869
1.723,1287869
1.726,1287869
1.728,1287869
1.73,1287869
1.731,1287869
1.732,1287869
1.735,1287869
1.737,1287869
1.742,1287869
1.742,1287869
1.743,1287869
1.757,1287869
1.764,1287869
1.77,1287869
1.77,1287869
1.77,1287869
1.771,1287869
1.771,1287869
1.776,1287869
1.778,1287869
1.781,1287869
1.782,1287869
1.788,1287869
1.792,1287869
1.796,1287869
1.798,1287869
1.799,1287869
1.799,1287869
1.801,1287869
1.806,1287869
1.808,1287869
1.811,1287869
1.812,1287869
1.816,1287869
1.822,1287869
1.822,1287869
1.832,1287869
1.834,1287869
1.836,1287869
1.837,1287869
1.84,1287869
1.841,1287869
1.844,1287869
1.845,1287869
1.846,1287869
1.846,1287869
1.85,1287869
1.85,1287869
1.854,1287869
1.857,1287869
1.859,1287869
1.86,1287869
1.861,1287869
1.862,1287869
1.863,1287869
1.867,1287869
1.868,1287869
1.868,1287869
1.871,1287869
1.873,1287869
1.874,1287869
1.877,1287869
1.883,1287869
1.884,1287869
1.884,1287869
1.887,1287869
1.896,1287869
1.897,1287869
1.898,1287869
1.904,1287869
1.906,1287869
1.907,1287869
1.907,1287869
1.908,1287869
1.91,1287869
1.912,1287869
1.917,1287869
1.918,1287869
1.918,1287869
1.922,1287869
1.923,1287869
1.926,1287869
1.927,1287869
1.928,1287869
1.934,1287869
1.935,1287869
1.94,1287869
1.94,1287869
1.943,1287869
1.945,1287869
1.946,1287869
1.946,1287869
1.953,1287869
1.959,1287869
1.961,1287869
1.962,1287869
1.962,1287869
1.968,1287869
1.97,1287869
1.97,1287869
1.975,1287869
1.977,1287869
1.981,1287869
1.982,1287869
1.985,1287869
1.986,1287869
1.988,1287869
1.989,1287869
1.994,1287869
1.995,1287869
1.997,1287869
2.004,1287869
2.006,1287869
2.007,1287869
2.016,1287869
2.018,1287869
2.025,1287869
2.026,1287869
2.027,1287869
2.028,1287869
2.029,1287869
2.038,1287869
2.039,1287869
2.052,1287869
2.053,1287869
2.053,1287869
2.054,1287869
2.055,1287869
2.06,1287869
2.064,1287869
2.065,1287869
2.066,1287869
2.067,1287869
2.067,1287869
2.075,1287869
2.089,1287869
2.09,1287869
2.093,1287869
2.094,1287869
2.095,1287869
2.096,1287869
2.101,1287869
2.102,1287869
2.105,1287869
2.106,1287869
2.107,1287869
2.114,1287869
2.115,1287869
2.119,1287869
2.122,1287869
2.124,1287869
2.125,1287869
2.127,1287869
2.13,1287869
2.134,1287869
2.135,1287869
2.137,1287869
2.138,1287869
2.139,1287869
2.14,1287869
2.143,1287869
2.146,1287869
2.147,1287869
2.152,1287869
2.153,1287869
2.158,1287869
2.164,1287869
2.166,1287869
2.166,1287869
2.168,1287869
2.171,1287869
2.172,1287869
2.175,1287869
2.175,1287869
2.177,1287869
2.181,1287869
2.187,1287869
2.19,1287869
2.192,1287869
2.194,1287869
2.195,1287869
2.208,1287869
2.216,1287869
2.217,1287869
2.219,1287869
2.221,1287869
2.221,1287869
2.221,1287869
2.222,1287869
2.225,1287869
2.225,1287869
2.232,1287869
2.232,1287869
2.232,1287869
2.234,1287869
2.236,1287869
2.238,1287869
2.24,1287869
2.241,1287869
2.242,1287869
2.242,1287869
2.243,1287869
2.244,1287869
2.245,1287869
2.25,1287869
2.251,1287869
2.252,1287869
2.252,1287869
2.271,1287869
2.275,1287869
2.276,1287869
2.28,1287869
2.28,1287869
2.282,1287869
2.283,1287869
2.284,1287869
2.284,1287869
2.296,1287869
2.296,1287869
2.3,1287869
2.3,1287869
2.3,1287869
2.306,1287869
2.316,1287869
2.317,1287869
2.319,1287869
2.32,1287869
2.322,1287869
2.324,1287869
2.328,1287869
2.329,1287869
2.333,1287869
2.336,1287869
2.338,1287869
2.341,1287869
2.343,1287869
2.345,1287869
2.345,1287869
2.349,1287869
2.35,1287869
2.351,1287869
2.352,1287869
2.357,1287869
2.357,1287869
2.36,1287869
2.361,1287869
2.364,1287869
2.365,1287869
2.38,1287869
2.381,1287869
2.383,1287869
2.384,1287869
2.388,1287869
2.389,1287869
2.39,1287869
2.398,1287869
2.399,1287869
2.411,1287869
2.413,1287869
2.416,1287869
2.417,1287869
2.418,1287869
2.422,1287869
2.424,1287869
2.426,1287869
2.426,1287869
2.427,1287869
2.431,1287869
2.432,1287869
2.433,1287869
2.438,1287869
2.44,1287869
2.441,1287869
2.443,1287869
2.446,1287869
2.447,1287869
2.451,1287869
2.454,1287869
2.46,1287869
2.461,1287869
2.462,1287869
2.462,1287869
2.462,1287869
2.465,1287869
2.466,1287869
2.47,1287869
2.472,1287869
2.474,1287869
2.476,1287869
2.479,1287869
2.483,1287869
2.486,1287869
2.49,1287869
2.491,1287869
2.493,1287869
2.493,1287869
2.494,1287869
2.499,1287869
2.5,1287869
2.502,1287869
2.51,1287869
2.511,1287869
2.512,1287869
2.512,1287869
2.516,1287869
2.516,1287869
2.519,1287869
2.52,1287869
2.521,1287869
2.526,1287869
2.527,1287869
2.537,1287869
2.54,1287869
2.541,1287869
2.545,1287869
2.549,1287869
2.551,1287869
2.552,1287869
2.552,1287869
2.556,1287869
2.556,1287869
2.557,1287869
2.559,1287869
2.559,1287869
2.56,1287869
2.57,1287869
2.573,1287869
2.584,1287869
2.585,1287869
2.59,1287869
2.591,1287869
2.591,1287869
2.592,1287869
2.592,1287869
2.593,1287869
2.596,1287869
2.601,1287869
2.605,1287869
2.605,1287869
2.607,1287869
2.609,1287869
2.611,1287869
2.614,1287869
2.617,1287869
2.619,1287869
2.624,1287869
2.628,1287869
2.63,1287869
2.631,1287869
2.637,1287869
2.64,1287869
2.64,1287869
2.642,1287869
2.642,1287869
2.647,1287869
2.65,1287869
2.65,1287869
2.651,1287869
2.651,1287869
2.658,1287869
2.661,1287869
2.667,1287869
2.681,1287869
2.681,1287869
2.691,1287869
2.695,1287869
2.696,1287869
2.697,1287869
2.707,1287869
2.708,1287869
2.708,1287869
2.714,1287869
2.717,1287869
2.718,1287869
2.72,1287869
2.722,1287869
2.732,1287869
2.737,1287869
2.74,1287869
2.743,1287869
2.743,1287869
2.747,1287869
2.747,1287869
2.748,1287869
2.75,1287869
2.752,1287869
2.753,1287869
2.757,1287869
2.762,1287869
2.763,1287869
2.763,1287869
2.765,1287869
2.769,1287869
2.769,1287869
2.772,1287869
2.774,1287869
2.774,1287869
2.774,1287869
2.779,1287869
2.781,1287869
2.784,1287869
2.787,1287869
2.788,1287869
2.793,1287869
2.793,1287869
2.796,1287869
2.798,1287869
2.799,1287869
2.8,1287869
2.8,1287869
2.802,1287869
2.803,1287869
2.803,1287869
2.808,1287869
2.809,1287869
2.811,1287869
2.811,1287869
2.816,1287869
2.816,1287869
2.819,1287869
2.821,1287869
2.822,1287869
2.823,1287869
2.826,1287869
2.828,1287869
2.833,1287869
2.836,1287869
2.838,1287869
2.838,1287869
2.839,1287869
2.841,1287869
2.843,1287869
2.85,1287869
2.85,1287869
2.851,1287869
2.854,1287869
2.86,1287869
2.865,1287869
2.867,1287869
2.87,1287869
2.871,1287869
2.872,1287869
2.875,1287869
2.876,1287869
2.879,1287869
2.882,1287869
2.885,1287869
2.889,1287869
2.89,1287869
2.891,1287869
2.895,1287869
2.898,1287869
2.902,1287869
2.903,1287869
2.904,1287869
2.906,1287869
2.911,1287869
2.911,1287869
2.914,1287869
2.914,1287869
2.924,1287869
2.926,1287869
2.929,1287869
2.931,1287869
2.931,1287869
2.931,1287869
2.939,1287869
2.939,1287869
2.94,1287869
2.942,1287869
2.946,1287869
2.946,1287869
2.948,1287869
2.95,1287869
2.952,1287869
2.956,1287869
2.961,1287869
2.964,1287869
2.964,1287869
2.965,1287869
2.966,1287869
2.971,1287869
2.971,1287869
2.972,1287869
2.975,1287869
2.977,1287869
2.978,1287869
2.978,1287869
2.981,1287869
2.982,1287869
2.985,1287869
2.992,1287869
2.996,1287869
2.998,1287869
3.001,1287869
3.001,1287869
3.003,1287869
3.004,1287869
3.008,1287869
3.012,1287869
3.014,1287869
3.016,1287869
3.018,1287869
3.02,1287869
3.023,1287869
3.026,1287869
3.031,1287869
3.041,1287869
3.048,1287869
3.048,1287869
3.052,1287869
3.056,1287869
3.057,1287869
3.058,1287869
3.06,1287869
3.061,1287869
3.062,1287869
3.063,1287869
3.064,1287869
3.066,1287869
3.066,1287869
3.069,1287869
3.076,1287869
3.081,1287869
3.082,1287869
3.082,1287869
3.084,1287869
3.086,1287869
3.087,1287869
3.087,1287869
3.092,1287869
3.095,1287869
3.102,1287869
3.102,1287869
3.103,1287869
3.106,1287869
3.108,1287869
3.109,1287869
3.116,1287869
3.119,1287869
3.12,1287869
3.122,1287869
3.125,1287869
3.127,1287869
3.129,1287869
3.132,1287869
3.134,1287869
3.137,1287869
3.138,1287869
3.139,1287869
3.144,1287869
3.147,1287869
3.149,1287869
3.149,1287869
3.151,1287869
3.152,1287869
3.156,1287869
3.156,1287869
3.157,1287869
3.161,1287869
3.162,1287869
3.163,1287869
3.164,1287869
3.17,1287869
3.172,1287869
3.173,1287869
3.181,1287869
3.181,1287869
3.183,1287869
3.188,1287869
3.189,1287869
3.192,1287869
3.197,1287869
3.198,1287869
3.199,1287869
3.202,1287869
3.202,1287869
3.209,1287869
3.21,1287869
3.212,1287869
3.212,1287869
3.214,1287869
3.215,1287869
3.217,1287869
3.227,1287869
3.232,1287869
3.238,1287869
3.24,1287869
3.24,1287869
3.243,1287869
3.243,1287869
3.248,1287869
3.249,1287869
3.252,1287869
3.26,1287869
3.262,1287869
3.263,1287869
3.264,1287869
3.267,1287869
3.267,1287869
3.269,1287869
3.269,1287869
3.271,1287869
3.272,1287869
3.274,1287869
3.275,1287869
3.275,1287869
3.276,1287869
3.283,1287869
3.283,1287869
3.29,1287869
3.291,1287869
3.291,1287869
3.293,1287869
3.302,1287869
3.303,1287869
3.307,1287869
3.309,1287869
3.31,1287869
3.31,1287869
3.31,1287869
3.312,1287869
3.313,1287869
3.313,1287869
3.318,1287869
3.32,1287869
3.321,1287869
3.321,1287869
3.327,1287869
3.328,1287869
3.329,1287869
3.33,1287869
3.333,1287869
3.343,1287869
3.345,1287869
3.347,1287869
3.348,1287869
3.352,1287869
3.361,1287869
3.365,1287869
3.365,1287869
3.368,1287869
3.371,1287869
3.378,1287869
3.385,1287869
3.386,1287869
3.387,1287869
3.39,1287869
3.391,1287869
3.391,1287869
3.392,1287869
3.392,1287869
3.393,1287869
3.394,1287869
3.4,1287869
3.401,1287869
3.402,1287869
3.407,1287869
3.408,1287869
3.41,1287869
3.412,1287869
3.414,1287869
3.416,1287869
3.419,1287869
3.42,1287869
3.422,1287869
3.426,1287869
3.432,1287869
3.434,1287869
3.436,1287869
3.437,1287869
3.441,1287869
3.443,1287869
3.443,1287869
3.444,1287869
3.446,1287869
3.447,1287869
3.448,1287869
3.449,1287869
3.45,1287869
3.453,1287869
3.456,1287869
3.457,1287869
3.461,1287869
3.462,1287869
3.464,1287869
3.467,1287869
3.472,1287869
3.473,1287869
3.474,1287869
3.476,1287869
3.482,1287869
3.483,1287869
3.484,1287869
3.494,1287869
3.5,1287869
3.501,1287869
3.507,1287869
3.507,1287869
3.511,1287869
3.511,1287869
3.514,1287869
3.516,1287869
3.516,1287869
3.517,1287869
3.518,1287869
3.518,1287869
3.519,1287869
3.524,1287869
3.528,1287869
3.531,1287869
3.533,1287869
3.541,1287869
3.542,1287869
3.544,1287869
3.546,1287869
3.546,1287869
3.546,1287869
3.547,1287869
3.55,1287869
3.551,1287869
3.554,1287869
3.559,1287869
3.565,1287869
3.566,1287869
3.568,1287869
3.57,1287869
3.571,1287869
3.576,1287869
3.577,1287869
3.579,1287869
3.582,1287869
3.582,1287869
3.587,1287869
3.588,1287869
3.588,1287869
3.593,1287869
3.594,1287869
3.596,1287869
3.598,1287869
3.599,1287869
3.6,1287869
3.601,1287869
3.602,1287869
3.606,1287869
3.609,1287869
3.611,1287869
3.613,1287869
3.617,1287869
3.62,1287869
3.622,1287869
3.622,1287869
3.622,1287869
3.628,1287869
3.63,1287869
3.631,1287869
3.631,1287869
3.634,1287869
3.638,1287869
3.641,1287869
3.643,1287869
3.653,1287869
3.667,1287869
3.668,1287869
3.671,1287869
3.672,1287869
3.673,1287869
3.673,1287869
3.681,1287869
3.688,1287869
3.692,1287869
3.699,1287869
3.699,1287869
3.705,1287869
3.711,1287869
3.715,1287869
3.718,1287869
3.719,1287869
3.721,1287869
3.722,1287869
3.725,1287869
3.726,1287869
3.727,1287869
3.729,1287869
3.732,1287869
3.733,1287869
3.734,1287869
3.741,1287869
3.744,1287869
3.747,1287869
3.751,1287869
3.752,1287869
3.754,1287869
3.757,1287869
3.757,1287869
3.758,1287869
3.761,1287869
3.763,1287869
3.765,1287869
3.767,1287869
3.769,1287869
3.771,1287869
3.773,1287869
3.776,1287869
3.781,1287869
3.784,1287869
3.785,1287869
3.785,1287869
3.786,1287869
3.787,1287869
3.791,1287869
3.799,1287869
3.808,1287869
3.808,1287869
3.813,1287869
3.818,1287869
3.818,1287869
3.821,1287869
3.821,1287869
3.824,1287869
3.825,1287869
3.826,1287869
3.827,1287869
3.828,1287869
3.828,1287869
3.834,1287869
3.84,1287869
3.841,1287869
3.843,1287869
3.847,1287869
3.848,1287869
3.849,1287869
3.85,1287869
3.85,1287869
3.864,1287869
3.865,1287869
3.866,1287869
3.868,1287869
3.875,1287869
3.879,1287869
3.89,1287869
3.895,1287869
3.898,1287869
3.9,1287869
3.905,1287869
3.908,1287869
3.909,1287869
3.911,1287869
3.912,1287869
3.913,1287869
3.914,1287869
3.916,1287869
3.918,1287869
3.919,1287869
3.922,1287869
3.923,1287869
3.924,1287869
3.927,1287869
3.93,1287869
3.932,1287869
3.937,1287869
3.939,1287869
3.939,1287869
3.941,1287869
3.944,1287869
3.945,1287869
3.947,1287869
3.952,1287869
3.952,1287869
3.956,1287869
3.956,1287869
3.956,1287869
3.958,1287869
3.962,1287869
3.965,1287869
3.966,1287869
3.967,1287869
3.968,1287869
3.971,1287869
3.973,1287869
3.974,1287869
3.979,1287869
3.98,1287869
3.982,1287869
3.982,1287869
3.986,1287869
3.986,1287869
3.993,1287869
3.995,1287869
3.998,1287869
3.999,1287869
4.003,1287869
4.008,1287869
4.009,1287869
4.009,1287869
4.01,1287869
4.011,1287869
4.016,1287869
4.016,1287869
4.022,1287869
4.022,1287869
4.024,1287869
4.03,1287869
4.034,1287869
4.037,1287869
4.039,1287869
4.041,1287869
4.045,1287869
4.046,1287869
4.047,1287869
4.047,1287869
4.05,1287869
4.052,1287869
4.054,1287869
4.058,1287869
4.059,1287869
4.06,1287869
4.065,1287869
4.07,1287869
4.07,1287869
4.071,1287869
4.073,1287869
4.075,1287869
4.076,1287869
4.077,1287869
4.078,1287869
4.083,1287869
4.084,1287869
4.087,1287869
4.087,1287869
4.087,1287869
4.09,1287869
4.09,1287869
4.092,1287869
4.097,1287869
4.104,1287869
4.104,1287869
4.108,1287869
4.11,1287869
4.111,1287869
4.114,1287869
4.116,1287869
4.121,1287869
4.122,1287869
4.123,1287869
4.125,1287869
4.126,1287869
4.128,1287869
4.129,1287869
4.13,1287869
4.133,1287869
4.134,1287869
4.135,1287869
4.138,1287869
4.14,1287869
4.141,1287869
4.146,1287869
4.147,1287869
4.147,1287869
4.148,1287869
4.149,1287869
4.155,1287869
4.161,1287869
4.162,1287869
4.164,1287869
4.166,1287869
4.169,1287869
4.179,1287869
4.183,1287869
4.183,1287869
4.183,1287869
4.186,1287869
4.186,1287869
4.19,1287869
4.193,1287869
4.194,1287869
4.195,1287869
4.199,1287869
4.206,1287869
4.207,1287869
4.208,1287869
4.212,1287869
4.215,1287869
4.215,1287869
4.216,1287869
4.219,1287869
4.22,1287869
4.221,1287869
4.229,1287869
4.231,1287869
4.234,1287869
4.239,1287869
4.24,1287869
4.241,1287869
4.243,1287869
4.246,1287869
4.247,1287869
4.248,1287869
4.249,1287869
4.257,1287869
4.257,1287869
4.257,1287869
4.258,1287869
4.26,1287869
4.263,1287869
4.271,1287869
4.272,1287869
4.276,1287869
4.277,1287869
4.279,1287869
4.279,1287869
4.283,1287869
4.283,1287869
4.284,1287869
4.284,1287869
4.287,1287869
4.293,1287869
4.295,1287869
4.295,1287869
4.298,1287869
4.299,1287869
4.3,1287869
4.302,1287869
4.302,1287869
4.302,1287869
4.305,1287869
4.307,1287869
4.308,1287869
4.308,1287869
4.31,1287869
4.312,1287869
4.312,1287869
4.315,1287869
4.321,1287869
4.323,1287869
4.326,1287869
4.326,1287869
4.329,1287869
4.334,1287869
4.335,1287869
4.336,1287869
4.336,1287869
4.338,1287869
4.342,1287869
4.345,1287869
4.349,1287869
4.35,1287869
4.352,1287869
4.355,1287869
4.357,1287869
4.36,1287869
4.362,1287869
4.364,1287869
4.37,1287869
4.371,1287869
4.371,1287869
4.371,1287869
4.374,1287869
4.374,1287869
4.381,1287869
4.386,1287869
4.39,1287869
4.392,1287869
4.393,1287869
4.399,1287869
4.402,1287869
4.402,1287869
4.406,1287869
4.407,1287869
4.411,1287869
4.413,1287869
4.413,1287869
4.416,1287869
4.418,1287869
4.419,1287869
4.435,1287869
4.436,1287869
4.438,1287869
4.439,1287869
4.44,1287869
4.449,1287869
4.453,1287869
4.456,1287869
4.458,1287869
4.461,1287869
4.461,1287869
4.462,1287869
4.467,1287869
4.47,1287869
4.473,1287869
4.48,1287869
4.481,1287869
4.486,1287869
4.49,1287869
4.493,1287869
4.494,1287869
4.501,1287869
4.502,1287869
4.502,1287869
4.502,1287869
4.503,1287869
4.506,1287869
4.507,1287869
4.51,1287869
4.512,1287869
4.512,1287869
4.512,1287869
4.513,1287869
4.513,1287869
4.514,1287869
4.515,1287869
4.517,1287869
4.517,1287869
4.519,1287869
4.52,1287869
4.52,1287869
4.522,1287869
4.524,1287869
4.525,1287869
4.527,1287869
4.531,1287869
4.531,1287869
4.537,1287869
4.54,1287869
4.54,1287869
4.54,1287869
4.544,1287869
4.544,1287869
4.55,1287869
4.555,1287869
4.559,1287869
4.563,1287869
4.566,1287869
4.567,1287869
4.57,1287869
4.578,1287869
4.59,1287869
4.59,1287869
4.591,1287869
4.591,1287869
4.598,1287869
4.599,1287869
4.602,1287869
4.605,1287869
4.608,1287869
4.609,1287869
4.612,1287869
4.613,1287869
4.614,1287869
4.617,1287869
4.622,1287869
4.624,1287869
4.625,1287869
4.629,1287869
4.632,1287869
4.632,1287869
4.636,1287869
4.637,1287869
4.639,1287869
4.641,1287869
4.645,1287869
4.651,1287869
4.655,1287869
4.655,1287869
4.656,1287869
4.658,1287869
4.66,1287869
4.66,1287869
4.668,1287869
4.669,1287869
4.67,1287869
4.672,1287869
4.672,1287869
4.673,1287869
4.674,1287869
4.676,1287869
4.677,1287869
4.678,1287869
4.679,1287869
4.68,1287869
4.68,1287869
4.682,1287869
4.682,1287869
4.686,1287869
4.687,1287869
4.687,1287869
4.691,1287869
4.694,1287869
4.697,1287869
4.698,1287869
4.699,1287869
4.702,1287869
4.703,1287869
4.704,1287869
4.705,1287869
4.707,1287869
4.708,1287869
4.71,1287869
4.71,1287869
4.712,1287869
4.716,1287869
4.721,1287869
4.725,1287869
4.729,1287869
4.729,1287869
4.732,1287869
4.733,1287869
4.735,1287869
4.736,1287869
4.742,1287869
4.743,1287869
4.744,1287869
4.746,1287869
4.747,1287869
4.748,1287869
4.751,1287869
4.751,1287869
4.752,1287869
4.756,1287869
4.756,1287869
4.761,1287869
4.765,1287869
4.765,1287869
4.771,1287869
4.778,1287869
4.781,1287869
4.783,1287869
4.784,1287869
4.786,1287869
4.788,1287869
4.79,1287869
4.792,1287869
4.795,1287869
4.795,1287869
4.795,1287869
4.799,1287869
4.802,1287869
4.807,1287869
4.809,1287869
4.81,1287869
4.818,1287869
4.819,1287869
4.822,1287869
4.823,1287869
4.826,1287869
4.83,1287869
4.831,1287869
4.832,1287869
4.833,1287869
4.833,1287869
4.834,1287869
4.835,1287869
4.84,1287869
4.84,1287869
4.841,1287869
4.845,1287869
4.851,1287869
4.854,1287869
4.856,1287869
4.856,1287869
4.857,1287869
4.858,1287869
4.868,1287869
4.868,1287869
4.869,1287869
4.871,1287869
4.871,1287869
4.872,1287869
4.873,1287869
4.876,1287869
4.88,1287869
4.881,1287869
4.887,1287869
4.894,1287869
4.896,1287869
4.896,1287869
4.897,1287869
4.898,1287869
4.899,1287869
4.905,1287869
4.907,1287869
4.907,1287869
4.907,1287869
4.908,1287869
4.909,1287869
4.909,1287869
4.918,1287869
4.92,1287869
4.926,1287869
4.928,1287869
4.93,1287869
4.935,1287869
4.936,1287869
4.94,1287869
4.941,1287869
4.941,1287869
4.943,1287869
4.944,1287869
4.946,1287869
4.946,1287869
4.946,1287869
4.947,1287869
4.948,1287869
4.951,1287869
4.954,1287869
4.955,1287869
4.958,1287869
4.972,1287869
4.974,1287869
4.975,1287869
4.976,1287869
4.981,1287869
4.981,1287869
4.983,1287869
4.984,1287869
4.988,1287869
4.994,1287869
4.994,1287869
4.995,1287869
4.998,1287869
5.001,1287869
5.003,1287869
5.006,1287869
5.009,1287869
5.009,1287869
5.011,1287869
5.012,1287869
5.017,1287869
5.022,1287869
5.023,1287869
5.026,1287869
5.026,1287869
5.029,1287869
5.031,1287869
5.036,1287869
5.036,1287869
5.039,1287869
5.039,1287869
5.04,1287869
5.042,1287869
5.046,1287869
5.055,1287869
5.056,1287869
5.066,1287869
5.066,1287869
5.07,1287869
5.072,1287869
5.074,1287869
5.076,1287869
5.076,1287869
5.077,1287869
5.083,1287869
5.086,1287869
5.087,1287869
5.09,1287869
5.094,1287869
5.094,1287869
5.1,1287869
5.103,1287869
5.106,1287869
5.108,1287869
5.111,1287869
5.111,1287869
5.117,1287869
5.117,1287869
5.12,1287869
5.122,1287869
5.123,1287869
5.125,1287869
5.126,1287869
5.127,1287869
5.128,1287869
5.129,1287869
5.131,1287869
5.133,1287869
5.135,1287869
5.136,1287869
5.137,1287869
5.137,1287869
5.14,1287869
5.14,1287869
5.141,1287869
5.145,1287869
5.146,1287869
5.151,1287869
5.153,1287869
5.158,1287869
5.16,1287869
5.16,1287869
5.161,1287869
5.168,1287869
5.171,1287869
5.172,1287869
5.178,1287869
5.178,1287869
5.182,1287869
5.188,1287869
5.19,1287869
5.192,1287869
5.194,1287869
5.197,1287869
5.198,1287869
5.202,1287869
5.204,1287869
5.205,1287869
5.206,1287869
5.212,1287869
5.219,1287869
5.221,1287869
5.224,1287869
5.225,1287869
5.225,1287869
5.23,1287869
5.237,1287869
5.238,1287869
5.24,1287869
5.242,1287869
5.242,1287869
5.248,1287869
5.251,1287869
5.256,1287869
5.256,1287869
5.258,1287869
5.258,1287869
5.259,1287869
5.26,1287869
5.262,1287869
5.263,1287869
5.266,1287869
5.268,1287869
5.277,1287869
5.278,1287869
5.285,1287869
5.286,1287869
5.287,1287869
5.291,1287869
5.297,1287869
5.298,1287869
5.301,1287869
5.301,1287869
5.303,1287869
5.305,1287869
5.306,1287869
5.306,1287869
5.307,1287869
5.31,1287869
5.311,1287869
5.313,1287869
5.322,1287869
5.323,1287869
5.325,1287869
5.326,1287869
5.329,1287869
5.331,1287869
5.337,1287869
5.34,1287869
5.34,1287869
5.341,1287869
5.345,1287869
5.346,1287869
5.349,1287869
5.351,1287869
5.352,1287869
5.354,1287869
5.355,1287869
5.357,1287869
5.358,1287869
5.358,1287869
5.359,1287869
5.365,1287869
5.368,1287869
5.37,1287869
5.374,1287869
5.375,1287869
5.377,1287869
5.378,1287869
5.382,1287869
5.383,1287869
5.385,1287869
5.387,1287869
5.388,1287869
5.389,1287869
5.39,1287869
5.395,1287869
5.396,1287869
5.398,1287869
5.399,1287869
5.4,1287869
5.402,1287869
5.404,1287869
5.407,1287869
5.409,1287869
5.41,1287869
5.412,1287869
5.414,1287869
5.417,1287869
5.418,1287869
5.419,1287869
5.427,1287869
5.428,1287869
5.429,1287869
5.431,1287869
5.432,1287869
5.434,1287869
5.435,1287869
5.435,1287869
5.435,1287869
5.436,1287869
5.444,1287869
5.449,1287869
5.452,1287869
5.453,1287869
5.454,1287869
5.454,1287869
5.459,1287869
5.459,1287869
5.462,1287869
5.462,1287869
5.463,1287869
5.465,1287869
5.466,1287869
5.466,1287869
5.471,1287869
5.472,1287869
5.472,1287869
5.474,1287869
5.478,1287869
5.479,1287869
5.481,1287869
5.481,1287869
5.483,1287869
5.488,1287869
5.491,1287869
5.491,1287869
5.494,1287869
5.497,1287869
5.497,1287869
5.503,1287869
5.503,1287869
5.507,1287869
5.508,1287869
5.509,1287869
5.512,1287869
5.513,1287869
5.515,1287869
5.516,1287869
5.52,1287869
5.52,1287869
5.52,1287869
5.524,1287869
5.528,1287869
5.53,1287869
5.53,1287869
5.531,1287869
5.532,1287869
5.533,1287869
5.534,1287869
5.537,1287869
5.541,1287869
5.542,1287869
5.542,1287869
5.546,1287869
5.55,1287869
5.552,1287869
5.554,1287869
5.557,1287869
5.558,1287869
5.558,1287869
5.56,1287869
5.568,1287869
5.57,1287869
5.572,1287869
5.573,1287869
5.574,1287869
5.577,1287869
5.579,1287869
5.585,1287869
5.585,1287869
5.586,1287869
5.588,1287869
5.589,1287869
5.589,1287869
5.594,1287869
5.597,1287869
5.598,1287869
5.599,1287869
5.6,1287869
5.601,1287869
5.602,1287869
5.602,1287869
5.604,1287869
5.605,1287869
5.612,1287869
5.612,1287869
5.617,1287869
5.618,1287869
5.622,1287869
5.622,1287869
5.623,1287869
5.625,1287869
5.626,1287869
5.627,1287869
5.628,1287869
5.633,1287869
5.633,1287869
5.635,1287869
5.637,1287869
5.638,1287869
5.642,1287869
5.646,1287869
5.647,1287869
5.647,1287869
5.655,1287869
5.658,1287869
5.665,1287869
5.666,1287869
5.667,1287869
5.669,1287869
5.67,1287869
5.673,1287869
5.674,1287869
5.676,1287869
5.677,1287869
5.679,1287869
5.679,1287869
5.689,1287869
5.69,1287869
5.695,1287869
5.696,1287869
5.699,1287869
5.705,1287869
5.708,1287869
5.709,1287869
5.71,1287869
5.715,1287869
5.718,1287869
5.718,1287869
5.72,1287869
5.721,1287869
5.725,1287869
5.726,1287869
5.732,1287869
5.738,1287869
5.74,1287869
5.745,1287869
5.746,1287869
5.748,1287869
5.75,1287869
5.751,1287869
5.755,1287869
5.759,1287869
5.767,1287869
5.772,1287869
5.772,1287869
5.773,1287869
5.776,1287869
5.784,1287869
5.786,1287869
5.787,1287869
5.792,1287869
5.794,1287869
5.795,1287869
5.8,1287869
5.803,1287869
5.803,1287869
5.805,1287869
5.812,1287869
5.819,1287869
5.822,1287869
5.823,1287869
5.823,1287869
5.825,1287869
5.826,1287869
5.828,1287869
5.83,1287869
5.832,1287869
5.833,1287869
5.835,1287869
5.837,1287869
5.838,1287869
5.844,1287869
5.845,1287869
5.849,1287869
5.85,1287869
5.852,1287869
5.86,1287869
5.861,1287869
5.861,1287869
5.865,1287869
5.866,1287869
5.868,1287869
5.87,1287869
5.87,1287869
5.872,1287869
5.875,1287869
5.881,1287869
5.884,1287869
5.884,1287869
5.889,1287869
5.889,1287869
5.894,1287869
5.895,1287869
5.895,1287869
5.897,1287869
5.904,1287869
5.909,1287869
5.909,1287869
5.91,1287869
5.912,1287869
5.912,1287869
5.912,1287869
5.912,1287869
5.916,1287869
5.917,1287869
5.918,1287869
5.919,1287869
5.922,1287869
5.923,1287869
5.927,1287869
5.934,1287869
5.935,1287869
5.937,1287869
5.938,1287869
5.939,1287869
5.946,1287869
5.947,1287869
5.951,1287869
5.954,1287869
5.955,1287869
5.955,1287869
5.955,1287869
5.958,1287869
5.961,1287869
5.962,1287869
5.962,1287869
5.964,1287869
5.964,1287869
5.967,1287869
5.967,1287869
5.969,1287869
5.969,1287869
5.969,1287869
5.97,1287869
5.971,1287869
5.975,1287869
5.977,1287869
5.978,1287869
5.99,1287869
5.99,1287869
5.992,1287869
5.997,1287869
5.997,1287869
6,1287869
6.001,1287869
6.012,1287869
6.015,1287869
6.015,1287869
6.017,1287869
6.022,1287869
6.023,1287869
6.023,1287869
6.026,1287869
6.027,1287869
6.034,1287869
6.035,1287869
6.035,1287869
6.037,1287869
6.04,1287869
6.046,1287869
6.05,1287869
6.054,1287869
6.056,1287869
6.058,1287869
6.059,1287869
6.059,1287869
6.061,1287869
6.061,1287869
6.063,1287869
6.064,1287869
6.067,1287869
6.073,1287869
6.075,1287869
6.08,1287869
6.08,1287869
6.083,1287869
6.089,1287869
6.094,1287869
6.097,1287869
6.103,1287869
6.105,1287869
6.106,1287869
6.107,1287869
6.108,1287869
6.108,1287869
6.108,1287869
6.115,1287869
6.117,1287869
6.118,1287869
6.121,1287869
6.122,1287869
6.123,1287869
6.123,1287869
6.123,1287869
6.126,1287869
6.13,1287869
6.13,1287869
6.135,1287869
6.136,1287869
6.139,1287869
6.14,1287869
6.144,1287869
6.144,1287869
6.146,1287869
6.147,1287869
6.15,1287869
6.153,1287869
6.154,1287869
6.155,1287869
6.162,1287869
6.165,1287869
6.166,1287869
6.167,1287869
6.172,1287869
6.174,1287869
6.175,1287869
6.175,1287869
6.175,1287869
6.176,1287869
6.179,1287869
6.182,1287869
6.182,1287869
6.184,1287869
6.184,1287869
6.185,1287869
6.186,1287869
6.186,1287869
6.187,1287869
6.187,1287869
6.191,1287869
6.191,1287869
6.192,1287869
6.193,1287869
6.194,1287869
6.2,1287869
6.201,1287869
6.205,1287869
6.212,1287869
6.216,1287869
6.222,1287869
6.225,1287869
6.227,1287869
6.234,1287869
6.239,1287869
6.24,1287869
6.241,1287869
6.242,1287869
6.243,1287869
6.253,1287869
6.254,1287869
6.26,1287869
6.266,1287869
6.27,1287869
6.27,1287869
6.272,1287869
6.272,1287869
6.275,1287869
6.277,1287869
6.278,1287869
6.279,1287869
6.28,1287869
6.283,1287869
6.283,1287869
6.285,1287869
6.286,1287869
6.287,1287869
6.289,1287869
6.292,1287869
6.295,1287869
6.302,1287869
6.302,1287869
6.303,1287869
6.303,1287869
6.303,1287869
6.306,1287869
6.31,1287869
6.311,1287869
6.311,1287869
6.313,1287869
6.313,1287869
6.314,1287869
6.316,1287869
6.317,1287869
6.322,1287869
6.324,1287869
6.324,1287869
6.324,1287869
6.325,1287869
6.33,1287869
6.331,1287869
6.331,1287869
6.332,1287869
6.332,1287869
6.333,1287869
6.334,1287869
6.334,1287869
6.338,1287869
6.34,1287869
6.341,1287869
6.346,1287869
6.348,1287869
6.35,1287869
6.351,1287869
6.354,1287869
6.357,1287869
6.36,1287869
6.361,1287869
6.362,1287869
6.364,1287869
6.368,1287869
6.37,1287869
6.373,1287869
6.373,1287869
6.375,1287869
6.375,1287869
6.375,1287869
6.379,1287869
6.38,1287869
6.382,1287869
6.383,1287869
6.387,1287869
6.387,1287869
6.387,1287869
6.391,1287869
6.393,1287869
6.395,1287869
6.399,1287869
6.402,1287869
6.404,1287869
6.405,1287869
6.406,1287869
6.41,1287869
6.417,1287869
6.422,1287869
6.422,1287869
6.429,1287869
6.43,1287869
6.433,1287869
6.436,1287869
6.437,1287869
6.437,1287869
6.441,1287869
6.442,1287869
6.443,1287869
6.451,1287869
6.452,1287869
6.453,1287869
6.458,1287869
6.461,1287869
6.461,1287869
6.462,1287869
6.463,1287869
6.465,1287869
6.466,1287869
6.467,1287869
6.469,1287869
6.469,1287869
6.477,1287869
6.478,1287869
6.482,1287869
6.484,1287869
6.485,1287869
6.491,1287869
6.492,1287869
6.504,1287869
6.504,1287869
6.504,1287869
6.507,1287869
6.509,1287869
6.512,1287869
6.513,1287869
6.513,1287869
6.52,1287869
6.522,1287869
6.524,1287869
6.526,1287869
6.53,1287869
6.532,1287869
6.54,1287869
6.548,1287869
6.554,1287869
6.56,1287869
6.565,1287869
6.568,1287869
6.571,1287869
6.574,1287869
6.579,1287869
6.581,1287869
6.582,1287869
6.583,1287869
6.587,1287869
6.592,1287869
6.594,1287869
6.594,1287869
6.596,1287869
6.597,1287869
6.599,1287869
6.605,1287869
6.607,1287869
6.61,1287869
6.611,1287869
6.613,1287869
6.616,1287869
6.617,1287869
6.62,1287869
6.625,1287869
6.627,1287869
6.631,1287869
6.632,1287869
6.639,1287869
6.644,1287869
6.645,1287869
6.649,1287869
6.655,1287869
6.655,1287869
6.659,1287869
6.662,1287869
6.663,1287869
6.67,1287869
6.67,1287869
6.672,1287869
6.672,1287869
6.674,1287869
6.678,1287869
6.678,1287869
6.678,1287869
6.68,1287869
6.681,1287869
6.684,1287869
6.685,1287869
6.686,1287869
6.689,1287869
6.69,1287869
6.691,1287869
6.694,1287869
6.694,1287869
6.696,1287869
6.698,1287869
6.704,1287869
6.705,1287869
6.711,1287869
6.711,1287869
6.712,1287869
6.713,1287869
6.713,1287869
6.716,1287869
6.718,1287869
6.718,1287869
6.719,1287869
6.725,1287869
6.726,1287869
6.726,1287869
6.73,1287869
6.73,1287869
6.731,1287869
6.733,1287869
6.736,1287869
6.736,1287869
6.736,1287869
6.738,1287869
6.738,1287869
6.738,1287869
6.739,1287869
6.74,1287869
6.741,1287869
6.745,1287869
6.746,1287869
6.749,1287869
6.752,1287869
6.753,1287869
6.753,1287869
6.762,1287869
6.763,1287869
6.767,1287869
6.767,1287869
6.77,1287869
6.77,1287869
6.772,1287869
6.772,1287869
6.773,1287869
6.779,1287869
6.779,1287869
6.781,1287869
6.786,1287869
6.787,1287869
6.788,1287869
6.789,1287869
6.793,1287869
6.794,1287869
6.796,1287869
6.798,1287869
6.804,1287869
6.808,1287869
6.809,1287869
6.809,1287869
6.809,1287869
6.81,1287869
6.815,1287869
6.82,1287869
6.823,1287869
6.824,1287869
6.825,1287869
6.828,1287869
6.829,1287869
6.833,1287869
6.838,1287869
6.838,1287869
6.838,1287869
6.84,1287869
6.842,1287869
6.842,1287869
6.85,1287869
6.85,1287869
6.852,1287869
6.852,1287869
6.852,1287869
6.857,1287869
6.858,1287869
6.859,1287869
6.863,1287869
6.863,1287869
6.864,1287869
6.865,1287869
6.872,1287869
6.873,1287869
6.873,1287869
6.874,1287869
6.877,1287869
6.878,1287869
6.879,1287869
6.882,1287869
6.882,1287869
6.885,1287869
6.886,1287869
6.887,1287869
6.889,1287869
6.89,1287869
6.891,1287869
6.892,1287869
6.895,1287869
6.9,1287869
6.904,1287869
6.904,1287869
6.906,1287869
6.911,1287869
6.913,1287869
6.916,1287869
6.919,1287869
6.922,1287869
6.929,1287869
6.935,1287869
6.94,1287869
6.946,1287869
6.949,1287869
6.949,1287869
6.952,1287869
6.953,1287869
6.956,1287869
6.956,1287869
6.959,1287869
6.96,1287869
6.961,1287869
6.965,1287869
6.965,1287869
6.967,1287869
6.968,1287869
6.97,1287869
6.971,1287869
6.974,1287869
6.974,1287869
6.974,1287869
6.978,1287869
6.985,1287869
6.986,1287869
6.986,1287869
6.987,1287869
6.988,1287869
6.989,1287869
6.991,1287869
6.992,1287869
6.994,1287869
6.998,1287869
7,1287869
7.004,1287869
7.004,1287869
7.006,1287869
7.011,1287869
7.012,1287869
7.014,1287869
7.014,1287869
7.016,1287869
7.019,1287869
7.021,1287869
7.025,1287869
7.026,1287869
7.028,1287869
7.029,1287869
7.029,1287869
7.034,1287869
7.036,1287869
7.037,1287869
7.038,1287869
7.04,1287869
7.042,1287869
7.053,1287869
7.056,1287869
7.056,1287869
7.059,1287869
7.061,1287869
7.063,1287869
7.065,1287869
7.066,1287869
7.067,1287869
7.067,1287869
7.067,1287869
7.068,1287869
7.072,1287869
7.073,1287869
7.078,1287869
7.078,1287869
7.079,1287869
7.08,1287869
7.084,1287869
7.084,1287869
7.085,1287869
7.086,1287869
7.089,1287869
7.092,1287869
7.093,1287869
7.097,1287869
7.107,1287869
7.112,1287869
7.113,1287869
7.118,1287869
7.118,1287869
7.118,1287869
7.119,1287869
7.124,1287869
7.125,1287869
7.135,1287869
7.136,1287869
7.137,1287869
7.138,1287869
7.141,1287869
7.143,1287869
7.145,1287869
7.148,1287869
7.149,1287869
7.151,1287869
7.153,1287869
7.154,1287869
7.155,1287869
7.164,1287869
7.165,1287869
7.166,1287869
7.167,1287869
7.171,1287869
7.175,1287869
7.178,1287869
7.181,1287869
7.182,1287869
7.182,1287869
7.182,1287869
7.183,1287869
7.184,1287869
7.185,1287869
7.19,1287869
7.192,1287869
7.194,1287869
7.195,1287869
7.196,1287869
7.197,1287869
7.198,1287869
7.201,1287869
7.206,1287869
7.207,1287869
7.208,1287869
7.21,1287869
7.223,1287869
7.231,1287869
7.232,1287869
7.234,1287869
7.236,1287869
7.237,1287869
7.238,1287869
7.239,1287869
7.244,1287869
7.246,1287869
7.247,1287869
7.248,1287869
7.248,1287869
7.25,1287869
7.254,1287869
7.257,1287869
7.26,1287869
7.264,1287869
7.265,1287869
7.265,1287869
7.266,1287869
7.278,1287869
7.279,1287869
7.281,1287869
7.281,1287869
7.282,1287869
7.283,1287869
7.286,1287869
7.289,1287869
7.293,1287869
7.297,1287869
7.301,1287869
7.302,1287869
7.305,1287869
7.308,1287869
7.31,1287869
7.314,1287869
7.322,1287869
7.322,1287869
7.326,1287869
7.327,1287869
7.33,1287869
7.33,1287869
7.333,1287869
7.336,1287869
7.336,1287869
7.34,1287869
7.341,1287869
7.341,1287869
7.342,1287869
7.344,1287869
7.344,1287869
7.345,1287869
7.345,1287869
7.345,1287869
7.347,1287869
7.347,1287869
7.347,1287869
7.349,1287869
7.35,1287869
7.351,1287869
7.355,1287869
7.356,1287869
7.36,1287869
7.361,1287869
7.365,1287869
7.366,1287869
7.369,1287869
7.371,1287869
7.375,1287869
7.376,1287869
7.377,1287869
7.382,1287869
7.383,1287869
7.385,1287869
7.386,1287869
7.391,1287869
7.391,1287869
7.394,1287869
7.395,1287869
7.398,1287869
7.4,1287869
7.405,1287869
7.405,1287869
7.407,1287869
7.408,1287869
7.409,1287869
7.411,1287869
7.416,1287869
7.416,1287869
7.417,1287869
7.419,1287869
7.419,1287869
7.422,1287869
7.425,1287869
7.428,1287869
7.433,1287869
7.435,1287869
7.437,1287869
7.439,1287869
7.439,1287869
7.44,1287869
7.44,1287869
7.443,1287869
7.444,1287869
7.445,1287869
7.445,1287869
7.448,1287869
7.453,1287869
7.456,1287869
7.456,1287869
7.458,1287869
7.458,1287869
7.459,1287869
7.46,1287869
7.462,1287869
7.463,1287869
7.463,1287869
7.465,1287869
7.468,1287869
7.47,1287869
7.479,1287869
7.483,1287869
7.485,1287869
7.487,1287869
7.489,1287869
7.492,1287869
7.493,1287869
7.495,1287869
7.499,1287869
7.51,1287869
7.51,1287869
7.511,1287869
7.512,1287869
7.515,1287869
7.517,1287869
7.518,1287869
7.522,1287869
7.523,1287869
7.525,1287869
7.525,1287869
7.526,1287869
7.531,1287869
7.533,1287869
7.535,1287869
7.536,1287869
7.537,1287869
7.537,1287869
7.537,1287869
7.539,1287869
7.54,1287869
7.54,1287869
7.541,1287869
7.543,1287869
7.543,1287869
7.546,1287869
7.548,1287869
7.548,1287869
7.554,1287869
7.558,1287869
7.564,1287869
7.567,1287869
7.569,1287869
7.574,1287869
7.574,1287869
7.574,1287869
7.577,1287869
7.579,1287869
7.579,1287869
7.588,1287869
7.599,1287869
7.599,1287869
7.602,1287869
7.603,1287869
7.604,1287869
7.61,1287869
7.613,1287869
7.617,1287869
7.617,1287869
7.618,1287869
7.619,1287869
7.622,1287869
7.623,1287869
7.625,1287869
7.627,1287869
7.629,1287869
7.634,1287869
7.636,1287869
7.637,1287869
7.639,1287869
7.64,1287869
7.65,1287869
7.651,1287869
7.651,1287869
7.653,1287869
7.655,1287869
7.655,1287869
7.657,1287869
7.66,1287869
7.665,1287869
7.666,1287869
7.675,1287869
7.675,1287869
7.676,1287869
7.676,1287869
7.678,1287869
7.682,1287869
7.689,1287869
7.69,1287869
7.694,1287869
7.696,1287869
7.698,1287869
7.707,1287869
7.707,1287869
7.712,1287869
7.72,1287869
7.721,1287869
7.722,1287869
7.725,1287869
7.727,1287869
7.728,1287869
7.729,1287869
7.731,1287869
7.734,1287869
7.734,1287869
7.734,1287869
7.743,1287869
7.745,1287869
7.754,1287869
7.755,1287869
7.756,1287869
7.757,1287869
7.759,1287869
7.763,1287869
7.765,1287869
7.766,1287869
7.769,1287869
7.769,1287869
7.771,1287869
7.776,1287869
7.779,1287869
7.782,1287869
7.784,1287869
7.785,1287869
7.785,1287869
7.786,1287869
7.79,1287869
7.797,1287869
7.802,1287869
7.802,1287869
7.804,1287869
7.805,1287869
7.805,1287869
7.807,1287869
7.807,1287869
7.809,1287869
7.811,1287869
7.815,1287869
7.819,1287869
7.82,1287869
7.821,1287869
7.823,1287869
7.824,1287869
7.826,1287869
7.827,1287869
7.828,1287869
7.83,1287869
7.835,1287869
7.835,1287869
7.837,1287869
7.839,1287869
7.848,1287869
7.85,1287869
7.851,1287869
7.852,1287869
7.853,1287869
7.855,1287869
7.857,1287869
7.857,1287869
7.857,1287869
7.86,1287869
7.861,1287869
7.861,1287869
7.862,1287869
7.865,1287869
7.871,1287869
7.871,1287869
7.874,1287869
7.886,1287869
7.89,1287869
7.893,1287869
7.896,1287869
7.898,1287869
7.899,1287869
7.9,1287869
7.901,1287869
7.902,1287869
7.912,1287869
7.914,1287869
7.916,1287869
7.923,1287869
7.924,1287869
7.925,1287869
7.926,1287869
7.928,1287869
7.93,1287869
7.932,1287869
7.933,1287869
7.934,1287869
7.937,1287869
7.938,1287869
7.938,1287869
7.939,1287869
7.94,1287869
7.942,1287869
7.943,1287869
7.958,1287869
7.959,1287869
7.96,1287869
7.963,1287869
7.963,1287869
7.969,1287869
7.975,1287869
7.989,1287869
7.99,1287869
7.99,1287869
7.995,1287869
7.996,1287869
7.997,1287869
7.998,1287869
7.998,1287869
7.998,1287869
8.002,1287869
8.003,1287869
8.005,1287869
8.009,1287869
8.009,1287869
8.009,1287869
8.011,1287869
8.012,1287869
8.015,1287869
8.018,1287869
8.026,1287869
8.028,1287869
8.028,1287869
8.029,1287869
8.03,1287869
8.035,1287869
8.036,1287869
8.038,1287869
8.039,1287869
8.041,1287869
8.042,1287869
8.044,1287869
8.047,1287869
8.048,1287869
8.049,1287869
8.051,1287869
8.053,1287869
8.055,1287869
8.056,1287869
8.061,1287869
8.065,1287869
8.07,1287869
8.077,1287869
8.08,1287869
8.081,1287869
8.084,1287869
8.086,1287869
8.087,1287869
8.088,1287869
8.091,1287869
8.091,1287869
8.1,1287869
8.111,1287869
8.115,1287869
8.121,1287869
8.121,1287869
8.122,1287869
8.122,1287869
8.123,1287869
8.124,1287869
8.126,1287869
8.134,1287869
8.134,1287869
8.135,1287869
8.136,1287869
8.14,1287869
8.142,1287869
8.143,1287869
8.146,1287869
8.149,1287869
8.15,1287869
8.152,1287869
8.158,1287869
8.16,1287869
8.16,1287869
8.164,1287869
8.164,1287869
8.164,1287869
8.165,1287869
8.165,1287869
8.165,1287869
8.166,1287869
8.167,1287869
8.168,1287869
8.168,1287869
8.173,1287869
8.175,1287869
8.176,1287869
8.178,1287869
8.187,1287869
8.187,1287869
8.197,1287869
8.198,1287869
8.201,1287869
8.204,1287869
8.205,1287869
8.209,1287869
8.219,1287869
8.219,1287869
8.22,1287869
8.221,1287869
8.227,1287869
8.232,1287869
8.235,1287869
8.236,1287869
8.242,1287869
8.244,1287869
8.248,1287869
8.248,1287869
8.249,1287869
8.249,1287869
8.249,1287869
8.251,1287869
8.258,1287869
8.26,1287869
8.261,1287869
8.267,1287869
8.276,1287869
8.278,1287869
8.278,1287869
8.281,1287869
8.285,1287869
8.287,1287869
8.296,1287869
8.296,1287869
8.297,1287869
8.3,1287869
8.302,1287869
8.305,1287869
8.316,1287869
8.317,1287869
8.317,1287869
8.321,1287869
8.322,1287869
8.322,1287869
8.323,1287869
8.325,1287869
8.33,1287869
8.332,1287869
8.332,1287869
8.333,1287869
8.333,1287869
8.334,1287869
8.335,1287869
8.347,1287869
8.35,1287869
8.352,1287869
8.354,1287869
8.362,1287869
8.365,1287869
8.366,1287869
8.369,1287869
8.371,1287869
8.381,1287869
8.382,1287869
8.383,1287869
8.389,1287869
8.391,1287869
8.392,1287869
8.393,1287869
8.393,1287869
8.395,1287869
8.398,1287869
8.405,1287869
8.409,1287869
8.41,1287869
8.418,1287869
8.424,1287869
8.428,1287869
8.429,1287869
8.431,1287869
8.435,1287869
8.435,1287869
8.437,1287869
8.44,1287869
8.441,1287869
8.443,1287869
8.446,1287869
8.446,1287869
8.453,1287869
8.453,1287869
8.454,1287869
8.455,1287869
8.457,1287869
8.457,1287869
8.458,1287869
8.458,1287869
8.459,1287869
8.464,1287869
8.466,1287869
8.469,1287869
8.471,1287869
8.472,1287869
8.479,1287869
8.482,1287869
8.486,1287869
8.493,1287869
8.5,1287869
8.503,1287869
8.504,1287869
8.516,1287869
8.517,1287869
8.518,1287869
8.519,1287869
8.527,1287869
8.528,1287869
8.528,1287869
8.529,1287869
8.53,1287869
8.531,1287869
8.533,1287869
8.539,1287869
8.54,1287869
8.543,1287869
8.549,1287869
8.552,1287869
8.555,1287869
8.562,1287869
8.567,1287869
8.568,1287869
8.57,1287869
8.571,1287869
8.577,1287869
8.578,1287869
8.58,1287869
8.58,1287869
8.58,1287869
8.581,1287869
8.585,1287869
8.586,1287869
8.591,1287869
8.592,1287869
8.593,1287869
8.596,1287869
8.598,1287869
8.598,1287869
8.601,1287869
8.608,1287869
8.608,1287869
8.608,1287869
8.61,1287869
8.623,1287869
8.625,1287869
8.626,1287869
8.628,1287869
8.629,1287869
8.63,1287869
8.639,1287869
8.651,1287869
8.651,1287869
8.652,1287869
8.655,1287869
8.657,1287869
8.657,1287869
8.657,1287869
8.666,1287869
8.666,1287869
8.667,1287869
8.669,1287869
8.67,1287869
8.672,1287869
8.672,1287869
8.675,1287869
8.678,1287869
8.678,1287869
8.68,1287869
8.682,1287869
8.684,1287869
8.686,1287869
8.688,1287869
8.694,1287869
8.695,1287869
8.696,1287869
8.699,1287869
8.702,1287869
8.702,1287869
8.703,1287869
8.704,1287869
8.705,1287869
8.705,1287869
8.706,1287869
8.707,1287869
8.728,1287869
8.729,1287869
8.731,1287869
8.732,1287869
8.734,1287869
8.736,1287869
8.739,1287869
8.74,1287869
8.741,1287869
8.743,1287869
8.744,1287869
8.746,1287869
8.758,1287869
8.769,1287869
8.77,1287869
8.77,1287869
8.771,1287869
8.773,1287869
8.776,1287869
8.78,1287869
8.785,1287869
8.785,1287869
8.786,1287869
8.789,1287869
8.79,1287869
8.792,1287869
8.794,1287869
8.795,1287869
8.803,1287869
8.806,1287869
8.807,1287869
8.813,1287869
8.814,1287869
8.819,1287869
8.819,1287869
8.82,1287869
8.821,1287869
8.827,1287869
8.827,1287869
8.828,1287869
8.828,1287869
8.828,1287869
8.83,1287869
8.834,1287869
8.834,1287869
8.835,1287869
8.845,1287869
8.851,1287869
8.854,1287869
8.855,1287869
8.859,1287869
8.859,1287869
8.862,1287869
8.864,1287869
8.864,1287869
8.866,1287869
8.868,1287869
8.868,1287869
8.88,1287869
8.882,1287869
8.884,1287869
8.888,1287869
8.89,1287869
8.892,1287869
8.897,1287869
8.898,1287869
8.9,1287869
8.904,1287869
8.904,1287869
8.904,1287869
8.904,1287869
8.913,1287869
8.913,1287869
8.913,1287869
8.915,1287869
8.917,1287869
8.919,1287869
8.919,1287869
8.92,1287869
8.92,1287869
8.921,1287869
8.927,1287869
8.93,1287869
8.93,1287869
8.931,1287869
8.938,1287869
8.939,1287869
8.94,1287869
8.941,1287869
8.941,1287869
8.945,1287869
8.952,1287869
8.954,1287869
8.955,1287869
8.957,1287869
8.961,1287869
8.962,1287869
8.964,1287869
8.966,1287869
8.968,1287869
8.971,1287869
8.974,1287869
8.974,1287869
8.985,1287869
8.989,1287869
8.99,1287869
8.997,1287869
8.999,1287869
9.001,1287869
9.002,1287869
9.003,1287869
9.009,1287869
9.01,1287869
9.01,1287869
9.013,1287869
9.013,1287869
9.016,1287869
9.018,1287869
9.023,1287869
9.024,1287869
9.027,1287869
9.031,1287869
9.032,1287869
9.044,1287869
9.045,1287869
9.048,1287869
9.053,1287869
9.053,1287869
9.056,1287869
9.057,1287869
9.063,1287869
9.063,1287869
9.066,1287869
9.067,1287869
9.071,1287869
9.073,1287869
9.073,1287869
9.075,1287869
9.076,1287869
9.081,1287869
9.082,1287869
9.083,1287869
9.084,1287869
9.084,1287869
9.086,1287869
9.087,1287869
9.087,1287869
9.089,1287869
9.093,1287869
9.094,1287869
9.097,1287869
9.102,1287869
9.103,1287869
9.109,1287869
9.112,1287869
9.114,1287869
9.117,1287869
9.124,1287869
9.125,1287869
9.126,1287869
9.129,1287869
9.132,1287869
9.133,1287869
9.136,1287869
9.14,1287869
9.145,1287869
9.147,1287869
9.147,1287869
9.148,1287869
9.148,1287869
9.149,1287869
9.157,1287869
9.162,1287869
9.166,1287869
9.17,1287869
9.171,1287869
9.171,1287869
9.174,1287869
9.177,1287869
9.18,1287869
9.187,1287869
9.191,1287869
9.193,1287869
9.198,1287869
9.201,1287869
9.201,1287869
9.201,1287869
9.202,1287869
9.205,1287869
9.209,1287869
9.21,1287869
9.211,1287869
9.212,1287869
9.216,1287869
9.22,1287869
9.222,1287869
9.229,1287869
9.229,1287869
9.235,1287869
9.238,1287869
9.239,1287869
9.244,1287869
9.244,1287869
9.246,1287869
9.247,1287869
9.249,1287869
9.25,1287869
9.257,1287869
9.259,1287869
9.259,1287869
9.27,1287869
9.271,1287869
9.271,1287869
9.272,1287869
9.273,1287869
9.274,1287869
9.276,1287869
9.282,1287869
9.284,1287869
9.286,1287869
9.286,1287869
9.288,1287869
9.288,1287869
9.29,1287869
9.293,1287869
9.294,1287869
9.296,1287869
9.298,1287869
9.299,1287869
9.31,1287869
9.313,1287869
9.314,1287869
9.318,1287869
9.319,1287869
9.322,1287869
9.323,1287869
9.323,1287869
9.325,1287869
9.325,1287869
9.325,1287869
9.332,1287869
9.333,1287869
9.334,1287869
9.334,1287869
9.337,1287869
9.34,1287869
9.342,1287869
9.342,1287869
9.343,1287869
9.344,1287869
9.345,1287869
9.348,1287869
9.349,1287869
9.356,1287869
9.358,1287869
9.36,1287869
9.361,1287869
9.362,1287869
9.362,1287869
9.363,1287869
9.363,1287869
9.364,1287869
9.367,1287869
9.368,1287869
9.372,1287869
9.372,1287869
9.373,1287869
9.378,1287869
9.379,1287869
9.388,1287869
9.394,1287869
9.394,1287869
9.395,1287869
9.397,1287869
9.397,1287869
9.397,1287869
9.398,1287869
9.4,1287869
9.4,1287869
9.407,1287869
9.416,1287869
9.417,1287869
9.421,1287869
9.422,1287869
9.423,1287869
9.426,1287869
9.427,1287869
9.427,1287869
9.429,1287869
9.429,1287869
9.43,1287869
9.431,1287869
9.431,1287869
9.432,1287869
9.437,1287869
9.438,1287869
9.438,1287869
9.439,1287869
9.441,1287869
9.442,1287869
9.444,1287869
9.444,1287869
9.444,1287869
9.445,1287869
9.448,1287869
9.451,1287869
9.452,1287869
9.457,1287869
9.458,1287869
9.462,1287869
9.465,1287869
9.467,1287869
9.469,1287869
9.47,1287869
9.473,1287869
9.473,1287869
9.475,1287869
9.475,1287869
9.476,1287869
9.478,1287869
9.482,1287869
9.482,1287869
9.489,1287869
9.489,1287869
9.492,1287869
9.495,1287869
9.496,1287869
9.496,1287869
9.496,1287869
9.498,1287869
9.499,1287869
9.501,1287869
9.505,1287869
9.506,1287869
9.506,1287869
9.506,1287869
9.508,1287869
9.51,1287869
9.514,1287869
9.517,1287869
9.522,1287869
9.531,1287869
9.532,1287869
9.533,1287869
9.533,1287869
9.534,1287869
9.537,1287869
9.538,1287869
9.541,1287869
9.542,1287869
9.542,1287869
9.543,1287869
9.548,1287869
9.552,1287869
9.552,1287869
9.553,1287869
9.557,1287869
9.557,1287869
9.559,1287869
9.559,1287869
9.561,1287869
9.563,1287869
9.564,1287869
9.566,1287869
9.566,1287869
9.567,1287869
9.58,1287869
9.58,1287869
9.583,1287869
9.585,1287869
9.586,1287869
9.592,1287869
9.593,1287869
9.593,1287869
9.595,1287869
9.596,1287869
9.597,1287869
9.597,1287869
9.598,1287869
9.604,1287869
9.605,1287869
9.606,1287869
9.607,1287869
9.61,1287869
9.612,1287869
9.613,1287869
9.615,1287869
9.617,1287869
9.619,1287869
9.619,1287869
9.623,1287869
9.623,1287869
9.626,1287869
9.629,1287869
9.63,1287869
9.64,1287869
9.64,1287869
9.641,1287869
9.641,1287869
9.641,1287869
9.643,1287869
9.643,1287869
9.647,1287869
9.649,1287869
9.66,1287869
9.66,1287869
9.663,1287869
9.664,1287869
9.664,1287869
9.672,1287869
9.674,1287869
9.675,1287869
9.676,1287869
9.676,1287869
9.676,1287869
9.679,1287869
9.68,1287869
9.681,1287869
9.686,1287869
9.689,1287869
9.69,1287869
9.69,1287869
9.69,1287869
9.691,1287869
9.693,1287869
9.7,1287869
9.7,1287869
9.702,1287869
9.702,1287869
9.706,1287869
9.709,1287869
9.711,1287869
9.712,1287869
9.717,1287869
9.72,1287869
9.722,1287869
9.724,1287869
9.727,1287869
9.729,1287869
9.73,1287869
9.731,1287869
9.738,1287869
9.75,1287869
9.751,1287869
9.751,1287869
9.752,1287869
9.753,1287869
9.754,1287869
9.756,1287869
9.758,1287869
9.768,1287869
9.769,1287869
9.77,1287869
9.78,1287869
9.781,1287869
9.789,1287869
9.79,1287869
9.791,1287869
9.795,1287869
9.8,1287869
9.803,1287869
9.803,1287869
9.805,1287869
9.806,1287869
9.811,1287869
9.816,1287869
9.817,1287869
9.819,1287869
9.82,1287869
9.822,1287869
9.825,1287869
9.825,1287869
9.831,1287869
9.833,1287869
9.833,1287869
9.836,1287869
9.838,1287869
9.841,1287869
9.841,1287869
9.842,1287869
9.844,1287869
9.846,1287869
9.848,1287869
9.854,1287869
9.854,1287869
9.857,1287869
9.86,1287869
9.862,1287869
9.865,1287869
9.869,1287869
9.871,1287869
9.873,1287869
9.876,1287869
9.878,1287869
9.878,1287869
9.879,1287869
9.881,1287869
9.881,1287869
9.881,1287869
9.882,1287869
9.883,1287869
9.883,1287869
9.884,1287869
9.886,1287869
9.886,1287869
9.888,1287869
9.889,1287869
9.889,1287869
9.892,1287869
9.894,1287869
9.896,1287869
9.904,1287869
9.908,1287869
9.912,1287869
9.913,1287869
9.916,1287869
9.921,1287869
9.922,1287869
9.922,1287869
9.923,1287869
9.925,1287869
9.926,1287869
9.928,1287869
9.929,1287869
9.931,1287869
9.933,1287869
9.936,1287869
9.937,1287869
9.937,1287869
9.939,1287869
9.94,1287869
9.943,1287869
9.945,1287869
9.947,1287869
9.947,1287869
9.948,1287869
9.951,1287869
9.955,1287869
9.957,1287869
9.968,1287869
9.968,1287869
9.969,1287869
9.972,1287869
9.973,1287869
9.974,1287869
9.976,1287869
9.977,1287869
9.977,1287869
9.977,1287869
9.978,1287869
9.979,1287869
9.982,1287869
9.982,1287869
9.983,1287869
9.986,1287869
9.987,1287869
9.989,1287869
9.99,1287869
9.99,1287869
9.991,1287869
9.991,1287869
9.993,1287869
9.993,1287869
9.996,1287869
