0.020000,1412118
0.020000,1407932
0.020000,1407780
0.020000,1391159
0.020000,1390567
0.020000,1321881
0.020000,1321858
0.020000,1314770
0.030000,1314657
0.031000,1314515
0.032000,1312966
0.033000,1312728
0.035000,1311932
0.036000,1311756
0.037000,1311414
0.038000,1310091
0.039000,1308912
0.041000,1308657
0.042000,1307580
0.044000,1302687
0.045000,1301938
0.047000,1301543
0.072000,1260583
0.072000,1260111
0.082000,1259304
0.082000,1258823
0.082000,1257086
0.405000,1255383
0.406000,1252929
0.407000,1249944
0.408000,1249695
0.409000,1249597
0.654000,1249473
0.795000,1244647
0.797000,1241913
0.799000,1241370
0.801000,1240872
0.802000,1240623
0.803000,1239967
0.804000,1239562
0.805000,1239355
1.017000,1235389
1.018000,1233326
1.019000,1212978
1.020000,1212740
1.021000,1210775
1.023000,1206367
1.024000,1206113
1.025000,1205110
1.027000,1204714
1.289000,1203103
1.290000,1202670
1.291000,1202133
2.082000,1186651
2.082000,1186052
2.082000,1183502
2.092000,1183198
2.092000,1182699
2.092000,1182650
2.092000,1182402
2.092000,1181746
2.092000,1181340
2.092000,1181134
6.282000,1181005
6.282000,1180406
22.649000,1180207
22.649000,1179802
22.649000,1179595
387.596000,1179075
387.596000,1178239
387.596000,1177523
