0.000000,1317767
0.000000,1316580
0.000000,1300456
0.000000,1299133
0.000000,1295414
0.000000,1295176
0.000000,1292410
0.000000,1292387
0.000000,1287024
0.000000,1286546
0.000000,1286394
0.000000,1286140
0.000000,1285744
0.000000,1285023
0.000000,1270334
0.000000,1268271
0.000000,1264839
0.000000,1245225
0.000000,1245116
0.000000,1240420
0.000000,1239760
0.000000,1238556
0.000000,1227151
0.000000,1227103
0.015000,1226100
0.015000,1224837
0.015000,1224389
0.015000,1223322
0.015000,1223067
0.015000,1222671
0.046000,1205733
0.046000,1204926
0.046000,1204688
0.046000,1204433
0.046000,1204037
0.202000,1194947
0.202000,1191205
0.202000,1189529
0.202000,1189122
0.202000,1188523
0.202000,1187573
0.202000,1187397
0.202000,1184411
0.202000,1183575
0.202000,1182252
0.202000,1182004
0.202000,1181905
0.905000,1180038
6.906000,1179595
427.863000,1179536
455.591000,1179357
455.591000,1177492
455.591000,1176776
