0.000000,1305083
0.000000,1304845
0.000000,1301607
0.000000,1301134
0.000000,1299811
0.000000,1283687
0.000000,1278238
0.000000,1271322
0.000000,1260921
0.000000,1256843
0.000000,1256588
0.000000,1250583
0.000000,1248114
0.000000,1231391
0.000000,1230876
0.000000,1230480
0.000000,1227523
0.016000,1227396
0.016000,1225659
0.016000,1225178
0.016000,1221580
0.016000,1221568
0.016000,1221092
0.016000,1209731
0.016000,1207299
0.016000,1202582
0.016000,1202067
0.016000,1196619
0.016000,1196142
0.016000,1195152
0.016000,1194316
0.016000,1193510
0.016000,1193429
0.016000,1188536
0.016000,1188409
0.016000,1187928
0.016000,1187328
0.016000,1184778
0.016000,1184475
0.016000,1184452
0.016000,1183954
0.016000,1183476
0.016000,1183375
0.016000,1182003
0.016000,1181796
0.078000,1180396
6.328000,1180153
10.749000,1180123
22.949000,1180038
35.383000,1179595
101.419000,1179536
