0.044,9797429
0.044,9746706
0.044,9683172
0.044,9668601
0.045,9663223
0.045,9628907
0.045,9604297
0.045,9570647
0.045,9499983
0.045,9499143
0.045,9497799
0.045,9478710
0.045,9429547
0.045,9425144
0.045,9425017
0.045,9425017
0.046,9416671
0.046,9408388
0.046,9408198
0.046,9404964
0.046,9296538
0.046,9093435
0.046,9080047
0.046,9074767
0.046,8926048
0.047,8790333
0.047,8764609
0.047,8718933
0.047,8694771
0.047,8690032
0.047,8630009
0.048,8620023
0.048,8608400
0.048,8481105
0.048,8475963
0.048,8466559
0.048,8466105
0.048,8464058
0.049,8464058
0.049,8267172
0.049,8245160
0.049,8213648
0.049,8211624
0.049,8205831
0.049,8200229
0.05,8163562
0.05,8074508
0.05,8068252
0.05,7980431
0.05,7953483
0.05,7894617
0.05,7837652
0.05,7830317
0.05,7816233
0.05,7770102
0.051,7755765
0.051,7715751
0.051,7714322
0.051,7651720
0.051,7610985
0.051,7389712
0.051,7388832
0.051,7363725
0.052,7351190
0.052,7344323
0.052,7215098
0.052,7145467
0.052,7125261
0.052,7013717
0.053,7012533
0.053,6968105
0.053,6824141
0.053,6815983
0.053,6815983
0.053,6726717
0.053,6615489
0.054,6544377
0.054,6540855
0.054,6524268
0.054,6520310
0.054,6419554
0.055,6403074
0.055,6401699
0.055,6401699
0.055,6313109
0.055,6241334
0.055,6235111
0.056,6235111
0.056,6129632
0.056,6127362
0.056,6126238
0.056,5988717
0.056,5986426
0.056,5868410
0.057,5816680
0.057,5813003
0.057,5807886
0.057,5735866
0.057,5712049
0.058,5674103
0.058,5655423
0.058,5654999
0.058,5652103
0.058,5618490
0.058,5564525
0.059,5561006
0.059,5553218
0.059,5551035
0.059,5522412
0.06,5522371
0.06,5507496
0.06,5498921
0.061,5471801
0.061,5468670
0.061,5442443
0.061,5435358
0.061,5426882
0.062,5291034
0.062,5238621
0.062,5232973
0.062,5231749
0.062,5213029
0.063,5207276
0.063,5178421
0.063,5177978
0.063,5173306
0.063,5068226
0.064,5068226
0.064,5064979
0.064,5062817
0.064,4981819
0.064,4980538
0.064,4980283
0.065,4932502
0.065,4929330
0.066,4854438
0.066,4824657
0.066,4802508
0.068,4790247
0.068,4790221
0.068,4748844
0.069,4747616
0.069,4683740
0.069,4683740
0.07,4507293
0.071,4464523
0.071,4462051
0.071,4457749
0.071,4454512
0.071,4452194
0.072,4404719
0.072,4404719
0.072,4404270
0.072,4404270
0.072,4388211
0.073,4383686
0.074,4352146
0.074,4352050
0.074,4320430
0.075,4312560
0.075,4231257
0.075,4227654
0.075,4227578
0.076,4227578
0.076,4188751
0.076,4179826
0.076,4179826
0.077,4178343
0.077,4177414
0.077,4173214
0.078,4173214
0.078,4163392
0.078,4162635
0.079,4135602
0.079,4121651
0.079,4112626
0.08,4112617
0.08,4112617
0.08,4112617
0.08,4112617
0.08,4110244
0.082,4102982
0.082,4102982
0.082,4060282
0.083,3953623
0.083,3949225
0.083,3919904
0.083,3861963
0.083,3860855
0.084,3849513
0.084,3849126
0.085,3848747
0.085,3831645
0.085,3816534
0.085,3816534
0.085,3816534
0.086,3815617
0.086,3814920
0.087,3807139
0.087,3790505
0.087,3787918
0.088,3787918
0.088,3787479
0.088,3667298
0.088,3601354
0.089,3601354
0.089,3591481
0.09,3536924
0.091,3523138
0.092,3522870
0.093,3514999
0.093,3511582
0.093,3511582
0.094,3482120
0.094,3453558
0.095,3453558
0.095,3453558
0.095,3442391
0.096,3441876
0.096,3415812
0.096,3415812
0.097,3360785
0.098,3356833
0.099,3335289
0.099,3257077
0.099,3256350
0.101,3238650
0.102,3235556
0.103,3225571
0.104,3161322
0.104,3159387
0.105,3135952
0.105,3135597
0.106,3135597
0.106,3135540
0.107,3135137
0.107,3135137
0.107,3118830
0.107,3095682
0.107,3095682
0.108,3011824
0.108,3011536
0.108,3011536
0.109,3009571
0.109,3009435
0.11,3009435
0.111,2990721
0.111,2971782
0.112,2971782
0.112,2955368
0.113,2954914
0.113,2954914
0.113,2954914
0.113,2954914
0.115,2873826
0.117,2871554
0.117,2792940
0.118,2791507
0.118,2791507
0.118,2780990
0.118,2750661
0.119,2750561
0.12,2750561
0.121,2750561
0.121,2698160
0.122,2661911
0.123,2661911
0.123,2661911
0.123,2661911
0.124,2661911
0.126,2661607
0.127,2659657
0.128,2656682
0.131,2642803
0.134,2632301
0.135,2618435
0.135,2610523
0.136,2610193
0.136,2559660
0.138,2551297
0.139,2551297
0.14,2541055
0.14,2540676
0.14,2540255
0.141,2539966
0.141,2470874
0.143,2466057
0.143,2452245
0.144,2444428
0.144,2443694
0.146,2443694
0.146,2433371
0.146,2419581
0.147,2418002
0.148,2414504
0.149,2408687
0.15,2408687
0.15,2408687
0.151,2408687
0.152,2408687
0.154,2408687
0.154,2408687
0.155,2408687
0.156,2408687
0.157,2396377
0.158,2396377
0.158,2396377
0.159,2396377
0.164,2396377
0.164,2395900
0.164,2395900
0.165,2395900
0.165,2395900
0.166,2391821
0.166,2391753
0.168,2391130
0.168,2391130
0.168,2391130
0.168,2391130
0.169,2384983
0.169,2384983
0.169,2384983
0.174,2384983
0.176,2384983
0.178,2377240
0.179,2377240
0.18,2377240
0.18,2377240
0.181,2375423
0.181,2375423
0.184,2363488
0.184,2363488
0.186,2363474
0.187,2363474
0.187,2363474
0.187,2362187
0.188,2260545
0.189,2260545
0.19,2258877
0.191,2258877
0.192,2247260
0.194,2247260
0.195,2220802
0.196,2219997
0.196,2217398
0.198,2201535
0.2,2163980
0.201,2162911
0.202,2149812
0.203,2148214
0.203,2143687
0.206,2143687
0.207,2140875
0.207,2108648
0.207,2108648
0.207,2105601
0.208,2097618
0.21,2081860
0.211,2038580
0.213,2038580
0.213,2037888
0.215,2037888
0.217,2018551
0.218,2018551
0.218,2004654
0.219,2004654
0.222,1991245
0.223,1990791
0.224,1990791
0.224,1990791
0.226,1990791
0.228,1990791
0.228,1989501
0.228,1965207
0.229,1965207
0.23,1965207
0.231,1948951
0.231,1948951
0.231,1948951
0.232,1948951
0.232,1948951
0.232,1948951
0.232,1948951
0.232,1937433
0.234,1937033
0.236,1933913
0.236,1933913
0.236,1933913
0.237,1933913
0.237,1927602
0.238,1906447
0.239,1906447
0.24,1903794
0.241,1903144
0.242,1903144
0.242,1903144
0.242,1886810
0.242,1873400
0.243,1872035
0.246,1871244
0.247,1862475
0.25,1852752
0.251,1850242
0.252,1849253
0.253,1849253
0.253,1849253
0.255,1849184
0.256,1849184
0.257,1848922
0.258,1848562
0.259,1848263
0.259,1848113
0.26,1844293
0.261,1844293
0.263,1844293
0.263,1843591
0.264,1843591
0.265,1843591
0.267,1841477
0.268,1833043
0.268,1833043
0.269,1832117
0.269,1832117
0.273,1832117
0.273,1805938
0.277,1805728
0.277,1805728
0.277,1798509
0.278,1798509
0.278,1798303
0.279,1797212
0.279,1797212
0.281,1783614
0.282,1783614
0.284,1782778
0.284,1782778
0.284,1782778
0.285,1782778
0.286,1782778
0.286,1782743
0.288,1782743
0.289,1782743
0.292,1782743
0.293,1782692
0.293,1782692
0.296,1782692
0.299,1782692
0.301,1782323
0.301,1782323
0.302,1780734
0.303,1780734
0.31,1764343
0.313,1764343
0.313,1753345
0.314,1748516
0.314,1748516
0.315,1723746
0.317,1723746
0.32,1723746
0.323,1723746
0.324,1723746
0.326,1722605
0.329,1722605
0.329,1722605
0.329,1722605
0.33,1722605
0.335,1683960
0.336,1683960
0.338,1683960
0.339,1673117
0.34,1657429
0.342,1657429
0.343,1657429
0.345,1655665
0.345,1655665
0.348,1654684
0.348,1654684
0.348,1654684
0.349,1654684
0.349,1654684
0.349,1618603
0.351,1618603
0.351,1618603
0.354,1618603
0.354,1606814
0.355,1606726
0.355,1606251
0.356,1606251
0.357,1606251
0.357,1606251
0.358,1606251
0.365,1603844
0.366,1603844
0.366,1603844
0.368,1603844
0.369,1603844
0.369,1603844
0.37,1603844
0.37,1603844
0.372,1603844
0.372,1603844
0.373,1598183
0.374,1598183
0.374,1597427
0.376,1588448
0.377,1588448
0.379,1588448
0.382,1588448
0.384,1588448
0.387,1586016
0.387,1586016
0.389,1586016
0.389,1586016
0.39,1586016
0.391,1583231
0.392,1582512
0.393,1582512
0.394,1581335
0.395,1581335
0.396,1571957
0.397,1551767
0.399,1551767
0.4,1551767
0.401,1551767
0.402,1551767
0.403,1551767
0.404,1551767
0.404,1551767
0.406,1551767
0.406,1551767
0.417,1551767
0.42,1551767
0.421,1551767
0.422,1551767
0.426,1551767
0.426,1551767
0.431,1520673
0.438,1520673
0.44,1520673
0.44,1520673
0.441,1512254
0.442,1512254
0.443,1506474
0.446,1504608
0.447,1504608
0.447,1504608
0.448,1504608
0.449,1504608
0.454,1504608
0.455,1504608
0.456,1500990
0.456,1500990
0.457,1500990
0.457,1497890
0.458,1497890
0.459,1497890
0.459,1497890
0.459,1488164
0.465,1477880
0.466,1470844
0.467,1470844
0.468,1452431
0.47,1452431
0.472,1452431
0.472,1452431
0.472,1452431
0.473,1452431
0.475,1452368
0.481,1452368
0.482,1452368
0.483,1452368
0.483,1452368
0.485,1452368
0.487,1452368
0.488,1452368
0.493,1452368
0.493,1452368
0.493,1452368
0.497,1452368
0.497,1452368
0.499,1452368
0.501,1452299
0.503,1444116
0.509,1444116
0.511,1444116
0.512,1444116
0.513,1444116
0.524,1444116
0.525,1444116
0.528,1444116
0.529,1444116
0.529,1444116
0.532,1444116
0.538,1444116
0.54,1439529
0.54,1439529
0.541,1439529
0.541,1439529
0.541,1439529
0.543,1439529
0.544,1439529
0.548,1439529
0.55,1439058
0.553,1439058
0.557,1439058
0.558,1439058
0.558,1439058
0.563,1439058
0.568,1439058
0.572,1439058
0.574,1430276
0.576,1430276
0.582,1424425
0.585,1424425
0.585,1424425
0.585,1424425
0.587,1424425
0.587,1424425
0.589,1424425
0.593,1424425
0.593,1424425
0.595,1423530
0.596,1423530
0.596,1423530
0.597,1423530
0.598,1414262
0.6,1414262
0.6,1412744
0.601,1412744
0.602,1412744
0.602,1412744
0.605,1412744
0.606,1412744
0.607,1412744
0.612,1412744
0.612,1412744
0.618,1412744
0.62,1412744
0.623,1412744
0.624,1412744
0.624,1412744
0.626,1412744
0.626,1412744
0.628,1412744
0.632,1412744
0.633,1412744
0.635,1412744
0.638,1412744
0.641,1412744
0.642,1412744
0.647,1412744
0.647,1412744
0.649,1412509
0.659,1412509
0.664,1412509
0.666,1412509
0.666,1412509
0.668,1412509
0.669,1412509
0.674,1412509
0.677,1412509
0.677,1412509
0.677,1412509
0.678,1400247
0.679,1400247
0.681,1400247
0.681,1400247
0.682,1400247
0.687,1400247
0.688,1400247
0.689,1400247
0.693,1400247
0.697,1400247
0.697,1400247
0.702,1400247
0.703,1400247
0.704,1400247
0.704,1400247
0.705,1400247
0.706,1400247
0.709,1400247
0.709,1400247
0.71,1400247
0.711,1400247
0.713,1400247
0.715,1400247
0.718,1400247
0.719,1400247
0.72,1400247
0.721,1400247
0.723,1400247
0.724,1400247
0.725,1390934
0.725,1390934
0.726,1390934
0.733,1390934
0.733,1388968
0.736,1388968
0.741,1388968
0.745,1388968
0.747,1388968
0.748,1388968
0.749,1388968
0.753,1388968
0.758,1388968
0.762,1388968
0.762,1388968
0.762,1386763
0.763,1386763
0.764,1386763
0.765,1386763
0.766,1386763
0.769,1386763
0.774,1386763
0.778,1386763
0.781,1386763
0.783,1386763
0.783,1386763
0.788,1386763
0.79,1386763
0.79,1386763
0.79,1386763
0.792,1386763
0.794,1386763
0.794,1386763
0.795,1386763
0.798,1386763
0.798,1386763
0.8,1386763
0.8,1386763
0.802,1386763
0.802,1386763
0.807,1386763
0.808,1386763
0.81,1386763
0.81,1386763
0.818,1386763
0.821,1386763
0.822,1386763
0.826,1386763
0.828,1386763
0.829,1386763
0.831,1386763
0.833,1386763
0.835,1386763
0.841,1386763
0.844,1386763
0.844,1386763
0.845,1386763
0.846,1386763
0.85,1386763
0.856,1386763
0.857,1386763
0.857,1386763
0.86,1386763
0.861,1386763
0.863,1386763
0.863,1386763
0.866,1386763
0.869,1386763
0.87,1386763
0.871,1386763
0.871,1386763
0.875,1386763
0.878,1386763
0.883,1386763
0.883,1386763
0.887,1386763
0.888,1386763
0.89,1386763
0.896,1386733
0.9,1386733
0.904,1386733
0.905,1386733
0.908,1386733
0.912,1386733
0.918,1386733
0.922,1386733
0.923,1386733
0.932,1386733
0.935,1379794
0.935,1379794
0.937,1379794
0.939,1379794
0.94,1379794
0.94,1379794
0.945,1379794
0.945,1379794
0.946,1379794
0.949,1379794
0.95,1379794
0.954,1379794
0.957,1379794
0.957,1379794
0.957,1379794
0.959,1379794
0.961,1379794
0.961,1379794
0.963,1379794
0.964,1379794
0.967,1364108
0.967,1364108
0.967,1364108
0.969,1364108
0.972,1364108
0.976,1364108
0.98,1364108
0.982,1364108
0.983,1364108
0.984,1364108
0.988,1364108
0.989,1364108
0.989,1364108
0.989,1364108
0.99,1364108
0.994,1364108
0.999,1364108
1.005,1364108
1.007,1364108
1.007,1364108
1.008,1364108
1.009,1364108
1.012,1361778
1.012,1361778
1.012,1361778
1.015,1361778
1.017,1361778
1.017,1361778
1.019,1361778
1.02,1361778
1.02,1361778
1.021,1361778
1.022,1361778
1.024,1361778
1.025,1361778
1.026,1361778
1.027,1361778
1.03,1361778
1.032,1361778
1.036,1361778
1.041,1361778
1.046,1361778
1.047,1361778
1.048,1361778
1.049,1361778
1.05,1361778
1.053,1361778
1.054,1361778
1.059,1361778
1.063,1361778
1.066,1361778
1.067,1361778
1.069,1361778
1.07,1361778
1.072,1361778
1.073,1361778
1.073,1361778
1.075,1361778
1.075,1361778
1.077,1361778
1.078,1361778
1.079,1361778
1.081,1361778
1.086,1361778
1.086,1361778
1.086,1361778
1.086,1361778
1.097,1361778
1.098,1361778
1.101,1361778
1.102,1361778
1.106,1361778
1.106,1361778
1.107,1361778
1.108,1361778
1.115,1361778
1.117,1361778
1.118,1361778
1.119,1361778
1.121,1361778
1.124,1361778
1.125,1361778
1.125,1358570
1.126,1358570
1.13,1358570
1.132,1358570
1.136,1358570
1.14,1358570
1.145,1358570
1.146,1352345
1.146,1351722
1.146,1351722
1.149,1351722
1.15,1351722
1.153,1351722
1.155,1351722
1.157,1351722
1.159,1351722
1.159,1351722
1.16,1351419
1.165,1351419
1.167,1351419
1.168,1351419
1.168,1351419
1.17,1351419
1.173,1351419
1.173,1351419
1.177,1351419
1.178,1351419
1.182,1351419
1.182,1351077
1.182,1351077
1.185,1351077
1.186,1351077
1.19,1351077
1.191,1351077
1.192,1351077
1.195,1351077
1.199,1347062
1.2,1346426
1.204,1346426
1.205,1346426
1.206,1346426
1.212,1346426
1.214,1346426
1.215,1346426
1.219,1346426
1.22,1346426
1.22,1346426
1.221,1346426
1.224,1346426
1.224,1346426
1.227,1346426
1.23,1346426
1.235,1346426
1.236,1346426
1.237,1346426
1.237,1346426
1.238,1346426
1.24,1346426
1.24,1346426
1.24,1346426
1.241,1346426
1.242,1346426
1.243,1346426
1.244,1346426
1.245,1346426
1.245,1346426
1.25,1346426
1.251,1346426
1.252,1346426
1.252,1346426
1.254,1346426
1.255,1345740
1.256,1345740
1.257,1345740
1.26,1345740
1.262,1345740
1.275,1345740
1.276,1345740
1.277,1345740
1.285,1345740
1.285,1345740
1.287,1345740
1.288,1345740
1.289,1345740
1.296,1345740
1.296,1345740
1.299,1345740
1.3,1345740
1.3,1345740
1.3,1345740
1.301,1345740
1.301,1345740
1.303,1345740
1.305,1345740
1.305,1345740
1.306,1345740
1.307,1345740
1.308,1345740
1.309,1345740
1.309,1345740
1.311,1345740
1.312,1345740
1.315,1345740
1.316,1345740
1.32,1345740
1.321,1345740
1.329,1345740
1.33,1345740
1.33,1345740
1.332,1345740
1.338,1345740
1.339,1345740
1.339,1345740
1.344,1345740
1.345,1345740
1.349,1345740
1.349,1345740
1.35,1345740
1.351,1345740
1.353,1345740
1.354,1345740
1.355,1345740
1.358,1345740
1.359,1345740
1.36,1345740
1.364,1345740
1.366,1345740
1.37,1345740
1.37,1345740
1.372,1345740
1.378,1333586
1.381,1333586
1.385,1333586
1.388,1333586
1.388,1333586
1.393,1333586
1.398,1333586
1.399,1333586
1.406,1333586
1.408,1333586
1.409,1333586
1.414,1333586
1.417,1333586
1.417,1333586
1.42,1333586
1.423,1333586
1.433,1333586
1.433,1333586
1.436,1333586
1.437,1333586
1.439,1333586
1.44,1333586
1.442,1333586
1.443,1333586
1.451,1333586
1.451,1333586
1.461,1333586
1.468,1333586
1.468,1333586
1.469,1333586
1.47,1333586
1.473,1333586
1.475,1333586
1.475,1333586
1.476,1333586
1.476,1333586
1.489,1333586
1.489,1333586
1.498,1333586
1.503,1333586
1.504,1333586
1.505,1333586
1.508,1333586
1.512,1333586
1.512,1333586
1.513,1333586
1.514,1333586
1.515,1333586
1.516,1333586
1.519,1333586
1.524,1333586
1.533,1333586
1.536,1333586
1.536,1333586
1.544,1333586
1.545,1333586
1.545,1333586
1.547,1333586
1.549,1333586
1.551,1333586
1.551,1333586
1.554,1333586
1.555,1333586
1.557,1333586
1.563,1333586
1.563,1333586
1.566,1333586
1.571,1333586
1.575,1333586
1.576,1333586
1.577,1333586
1.578,1333586
1.578,1333586
1.579,1333586
1.58,1333586
1.589,1333586
1.59,1333586
1.593,1333586
1.594,1333586
1.598,1333586
1.598,1333586
1.599,1333586
1.607,1333586
1.607,1333586
1.608,1333586
1.615,1333586
1.616,1333586
1.616,1333586
1.619,1333586
1.62,1333586
1.622,1333586
1.625,1333586
1.627,1333586
1.63,1333586
1.63,1333586
1.633,1333586
1.634,1333586
1.636,1333586
1.639,1333586
1.641,1333586
1.645,1333586
1.647,1333586
1.648,1333586
1.65,1333586
1.65,1333586
1.654,1333586
1.662,1333586
1.666,1333586
1.669,1333586
1.672,1333586
1.673,1333586
1.674,1333586
1.676,1333586
1.677,1333586
1.681,1333586
1.69,1333586
1.69,1333586
1.695,1333586
1.7,1333586
1.703,1333586
1.704,1333586
1.706,1333586
1.706,1333586
1.707,1333586
1.708,1333586
1.711,1333586
1.714,1333586
1.716,1333586
1.722,1333586
1.722,1333586
1.724,1333586
1.724,1333586
1.724,1333586
1.725,1333586
1.726,1333586
1.726,1333586
1.727,1333586
1.729,1333586
1.729,1333586
1.735,1333586
1.736,1333586
1.739,1333586
1.741,1333586
1.743,1333586
1.743,1333586
1.747,1333586
1.749,1333586
1.749,1333586
1.754,1333586
1.759,1333586
1.763,1333586
1.768,1333586
1.768,1333586
1.769,1333586
1.772,1333586
1.777,1333586
1.779,1333586
1.784,1333586
1.787,1333586
1.799,1333586
1.799,1333586
1.8,1333586
1.803,1333586
1.806,1333586
1.806,1333586
1.807,1333586
1.81,1333586
1.81,1333586
1.811,1333586
1.814,1333586
1.815,1333586
1.818,1333586
1.827,1324822
1.832,1324822
1.833,1324822
1.838,1324822
1.843,1324822
1.844,1324822
1.844,1324822
1.849,1324822
1.85,1324822
1.852,1324822
1.852,1324822
1.853,1324822
1.854,1324822
1.857,1324822
1.859,1324822
1.862,1324822
1.865,1324822
1.867,1324822
1.869,1324822
1.869,1324822
1.869,1324822
1.87,1324822
1.874,1324822
1.875,1324822
1.878,1324822
1.88,1324822
1.883,1324822
1.884,1324822
1.896,1324822
1.901,1324822
1.904,1324822
1.91,1324822
1.911,1324822
1.913,1324822
1.913,1324822
1.915,1324822
1.916,1324822
1.916,1324822
1.917,1324822
1.917,1324822
1.918,1324822
1.918,1324822
1.918,1324822
1.921,1324822
1.923,1324822
1.923,1324822
1.926,1322660
1.927,1322660
1.928,1322660
1.93,1322660
1.932,1322660
1.933,1322660
1.94,1322660
1.94,1322660
1.943,1322660
1.946,1322660
1.949,1322660
1.956,1322660
1.956,1322660
1.96,1322660
1.961,1322660
1.963,1322660
1.965,1322660
1.97,1322660
1.979,1322660
1.981,1322660
1.983,1322660
1.984,1322660
1.996,1322660
1.998,1322660
1.998,1322660
1.999,1322660
2.001,1322660
2.003,1322660
2.004,1322660
2.005,1322660
2.005,1322660
2.007,1322660
2.007,1322660
2.01,1322660
2.011,1322660
2.017,1322660
2.018,1322660
2.024,1322660
2.024,1322660
2.025,1322660
2.033,1322660
2.035,1322660
2.037,1322660
2.041,1322660
2.044,1322660
2.05,1322660
2.057,1322660
2.057,1322660
2.061,1322660
2.062,1322660
2.065,1322660
2.066,1322660
2.068,1322660
2.077,1322660
2.078,1322660
2.079,1322660
2.08,1322660
2.082,1322660
2.085,1322660
2.087,1322660
2.089,1322660
2.089,1322660
2.09,1322660
2.093,1322660
2.094,1322660
2.094,1322660
2.094,1322660
2.095,1322660
2.098,1322660
2.099,1322660
2.102,1322660
2.102,1322660
2.106,1322660
2.107,1322660
2.108,1322660
2.109,1322660
2.11,1322660
2.117,1322660
2.119,1322660
2.127,1322660
2.129,1322660
2.129,1322660
2.13,1322660
2.135,1322660
2.137,1322660
2.138,1322660
2.14,1322660
2.14,1322660
2.143,1322660
2.144,1322660
2.145,1322660
2.145,1322660
2.148,1322660
2.15,1322660
2.151,1322660
2.154,1322660
2.154,1322660
2.155,1322660
2.157,1322660
2.163,1322660
2.163,1322660
2.166,1322660
2.168,1322660
2.169,1322660
2.174,1322660
2.174,1322660
2.176,1322660
2.178,1322660
2.18,1322660
2.181,1322660
2.183,1322660
2.187,1322660
2.187,1322660
2.19,1322660
2.191,1322660
2.192,1322660
2.194,1322660
2.196,1322660
2.197,1322660
2.197,1322660
2.199,1322660
2.202,1322660
2.206,1322660
2.21,1322660
2.212,1322660
2.212,1322660
2.215,1322660
2.217,1322660
2.218,1322660
2.219,1322660
2.219,1322660
2.221,1322660
2.227,1322660
2.232,1322660
2.234,1322660
2.24,1322660
2.241,1322660
2.244,1322660
2.247,1322660
2.249,1322660
2.249,1322660
2.249,1322660
2.25,1322660
2.251,1322660
2.255,1322660
2.257,1322660
2.258,1322660
2.262,1322660
2.267,1322660
2.273,1322660
2.275,1322660
2.276,1322660
2.278,1322660
2.28,1322660
2.28,1322660
2.283,1322660
2.286,1322660
2.286,1322660
2.294,1322660
2.296,1322660
2.296,1322660
2.3,1322660
2.301,1322660
2.301,1322660
2.302,1322660
2.304,1322660
2.311,1322660
2.311,1322660
2.312,1322660
2.315,1322660
2.32,1322660
2.32,1322660
2.322,1322660
2.324,1322660
2.325,1322660
2.327,1322660
2.329,1322660
2.331,1322660
2.332,1322660
2.335,1322660
2.337,1322660
2.339,1322660
2.34,1322660
2.345,1322660
2.347,1322660
2.347,1322660
2.348,1322660
2.352,1322660
2.352,1322660
2.358,1322660
2.362,1322660
2.366,1322660
2.37,1322660
2.372,1322660
2.373,1322660
2.374,1322660
2.374,1322660
2.377,1322660
2.379,1322660
2.379,1322660
2.383,1322660
2.389,1322660
2.393,1322660
2.394,1322660
2.395,1322660
2.398,1322660
2.403,1322660
2.406,1322660
2.407,1322660
2.412,1322660
2.414,1322660
2.417,1322660
2.42,1322660
2.421,1322660
2.425,1322660
2.425,1322660
2.427,1322660
2.434,1322660
2.435,1322660
2.44,1322660
2.445,1322660
2.452,1322660
2.459,1322660
2.46,1322660
2.461,1322660
2.461,1322660
2.466,1322660
2.466,1322660
2.468,1322660
2.469,1322660
2.471,1322660
2.473,1322660
2.475,1322660
2.475,1322660
2.481,1322660
2.486,1322660
2.49,1322660
2.501,1322660
2.504,1322660
2.506,1322660
2.51,1322660
2.518,1322660
2.52,1322660
2.523,1322660
2.523,1322660
2.525,1322660
2.525,1322660
2.53,1322660
2.532,1322660
2.532,1322660
2.544,1322660
2.545,1322660
2.547,1322660
2.551,1322660
2.552,1322660
2.554,1322660
2.555,1322660
2.56,1322660
2.562,1322660
2.567,1322660
2.568,1322660
2.569,1322660
2.57,1322660
2.572,1322660
2.577,1322660
2.58,1322660
2.582,1322660
2.583,1322660
2.587,1322660
2.591,1322660
2.592,1322660
2.595,1322660
2.599,1322660
2.604,1322660
2.609,1322660
2.61,1322660
2.614,1322660
2.617,1322660
2.629,1322660
2.63,1322660
2.634,1322660
2.636,1322660
2.636,1322660
2.639,1322660
2.641,1322660
2.641,1322660
2.642,1322660
2.646,1322660
2.649,1322660
2.653,1322660
2.653,1322660
2.654,1322660
2.656,1322660
2.656,1322660
2.66,1322660
2.665,1322660
2.666,1322660
2.667,1322660
2.667,1322660
2.668,1322660
2.67,1322660
2.674,1322660
2.674,1322660
2.675,1322660
2.676,1322660
2.683,1322660
2.684,1322660
2.685,1322660
2.685,1322660
2.687,1322660
2.688,1322660
2.69,1322660
2.691,1322660
2.692,1322660
2.692,1322660
2.695,1322660
2.695,1322660
2.697,1322660
2.699,1322660
2.705,1322660
2.709,1322660
2.718,1322660
2.72,1322660
2.721,1322660
2.722,1322660
2.723,1322660
2.727,1322660
2.729,1322660
2.729,1322660
2.729,1322660
2.739,1322660
2.739,1322660
2.741,1322660
2.746,1322660
2.747,1322660
2.751,1322660
2.752,1322660
2.755,1322660
2.755,1322660
2.756,1322660
2.756,1322660
2.758,1322660
2.76,1322660
2.761,1322660
2.762,1322660
2.766,1322660
2.769,1322660
2.769,1322660
2.769,1322660
2.773,1322660
2.775,1322660
2.781,1322660
2.781,1322660
2.789,1322660
2.79,1322660
2.79,1322660
2.797,1322660
2.797,1322660
2.797,1322660
2.801,1322660
2.802,1322660
2.804,1322660
2.805,1322660
2.807,1322660
2.81,1322660
2.811,1322660
2.815,1322660
2.823,1322660
2.825,1322660
2.826,1322660
2.826,1322660
2.829,1322660
2.829,1322660
2.831,1322660
2.831,1322660
2.831,1322660
2.832,1322660
2.832,1322660
2.84,1322660
2.841,1322660
2.842,1322660
2.853,1322660
2.855,1322660
2.857,1322660
2.863,1322660
2.864,1322660
2.866,1322660
2.87,1322660
2.873,1322660
2.875,1322660
2.879,1322660
2.88,1322660
2.881,1322660
2.881,1322660
2.881,1322660
2.884,1322660
2.89,1322660
2.891,1322660
2.892,1322660
2.899,1322660
2.901,1322660
2.904,1322660
2.907,1322660
2.907,1322660
2.909,1322660
2.909,1322660
2.909,1322660
2.911,1322660
2.914,1322660
2.919,1322660
2.919,1322660
2.922,1322660
2.924,1322660
2.929,1322660
2.929,1322660
2.93,1322660
2.933,1322660
2.938,1322660
2.938,1322660
2.938,1322660
2.942,1322660
2.942,1322660
2.943,1322660
2.95,1322660
2.951,1322660
2.953,1322660
2.957,1322660
2.961,1322660
2.963,1322660
2.964,1322660
2.976,1322660
2.978,1322660
2.978,1322660
2.978,1322660
2.98,1322660
2.981,1322660
2.981,1322660
2.986,1322660
2.988,1322660
2.994,1322660
2.999,1322660
3.005,1322660
3.005,1322660
3.008,1322660
3.008,1322660
3.014,1322660
3.018,1322660
3.019,1322660
3.022,1322660
3.024,1322660
3.025,1322660
3.025,1322660
3.026,1322660
3.03,1322660
3.03,1322660
3.033,1322660
3.036,1322660
3.037,1322660
3.04,1322660
3.044,1322660
3.049,1322660
3.05,1322660
3.053,1322660
3.053,1322660
3.056,1322660
3.058,1322660
3.062,1322660
3.063,1322660
3.067,1322660
3.069,1322660
3.072,1322660
3.074,1322660
3.074,1322660
3.076,1322660
3.079,1322660
3.08,1322660
3.081,1322660
3.099,1322660
3.101,1322660
3.102,1322660
3.103,1322660
3.107,1322660
3.111,1322660
3.115,1322660
3.121,1322660
3.131,1322660
3.134,1322660
3.135,1322660
3.135,1322660
3.139,1322660
3.145,1322660
3.146,1322660
3.148,1322660
3.15,1322660
3.15,1322660
3.157,1322660
3.163,1322660
3.163,1322660
3.166,1322660
3.168,1322660
3.17,1322660
3.172,1322660
3.172,1322660
3.173,1322660
3.18,1322660
3.185,1322660
3.186,1322660
3.187,1322660
3.189,1322660
3.19,1322660
3.198,1322660
3.199,1322660
3.206,1322660
3.207,1322660
3.21,1322660
3.211,1322660
3.217,1322660
3.221,1322660
3.222,1322660
3.224,1322660
3.224,1322660
3.225,1322660
3.226,1322660
3.227,1322660
3.232,1322660
3.232,1322660
3.235,1322660
3.235,1322660
3.235,1322660
3.246,1322660
3.249,1322660
3.25,1322660
3.252,1322660
3.256,1322660
3.257,1322660
3.257,1322660
3.263,1322660
3.264,1322660
3.273,1322660
3.273,1322660
3.276,1322660
3.277,1322660
3.283,1322660
3.286,1322660
3.287,1322660
3.29,1322660
3.299,1322660
3.304,1322660
3.312,1322660
3.312,1322660
3.315,1322660
3.315,1322660
3.315,1322660
3.32,1322660
3.322,1322660
3.326,1322660
3.328,1322660
3.329,1322660
3.333,1322660
3.334,1322660
3.339,1322660
3.34,1322660
3.343,1322660
3.345,1322660
3.348,1322660
3.356,1322660
3.363,1322660
3.367,1322660
3.367,1322660
3.367,1322660
3.368,1322660
3.369,1322660
3.369,1322660
3.371,1322660
3.376,1322660
3.377,1322660
3.377,1322660
3.379,1322660
3.38,1322660
3.38,1322660
3.388,1322660
3.391,1322660
3.393,1322660
3.394,1322660
3.395,1322660
3.396,1322660
3.404,1322660
3.405,1322660
3.405,1322660
3.411,1322660
3.411,1322660
3.413,1322660
3.414,1322660
3.417,1322660
3.417,1322660
3.421,1322660
3.422,1322660
3.428,1322660
3.429,1322660
3.431,1322660
3.433,1322660
3.435,1322660
3.435,1322660
3.437,1322660
3.437,1322660
3.437,1322660
3.442,1322660
3.443,1322660
3.444,1322660
3.444,1322660
3.445,1322660
3.455,1322660
3.455,1322660
3.456,1322660
3.462,1322660
3.463,1322660
3.467,1322660
3.474,1322660
3.475,1322660
3.476,1322660
3.476,1322660
3.476,1322660
3.48,1322660
3.482,1322660
3.485,1322660
3.485,1322660
3.488,1322660
3.494,1322660
3.496,1322660
3.496,1322660
3.497,1322660
3.497,1322660
3.497,1322660
3.498,1322660
3.501,1322660
3.508,1322660
3.51,1322660
3.511,1322660
3.512,1322660
3.515,1322660
3.516,1322660
3.517,1322660
3.519,1322660
3.522,1322660
3.524,1322660
3.524,1322660
3.525,1322660
3.528,1322660
3.528,1322660
3.529,1322660
3.53,1322660
3.531,1322660
3.535,1322660
3.542,1322660
3.543,1322660
3.544,1322660
3.546,1322660
3.553,1322660
3.56,1322660
3.561,1322660
3.565,1322660
3.567,1322660
3.569,1322660
3.571,1322660
3.571,1322660
3.573,1322660
3.575,1322660
3.578,1322660
3.579,1322660
3.581,1322660
3.584,1322660
3.585,1322660
3.587,1322660
3.591,1322660
3.592,1322660
3.595,1322660
3.599,1322660
3.602,1322660
3.603,1322660
3.604,1322660
3.605,1322660
3.605,1322660
3.606,1322660
3.607,1322660
3.612,1322660
3.612,1322660
3.612,1322660
3.614,1322660
3.614,1322660
3.614,1322660
3.615,1322660
3.617,1322660
3.621,1322660
3.623,1322660
3.626,1322660
3.627,1322660
3.628,1322660
3.631,1322660
3.636,1322660
3.641,1322660
3.643,1322660
3.645,1322660
3.65,1322660
3.652,1322660
3.653,1322660
3.659,1322660
3.66,1322660
3.664,1322660
3.665,1322660
3.665,1322660
3.666,1322660
3.667,1322660
3.668,1322660
3.675,1322660
3.676,1322660
3.678,1322660
3.679,1322660
3.683,1322660
3.684,1322660
3.685,1322660
3.686,1322660
3.688,1322660
3.699,1322660
3.7,1322660
3.704,1322660
3.707,1322660
3.708,1322660
3.711,1322660
3.718,1322660
3.72,1322660
3.724,1322660
3.725,1322660
3.728,1322660
3.732,1322660
3.733,1322660
3.735,1322660
3.736,1322660
3.736,1322660
3.738,1322660
3.738,1322660
3.742,1322660
3.743,1322660
3.744,1322660
3.746,1322660
3.751,1322660
3.753,1322660
3.76,1322660
3.762,1322660
3.763,1322660
3.764,1322660
3.766,1322660
3.772,1322660
3.775,1322660
3.776,1322660
3.78,1322660
3.784,1322660
3.791,1322660
3.792,1322660
3.795,1322660
3.797,1322660
3.799,1322660
3.81,1322660
3.811,1322660
3.813,1322660
3.815,1322660
3.821,1322660
3.821,1322660
3.825,1322660
3.826,1322660
3.826,1322660
3.827,1322660
3.829,1322660
3.831,1322660
3.832,1322660
3.833,1322660
3.834,1322660
3.838,1322660
3.839,1322660
3.841,1322660
3.842,1322660
3.842,1322660
3.846,1322660
3.85,1322660
3.855,1322660
3.855,1322660
3.861,1322660
3.861,1322660
3.862,1322660
3.865,1322660
3.865,1322660
3.867,1322660
3.868,1322660
3.87,1322660
3.871,1322660
3.873,1322660
3.874,1322660
3.877,1322660
3.879,1322660
3.881,1322660
3.89,1322660
3.894,1322660
3.898,1322660
3.908,1322660
3.913,1322660
3.914,1322660
3.92,1322660
3.92,1322660
3.922,1322660
3.923,1322660
3.927,1322660
3.931,1322660
3.931,1322660
3.932,1322660
3.932,1322660
3.934,1322660
3.934,1322660
3.936,1322660
3.937,1322660
3.939,1322660
3.943,1322660
3.944,1322660
3.948,1322660
3.95,1322660
3.953,1322660
3.959,1322660
3.964,1322660
3.964,1322660
3.968,1322660
3.969,1322660
3.971,1322660
3.972,1322660
3.974,1322660
3.976,1322660
3.978,1322660
3.978,1322660
3.979,1322660
3.984,1322660
3.984,1322660
3.985,1322660
3.987,1322660
3.993,1322660
3.998,1322660
4.002,1322660
4.005,1322660
4.005,1322660
4.006,1322660
4.01,1322660
4.011,1322660
4.011,1322660
4.014,1322660
4.015,1322660
4.016,1322660
4.02,1322660
4.022,1322660
4.024,1322660
4.024,1322660
4.032,1322660
4.035,1322660
4.037,1322660
4.038,1322660
4.041,1322660
4.041,1322660
4.048,1322660
4.051,1322660
4.053,1322660
4.054,1322660
4.056,1322660
4.058,1322660
4.059,1322660
4.059,1322660
4.061,1322660
4.064,1322660
4.068,1322660
4.069,1322660
4.069,1322660
4.071,1322660
4.072,1322660
4.073,1322660
4.074,1322660
4.082,1322660
4.083,1322660
4.087,1322660
4.089,1322660
4.089,1322660
4.092,1322660
4.094,1322660
4.095,1322660
4.095,1322660
4.097,1322660
4.102,1322660
4.104,1322660
4.105,1322660
4.113,1322660
4.116,1322660
4.118,1322660
4.118,1322660
4.12,1322660
4.12,1322660
4.12,1322660
4.132,1322660
4.134,1322660
4.14,1322660
4.14,1322660
4.142,1322660
4.142,1322660
4.142,1322660
4.145,1322660
4.147,1322660
4.149,1322660
4.151,1322660
4.151,1322660
4.155,1322660
4.157,1322660
4.163,1322660
4.169,1322660
4.169,1322660
4.17,1322660
4.172,1322660
4.173,1322660
4.178,1322660
4.18,1322660
4.18,1322660
4.181,1322660
4.183,1322660
4.185,1322660
4.186,1322660
4.19,1322660
4.192,1322660
4.198,1322660
4.2,1322660
4.203,1322660
4.203,1322660
4.209,1322660
4.21,1322660
4.213,1322660
4.214,1322660
4.215,1322660
4.226,1322660
4.234,1322660
4.236,1322660
4.238,1322660
4.239,1322660
4.241,1322660
4.242,1322660
4.242,1322660
4.243,1322660
4.247,1322660
4.248,1322660
4.248,1322660
4.248,1322660
4.249,1322660
4.249,1322660
4.249,1322660
4.253,1322660
4.255,1322660
4.26,1322660
4.265,1322660
4.275,1322660
4.277,1322660
4.28,1322660
4.28,1322660
4.281,1322660
4.282,1322660
4.283,1322660
4.284,1322660
4.285,1322660
4.287,1322660
4.29,1322660
4.293,1322660
4.295,1322660
4.298,1322660
4.298,1322660
4.298,1322660
4.305,1322660
4.308,1322660
4.309,1322660
4.313,1322660
4.315,1322660
4.315,1322660
4.316,1322660
4.323,1322660
4.323,1322660
4.327,1322660
4.329,1322660
4.329,1322660
4.331,1322660
4.333,1322660
4.345,1322660
4.352,1322660
4.353,1322660
4.353,1322660
4.357,1322660
4.361,1322660
4.363,1322660
4.368,1322660
4.38,1322660
4.387,1322660
4.389,1322660
4.391,1322660
4.394,1322660
4.397,1322660
4.401,1322660
4.408,1322660
4.41,1322660
4.411,1322660
4.411,1322660
4.413,1322660
4.413,1322660
4.414,1322660
4.414,1322660
4.415,1322660
4.417,1322660
4.419,1322660
4.419,1322660
4.419,1322660
4.42,1322660
4.42,1322660
4.425,1322660
4.425,1322660
4.427,1322660
4.427,1322660
4.428,1322660
4.428,1322660
4.431,1322660
4.432,1322660
4.434,1322660
4.437,1322660
4.437,1322660
4.438,1322660
4.442,1322660
4.443,1322660
4.444,1322660
4.444,1322660
4.445,1322660
4.445,1322660
4.448,1322660
4.449,1322660
4.453,1322660
4.455,1322660
4.457,1322660
4.459,1322660
4.459,1322660
4.46,1322660
4.465,1322660
4.465,1322660
4.467,1322660
4.472,1322660
4.474,1322660
4.477,1322660
4.484,1322660
4.49,1322660
4.491,1322660
4.494,1322660
4.494,1322660
4.495,1322660
4.495,1322660
4.497,1322660
4.504,1322660
4.509,1322660
4.511,1322660
4.512,1322660
4.516,1322660
4.518,1322660
4.521,1322660
4.522,1322660
4.53,1322660
4.535,1322660
4.537,1322660
4.541,1322660
4.541,1322660
4.542,1322660
4.548,1322660
4.549,1322660
4.551,1322660
4.553,1322660
4.554,1322660
4.557,1322660
4.559,1322660
4.56,1322660
4.561,1322660
4.561,1322660
4.566,1322660
4.57,1322660
4.571,1322660
4.572,1322660
4.574,1322660
4.577,1322660
4.579,1322660
4.582,1322660
4.583,1322660
4.584,1322660
4.59,1322660
4.592,1322660
4.595,1322660
4.598,1322660
4.605,1322660
4.605,1322660
4.608,1322660
4.609,1322660
4.617,1322660
4.619,1322660
4.621,1322660
4.625,1322660
4.627,1322660
4.628,1322660
4.628,1322660
4.63,1322660
4.633,1322660
4.636,1322660
4.639,1322660
4.639,1322660
4.641,1322660
4.644,1322660
4.646,1322660
4.646,1322660
4.653,1322660
4.654,1322660
4.657,1322660
4.657,1322660
4.659,1322660
4.66,1322660
4.661,1322660
4.664,1322660
4.667,1322660
4.668,1322660
4.67,1322660
4.671,1322660
4.672,1322660
4.674,1322660
4.676,1322660
4.676,1322660
4.677,1322660
4.682,1322660
4.685,1322660
4.691,1322660
4.692,1322660
4.695,1322660
4.697,1322660
4.699,1322660
4.7,1322660
4.704,1322660
4.707,1322660
4.707,1322660
4.708,1322660
4.71,1322660
4.71,1322660
4.711,1322660
4.712,1322660
4.713,1322660
4.714,1322660
4.714,1322660
4.716,1322660
4.716,1322660
4.716,1322660
4.722,1322660
4.732,1322660
4.733,1322660
4.737,1322660
4.738,1322660
4.742,1322660
4.748,1322660
4.751,1322660
4.758,1322660
4.759,1322660
4.76,1322660
4.761,1322660
4.762,1322660
4.763,1322660
4.765,1322660
4.768,1322660
4.768,1322660
4.769,1322660
4.77,1322660
4.774,1322660
4.774,1322660
4.776,1322660
4.78,1322660
4.782,1322660
4.784,1322660
4.784,1322660
4.785,1322660
4.788,1322660
4.79,1322660
4.791,1322660
4.799,1322660
4.799,1322660
4.8,1322660
4.801,1322660
4.803,1322660
4.806,1322660
4.807,1322660
4.807,1322660
4.807,1322660
4.807,1322660
4.808,1322660
4.808,1322660
4.81,1322660
4.814,1322660
4.816,1322660
4.816,1322660
4.818,1322660
4.819,1322660
4.821,1322660
4.822,1322660
4.824,1322660
4.824,1322660
4.825,1322660
4.825,1322660
4.831,1322660
4.831,1322660
4.831,1322660
4.832,1322660
4.835,1322660
4.835,1322660
4.838,1322660
4.84,1322660
4.842,1322660
4.843,1322660
4.844,1322660
4.846,1322660
4.846,1322660
4.853,1322660
4.861,1322660
4.862,1322660
4.862,1322660
4.865,1322660
4.866,1322660
4.866,1322660
4.867,1322660
4.869,1322660
4.869,1322660
4.869,1322660
4.869,1322660
4.874,1322660
4.885,1322660
4.893,1322660
4.898,1322660
4.906,1322660
4.907,1322660
4.908,1322660
4.908,1322660
4.909,1322660
4.91,1322660
4.916,1322660
4.917,1322660
4.919,1322660
4.921,1322660
4.921,1322660
4.924,1322660
4.927,1322660
4.928,1322660
4.934,1322660
4.936,1322660
4.945,1322660
4.946,1322660
4.946,1322660
4.949,1322660
4.951,1322660
4.952,1322660
4.953,1322660
4.957,1322660
4.958,1322660
4.959,1322660
4.96,1322660
4.96,1322660
4.96,1322660
4.968,1322660
4.968,1322660
4.969,1322660
4.977,1322660
4.978,1322660
4.979,1322660
4.98,1322660
4.981,1322660
4.988,1322660
4.993,1322660
4.994,1322660
4.995,1322660
4.998,1322660
5.004,1322660
5.006,1322660
5.008,1322660
5.014,1322660
5.02,1322660
5.028,1322660
5.03,1322660
5.031,1322660
5.034,1322660
5.034,1322660
5.037,1322660
5.037,1322660
5.037,1322660
5.038,1322660
5.04,1322660
5.043,1322660
5.044,1322660
5.046,1322660
5.046,1322660
5.047,1322660
5.047,1322660
5.048,1322660
5.059,1322660
5.059,1322660
5.063,1322660
5.064,1322660
5.067,1322660
5.068,1322660
5.069,1322660
5.069,1322660
5.069,1322660
5.071,1322660
5.071,1322660
5.076,1322660
5.084,1322660
5.088,1322660
5.09,1322660
5.096,1322660
5.098,1322660
5.098,1322660
5.101,1322660
5.102,1322660
5.102,1322660
5.106,1322660
5.108,1322660
5.109,1322660
5.111,1322660
5.112,1322660
5.119,1322660
5.12,1322660
5.12,1322660
5.122,1322660
5.123,1322660
5.124,1322660
5.125,1322660
5.125,1322660
5.129,1322660
5.13,1322660
5.132,1322660
5.132,1322660
5.134,1322660
5.135,1322660
5.139,1322660
5.14,1322660
5.14,1322660
5.145,1322660
5.145,1322660
5.146,1322660
5.146,1322660
5.147,1322660
5.148,1322660
5.15,1322660
5.155,1322660
5.155,1322660
5.157,1322660
5.162,1322660
5.171,1322660
5.173,1322660
5.173,1322660
5.175,1322660
5.176,1322660
5.178,1322660
5.178,1322660
5.18,1322660
5.18,1322660
5.182,1322660
5.185,1322660
5.186,1322660
5.195,1322660
5.198,1322660
5.206,1322660
5.207,1322660
5.212,1322660
5.224,1322660
5.232,1322660
5.232,1322660
5.234,1322660
5.235,1322660
5.235,1322660
5.238,1322660
5.239,1322660
5.241,1322660
5.243,1322660
5.248,1322660
5.25,1322660
5.251,1322660
5.251,1322660
5.253,1322660
5.254,1322660
5.259,1322660
5.259,1322660
5.259,1322660
5.263,1322660
5.269,1322660
5.27,1322660
5.272,1322660
5.273,1322660
5.273,1322660
5.273,1322660
5.281,1322660
5.283,1322660
5.286,1322660
5.287,1322660
5.29,1322660
5.291,1322660
5.292,1322660
5.295,1322660
5.296,1322660
5.3,1322660
5.305,1322660
5.305,1322660
5.307,1322660
5.309,1322660
5.316,1322660
5.318,1322660
5.319,1322660
5.322,1322660
5.323,1322660
5.324,1322660
5.328,1322660
5.334,1322660
5.334,1322660
5.336,1322660
5.337,1322660
5.337,1322660
5.339,1322660
5.339,1322660
5.349,1322660
5.352,1322660
5.352,1322660
5.355,1322660
5.361,1322660
5.365,1322660
5.365,1322660
5.366,1322660
5.369,1322660
5.37,1322660
5.372,1322660
5.373,1322660
5.379,1322660
5.379,1322660
5.384,1322660
5.385,1322660
5.385,1322660
5.385,1322660
5.385,1322660
5.393,1322660
5.395,1322660
5.398,1322660
5.412,1322660
5.42,1322660
5.424,1322660
5.428,1322660
5.429,1322660
5.43,1322660
5.431,1322660
5.435,1322660
5.436,1322660
5.436,1322660
5.436,1322660
5.442,1322660
5.442,1322660
5.443,1322660
5.445,1322660
5.445,1322660
5.447,1322660
5.447,1322660
5.448,1322660
5.45,1322660
5.45,1322660
5.456,1322660
5.459,1322660
5.459,1322660
5.46,1322660
5.468,1322660
5.473,1322660
5.474,1322660
5.475,1322660
5.477,1322660
5.479,1322660
5.48,1322660
5.486,1322660
5.487,1322660
5.489,1322660
5.49,1322660
5.495,1322660
5.497,1322660
5.498,1322660
5.501,1322660
5.502,1322660
5.504,1322660
5.506,1322660
5.518,1322660
5.522,1322660
5.524,1322660
5.524,1322660
5.528,1322660
5.528,1322660
5.528,1322660
5.529,1322660
5.53,1322660
5.53,1322660
5.535,1322660
5.537,1322660
5.537,1322660
5.54,1322660
5.547,1322660
5.549,1322660
5.55,1322660
5.551,1322660
5.554,1322660
5.554,1322660
5.554,1322660
5.561,1322660
5.562,1322660
5.562,1322660
5.562,1322660
5.562,1322660
5.565,1322660
5.567,1322660
5.574,1322660
5.575,1322660
5.577,1322660
5.577,1322660
5.579,1322660
5.584,1322660
5.592,1322660
5.593,1322660
5.595,1322660
5.599,1322660
5.6,1322660
5.604,1322660
5.609,1322660
5.61,1322660
5.612,1322660
5.613,1322660
5.614,1322660
5.616,1322660
5.616,1322660
5.622,1322660
5.622,1322660
5.625,1322660
5.626,1322660
5.628,1322660
5.632,1322660
5.636,1322660
5.637,1322660
5.638,1322660
5.641,1322660
5.642,1322660
5.644,1322660
5.644,1322660
5.645,1322660
5.646,1322660
5.649,1322660
5.65,1322660
5.651,1322660
5.652,1322660
5.653,1322660
5.655,1322660
5.655,1322660
5.655,1322660
5.656,1322660
5.662,1322660
5.663,1322660
5.664,1322660
5.665,1322660
5.666,1322660
5.668,1322660
5.672,1322660
5.672,1322660
5.674,1322660
5.674,1322660
5.678,1322660
5.679,1322660
5.683,1322660
5.688,1322660
5.692,1322660
5.695,1322660
5.695,1322660
5.695,1322660
5.696,1322660
5.702,1322660
5.704,1322660
5.705,1322660
5.706,1322660
5.707,1322660
5.708,1322660
5.709,1322660
5.711,1322660
5.712,1322660
5.713,1322660
5.713,1322660
5.715,1322660
5.72,1322660
5.724,1322660
5.728,1322660
5.734,1322660
5.735,1322660
5.739,1322660
5.74,1322660
5.742,1322660
5.742,1322660
5.745,1322660
5.747,1322660
5.749,1322660
5.752,1322660
5.76,1322660
5.763,1322660
5.764,1322660
5.764,1322660
5.768,1322660
5.77,1322660
5.77,1322660
5.778,1322660
5.784,1322660
5.788,1322660
5.79,1322660
5.793,1322660
5.797,1322660
5.802,1322660
5.802,1322660
5.808,1322660
5.811,1322660
5.814,1322660
5.817,1322660
5.821,1322660
5.822,1322660
5.822,1322660
5.826,1322660
5.826,1322660
5.827,1322660
5.829,1322660
5.829,1322660
5.829,1322660
5.831,1322660
5.837,1322660
5.84,1322660
5.842,1322660
5.854,1322660
5.856,1322660
5.856,1322660
5.862,1322660
5.865,1322660
5.866,1322660
5.869,1322660
5.871,1322660
5.874,1322660
5.874,1322660
5.874,1322660
5.875,1322660
5.876,1322660
5.88,1322660
5.883,1322660
5.888,1322660
5.889,1322660
5.889,1322660
5.891,1322660
5.891,1322660
5.894,1322660
5.894,1322660
5.896,1322660
5.898,1322660
5.899,1322660
5.9,1322660
5.902,1322660
5.902,1322660
5.903,1322660
5.904,1322660
5.904,1322660
5.906,1322660
5.909,1322660
5.91,1322660
5.911,1322660
5.915,1322660
5.915,1322660
5.918,1322660
5.918,1322660
5.918,1322660
5.92,1322660
5.924,1322660
5.924,1322660
5.925,1322660
5.925,1322660
5.93,1322660
5.932,1322660
5.936,1322660
5.937,1322660
5.939,1322660
5.94,1322660
5.944,1322660
5.944,1322660
5.945,1322660
5.945,1322660
5.947,1322660
5.947,1322660
5.949,1322660
5.951,1322660
5.951,1322660
5.953,1322660
5.955,1322660
5.955,1322660
5.957,1322660
5.957,1322660
5.962,1322660
5.966,1322660
5.967,1322660
5.97,1322660
5.972,1322660
5.976,1322660
5.977,1322660
5.979,1322660
5.981,1322660
5.983,1322660
5.984,1322660
5.986,1322660
5.989,1322660
5.99,1322660
5.992,1322660
5.993,1322660
5.998,1322660
5.999,1322660
6.003,1322660
6.008,1322660
6.016,1322660
6.017,1322660
6.017,1322660
6.019,1322660
6.02,1322660
6.02,1322660
6.027,1322660
6.028,1322660
6.029,1322660
6.032,1322660
6.037,1322660
6.038,1322660
6.038,1322660
6.041,1322660
6.041,1322660
6.044,1322660
6.044,1322660
6.046,1322660
6.046,1322660
6.05,1322660
6.05,1322660
6.052,1322660
6.056,1322660
6.057,1322660
6.061,1322660
6.062,1322660
6.064,1322660
6.07,1322660
6.073,1322660
6.075,1322660
6.078,1322660
6.085,1322660
6.085,1322660
6.086,1322660
6.092,1322660
6.097,1322660
6.097,1322660
6.098,1322660
6.099,1322660
6.1,1322660
6.101,1322660
6.102,1322660
6.102,1322660
6.102,1322660
6.102,1322660
6.103,1322660
6.107,1322660
6.108,1322660
6.112,1322660
6.126,1322660
6.128,1322660
6.131,1322660
6.132,1322660
6.132,1322660
6.134,1322660
6.137,1322660
6.138,1322660
6.141,1322660
6.143,1322660
6.145,1322660
6.147,1322660
6.147,1322660
6.149,1322660
6.153,1322660
6.155,1322660
6.157,1322660
6.158,1322660
6.158,1322660
6.158,1322660
6.158,1322660
6.163,1322660
6.166,1322660
6.169,1322660
6.169,1322660
6.17,1322660
6.172,1322660
6.174,1322660
6.176,1322660
6.185,1322660
6.186,1322660
6.186,1322660
6.19,1322660
6.192,1322660
6.193,1322660
6.194,1322660
6.195,1322660
6.198,1322660
6.198,1322660
6.204,1322660
6.205,1322660
6.206,1322660
6.207,1322660
6.208,1322660
6.209,1322660
6.211,1322660
6.216,1322660
6.219,1322660
6.223,1322660
6.224,1322660
6.225,1322660
6.228,1322660
6.228,1322660
6.23,1322660
6.238,1322660
6.238,1322660
6.241,1322660
6.252,1322660
6.258,1322660
6.26,1322660
6.261,1322660
6.266,1322660
6.267,1322660
6.267,1322660
6.271,1322660
6.274,1322660
6.275,1322660
6.276,1322660
6.28,1322660
6.289,1322660
6.289,1322660
6.291,1322660
6.293,1322660
6.294,1322660
6.298,1322660
6.303,1322660
6.306,1322660
6.306,1322660
6.308,1322660
6.312,1322660
6.315,1322660
6.321,1322660
6.326,1322660
6.34,1322660
6.341,1322660
6.342,1322660
6.344,1322660
6.344,1322660
6.354,1322660
6.356,1322660
6.36,1322660
6.361,1322660
6.365,1322660
6.366,1322660
6.369,1322660
6.372,1322660
6.373,1322660
6.373,1322660
6.374,1322660
6.374,1322660
6.376,1322660
6.378,1322660
6.38,1322660
6.384,1322660
6.386,1322660
6.386,1322660
6.387,1322660
6.387,1322660
6.389,1322660
6.389,1322660
6.393,1322660
6.394,1322660
6.394,1322660
6.395,1322660
6.397,1322660
6.398,1322660
6.404,1322660
6.406,1322660
6.412,1322660
6.419,1322660
6.421,1322660
6.421,1322660
6.421,1322660
6.424,1322660
6.424,1322660
6.427,1322660
6.428,1322660
6.429,1322660
6.43,1322660
6.43,1322660
6.43,1322660
6.431,1322660
6.436,1322660
6.437,1322660
6.437,1322660
6.437,1322660
6.438,1322660
6.442,1322660
6.442,1322660
6.449,1322660
6.45,1322660
6.45,1322660
6.451,1322660
6.453,1322660
6.454,1322660
6.459,1322660
6.461,1322660
6.469,1322660
6.472,1322660
6.474,1322660
6.478,1322660
6.479,1322660
6.479,1322660
6.492,1322660
6.492,1322660
6.493,1322660
6.493,1322660
6.496,1322660
6.497,1322660
6.498,1322660
6.498,1322660
6.499,1322660
6.502,1322660
6.511,1322660
6.511,1322660
6.513,1322660
6.514,1322660
6.515,1322660
6.516,1322660
6.516,1322660
6.518,1322660
6.519,1322660
6.52,1322660
6.522,1322660
6.522,1322660
6.523,1322660
6.532,1322660
6.533,1322660
6.534,1322660
6.539,1322660
6.54,1322660
6.541,1322660
6.543,1322660
6.544,1322660
6.547,1322660
6.551,1322660
6.553,1322660
6.553,1322660
6.557,1322660
6.562,1322660
6.562,1322660
6.564,1322660
6.565,1322660
6.566,1322660
6.571,1322660
6.576,1322660
6.579,1322660
6.58,1322660
6.581,1322660
6.586,1322660
6.589,1322660
6.592,1322660
6.593,1322660
6.596,1322660
6.601,1322660
6.605,1322660
6.606,1322660
6.608,1322660
6.608,1322660
6.608,1322660
6.611,1322660
6.611,1322660
6.616,1322660
6.619,1322660
6.622,1322660
6.628,1322660
6.634,1322660
6.635,1322660
6.641,1322660
6.644,1322660
6.645,1322660
6.652,1322660
6.653,1322660
6.658,1322660
6.661,1322660
6.661,1322660
6.664,1322660
6.667,1322660
6.667,1322660
6.67,1322660
6.672,1322660
6.675,1322660
6.682,1322660
6.686,1322660
6.686,1322660
6.687,1322660
6.687,1322660
6.688,1322660
6.696,1322660
6.696,1322660
6.698,1322660
6.701,1322660
6.702,1322660
6.704,1322660
6.705,1322660
6.706,1322660
6.706,1322660
6.708,1322660
6.709,1322660
6.71,1322660
6.712,1322660
6.712,1322660
6.714,1322660
6.715,1322660
6.716,1322660
6.717,1322660
6.72,1322660
6.727,1322660
6.731,1322660
6.731,1322660
6.732,1322660
6.732,1322660
6.734,1322660
6.734,1322660
6.735,1322660
6.74,1322660
6.743,1322660
6.743,1322660
6.744,1322660
6.754,1322660
6.76,1322660
6.76,1322660
6.761,1322660
6.762,1322660
6.771,1322660
6.771,1322660
6.772,1322660
6.777,1322660
6.778,1322660
6.781,1322660
6.782,1322660
6.784,1322660
6.793,1322660
6.794,1322660
6.794,1322660
6.795,1322660
6.799,1322660
6.8,1322660
6.804,1322660
6.805,1322660
6.808,1322660
6.812,1322660
6.816,1322660
6.818,1322660
6.82,1322660
6.823,1322660
6.824,1322660
6.824,1322660
6.826,1322660
6.826,1322660
6.829,1322660
6.829,1322660
6.83,1322660
6.838,1322660
6.844,1322660
6.844,1322660
6.845,1322660
6.852,1322660
6.854,1322660
6.862,1322660
6.862,1322660
6.868,1322660
6.869,1322660
6.872,1322660
6.873,1322660
6.875,1322660
6.882,1322660
6.883,1322660
6.884,1322660
6.884,1322660
6.885,1322660
6.891,1322660
6.895,1322660
6.896,1322660
6.898,1322660
6.899,1322660
6.9,1322660
6.901,1322660
6.902,1322660
6.908,1322660
6.908,1322660
6.911,1322660
6.922,1322660
6.922,1322660
6.944,1322660
6.946,1322660
6.949,1322660
6.949,1322660
6.954,1322660
6.96,1322660
6.964,1322660
6.964,1322660
6.964,1322660
6.966,1322660
6.968,1322660
6.976,1322660
6.978,1322660
6.978,1322660
6.979,1322660
6.985,1322660
6.988,1322660
6.99,1322660
6.993,1322660
6.994,1322660
6.995,1322660
6.999,1322660
7.003,1322660
7.004,1322660
7.006,1322660
7.007,1322660
7.012,1322660
7.012,1322660
7.014,1322660
7.018,1322660
7.018,1322660
7.02,1322660
7.022,1322660
7.026,1322660
7.026,1322660
7.028,1322660
7.031,1322660
7.034,1322660
7.035,1322660
7.039,1322660
7.041,1322660
7.041,1322660
7.047,1322660
7.047,1322660
7.049,1322660
7.056,1322660
7.058,1322660
7.059,1322660
7.062,1322660
7.064,1322660
7.065,1322660
7.066,1322660
7.071,1322660
7.072,1322660
7.074,1322660
7.076,1322660
7.076,1322660
7.078,1322660
7.081,1322660
7.082,1322660
7.083,1322660
7.086,1322660
7.089,1322660
7.091,1322660
7.091,1322660
7.092,1322660
7.094,1322660
7.094,1322660
7.095,1322660
7.096,1322660
7.097,1322660
7.098,1322660
7.102,1322660
7.102,1322660
7.103,1322660
7.105,1322660
7.105,1322660
7.109,1322660
7.111,1322660
7.118,1322660
7.124,1322660
7.125,1322660
7.128,1322660
7.132,1322660
7.137,1322660
7.139,1322660
7.139,1322660
7.141,1322660
7.144,1322660
7.145,1322660
7.147,1322660
7.149,1322660
7.149,1322660
7.153,1322660
7.156,1322660
7.156,1322660
7.16,1322660
7.164,1322660
7.169,1322660
7.175,1322660
7.179,1322660
7.18,1322660
7.18,1322660
7.182,1322660
7.189,1322660
7.192,1322660
7.196,1322660
7.196,1322660
7.202,1322660
7.202,1322660
7.205,1322660
7.213,1322660
7.215,1322660
7.227,1322660
7.228,1322660
7.231,1322660
7.237,1322660
7.237,1322660
7.238,1322660
7.241,1322660
7.248,1322660
7.251,1322660
7.254,1322660
7.258,1322660
7.258,1322660
7.259,1322660
7.26,1322660
7.261,1322660
7.268,1322660
7.269,1322660
7.273,1322660
7.275,1322660
7.276,1322660
7.278,1322660
7.28,1322660
7.281,1322660
7.283,1322660
7.286,1322660
7.286,1322660
7.287,1322660
7.287,1322660
7.291,1322660
7.292,1322660
7.294,1322660
7.296,1322660
7.303,1322660
7.304,1322660
7.307,1322660
7.308,1322660
7.315,1322660
7.316,1322660
7.316,1322660
7.317,1322660
7.318,1322660
7.319,1322660
7.322,1322660
7.325,1322660
7.328,1322660
7.332,1322660
7.332,1322660
7.335,1322660
7.335,1322660
7.336,1322660
7.339,1322660
7.34,1322660
7.343,1322660
7.343,1322660
7.348,1322660
7.351,1322660
7.352,1322660
7.353,1322660
7.355,1322660
7.359,1322660
7.36,1322660
7.365,1322660
7.37,1322660
7.37,1322660
7.371,1322660
7.373,1322660
7.374,1322660
7.374,1322660
7.375,1322660
7.384,1322660
7.388,1322660
7.389,1322660
7.391,1322660
7.392,1322660
7.393,1322660
7.394,1322660
7.396,1322660
7.398,1322660
7.403,1322660
7.404,1322660
7.408,1322660
7.41,1322660
7.414,1322660
7.415,1322660
7.42,1322660
7.422,1322660
7.427,1322660
7.428,1322660
7.434,1322660
7.434,1322660
7.435,1322660
7.441,1322660
7.441,1322660
7.442,1322660
7.443,1322660
7.446,1322660
7.448,1322660
7.452,1322660
7.453,1322660
7.47,1322660
7.474,1322660
7.475,1322660
7.475,1322660
7.476,1322660
7.476,1322660
7.478,1322660
7.482,1322660
7.483,1322660
7.484,1322660
7.49,1322660
7.492,1322660
7.492,1322660
7.493,1322660
7.493,1322660
7.497,1322660
7.497,1322660
7.499,1322660
7.504,1322660
7.505,1322660
7.508,1322660
7.509,1322660
7.513,1322660
7.514,1322660
7.517,1322660
7.52,1322660
7.521,1322660
7.53,1322660
7.535,1322660
7.535,1322660
7.541,1322660
7.546,1322660
7.549,1322660
7.55,1322660
7.552,1322660
7.555,1322660
7.557,1322660
7.559,1322660
7.563,1322660
7.564,1322660
7.564,1322660
7.567,1322660
7.576,1322660
7.584,1322660
7.587,1322660
7.588,1322660
7.588,1322660
7.594,1322660
7.596,1322660
7.598,1322660
7.598,1322660
7.603,1322660
7.612,1322660
7.615,1322660
7.616,1322660
7.618,1322660
7.618,1322660
7.619,1322660
7.621,1322660
7.622,1322660
7.623,1322660
7.627,1322660
7.628,1322660
7.631,1322660
7.632,1322660
7.634,1322660
7.635,1322660
7.643,1322660
7.644,1322660
7.648,1322660
7.65,1322660
7.657,1322660
7.658,1322660
7.659,1322660
7.661,1322660
7.663,1322660
7.664,1322660
7.664,1322660
7.666,1322660
7.674,1322660
7.676,1322660
7.678,1322660
7.681,1322660
7.682,1322660
7.686,1322660
7.689,1322660
7.691,1322660
7.691,1322660
7.692,1322660
7.693,1322660
7.695,1322660
7.697,1322660
7.697,1322660
7.698,1322660
7.698,1322660
7.7,1322660
7.7,1322660
7.701,1322660
7.701,1322660
7.705,1322660
7.709,1322660
7.709,1322660
7.71,1322660
7.713,1322660
7.715,1322660
7.717,1322660
7.718,1322660
7.719,1322660
7.719,1322660
7.722,1322660
7.728,1322660
7.729,1322660
7.731,1322660
7.732,1322660
7.733,1322660
7.75,1322660
7.751,1322660
7.754,1322660
7.756,1322660
7.758,1322660
7.76,1322660
7.761,1322660
7.762,1322660
7.765,1322660
7.765,1322660
7.767,1322660
7.774,1322660
7.78,1322660
7.782,1322660
7.783,1322660
7.785,1322660
7.79,1322660
7.794,1322660
7.8,1322660
7.801,1322660
7.801,1322660
7.804,1322660
7.81,1322660
7.81,1322660
7.81,1322660
7.813,1322660
7.816,1322660
7.82,1322660
7.822,1322660
7.823,1322660
7.826,1322660
7.827,1322660
7.827,1322660
7.833,1322660
7.836,1322660
7.845,1322660
7.846,1322660
7.85,1322660
7.858,1322660
7.862,1322660
7.863,1322660
7.868,1322660
7.869,1322660
7.879,1322660
7.88,1322660
7.883,1322660
7.884,1322660
7.888,1322660
7.89,1322660
7.891,1322660
7.894,1322660
7.895,1322660
7.897,1322660
7.897,1322660
7.899,1322660
7.901,1322660
7.901,1322660
7.903,1322660
7.911,1322660
7.915,1322660
7.92,1322660
7.922,1322660
7.924,1322660
7.925,1322660
7.925,1322660
7.927,1322660
7.928,1322660
7.94,1322660
7.942,1322660
7.945,1322660
7.957,1322660
7.97,1322660
7.971,1322660
7.979,1322660
7.985,1322660
7.993,1322660
7.994,1322660
7.996,1322660
8.003,1322660
8.004,1322660
8.008,1322660
8.025,1322660
8.027,1322660
8.027,1322660
8.033,1322660
8.036,1322660
8.037,1322660
8.041,1322660
8.043,1322660
8.05,1322660
8.054,1322660
8.057,1322660
8.062,1322660
8.062,1322660
8.065,1322660
8.069,1322660
8.07,1322660
8.081,1322660
8.082,1322660
8.086,1322660
8.088,1322660
8.088,1322660
8.089,1322660
8.089,1322660
8.09,1322660
8.091,1322660
8.092,1322660
8.093,1322660
8.096,1322660
8.097,1322660
8.099,1322660
8.099,1322660
8.101,1322660
8.102,1322660
8.103,1322660
8.107,1322660
8.108,1322660
8.109,1322660
8.113,1322660
8.113,1322660
8.115,1322660
8.119,1322660
8.123,1322660
8.124,1322660
8.124,1322660
8.125,1322660
8.129,1322660
8.13,1322660
8.133,1322660
8.133,1322660
8.135,1322660
8.137,1322660
8.14,1322660
8.141,1322660
8.142,1322660
8.145,1322660
8.147,1322660
8.148,1322660
8.149,1322660
8.153,1322660
8.155,1322660
8.156,1322660
8.16,1322660
8.161,1322660
8.162,1322660
8.163,1322660
8.163,1322660
8.167,1322660
8.169,1322660
8.169,1322660
8.171,1322660
8.172,1322660
8.173,1322660
8.173,1322660
8.177,1322660
8.178,1322660
8.179,1322660
8.179,1322660
8.18,1322660
8.181,1322660
8.19,1322660
8.199,1322660
8.201,1322660
8.204,1322660
8.207,1322660
8.208,1322660
8.213,1322660
8.215,1322660
8.215,1322660
8.221,1322660
8.224,1322660
8.227,1322660
8.229,1322660
8.23,1322660
8.23,1322660
8.237,1322660
8.238,1322660
8.246,1322660
8.249,1322660
8.253,1322660
8.254,1322660
8.255,1322660
8.256,1322660
8.258,1322660
8.268,1322660
8.273,1322660
8.274,1322660
8.276,1322660
8.277,1322660
8.278,1322660
8.278,1322660
8.282,1322660
8.282,1322660
8.286,1322660
8.286,1322660
8.29,1322660
8.293,1322660
8.294,1322660
8.295,1322660
8.295,1322660
8.295,1322660
8.305,1322660
8.307,1322660
8.312,1322660
8.314,1322660
8.314,1322660
8.32,1322660
8.321,1322660
8.324,1322660
8.325,1322660
8.325,1322660
8.326,1322660
8.327,1322660
8.327,1322660
8.328,1322660
8.329,1322660
8.334,1322660
8.335,1322660
8.335,1322660
8.337,1322660
8.339,1322660
8.34,1322660
8.345,1322660
8.348,1322660
8.348,1322660
8.351,1322660
8.357,1322660
8.357,1322660
8.362,1322660
8.362,1322660
8.364,1322660
8.365,1322660
8.366,1322660
8.367,1322660
8.368,1322660
8.37,1322660
8.373,1322660
8.374,1322660
8.378,1322660
8.379,1322660
8.386,1322660
8.393,1322660
8.4,1322660
8.403,1322660
8.404,1322660
8.409,1322660
8.411,1322660
8.412,1322660
8.416,1322660
8.419,1322660
8.421,1322660
8.421,1322660
8.422,1322660
8.423,1322660
8.426,1322660
8.427,1322660
8.427,1322660
8.443,1322660
8.453,1322660
8.455,1322660
8.457,1322660
8.458,1322660
8.463,1322660
8.464,1322660
8.465,1322660
8.465,1322660
8.466,1322660
8.468,1322660
8.468,1322660
8.471,1322660
8.475,1322660
8.475,1322660
8.476,1322660
8.476,1322660
8.477,1322660
8.48,1322660
8.483,1322660
8.483,1322660
8.486,1322660
8.486,1322660
8.486,1322660
8.487,1322660
8.489,1322660
8.492,1322660
8.493,1322660
8.495,1322660
8.497,1322660
8.505,1322660
8.508,1322660
8.514,1322660
8.519,1322660
8.52,1322660
8.528,1322660
8.532,1322660
8.538,1322660
8.538,1322660
8.539,1322660
8.539,1322660
8.54,1322660
8.541,1322660
8.541,1322660
8.543,1322660
8.546,1322660
8.548,1322660
8.551,1322660
8.554,1322660
8.554,1322660
8.559,1322660
8.561,1322660
8.561,1322660
8.563,1322660
8.563,1322660
8.565,1322660
8.566,1322660
8.568,1322660
8.568,1322660
8.568,1322660
8.577,1322660
8.581,1322660
8.583,1322660
8.589,1322660
8.59,1322660
8.594,1322660
8.595,1322660
8.597,1322660
8.597,1322660
8.6,1322660
8.6,1322660
8.603,1322660
8.605,1322660
8.609,1322660
8.612,1322660
8.619,1322660
8.62,1322660
8.622,1322660
8.625,1322660
8.626,1322660
8.627,1322660
8.63,1322660
8.635,1322660
8.636,1322660
8.637,1322660
8.639,1322660
8.644,1322660
8.65,1322660
8.652,1322660
8.653,1322660
8.655,1322660
8.656,1322660
8.658,1322660
8.668,1322660
8.669,1322660
8.671,1322660
8.671,1322660
8.672,1322660
8.674,1322660
8.675,1322660
8.675,1322660
8.677,1322660
8.68,1322660
8.682,1322660
8.685,1322660
8.687,1322660
8.689,1322660
8.69,1322660
8.693,1322660
8.697,1322660
8.7,1322660
8.701,1322660
8.701,1322660
8.703,1322660
8.705,1322660
8.707,1322660
8.712,1322660
8.714,1322660
8.715,1322660
8.717,1322660
8.719,1322660
8.72,1322660
8.721,1322660
8.726,1322660
8.728,1322660
8.729,1322660
8.729,1322660
8.731,1322660
8.731,1322660
8.732,1322660
8.734,1322660
8.735,1322660
8.74,1322660
8.743,1322660
8.743,1322660
8.746,1322660
8.747,1322660
8.752,1322660
8.752,1322660
8.753,1322660
8.755,1322660
8.757,1322660
8.758,1322660
8.76,1322660
8.761,1322660
8.762,1322660
8.766,1322660
8.767,1322660
8.771,1322660
8.774,1322660
8.775,1322660
8.778,1322660
8.784,1322660
8.788,1322660
8.789,1322660
8.796,1322660
8.799,1322660
8.8,1322660
8.8,1322660
8.802,1322660
8.802,1322660
8.802,1322660
8.811,1322660
8.812,1322660
8.818,1322660
8.819,1322660
8.819,1322660
8.824,1322660
8.825,1322660
8.826,1322660
8.827,1322660
8.835,1322660
8.837,1322660
8.839,1322660
8.845,1322660
8.848,1322660
8.852,1322660
8.861,1322660
8.862,1322660
8.862,1322660
8.867,1322660
8.869,1322660
8.87,1322660
8.871,1322660
8.874,1322660
8.874,1322660
8.877,1322660
8.877,1322660
8.878,1322660
8.879,1322660
8.88,1322660
8.884,1322660
8.886,1322660
8.892,1322660
8.894,1322660
8.896,1322660
8.898,1322660
8.902,1322660
8.903,1322660
8.903,1322660
8.905,1322660
8.905,1322660
8.907,1322660
8.907,1322660
8.923,1322660
8.925,1322660
8.925,1322660
8.927,1322660
8.928,1322660
8.929,1322660
8.933,1322660
8.937,1322660
8.942,1322660
8.948,1322660
8.949,1322660
8.949,1322660
8.951,1322660
8.951,1322660
8.959,1322660
8.961,1322660
8.963,1322660
8.963,1322660
8.963,1322660
8.972,1322660
8.972,1322660
8.976,1322660
8.978,1322660
8.98,1322660
8.981,1322660
8.984,1322660
8.986,1322660
8.986,1322660
8.988,1322660
8.989,1322660
8.992,1322660
8.995,1322660
8.998,1322660
8.999,1322660
8.999,1322660
9,1322660
9.007,1322660
9.007,1322660
9.01,1322660
9.013,1322660
9.024,1322660
9.026,1322660
9.03,1322660
9.03,1322660
9.032,1322660
9.033,1322660
9.035,1322660
9.041,1322660
9.044,1322660
9.046,1322660
9.049,1322660
9.049,1322660
9.05,1322660
9.052,1322660
9.053,1322660
9.054,1322660
9.055,1322660
9.056,1322660
9.059,1322660
9.061,1322660
9.063,1322660
9.063,1322660
9.067,1322660
9.069,1322660
9.07,1322660
9.07,1322660
9.073,1322660
9.075,1322660
9.08,1322660
9.083,1322660
9.084,1322660
9.085,1322660
9.086,1322660
9.086,1322660
9.087,1322660
9.089,1322660
9.092,1322660
9.095,1322660
9.095,1322660
9.099,1322660
9.1,1322660
9.1,1322660
9.102,1322660
9.102,1322660
9.103,1322660
9.103,1322660
9.103,1322660
9.109,1322660
9.109,1322660
9.11,1322660
9.114,1322660
9.116,1322660
9.116,1322660
9.118,1322660
9.122,1322660
9.122,1322660
9.127,1322660
9.13,1322660
9.131,1322660
9.131,1322660
9.132,1322660
9.132,1322660
9.136,1322660
9.139,1322660
9.142,1322660
9.144,1322660
9.15,1322660
9.152,1322660
9.155,1322660
9.155,1322660
9.157,1322660
9.164,1322660
9.167,1322660
9.168,1322660
9.17,1322660
9.17,1322660
9.173,1322660
9.173,1322660
9.178,1322660
9.19,1322660
9.193,1322660
9.198,1322660
9.198,1322660
9.199,1322660
9.204,1322660
9.206,1322660
9.208,1322660
9.21,1322660
9.211,1322660
9.211,1322660
9.213,1322660
9.215,1322660
9.218,1322660
9.223,1322660
9.228,1322660
9.23,1322660
9.23,1322660
9.233,1322660
9.234,1322660
9.234,1322660
9.235,1322660
9.237,1322660
9.238,1322660
9.238,1322660
9.24,1322660
9.241,1322660
9.242,1322660
9.244,1322660
9.246,1322660
9.247,1322660
9.249,1322660
9.258,1322660
9.261,1322660
9.266,1322660
9.268,1322660
9.273,1322660
9.275,1322660
9.28,1322660
9.288,1322660
9.289,1322660
9.289,1322660
9.291,1322660
9.294,1322660
9.298,1322660
9.304,1322660
9.308,1322660
9.313,1322660
9.315,1322660
9.315,1322660
9.32,1322660
9.325,1322660
9.327,1322660
9.33,1322660
9.33,1322660
9.331,1322660
9.333,1322660
9.334,1322660
9.335,1322660
9.337,1322660
9.341,1322660
9.344,1322660
9.345,1322660
9.348,1322660
9.35,1322660
9.353,1322660
9.353,1322660
9.354,1322660
9.357,1322660
9.36,1322660
9.362,1322660
9.362,1322660
9.364,1322660
9.366,1322660
9.37,1322660
9.37,1322660
9.371,1322660
9.372,1322660
9.374,1322660
9.377,1322660
9.383,1322660
9.386,1322660
9.386,1322660
9.39,1322660
9.392,1322660
9.393,1322660
9.398,1322660
9.4,1322660
9.408,1322660
9.413,1322660
9.414,1322660
9.418,1322660
9.419,1322660
9.419,1322660
9.42,1322660
9.422,1322660
9.423,1322660
9.423,1322660
9.424,1322660
9.427,1322660
9.427,1322660
9.43,1322660
9.431,1322660
9.434,1322660
9.437,1322660
9.439,1322660
9.44,1322660
9.441,1322660
9.442,1322660
9.444,1322660
9.444,1322660
9.444,1322660
9.449,1322660
9.449,1322660
9.451,1322660
9.451,1322660
9.452,1322660
9.453,1322660
9.454,1322660
9.458,1322660
9.46,1322660
9.461,1322660
9.461,1322660
9.463,1322660
9.464,1322660
9.465,1322660
9.468,1322660
9.473,1322660
9.473,1322660
9.474,1322660
9.476,1322660
9.476,1322660
9.477,1322660
9.479,1322660
9.482,1322660
9.483,1322660
9.484,1322660
9.486,1322660
9.489,1322660
9.492,1322660
9.498,1322660
9.5,1322660
9.503,1322660
9.504,1322660
9.504,1322660
9.504,1322660
9.509,1322660
9.513,1322660
9.518,1322660
9.519,1322660
9.52,1322660
9.522,1322660
9.523,1322660
9.524,1322660
9.527,1322660
9.528,1322660
9.531,1322660
9.532,1322660
9.534,1322660
9.535,1322660
9.537,1322660
9.537,1322660
9.538,1322660
9.538,1322660
9.542,1322660
9.547,1322660
9.554,1322660
9.556,1322660
9.557,1322660
9.558,1322660
9.561,1322660
9.561,1322660
9.564,1322660
9.565,1322660
9.565,1322660
9.574,1322660
9.575,1322660
9.576,1322660
9.577,1322660
9.583,1322660
9.587,1322660
9.59,1322660
9.595,1322660
9.605,1322660
9.607,1322660
9.607,1322660
9.608,1322660
9.609,1322660
9.611,1322660
9.611,1322660
9.612,1322660
9.615,1322660
9.616,1322660
9.619,1322660
9.623,1322660
9.624,1322660
9.628,1322660
9.629,1322660
9.635,1322660
9.637,1322660
9.637,1322660
9.641,1322660
9.642,1322660
9.643,1322660
9.645,1322660
9.648,1322660
9.65,1322660
9.651,1322660
9.652,1322660
9.656,1322660
9.659,1322660
9.659,1322660
9.66,1322660
9.663,1322660
9.67,1322660
9.671,1322660
9.671,1322660
9.673,1322660
9.674,1322660
9.675,1322660
9.675,1322660
9.676,1322660
9.676,1322660
9.677,1322660
9.677,1322660
9.679,1322660
9.68,1322660
9.681,1322660
9.683,1322660
9.683,1322660
9.691,1322660
9.691,1322660
9.692,1322660
9.694,1322660
9.694,1322660
9.694,1322660
9.698,1322660
9.705,1322660
9.705,1322660
9.715,1322660
9.719,1322660
9.721,1322660
9.722,1322660
9.725,1322660
9.726,1322660
9.737,1322660
9.738,1322660
9.741,1322660
9.743,1322660
9.744,1322660
9.749,1322660
9.758,1322660
9.759,1322660
9.77,1322660
9.771,1322660
9.771,1322660
9.777,1322660
9.777,1322660
9.78,1322660
9.784,1322660
9.786,1322660
9.788,1322660
9.789,1322660
9.792,1322660
9.796,1322660
9.796,1322660
9.797,1322660
9.798,1322660
9.8,1322660
9.804,1322660
9.806,1322660
9.807,1322660
9.814,1322660
9.814,1322660
9.815,1322660
9.822,1322660
9.823,1322660
9.826,1322660
9.83,1322660
9.832,1322660
9.833,1322660
9.838,1322660
9.84,1322660
9.84,1322660
9.843,1322660
9.847,1322660
9.847,1322660
9.848,1322660
9.85,1322660
9.852,1322660
9.854,1322660
9.855,1322660
9.855,1322660
9.858,1322660
9.858,1322660
9.858,1322660
9.858,1322660
9.862,1322660
9.864,1322660
9.866,1322660
9.875,1322660
9.876,1322660
9.876,1322660
9.878,1322660
9.883,1322660
9.885,1322660
9.886,1322660
9.892,1322660
9.897,1322660
9.898,1322660
9.898,1322660
9.901,1322660
9.903,1322660
9.904,1322660
9.912,1322660
9.926,1322660
9.93,1322660
9.933,1322660
9.933,1322660
9.937,1322660
9.939,1322660
9.94,1322660
9.943,1322660
9.945,1322660
9.946,1322660
9.949,1322660
9.949,1322660
9.953,1322660
9.955,1322660
9.956,1322660
9.957,1322660
9.958,1322660
9.96,1322660
9.962,1322660
9.963,1322660
9.967,1322660
9.967,1322660
9.973,1322660
9.974,1322660
9.974,1322660
9.982,1322660
9.983,1322660
9.985,1322660
9.986,1322660
9.993,1322660
9.994,1322660
9.998,1322660
9.999,1322660
