0.015000,1353978
0.015000,1353301
0.015000,1352956
0.015000,1352750
0.015000,1352182
0.015000,1351975
0.015000,1351117
0.015000,1350339
0.015000,1349545
0.015000,1347580
0.015000,1347342
0.015000,1345207
0.015000,1340334
0.015000,1340079
0.015000,1339663
0.015000,1339190
0.015000,1338794
0.015000,1270046
0.015000,1265522
0.015000,1265416
0.015000,1265275
0.047000,1240541
0.047000,1238281
0.047000,1232877
0.047000,1232735
0.047000,1232019
0.156000,1230016
0.156000,1229620
0.156000,1228904
0.171000,1225210
0.171000,1224955
0.171000,1224559
0.171000,1222106
0.171000,1219733
0.203000,1203889
0.203000,1199481
0.203000,1198761
0.203000,1196698
0.203000,1196588
0.203000,1196473
0.203000,1196078
0.203000,1195075
0.360000,1185025
0.360000,1182716
0.360000,1182239
0.938000,1181860
0.938000,1181144
1.375000,1181051
1.390000,1180944
1.390000,1180153
6.581000,1180038
7.300000,1178611
