0.000000,1423207
0.000000,1406586
0.000000,1405780
0.000000,1405307
0.000000,1403984
0.000000,1403807
0.000000,1403293
0.000000,1403141
0.000000,1402542
0.000000,1402415
0.000000,1401934
0.000000,1401209
0.000000,1397467
0.000000,1395720
0.000000,1395487
0.000000,1389110
0.000000,1380949
0.000000,1376763
0.000000,1376756
0.000000,1376168
0.000000,1375931
0.015000,1307230
0.015000,1307088
0.015000,1303130
0.015000,1302875
0.015000,1298188
0.015000,1297847
0.015000,1296523
0.015000,1296127
0.031000,1274288
0.031000,1274052
0.031000,1273845
0.046000,1250951
0.046000,1250799
0.046000,1250454
0.046000,1249981
0.046000,1248979
0.046000,1221041
0.046000,1219793
0.078000,1217631
0.078000,1217224
0.078000,1216499
0.078000,1214261
0.078000,1214023
0.078000,1213216
0.078000,1211893
0.078000,1209927
0.078000,1209455
0.078000,1209200
0.078000,1203195
0.078000,1200238
0.078000,1197784
0.078000,1197388
0.078000,1194403
0.078000,1194154
0.078000,1194056
0.312000,1193244
0.312000,1192437
0.312000,1187544
0.312000,1184840
0.312000,1184416
0.312000,1183816
0.312000,1183012
0.312000,1182475
0.733000,1182279
1.030000,1181508
1.030000,1180908
1.374000,1180528
7.108000,1180195
7.108000,1179595
393.599000,1179536
421.485000,1179357
421.485000,1177492
421.485000,1176776
