0.016000,1468821
0.016000,1464414
0.016000,1463607
0.016000,1446986
0.016000,1446640
0.016000,1445317
0.016000,1445141
0.016000,1444665
0.016000,1443973
0.016000,1442794
0.016000,1442538
0.016000,1441462
0.016000,1440446
0.016000,1439456
0.016000,1434563
0.016000,1434111
0.016000,1391901
0.016000,1387670
0.016000,1386444
0.016000,1384552
0.016000,1383716
0.016000,1380479
0.016000,1314751
0.016000,1312297
0.016000,1309312
0.016000,1309063
0.016000,1308965
0.032000,1305083
0.032000,1303760
0.032000,1303287
0.032000,1296371
0.032000,1286331
0.032000,1285862
0.032000,1283736
0.032000,1280017
0.032000,1279773
0.032000,1277735
0.032000,1265324
0.032000,1256828
0.032000,1256591
0.032000,1241514
0.032000,1231619
0.032000,1231364
0.032000,1230618
0.032000,1230508
0.032000,1230394
0.032000,1229998
0.032000,1229987
0.047000,1219637
0.047000,1219611
0.047000,1219470
0.047000,1214956
0.047000,1207854
0.047000,1207792
0.047000,1207456
0.047000,1204634
0.047000,1204507
0.047000,1204471
0.047000,1203997
0.047000,1203103
0.063000,1203018
0.266000,1184068
0.266000,1183468
0.266000,1182654
0.266000,1182310
0.423000,1182204
0.532000,1181882
1.125000,1181577
2.438000,1181450
2.438000,1181351
3.703000,1181023
3.703000,1180786
3.703000,1180580
4.547000,1179595
157.077000,1179536
