0.000000,1364741
0.000000,1300337
0.000000,1299014
0.000000,1293565
0.000000,1289158
0.000000,1288975
0.000000,1287986
0.000000,1271365
0.000000,1268933
0.000000,1268418
0.016000,1268217
0.016000,1266092
0.016000,1265341
0.016000,1265327
0.016000,1264920
0.016000,1263255
0.016000,1263204
0.016000,1261627
0.016000,1258743
0.016000,1257907
0.016000,1190496
0.016000,1189690
0.016000,1184796
0.016000,1184476
0.016000,1183877
0.111000,1182481
0.111000,1181882
0.377000,1180908
1.470000,1180784
4.673000,1180701
6.234000,1180634
6.234000,1180160
6.234000,1179953
13.796000,1179832
34.837000,1178730
34.837000,1177666
