0.000000,1341173
0.000000,1340935
0.016000,1340680
0.016000,1340165
0.016000,1338020
0.016000,1333613
0.016000,1332806
0.016000,1329611
0.016000,1327937
0.016000,1327736
0.016000,1327373
0.016000,1327350
0.016000,1326873
0.016000,1326763
0.016000,1326367
0.016000,1300232
0.016000,1236736
0.016000,1232924
0.016000,1230190
0.016000,1229647
0.016000,1229149
0.032000,1224098
0.032000,1223956
0.032000,1223803
0.032000,1223596
0.032000,1222020
0.047000,1217828
0.063000,1211644
0.063000,1210848
0.063000,1210041
0.063000,1208076
0.063000,1207838
0.063000,1205800
0.063000,1205545
0.063000,1205403
0.063000,1204971
0.063000,1204575
0.063000,1204037
0.110000,1203848
0.110000,1203452
0.110000,1203231
0.110000,1202934
0.203000,1200620
0.203000,1199090
0.203000,1198908
0.203000,1195950
0.203000,1195695
0.203000,1195585
0.203000,1195189
0.813000,1194261
0.813000,1194078
0.813000,1193969
0.813000,1193854
1.312000,1191606
1.312000,1189297
1.312000,1186747
1.312000,1186031
1.312000,1180161
1.639000,1180038
5.748000,1179953
12.622000,1179595
329.817000,1179536
