0.000000,1319566
0.000000,1318930
0.000000,1318693
0.000000,1304214
0.000000,1304073
0.000000,1302108
0.000000,1265210
0.000000,1265182
0.000000,1213809
0.016000,1213332
0.016000,1213077
0.016000,1212681
0.063000,1212404
0.063000,1212381
0.063000,1208662
0.063000,1207866
0.063000,1207629
0.063000,1204924
0.063000,1204016
0.063000,1203761
0.063000,1202912
0.063000,1202675
0.063000,1202279
0.063000,1202073
0.485000,1200979
0.485000,1199114
0.485000,1197791
0.485000,1195418
0.516000,1194403
0.516000,1194154
0.516000,1194056
0.719000,1182455
0.719000,1181619
0.719000,1181019
1.202000,1180701
3.733000,1180638
3.733000,1180038
6.154000,1179802
6.154000,1179595
92.202000,1179536
