0.001,9671355
0.001,9539027
0.003,9504459
0.003,9473381
0.003,9471220
0.003,9467940
0.003,9467940
0.003,9465916
0.003,9446124
0.003,9396938
0.003,9375444
0.003,9338484
0.003,9330273
0.003,9258684
0.003,9253725
0.003,9241898
0.004,9199648
0.004,9192386
0.004,9191590
0.004,9098339
0.004,9098192
0.004,9012576
0.005,8977865
0.005,8948883
0.005,8685120
0.005,8555485
0.005,8548427
0.005,8522863
0.005,8520652
0.005,8475483
0.006,8348622
0.006,8337113
0.006,8296416
0.006,8295337
0.006,8288291
0.007,8209801
0.007,8183032
0.007,8075677
0.007,8068070
0.009,8038629
0.009,8037759
0.009,8030232
0.009,8030183
0.009,7858466
0.009,7848591
0.009,7835530
0.009,7798918
0.009,7719540
0.01,7715988
0.01,7707875
0.01,7583169
0.01,7575490
0.01,7484081
0.01,7476275
0.011,7420604
0.011,7383511
0.011,7383458
0.012,7383419
0.012,7382632
0.012,7356906
0.012,7336351
0.012,7324477
0.012,7184121
0.012,7183226
0.012,7172696
0.012,7116426
0.013,7092979
0.013,6887909
0.013,6883263
0.013,6871113
0.013,6823341
0.014,6797641
0.014,6764247
0.014,6764022
0.014,6741241
0.014,6711169
0.014,6709739
0.016,6693814
0.016,6580921
0.016,6528843
0.016,6286245
0.016,6230124
0.016,6230124
0.016,6228358
0.016,6204399
0.016,6186937
0.016,6161534
0.016,6151598
0.016,6151598
0.017,6115559
0.018,6061994
0.018,6061037
0.018,6057893
0.018,6052056
0.019,5931629
0.019,5931629
0.019,5930579
0.02,5907628
0.021,5890912
0.021,5872248
0.023,5728722
0.023,5728722
0.023,5727254
0.024,5649997
0.024,5582667
0.024,5582422
0.024,5582371
0.024,5572648
0.025,5572648
0.025,5569398
0.025,5556492
0.026,5547671
0.026,5501180
0.026,5484786
0.026,5355667
0.026,5306546
0.027,5306546
0.027,5281116
0.028,5214162
0.028,5202860
0.028,5193309
0.028,5187786
0.028,5187786
0.028,5185861
0.028,5108344
0.028,5083878
0.028,5043664
0.028,5043664
0.029,4992386
0.029,4846899
0.029,4843395
0.029,4805478
0.029,4795879
0.03,4769460
0.03,4768900
0.03,4753539
0.03,4731977
0.03,4730979
0.031,4730979
0.031,4715661
0.032,4713089
0.032,4644133
0.033,4574671
0.033,4574671
0.033,4568251
0.033,4567579
0.034,4566155
0.034,4566155
0.035,4564869
0.035,4560062
0.035,4486595
0.036,4484852
0.036,4307155
0.037,4274132
0.037,4269719
0.037,4269597
0.037,4269597
0.038,4245348
0.038,4220961
0.038,4220961
0.039,4220961
0.039,4219980
0.039,4155876
0.039,4152576
0.039,4148631
0.04,4133949
0.04,4084010
0.04,4075221
0.04,4023006
0.041,4014859
0.041,4003133
0.041,3954456
0.041,3919018
0.041,3918982
0.041,3918527
0.042,3913129
0.042,3811398
0.042,3799988
0.042,3799988
0.043,3785847
0.045,3785114
0.045,3784862
0.045,3780962
0.046,3750919
0.046,3740689
0.048,3695085
0.048,3604619
0.048,3597228
0.048,3596918
0.048,3596918
0.048,3545575
0.048,3538058
0.049,3532531
0.05,3507523
0.05,3491529
0.051,3484829
0.052,3467809
0.052,3453025
0.053,3451544
0.053,3451544
0.053,3450837
0.054,3450837
0.056,3444733
0.056,3443458
0.056,3406724
0.057,3390714
0.057,3390714
0.059,3390714
0.06,3386098
0.06,3386098
0.061,3382899
0.061,3382218
0.061,3370636
0.062,3370356
0.062,3363288
0.062,3363288
0.062,3360770
0.064,3359984
0.065,3350881
0.065,3317145
0.066,3265513
0.066,3265513
0.067,3264616
0.067,3264616
0.067,3242255
0.067,3227380
0.069,3227380
0.069,3206819
0.069,3206819
0.07,3206819
0.071,3204843
0.071,3138704
0.072,3129121
0.073,3128034
0.073,3123028
0.074,3078993
0.074,3050174
0.077,3047845
0.079,3045985
0.079,3045985
0.08,3045846
0.08,3039083
0.08,3030911
0.081,3030911
0.081,3024178
0.081,3023069
0.082,3003899
0.082,3003595
0.082,3001777
0.082,3001270
0.082,3001270
0.083,2983269
0.084,2978076
0.084,2945654
0.085,2902745
0.085,2900230
0.086,2897516
0.088,2869586
0.088,2869507
0.091,2869507
0.091,2868980
0.091,2868487
0.092,2867512
0.092,2846311
0.092,2838831
0.093,2823889
0.093,2733625
0.093,2724645
0.094,2721304
0.096,2638464
0.096,2613890
0.096,2560960
0.097,2560960
0.097,2560960
0.098,2555598
0.099,2555598
0.1,2555598
0.1,2550166
0.101,2550166
0.104,2550166
0.105,2550166
0.105,2550166
0.105,2550166
0.107,2550115
0.108,2548267
0.109,2544581
0.112,2544581
0.112,2544074
0.113,2538805
0.114,2538805
0.114,2536700
0.115,2536700
0.115,2534187
0.119,2531985
0.119,2529744
0.119,2467194
0.119,2457828
0.12,2384865
0.122,2370864
0.123,2369291
0.125,2369291
0.125,2369291
0.125,2365742
0.127,2365742
0.127,2365399
0.127,2365399
0.128,2342821
0.128,2339615
0.128,2338349
0.129,2338349
0.132,2330968
0.132,2326989
0.133,2326976
0.14,2325929
0.14,2325929
0.141,2325929
0.141,2325929
0.141,2325929
0.143,2310548
0.145,2303448
0.146,2303448
0.146,2291246
0.147,2286720
0.148,2286720
0.149,2286720
0.151,2273638
0.151,2237820
0.153,2234489
0.154,2234489
0.154,2211462
0.154,2211462
0.156,2211462
0.156,2210664
0.157,2172780
0.159,2172780
0.159,2157855
0.16,2157855
0.163,2149890
0.163,2149890
0.165,2136369
0.165,2134023
0.167,2134023
0.167,2134023
0.169,2134023
0.17,2123946
0.17,2070216
0.171,2070092
0.171,2069815
0.173,2067938
0.175,2067938
0.175,2067938
0.176,2067817
0.178,2067817
0.179,2066478
0.18,2066478
0.18,2064981
0.18,2064981
0.182,2058461
0.184,2058461
0.186,1998713
0.187,1998713
0.188,1963020
0.189,1958244
0.19,1958134
0.19,1958134
0.19,1958134
0.192,1958134
0.192,1955594
0.193,1955594
0.193,1955594
0.194,1955594
0.195,1944121
0.196,1944121
0.196,1944121
0.196,1941925
0.197,1941925
0.198,1941772
0.198,1941772
0.2,1941772
0.201,1938531
0.202,1938531
0.202,1938531
0.202,1910917
0.204,1910917
0.207,1904063
0.209,1901318
0.209,1901318
0.211,1900721
0.213,1900721
0.213,1897104
0.215,1887330
0.217,1887330
0.217,1886924
0.217,1886924
0.218,1886924
0.218,1884428
0.22,1884428
0.22,1884428
0.221,1884428
0.222,1879634
0.223,1864598
0.224,1864598
0.226,1864598
0.23,1864598
0.234,1863474
0.236,1854480
0.239,1838737
0.24,1824382
0.241,1824382
0.241,1824382
0.244,1813862
0.245,1813564
0.246,1808858
0.249,1808858
0.249,1808858
0.252,1808858
0.252,1808858
0.254,1807850
0.256,1807850
0.257,1805686
0.264,1805686
0.264,1790280
0.266,1790280
0.266,1782455
0.267,1782455
0.268,1781830
0.27,1777250
0.271,1777250
0.273,1777250
0.274,1760291
0.275,1760291
0.275,1759884
0.28,1758722
0.28,1754597
0.283,1754597
0.284,1746146
0.285,1746146
0.285,1746146
0.287,1746146
0.29,1746146
0.29,1746146
0.293,1735784
0.293,1733078
0.293,1733078
0.294,1733078
0.295,1722235
0.297,1719842
0.299,1716879
0.299,1716879
0.3,1716879
0.302,1716879
0.303,1716879
0.303,1716879
0.303,1716879
0.304,1716879
0.304,1716767
0.306,1716767
0.308,1716767
0.308,1715507
0.308,1715507
0.312,1715507
0.313,1715507
0.315,1696555
0.316,1696555
0.316,1690121
0.317,1669225
0.317,1669225
0.319,1667568
0.323,1667568
0.323,1667568
0.323,1666620
0.325,1666620
0.327,1666620
0.328,1666620
0.331,1666620
0.332,1666620
0.332,1666620
0.334,1666620
0.335,1660761
0.341,1660761
0.341,1660761
0.342,1618934
0.343,1618934
0.344,1617722
0.344,1617722
0.346,1617722
0.346,1617722
0.352,1617722
0.353,1617722
0.354,1617722
0.355,1617722
0.362,1617722
0.364,1617710
0.365,1610840
0.365,1610840
0.369,1610840
0.369,1573310
0.37,1573310
0.377,1573310
0.38,1573310
0.382,1573278
0.383,1573278
0.385,1497001
0.385,1497001
0.391,1497001
0.395,1473217
0.395,1473217
0.396,1473217
0.397,1473217
0.401,1464769
0.403,1464769
0.41,1454285
0.41,1454285
0.41,1454285
0.411,1454285
0.414,1454285
0.415,1454285
0.415,1454193
0.424,1448717
0.425,1448717
0.426,1448717
0.426,1448717
0.427,1448717
0.427,1447437
0.427,1447437
0.433,1447437
0.434,1447437
0.435,1447437
0.436,1447437
0.436,1447437
0.437,1443783
0.438,1443783
0.438,1443783
0.442,1443783
0.442,1443783
0.443,1443783
0.449,1441983
0.45,1441983
0.454,1441983
0.455,1439144
0.468,1439144
0.469,1436048
0.471,1436048
0.472,1436048
0.473,1436048
0.476,1436048
0.476,1436048
0.478,1436048
0.479,1436048
0.48,1436048
0.48,1436048
0.485,1436048
0.488,1436048
0.491,1436048
0.492,1436048
0.492,1436048
0.495,1436048
0.498,1436048
0.5,1436048
0.5,1436048
0.501,1436048
0.506,1436048
0.507,1436048
0.507,1427069
0.509,1427069
0.513,1427069
0.515,1427069
0.515,1427069
0.518,1427069
0.519,1427069
0.535,1427069
0.536,1425526
0.54,1425526
0.55,1425526
0.551,1425526
0.556,1425526
0.557,1425526
0.557,1425526
0.558,1425526
0.564,1425526
0.565,1425526
0.566,1425526
0.569,1425526
0.571,1425526
0.573,1416226
0.573,1416226
0.578,1416226
0.581,1416226
0.584,1416226
0.585,1416226
0.585,1416226
0.587,1416226
0.587,1416226
0.59,1416226
0.59,1416226
0.594,1416226
0.594,1416226
0.601,1416226
0.608,1416226
0.611,1416226
0.611,1416226
0.613,1415484
0.618,1415484
0.621,1415484
0.625,1415484
0.628,1415484
0.632,1415484
0.633,1415484
0.636,1415343
0.638,1415343
0.639,1415343
0.64,1415343
0.641,1415343
0.644,1412511
0.645,1412511
0.646,1410841
0.647,1410841
0.653,1410841
0.654,1410841
0.656,1410841
0.659,1410841
0.665,1410841
0.667,1410841
0.67,1410841
0.67,1410841
0.67,1410841
0.674,1410841
0.678,1410841
0.678,1410841
0.678,1410841
0.68,1410841
0.682,1410841
0.685,1410841
0.685,1410841
0.686,1410841
0.686,1405851
0.692,1405851
0.694,1405851
0.697,1405851
0.697,1405851
0.7,1405851
0.7,1405851
0.702,1405851
0.703,1405851
0.706,1405851
0.707,1405851
0.707,1405851
0.709,1405851
0.709,1405851
0.71,1405851
0.711,1405851
0.713,1405851
0.715,1405851
0.72,1405851
0.726,1405851
0.728,1405851
0.735,1405851
0.739,1405851
0.74,1405851
0.744,1405851
0.745,1405851
0.748,1405661
0.749,1402024
0.749,1402024
0.754,1402024
0.754,1402024
0.757,1402024
0.76,1402024
0.764,1402024
0.765,1397725
0.766,1397725
0.767,1397725
0.767,1397725
0.769,1397725
0.77,1397725
0.773,1397725
0.776,1397725
0.779,1397725
0.779,1397725
0.78,1397725
0.781,1397725
0.786,1397725
0.786,1397725
0.787,1397725
0.787,1397725
0.789,1397725
0.79,1397725
0.792,1397725
0.799,1397725
0.805,1397725
0.806,1397725
0.806,1397725
0.81,1397725
0.812,1397725
0.814,1397725
0.816,1397725
0.817,1397725
0.817,1397725
0.819,1397725
0.823,1397725
0.827,1397725
0.829,1397725
0.831,1397369
0.832,1397369
0.833,1397369
0.834,1397369
0.837,1388606
0.841,1387429
0.843,1387429
0.844,1387429
0.845,1387429
0.85,1387429
0.85,1387429
0.859,1387429
0.863,1387429
0.864,1387429
0.868,1387429
0.871,1387429
0.871,1381850
0.874,1381850
0.877,1381850
0.878,1381850
0.879,1381850
0.879,1381850
0.881,1380809
0.881,1380809
0.882,1380809
0.882,1380809
0.882,1380809
0.883,1380809
0.887,1380809
0.888,1380809
0.889,1380809
0.891,1380809
0.892,1380809
0.893,1380809
0.894,1380809
0.895,1380809
0.895,1380809
0.897,1380809
0.898,1380809
0.901,1380809
0.901,1380809
0.905,1380809
0.906,1380809
0.913,1380809
0.917,1360550
0.917,1360550
0.918,1360550
0.921,1360550
0.925,1360550
0.928,1360550
0.931,1360550
0.933,1360550
0.933,1360550
0.936,1360550
0.936,1360550
0.938,1360550
0.944,1360550
0.949,1360550
0.952,1360550
0.954,1360550
0.962,1360550
0.967,1360550
0.973,1332665
0.973,1326262
0.975,1326262
0.979,1326262
0.981,1326262
0.983,1326262
0.985,1305749
0.985,1305749
0.986,1305749
0.993,1305749
0.993,1305749
1,1305749
1.003,1305749
1.008,1305749
1.012,1305749
1.014,1305749
1.017,1305749
1.019,1305749
1.021,1305749
1.021,1305749
1.023,1305749
1.031,1305749
1.033,1305749
1.034,1305749
1.035,1305749
1.041,1305749
1.048,1305749
1.048,1305749
1.059,1305749
1.061,1305749
1.063,1305749
1.067,1305749
1.068,1305749
1.069,1305749
1.07,1305749
1.072,1305749
1.073,1305749
1.073,1305749
1.075,1305749
1.075,1305749
1.078,1305749
1.081,1305749
1.087,1305749
1.088,1305749
1.088,1305749
1.089,1305749
1.09,1305749
1.091,1305749
1.094,1305749
1.095,1305749
1.102,1305749
1.103,1305749
1.106,1305749
1.107,1305749
1.108,1305749
1.108,1305749
1.108,1305749
1.109,1305749
1.109,1305749
1.112,1305749
1.115,1305749
1.12,1305749
1.121,1305749
1.124,1305749
1.136,1305749
1.141,1305749
1.143,1305749
1.144,1305749
1.145,1305749
1.147,1305749
1.149,1305749
1.151,1305749
1.151,1305749
1.157,1305749
1.158,1305749
1.161,1305749
1.162,1305749
1.17,1305749
1.175,1305749
1.175,1305749
1.178,1305749
1.178,1305749
1.183,1305749
1.186,1305749
1.191,1305749
1.191,1305749
1.195,1305749
1.196,1305749
1.198,1305749
1.199,1305749
1.203,1305749
1.204,1305749
1.206,1305749
1.209,1305749
1.21,1305749
1.211,1305749
1.212,1305749
1.213,1305749
1.215,1305749
1.215,1305749
1.218,1305749
1.219,1305749
1.222,1305749
1.222,1305749
1.223,1305749
1.224,1305749
1.227,1305749
1.229,1305749
1.23,1305749
1.232,1305749
1.232,1305749
1.233,1305749
1.235,1305749
1.236,1305274
1.236,1305274
1.237,1305274
1.237,1299641
1.239,1299641
1.243,1299641
1.246,1299641
1.248,1299641
1.252,1299641
1.254,1299641
1.257,1299641
1.26,1294903
1.266,1294903
1.269,1294903
1.269,1294903
1.272,1294903
1.273,1294903
1.274,1294903
1.275,1294903
1.275,1294903
1.277,1294903
1.284,1294903
1.29,1294903
1.291,1294903
1.294,1294903
1.294,1294903
1.294,1294903
1.295,1294903
1.295,1294903
1.298,1294903
1.3,1294903
1.303,1294903
1.304,1294903
1.311,1292234
1.312,1292234
1.313,1292234
1.316,1292234
1.32,1292234
1.325,1279137
1.328,1279137
1.331,1279137
1.333,1279137
1.336,1279137
1.343,1279137
1.348,1279137
1.349,1279137
1.351,1279137
1.352,1279137
1.354,1279137
1.356,1279137
1.357,1279137
1.36,1279137
1.361,1279137
1.37,1279137
1.373,1279137
1.375,1279137
1.375,1279137
1.377,1279137
1.386,1279137
1.388,1279137
1.389,1279137
1.39,1279137
1.39,1279137
1.391,1279137
1.396,1279052
1.396,1279052
1.397,1279052
1.399,1279052
1.401,1279052
1.404,1279052
1.405,1279052
1.406,1279052
1.406,1279052
1.408,1279052
1.416,1279052
1.417,1279052
1.418,1279052
1.419,1279052
1.422,1279052
1.424,1279052
1.431,1279052
1.432,1279052
1.434,1279052
1.436,1279052
1.437,1279052
1.437,1279052
1.441,1279052
1.441,1279052
1.444,1279052
1.445,1279052
1.447,1279052
1.448,1279052
1.449,1279052
1.452,1279052
1.455,1279052
1.457,1279052
1.458,1279052
1.459,1279052
1.459,1279052
1.459,1279052
1.459,1279052
1.46,1279052
1.471,1279052
1.472,1279052
1.474,1279052
1.475,1279052
1.476,1279052
1.477,1279052
1.481,1279052
1.481,1279052
1.483,1279052
1.485,1279052
1.493,1279052
1.498,1279052
1.499,1279052
1.5,1279052
1.502,1279052
1.502,1279052
1.504,1279052
1.504,1279052
1.509,1279052
1.511,1279052
1.513,1279052
1.513,1279052
1.514,1279052
1.518,1279052
1.523,1279052
1.526,1279052
1.527,1279052
1.53,1279052
1.531,1279052
1.533,1279052
1.534,1279052
1.537,1279052
1.541,1279052
1.541,1279052
1.542,1279052
1.544,1279052
1.546,1279052
1.548,1279052
1.55,1279052
1.55,1279052
1.552,1279052
1.556,1279052
1.557,1279052
1.559,1279052
1.56,1279052
1.56,1279052
1.565,1279052
1.567,1279052
1.571,1279052
1.572,1279052
1.572,1278893
1.573,1278893
1.579,1278893
1.579,1278893
1.582,1274718
1.582,1274718
1.584,1274718
1.584,1274718
1.585,1274718
1.587,1274718
1.593,1274718
1.594,1274718
1.595,1274718
1.596,1274718
1.599,1274718
1.6,1274718
1.602,1274718
1.602,1269534
1.605,1269534
1.61,1269534
1.611,1269534
1.611,1268903
1.612,1268903
1.622,1268903
1.624,1268903
1.63,1268903
1.633,1268903
1.637,1268903
1.638,1268903
1.64,1268903
1.647,1268903
1.658,1268903
1.66,1268903
1.66,1268903
1.66,1268903
1.661,1268903
1.662,1268903
1.664,1268903
1.669,1268903
1.669,1268903
1.672,1268903
1.673,1268903
1.676,1266609
1.678,1266609
1.68,1266609
1.681,1266609
1.683,1266609
1.683,1266609
1.684,1266609
1.688,1266609
1.695,1266609
1.698,1266609
1.698,1266609
1.699,1266609
1.701,1266609
1.705,1266609
1.705,1266609
1.705,1266609
1.707,1266609
1.708,1266609
1.71,1266609
1.712,1266609
1.719,1266609
1.719,1266609
1.722,1266609
1.725,1266609
1.727,1266609
1.729,1266609
1.733,1266609
1.734,1266609
1.735,1266609
1.739,1266609
1.743,1266609
1.745,1266609
1.746,1266609
1.749,1266609
1.751,1266609
1.752,1266609
1.755,1266609
1.756,1266609
1.758,1266609
1.758,1266609
1.759,1266609
1.76,1266609
1.761,1266609
1.766,1266609
1.769,1266609
1.771,1266609
1.775,1266609
1.777,1266609
1.781,1266609
1.783,1266609
1.785,1266609
1.788,1266609
1.789,1266609
1.79,1266609
1.792,1266609
1.793,1266609
1.793,1266609
1.793,1266609
1.8,1266609
1.807,1266609
1.808,1266609
1.809,1266609
1.821,1266609
1.822,1266609
1.824,1266609
1.824,1266609
1.826,1266609
1.829,1266609
1.836,1266609
1.839,1266609
1.841,1266609
1.843,1266609
1.844,1266609
1.844,1266609
1.845,1266609
1.847,1266609
1.856,1266609
1.862,1266609
1.864,1266609
1.874,1266609
1.878,1266609
1.878,1266609
1.88,1266609
1.88,1266609
1.882,1266609
1.888,1266609
1.894,1266609
1.896,1266609
1.897,1266609
1.897,1266609
1.902,1266609
1.902,1266609
1.903,1266609
1.904,1266609
1.904,1266609
1.906,1266298
1.91,1266298
1.917,1266298
1.918,1266298
1.921,1266298
1.93,1266298
1.93,1266298
1.93,1266298
1.937,1266298
1.937,1266298
1.937,1266298
1.941,1266298
1.946,1266298
1.949,1266298
1.951,1266298
1.952,1266298
1.953,1266298
1.953,1266298
1.956,1266298
1.957,1266298
1.96,1266298
1.962,1266298
1.962,1266298
1.966,1266298
1.97,1266298
1.976,1266298
1.98,1266298
1.982,1266298
1.982,1266273
1.983,1266273
1.985,1266273
1.986,1266273
1.988,1266273
1.988,1266273
1.989,1266273
1.989,1266273
1.99,1266273
1.991,1266273
1.992,1266273
1.994,1266273
1.998,1266273
2.001,1266273
2.001,1266273
2.001,1265877
2.001,1265877
2.008,1265877
2.01,1265877
2.013,1265877
2.015,1265877
2.025,1265877
2.025,1265877
2.029,1265877
2.03,1265877
2.031,1265877
2.034,1265877
2.036,1265877
2.038,1265877
2.04,1265877
2.042,1265877
2.044,1265877
2.052,1265877
2.056,1265877
2.059,1265877
2.059,1265877
2.061,1265877
2.064,1265877
2.066,1265877
2.067,1265835
2.067,1265835
2.069,1265835
2.071,1265835
2.073,1247291
2.075,1247291
2.076,1247291
2.076,1247291
2.079,1247291
2.08,1247291
2.08,1247291
2.089,1247291
2.09,1247291
2.093,1247291
2.094,1247291
2.094,1247291
2.094,1247291
2.095,1247291
2.097,1247291
2.098,1247291
2.1,1247291
2.103,1247291
2.104,1247291
2.108,1247291
2.109,1247291
2.114,1247291
2.119,1247291
2.12,1247291
2.121,1247291
2.122,1247291
2.124,1247291
2.124,1247291
2.126,1247291
2.127,1247291
2.128,1247222
2.131,1247222
2.131,1247222
2.133,1247222
2.134,1247222
2.135,1247222
2.136,1247222
2.137,1247222
2.14,1247222
2.141,1247222
2.142,1247222
2.143,1247222
2.143,1247222
2.145,1247222
2.148,1247222
2.152,1247222
2.158,1247222
2.159,1247222
2.159,1247222
2.161,1247095
2.163,1247095
2.165,1247095
2.17,1247095
2.173,1247095
2.178,1247095
2.178,1247095
2.181,1247095
2.182,1247095
2.183,1247095
2.183,1247095
2.189,1247095
2.19,1247095
2.19,1247095
2.192,1247095
2.194,1247095
2.195,1247095
2.196,1247095
2.196,1247095
2.197,1247095
2.199,1247095
2.2,1247095
2.202,1247095
2.203,1247095
2.204,1247095
2.204,1246555
2.205,1246555
2.209,1246555
2.209,1246555
2.212,1246555
2.213,1246555
2.213,1246555
2.216,1246555
2.216,1246555
2.22,1246555
2.223,1246555
2.226,1246555
2.229,1246555
2.23,1246421
2.23,1246421
2.231,1246421
2.232,1246421
2.232,1246421
2.234,1246421
2.235,1242845
2.236,1242845
2.239,1242845
2.251,1242845
2.252,1242845
2.255,1242845
2.255,1242845
2.256,1242845
2.261,1242845
2.262,1242845
2.264,1242845
2.264,1242845
2.266,1242845
2.268,1242845
2.268,1242845
2.268,1242845
2.269,1242845
2.274,1242845
2.279,1242845
2.281,1242845
2.281,1242845
2.285,1242845
2.285,1242845
2.286,1242845
2.288,1242845
2.29,1242845
2.29,1242845
2.291,1242845
2.292,1242845
2.293,1242845
2.301,1242845
2.304,1242845
2.304,1242845
2.304,1242845
2.304,1242845
2.305,1242845
2.306,1242845
2.309,1242845
2.31,1242845
2.31,1242845
2.314,1242845
2.318,1242845
2.319,1242845
2.321,1242845
2.321,1242845
2.321,1242845
2.323,1242845
2.325,1242845
2.331,1242845
2.333,1242845
2.337,1242845
2.343,1242845
2.343,1242845
2.344,1242845
2.352,1242845
2.355,1242845
2.357,1242845
2.358,1242845
2.359,1242845
2.361,1242845
2.364,1242845
2.364,1242845
2.367,1242845
2.368,1242845
2.369,1242845
2.37,1242845
2.37,1242845
2.372,1242845
2.372,1242845
2.374,1242845
2.379,1242845
2.384,1242845
2.386,1242845
2.387,1242845
2.397,1242845
2.397,1242845
2.399,1242845
2.401,1242845
2.402,1242845
2.404,1242845
2.404,1242845
2.406,1242845
2.408,1242845
2.41,1242845
2.41,1242845
2.41,1242845
2.413,1242845
2.413,1242845
2.414,1242845
2.414,1242845
2.419,1242845
2.422,1242845
2.423,1242845
2.428,1242845
2.434,1242845
2.435,1242845
2.437,1242845
2.442,1242845
2.444,1242845
2.446,1242845
2.447,1242845
2.447,1242845
2.448,1242845
2.449,1242845
2.457,1242845
2.46,1242845
2.462,1242845
2.464,1242845
2.465,1242845
2.467,1242845
2.469,1242845
2.469,1242845
2.47,1242845
2.475,1242845
2.476,1242845
2.478,1242845
2.484,1242440
2.491,1242440
2.491,1242440
2.495,1242234
2.496,1242234
2.497,1242234
2.5,1242234
2.507,1242234
2.509,1242234
2.509,1242234
2.509,1242234
2.51,1242234
2.512,1242234
2.513,1242234
2.514,1242234
2.518,1242234
2.518,1242234
2.52,1242234
2.523,1242234
2.524,1242234
2.525,1242234
2.526,1242234
2.526,1242234
2.529,1242234
2.533,1242234
2.537,1242234
2.537,1242234
2.54,1242234
2.542,1242234
2.542,1242234
2.543,1242234
2.544,1242234
2.547,1242234
2.549,1242234
2.552,1242234
2.557,1242234
2.562,1242234
2.564,1242234
2.566,1242234
2.566,1242234
2.569,1242234
2.569,1242234
2.57,1242234
2.571,1242234
2.576,1242234
2.577,1242234
2.588,1242234
2.592,1242234
2.597,1242234
2.599,1242234
2.604,1242234
2.604,1242234
2.609,1242234
2.611,1242234
2.617,1242234
2.618,1242234
2.621,1242234
2.622,1242234
2.624,1242234
2.628,1242234
2.629,1242234
2.635,1242234
2.637,1242234
2.639,1242234
2.64,1242234
2.643,1242234
2.644,1242234
2.644,1242234
2.645,1242234
2.648,1242234
2.649,1242234
2.653,1242234
2.654,1242234
2.656,1242234
2.657,1242234
2.663,1242234
2.665,1242234
2.665,1242234
2.666,1242234
2.666,1242234
2.67,1242234
2.675,1242234
2.679,1242234
2.682,1242234
2.683,1242234
2.691,1242234
2.691,1242234
2.692,1242234
2.694,1242234
2.696,1242234
2.699,1242234
2.703,1242234
2.711,1242234
2.713,1242234
2.713,1242234
2.713,1242234
2.713,1242234
2.714,1242234
2.722,1242234
2.724,1242234
2.726,1242234
2.728,1242234
2.729,1242234
2.73,1242234
2.731,1242234
2.733,1242234
2.734,1242234
2.735,1242234
2.737,1242234
2.74,1242234
2.741,1242234
2.753,1242234
2.759,1242234
2.761,1242234
2.767,1242234
2.774,1242234
2.778,1242234
2.779,1242234
2.781,1242234
2.781,1242234
2.784,1242234
2.785,1242234
2.786,1242234
2.8,1242234
2.801,1242234
2.802,1242234
2.808,1242234
2.809,1242234
2.811,1242234
2.812,1242234
2.812,1242234
2.814,1242234
2.814,1242234
2.815,1242234
2.817,1242234
2.818,1242234
2.82,1242234
2.823,1242234
2.823,1242234
2.825,1242234
2.832,1242234
2.835,1242234
2.835,1242234
2.838,1242234
2.838,1242234
2.838,1242234
2.839,1242234
2.839,1242234
2.84,1242234
2.841,1242234
2.844,1242234
2.845,1242234
2.849,1242234
2.85,1242234
2.851,1242234
2.857,1242234
2.857,1242234
2.859,1242234
2.863,1242234
2.863,1242234
2.864,1242234
2.865,1242234
2.865,1242234
2.866,1242234
2.868,1242234
2.869,1242234
2.869,1242234
2.87,1242234
2.871,1242234
2.873,1242234
2.873,1242234
2.874,1242234
2.883,1242234
2.891,1242234
2.894,1242234
2.897,1242234
2.898,1242234
2.9,1242234
2.901,1242234
2.903,1242234
2.906,1242234
2.909,1242234
2.91,1242234
2.914,1242234
2.915,1242234
2.92,1242234
2.924,1242234
2.925,1242234
2.926,1242234
2.927,1242234
2.935,1242234
2.935,1242234
2.936,1242234
2.938,1242234
2.939,1242234
2.939,1242234
2.94,1242234
2.942,1242234
2.944,1242234
2.949,1242234
2.95,1242234
2.951,1242234
2.953,1242234
2.953,1242234
2.955,1242234
2.956,1242234
2.959,1242234
2.961,1242234
2.962,1242234
2.963,1242234
2.966,1242234
2.968,1242234
2.968,1242234
2.975,1242234
2.98,1242234
2.985,1242234
2.988,1242234
2.989,1242234
2.989,1242234
2.989,1242234
2.989,1242234
2.991,1242234
2.992,1242234
2.994,1242234
2.998,1242234
3,1242234
3.002,1242234
3.004,1242234
3.005,1242234
3.009,1242234
3.009,1242234
3.011,1242234
3.015,1242234
3.02,1242234
3.021,1242234
3.022,1242234
3.023,1242234
3.025,1242234
3.029,1242234
3.032,1242234
3.035,1242234
3.036,1242234
3.04,1242234
3.042,1242234
3.044,1242234
3.046,1242234
3.046,1242234
3.048,1242234
3.049,1242234
3.05,1242234
3.057,1242234
3.062,1242234
3.064,1242234
3.07,1242234
3.071,1242234
3.071,1242234
3.073,1242234
3.074,1242234
3.076,1242234
3.078,1242234
3.079,1242234
3.08,1242234
3.081,1242234
3.083,1242234
3.093,1242234
3.093,1242234
3.093,1242234
3.095,1242234
3.098,1242234
3.098,1242234
3.099,1242234
3.1,1242234
3.101,1242234
3.104,1242234
3.107,1242234
3.125,1242234
3.127,1242234
3.128,1242234
3.128,1242234
3.131,1242234
3.143,1242234
3.145,1242234
3.145,1242234
3.149,1242234
3.152,1242234
3.154,1242234
3.155,1242234
3.157,1242234
3.16,1242234
3.166,1242234
3.168,1242234
3.169,1242234
3.169,1242234
3.173,1242234
3.174,1242234
3.175,1242234
3.176,1242234
3.178,1242234
3.185,1242234
3.188,1242234
3.19,1242234
3.191,1242234
3.192,1242234
3.194,1242234
3.195,1242234
3.199,1242234
3.201,1242234
3.202,1242234
3.206,1242234
3.212,1242234
3.214,1242234
3.218,1242234
3.219,1242234
3.222,1242234
3.225,1242234
3.227,1242234
3.228,1242234
3.229,1242234
3.231,1242234
3.232,1242234
3.239,1242234
3.241,1242234
3.242,1242234
3.248,1242234
3.248,1242234
3.249,1242234
3.251,1242234
3.26,1242234
3.265,1242234
3.268,1242234
3.27,1242234
3.274,1242234
3.28,1242234
3.287,1242234
3.288,1242234
3.289,1242234
3.293,1242234
3.299,1242234
3.299,1242234
3.301,1242234
3.306,1242234
3.309,1242234
3.312,1242234
3.314,1242234
3.315,1242234
3.317,1242234
3.322,1242234
3.322,1242234
3.322,1242234
3.325,1242234
3.328,1242234
3.334,1242234
3.338,1242234
3.338,1242234
3.34,1242234
3.34,1242234
3.346,1242234
3.346,1242234
3.348,1242234
3.349,1242234
3.351,1242234
3.351,1242234
3.354,1242234
3.358,1242234
3.359,1242234
3.361,1242234
3.361,1242234
3.362,1242234
3.363,1242234
3.364,1242234
3.365,1242234
3.367,1242234
3.37,1242234
3.37,1242234
3.373,1242234
3.373,1242234
3.377,1242234
3.38,1242234
3.381,1242234
3.384,1242234
3.385,1242234
3.388,1242234
3.39,1242234
3.39,1242234
3.392,1242234
3.397,1242234
3.399,1242234
3.401,1242234
3.408,1242234
3.41,1242234
3.41,1242234
3.412,1242234
3.412,1242234
3.414,1242234
3.417,1242234
3.417,1242234
3.419,1242234
3.429,1242234
3.436,1242234
3.436,1242234
3.436,1242234
3.437,1242234
3.439,1242234
3.44,1242234
3.442,1242234
3.445,1242234
3.448,1242234
3.449,1242234
3.451,1242234
3.451,1242234
3.452,1242234
3.453,1242234
3.454,1242234
3.454,1242234
3.461,1242234
3.462,1242234
3.462,1242234
3.463,1242234
3.464,1242234
3.465,1242234
3.466,1242234
3.468,1242234
3.469,1242234
3.469,1242234
3.469,1242234
3.477,1242234
3.479,1242234
3.48,1242234
3.481,1242234
3.481,1242234
3.482,1242234
3.483,1242234
3.485,1242234
3.485,1242234
3.485,1242234
3.486,1242234
3.488,1242234
3.493,1242234
3.495,1242234
3.497,1242234
3.497,1242234
3.497,1242234
3.498,1242234
3.498,1242234
3.502,1242234
3.503,1242234
3.503,1242234
3.506,1242234
3.51,1242234
3.511,1242234
3.511,1242234
3.513,1242234
3.514,1242234
3.516,1242234
3.517,1242234
3.52,1242234
3.521,1242234
3.522,1242234
3.522,1242234
3.527,1242234
3.536,1242234
3.538,1242234
3.538,1242234
3.539,1242234
3.541,1242234
3.545,1242234
3.548,1242234
3.554,1242234
3.557,1242234
3.558,1242234
3.561,1242234
3.562,1242234
3.563,1242234
3.564,1242234
3.567,1242234
3.568,1242234
3.57,1242234
3.57,1242234
3.572,1242234
3.572,1242234
3.572,1242234
3.577,1242234
3.578,1242234
3.579,1242234
3.581,1242234
3.582,1242234
3.585,1242234
3.589,1242234
3.593,1242234
3.6,1242234
3.606,1242234
3.607,1242234
3.614,1242234
3.615,1242234
3.618,1242234
3.62,1242234
3.624,1242234
3.625,1242234
3.626,1242234
3.626,1242234
3.627,1242234
3.628,1242234
3.629,1242234
3.63,1242234
3.632,1242234
3.634,1242234
3.635,1242234
3.636,1242234
3.641,1242234
3.648,1242234
3.649,1242234
3.65,1242234
3.651,1242234
3.655,1242234
3.662,1242234
3.664,1242234
3.664,1242234
3.665,1242234
3.666,1242234
3.675,1242234
3.677,1242234
3.678,1242234
3.679,1242234
3.68,1242234
3.682,1242234
3.682,1242234
3.683,1242234
3.684,1242234
3.684,1242234
3.685,1242234
3.686,1242234
3.688,1242234
3.69,1242234
3.694,1242234
3.697,1242234
3.7,1242234
3.702,1242234
3.703,1242234
3.705,1242234
3.71,1242234
3.715,1242234
3.716,1242234
3.718,1242234
3.72,1242234
3.723,1242234
3.723,1242234
3.726,1242234
3.727,1242234
3.728,1242234
3.731,1242234
3.731,1242234
3.735,1242234
3.737,1242234
3.737,1242234
3.738,1242234
3.739,1242234
3.74,1242234
3.741,1242234
3.741,1242234
3.743,1242234
3.744,1242234
3.747,1242234
3.751,1242234
3.752,1242234
3.754,1242234
3.762,1242234
3.763,1242234
3.764,1242234
3.771,1242234
3.771,1242234
3.771,1242234
3.774,1242234
3.774,1242234
3.774,1242234
3.778,1242234
3.783,1242234
3.786,1242234
3.788,1242234
3.793,1242234
3.798,1242234
3.798,1242234
3.798,1242234
3.8,1242234
3.801,1242234
3.804,1242234
3.805,1242234
3.807,1242234
3.808,1242234
3.812,1242234
3.814,1242234
3.818,1242234
3.82,1242234
3.827,1242234
3.828,1242234
3.829,1242234
3.83,1242234
3.831,1242234
3.833,1242234
3.834,1242234
3.836,1242234
3.84,1242234
3.842,1242234
3.842,1242234
3.844,1242234
3.845,1242234
3.851,1242234
3.851,1242234
3.854,1242234
3.855,1242234
3.855,1242234
3.856,1242234
3.856,1242234
3.857,1242234
3.857,1242234
3.862,1242234
3.863,1242234
3.863,1242234
3.863,1242234
3.865,1242234
3.866,1242234
3.868,1242234
3.873,1242234
3.875,1242234
3.878,1242234
3.878,1242234
3.879,1242234
3.883,1242234
3.883,1242234
3.886,1242234
3.887,1242234
3.887,1242234
3.891,1242234
3.893,1242234
3.893,1242234
3.897,1242234
3.9,1242234
3.906,1242234
3.908,1242234
3.908,1242234
3.91,1242234
3.912,1242234
3.913,1242234
3.916,1242234
3.921,1242234
3.922,1242234
3.93,1242234
3.932,1242234
3.935,1242234
3.94,1242234
3.942,1242234
3.943,1242234
3.944,1242234
3.945,1242234
3.946,1242234
3.955,1242234
3.961,1242234
3.968,1242234
3.969,1242234
3.972,1242234
3.972,1242234
3.973,1242234
3.976,1242234
3.977,1242234
3.979,1242234
3.983,1242234
3.983,1242234
3.984,1242234
3.991,1242234
3.998,1242234
4.006,1242234
4.007,1242234
4.007,1242234
4.009,1242234
4.01,1242234
4.014,1242234
4.017,1242234
4.017,1242234
4.018,1242234
4.019,1242234
4.023,1242234
4.023,1242234
4.024,1242234
4.03,1242234
4.033,1242234
4.034,1242234
4.035,1242234
4.036,1242234
4.037,1242234
4.039,1242234
4.039,1242234
4.045,1242234
4.047,1242234
4.047,1242234
4.048,1242234
4.056,1242234
4.059,1242234
4.059,1242234
4.061,1242234
4.061,1242234
4.061,1242234
4.061,1242234
4.063,1242234
4.064,1242234
4.065,1242234
4.066,1242234
4.069,1242234
4.072,1242234
4.075,1242234
4.075,1242234
4.077,1242234
4.081,1242234
4.085,1242234
4.086,1242234
4.091,1242234
4.092,1242234
4.098,1242234
4.101,1242234
4.103,1242234
4.106,1242234
4.109,1242234
4.11,1242234
4.114,1242234
4.115,1242234
4.117,1242234
4.128,1242234
4.134,1242234
4.134,1242234
4.137,1242234
4.139,1242234
4.139,1242234
4.139,1242234
4.141,1242234
4.144,1242234
4.145,1242234
4.147,1242234
4.147,1242234
4.151,1242234
4.151,1242234
4.155,1242234
4.155,1242234
4.16,1242234
4.165,1242234
4.167,1242234
4.169,1242234
4.171,1242234
4.172,1242234
4.174,1242234
4.175,1242234
4.176,1242234
4.178,1242234
4.179,1242234
4.18,1242234
4.18,1242234
4.182,1242234
4.185,1242234
4.186,1242234
4.187,1242234
4.188,1242234
4.192,1242234
4.193,1242234
4.193,1242234
4.193,1242234
4.195,1242234
4.196,1242234
4.196,1242234
4.199,1242234
4.199,1242234
4.201,1242234
4.205,1242234
4.206,1242234
4.21,1242234
4.217,1242234
4.219,1242234
4.224,1242234
4.231,1242234
4.232,1242234
4.233,1242234
4.235,1242234
4.236,1242234
4.237,1242234
4.239,1242234
4.24,1242234
4.241,1242234
4.242,1242234
4.246,1242234
4.248,1242234
4.256,1242234
4.256,1242234
4.264,1242234
4.267,1242234
4.269,1242234
4.27,1242234
4.27,1242234
4.275,1242234
4.275,1242234
4.276,1242234
4.278,1242234
4.28,1242234
4.281,1242234
4.282,1242234
4.286,1242234
4.286,1242234
4.287,1242234
4.287,1242234
4.288,1242234
4.289,1242234
4.29,1242234
4.29,1242234
4.291,1242234
4.293,1242234
4.295,1242234
4.295,1242234
4.296,1242234
4.299,1242234
4.306,1242234
4.307,1242234
4.307,1242234
4.311,1242234
4.313,1242234
4.314,1242234
4.315,1242234
4.316,1242234
4.317,1242234
4.318,1242234
4.319,1242234
4.322,1242234
4.323,1242234
4.323,1242234
4.325,1242234
4.328,1242234
4.334,1242234
4.334,1242234
4.335,1242234
4.339,1242234
4.34,1242234
4.34,1242234
4.34,1242234
4.344,1242234
4.345,1242234
4.346,1242234
4.347,1242234
4.355,1242234
4.363,1242234
4.365,1242234
4.366,1242234
4.367,1242234
4.371,1242234
4.38,1242234
4.381,1242234
4.382,1242234
4.384,1242234
4.384,1242234
4.392,1242234
4.392,1242234
4.393,1242234
4.395,1242234
4.399,1242234
4.399,1242234
4.402,1242234
4.403,1242234
4.403,1242234
4.403,1242234
4.404,1242234
4.411,1242234
4.412,1242234
4.414,1242234
4.415,1242234
4.419,1242234
4.424,1242234
4.425,1242234
4.427,1242234
4.428,1242234
4.429,1242234
4.43,1242234
4.43,1242234
4.43,1242234
4.431,1242234
4.432,1242234
4.434,1242234
4.434,1242234
4.44,1242234
4.44,1242234
4.447,1242234
4.451,1242234
4.452,1242234
4.458,1242234
4.459,1242234
4.46,1242234
4.46,1242234
4.461,1242234
4.478,1242234
4.479,1242234
4.479,1242234
4.48,1242234
4.481,1242234
4.483,1242234
4.486,1242234
4.49,1242234
4.493,1242234
4.499,1242234
4.508,1242234
4.509,1242234
4.513,1242234
4.515,1242234
4.515,1242234
4.516,1242234
4.518,1242234
4.519,1242234
4.523,1242234
4.524,1242234
4.528,1242234
4.528,1242234
4.528,1242234
4.536,1242234
4.54,1242234
4.545,1242234
4.548,1242234
4.549,1242234
4.551,1242234
4.552,1242234
4.555,1242234
4.556,1242234
4.558,1242234
4.562,1242234
4.568,1242234
4.569,1242234
4.574,1242234
4.576,1242234
4.576,1242234
4.578,1242234
4.578,1242234
4.581,1242234
4.591,1242234
4.598,1242234
4.598,1242234
4.603,1242234
4.603,1242234
4.604,1242234
4.604,1242234
4.606,1242234
4.609,1242234
4.61,1242234
4.611,1242234
4.613,1242234
4.617,1242234
4.618,1242234
4.619,1242234
4.62,1242234
4.625,1242234
4.626,1242234
4.629,1242234
4.63,1242234
4.635,1242234
4.637,1242234
4.641,1242234
4.643,1242234
4.647,1242234
4.647,1242234
4.65,1242234
4.65,1242234
4.651,1242234
4.654,1242234
4.655,1242234
4.656,1242234
4.658,1242234
4.658,1242234
4.659,1242234
4.666,1242234
4.669,1242234
4.673,1242234
4.674,1242234
4.674,1242234
4.676,1242234
4.677,1242234
4.68,1242234
4.683,1242234
4.689,1242234
4.689,1242234
4.69,1242234
4.693,1242234
4.695,1242234
4.705,1242234
4.709,1242234
4.711,1242234
4.712,1242234
4.715,1242234
4.717,1242234
4.719,1242234
4.726,1242234
4.732,1242234
4.732,1242234
4.736,1242234
4.736,1242234
4.737,1242234
4.738,1242234
4.738,1242234
4.739,1242234
4.741,1242234
4.745,1242234
4.748,1242234
4.753,1242234
4.757,1242234
4.759,1242234
4.76,1242234
4.762,1242234
4.764,1242234
4.767,1242234
4.769,1242234
4.769,1242234
4.772,1242234
4.775,1242234
4.78,1242234
4.781,1242234
4.782,1242234
4.782,1242234
4.787,1242234
4.79,1242234
4.791,1242234
4.806,1242234
4.81,1242234
4.815,1242234
4.816,1242234
4.818,1242234
4.819,1242234
4.823,1242234
4.824,1242234
4.828,1242234
4.834,1242234
4.835,1242234
4.842,1242234
4.856,1242234
4.86,1242234
4.862,1242234
4.863,1242234
4.864,1242234
4.866,1242234
4.866,1242234
4.869,1242234
4.871,1242234
4.875,1242234
4.876,1242234
4.879,1242234
4.88,1242234
4.883,1242234
4.886,1242234
4.887,1242234
4.89,1242234
4.891,1242234
4.903,1242234
4.903,1242234
4.904,1242234
4.905,1242234
4.908,1242234
4.909,1242234
4.912,1242234
4.915,1242234
4.915,1242234
4.917,1242234
4.917,1242234
4.918,1242234
4.919,1242234
4.921,1242234
4.922,1242234
4.926,1242234
4.928,1242234
4.928,1242234
4.929,1242234
4.933,1242234
4.934,1242234
4.937,1242234
4.938,1242234
4.938,1242234
4.942,1242234
4.946,1242234
4.948,1242234
4.951,1242234
4.953,1242234
4.953,1242234
4.956,1242234
4.958,1242234
4.959,1242234
4.96,1242234
4.964,1242234
4.964,1242234
4.964,1242234
4.965,1242234
4.965,1242234
4.968,1242234
4.972,1242234
4.973,1242234
4.975,1242234
4.979,1242234
4.979,1242234
4.98,1242234
4.984,1242234
4.984,1242234
4.985,1242234
4.985,1242234
4.986,1242234
4.987,1242234
4.987,1242234
4.992,1242234
4.996,1242234
5,1242234
5.001,1242234
5.003,1242234
5.007,1242234
5.007,1242234
5.011,1242234
5.013,1242234
5.015,1242234
5.018,1242234
5.022,1242234
5.033,1242234
5.041,1242234
5.041,1242234
5.044,1242234
5.044,1242234
5.044,1242234
5.046,1242234
5.046,1242234
5.057,1242234
5.059,1242234
5.064,1242234
5.066,1242234
5.066,1242234
5.067,1242234
5.069,1242234
5.069,1242234
5.071,1242234
5.071,1242234
5.073,1242234
5.082,1242234
5.084,1242234
5.086,1242234
5.087,1242234
5.088,1242234
5.09,1242234
5.09,1242234
5.093,1242234
5.096,1242234
5.098,1242234
5.1,1242234
5.1,1242234
5.101,1242234
5.102,1242234
5.102,1242234
5.104,1242234
5.105,1242234
5.106,1242234
5.11,1242234
5.11,1242234
5.112,1242234
5.113,1242234
5.114,1242234
5.117,1242234
5.119,1242234
5.119,1242234
5.121,1242234
5.121,1242234
5.124,1242234
5.124,1242234
5.127,1242234
5.127,1242234
5.127,1242234
5.128,1242234
5.131,1242234
5.133,1242234
5.134,1242234
5.135,1242234
5.141,1242234
5.146,1242234
5.146,1242234
5.149,1242234
5.154,1242234
5.155,1242234
5.156,1242234
5.156,1242234
5.161,1242234
5.162,1242234
5.163,1242234
5.168,1242234
5.169,1242234
5.17,1242234
5.171,1242234
5.171,1242234
5.172,1242234
5.173,1242234
5.174,1242234
5.174,1242234
5.175,1242234
5.178,1242234
5.18,1242234
5.183,1242234
5.186,1242234
5.194,1242234
5.196,1242234
5.196,1242234
5.203,1242234
5.21,1242234
5.21,1242234
5.214,1242234
5.215,1242234
5.218,1242234
5.219,1242234
5.22,1242234
5.223,1242234
5.226,1242234
5.23,1242234
5.231,1242234
5.232,1242234
5.233,1242234
5.234,1242234
5.235,1242234
5.242,1242234
5.243,1242234
5.244,1242234
5.245,1242234
5.245,1242234
5.247,1242234
5.25,1242234
5.252,1242234
5.253,1242234
5.255,1242234
5.256,1242234
5.257,1242234
5.257,1242234
5.26,1242234
5.263,1242234
5.27,1242234
5.272,1242234
5.273,1242234
5.274,1242234
5.275,1242234
5.28,1242234
5.283,1242234
5.285,1242234
5.286,1242234
5.288,1242234
5.291,1242234
5.291,1242234
5.294,1242234
5.297,1242234
5.297,1242234
5.299,1242234
5.302,1242234
5.305,1242234
5.311,1242234
5.315,1242234
5.318,1242234
5.32,1242234
5.321,1242234
5.325,1242234
5.327,1242234
5.327,1242234
5.329,1242234
5.33,1242234
5.331,1242234
5.333,1242234
5.333,1242234
5.334,1242234
5.337,1242234
5.337,1242234
5.339,1242234
5.339,1242234
5.346,1242234
5.351,1242234
5.351,1242234
5.352,1242234
5.354,1242234
5.355,1242234
5.355,1242234
5.363,1242234
5.364,1242234
5.364,1242234
5.366,1242234
5.37,1242234
5.37,1242234
5.37,1242234
5.37,1242234
5.372,1242234
5.373,1242234
5.375,1242234
5.375,1242234
5.376,1242234
5.379,1242234
5.38,1242234
5.389,1242234
5.393,1242234
5.395,1242234
5.397,1242234
5.398,1242234
5.399,1242234
5.401,1242234
5.403,1242234
5.409,1242234
5.412,1242234
5.415,1242234
5.417,1242234
5.418,1242234
5.426,1242234
5.435,1242234
5.435,1242234
5.437,1242234
5.438,1242234
5.444,1242234
5.448,1242234
5.449,1242234
5.45,1242234
5.453,1242234
5.454,1242234
5.454,1242234
5.457,1242234
5.458,1242234
5.465,1242234
5.466,1242234
5.47,1242234
5.473,1242234
5.473,1242234
5.481,1242234
5.488,1242234
5.489,1242234
5.489,1242234
5.491,1242234
5.491,1242234
5.491,1242234
5.493,1242234
5.494,1242234
5.494,1242234
5.496,1242234
5.497,1242234
5.499,1242234
5.505,1242234
5.506,1242234
5.507,1242234
5.51,1242234
5.513,1242234
5.515,1242234
5.518,1242234
5.52,1242234
5.521,1242234
5.523,1242234
5.523,1242234
5.525,1242234
5.526,1242234
5.526,1242234
5.53,1242234
5.53,1242234
5.532,1242234
5.535,1242234
5.537,1242234
5.537,1242234
5.541,1242234
5.541,1242234
5.542,1242234
5.543,1242234
5.546,1242234
5.546,1242234
5.549,1242234
5.556,1242234
5.558,1242234
5.559,1242234
5.567,1242234
5.57,1242234
5.573,1242234
5.575,1242234
5.578,1242234
5.58,1242234
5.585,1242234
5.585,1242234
5.586,1242234
5.586,1242234
5.587,1242234
5.593,1242234
5.599,1242234
5.602,1242234
5.608,1242234
5.609,1242234
5.611,1242234
5.615,1242234
5.618,1242234
5.618,1242234
5.621,1242234
5.621,1242234
5.621,1242234
5.622,1242234
5.626,1242234
5.632,1242234
5.639,1242234
5.641,1242234
5.647,1242234
5.652,1242234
5.656,1242234
5.658,1242234
5.659,1242234
5.66,1242234
5.662,1242234
5.662,1242234
5.663,1242234
5.667,1242234
5.668,1242234
5.67,1242234
5.672,1242234
5.674,1242234
5.677,1242234
5.678,1242234
5.679,1242234
5.683,1242234
5.687,1242234
5.689,1242234
5.691,1242234
5.692,1242234
5.693,1242234
5.693,1242234
5.695,1242234
5.696,1242234
5.698,1242234
5.7,1242234
5.711,1242234
5.713,1242234
5.713,1242234
5.714,1242234
5.717,1242234
5.718,1242234
5.721,1242234
5.722,1242234
5.726,1242234
5.735,1242234
5.735,1242234
5.739,1242234
5.741,1242234
5.742,1242234
5.75,1242234
5.751,1242234
5.752,1242234
5.758,1242234
5.761,1242234
5.761,1242234
5.763,1242234
5.767,1242234
5.771,1242234
5.773,1242234
5.777,1242234
5.778,1242234
5.781,1242234
5.786,1242234
5.786,1242234
5.787,1242234
5.787,1242234
5.788,1242234
5.788,1242234
5.79,1242234
5.791,1242234
5.794,1242234
5.795,1242234
5.796,1242234
5.798,1242234
5.8,1242234
5.8,1242234
5.805,1242234
5.808,1242234
5.809,1242234
5.809,1242234
5.81,1242234
5.813,1242234
5.818,1242234
5.82,1242234
5.824,1242234
5.825,1242234
5.826,1242234
5.827,1242234
5.83,1242234
5.834,1242234
5.835,1242234
5.837,1242234
5.838,1242234
5.842,1242234
5.845,1242234
5.845,1242234
5.845,1242234
5.846,1242234
5.847,1242234
5.848,1242234
5.851,1242234
5.86,1242234
5.865,1242234
5.871,1242234
5.871,1242234
5.872,1242234
5.875,1242234
5.876,1242234
5.876,1242234
5.879,1242234
5.885,1242234
5.891,1242234
5.893,1242234
5.895,1242234
5.899,1242234
5.899,1242234
5.905,1242234
5.906,1242234
5.911,1242234
5.913,1242234
5.914,1242234
5.916,1242234
5.919,1242234
5.927,1242234
5.932,1242234
5.935,1242234
5.936,1242234
5.945,1242234
5.954,1242234
5.954,1242234
5.957,1242234
5.958,1242234
5.962,1242234
5.963,1242234
5.963,1242234
5.963,1242234
5.965,1242234
5.966,1242234
5.966,1242234
5.967,1242234
5.97,1242234
5.972,1242234
5.974,1242234
5.974,1242234
5.976,1242234
5.98,1242234
5.983,1242234
5.987,1242234
5.987,1242234
5.994,1242234
5.996,1242234
5.997,1242234
5.997,1242234
5.998,1242234
5.999,1242234
6.001,1242234
6.004,1242234
6.005,1242234
6.007,1242234
6.009,1242234
6.01,1242234
6.011,1242234
6.022,1242234
6.026,1242234
6.028,1242234
6.03,1242234
6.036,1242234
6.037,1242234
6.037,1242234
6.047,1242234
6.048,1242234
6.048,1242234
6.049,1242234
6.05,1242234
6.05,1242234
6.055,1242234
6.055,1242234
6.057,1242234
6.058,1242234
6.065,1242234
6.067,1242234
6.068,1242234
6.072,1242234
6.075,1242234
6.078,1242234
6.078,1242234
6.082,1242234
6.086,1242234
6.088,1242234
6.088,1242234
6.097,1242234
6.098,1242234
6.101,1242234
6.103,1242234
6.104,1242234
6.106,1242234
6.106,1242234
6.109,1242234
6.109,1242234
6.11,1242234
6.112,1242234
6.114,1242234
6.115,1242234
6.118,1242234
6.119,1242234
6.119,1242234
6.121,1242234
6.123,1242234
6.124,1242234
6.125,1242234
6.127,1242234
6.128,1242234
6.13,1242234
6.132,1242234
6.133,1242234
6.136,1242234
6.136,1242234
6.136,1242234
6.14,1242234
6.14,1242234
6.144,1242234
6.149,1242234
6.151,1242234
6.153,1242234
6.154,1242234
6.155,1242234
6.157,1242234
6.161,1242234
6.161,1242234
6.162,1242234
6.162,1242234
6.166,1242234
6.172,1242234
6.175,1242234
6.183,1242234
6.183,1242234
6.186,1242234
6.187,1242234
6.19,1242234
6.194,1242234
6.197,1242234
6.2,1242234
6.204,1242234
6.205,1242234
6.208,1242234
6.209,1242234
6.212,1242234
6.215,1242234
6.218,1242234
6.222,1242234
6.233,1242234
6.234,1242234
6.238,1242234
6.24,1242234
6.241,1242234
6.241,1242234
6.242,1242234
6.245,1242234
6.245,1242234
6.246,1242234
6.247,1242234
6.248,1242234
6.25,1242234
6.266,1242234
6.268,1242234
6.269,1242234
6.269,1242234
6.272,1242234
6.273,1242234
6.277,1242234
6.281,1242234
6.284,1242234
6.285,1242234
6.286,1242234
6.288,1242234
6.289,1242234
6.289,1242234
6.293,1242234
6.297,1242234
6.299,1242234
6.301,1242234
6.303,1242234
6.306,1242234
6.307,1242234
6.307,1242234
6.315,1242234
6.322,1242234
6.324,1242234
6.326,1242234
6.328,1242234
6.334,1242234
6.334,1242234
6.335,1242234
6.336,1242234
6.338,1242234
6.343,1242234
6.344,1242234
6.346,1242234
6.346,1242234
6.347,1242234
6.349,1242234
6.351,1242234
6.351,1242234
6.359,1242234
6.363,1242234
6.364,1242234
6.366,1242234
6.366,1242234
6.37,1242234
6.371,1242234
6.379,1242234
6.386,1242234
6.386,1242234
6.387,1242234
6.387,1242234
6.389,1242234
6.39,1242234
6.393,1242234
6.395,1242234
6.398,1242234
6.4,1242234
6.404,1242234
6.404,1242234
6.411,1242234
6.413,1242234
6.413,1242234
6.413,1242234
6.414,1242234
6.418,1242234
6.422,1242234
6.423,1242234
6.423,1242234
6.425,1242234
6.427,1242234
6.429,1242234
6.429,1242234
6.432,1242234
6.436,1242234
6.443,1242234
6.453,1242234
6.453,1242234
6.457,1242234
6.462,1242234
6.462,1242234
6.462,1242234
6.466,1242234
6.47,1242234
6.471,1242234
6.475,1242234
6.476,1242234
6.477,1242234
6.481,1242234
6.483,1242234
6.483,1242234
6.483,1242234
6.485,1242234
6.491,1242234
6.495,1242234
6.507,1242234
6.508,1242234
6.509,1242234
6.509,1242234
6.51,1242234
6.51,1242234
6.512,1242234
6.513,1242234
6.519,1242234
6.52,1242234
6.521,1242234
6.525,1242234
6.526,1242234
6.526,1242234
6.529,1242234
6.532,1242234
6.534,1242234
6.534,1242234
6.534,1242234
6.535,1242234
6.539,1242234
6.542,1242234
6.554,1242234
6.559,1242234
6.56,1242234
6.564,1242234
6.568,1242234
6.569,1242234
6.576,1242234
6.579,1242234
6.583,1242234
6.583,1242234
6.591,1242234
6.591,1242234
6.595,1242234
6.596,1242234
6.597,1242234
6.597,1242234
6.599,1242234
6.601,1242234
6.601,1242234
6.603,1242234
6.604,1242234
6.605,1242234
6.608,1242234
6.61,1242234
6.611,1242234
6.612,1242234
6.615,1242234
6.616,1242234
6.617,1242234
6.62,1242234
6.626,1242234
6.626,1242234
6.627,1242234
6.629,1242234
6.644,1242234
6.647,1242234
6.647,1242234
6.648,1242234
6.648,1242234
6.649,1242234
6.652,1242234
6.652,1242234
6.656,1242234
6.657,1242234
6.657,1242234
6.66,1242234
6.66,1242234
6.661,1242234
6.662,1242234
6.662,1242234
6.664,1242234
6.665,1242234
6.665,1242234
6.665,1242234
6.666,1242234
6.671,1242234
6.672,1242234
6.678,1242234
6.679,1242234
6.681,1242234
6.681,1242234
6.683,1242234
6.683,1242234
6.688,1242234
6.693,1242234
6.694,1242234
6.696,1242234
6.697,1242234
6.7,1242234
6.701,1242234
6.703,1242234
6.704,1242234
6.705,1242234
6.707,1242234
6.709,1242234
6.711,1242234
6.713,1242234
6.713,1242234
6.716,1242234
6.72,1242234
6.722,1242234
6.723,1242234
6.724,1242234
6.725,1242234
6.726,1242234
6.727,1242234
6.728,1242234
6.73,1242234
6.733,1242234
6.733,1242234
6.733,1242234
6.733,1242234
6.736,1242234
6.736,1242234
6.736,1242234
6.74,1242234
6.743,1242234
6.744,1242234
6.746,1242234
6.752,1242234
6.755,1242234
6.762,1242234
6.762,1242234
6.764,1242234
6.772,1242234
6.774,1242234
6.775,1242234
6.776,1242234
6.777,1242234
6.779,1242234
6.779,1242234
6.781,1242234
6.786,1242234
6.787,1242234
6.788,1242234
6.793,1242234
6.794,1242234
6.795,1242234
6.798,1242234
6.808,1242234
6.808,1242234
6.812,1242234
6.821,1242234
6.825,1242234
6.827,1242234
6.829,1242234
6.832,1242234
6.836,1242234
6.838,1242234
6.845,1242234
6.846,1242234
6.847,1242234
6.849,1242234
6.853,1242234
6.854,1242234
6.856,1242234
6.859,1242234
6.863,1242234
6.864,1242234
6.864,1242234
6.866,1242234
6.866,1242234
6.867,1242234
6.868,1242234
6.872,1242234
6.872,1242234
6.872,1242234
6.88,1242234
6.884,1242234
6.884,1242234
6.886,1242234
6.887,1242234
6.891,1242234
6.894,1242234
6.894,1242234
6.896,1242234
6.902,1242234
6.909,1242234
6.913,1242234
6.918,1242234
6.919,1242234
6.92,1242234
6.92,1242234
6.923,1242234
6.926,1242234
6.93,1242234
6.935,1242234
6.935,1242234
6.937,1242234
6.938,1242234
6.939,1242234
6.939,1242234
6.939,1242234
6.941,1242234
6.942,1242234
6.943,1242234
6.946,1242234
6.948,1242234
6.949,1242234
6.952,1242234
6.954,1242234
6.954,1242234
6.955,1242234
6.955,1242234
6.956,1242234
6.958,1242234
6.958,1242234
6.961,1242234
6.962,1242234
6.965,1242234
6.965,1242234
6.971,1242234
6.973,1242234
6.973,1242234
6.976,1242234
6.98,1242234
6.98,1242234
6.98,1242234
6.983,1242234
6.987,1242234
6.991,1242234
6.993,1242234
6.995,1242234
6.996,1242234
6.996,1242234
6.998,1242234
7.006,1242234
7.007,1242234
7.024,1242234
7.026,1242234
7.027,1242234
7.028,1242234
7.031,1242234
7.041,1242234
7.042,1242234
7.045,1242234
7.046,1242234
7.048,1242234
7.049,1242234
7.054,1242234
7.06,1242234
7.06,1242234
7.06,1242234
7.06,1242234
7.06,1242234
7.063,1242234
7.064,1242234
7.065,1242234
7.068,1242234
7.074,1242234
7.075,1242234
7.077,1242234
7.08,1242234
7.08,1242234
7.083,1242234
7.083,1242234
7.087,1242234
7.088,1242234
7.09,1242234
7.091,1242234
7.094,1242234
7.095,1242234
7.095,1242234
7.101,1242234
7.101,1242234
7.103,1242234
7.108,1242234
7.108,1242234
7.109,1242234
7.109,1242234
7.111,1242234
7.114,1242234
7.117,1242234
7.118,1242234
7.121,1242234
7.122,1242234
7.122,1242234
7.129,1242234
7.133,1242234
7.134,1242234
7.136,1242234
7.137,1242234
7.14,1242234
7.14,1242234
7.142,1242234
7.142,1242234
7.144,1242234
7.148,1242234
7.149,1242234
7.15,1242234
7.156,1242234
7.158,1242234
7.16,1242234
7.161,1242234
7.161,1242234
7.162,1242234
7.169,1242234
7.169,1242234
7.169,1242234
7.171,1242234
7.171,1242234
7.172,1242234
7.178,1242234
7.178,1242234
7.18,1242234
7.18,1242234
7.18,1242234
7.18,1242234
7.185,1242234
7.185,1242234
7.185,1242234
7.185,1242234
7.188,1242234
7.189,1242234
7.19,1242234
7.19,1242234
7.195,1242234
7.196,1242234
7.197,1242234
7.198,1242234
7.199,1242234
7.2,1242234
7.2,1242234
7.204,1242234
7.207,1242234
7.208,1242234
7.21,1242234
7.21,1242234
7.221,1242234
7.229,1242234
7.232,1242234
7.233,1242234
7.235,1242234
7.235,1242234
7.24,1242234
7.243,1242234
7.252,1242234
7.253,1242234
7.254,1242234
7.259,1242234
7.265,1242234
7.265,1242234
7.265,1242234
7.266,1242234
7.271,1242234
7.273,1242234
7.276,1242234
7.28,1242234
7.283,1242234
7.284,1242234
7.285,1242234
7.292,1242234
7.293,1242234
7.293,1242234
7.296,1242234
7.304,1242234
7.306,1242234
7.306,1242234
7.306,1242234
7.306,1242234
7.309,1242234
7.309,1242234
7.309,1242234
7.31,1242234
7.313,1242234
7.313,1242234
7.313,1242234
7.319,1242234
7.32,1242234
7.322,1242234
7.325,1242234
7.329,1242234
7.337,1242234
7.337,1242234
7.341,1242234
7.342,1242234
7.343,1242234
7.35,1242234
7.355,1242234
7.358,1242234
7.36,1242234
7.362,1242234
7.363,1242234
7.364,1242234
7.367,1242234
7.368,1242234
7.373,1242234
7.375,1242234
7.377,1242234
7.379,1242234
7.381,1242234
7.386,1242234
7.393,1242234
7.396,1242234
7.398,1242234
7.399,1242234
7.4,1242234
7.401,1242234
7.405,1242234
7.405,1242234
7.406,1242234
7.408,1242234
7.41,1242234
7.411,1242234
7.415,1242234
7.416,1242234
7.418,1242234
7.419,1242234
7.419,1242234
7.421,1242234
7.421,1242234
7.421,1242234
7.422,1242234
7.422,1242234
7.423,1242234
7.429,1242234
7.432,1242234
7.436,1242234
7.438,1242234
7.438,1242234
7.441,1242234
7.443,1242234
7.445,1242234
7.446,1242234
7.45,1242234
7.452,1242234
7.452,1242234
7.455,1242234
7.455,1242234
7.456,1242234
7.456,1242234
7.457,1242234
7.466,1242234
7.47,1242234
7.471,1242234
7.471,1242234
7.472,1242234
7.477,1242234
7.478,1242234
7.48,1242234
7.48,1242234
7.48,1242234
7.482,1242234
7.484,1242234
7.484,1242234
7.484,1242234
7.485,1242234
7.49,1242234
7.49,1242234
7.491,1242234
7.491,1242234
7.492,1242234
7.497,1242234
7.498,1242234
7.501,1242234
7.506,1242234
7.507,1242234
7.509,1242234
7.51,1242234
7.512,1242234
7.516,1242234
7.516,1242234
7.523,1242234
7.524,1242234
7.526,1242234
7.526,1242234
7.527,1242234
7.528,1242234
7.532,1242234
7.533,1242234
7.533,1242234
7.534,1242234
7.535,1242234
7.536,1242234
7.537,1242234
7.54,1242234
7.54,1242234
7.541,1242234
7.543,1242234
7.543,1242234
7.545,1242234
7.546,1242234
7.549,1242234
7.552,1242234
7.552,1242234
7.556,1242234
7.559,1242234
7.561,1242234
7.563,1242234
7.566,1242234
7.572,1242234
7.572,1242234
7.573,1242234
7.573,1242234
7.58,1242234
7.582,1242234
7.582,1242234
7.585,1242234
7.592,1242234
7.593,1242234
7.593,1242234
7.595,1242234
7.596,1242234
7.604,1242234
7.604,1242234
7.605,1242234
7.607,1242234
7.607,1242234
7.607,1242234
7.608,1242234
7.61,1242234
7.612,1242234
7.613,1242234
7.614,1242234
7.615,1242234
7.617,1242234
7.618,1242234
7.623,1242234
7.624,1242234
7.624,1242234
7.625,1242234
7.628,1242234
7.639,1242234
7.641,1242234
7.641,1242234
7.642,1242234
7.65,1242234
7.65,1242234
7.652,1242234
7.655,1242234
7.657,1242234
7.659,1242234
7.66,1242234
7.663,1242234
7.671,1242234
7.672,1242234
7.673,1242234
7.677,1242234
7.678,1242234
7.681,1242234
7.682,1242234
7.684,1242234
7.686,1242234
7.693,1242234
7.697,1242234
7.699,1242234
7.699,1242234
7.705,1242234
7.709,1242234
7.712,1242234
7.712,1242234
7.713,1242234
7.714,1242234
7.716,1242234
7.72,1242234
7.721,1242234
7.734,1242234
7.735,1242234
7.747,1242234
7.75,1242234
7.763,1242234
7.765,1242234
7.77,1242234
7.77,1242234
7.774,1242234
7.776,1242234
7.778,1242234
7.778,1242234
7.779,1242234
7.779,1242234
7.78,1242234
7.78,1242234
7.782,1242234
7.783,1242234
7.785,1242234
7.785,1242234
7.785,1242234
7.786,1242234
7.786,1242234
7.79,1242234
7.791,1242234
7.799,1242234
7.8,1242234
7.8,1242234
7.806,1242234
7.809,1242234
7.812,1242234
7.813,1242234
7.816,1242234
7.817,1242234
7.821,1242234
7.824,1242234
7.824,1242234
7.825,1242234
7.834,1242234
7.835,1242234
7.837,1242234
7.837,1242234
7.837,1242234
7.84,1242234
7.842,1242234
7.843,1242234
7.849,1242234
7.85,1242234
7.852,1242234
7.854,1242234
7.857,1242234
7.859,1242234
7.86,1242234
7.863,1242234
7.863,1242234
7.871,1242234
7.873,1242234
7.882,1242234
7.882,1242234
7.885,1242234
7.886,1242234
7.887,1242234
7.897,1242234
7.898,1242234
7.898,1242234
7.9,1242234
7.908,1242234
7.908,1242234
7.909,1242234
7.91,1242234
7.91,1242234
7.911,1242234
7.912,1242234
7.913,1242234
7.913,1242234
7.917,1242234
7.919,1242234
7.922,1242234
7.923,1242234
7.928,1242234
7.928,1242234
7.931,1242234
7.933,1242234
7.935,1242234
7.939,1242234
7.942,1242234
7.943,1242234
7.945,1242234
7.948,1242234
7.951,1242234
7.956,1242234
7.956,1242234
7.957,1242234
7.959,1242234
7.96,1242234
7.963,1242234
7.967,1242234
7.967,1242234
7.968,1242234
7.97,1242234
7.973,1242234
7.975,1242234
7.976,1242234
7.978,1242234
7.981,1242234
7.983,1242234
7.983,1242234
7.985,1242234
7.987,1242234
7.989,1242234
7.989,1242234
8.001,1242234
8.001,1242234
8.009,1242234
8.016,1242234
8.017,1242234
8.018,1242234
8.019,1242234
8.023,1242234
8.024,1242234
8.024,1242234
8.028,1242234
8.029,1242234
8.031,1242234
8.032,1242234
8.033,1242234
8.036,1242234
8.04,1242234
8.043,1242234
8.044,1242234
8.045,1242234
8.047,1242234
8.048,1242234
8.05,1242234
8.051,1242234
8.06,1242234
8.061,1242234
8.061,1242234
8.064,1242234
8.065,1242234
8.066,1242234
8.067,1242234
8.071,1242234
8.072,1242234
8.076,1242234
8.078,1242234
8.083,1242234
8.084,1242234
8.085,1242234
8.087,1242234
8.088,1242234
8.091,1242234
8.092,1242234
8.092,1242234
8.092,1242234
8.094,1242234
8.096,1242234
8.097,1242234
8.097,1242234
8.099,1242234
8.1,1242234
8.102,1242234
8.102,1242234
8.103,1242234
8.106,1242234
8.106,1242234
8.107,1242234
8.107,1242234
8.108,1242234
8.108,1242234
8.109,1242234
8.117,1242234
8.122,1242234
8.124,1242234
8.128,1242234
8.131,1242234
8.133,1242234
8.137,1242234
8.14,1242234
8.152,1242234
8.156,1242234
8.159,1242234
8.16,1242234
8.16,1242234
8.166,1242234
8.172,1242234
8.179,1242234
8.181,1242234
8.182,1242234
8.184,1242234
8.188,1242234
8.199,1242234
8.211,1242234
8.215,1242234
8.22,1242234
8.221,1242234
8.228,1242234
8.229,1242234
8.231,1242234
8.235,1242234
8.236,1242234
8.245,1242234
8.247,1242234
8.249,1242234
8.25,1242234
8.251,1242234
8.258,1242234
8.258,1242234
8.259,1242234
8.263,1242234
8.265,1242234
8.27,1242234
8.276,1242234
8.276,1242234
8.283,1242234
8.285,1242234
8.296,1242234
8.299,1242234
8.303,1242234
8.304,1242234
8.307,1242234
8.308,1242234
8.309,1242234
8.309,1242234
8.313,1242234
8.315,1242234
8.318,1242234
8.32,1242234
8.322,1242234
8.329,1242234
8.331,1242234
8.338,1242234
8.343,1242234
8.348,1242234
8.349,1242234
8.349,1242234
8.354,1242234
8.357,1242234
8.357,1242234
8.361,1242234
8.361,1242234
8.362,1242234
8.368,1242234
8.368,1242234
8.368,1242234
8.369,1242234
8.369,1242234
8.373,1242234
8.389,1242234
8.39,1242234
8.391,1242234
8.394,1242234
8.394,1242234
8.396,1242234
8.399,1242234
8.403,1242234
8.405,1242234
8.407,1242234
8.412,1242234
8.42,1242234
8.42,1242234
8.422,1242234
8.423,1242234
8.425,1242234
8.43,1242234
8.437,1242234
8.44,1242234
8.446,1242234
8.446,1242234
8.449,1242234
8.457,1242234
8.457,1242234
8.464,1242234
8.464,1242234
8.471,1242234
8.476,1242234
8.48,1242234
8.485,1242234
8.485,1242234
8.485,1242234
8.486,1242234
8.487,1242234
8.488,1242234
8.489,1242234
8.49,1242234
8.49,1242234
8.491,1242234
8.491,1242234
8.495,1242234
8.496,1242234
8.498,1242234
8.5,1242234
8.5,1242234
8.504,1242234
8.505,1242234
8.506,1242234
8.509,1242234
8.512,1242234
8.512,1242234
8.513,1242234
8.515,1242234
8.521,1242234
8.525,1242234
8.529,1242234
8.533,1242234
8.54,1242234
8.541,1242234
8.542,1242234
8.546,1242234
8.549,1242234
8.552,1242234
8.555,1242234
8.559,1242234
8.56,1242234
8.562,1242234
8.563,1242234
8.564,1242234
8.564,1242234
8.565,1242234
8.568,1242234
8.57,1242234
8.573,1242234
8.574,1242234
8.576,1242234
8.577,1242234
8.578,1242234
8.58,1242234
8.58,1242234
8.583,1242234
8.587,1242234
8.588,1242234
8.589,1242234
8.59,1242234
8.59,1242234
8.591,1242234
8.594,1242234
8.595,1242234
8.597,1242234
8.6,1242234
8.604,1242234
8.604,1242234
8.608,1242234
8.608,1242234
8.608,1242234
8.612,1242234
8.62,1242234
8.622,1242234
8.622,1242234
8.624,1242234
8.626,1242234
8.63,1242234
8.631,1242234
8.635,1242234
8.635,1242234
8.636,1242234
8.636,1242234
8.641,1242234
8.646,1242234
8.647,1242234
8.647,1242234
8.649,1242234
8.649,1242234
8.65,1242234
8.651,1242234
8.654,1242234
8.655,1242234
8.656,1242234
8.657,1242234
8.657,1242234
8.657,1242234
8.658,1242234
8.658,1242234
8.658,1242234
8.659,1242234
8.662,1242234
8.662,1242234
8.665,1242234
8.667,1242234
8.667,1242234
8.668,1242234
8.672,1242234
8.674,1242234
8.676,1242234
8.676,1242234
8.676,1242234
8.676,1242234
8.679,1242234
8.681,1242234
8.688,1242234
8.689,1242234
8.692,1242234
8.693,1242234
8.695,1242234
8.696,1242234
8.697,1242234
8.698,1242234
8.702,1242234
8.703,1242234
8.704,1242234
8.706,1242234
8.707,1242234
8.71,1242234
8.713,1242234
8.714,1242234
8.715,1242234
8.717,1242234
8.718,1242234
8.718,1242234
8.72,1242234
8.72,1242234
8.725,1242234
8.725,1242234
8.734,1242234
8.735,1242234
8.735,1242234
8.743,1242234
8.746,1242234
8.75,1242234
8.75,1242234
8.75,1242234
8.751,1242234
8.751,1242234
8.751,1242234
8.752,1242234
8.752,1242234
8.753,1242234
8.754,1242234
8.756,1242234
8.756,1242234
8.757,1242234
8.759,1242234
8.76,1242234
8.761,1242234
8.761,1242234
8.767,1242234
8.769,1242234
8.773,1242234
8.773,1242234
8.781,1242234
8.782,1242234
8.782,1242234
8.784,1242234
8.785,1242234
8.786,1242234
8.788,1242234
8.788,1242234
8.791,1242234
8.794,1242234
8.797,1242234
8.798,1242234
8.798,1242234
8.8,1242234
8.801,1242234
8.802,1242234
8.803,1242234
8.804,1242234
8.805,1242234
8.807,1242234
8.808,1242234
8.81,1242234
8.811,1242234
8.82,1242234
8.821,1242234
8.825,1242234
8.829,1242234
8.829,1242234
8.833,1242234
8.835,1242234
8.839,1242234
8.842,1242234
8.845,1242234
8.846,1242234
8.846,1242234
8.847,1242234
8.848,1242234
8.849,1242234
8.852,1242234
8.852,1242234
8.855,1242234
8.859,1242234
8.861,1242234
8.862,1242234
8.869,1242234
8.877,1242234
8.883,1242234
8.883,1242234
8.884,1242234
8.885,1242234
8.89,1242234
8.891,1242234
8.892,1242234
8.893,1242234
8.893,1242234
8.893,1242234
8.894,1242234
8.894,1242234
8.907,1242234
8.909,1242234
8.911,1242234
8.912,1242234
8.915,1242234
8.917,1242234
8.918,1242234
8.921,1242234
8.924,1242234
8.925,1242234
8.928,1242234
8.931,1242234
8.935,1242234
8.938,1242234
8.94,1242234
8.94,1242234
8.948,1242234
8.953,1242234
8.954,1242234
8.954,1242234
8.955,1242234
8.955,1242234
8.955,1242234
8.956,1242234
8.956,1242234
8.957,1242234
8.957,1242234
8.961,1242234
8.961,1242234
8.962,1242234
8.964,1242234
8.966,1242234
8.968,1242234
8.97,1242234
8.974,1242234
8.974,1242234
8.979,1242234
8.979,1242234
8.983,1242234
8.985,1242234
8.985,1242234
8.987,1242234
8.988,1242234
8.988,1242234
8.988,1242234
8.989,1242234
8.994,1242234
8.994,1242234
8.995,1242234
8.997,1242234
9.003,1242234
9.003,1242234
9.004,1242234
9.004,1242234
9.009,1242234
9.011,1242234
9.012,1242234
9.021,1242234
9.021,1242234
9.022,1242234
9.027,1242234
9.027,1242234
9.028,1242234
9.028,1242234
9.031,1242234
9.031,1242234
9.033,1242234
9.034,1242234
9.037,1242234
9.04,1242234
9.043,1242234
9.045,1242234
9.045,1242234
9.047,1242234
9.05,1242234
9.054,1242234
9.055,1242234
9.056,1242234
9.061,1242234
9.062,1242234
9.064,1242234
9.066,1242234
9.069,1242234
9.071,1242234
9.072,1242234
9.074,1242234
9.074,1242234
9.074,1242234
9.076,1242234
9.081,1242234
9.082,1242234
9.083,1242234
9.088,1242234
9.09,1242234
9.092,1242234
9.094,1242234
9.094,1242234
9.096,1242234
9.102,1242234
9.102,1242234
9.103,1242234
9.109,1242234
9.112,1242234
9.116,1242234
9.117,1242234
9.118,1242234
9.119,1242234
9.121,1242234
9.121,1242234
9.122,1242234
9.125,1242234
9.126,1242234
9.127,1242234
9.129,1242234
9.129,1242234
9.13,1242234
9.13,1242234
9.132,1242234
9.136,1242234
9.144,1242234
9.145,1242234
9.149,1242234
9.15,1242234
9.15,1242234
9.15,1242234
9.153,1242234
9.156,1242234
9.156,1242234
9.157,1242234
9.16,1242234
9.164,1242234
9.164,1242234
9.165,1242234
9.175,1242234
9.177,1242234
9.177,1242234
9.178,1242234
9.179,1242234
9.181,1242234
9.184,1242234
9.187,1242234
9.189,1242234
9.189,1242234
9.191,1242234
9.191,1242234
9.192,1242234
9.195,1242234
9.195,1242234
9.197,1242234
9.199,1242234
9.201,1242234
9.204,1242234
9.207,1242234
9.207,1242234
9.211,1242234
9.217,1242234
9.217,1242234
9.219,1242234
9.224,1242234
9.225,1242234
9.226,1242234
9.227,1242234
9.23,1242234
9.231,1242234
9.233,1242234
9.24,1242234
9.245,1242234
9.247,1242234
9.249,1242234
9.257,1242234
9.257,1242234
9.257,1242234
9.26,1242234
9.264,1242234
9.265,1242234
9.267,1242234
9.27,1242234
9.27,1242234
9.271,1242234
9.272,1242234
9.274,1242234
9.274,1242234
9.275,1242234
9.278,1242234
9.283,1242234
9.286,1242234
9.287,1242234
9.293,1242234
9.294,1242234
9.296,1242234
9.297,1242234
9.297,1242234
9.299,1242234
9.3,1242234
9.303,1242234
9.305,1242234
9.305,1242234
9.307,1242234
9.312,1242234
9.313,1242234
9.314,1242234
9.323,1242234
9.324,1242234
9.325,1242234
9.326,1242234
9.329,1242234
9.329,1242234
9.333,1242234
9.337,1242234
9.338,1242234
9.34,1242234
9.34,1242234
9.341,1242234
9.347,1242234
9.348,1242234
9.349,1242234
9.35,1242234
9.35,1242234
9.352,1242234
9.358,1242234
9.362,1242234
9.362,1242234
9.363,1242234
9.365,1242234
9.367,1242234
9.367,1242234
9.369,1242234
9.37,1242234
9.371,1242234
9.371,1242234
9.375,1242234
9.376,1242234
9.378,1242234
9.378,1242234
9.382,1242234
9.383,1242234
9.385,1242234
9.387,1242234
9.393,1242234
9.396,1242234
9.399,1242234
9.399,1242234
9.402,1242234
9.403,1242234
9.405,1242234
9.407,1242234
9.408,1242234
9.415,1242234
9.419,1242234
9.421,1242234
9.421,1242234
9.422,1242234
9.422,1242234
9.424,1242234
9.43,1242234
9.434,1242234
9.437,1242234
9.438,1242234
9.44,1242234
9.442,1242234
9.443,1242234
9.443,1242234
9.445,1242234
9.445,1242234
9.448,1242234
9.449,1242234
9.451,1242234
9.456,1242234
9.457,1242234
9.461,1242234
9.464,1242234
9.466,1242234
9.471,1242234
9.472,1242234
9.476,1242234
9.479,1242234
9.486,1242234
9.489,1242234
9.49,1242234
9.491,1242234
9.496,1242234
9.497,1242234
9.5,1242234
9.501,1242234
9.501,1242234
9.502,1242234
9.508,1242234
9.509,1242234
9.51,1242234
9.512,1242234
9.512,1242234
9.521,1242234
9.531,1242234
9.537,1242234
9.538,1242234
9.541,1242234
9.542,1242234
9.548,1242234
9.55,1242234
9.555,1242234
9.557,1242234
9.56,1242234
9.566,1242234
9.567,1242234
9.57,1242234
9.57,1242234
9.571,1242234
9.575,1242234
9.579,1242234
9.585,1242234
9.591,1242234
9.594,1242234
9.604,1242234
9.606,1242234
9.608,1242234
9.608,1242234
9.61,1242234
9.612,1242234
9.613,1242234
9.616,1242234
9.616,1242234
9.62,1242234
9.621,1242234
9.621,1242234
9.626,1242234
9.627,1242234
9.629,1242234
9.63,1242234
9.633,1242234
9.633,1242234
9.634,1242234
9.641,1242234
9.643,1242234
9.645,1242234
9.647,1242234
9.647,1242234
9.647,1242234
9.648,1242234
9.653,1242234
9.655,1242234
9.657,1242234
9.659,1242234
9.664,1242234
9.664,1242234
9.664,1242234
9.665,1242234
9.672,1242234
9.678,1242234
9.68,1242234
9.682,1242234
9.682,1242234
9.684,1242234
9.685,1242234
9.685,1242234
9.686,1242234
9.687,1242234
9.688,1242234
9.688,1242234
9.69,1242234
9.691,1242234
9.694,1242234
9.694,1242234
9.701,1242234
9.704,1242234
9.705,1242234
9.709,1242234
9.713,1242234
9.715,1242234
9.729,1242234
9.73,1242234
9.731,1242234
9.731,1242234
9.732,1242234
9.736,1242234
9.738,1242234
9.739,1242234
9.74,1242234
9.742,1242234
9.742,1242234
9.742,1242234
9.744,1242234
9.751,1242234
9.757,1242234
9.76,1242234
9.761,1242234
9.766,1242234
9.769,1242234
9.786,1242234
9.788,1242234
9.789,1242234
9.796,1242234
9.802,1242234
9.802,1242234
9.805,1242234
9.806,1242234
9.807,1242234
9.808,1242234
9.809,1242234
9.811,1242234
9.811,1242234
9.812,1242234
9.813,1242234
9.815,1242234
9.815,1242234
9.816,1242234
9.816,1242234
9.822,1242234
9.823,1242234
9.832,1242234
9.832,1242234
9.834,1242234
9.836,1242234
9.841,1242234
9.842,1242234
9.842,1242234
9.845,1242234
9.845,1242234
9.846,1242234
9.849,1242234
9.851,1242234
9.853,1242234
9.857,1242234
9.858,1242234
9.858,1242234
9.869,1242234
9.87,1242234
9.873,1242234
9.873,1242234
9.874,1242234
9.875,1242234
9.88,1242234
9.883,1242234
9.883,1242234
9.883,1242234
9.886,1242234
9.887,1242234
9.888,1242234
9.889,1242234
9.89,1242234
9.895,1242234
9.896,1242234
9.898,1242234
9.902,1242234
9.902,1242234
9.902,1242234
9.903,1242234
9.904,1242234
9.904,1242234
9.909,1242234
9.923,1242234
9.924,1242234
9.924,1242234
9.927,1242234
9.929,1242234
9.93,1242234
9.941,1242234
9.942,1242234
9.946,1242234
9.951,1242234
9.953,1242234
9.953,1242234
9.955,1242234
9.96,1242234
9.96,1242234
9.961,1242234
9.962,1242234
9.963,1242234
9.971,1242234
9.973,1242234
9.976,1242234
9.976,1242234
9.98,1242234
9.984,1242234
9.987,1242234
9.988,1242234
9.992,1242234
9.993,1242234
9.997,1242234
9.998,1242234
9.999,1242234
9.999,1242234
