0.006,9798326
0.006,9735438
0.006,9710368
0.007,9543719
0.007,9495802
0.007,9401912
0.007,9170980
0.007,9045059
0.007,9043773
0.008,9043773
0.008,9018978
0.008,9015714
0.008,8990831
0.008,8935944
0.008,8922994
0.008,8916513
0.008,8673116
0.008,8672709
0.009,8666399
0.009,8550727
0.009,8550727
0.009,8484683
0.009,8441404
0.009,8362269
0.01,8310339
0.01,8306913
0.01,8302000
0.01,8061112
0.01,7851059
0.01,7837266
0.012,7750189
0.012,7711114
0.012,7704942
0.012,7695271
0.013,7649897
0.013,7602756
0.013,7329108
0.013,7202658
0.013,7115572
0.013,7097878
0.013,7095830
0.013,6965936
0.013,6925217
0.013,6877364
0.013,6806485
0.013,6787892
0.013,6760521
0.015,6748449
0.015,6643483
0.015,6630560
0.015,6614110
0.015,6506756
0.016,6506005
0.016,6504483
0.017,6501750
0.017,6449294
0.017,6433878
0.017,6426351
0.017,6386743
0.017,6368636
0.017,6365126
0.017,6363820
0.018,6362732
0.018,6297126
0.018,6295855
0.018,6195321
0.018,6194466
0.019,6193982
0.019,6189640
0.019,6187995
0.02,6134700
0.02,6071084
0.02,5962759
0.021,5952607
0.021,5938559
0.021,5938158
0.021,5933880
0.021,5933622
0.022,5933033
0.022,5834662
0.022,5765165
0.022,5762278
0.022,5757352
0.023,5708075
0.023,5700957
0.023,5700618
0.023,5689892
0.023,5680448
0.024,5680363
0.024,5630569
0.024,5599928
0.024,5559240
0.024,5531520
0.024,5515491
0.025,5493863
0.025,5432928
0.025,5358184
0.027,5276094
0.027,5276094
0.027,5271237
0.027,5263696
0.028,5253800
0.028,5228187
0.028,5225275
0.028,5224636
0.028,5224636
0.028,5224636
0.028,5201572
0.029,5200124
0.029,5194360
0.029,5075501
0.03,5018714
0.03,5017332
0.03,4874864
0.031,4872390
0.031,4868012
0.031,4774808
0.031,4756253
0.031,4736464
0.032,4694421
0.032,4675435
0.032,4675435
0.034,4674875
0.034,4666936
0.034,4657411
0.035,4603066
0.036,4603066
0.036,4497531
0.036,4496329
0.037,4391169
0.037,4380660
0.039,4371335
0.039,4371191
0.039,4352809
0.039,4352190
0.04,4301638
0.04,4231516
0.04,4231516
0.041,4225373
0.041,4223453
0.041,4223453
0.041,4211731
0.041,4176934
0.042,4172829
0.043,4144550
0.044,4144550
0.044,4133958
0.045,4133958
0.046,4094541
0.046,4072397
0.046,4072397
0.047,4070976
0.047,4070530
0.048,4069621
0.048,4033815
0.048,4033815
0.049,4033815
0.049,4006519
0.049,3985377
0.049,3982288
0.05,3982288
0.05,3982186
0.051,3869926
0.051,3869770
0.051,3869770
0.052,3859470
0.052,3855635
0.052,3855347
0.053,3855347
0.053,3836997
0.053,3836997
0.055,3820214
0.056,3723100
0.056,3720459
0.056,3720459
0.056,3720446
0.057,3698426
0.057,3698426
0.058,3670144
0.058,3670144
0.06,3669036
0.061,3668637
0.061,3653557
0.061,3646921
0.062,3576424
0.062,3576424
0.062,3576424
0.062,3550989
0.064,3539935
0.064,3527738
0.065,3454035
0.065,3450837
0.065,3447689
0.066,3416930
0.066,3397445
0.066,3359203
0.066,3357311
0.066,3320632
0.067,3238673
0.068,3237971
0.068,3237261
0.068,3234425
0.068,3218220
0.068,3201781
0.069,3201781
0.071,3191690
0.071,3163098
0.072,3163098
0.073,3149370
0.073,3143735
0.073,3143735
0.073,3143735
0.074,3143603
0.074,3143104
0.076,3143104
0.077,3142880
0.078,3000850
0.078,3000850
0.078,3000850
0.078,2954277
0.079,2954277
0.081,2953797
0.081,2905807
0.081,2901392
0.082,2901392
0.082,2900496
0.082,2882693
0.085,2846313
0.085,2846313
0.085,2841584
0.086,2816138
0.086,2810269
0.086,2810269
0.087,2796590
0.087,2796590
0.088,2796590
0.089,2795766
0.089,2795766
0.09,2795766
0.091,2788460
0.091,2788101
0.091,2784151
0.091,2784151
0.092,2777847
0.092,2777519
0.092,2777519
0.093,2777472
0.093,2774738
0.095,2771577
0.095,2770503
0.095,2767715
0.096,2729424
0.097,2720970
0.098,2720970
0.1,2720970
0.1,2720697
0.102,2720697
0.102,2707696
0.103,2707056
0.106,2705788
0.106,2701251
0.111,2697994
0.111,2697451
0.114,2697451
0.117,2592050
0.119,2583197
0.12,2574065
0.121,2573923
0.122,2567302
0.123,2567302
0.124,2565837
0.125,2553456
0.125,2552952
0.126,2552952
0.128,2550256
0.128,2540104
0.129,2531490
0.129,2528408
0.133,2523452
0.134,2499716
0.135,2492600
0.135,2466070
0.136,2405857
0.138,2386890
0.138,2382645
0.142,2382467
0.143,2381684
0.144,2381684
0.145,2380378
0.145,2380378
0.145,2379570
0.145,2379570
0.146,2364538
0.146,2364538
0.147,2364538
0.148,2364538
0.149,2364538
0.15,2361599
0.152,2361599
0.153,2361599
0.158,2331892
0.158,2331892
0.161,2331892
0.161,2331892
0.165,2306046
0.166,2306046
0.166,2306046
0.167,2260636
0.167,2260636
0.167,2259973
0.168,2259973
0.168,2259973
0.169,2254751
0.169,2254751
0.17,2254751
0.17,2254751
0.17,2254751
0.17,2254224
0.172,2240071
0.173,2240071
0.174,2240071
0.174,2240071
0.176,2240071
0.176,2240071
0.176,2239039
0.177,2239039
0.178,2239039
0.182,2233807
0.183,2201164
0.184,2196602
0.185,2196602
0.185,2196602
0.186,2195874
0.186,2195874
0.187,2195874
0.188,2195874
0.189,2195874
0.189,2195874
0.191,2195874
0.192,2178618
0.192,2117138
0.193,2109911
0.194,2109009
0.195,2109009
0.196,2107166
0.198,2105312
0.2,2105312
0.201,2105312
0.201,2094379
0.203,2094379
0.203,2058960
0.203,2054708
0.205,2054409
0.209,2054409
0.21,2054406
0.212,2054406
0.212,2054057
0.212,2054057
0.213,2054057
0.214,2050592
0.214,2049003
0.214,2049003
0.216,2049003
0.217,2049003
0.218,1956393
0.218,1953746
0.219,1953746
0.219,1950055
0.222,1950055
0.222,1950055
0.226,1949731
0.228,1944176
0.228,1944176
0.229,1942737
0.229,1941498
0.231,1941498
0.233,1926809
0.233,1926809
0.234,1926236
0.236,1917973
0.237,1917973
0.239,1917973
0.24,1900535
0.241,1880245
0.242,1879949
0.242,1879949
0.242,1876192
0.243,1876192
0.244,1876192
0.245,1876192
0.25,1876192
0.251,1875814
0.252,1875814
0.252,1875814
0.257,1875814
0.258,1875072
0.259,1872769
0.259,1858251
0.259,1858251
0.26,1858251
0.262,1835082
0.263,1835082
0.264,1822553
0.264,1822553
0.267,1822553
0.267,1822553
0.269,1822553
0.269,1811965
0.271,1811965
0.275,1811965
0.275,1811965
0.275,1811965
0.277,1768087
0.28,1760224
0.281,1760224
0.281,1758111
0.282,1758111
0.282,1758111
0.284,1758111
0.284,1757976
0.285,1757976
0.287,1757976
0.287,1752079
0.289,1752079
0.29,1726705
0.296,1726705
0.298,1725560
0.299,1704265
0.3,1702926
0.301,1697205
0.303,1695717
0.304,1685141
0.304,1683589
0.305,1661402
0.307,1660554
0.308,1643058
0.309,1643058
0.309,1640204
0.313,1640204
0.314,1640204
0.317,1639664
0.318,1639664
0.318,1609397
0.319,1609397
0.32,1607505
0.321,1607505
0.321,1593051
0.323,1593051
0.323,1593051
0.328,1593051
0.33,1593014
0.33,1593014
0.331,1593014
0.332,1592619
0.333,1592619
0.335,1592619
0.337,1592212
0.338,1592212
0.339,1592212
0.339,1592212
0.34,1592212
0.341,1592212
0.343,1592212
0.344,1592212
0.345,1590472
0.347,1590472
0.348,1590472
0.349,1590472
0.35,1590472
0.351,1590472
0.354,1590472
0.354,1590022
0.358,1589999
0.359,1589999
0.36,1588208
0.361,1588208
0.361,1588208
0.362,1579976
0.362,1577331
0.367,1577331
0.368,1577331
0.371,1572137
0.373,1572137
0.373,1572137
0.375,1565369
0.375,1565369
0.375,1565369
0.379,1565369
0.379,1565369
0.38,1565369
0.382,1565369
0.383,1562072
0.383,1562072
0.383,1534311
0.384,1534311
0.386,1530690
0.387,1530690
0.389,1530690
0.389,1530690
0.39,1530690
0.391,1526731
0.394,1526731
0.395,1526731
0.398,1526731
0.399,1526731
0.401,1526731
0.402,1526731
0.404,1526731
0.406,1524400
0.411,1524400
0.418,1523939
0.418,1514325
0.418,1514325
0.418,1514325
0.42,1513848
0.42,1513848
0.422,1513848
0.423,1513848
0.423,1513848
0.425,1513848
0.427,1513848
0.428,1513848
0.431,1506935
0.435,1506935
0.436,1506935
0.446,1506935
0.448,1506935
0.449,1500040
0.45,1500040
0.452,1500040
0.452,1500040
0.453,1500040
0.454,1500040
0.456,1496873
0.458,1496873
0.459,1479013
0.46,1479013
0.465,1476401
0.468,1476401
0.47,1440240
0.472,1440240
0.472,1440240
0.473,1440240
0.476,1440240
0.479,1440240
0.479,1440240
0.483,1440240
0.486,1440240
0.486,1440240
0.487,1440240
0.488,1439501
0.489,1439501
0.492,1439501
0.493,1439501
0.493,1436561
0.498,1436561
0.5,1436561
0.501,1433682
0.502,1433682
0.503,1433682
0.507,1433682
0.511,1433682
0.513,1433682
0.513,1433682
0.514,1433682
0.517,1433474
0.52,1433474
0.521,1433474
0.522,1433474
0.526,1433474
0.528,1433474
0.528,1433474
0.529,1433474
0.53,1433474
0.53,1433474
0.534,1433474
0.535,1433474
0.543,1433474
0.55,1433474
0.551,1433474
0.562,1433474
0.564,1433474
0.564,1433474
0.566,1432341
0.566,1432341
0.568,1432341
0.57,1432341
0.575,1432341
0.575,1432341
0.577,1432341
0.581,1432341
0.585,1432341
0.586,1432341
0.587,1432341
0.588,1432341
0.589,1432341
0.591,1432341
0.594,1432341
0.596,1432341
0.6,1410379
0.602,1410379
0.603,1409741
0.607,1409741
0.608,1409741
0.612,1399974
0.616,1399974
0.618,1399974
0.619,1399974
0.624,1399974
0.624,1399974
0.625,1399974
0.629,1399974
0.631,1399974
0.632,1399974
0.635,1398868
0.638,1398868
0.642,1398868
0.642,1398868
0.643,1398868
0.645,1398868
0.646,1398868
0.653,1398868
0.654,1398868
0.655,1398868
0.66,1398868
0.661,1398868
0.661,1398868
0.661,1398868
0.662,1398868
0.668,1398868
0.675,1398868
0.677,1398868
0.678,1398868
0.678,1398868
0.683,1398868
0.683,1398868
0.687,1398868
0.69,1364524
0.696,1364524
0.699,1364524
0.7,1364524
0.702,1363363
0.702,1363363
0.702,1363363
0.704,1363363
0.706,1363363
0.706,1363363
0.708,1363363
0.712,1363363
0.714,1363363
0.715,1363363
0.715,1363363
0.717,1363363
0.718,1363363
0.72,1363363
0.72,1363363
0.722,1363363
0.724,1363363
0.726,1363363
0.727,1363363
0.733,1363363
0.734,1363363
0.734,1363363
0.739,1350559
0.741,1350559
0.743,1350559
0.743,1350559
0.743,1350559
0.746,1350559
0.749,1350559
0.75,1350559
0.752,1350559
0.754,1340074
0.759,1340074
0.763,1340074
0.764,1340074
0.766,1339856
0.77,1339856
0.772,1339856
0.774,1339856
0.775,1339856
0.776,1339856
0.777,1339856
0.778,1339856
0.784,1339856
0.787,1339856
0.787,1339856
0.787,1339856
0.789,1307588
0.789,1307588
0.79,1307588
0.792,1307588
0.792,1307588
0.796,1307588
0.802,1307588
0.804,1306415
0.804,1306415
0.805,1306415
0.807,1302049
0.809,1302049
0.81,1302049
0.811,1302049
0.816,1302049
0.817,1302049
0.818,1302049
0.82,1302049
0.821,1302049
0.824,1302049
0.824,1302049
0.825,1302049
0.826,1301008
0.827,1301008
0.833,1301008
0.836,1301008
0.836,1301008
0.838,1301008
0.838,1301008
0.841,1301008
0.845,1301008
0.846,1301008
0.846,1301008
0.857,1293050
0.86,1292242
0.865,1292242
0.866,1292242
0.867,1292242
0.868,1292242
0.868,1292242
0.87,1292242
0.871,1292242
0.872,1292242
0.88,1292242
0.883,1292242
0.884,1292242
0.887,1291659
0.889,1291659
0.89,1291659
0.893,1291659
0.898,1291659
0.905,1291659
0.905,1287917
0.907,1287917
0.908,1287917
0.908,1287917
0.909,1287776
0.91,1287776
0.916,1287776
0.919,1287776
0.92,1265539
0.921,1263018
0.923,1263018
0.929,1263018
0.929,1263018
0.931,1263018
0.932,1263018
0.934,1263018
0.936,1263018
0.937,1263018
0.943,1263018
0.944,1263018
0.945,1263018
0.946,1263018
0.947,1263018
0.949,1263018
0.95,1263018
0.951,1263018
0.951,1263018
0.955,1263018
0.961,1263018
0.965,1263018
0.967,1263018
0.967,1263018
0.967,1263018
0.972,1263018
0.977,1263018
0.979,1263018
0.981,1260092
0.983,1260092
0.983,1260092
0.986,1260092
0.99,1259459
0.994,1259459
0.995,1259459
1.001,1259459
1.002,1259459
1.005,1259459
1.006,1259459
1.007,1259459
1.009,1259459
1.013,1259459
1.015,1258449
1.016,1258449
1.02,1258449
1.02,1258449
1.021,1258449
1.022,1258449
1.029,1258449
1.03,1258449
1.031,1258449
1.031,1258449
1.031,1258449
1.032,1258449
1.033,1255411
1.036,1255411
1.037,1253852
1.04,1253852
1.042,1253852
1.046,1253852
1.046,1253852
1.046,1253852
1.05,1253852
1.053,1253786
1.053,1253786
1.058,1253786
1.058,1253786
1.058,1253786
1.063,1253786
1.063,1253786
1.067,1253786
1.068,1253786
1.068,1253786
1.069,1253786
1.071,1253786
1.071,1253786
1.074,1253786
1.074,1253786
1.075,1253786
1.075,1253786
1.077,1253786
1.078,1253786
1.078,1253786
1.08,1253786
1.082,1253786
1.082,1253786
1.086,1253786
1.086,1253786
1.087,1253786
1.087,1253786
1.087,1253786
1.09,1253786
1.096,1253786
1.097,1253786
1.1,1253786
1.103,1252350
1.108,1252350
1.114,1252350
1.119,1252350
1.119,1250398
1.12,1250398
1.12,1250398
1.12,1248689
1.122,1248689
1.126,1248444
1.128,1248444
1.13,1248444
1.133,1248444
1.133,1248444
1.135,1248444
1.139,1248444
1.14,1248444
1.141,1248444
1.143,1248444
1.151,1248444
1.152,1248444
1.159,1248444
1.163,1248444
1.164,1248444
1.167,1248444
1.17,1248444
1.172,1248444
1.172,1248444
1.177,1248444
1.179,1248444
1.179,1248444
1.18,1248444
1.183,1248444
1.183,1248444
1.184,1248444
1.185,1248444
1.186,1248444
1.187,1248444
1.187,1248444
1.188,1248444
1.192,1248444
1.192,1248444
1.198,1248444
1.198,1248444
1.201,1248444
1.203,1248444
1.207,1248444
1.211,1248444
1.211,1248444
1.212,1248444
1.212,1248444
1.213,1248444
1.214,1248444
1.214,1248444
1.217,1247808
1.217,1247808
1.22,1247808
1.225,1247808
1.226,1247808
1.23,1247808
1.231,1247808
1.231,1247808
1.233,1247808
1.233,1247808
1.236,1247808
1.237,1247196
1.241,1247196
1.242,1247196
1.242,1247196
1.244,1247196
1.246,1247196
1.246,1247196
1.247,1247196
1.249,1247196
1.253,1247196
1.256,1247196
1.26,1247196
1.26,1247196
1.261,1247196
1.262,1247196
1.263,1247196
1.263,1247196
1.265,1247196
1.268,1247196
1.274,1247196
1.274,1247196
1.275,1247196
1.279,1246596
1.286,1246596
1.288,1246596
1.291,1246596
1.292,1241097
1.292,1240063
1.295,1240063
1.297,1240063
1.297,1240063
1.299,1240063
1.299,1240063
1.299,1240063
1.302,1240063
1.305,1240063
1.306,1240063
1.306,1240063
1.308,1240063
1.309,1240063
1.309,1240063
1.311,1240063
1.312,1240063
1.313,1240063
1.318,1240063
1.318,1240063
1.319,1240063
1.32,1240063
1.324,1240063
1.324,1240063
1.325,1240063
1.325,1240063
1.328,1240063
1.332,1240063
1.333,1240063
1.335,1240063
1.338,1240063
1.339,1240063
1.341,1240063
1.343,1239071
1.352,1239071
1.354,1239071
1.354,1237935
1.355,1237935
1.356,1237935
1.36,1237935
1.361,1237935
1.364,1237935
1.366,1237935
1.369,1237935
1.369,1237935
1.369,1237935
1.371,1237935
1.372,1237935
1.374,1237935
1.382,1237935
1.382,1237935
1.384,1237935
1.385,1237935
1.387,1237935
1.387,1237935
1.391,1237935
1.391,1237935
1.392,1237935
1.398,1237935
1.401,1237935
1.402,1237935
1.403,1237935
1.405,1237935
1.407,1237935
1.407,1237935
1.407,1237935
1.412,1237935
1.414,1237935
1.415,1237935
1.418,1237935
1.422,1237935
1.427,1237935
1.428,1237935
1.429,1237935
1.43,1237935
1.433,1237935
1.434,1237935
1.437,1237935
1.441,1237935
1.445,1235393
1.447,1235393
1.45,1235393
1.451,1235393
1.452,1235393
1.452,1235393
1.453,1235393
1.456,1235393
1.457,1235393
1.459,1235393
1.46,1235393
1.461,1235393
1.468,1235393
1.469,1235393
1.472,1235393
1.472,1235393
1.474,1235393
1.478,1235393
1.478,1235393
1.48,1235393
1.481,1235393
1.481,1235393
1.481,1235393
1.485,1235393
1.486,1235393
1.487,1235393
1.487,1235393
1.489,1235393
1.49,1235393
1.491,1234438
1.493,1234438
1.493,1234438
1.494,1234438
1.496,1234438
1.502,1234438
1.509,1234438
1.51,1234438
1.511,1234438
1.515,1234438
1.517,1234438
1.521,1234438
1.522,1234438
1.524,1234438
1.525,1234438
1.529,1234438
1.531,1234438
1.532,1234438
1.536,1234438
1.538,1234438
1.539,1234438
1.554,1234438
1.556,1234438
1.558,1234438
1.56,1234438
1.561,1234438
1.561,1234438
1.566,1234438
1.567,1234438
1.569,1234438
1.571,1234438
1.576,1234438
1.577,1234438
1.579,1234438
1.582,1234438
1.582,1234438
1.584,1234438
1.585,1234438
1.59,1234438
1.591,1234438
1.594,1234438
1.595,1234438
1.597,1234438
1.6,1234438
1.602,1234438
1.602,1234438
1.603,1234438
1.606,1234438
1.612,1234438
1.613,1234438
1.614,1234438
1.615,1234438
1.616,1234438
1.617,1234438
1.618,1234438
1.624,1234438
1.625,1234438
1.625,1234438
1.626,1234438
1.632,1234438
1.637,1234438
1.642,1234438
1.644,1234438
1.653,1234438
1.657,1234438
1.658,1234438
1.658,1234438
1.661,1234438
1.663,1234438
1.667,1234438
1.669,1234438
1.669,1234438
1.67,1234438
1.671,1234438
1.671,1234438
1.674,1234438
1.676,1234438
1.677,1234438
1.678,1234438
1.679,1234438
1.68,1234438
1.681,1234438
1.682,1234438
1.686,1234438
1.688,1234438
1.688,1234438
1.69,1234438
1.691,1234438
1.695,1234438
1.698,1234438
1.704,1234438
1.705,1234438
1.71,1234438
1.71,1234438
1.712,1234438
1.715,1234438
1.716,1234438
1.716,1234438
1.718,1234438
1.722,1234438
1.723,1234438
1.724,1234438
1.724,1234438
1.726,1234438
1.73,1234438
1.733,1234438
1.733,1234438
1.739,1234438
1.74,1234438
1.751,1234438
1.753,1234438
1.754,1234438
1.756,1234438
1.763,1234438
1.765,1234438
1.766,1234438
1.768,1234438
1.769,1234438
1.769,1234438
1.773,1234438
1.776,1234438
1.777,1234438
1.78,1234438
1.782,1234438
1.784,1234438
1.789,1234438
1.792,1234438
1.797,1234438
1.799,1234438
1.8,1234438
1.801,1234438
1.803,1234438
1.805,1234438
1.805,1234438
1.806,1234438
1.807,1234438
1.812,1234438
1.813,1234438
1.821,1234438
1.822,1234438
1.824,1234438
1.834,1234438
1.835,1234438
1.836,1234438
1.846,1234438
1.847,1234438
1.847,1234438
1.847,1234438
1.852,1234438
1.853,1234438
1.855,1234438
1.856,1234438
1.856,1234438
1.856,1234438
1.856,1234438
1.863,1234438
1.87,1234438
1.871,1234438
1.874,1234438
1.876,1234438
1.881,1234438
1.884,1234438
1.885,1234438
1.885,1234438
1.886,1234438
1.886,1234438
1.891,1234438
1.891,1234438
1.893,1234438
1.895,1234438
1.896,1234438
1.897,1234438
1.897,1234438
1.9,1234438
1.903,1234438
1.909,1234438
1.909,1234438
1.909,1234438
1.911,1234438
1.918,1234438
1.92,1234438
1.924,1234438
1.93,1234438
1.93,1234438
1.937,1234438
1.937,1234438
1.939,1234438
1.94,1234438
1.942,1234438
1.947,1234438
1.947,1234438
1.95,1234438
1.951,1234438
1.952,1234438
1.959,1234438
1.965,1234438
1.968,1234438
1.97,1234438
1.97,1234438
1.976,1234438
1.976,1234438
1.979,1234438
1.983,1234438
1.984,1234438
1.985,1234438
1.986,1234438
1.987,1234438
1.988,1234438
1.988,1234438
1.99,1234438
1.997,1234438
1.998,1234438
1.998,1234438
2.002,1234438
2.006,1234438
2.011,1234438
2.012,1234438
2.014,1234438
2.016,1234438
2.018,1234438
2.024,1234438
2.026,1234438
2.036,1234438
2.041,1234438
2.043,1234438
2.046,1234438
2.047,1234438
2.048,1234438
2.05,1234438
2.051,1234438
2.052,1234438
2.056,1234438
2.056,1234438
2.064,1234438
2.065,1234438
2.076,1234438
2.082,1234438
2.083,1234438
2.083,1234438
2.084,1234438
2.085,1234438
2.085,1234438
2.086,1234438
2.086,1234438
2.089,1234438
2.093,1234438
2.093,1234438
2.099,1234438
2.103,1234438
2.104,1234438
2.105,1234438
2.108,1234438
2.114,1234438
2.116,1234438
2.117,1234438
2.117,1234438
2.118,1234438
2.12,1234438
2.126,1234438
2.128,1234438
2.129,1234438
2.13,1234438
2.135,1234438
2.138,1234438
2.143,1234438
2.146,1234438
2.15,1234438
2.154,1234438
2.155,1234438
2.157,1234438
2.157,1234438
2.161,1234438
2.161,1234438
2.161,1234438
2.163,1234438
2.163,1234438
2.164,1234438
2.166,1234438
2.166,1234438
2.167,1234438
2.167,1234438
2.172,1234438
2.175,1234438
2.178,1234438
2.178,1234438
2.181,1234438
2.182,1234438
2.183,1234438
2.184,1234438
2.185,1234438
2.19,1234438
2.195,1234438
2.195,1234438
2.197,1234438
2.199,1234438
2.202,1234438
2.203,1234438
2.207,1234438
2.209,1234438
2.214,1234438
2.214,1234438
2.215,1234438
2.215,1234438
2.215,1234438
2.216,1234438
2.218,1234438
2.223,1234438
2.223,1234438
2.223,1234438
2.225,1234438
2.227,1234438
2.227,1234438
2.232,1234438
2.232,1234438
2.233,1234438
2.235,1234438
2.237,1234438
2.242,1234438
2.248,1234438
2.251,1234438
2.252,1234438
2.258,1234438
2.261,1234438
2.263,1234438
2.264,1234438
2.267,1234438
2.269,1234438
2.271,1234438
2.275,1234438
2.276,1234438
2.278,1234438
2.278,1234438
2.282,1234438
2.285,1234438
2.287,1234438
2.287,1234438
2.291,1234438
2.291,1234438
2.292,1234438
2.293,1234438
2.293,1234438
2.294,1234438
2.295,1234438
2.3,1234438
2.3,1234438
2.301,1234438
2.303,1234438
2.304,1234438
2.305,1234438
2.306,1234438
2.306,1234438
2.306,1234438
2.307,1234438
2.311,1234438
2.312,1234438
2.312,1234438
2.312,1234438
2.315,1234438
2.316,1234438
2.32,1234438
2.321,1234438
2.335,1234438
2.335,1234438
2.34,1234438
2.341,1234438
2.344,1234438
2.346,1234438
2.351,1234438
2.354,1234438
2.369,1234438
2.374,1234438
2.378,1234438
2.379,1234438
2.38,1234438
2.391,1234438
2.392,1234438
2.396,1234438
2.397,1234438
2.402,1234438
2.404,1234438
2.405,1234438
2.406,1234438
2.406,1234438
2.408,1234438
2.409,1234438
2.413,1234438
2.414,1234438
2.416,1234438
2.423,1234438
2.425,1234438
2.426,1234438
2.426,1234438
2.432,1234438
2.433,1234438
2.435,1234438
2.439,1234438
2.44,1234438
2.44,1234438
2.44,1234438
2.441,1234438
2.446,1234438
2.448,1234438
2.448,1234438
2.451,1234438
2.453,1234438
2.455,1234438
2.458,1234438
2.462,1234438
2.463,1234438
2.465,1234438
2.466,1234438
2.468,1234438
2.469,1234438
2.47,1234438
2.472,1234438
2.476,1234438
2.476,1234438
2.482,1234438
2.484,1234438
2.485,1234438
2.487,1234438
2.49,1234438
2.49,1234438
2.49,1234438
2.491,1234438
2.493,1234438
2.493,1234438
2.495,1234438
2.496,1234438
2.497,1234438
2.499,1234438
2.517,1234438
2.521,1234438
2.528,1234438
2.53,1234438
2.532,1234438
2.532,1234438
2.533,1234438
2.533,1234438
2.538,1234438
2.539,1234438
2.543,1234438
2.555,1234438
2.558,1234438
2.561,1234438
2.563,1234438
2.564,1234438
2.565,1234438
2.569,1234438
2.569,1234438
2.569,1234438
2.573,1234438
2.578,1234438
2.579,1234438
2.58,1234438
2.58,1234438
2.582,1234438
2.585,1234438
2.587,1234438
2.588,1234438
2.589,1234438
2.589,1234438
2.59,1234438
2.59,1234438
2.594,1234438
2.596,1234438
2.596,1234438
2.598,1234438
2.598,1234438
2.599,1234438
2.599,1234438
2.6,1234438
2.6,1234438
2.601,1234438
2.603,1234438
2.604,1234438
2.605,1234438
2.611,1234438
2.612,1234438
2.613,1234438
2.615,1234438
2.615,1234438
2.616,1234438
2.617,1234438
2.62,1234438
2.626,1234438
2.626,1234438
2.636,1234438
2.64,1234438
2.652,1234438
2.654,1234438
2.662,1234438
2.663,1234438
2.668,1234438
2.669,1234438
2.67,1234438
2.674,1234438
2.674,1234438
2.677,1234438
2.677,1234438
2.677,1234438
2.68,1234438
2.681,1234438
2.682,1234438
2.685,1234438
2.688,1234438
2.688,1234438
2.691,1234438
2.696,1234438
2.698,1234438
2.698,1234438
2.698,1234438
2.699,1234438
2.702,1234438
2.702,1234438
2.704,1234438
2.707,1234438
2.708,1234438
2.713,1234438
2.719,1234438
2.723,1234438
2.733,1234438
2.735,1234438
2.736,1234438
2.74,1234438
2.741,1234438
2.741,1234438
2.742,1234438
2.744,1234438
2.746,1234438
2.747,1234438
2.75,1234438
2.752,1234438
2.754,1234438
2.755,1234438
2.763,1234438
2.764,1234438
2.772,1234438
2.772,1234438
2.776,1234438
2.78,1234438
2.783,1234438
2.784,1234438
2.785,1234438
2.796,1234438
2.796,1234438
2.797,1234438
2.797,1234438
2.801,1234438
2.803,1234438
2.807,1234438
2.809,1234438
2.813,1234438
2.821,1234438
2.823,1234438
2.824,1234438
2.825,1234438
2.826,1234438
2.826,1234438
2.831,1234438
2.832,1234438
2.835,1234438
2.837,1234438
2.838,1234438
2.842,1234438
2.853,1234438
2.854,1234438
2.858,1234438
2.861,1234438
2.861,1234438
2.864,1234438
2.866,1234438
2.867,1234438
2.868,1234438
2.869,1234438
2.869,1234438
2.872,1234438
2.875,1234438
2.875,1234438
2.877,1234438
2.88,1234438
2.881,1234438
2.882,1234438
2.885,1234438
2.886,1234438
2.891,1234438
2.896,1234438
2.901,1234438
2.901,1234438
2.901,1234438
2.904,1234438
2.905,1234438
2.91,1234438
2.91,1234438
2.911,1234438
2.911,1234438
2.913,1234438
2.915,1234438
2.915,1234438
2.917,1234438
2.921,1234438
2.923,1234438
2.927,1234438
2.927,1234438
2.932,1234438
2.936,1234438
2.936,1234438
2.938,1234438
2.938,1234438
2.939,1234438
2.948,1234438
2.949,1234438
2.951,1234438
2.953,1234438
2.954,1234438
2.955,1234438
2.957,1234438
2.958,1234438
2.959,1234438
2.961,1234438
2.962,1234438
2.962,1234438
2.963,1234438
2.964,1234438
2.97,1234438
2.972,1234438
2.975,1234438
2.975,1234438
2.976,1234438
2.978,1234438
2.981,1234438
2.982,1234438
2.982,1234438
2.985,1234438
2.986,1234438
2.99,1234438
2.992,1234438
2.999,1234438
3.002,1234438
3.004,1234438
3.006,1234438
3.007,1234438
3.011,1234438
3.013,1234438
3.014,1234438
3.019,1234438
3.02,1234438
3.021,1234438
3.029,1234438
3.032,1234438
3.034,1234438
3.035,1234438
3.037,1234438
3.041,1234438
3.044,1234438
3.044,1234438
3.045,1234438
3.046,1234438
3.051,1234438
3.052,1234438
3.056,1234438
3.056,1234438
3.056,1234438
3.057,1234438
3.061,1234438
3.063,1234438
3.066,1234438
3.069,1234438
3.073,1234438
3.074,1234438
3.08,1234438
3.08,1234438
3.081,1234438
3.086,1234438
3.086,1234438
3.087,1234438
3.089,1234438
3.092,1234438
3.098,1234438
3.099,1234438
3.1,1234438
3.1,1234438
3.107,1234438
3.107,1234438
3.108,1234438
3.109,1234438
3.111,1234438
3.112,1234438
3.112,1234438
3.116,1234438
3.121,1234438
3.122,1234438
3.122,1234438
3.124,1234438
3.128,1234438
3.132,1234438
3.132,1234438
3.135,1234438
3.136,1234438
3.137,1234438
3.138,1234438
3.139,1234438
3.14,1234438
3.143,1234438
3.145,1234438
3.153,1234438
3.153,1234438
3.156,1234438
3.157,1234438
3.157,1234438
3.158,1234438
3.161,1234438
3.162,1234438
3.162,1234438
3.163,1234438
3.165,1234438
3.167,1234438
3.169,1234438
3.169,1234438
3.17,1234438
3.172,1234438
3.172,1234438
3.173,1234438
3.178,1234438
3.181,1234438
3.184,1234438
3.187,1234438
3.187,1234438
3.188,1234438
3.189,1234438
3.19,1234438
3.19,1234438
3.194,1234438
3.196,1234438
3.2,1234438
3.2,1234438
3.203,1234438
3.203,1234438
3.203,1234438
3.205,1234438
3.205,1234438
3.206,1234438
3.206,1234438
3.21,1234438
3.211,1234438
3.212,1234438
3.214,1234438
3.214,1234438
3.214,1234438
3.215,1234438
3.217,1234438
3.22,1234438
3.223,1234438
3.225,1234438
3.236,1234438
3.238,1234438
3.243,1234438
3.244,1234438
3.247,1234438
3.247,1234438
3.248,1234438
3.251,1234438
3.252,1234438
3.258,1234438
3.263,1234438
3.267,1234438
3.268,1234438
3.268,1234438
3.272,1234438
3.288,1234438
3.29,1234438
3.29,1234438
3.29,1234438
3.292,1234438
3.292,1234438
3.293,1234438
3.296,1234438
3.297,1234438
3.3,1234438
3.307,1234438
3.309,1234438
3.311,1234438
3.311,1234438
3.312,1234438
3.312,1234438
3.313,1234438
3.316,1234438
3.316,1234438
3.319,1234438
3.322,1234438
3.323,1234438
3.33,1234438
3.332,1234438
3.333,1234438
3.335,1234438
3.335,1234438
3.337,1234438
3.338,1234438
3.348,1234438
3.349,1234438
3.357,1234438
3.364,1234438
3.368,1234438
3.37,1234438
3.376,1234438
3.376,1234438
3.379,1234438
3.381,1234438
3.384,1234438
3.388,1234438
3.389,1234438
3.396,1234438
3.397,1234438
3.399,1234438
3.409,1234438
3.412,1234438
3.413,1234438
3.413,1234438
3.415,1234438
3.417,1234438
3.42,1234438
3.421,1234438
3.421,1234438
3.426,1234438
3.43,1234438
3.43,1234438
3.431,1234438
3.432,1234438
3.434,1234438
3.438,1234438
3.439,1234438
3.441,1234438
3.442,1234438
3.444,1234438
3.446,1234438
3.447,1234438
3.448,1234438
3.448,1234438
3.453,1234438
3.454,1234438
3.455,1234438
3.457,1234438
3.46,1234438
3.46,1234438
3.462,1234438
3.463,1234438
3.463,1234438
3.464,1234438
3.468,1234438
3.471,1234438
3.471,1234438
3.472,1234438
3.472,1234438
3.472,1234438
3.475,1234438
3.475,1234438
3.478,1234438
3.478,1234438
3.478,1234438
3.478,1234438
3.482,1234438
3.485,1234438
3.486,1234438
3.487,1234438
3.488,1234438
3.492,1234438
3.494,1234438
3.494,1234438
3.497,1234438
3.5,1234438
3.501,1234438
3.503,1234438
3.504,1234438
3.504,1234438
3.504,1234438
3.506,1234438
3.507,1234438
3.507,1234438
3.507,1234438
3.51,1234438
3.512,1234438
3.512,1234438
3.512,1234438
3.513,1234438
3.514,1234438
3.514,1234438
3.515,1234438
3.517,1234438
3.517,1234438
3.524,1234438
3.525,1234438
3.526,1234438
3.527,1234438
3.529,1234438
3.53,1234438
3.537,1234438
3.539,1234438
3.54,1234438
3.54,1234438
3.541,1234438
3.542,1234438
3.543,1234438
3.548,1234438
3.552,1234438
3.553,1234438
3.554,1234438
3.556,1234438
3.557,1234438
3.561,1234438
3.561,1234438
3.561,1234438
3.563,1234438
3.564,1234438
3.564,1234438
3.568,1234438
3.57,1234438
3.57,1234438
3.572,1234438
3.577,1234438
3.58,1234438
3.586,1234438
3.588,1234438
3.589,1234438
3.597,1234438
3.597,1234438
3.602,1234438
3.608,1234438
3.609,1234438
3.61,1234438
3.613,1234438
3.614,1234438
3.625,1234438
3.626,1234438
3.634,1234438
3.639,1234438
3.645,1234438
3.645,1234438
3.65,1234438
3.65,1234438
3.651,1234438
3.653,1234438
3.654,1234438
3.655,1234438
3.659,1234438
3.66,1234438
3.664,1234438
3.665,1234438
3.666,1234438
3.667,1234438
3.668,1234438
3.669,1234438
3.673,1234438
3.675,1234438
3.677,1234438
3.678,1234438
3.678,1234438
3.68,1234438
3.683,1234438
3.684,1234438
3.685,1234438
3.688,1234438
3.694,1234438
3.694,1234438
3.695,1234438
3.696,1234438
3.699,1234438
3.702,1234438
3.704,1234438
3.706,1234438
3.707,1234438
3.707,1234438
3.71,1234438
3.713,1234438
3.717,1234438
3.719,1234438
3.723,1234438
3.723,1234438
3.727,1234438
3.729,1234438
3.729,1234438
3.729,1234438
3.731,1234438
3.733,1234438
3.736,1234438
3.741,1234438
3.742,1234438
3.744,1234438
3.744,1234438
3.748,1234438
3.752,1234438
3.754,1234438
3.756,1234438
3.762,1234438
3.767,1234438
3.771,1234438
3.772,1234438
3.776,1234438
3.776,1234438
3.776,1234438
3.778,1234438
3.78,1234438
3.783,1234438
3.786,1234438
3.788,1234438
3.791,1234438
3.791,1234438
3.795,1234438
3.795,1234438
3.798,1234438
3.803,1234438
3.803,1234438
3.805,1234438
3.805,1234438
3.806,1234438
3.808,1234438
3.809,1234438
3.812,1234438
3.813,1234438
3.814,1234438
3.817,1234438
3.817,1234438
3.818,1234438
3.818,1234438
3.821,1234438
3.822,1234438
3.825,1234438
3.825,1234438
3.825,1234438
3.825,1234438
3.83,1234438
3.832,1234438
3.837,1234438
3.839,1234438
3.842,1234438
3.842,1234438
3.842,1234438
3.844,1234438
3.85,1234438
3.852,1234438
3.853,1234438
3.857,1234438
3.862,1234438
3.863,1234438
3.864,1234438
3.866,1234438
3.866,1234438
3.868,1234438
3.872,1234438
3.873,1234438
3.875,1234438
3.876,1234438
3.877,1234438
3.878,1234438
3.878,1234438
3.883,1234438
3.889,1234438
3.896,1234438
3.899,1234438
3.899,1234438
3.899,1234438
3.9,1234438
3.901,1234438
3.902,1234438
3.905,1234438
3.911,1234438
3.913,1234438
3.914,1234438
3.914,1234438
3.915,1234438
3.921,1234438
3.922,1234438
3.93,1234438
3.935,1234438
3.936,1234438
3.936,1234438
3.939,1234438
3.943,1234438
3.944,1234438
3.949,1234438
3.952,1234438
3.954,1234438
3.956,1234438
3.956,1234438
3.957,1234438
3.961,1234438
3.965,1234438
3.966,1234438
3.966,1234438
3.971,1234438
3.973,1234438
3.976,1234438
3.979,1234438
3.982,1234438
3.988,1234438
3.995,1234438
3.996,1234438
3.996,1234438
3.997,1234438
3.999,1234438
3.999,1234438
4.002,1234438
4.005,1234438
4.006,1234438
4.01,1234438
4.011,1234438
4.012,1234438
4.013,1234438
4.014,1234438
4.014,1234438
4.015,1234438
4.015,1234438
4.019,1234438
4.027,1234438
4.031,1234438
4.042,1234438
4.043,1234438
4.043,1234438
4.044,1234438
4.045,1234438
4.047,1234438
4.049,1234438
4.049,1234438
4.057,1234438
4.061,1234438
4.062,1234438
4.062,1234438
4.067,1234438
4.071,1234438
4.073,1234438
4.076,1234438
4.077,1234438
4.08,1234438
4.081,1234438
4.085,1234438
4.087,1234438
4.089,1234438
4.092,1234438
4.093,1234438
4.094,1234438
4.096,1234438
4.096,1234438
4.098,1234438
4.098,1234438
4.1,1234438
4.108,1234438
4.112,1234438
4.113,1234438
4.116,1234438
4.12,1234438
4.12,1234438
4.125,1234438
4.126,1234438
4.126,1234438
4.128,1234438
4.129,1234438
4.129,1234438
4.134,1234438
4.135,1234438
4.137,1234438
4.137,1234438
4.138,1234438
4.141,1234438
4.142,1234438
4.143,1234438
4.146,1234438
4.147,1234438
4.148,1234438
4.149,1234438
4.15,1234438
4.151,1234438
4.156,1234438
4.157,1234438
4.161,1234438
4.165,1234438
4.165,1234438
4.169,1234438
4.17,1234438
4.172,1234438
4.173,1234438
4.179,1234438
4.181,1234438
4.189,1234438
4.189,1234438
4.198,1234438
4.2,1234438
4.203,1234438
4.204,1234438
4.207,1234438
4.208,1234438
4.208,1234438
4.209,1234438
4.211,1234438
4.213,1234438
4.215,1234438
4.218,1234438
4.218,1234438
4.218,1234438
4.219,1234438
4.22,1234438
4.221,1234438
4.226,1234438
4.228,1234438
4.232,1234438
4.237,1234438
4.237,1234438
4.238,1234438
4.24,1234438
4.242,1234438
4.246,1234438
4.252,1234438
4.252,1234438
4.253,1234438
4.254,1234438
4.257,1234438
4.258,1234438
4.261,1234438
4.266,1234438
4.278,1234438
4.28,1234438
4.28,1234438
4.281,1234438
4.284,1234438
4.287,1234438
4.287,1234438
4.289,1234438
4.291,1234438
4.292,1234438
4.294,1234438
4.294,1234438
4.296,1234438
4.297,1234438
4.298,1234438
4.298,1234438
4.298,1234438
4.301,1234438
4.302,1234438
4.308,1234438
4.312,1234438
4.317,1234438
4.319,1234438
4.32,1234438
4.325,1234438
4.328,1234438
4.329,1234438
4.332,1234438
4.333,1234438
4.335,1234438
4.336,1234438
4.337,1234438
4.342,1234438
4.343,1234438
4.345,1234438
4.347,1234438
4.351,1234438
4.355,1234438
4.356,1234438
4.358,1234438
4.359,1234438
4.36,1234438
4.361,1234438
4.367,1234438
4.37,1234438
4.371,1234438
4.371,1234438
4.372,1234438
4.374,1234438
4.375,1234438
4.375,1234438
4.378,1234438
4.379,1234438
4.381,1234438
4.386,1234438
4.386,1234438
4.389,1234438
4.39,1234438
4.392,1234438
4.393,1234438
4.393,1234438
4.394,1234438
4.399,1234438
4.401,1234438
4.41,1234438
4.411,1234438
4.414,1234438
4.417,1234438
4.426,1234438
4.429,1234438
4.43,1234438
4.431,1234438
4.432,1234438
4.436,1234438
4.437,1234438
4.439,1234438
4.441,1234438
4.441,1234438
4.442,1234438
4.442,1234438
4.443,1234438
4.445,1234438
4.446,1234438
4.447,1234438
4.452,1234438
4.452,1234438
4.457,1234438
4.458,1234438
4.461,1234438
4.461,1234438
4.466,1234438
4.468,1234438
4.47,1234438
4.476,1234438
4.478,1234438
4.479,1234438
4.48,1234438
4.482,1234438
4.484,1234438
4.484,1234438
4.487,1234438
4.491,1234438
4.492,1234438
4.494,1234438
4.5,1234438
4.504,1234438
4.511,1234438
4.515,1234438
4.515,1234438
4.518,1234438
4.52,1234438
4.526,1234438
4.526,1234438
4.527,1234438
4.533,1234438
4.533,1234438
4.533,1234438
4.539,1234438
4.547,1234438
4.555,1234438
4.555,1234438
4.556,1234438
4.558,1234438
4.559,1234438
4.561,1234438
4.566,1234438
4.569,1234438
4.571,1234438
4.572,1234438
4.574,1234438
4.575,1234438
4.577,1234438
4.579,1234438
4.579,1234438
4.58,1234438
4.583,1234438
4.583,1234438
4.583,1234438
4.585,1234438
4.587,1234438
4.589,1234438
4.6,1234438
4.603,1234438
4.603,1234438
4.604,1234438
4.604,1234438
4.612,1234438
4.614,1234438
4.618,1234438
4.627,1234438
4.627,1234438
4.633,1234438
4.634,1234438
4.634,1234438
4.635,1234438
4.637,1234438
4.638,1234438
4.641,1234438
4.648,1234438
4.652,1234438
4.655,1234438
4.656,1234438
4.656,1234438
4.658,1234438
4.662,1234438
4.665,1234438
4.671,1234438
4.672,1234438
4.672,1234438
4.672,1234438
4.673,1234438
4.673,1234438
4.675,1234438
4.678,1234438
4.678,1234438
4.679,1234438
4.68,1234438
4.681,1234438
4.683,1234438
4.686,1234438
4.692,1234438
4.695,1234438
4.7,1234438
4.7,1234438
4.701,1234438
4.702,1234438
4.703,1234438
4.703,1234438
4.704,1234438
4.704,1234438
4.71,1234438
4.71,1234438
4.711,1234438
4.712,1234438
4.713,1234438
4.722,1234438
4.722,1234438
4.724,1234438
4.725,1234438
4.73,1234438
4.735,1234438
4.737,1234438
4.738,1234438
4.742,1234438
4.745,1234438
4.745,1234438
4.753,1234438
4.758,1234438
4.759,1234438
4.763,1234438
4.766,1234438
4.77,1234438
4.79,1234438
4.793,1234438
4.794,1234438
4.795,1234438
4.796,1234438
4.8,1234438
4.805,1234438
4.806,1234438
4.806,1234438
4.806,1234438
4.808,1234438
4.809,1234438
4.81,1234438
4.81,1234438
4.815,1234438
4.817,1234438
4.825,1234438
4.828,1234438
4.835,1234438
4.842,1234438
4.843,1234438
4.848,1234438
4.85,1234438
4.852,1234438
4.856,1234438
4.861,1234438
4.863,1234438
4.866,1234438
4.868,1234438
4.874,1234438
4.875,1234438
4.883,1234438
4.884,1234438
4.884,1234438
4.887,1234438
4.889,1234438
4.896,1234438
4.898,1234438
4.9,1234438
4.903,1234438
4.91,1234438
4.915,1234438
4.918,1234438
4.919,1234438
4.922,1234438
4.925,1234438
4.932,1234438
4.935,1234438
4.937,1234438
4.939,1234438
4.94,1234438
4.941,1234438
4.943,1234438
4.944,1234438
4.944,1234438
4.947,1234438
4.949,1234438
4.95,1234438
4.951,1234438
4.952,1234438
4.953,1234438
4.954,1234438
4.955,1234438
4.956,1234438
4.956,1234438
4.956,1234438
4.958,1234438
4.964,1234438
4.965,1234438
4.967,1234438
4.967,1234438
4.973,1234438
4.977,1234438
4.98,1234438
4.98,1234438
4.982,1234438
4.987,1234438
4.991,1234438
4.991,1234438
4.996,1234438
4.996,1234438
4.997,1234438
4.998,1234438
5.001,1234438
5.002,1234438
5.004,1234438
5.006,1234438
5.006,1234438
5.007,1234438
5.012,1234438
5.014,1234438
5.018,1234438
5.02,1234438
5.02,1234438
5.031,1234438
5.032,1234438
5.038,1234438
5.04,1234438
5.043,1234438
5.045,1234438
5.046,1234438
5.051,1234438
5.055,1234438
5.061,1234438
5.066,1234438
5.066,1234438
5.067,1234438
5.069,1234438
5.069,1234438
5.07,1234438
5.072,1234438
5.073,1234438
5.074,1234438
5.081,1234438
5.088,1234438
5.093,1234438
5.093,1234438
5.095,1234438
5.111,1234438
5.118,1234438
5.124,1234438
5.126,1234438
5.132,1234438
5.135,1234438
5.135,1234438
5.142,1234438
5.142,1234438
5.143,1234438
5.144,1234438
5.145,1234438
5.15,1234438
5.151,1234438
5.157,1234438
5.16,1234438
5.162,1234438
5.164,1234438
5.164,1234438
5.165,1234438
5.166,1234438
5.172,1234438
5.173,1234438
5.176,1234438
5.182,1234438
5.185,1234438
5.189,1234438
5.189,1234438
5.196,1234438
5.203,1234438
5.204,1234438
5.204,1234438
5.209,1234438
5.21,1234438
5.211,1234438
5.211,1234438
5.215,1234438
5.22,1234438
5.221,1234438
5.223,1234438
5.228,1234438
5.231,1234438
5.231,1234438
5.235,1234438
5.239,1234438
5.242,1234438
5.242,1234438
5.246,1234438
5.247,1234438
5.251,1234438
5.252,1234438
5.254,1234438
5.254,1234438
5.258,1234438
5.26,1234438
5.26,1234438
5.267,1234438
5.267,1234438
5.269,1234438
5.27,1234438
5.271,1234438
5.276,1234438
5.279,1234438
5.28,1234438
5.28,1234438
5.282,1234438
5.283,1234438
5.284,1234438
5.285,1234438
5.285,1234438
5.29,1234438
5.291,1234438
5.291,1234438
5.294,1234438
5.295,1234438
5.298,1234438
5.303,1234438
5.305,1234438
5.305,1234438
5.312,1234438
5.313,1234438
5.316,1234438
5.32,1234438
5.322,1234438
5.328,1234438
5.329,1234438
5.33,1234438
5.332,1234438
5.333,1234438
5.333,1234438
5.339,1234438
5.342,1234438
5.344,1234438
5.349,1234438
5.35,1234438
5.355,1234438
5.357,1234438
5.357,1234438
5.362,1234438
5.365,1234438
5.365,1234438
5.366,1234438
5.372,1234438
5.374,1234438
5.376,1234438
5.377,1234438
5.381,1234438
5.389,1234438
5.39,1234438
5.392,1234438
5.396,1234438
5.399,1234438
5.4,1234438
5.402,1234438
5.405,1234438
5.405,1234438
5.411,1234438
5.412,1234438
5.414,1234438
5.416,1234438
5.417,1234438
5.417,1234438
5.418,1234438
5.42,1234438
5.421,1234438
5.423,1234438
5.424,1234438
5.429,1234438
5.434,1234438
5.435,1234438
5.439,1234438
5.441,1234438
5.445,1234438
5.447,1234438
5.449,1234438
5.453,1234438
5.458,1234438
5.459,1234438
5.459,1234438
5.463,1234438
5.464,1234438
5.471,1234438
5.472,1234438
5.473,1234438
5.473,1234438
5.482,1234438
5.486,1234438
5.491,1234438
5.492,1234438
5.493,1234438
5.494,1234438
5.496,1234438
5.497,1234438
5.5,1234438
5.508,1234438
5.51,1234438
5.514,1234438
5.516,1234438
5.518,1234438
5.518,1234438
5.521,1234438
5.527,1234438
5.527,1234438
5.528,1234438
5.534,1234438
5.537,1234438
5.538,1234438
5.54,1234438
5.542,1234438
5.545,1234438
5.547,1234438
5.548,1234438
5.55,1234438
5.552,1234438
5.553,1234438
5.556,1234438
5.559,1234438
5.56,1234438
5.56,1234438
5.563,1234438
5.565,1234438
5.567,1234438
5.568,1234438
5.573,1234438
5.578,1234438
5.581,1234438
5.581,1234438
5.584,1234438
5.587,1234438
5.589,1234438
5.59,1234438
5.594,1234438
5.596,1234438
5.596,1234438
5.599,1234438
5.601,1234438
5.601,1234438
5.604,1234438
5.605,1234438
5.605,1234438
5.606,1234438
5.607,1234438
5.609,1234438
5.609,1234438
5.61,1234438
5.61,1234438
5.612,1234438
5.616,1234438
5.622,1234438
5.622,1234438
5.625,1234438
5.626,1234438
5.626,1234438
5.627,1234438
5.634,1234438
5.636,1234438
5.636,1234438
5.637,1234438
5.637,1234438
5.638,1234438
5.641,1234438
5.641,1234438
5.646,1234438
5.649,1234438
5.651,1234438
5.654,1234438
5.66,1234438
5.661,1234438
5.666,1234438
5.667,1234438
5.667,1234438
5.669,1234438
5.67,1234438
5.671,1234438
5.673,1234438
5.674,1234438
5.674,1234438
5.678,1234438
5.69,1234438
5.692,1234438
5.693,1234438
5.699,1234438
5.703,1234438
5.706,1234438
5.715,1234438
5.715,1234438
5.717,1234438
5.723,1234438
5.726,1234438
5.726,1234438
5.726,1234438
5.728,1234438
5.732,1234438
5.733,1234438
5.733,1234438
5.735,1234438
5.736,1234438
5.741,1234438
5.744,1234438
5.745,1234438
5.746,1234438
5.751,1234438
5.753,1234438
5.755,1234438
5.757,1234438
5.76,1234438
5.76,1234438
5.76,1234438
5.762,1234438
5.763,1234438
5.765,1234438
5.766,1234438
5.766,1234438
5.769,1234438
5.77,1234438
5.77,1234438
5.771,1234438
5.774,1234438
5.776,1234438
5.782,1234438
5.782,1234438
5.782,1234438
5.788,1234438
5.791,1234438
5.795,1234438
5.799,1234438
5.801,1234438
5.801,1234438
5.803,1234438
5.806,1234438
5.808,1234438
5.809,1234438
5.812,1234438
5.813,1234438
5.815,1234438
5.815,1234438
5.817,1234438
5.817,1234438
5.818,1234438
5.82,1234438
5.823,1234438
5.823,1234438
5.831,1234438
5.838,1234438
5.841,1234438
5.844,1234438
5.848,1234438
5.855,1234438
5.861,1234438
5.862,1234438
5.862,1234438
5.872,1234438
5.876,1234438
5.877,1234438
5.878,1234438
5.882,1234438
5.882,1234438
5.888,1234438
5.888,1234438
5.891,1234438
5.893,1234438
5.893,1234438
5.894,1234438
5.895,1234438
5.898,1234438
5.908,1234438
5.911,1234438
5.912,1234438
5.915,1234438
5.917,1234438
5.917,1234438
5.917,1234438
5.919,1234438
5.923,1234438
5.924,1234438
5.928,1234438
5.93,1234438
5.93,1234438
5.932,1234438
5.933,1234438
5.934,1234438
5.935,1234438
5.943,1234438
5.943,1234438
5.946,1234438
5.946,1234438
5.946,1234438
5.946,1234438
5.947,1234438
5.952,1234438
5.953,1234438
5.959,1234438
5.961,1234438
5.964,1234438
5.966,1234438
5.972,1234438
5.973,1234438
5.974,1234438
5.978,1234438
5.98,1234438
5.988,1234438
5.989,1234438
5.992,1234438
5.993,1234438
5.996,1234438
5.997,1234438
6,1234438
6.005,1234438
6.005,1234438
6.006,1234438
6.006,1234438
6.009,1234438
6.014,1234438
6.016,1234438
6.016,1234438
6.022,1234438
6.027,1234438
6.029,1234438
6.031,1234438
6.032,1234438
6.035,1234438
6.035,1234438
6.037,1234438
6.037,1234438
6.037,1234438
6.038,1234438
6.041,1234438
6.042,1234438
6.043,1234438
6.044,1234438
6.045,1234438
6.054,1234438
6.064,1234438
6.066,1234438
6.073,1234438
6.074,1234438
6.074,1234438
6.075,1234438
6.076,1234438
6.081,1234438
6.081,1234438
6.086,1234438
6.089,1234438
6.097,1234438
6.098,1234438
6.098,1234438
6.099,1234438
6.101,1234438
6.103,1234438
6.104,1234438
6.106,1234438
6.113,1234438
6.115,1234438
6.116,1234438
6.116,1234438
6.117,1234438
6.118,1234438
6.122,1234438
6.131,1234438
6.134,1234438
6.136,1234438
6.136,1234438
6.142,1234438
6.147,1234438
6.149,1234438
6.149,1234438
6.152,1234438
6.157,1234438
6.157,1234438
6.158,1234438
6.158,1234438
6.158,1234438
6.16,1234438
6.162,1234438
6.164,1234438
6.167,1234438
6.167,1234438
6.168,1234438
6.169,1234438
6.17,1234438
6.171,1234438
6.173,1234438
6.174,1234438
6.179,1234438
6.18,1234438
6.186,1234438
6.187,1234438
6.187,1234438
6.188,1234438
6.189,1234438
6.191,1234438
6.196,1234438
6.201,1234438
6.203,1234438
6.206,1234438
6.207,1234438
6.208,1234438
6.21,1234438
6.213,1234438
6.214,1234438
6.215,1234438
6.215,1234438
6.216,1234438
6.219,1234438
6.222,1234438
6.223,1234438
6.226,1234438
6.226,1234438
6.226,1234438
6.231,1234438
6.231,1234438
6.236,1234438
6.239,1234438
6.239,1234438
6.24,1234438
6.242,1234438
6.244,1234438
6.248,1234438
6.248,1234438
6.256,1234438
6.257,1234438
6.265,1234438
6.269,1234438
6.269,1234438
6.274,1234438
6.275,1234438
6.276,1234438
6.276,1234438
6.279,1234438
6.279,1234438
6.281,1234438
6.283,1234438
6.287,1234438
6.293,1234438
6.294,1234438
6.294,1234438
6.296,1234438
6.296,1234438
6.298,1234438
6.299,1234438
6.301,1234438
6.301,1234438
6.304,1234438
6.31,1234438
6.31,1234438
6.31,1234438
6.311,1234438
6.316,1234438
6.32,1234438
6.321,1234438
6.321,1234438
6.324,1234438
6.326,1234438
6.327,1234438
6.33,1234438
6.332,1234438
6.334,1234438
6.334,1234438
6.335,1234438
6.338,1234438
6.341,1234438
6.344,1234438
6.348,1234438
6.349,1234438
6.352,1234438
6.352,1234438
6.356,1234438
6.356,1234438
6.359,1234438
6.36,1234438
6.36,1234438
6.361,1234438
6.361,1234438
6.364,1234438
6.365,1234438
6.365,1234438
6.371,1234438
6.371,1234438
6.374,1234438
6.378,1234438
6.378,1234438
6.379,1234438
6.381,1234438
6.385,1234438
6.388,1234438
6.393,1234438
6.4,1234438
6.405,1234438
6.408,1234438
6.41,1234438
6.412,1234438
6.414,1234438
6.414,1234438
6.419,1234438
6.42,1234438
6.423,1234438
6.424,1234438
6.435,1234438
6.436,1234438
6.437,1234438
6.438,1234438
6.44,1234438
6.442,1234438
6.442,1234438
6.444,1234438
6.444,1234438
6.444,1234438
6.447,1234438
6.447,1234438
6.45,1234438
6.456,1234438
6.458,1234438
6.461,1234438
6.464,1234438
6.468,1234438
6.468,1234438
6.469,1234438
6.47,1234438
6.471,1234438
6.476,1234438
6.478,1234438
6.478,1234438
6.479,1234438
6.48,1234438
6.481,1234438
6.487,1234438
6.489,1234438
6.49,1234438
6.492,1234438
6.492,1234438
6.495,1234438
6.495,1234438
6.496,1234438
6.498,1234438
6.5,1234438
6.504,1234438
6.51,1234438
6.511,1234438
6.515,1234438
6.516,1234438
6.522,1234438
6.523,1234438
6.528,1234438
6.529,1234438
6.533,1234438
6.534,1234438
6.54,1234438
6.541,1234438
6.543,1234438
6.547,1234438
6.553,1234438
6.567,1234438
6.575,1234438
6.576,1234438
6.578,1234438
6.58,1234438
6.582,1234438
6.582,1234438
6.583,1234438
6.585,1234438
6.59,1234438
6.591,1234438
6.592,1234438
6.592,1234438
6.592,1234438
6.595,1234438
6.597,1234438
6.6,1234438
6.6,1234438
6.602,1234438
6.602,1234438
6.603,1234438
6.603,1234438
6.604,1234438
6.606,1234438
6.607,1234438
6.608,1234438
6.612,1234438
6.633,1234438
6.635,1234438
6.637,1234438
6.637,1234438
6.64,1234438
6.652,1234438
6.653,1234438
6.654,1234438
6.659,1234438
6.664,1234438
6.664,1234438
6.664,1234438
6.666,1234438
6.667,1234438
6.671,1234438
6.671,1234438
6.671,1234438
6.681,1234438
6.684,1234438
6.684,1234438
6.685,1234438
6.689,1234438
6.692,1234438
6.694,1234438
6.694,1234438
6.696,1234438
6.703,1234438
6.704,1234438
6.707,1234438
6.707,1234438
6.709,1234438
6.711,1234438
6.711,1234438
6.714,1234438
6.716,1234438
6.719,1234438
6.721,1234438
6.74,1234438
6.741,1234438
6.742,1234438
6.745,1234438
6.754,1234438
6.755,1234438
6.757,1234438
6.762,1234438
6.767,1234438
6.769,1234438
6.772,1234438
6.776,1234438
6.779,1234438
6.78,1234438
6.781,1234438
6.781,1234438
6.784,1234438
6.785,1234438
6.791,1234438
6.793,1234438
6.794,1234438
6.797,1234438
6.8,1234438
6.801,1234438
6.803,1234438
6.805,1234438
6.808,1234438
6.81,1234438
6.81,1234438
6.812,1234438
6.814,1234438
6.814,1234438
6.816,1234438
6.816,1234438
6.822,1234438
6.828,1234438
6.83,1234438
6.832,1234438
6.833,1234438
6.833,1234438
6.834,1234438
6.835,1234438
6.836,1234438
6.837,1234438
6.839,1234438
6.842,1234438
6.844,1234438
6.848,1234438
6.853,1234438
6.856,1234438
6.857,1234438
6.858,1234438
6.859,1234438
6.863,1234438
6.867,1234438
6.868,1234438
6.869,1234438
6.875,1234438
6.877,1234438
6.879,1234438
6.88,1234438
6.888,1234438
6.888,1234438
6.888,1234438
6.892,1234438
6.894,1234438
6.899,1234438
6.899,1234438
6.9,1234438
6.902,1234438
6.908,1234438
6.911,1234438
6.912,1234438
6.913,1234438
6.916,1234438
6.916,1234438
6.917,1234438
6.918,1234438
6.918,1234438
6.922,1234438
6.924,1234438
6.925,1234438
6.925,1234438
6.927,1234438
6.93,1234438
6.942,1234438
6.944,1234438
6.945,1234438
6.946,1234438
6.949,1234438
6.954,1234438
6.955,1234438
6.957,1234438
6.957,1234438
6.958,1234438
6.962,1234438
6.967,1234438
6.974,1234438
6.976,1234438
6.979,1234438
6.981,1234438
6.982,1234438
6.985,1234438
6.985,1234438
6.995,1234438
6.997,1234438
6.999,1234438
7.001,1234438
7.001,1234438
7.006,1234438
7.008,1234438
7.01,1234438
7.01,1234438
7.011,1234438
7.014,1234438
7.018,1234438
7.019,1234438
7.04,1234438
7.041,1234438
7.049,1234438
7.054,1234438
7.055,1234438
7.058,1234438
7.063,1234438
7.064,1234438
7.064,1234438
7.072,1234438
7.074,1234438
7.082,1234438
7.082,1234438
7.086,1234438
7.088,1234438
7.088,1234438
7.088,1234438
7.089,1234438
7.093,1234438
7.093,1234438
7.109,1234438
7.115,1234438
7.115,1234438
7.118,1234438
7.122,1234438
7.124,1234438
7.126,1234438
7.127,1234438
7.132,1234438
7.132,1234438
7.133,1234438
7.137,1234438
7.138,1234438
7.14,1234438
7.141,1234438
7.142,1234438
7.143,1234438
7.148,1234438
7.149,1234438
7.15,1234438
7.151,1234438
7.156,1234438
7.158,1234438
7.158,1234438
7.158,1234438
7.159,1234438
7.163,1234438
7.165,1234438
7.169,1234438
7.17,1234438
7.174,1234438
7.175,1234438
7.177,1234438
7.178,1234438
7.185,1234438
7.187,1234438
7.19,1234438
7.193,1234438
7.194,1234438
7.195,1234438
7.196,1234438
7.2,1234438
7.201,1234438
7.203,1234438
7.204,1234438
7.206,1234438
7.212,1234438
7.213,1234438
7.217,1234438
7.22,1234438
7.221,1234438
7.222,1234438
7.226,1234438
7.228,1234438
7.228,1234438
7.234,1234438
7.236,1234438
7.237,1234438
7.238,1234438
7.238,1234438
7.241,1234438
7.244,1234438
7.244,1234438
7.244,1234438
7.248,1234438
7.248,1234438
7.252,1234438
7.259,1234438
7.26,1234438
7.261,1234438
7.27,1234438
7.273,1234438
7.278,1234438
7.279,1234438
7.285,1234438
7.289,1234438
7.289,1234438
7.293,1234438
7.298,1234438
7.298,1234438
7.3,1234438
7.301,1234438
7.31,1234438
7.313,1234438
7.315,1234438
7.316,1234438
7.317,1234438
7.318,1234438
7.32,1234438
7.321,1234438
7.322,1234438
7.322,1234438
7.322,1234438
7.323,1234438
7.323,1234438
7.326,1234438
7.327,1234438
7.327,1234438
7.328,1234438
7.33,1234438
7.331,1234438
7.334,1234438
7.334,1234438
7.337,1234438
7.338,1234438
7.338,1234438
7.338,1234438
7.34,1234438
7.344,1234438
7.347,1234438
7.35,1234438
7.351,1234438
7.352,1234438
7.355,1234438
7.359,1234438
7.36,1234438
7.36,1234438
7.361,1234438
7.361,1234438
7.367,1234438
7.367,1234438
7.371,1234438
7.376,1234438
7.378,1234438
7.38,1234438
7.381,1234438
7.381,1234438
7.386,1234438
7.397,1234438
7.402,1234438
7.403,1234438
7.405,1234438
7.407,1234438
7.408,1234438
7.411,1234438
7.412,1234438
7.413,1234438
7.417,1234438
7.418,1234438
7.42,1234438
7.423,1234438
7.424,1234438
7.427,1234438
7.431,1234438
7.431,1234438
7.433,1234438
7.434,1234438
7.435,1234438
7.437,1234438
7.441,1234438
7.446,1234438
7.449,1234438
7.449,1234438
7.45,1234438
7.451,1234438
7.456,1234438
7.457,1234438
7.458,1234438
7.459,1234438
7.459,1234438
7.461,1234438
7.463,1234438
7.464,1234438
7.469,1234438
7.476,1234438
7.476,1234438
7.48,1234438
7.48,1234438
7.481,1234438
7.483,1234438
7.484,1234438
7.49,1234438
7.491,1234438
7.491,1234438
7.496,1234438
7.497,1234438
7.502,1234438
7.506,1234438
7.515,1234438
7.519,1234438
7.527,1234438
7.527,1234438
7.528,1234438
7.529,1234438
7.53,1234438
7.532,1234438
7.534,1234438
7.534,1234438
7.536,1234438
7.538,1234438
7.539,1234438
7.539,1234438
7.541,1234438
7.545,1234438
7.549,1234438
7.551,1234438
7.553,1234438
7.56,1234438
7.562,1234438
7.562,1234438
7.563,1234438
7.564,1234438
7.567,1234438
7.568,1234438
7.568,1234438
7.571,1234438
7.577,1234438
7.58,1234438
7.581,1234438
7.582,1234438
7.585,1234438
7.585,1234438
7.585,1234438
7.588,1234438
7.593,1234438
7.597,1234438
7.597,1234438
7.598,1234438
7.599,1234438
7.6,1234438
7.602,1234438
7.602,1234438
7.604,1234438
7.606,1234438
7.607,1234438
7.612,1234438
7.615,1234438
7.617,1234438
7.619,1234438
7.636,1234438
7.639,1234438
7.641,1234438
7.641,1234438
7.641,1234438
7.643,1234438
7.644,1234438
7.647,1234438
7.651,1234438
7.653,1234438
7.654,1234438
7.654,1234438
7.657,1234438
7.66,1234438
7.66,1234438
7.663,1234438
7.667,1234438
7.668,1234438
7.674,1234438
7.676,1234438
7.676,1234438
7.676,1234438
7.676,1234438
7.679,1234438
7.681,1234438
7.683,1234438
7.684,1234438
7.686,1234438
7.687,1234438
7.693,1234438
7.693,1234438
7.698,1234438
7.704,1234438
7.704,1234438
7.706,1234438
7.706,1234438
7.707,1234438
7.711,1234438
7.714,1234438
7.717,1234438
7.724,1234438
7.729,1234438
7.736,1234438
7.738,1234438
7.739,1234438
7.742,1234438
7.745,1234438
7.748,1234438
7.75,1234438
7.754,1234438
7.756,1234438
7.756,1234438
7.759,1234438
7.76,1234438
7.764,1234438
7.768,1234438
7.768,1234438
7.771,1234438
7.776,1234438
7.782,1234438
7.785,1234438
7.789,1234438
7.792,1234438
7.792,1234438
7.794,1234438
7.797,1234438
7.806,1234438
7.807,1234438
7.81,1234438
7.812,1234438
7.812,1234438
7.814,1234438
7.819,1234438
7.821,1234438
7.822,1234438
7.827,1234438
7.829,1234438
7.83,1234438
7.833,1234438
7.836,1234438
7.84,1234438
7.845,1234438
7.848,1234438
7.849,1234438
7.849,1234438
7.85,1234438
7.854,1234438
7.857,1234438
7.86,1234438
7.86,1234438
7.86,1234438
7.863,1234438
7.864,1234438
7.865,1234438
7.872,1234438
7.874,1234438
7.882,1234438
7.883,1234438
7.885,1234438
7.887,1234438
7.888,1234438
7.891,1234438
7.892,1234438
7.895,1234438
7.895,1234438
7.896,1234438
7.9,1234438
7.9,1234438
7.905,1234438
7.906,1234438
7.907,1234438
7.911,1234438
7.913,1234438
7.914,1234438
7.921,1234438
7.924,1234438
7.927,1234438
7.929,1234438
7.931,1234438
7.931,1234438
7.934,1234438
7.934,1234438
7.936,1234438
7.937,1234438
7.938,1234438
7.94,1234438
7.941,1234438
7.943,1234438
7.944,1234438
7.946,1234438
7.947,1234438
7.948,1234438
7.95,1234438
7.953,1234438
7.955,1234438
7.958,1234438
7.961,1234438
7.963,1234438
7.964,1234438
7.964,1234438
7.967,1234438
7.971,1234438
7.972,1234438
7.973,1234438
7.973,1234438
7.976,1234438
7.978,1234438
7.98,1234438
7.988,1234438
7.988,1234438
7.989,1234438
7.989,1234438
7.991,1234438
7.992,1234438
7.992,1234438
7.994,1234438
7.996,1234438
7.997,1234438
8,1234438
8,1234438
8.004,1234438
8.004,1234438
8.004,1234438
8.005,1234438
8.008,1234438
8.008,1234438
8.012,1234438
8.013,1234438
8.018,1234438
8.02,1234438
8.021,1234438
8.026,1234438
8.028,1234438
8.028,1234438
8.029,1234438
8.033,1234438
8.035,1234438
8.038,1234438
8.039,1234438
8.04,1234438
8.042,1234438
8.045,1234438
8.056,1234438
8.058,1234438
8.058,1234438
8.059,1234438
8.063,1234438
8.067,1234438
8.071,1234438
8.071,1234438
8.076,1234438
8.08,1234438
8.08,1234438
8.083,1234438
8.086,1234438
8.089,1234438
8.092,1234438
8.104,1234438
8.104,1234438
8.108,1234438
8.108,1234438
8.109,1234438
8.109,1234438
8.111,1234438
8.112,1234438
8.112,1234438
8.113,1234438
8.114,1234438
8.115,1234438
8.119,1234438
8.12,1234438
8.121,1234438
8.122,1234438
8.123,1234438
8.124,1234438
8.125,1234438
8.128,1234438
8.129,1234438
8.131,1234438
8.132,1234438
8.132,1234438
8.138,1234438
8.142,1234438
8.144,1234438
8.145,1234438
8.145,1234438
8.158,1234438
8.162,1234438
8.164,1234438
8.167,1234438
8.168,1234438
8.169,1234438
8.171,1234438
8.177,1234438
8.177,1234438
8.179,1234438
8.188,1234438
8.189,1234438
8.192,1234438
8.193,1234438
8.199,1234438
8.2,1234438
8.201,1234438
8.202,1234438
8.204,1234438
8.206,1234438
8.211,1234438
8.213,1234438
8.218,1234438
8.219,1234438
8.224,1234438
8.226,1234438
8.227,1234438
8.227,1234438
8.229,1234438
8.232,1234438
8.235,1234438
8.242,1234438
8.243,1234438
8.245,1234438
8.246,1234438
8.247,1234438
8.247,1234438
8.253,1234438
8.253,1234438
8.254,1234438
8.256,1234438
8.257,1234438
8.257,1234438
8.258,1234438
8.259,1234438
8.26,1234438
8.26,1234438
8.266,1234438
8.269,1234438
8.269,1234438
8.273,1234438
8.274,1234438
8.275,1234438
8.277,1234438
8.281,1234438
8.283,1234438
8.285,1234438
8.286,1234438
8.286,1234438
8.287,1234438
8.294,1234438
8.296,1234438
8.297,1234438
8.298,1234438
8.299,1234438
8.303,1234438
8.306,1234438
8.307,1234438
8.309,1234438
8.311,1234438
8.32,1234438
8.32,1234438
8.322,1234438
8.326,1234438
8.327,1234438
8.329,1234438
8.329,1234438
8.329,1234438
8.333,1234438
8.335,1234438
8.336,1234438
8.336,1234438
8.337,1234438
8.337,1234438
8.339,1234438
8.34,1234438
8.341,1234438
8.341,1234438
8.344,1234438
8.346,1234438
8.349,1234438
8.352,1234438
8.354,1234438
8.354,1234438
8.356,1234438
8.367,1234438
8.367,1234438
8.369,1234438
8.371,1234438
8.372,1234438
8.374,1234438
8.38,1234438
8.381,1234438
8.382,1234438
8.383,1234438
8.385,1234438
8.385,1234438
8.389,1234438
8.391,1234438
8.397,1234438
8.398,1234438
8.401,1234438
8.403,1234438
8.403,1234438
8.403,1234438
8.404,1234438
8.405,1234438
8.409,1234438
8.41,1234438
8.413,1234438
8.414,1234438
8.418,1234438
8.422,1234438
8.424,1234438
8.424,1234438
8.425,1234438
8.428,1234438
8.429,1234438
8.429,1234438
8.433,1234438
8.435,1234438
8.435,1234438
8.44,1234438
8.441,1234438
8.442,1234438
8.444,1234438
8.444,1234438
8.445,1234438
8.447,1234438
8.448,1234438
8.449,1234438
8.451,1234438
8.452,1234438
8.455,1234438
8.456,1234438
8.461,1234438
8.461,1234438
8.464,1234438
8.464,1234438
8.468,1234438
8.471,1234438
8.472,1234438
8.474,1234438
8.481,1234438
8.483,1234438
8.485,1234438
8.486,1234438
8.489,1234438
8.49,1234438
8.491,1234438
8.497,1234438
8.502,1234438
8.505,1234438
8.506,1234438
8.508,1234438
8.51,1234438
8.51,1234438
8.511,1234438
8.511,1234438
8.513,1234438
8.514,1234438
8.515,1234438
8.516,1234438
8.521,1234438
8.523,1234438
8.528,1234438
8.53,1234438
8.534,1234438
8.536,1234438
8.537,1234438
8.541,1234438
8.542,1234438
8.543,1234438
8.543,1234438
8.544,1234438
8.549,1234438
8.55,1234438
8.553,1234438
8.557,1234438
8.558,1234438
8.558,1234438
8.56,1234438
8.561,1234438
8.564,1234438
8.565,1234438
8.566,1234438
8.568,1234438
8.57,1234438
8.582,1234438
8.59,1234438
8.593,1234438
8.597,1234438
8.598,1234438
8.599,1234438
8.603,1234438
8.604,1234438
8.605,1234438
8.605,1234438
8.609,1234438
8.61,1234438
8.612,1234438
8.619,1234438
8.621,1234438
8.621,1234438
8.622,1234438
8.622,1234438
8.624,1234438
8.624,1234438
8.628,1234438
8.633,1234438
8.634,1234438
8.636,1234438
8.638,1234438
8.64,1234438
8.64,1234438
8.645,1234438
8.646,1234438
8.647,1234438
8.648,1234438
8.65,1234438
8.65,1234438
8.659,1234438
8.659,1234438
8.659,1234438
8.663,1234438
8.667,1234438
8.671,1234438
8.674,1234438
8.676,1234438
8.68,1234438
8.681,1234438
8.681,1234438
8.683,1234438
8.685,1234438
8.692,1234438
8.693,1234438
8.699,1234438
8.7,1234438
8.703,1234438
8.707,1234438
8.709,1234438
8.711,1234438
8.712,1234438
8.713,1234438
8.713,1234438
8.714,1234438
8.714,1234438
8.714,1234438
8.715,1234438
8.716,1234438
8.722,1234438
8.722,1234438
8.723,1234438
8.724,1234438
8.725,1234438
8.726,1234438
8.733,1234438
8.734,1234438
8.736,1234438
8.743,1234438
8.745,1234438
8.746,1234438
8.749,1234438
8.75,1234438
8.753,1234438
8.754,1234438
8.754,1234438
8.759,1234438
8.762,1234438
8.766,1234438
8.767,1234438
8.767,1234438
8.769,1234438
8.774,1234438
8.781,1234438
8.782,1234438
8.786,1234438
8.786,1234438
8.787,1234438
8.787,1234438
8.787,1234438
8.788,1234438
8.789,1234438
8.789,1234438
8.792,1234438
8.793,1234438
8.797,1234438
8.797,1234438
8.8,1234438
8.804,1234438
8.805,1234438
8.806,1234438
8.808,1234438
8.81,1234438
8.811,1234438
8.812,1234438
8.813,1234438
8.815,1234438
8.817,1234438
8.818,1234438
8.819,1234438
8.821,1234438
8.821,1234438
8.823,1234438
8.827,1234438
8.828,1234438
8.834,1234438
8.834,1234438
8.839,1234438
8.839,1234438
8.84,1234438
8.84,1234438
8.841,1234438
8.844,1234438
8.845,1234438
8.847,1234438
8.85,1234438
8.853,1234438
8.854,1234438
8.855,1234438
8.857,1234438
8.858,1234438
8.858,1234438
8.86,1234438
8.861,1234438
8.869,1234438
8.87,1234438
8.872,1234438
8.873,1234438
8.875,1234438
8.879,1234438
8.88,1234438
8.88,1234438
8.881,1234438
8.882,1234438
8.884,1234438
8.885,1234438
8.886,1234438
8.888,1234438
8.889,1234438
8.89,1234438
8.891,1234438
8.893,1234438
8.898,1234438
8.9,1234438
8.902,1234438
8.903,1234438
8.907,1234438
8.908,1234438
8.909,1234438
8.911,1234438
8.914,1234438
8.919,1234438
8.919,1234438
8.922,1234438
8.922,1234438
8.923,1234438
8.924,1234438
8.925,1234438
8.926,1234438
8.928,1234438
8.928,1234438
8.929,1234438
8.929,1234438
8.93,1234438
8.932,1234438
8.936,1234438
8.936,1234438
8.944,1234438
8.951,1234438
8.952,1234438
8.952,1234438
8.953,1234438
8.955,1234438
8.956,1234438
8.958,1234438
8.962,1234438
8.964,1234438
8.973,1234438
8.974,1234438
8.975,1234438
8.976,1234438
8.978,1234438
8.983,1234438
8.986,1234438
8.987,1234438
8.991,1234438
8.994,1234438
8.997,1234438
9.006,1234438
9.006,1234438
9.01,1234438
9.01,1234438
9.012,1234438
9.013,1234438
9.013,1234438
9.018,1234438
9.019,1234438
9.022,1234438
9.024,1234438
9.027,1234438
9.028,1234438
9.029,1234438
9.034,1234438
9.037,1234438
9.04,1234438
9.042,1234438
9.045,1234438
9.046,1234438
9.047,1234438
9.048,1234438
9.048,1234438
9.048,1234438
9.049,1234438
9.052,1234438
9.056,1234438
9.056,1234438
9.057,1234438
9.058,1234438
9.059,1234438
9.06,1234438
9.066,1234438
9.067,1234438
9.067,1234438
9.067,1234438
9.068,1234438
9.072,1234438
9.073,1234438
9.074,1234438
9.074,1234438
9.074,1234438
9.075,1234438
9.075,1234438
9.075,1234438
9.076,1234438
9.076,1234438
9.079,1234438
9.081,1234438
9.083,1234438
9.085,1234438
9.087,1234438
9.092,1234438
9.094,1234438
9.094,1234438
9.096,1234438
9.096,1234438
9.1,1234438
9.105,1234438
9.11,1234438
9.11,1234438
9.115,1234438
9.117,1234438
9.119,1234438
9.123,1234438
9.128,1234438
9.128,1234438
9.129,1234438
9.13,1234438
9.13,1234438
9.131,1234438
9.131,1234438
9.133,1234438
9.134,1234438
9.138,1234438
9.142,1234438
9.145,1234438
9.149,1234438
9.151,1234438
9.152,1234438
9.153,1234438
9.157,1234438
9.161,1234438
9.162,1234438
9.165,1234438
9.166,1234438
9.166,1234438
9.167,1234438
9.168,1234438
9.169,1234438
9.171,1234438
9.174,1234438
9.176,1234438
9.176,1234438
9.178,1234438
9.179,1234438
9.181,1234438
9.184,1234438
9.184,1234438
9.187,1234438
9.192,1234438
9.192,1234438
9.192,1234438
9.194,1234438
9.194,1234438
9.196,1234438
9.196,1234438
9.197,1234438
9.198,1234438
9.198,1234438
9.213,1234438
9.216,1234438
9.22,1234438
9.223,1234438
9.224,1234438
9.224,1234438
9.226,1234438
9.228,1234438
9.23,1234438
9.233,1234438
9.233,1234438
9.234,1234438
9.234,1234438
9.236,1234438
9.247,1234438
9.25,1234438
9.251,1234438
9.253,1234438
9.256,1234438
9.258,1234438
9.259,1234438
9.26,1234438
9.26,1234438
9.261,1234438
9.262,1234438
9.263,1234438
9.264,1234438
9.27,1234438
9.28,1234438
9.286,1234438
9.287,1234438
9.288,1234438
9.29,1234438
9.295,1234438
9.299,1234438
9.299,1234438
9.303,1234438
9.303,1234438
9.309,1234438
9.31,1234438
9.31,1234438
9.311,1234438
9.311,1234438
9.312,1234438
9.316,1234438
9.318,1234438
9.321,1234438
9.323,1234438
9.329,1234438
9.329,1234438
9.33,1234438
9.331,1234438
9.335,1234438
9.343,1234438
9.344,1234438
9.346,1234438
9.346,1234438
9.347,1234438
9.348,1234438
9.352,1234438
9.355,1234438
9.358,1234438
9.358,1234438
9.367,1234438
9.37,1234438
9.372,1234438
9.375,1234438
9.376,1234438
9.376,1234438
9.377,1234438
9.378,1234438
9.378,1234438
9.383,1234438
9.383,1234438
9.384,1234438
9.387,1234438
9.388,1234438
9.388,1234438
9.389,1234438
9.392,1234438
9.393,1234438
9.4,1234438
9.4,1234438
9.402,1234438
9.403,1234438
9.408,1234438
9.413,1234438
9.415,1234438
9.417,1234438
9.422,1234438
9.424,1234438
9.426,1234438
9.427,1234438
9.427,1234438
9.428,1234438
9.431,1234438
9.435,1234438
9.435,1234438
9.438,1234438
9.441,1234438
9.443,1234438
9.444,1234438
9.449,1234438
9.45,1234438
9.453,1234438
9.454,1234438
9.455,1234438
9.459,1234438
9.466,1234438
9.467,1234438
9.468,1234438
9.468,1234438
9.475,1234438
9.475,1234438
9.475,1234438
9.479,1234438
9.481,1234438
9.484,1234438
9.486,1234438
9.491,1234438
9.491,1234438
9.492,1234438
9.495,1234438
9.499,1234438
9.5,1234438
9.506,1234438
9.506,1234438
9.507,1234438
9.507,1234438
9.51,1234438
9.51,1234438
9.514,1234438
9.517,1234438
9.519,1234438
9.521,1234438
9.525,1234438
9.529,1234438
9.531,1234438
9.531,1234438
9.533,1234438
9.534,1234438
9.538,1234438
9.539,1234438
9.543,1234438
9.546,1234438
9.55,1234438
9.55,1234438
9.553,1234438
9.555,1234438
9.556,1234438
9.561,1234438
9.563,1234438
9.564,1234438
9.565,1234438
9.567,1234438
9.569,1234438
9.573,1234438
9.575,1234438
9.577,1234438
9.577,1234438
9.581,1234438
9.582,1234438
9.582,1234438
9.583,1234438
9.585,1234438
9.587,1234438
9.591,1234438
9.594,1234438
9.594,1234438
9.596,1234438
9.596,1234438
9.597,1234438
9.597,1234438
9.604,1234438
9.608,1234438
9.612,1234438
9.613,1234438
9.614,1234438
9.616,1234438
9.617,1234438
9.62,1234438
9.621,1234438
9.624,1234438
9.634,1234438
9.635,1234438
9.64,1234438
9.64,1234438
9.645,1234438
9.647,1234438
9.647,1234438
9.648,1234438
9.648,1234438
9.65,1234438
9.652,1234438
9.653,1234438
9.657,1234438
9.658,1234438
9.659,1234438
9.66,1234438
9.663,1234438
9.663,1234438
9.663,1234438
9.665,1234438
9.674,1234438
9.675,1234438
9.677,1234438
9.678,1234438
9.684,1234438
9.688,1234438
9.688,1234438
9.69,1234438
9.69,1234438
9.699,1234438
9.701,1234438
9.707,1234438
9.708,1234438
9.711,1234438
9.718,1234438
9.719,1234438
9.722,1234438
9.726,1234438
9.731,1234438
9.732,1234438
9.735,1234438
9.737,1234438
9.742,1234438
9.744,1234438
9.744,1234438
9.754,1234438
9.76,1234438
9.766,1234438
9.766,1234438
9.768,1234438
9.773,1234438
9.773,1234438
9.777,1234438
9.777,1234438
9.777,1234438
9.78,1234438
9.781,1234438
9.782,1234438
9.783,1234438
9.783,1234438
9.784,1234438
9.785,1234438
9.786,1234438
9.795,1234438
9.797,1234438
9.799,1234438
9.8,1234438
9.808,1234438
9.809,1234438
9.813,1234438
9.814,1234438
9.818,1234438
9.825,1234438
9.827,1234438
9.828,1234438
9.83,1234438
9.832,1234438
9.832,1234438
9.835,1234438
9.837,1234438
9.837,1234438
9.84,1234438
9.845,1234438
9.847,1234438
9.859,1234438
9.864,1234438
9.867,1234438
9.872,1234438
9.873,1234438
9.878,1234438
9.88,1234438
9.882,1234438
9.885,1234438
9.887,1234438
9.888,1234438
9.889,1234438
9.89,1234438
9.899,1234438
9.901,1234438
9.902,1234438
9.906,1234438
9.906,1234438
9.907,1234438
9.907,1234438
9.915,1234438
9.92,1234438
9.921,1234438
9.921,1234438
9.922,1234438
9.923,1234438
9.923,1234438
9.925,1234438
9.929,1234438
9.938,1234438
9.94,1234438
9.945,1234438
9.946,1234438
9.947,1234438
9.96,1234438
9.97,1234438
9.972,1234438
9.973,1234438
9.973,1234438
9.978,1234438
9.981,1234438
9.985,1234438
9.991,1234438
9.991,1234438
9.992,1234438
9.993,1234438
9.996,1234438
9.997,1234438
