0.016000,1301466
0.016000,1301443
0.016000,1300080
0.016000,1293164
0.016000,1286305
0.016000,1284981
0.016000,1265368
0.016000,1264572
0.016000,1259278
0.016000,1259040
0.016000,1242916
0.016000,1238495
0.016000,1213819
0.016000,1213564
0.016000,1213049
0.016000,1212653
0.016000,1211274
0.016000,1205269
0.016000,1201456
0.016000,1198499
0.016000,1197496
0.016000,1194763
0.016000,1193971
0.390000,1193613
1.156000,1193489
1.187000,1181622
1.187000,1181023
2.577000,1180481
17.372000,1180153
18.857000,1180038
25.855000,1179916
25.855000,1179710
37.463000,1179595
73.626000,1179587
384.499000,1179536
