0.000000,1358318
0.000000,1355587
0.015000,1355511
0.015000,1355165
0.015000,1354651
0.015000,1353327
0.015000,1353126
0.015000,1346059
0.015000,1345821
0.015000,1300690
0.015000,1299883
0.015000,1294435
0.015000,1293962
0.015000,1293211
0.015000,1291681
0.015000,1291498
0.015000,1232250
0.015000,1231293
0.015000,1231038
0.015000,1230642
0.015000,1230048
0.015000,1227117
0.015000,1216278
0.015000,1216168
0.015000,1216054
0.203000,1207537
0.203000,1205733
0.203000,1205495
0.203000,1204688
0.203000,1204433
0.203000,1204037
0.281000,1203292
0.281000,1202576
0.281000,1196571
0.281000,1193613
0.281000,1190809
0.281000,1190210
0.281000,1187757
0.281000,1186767
0.281000,1185931
0.281000,1182946
0.281000,1182697
0.281000,1182599
0.703000,1182279
1.514000,1180907
1.514000,1180701
1.593000,1180153
2.421000,1180038
5.554000,1179953
33.106000,1179916
33.106000,1179710
47.868000,1179595
388.716000,1179536
