0.000000,1243369
0.000000,1238640
0.000000,1238617
0.000000,1234425
0.000000,1233629
0.000000,1232823
0.000000,1230857
0.000000,1225409
0.000000,1225171
0.000000,1225139
0.000000,1224455
0.000000,1224200
0.000000,1223804
0.000000,1222481
0.000000,1220744
0.000000,1220268
0.016000,1206867
0.016000,1205130
0.016000,1204654
0.016000,1204513
0.094000,1204395
0.141000,1198174
0.141000,1198032
0.141000,1195075
0.188000,1182661
0.188000,1182062
2.264000,1181921
2.389000,1181791
2.389000,1181192
2.405000,1180908
3.264000,1180576
3.264000,1180038
35.929000,1179536
