0.015000,1368778
0.015000,1368540
0.015000,1367816
0.015000,1363448
0.015000,1344015
0.015000,1343760
0.015000,1332917
0.015000,1332445
0.015000,1331121
0.015000,1314997
0.015000,1314482
0.015000,1314330
0.015000,1312951
0.015000,1301054
0.015000,1297242
0.015000,1291300
0.015000,1283117
0.015000,1282722
0.015000,1274589
0.015000,1271856
0.015000,1271064
0.047000,1268850
0.047000,1268302
0.047000,1264075
0.047000,1262604
0.047000,1261986
0.047000,1261645
0.047000,1260215
0.047000,1260190
0.047000,1260039
0.047000,1259742
0.047000,1259734
0.047000,1226343
0.047000,1225019
0.047000,1222566
0.047000,1220193
0.047000,1220051
0.078000,1215243
0.078000,1215102
0.078000,1214377
0.078000,1213863
0.078000,1212483
0.078000,1212245
0.078000,1208433
0.078000,1207109
0.078000,1205046
0.078000,1204791
0.078000,1204395
0.125000,1204070
0.282000,1190522
0.282000,1189368
0.282000,1183498
0.282000,1182898
0.687000,1182298
0.687000,1181462
2.937000,1181144
2.937000,1180907
2.937000,1180701
10.015000,1180638
10.015000,1180401
10.015000,1180195
10.015000,1179595
50.101000,1179536
