0.016000,1479567
0.016000,1475159
0.016000,1474687
0.016000,1474607
0.016000,1428397
0.016000,1364002
0.016000,1363825
0.031000,1362646
0.031000,1357753
0.031000,1356676
0.031000,1356295
0.031000,1355861
0.031000,1354538
0.031000,1353731
0.031000,1353216
0.031000,1353015
0.031000,1351342
0.031000,1334721
0.031000,1334485
0.031000,1332395
0.031000,1332032
0.047000,1330932
0.047000,1330360
0.047000,1329741
0.047000,1325928
0.047000,1325818
0.047000,1323520
0.047000,1320787
0.047000,1316754
0.047000,1315962
0.078000,1310633
0.078000,1310525
0.078000,1309346
0.078000,1306596
0.078000,1306124
0.078000,1305498
0.078000,1304175
0.078000,1299281
0.078000,1297127
0.078000,1296051
0.078000,1276538
0.078000,1275822
0.109000,1243251
0.125000,1242289
0.125000,1241482
0.125000,1241086
0.156000,1206257
0.156000,1205252
0.156000,1204653
0.156000,1204257
0.156000,1203452
0.156000,1203325
0.172000,1203089
0.172000,1202882
0.172000,1202073
0.297000,1186814
0.297000,1186215
0.297000,1185379
0.297000,1184153
0.297000,1182050
0.312000,1181258
10.571000,1181019
19.836000,1180908
33.713000,1180754
33.713000,1180038
129.046000,1179595
