0,9595070
0.001,9585451
0.001,9585295
0.001,9547071
0.001,9345978
0.001,9290941
0.001,9288558
0.001,9121410
0.001,9108014
0.001,9078392
0.001,9075573
0.002,9068438
0.002,9039050
0.002,8790400
0.002,8790036
0.002,8774819
0.002,8695152
0.002,8651751
0.002,8620628
0.002,8479865
0.003,8479865
0.003,8329152
0.003,8329046
0.003,8294165
0.003,8284197
0.003,8272081
0.003,8270815
0.003,8269989
0.004,8217457
0.004,8217153
0.004,8181437
0.004,8165261
0.004,8078727
0.005,8059737
0.005,8012461
0.005,7984711
0.005,7983020
0.005,7941936
0.005,7832464
0.005,7809213
0.007,7796465
0.007,7699981
0.007,7680781
0.007,7514264
0.007,7514264
0.008,7511529
0.008,7501897
0.008,7454751
0.008,7324330
0.008,7270159
0.008,7254032
0.008,7250656
0.008,7250405
0.008,7243923
0.008,7243923
0.008,7203621
0.008,7168824
0.008,7149551
0.008,7139609
0.008,7137970
0.009,7116708
0.009,7040312
0.009,7031398
0.009,7027477
0.009,7027477
0.011,6791376
0.011,6745269
0.011,6714234
0.011,6711734
0.011,6678985
0.011,6678681
0.012,6678199
0.012,6677804
0.012,6677804
0.012,6677314
0.012,6674276
0.012,6585684
0.012,6575186
0.013,6530785
0.013,6529549
0.013,6523725
0.013,6466958
0.013,6462222
0.013,6413033
0.014,6372857
0.014,6341454
0.014,6332961
0.014,6314493
0.014,6211001
0.014,6204087
0.014,6061126
0.015,6044876
0.015,5990998
0.015,5988359
0.015,5924504
0.016,5862587
0.016,5837855
0.017,5727243
0.017,5722507
0.017,5719867
0.017,5655219
0.017,5607009
0.018,5606397
0.018,5604531
0.018,5602431
0.019,5558767
0.019,5547935
0.019,5544854
0.019,5436539
0.02,5415846
0.02,5408263
0.02,5408053
0.02,5406664
0.02,5380943
0.02,5347659
0.021,5331289
0.021,5331066
0.021,5328927
0.021,5327833
0.021,5249503
0.022,5206295
0.022,5183524
0.022,5179343
0.022,5168226
0.022,4999980
0.022,4943985
0.023,4943985
0.023,4893042
0.023,4829074
0.023,4770981
0.023,4767275
0.024,4765382
0.024,4729486
0.024,4715174
0.024,4715174
0.024,4715174
0.024,4711166
0.025,4674550
0.025,4661844
0.025,4537234
0.026,4537234
0.026,4535582
0.026,4535331
0.026,4535331
0.026,4510295
0.026,4443541
0.027,4438117
0.028,4396887
0.028,4394760
0.029,4353908
0.029,4294463
0.029,4294172
0.029,4287712
0.029,4287712
0.03,4251330
0.03,4192215
0.031,4126893
0.031,4126893
0.031,4106456
0.031,4104993
0.032,4068246
0.032,4038981
0.032,4033790
0.033,4033790
0.033,4018356
0.033,4018356
0.033,3998751
0.035,3913283
0.036,3912928
0.036,3836916
0.038,3836653
0.038,3810919
0.038,3810919
0.038,3810919
0.038,3809406
0.039,3809406
0.039,3790585
0.039,3790585
0.039,3788663
0.04,3779028
0.04,3726193
0.04,3586293
0.041,3576615
0.041,3574634
0.041,3569910
0.041,3569902
0.042,3554968
0.042,3552115
0.043,3552115
0.043,3552115
0.044,3551758
0.044,3551415
0.044,3550643
0.045,3550643
0.045,3532324
0.046,3532324
0.046,3527579
0.046,3497486
0.046,3475618
0.046,3460744
0.047,3429751
0.048,3424163
0.049,3423120
0.049,3419293
0.05,3414138
0.05,3397366
0.05,3393092
0.05,3391336
0.051,3389330
0.051,3381716
0.052,3381716
0.053,3276013
0.053,3267721
0.054,3265896
0.054,3256215
0.055,3254610
0.056,3243734
0.056,3243520
0.057,3243520
0.057,3098747
0.058,3090674
0.059,3088791
0.059,3086558
0.06,3072667
0.061,3072667
0.061,3072667
0.061,3072667
0.063,3062354
0.064,3062354
0.064,3057084
0.064,3056889
0.065,3012272
0.068,3012272
0.068,2999194
0.068,2991738
0.071,2989684
0.071,2988583
0.071,2981963
0.071,2969070
0.072,2964749
0.072,2961110
0.072,2956030
0.072,2956030
0.072,2950738
0.074,2950654
0.074,2950654
0.074,2945898
0.075,2943450
0.076,2929558
0.077,2926202
0.078,2918864
0.078,2918864
0.078,2906974
0.078,2906974
0.078,2855076
0.079,2828293
0.079,2828232
0.079,2828232
0.081,2828232
0.081,2825993
0.081,2822132
0.081,2818983
0.081,2807872
0.082,2807538
0.082,2805629
0.083,2802879
0.084,2802853
0.084,2776358
0.084,2754233
0.085,2752307
0.085,2722815
0.086,2722815
0.086,2722815
0.087,2722523
0.088,2722523
0.088,2708054
0.09,2708054
0.09,2707253
0.09,2695301
0.091,2695196
0.092,2684704
0.092,2684704
0.092,2674160
0.092,2673711
0.092,2671455
0.094,2671455
0.095,2671455
0.095,2664786
0.096,2662294
0.097,2650725
0.097,2649117
0.098,2601424
0.1,2601424
0.101,2601424
0.102,2560747
0.104,2546525
0.104,2546525
0.105,2511939
0.106,2496970
0.106,2495740
0.106,2495740
0.106,2495559
0.111,2495559
0.112,2495559
0.112,2495559
0.115,2491769
0.116,2472919
0.117,2472919
0.118,2472784
0.119,2472784
0.12,2472784
0.12,2470714
0.12,2459026
0.122,2445309
0.124,2430521
0.125,2413286
0.128,2413286
0.129,2412924
0.129,2412924
0.129,2399937
0.129,2397612
0.133,2396492
0.134,2380740
0.135,2372301
0.136,2372301
0.139,2372301
0.139,2365481
0.139,2365146
0.142,2365146
0.144,2361967
0.145,2361716
0.145,2361716
0.146,2361716
0.146,2334023
0.15,2334023
0.15,2329899
0.151,2329899
0.151,2329506
0.152,2315698
0.152,2315698
0.152,2294308
0.153,2294308
0.156,2292666
0.156,2291786
0.157,2254495
0.163,2254465
0.164,2254465
0.167,2254316
0.169,2246916
0.17,2245417
0.17,2245417
0.171,2201650
0.172,2201650
0.173,2201492
0.173,2201492
0.174,2201492
0.176,2201492
0.18,2201275
0.181,2201275
0.181,2200234
0.182,2200234
0.182,2200234
0.183,2198678
0.184,2198678
0.184,2197210
0.185,2197210
0.185,2181227
0.185,2180357
0.186,2180357
0.187,2155511
0.188,2155511
0.188,2136398
0.189,2126700
0.19,2125523
0.191,2124726
0.192,2115769
0.192,2115769
0.192,2115769
0.193,2115769
0.194,2115769
0.196,2115769
0.197,2113305
0.199,2112382
0.2,2106815
0.201,2106815
0.204,2105265
0.204,2105265
0.205,2105265
0.206,2105265
0.206,2103664
0.207,2103664
0.209,2049794
0.209,2049794
0.213,2046273
0.214,2044982
0.215,2044982
0.216,2021079
0.217,2021079
0.22,2012595
0.223,2005678
0.224,2005678
0.225,2005678
0.225,2005678
0.227,1999616
0.227,1998876
0.227,1988021
0.228,1987584
0.229,1982295
0.23,1982295
0.23,1973407
0.233,1973407
0.234,1973407
0.234,1973407
0.235,1971453
0.236,1971453
0.237,1905011
0.238,1905011
0.238,1900378
0.24,1899895
0.24,1899895
0.241,1899895
0.243,1859161
0.247,1859161
0.25,1859161
0.251,1822463
0.251,1808738
0.252,1807770
0.252,1807770
0.253,1807770
0.253,1807770
0.254,1807770
0.256,1807770
0.256,1800151
0.256,1800151
0.257,1792738
0.257,1792738
0.257,1792738
0.262,1791479
0.263,1791479
0.27,1783068
0.273,1777420
0.273,1777387
0.28,1777387
0.281,1777387
0.284,1773378
0.285,1770402
0.288,1770402
0.289,1770402
0.289,1749971
0.291,1749802
0.292,1740603
0.292,1740603
0.293,1740603
0.293,1739562
0.296,1739562
0.296,1739562
0.297,1738931
0.297,1737191
0.298,1737191
0.301,1734325
0.304,1734325
0.305,1734325
0.309,1696769
0.311,1694523
0.311,1694523
0.313,1694523
0.316,1694523
0.318,1681062
0.321,1681062
0.324,1681062
0.325,1679449
0.325,1672755
0.325,1672755
0.327,1672755
0.328,1672520
0.33,1670821
0.331,1670821
0.333,1670821
0.334,1658728
0.337,1658728
0.339,1658728
0.339,1656937
0.34,1656937
0.342,1656937
0.342,1656937
0.347,1647307
0.348,1647307
0.351,1647307
0.351,1647307
0.354,1640549
0.354,1640549
0.357,1640549
0.357,1638314
0.36,1638314
0.363,1638314
0.366,1625572
0.369,1625572
0.369,1623029
0.371,1623029
0.371,1621440
0.373,1621440
0.375,1621440
0.377,1621440
0.377,1621440
0.379,1621440
0.382,1621440
0.385,1618745
0.385,1618745
0.387,1618745
0.39,1618745
0.391,1618745
0.392,1618745
0.399,1618745
0.401,1600847
0.402,1600781
0.407,1600781
0.407,1600781
0.408,1600781
0.411,1600781
0.412,1600781
0.416,1597796
0.417,1597796
0.419,1597796
0.42,1597796
0.421,1597796
0.422,1597796
0.424,1597796
0.425,1597796
0.425,1593967
0.425,1592742
0.43,1592742
0.43,1592742
0.432,1592742
0.434,1592742
0.434,1592637
0.437,1590533
0.439,1589906
0.439,1589906
0.444,1589906
0.446,1589906
0.45,1588857
0.451,1588857
0.452,1575497
0.454,1569069
0.456,1569069
0.456,1569069
0.461,1568899
0.463,1568899
0.464,1568899
0.465,1568899
0.47,1568899
0.471,1568899
0.472,1568899
0.476,1568899
0.476,1568899
0.477,1568899
0.478,1568899
0.48,1568899
0.484,1536734
0.484,1536734
0.487,1536734
0.488,1536734
0.488,1536734
0.489,1535358
0.495,1535358
0.496,1535358
0.497,1535358
0.497,1535358
0.499,1535358
0.5,1533771
0.5,1533771
0.5,1532875
0.5,1532875
0.504,1532875
0.504,1532875
0.508,1529363
0.508,1529363
0.511,1529363
0.512,1528919
0.513,1528919
0.517,1528919
0.517,1528919
0.517,1528919
0.519,1528919
0.523,1528919
0.524,1527054
0.524,1527054
0.528,1527054
0.53,1527054
0.538,1527054
0.541,1527054
0.541,1527054
0.543,1527054
0.544,1527054
0.548,1527054
0.548,1527054
0.55,1527054
0.552,1527054
0.552,1527054
0.56,1527054
0.561,1527054
0.562,1527054
0.563,1527054
0.563,1527054
0.564,1519927
0.569,1519818
0.572,1519818
0.572,1519818
0.578,1517111
0.58,1516634
0.584,1516634
0.584,1510031
0.585,1510031
0.585,1510031
0.586,1510031
0.59,1510031
0.591,1510031
0.592,1506593
0.593,1506593
0.595,1506593
0.597,1506593
0.599,1506593
0.601,1506593
0.603,1506593
0.603,1499808
0.603,1499808
0.604,1489248
0.604,1485565
0.606,1471812
0.611,1469722
0.612,1469722
0.613,1466802
0.613,1466802
0.613,1466802
0.617,1465581
0.619,1465581
0.622,1465581
0.622,1465274
0.622,1465274
0.622,1465274
0.623,1416774
0.624,1414502
0.626,1414502
0.626,1414484
0.636,1414484
0.639,1414484
0.641,1414484
0.643,1414484
0.644,1414343
0.645,1414343
0.645,1414343
0.645,1414343
0.646,1414343
0.647,1414343
0.647,1414343
0.649,1412853
0.652,1411073
0.653,1411073
0.653,1411073
0.657,1411073
0.657,1411073
0.658,1411073
0.659,1411073
0.659,1403930
0.66,1403930
0.665,1403930
0.666,1403930
0.668,1403930
0.67,1403930
0.67,1403930
0.671,1403930
0.673,1403930
0.677,1403930
0.677,1403930
0.678,1403930
0.678,1403930
0.679,1403930
0.679,1398374
0.681,1398374
0.683,1398374
0.684,1398374
0.684,1398374
0.684,1398374
0.685,1398374
0.685,1398374
0.695,1398374
0.7,1398374
0.7,1398374
0.701,1398374
0.702,1398374
0.706,1397691
0.706,1397691
0.707,1397691
0.707,1397691
0.707,1397691
0.707,1397691
0.711,1391899
0.714,1391899
0.715,1391899
0.718,1391899
0.719,1391899
0.72,1391899
0.723,1391899
0.725,1391899
0.725,1391899
0.725,1391899
0.726,1391899
0.728,1391899
0.729,1391899
0.73,1391899
0.733,1391899
0.734,1391899
0.736,1391899
0.741,1391899
0.741,1391899
0.745,1391899
0.747,1391899
0.749,1391899
0.751,1391899
0.753,1386058
0.761,1386058
0.762,1386058
0.765,1386058
0.769,1386058
0.77,1386058
0.771,1386058
0.779,1386058
0.781,1386058
0.781,1386058
0.782,1386058
0.783,1386058
0.784,1386058
0.785,1386058
0.791,1386058
0.791,1386058
0.795,1386058
0.803,1382027
0.809,1382027
0.81,1382027
0.812,1382027
0.817,1382027
0.82,1380572
0.821,1380572
0.822,1380572
0.827,1380572
0.832,1380572
0.832,1380572
0.833,1380572
0.834,1380572
0.835,1380572
0.837,1380417
0.838,1373964
0.849,1373964
0.85,1373964
0.852,1373964
0.854,1373964
0.855,1373964
0.858,1373884
0.862,1373884
0.865,1373884
0.867,1373884
0.869,1373884
0.872,1373884
0.873,1373884
0.875,1342131
0.876,1342131
0.877,1342131
0.878,1342131
0.88,1342131
0.883,1342100
0.887,1342100
0.887,1342100
0.888,1342100
0.889,1342100
0.889,1342100
0.892,1335148
0.893,1335148
0.894,1335148
0.905,1335148
0.907,1335148
0.91,1335148
0.91,1335148
0.912,1335148
0.914,1335148
0.914,1335148
0.917,1333578
0.92,1333578
0.922,1333578
0.922,1333578
0.923,1333578
0.924,1333578
0.928,1333578
0.929,1333578
0.93,1333578
0.942,1333578
0.946,1333578
0.946,1333578
0.947,1333578
0.947,1333578
0.948,1333578
0.949,1333578
0.952,1333578
0.956,1333578
0.957,1326056
0.96,1326056
0.96,1326056
0.96,1326056
0.963,1326056
0.964,1326056
0.966,1326056
0.968,1326056
0.972,1326056
0.976,1326056
0.977,1324298
0.983,1324298
0.985,1324298
0.993,1320554
0.993,1320554
0.996,1320554
1.004,1320554
1.016,1320554
1.018,1320554
1.025,1320554
1.027,1320554
1.046,1320554
1.046,1320554
1.047,1320554
1.05,1320554
1.05,1320554
1.052,1320554
1.053,1320554
1.054,1320554
1.055,1320554
1.058,1320554
1.061,1320554
1.064,1320554
1.065,1320554
1.068,1320554
1.068,1320554
1.069,1308658
1.073,1308658
1.078,1308658
1.083,1308331
1.086,1308331
1.088,1308331
1.089,1308246
1.092,1308246
1.093,1308246
1.095,1308246
1.097,1308246
1.099,1308246
1.103,1308246
1.104,1308246
1.105,1308246
1.106,1308246
1.107,1308246
1.108,1308246
1.108,1308246
1.117,1308246
1.132,1308246
1.135,1308246
1.136,1308246
1.137,1308246
1.138,1308246
1.141,1308246
1.143,1308246
1.143,1308246
1.145,1308246
1.147,1308246
1.148,1308246
1.151,1308246
1.159,1308246
1.161,1308246
1.162,1308246
1.164,1308246
1.166,1308246
1.166,1308246
1.167,1308246
1.17,1308246
1.17,1308246
1.171,1308246
1.175,1308246
1.184,1308246
1.186,1308246
1.19,1308246
1.197,1308246
1.2,1308246
1.201,1308246
1.202,1308246
1.203,1308246
1.209,1308246
1.209,1308246
1.209,1308246
1.21,1308246
1.211,1308246
1.213,1308246
1.215,1308246
1.217,1308246
1.217,1308246
1.218,1308246
1.22,1308246
1.22,1308246
1.222,1308246
1.224,1308246
1.226,1308246
1.234,1308246
1.237,1308246
1.239,1308246
1.248,1308246
1.248,1308246
1.249,1308246
1.253,1308246
1.255,1308246
1.257,1308246
1.261,1308246
1.264,1308246
1.264,1308246
1.269,1308246
1.272,1308246
1.274,1308246
1.278,1308246
1.28,1308246
1.282,1308246
1.286,1308246
1.29,1308246
1.293,1308246
1.293,1308246
1.303,1308246
1.304,1308246
1.305,1308246
1.319,1308246
1.32,1308246
1.321,1308246
1.321,1308246
1.322,1308246
1.323,1308246
1.327,1308246
1.327,1308246
1.329,1308246
1.331,1308246
1.331,1308246
1.338,1308246
1.343,1308246
1.348,1308246
1.353,1308246
1.355,1308246
1.361,1308246
1.365,1308246
1.366,1308246
1.367,1308246
1.368,1308246
1.379,1308246
1.382,1308246
1.385,1308246
1.387,1308246
1.388,1308246
1.391,1308246
1.391,1308246
1.391,1308246
1.392,1308246
1.393,1308246
1.398,1308246
1.4,1308246
1.405,1308246
1.405,1308246
1.406,1308246
1.409,1308246
1.41,1308246
1.411,1308246
1.412,1308246
1.412,1307265
1.413,1307265
1.415,1307265
1.415,1307265
1.416,1307265
1.419,1307265
1.42,1307265
1.421,1307265
1.43,1307265
1.431,1307265
1.432,1307265
1.432,1307265
1.436,1307265
1.443,1307265
1.443,1307265
1.447,1307265
1.449,1307265
1.45,1307265
1.451,1307265
1.452,1307265
1.452,1307265
1.454,1307265
1.456,1307265
1.459,1307265
1.464,1307265
1.465,1307265
1.465,1307265
1.465,1307265
1.468,1307265
1.472,1307265
1.48,1307265
1.481,1307265
1.482,1307265
1.486,1307265
1.49,1307265
1.496,1307265
1.497,1307265
1.5,1307265
1.5,1307265
1.506,1307265
1.508,1307265
1.514,1307265
1.517,1307265
1.528,1307265
1.53,1307265
1.537,1307265
1.538,1275607
1.539,1275607
1.539,1275607
1.545,1275607
1.545,1275607
1.547,1275607
1.555,1275607
1.555,1275607
1.566,1275607
1.566,1275607
1.567,1275607
1.568,1275607
1.57,1275607
1.571,1275607
1.576,1275607
1.577,1275607
1.58,1275607
1.58,1275607
1.582,1275607
1.585,1275607
1.586,1275607
1.588,1275607
1.59,1275607
1.591,1275607
1.598,1275607
1.608,1275607
1.61,1275607
1.612,1275607
1.614,1275607
1.618,1275607
1.619,1275607
1.622,1275607
1.624,1275607
1.625,1275607
1.626,1275607
1.629,1275607
1.632,1275607
1.633,1275607
1.634,1275607
1.637,1275607
1.64,1275607
1.644,1275607
1.645,1275607
1.646,1275607
1.651,1275607
1.653,1275607
1.654,1275607
1.66,1275607
1.66,1275607
1.661,1275607
1.663,1275607
1.667,1275607
1.668,1275607
1.668,1275607
1.669,1275607
1.671,1275607
1.671,1275607
1.675,1275607
1.682,1275607
1.684,1275607
1.685,1275607
1.689,1275607
1.689,1275607
1.693,1275607
1.694,1275607
1.695,1275607
1.698,1275607
1.698,1275607
1.7,1275607
1.706,1275607
1.71,1275607
1.711,1275607
1.712,1275607
1.712,1275607
1.713,1275607
1.713,1275607
1.715,1275607
1.716,1275607
1.716,1275607
1.718,1275607
1.721,1275607
1.724,1275607
1.724,1275607
1.731,1275607
1.733,1275607
1.734,1275448
1.734,1275448
1.736,1275448
1.739,1275448
1.741,1275448
1.742,1275448
1.743,1275448
1.747,1275448
1.747,1275448
1.749,1275448
1.752,1275448
1.757,1275448
1.758,1275448
1.759,1275448
1.76,1275448
1.766,1275448
1.767,1275448
1.768,1275448
1.771,1275448
1.776,1275448
1.776,1275448
1.777,1275448
1.777,1275448
1.778,1275448
1.783,1275448
1.784,1275448
1.79,1275448
1.797,1275448
1.808,1275448
1.81,1275448
1.811,1275448
1.813,1275448
1.815,1275448
1.818,1275448
1.818,1275448
1.821,1275448
1.825,1275448
1.825,1275448
1.827,1275448
1.827,1275448
1.831,1275448
1.832,1275448
1.835,1275448
1.839,1275448
1.841,1275448
1.845,1275448
1.845,1275448
1.85,1275448
1.85,1275448
1.851,1275448
1.852,1275448
1.854,1275448
1.86,1275448
1.861,1275448
1.862,1275448
1.871,1275448
1.873,1275448
1.879,1275448
1.881,1275448
1.884,1275448
1.885,1275448
1.885,1275448
1.886,1275448
1.888,1275448
1.889,1275448
1.89,1275448
1.896,1275448
1.898,1275448
1.9,1275448
1.902,1275448
1.902,1275448
1.902,1275448
1.904,1275448
1.908,1275448
1.909,1275448
1.91,1275448
1.911,1275448
1.915,1275448
1.916,1275448
1.92,1275448
1.921,1275448
1.921,1275448
1.922,1275448
1.922,1275448
1.924,1275448
1.927,1275448
1.928,1275448
1.929,1275448
1.934,1275448
1.936,1275448
1.936,1275448
1.943,1275448
1.946,1275448
1.948,1275448
1.951,1275448
1.954,1275448
1.955,1275448
1.956,1275448
1.958,1275448
1.962,1275448
1.962,1275448
1.966,1275448
1.97,1275448
1.97,1275448
1.975,1275448
1.977,1275448
1.983,1275448
1.984,1275448
1.986,1275448
1.986,1275448
1.99,1275448
1.993,1275448
1.996,1275448
1.997,1275448
1.999,1275448
1.999,1275448
1.999,1275448
2.002,1275448
2.006,1275448
2.007,1275448
2.008,1275448
2.009,1275448
2.012,1275448
2.016,1275448
2.017,1275448
2.017,1275448
2.018,1275448
2.021,1275448
2.028,1275448
2.029,1275448
2.031,1275448
2.031,1275448
2.033,1275448
2.033,1275448
2.034,1275448
2.037,1275448
2.04,1275448
2.04,1275448
2.04,1275448
2.041,1275448
2.043,1275448
2.044,1275448
2.045,1275448
2.045,1275448
2.046,1275448
2.047,1275448
2.049,1275448
2.05,1275448
2.05,1275448
2.051,1275448
2.065,1275448
2.069,1275448
2.071,1275448
2.072,1275448
2.073,1275448
2.074,1275448
2.076,1275448
2.08,1275448
2.082,1275448
2.082,1275448
2.084,1275448
2.084,1275448
2.088,1275448
2.096,1275448
2.096,1275448
2.1,1275448
2.1,1275448
2.105,1275448
2.109,1275448
2.109,1275448
2.114,1275448
2.121,1275448
2.123,1275448
2.125,1275448
2.127,1275448
2.129,1275448
2.129,1275448
2.13,1275448
2.131,1275448
2.133,1275448
2.134,1275448
2.136,1275448
2.136,1275448
2.137,1275448
2.137,1275448
2.143,1275448
2.145,1275448
2.147,1275448
2.148,1275448
2.158,1275448
2.167,1275448
2.169,1275448
2.171,1275448
2.178,1275448
2.182,1275448
2.183,1275448
2.188,1275448
2.188,1275448
2.189,1275448
2.192,1275448
2.192,1275448
2.192,1275448
2.195,1275448
2.196,1275448
2.196,1275448
2.205,1275448
2.205,1275448
2.206,1275448
2.209,1275448
2.215,1275448
2.218,1275448
2.219,1275448
2.221,1275448
2.222,1275448
2.222,1275448
2.222,1275448
2.223,1275448
2.224,1275448
2.225,1275448
2.226,1275448
2.228,1275448
2.231,1275448
2.232,1275448
2.233,1275448
2.234,1275448
2.235,1275448
2.235,1275448
2.24,1275448
2.246,1275448
2.248,1275448
2.249,1275448
2.25,1275448
2.253,1275448
2.256,1275448
2.257,1275448
2.259,1275448
2.262,1275448
2.263,1275448
2.265,1275448
2.266,1275448
2.269,1275448
2.27,1275448
2.27,1275448
2.27,1275448
2.271,1275448
2.272,1275448
2.272,1275448
2.278,1275448
2.285,1275448
2.292,1275448
2.294,1275448
2.294,1275448
2.3,1275448
2.302,1275448
2.303,1275448
2.303,1275448
2.305,1275448
2.305,1275448
2.308,1275448
2.311,1275448
2.312,1275448
2.313,1275448
2.315,1275448
2.321,1275448
2.322,1275448
2.324,1275448
2.332,1275448
2.334,1275448
2.339,1275448
2.34,1275448
2.34,1275448
2.341,1275448
2.348,1275448
2.35,1275448
2.351,1275448
2.354,1275448
2.355,1275448
2.356,1275448
2.359,1275448
2.36,1275448
2.36,1275448
2.362,1275448
2.362,1275448
2.365,1275448
2.365,1275448
2.368,1275448
2.368,1275448
2.368,1275448
2.369,1275448
2.371,1275448
2.372,1275448
2.373,1275448
2.377,1275448
2.379,1275448
2.379,1275448
2.379,1275448
2.382,1275448
2.387,1275448
2.392,1275448
2.394,1275448
2.396,1275448
2.399,1275448
2.403,1275448
2.405,1275448
2.406,1275448
2.406,1275448
2.409,1275448
2.412,1275448
2.414,1275448
2.417,1275448
2.421,1275448
2.421,1275448
2.423,1275448
2.427,1275448
2.429,1275448
2.429,1275448
2.434,1275448
2.44,1275448
2.442,1275448
2.449,1275448
2.454,1275448
2.457,1275448
2.461,1275448
2.464,1275448
2.466,1275448
2.472,1275448
2.475,1275448
2.475,1275448
2.477,1275448
2.479,1275448
2.483,1275448
2.488,1275448
2.49,1275448
2.491,1275448
2.492,1275448
2.494,1275448
2.496,1275448
2.501,1275448
2.502,1275448
2.507,1275448
2.509,1275448
2.511,1275448
2.514,1275448
2.518,1275448
2.518,1275448
2.52,1275448
2.521,1275448
2.521,1275448
2.522,1275448
2.524,1275448
2.525,1275448
2.525,1275448
2.526,1275448
2.526,1275448
2.526,1275448
2.527,1275448
2.531,1275448
2.531,1275448
2.532,1275448
2.538,1275448
2.539,1275448
2.542,1275448
2.543,1275448
2.544,1275448
2.546,1275448
2.547,1275448
2.547,1275448
2.551,1275448
2.554,1275448
2.557,1275448
2.559,1275448
2.559,1275448
2.561,1275448
2.562,1275448
2.563,1275448
2.567,1275448
2.569,1275448
2.571,1275448
2.572,1275448
2.578,1275448
2.583,1275448
2.583,1275448
2.584,1275448
2.585,1275448
2.587,1275448
2.588,1275448
2.59,1275448
2.594,1275448
2.598,1275448
2.599,1275448
2.601,1275448
2.602,1275448
2.606,1275448
2.607,1275448
2.609,1275448
2.609,1275448
2.611,1275448
2.611,1275448
2.612,1275448
2.614,1275448
2.618,1275448
2.623,1275448
2.623,1275448
2.627,1275448
2.63,1275448
2.63,1275448
2.63,1275448
2.631,1275448
2.632,1275448
2.632,1275448
2.634,1275448
2.637,1275448
2.638,1275448
2.643,1275448
2.644,1275448
2.645,1275448
2.649,1275448
2.651,1275448
2.651,1275448
2.654,1275448
2.656,1275448
2.658,1275448
2.659,1275448
2.662,1275448
2.663,1275448
2.664,1275448
2.664,1275448
2.664,1275448
2.666,1275448
2.668,1275448
2.668,1275448
2.671,1275448
2.672,1275448
2.676,1275448
2.678,1275448
2.679,1275448
2.681,1275448
2.683,1275448
2.683,1275448
2.683,1275448
2.684,1275448
2.691,1275448
2.692,1275448
2.695,1275448
2.699,1275448
2.7,1275448
2.706,1275448
2.707,1275448
2.71,1275448
2.711,1275448
2.715,1275448
2.715,1275448
2.716,1275448
2.717,1275448
2.719,1275448
2.722,1275448
2.723,1275448
2.724,1275448
2.726,1275448
2.729,1275448
2.73,1275448
2.73,1275448
2.733,1275448
2.734,1275448
2.736,1275448
2.738,1275448
2.738,1275448
2.739,1275448
2.74,1275448
2.741,1275448
2.745,1275448
2.746,1275448
2.748,1275448
2.753,1275448
2.754,1275448
2.756,1275448
2.757,1275448
2.757,1275448
2.758,1275448
2.758,1275448
2.759,1275448
2.759,1275448
2.761,1275448
2.766,1275448
2.766,1275448
2.773,1275448
2.773,1275448
2.774,1275448
2.778,1275448
2.787,1275448
2.792,1275448
2.793,1275448
2.795,1275448
2.796,1275448
2.797,1275448
2.802,1275448
2.803,1275448
2.803,1275448
2.803,1275448
2.804,1275448
2.804,1275448
2.806,1275448
2.808,1275448
2.809,1275448
2.811,1275448
2.811,1275448
2.812,1275448
2.813,1275448
2.814,1275448
2.814,1275448
2.814,1275448
2.815,1275448
2.82,1275448
2.825,1275448
2.825,1275448
2.826,1275448
2.835,1275448
2.841,1275448
2.842,1275448
2.849,1275448
2.85,1275448
2.85,1275448
2.854,1275448
2.855,1275448
2.859,1275448
2.861,1275448
2.869,1275448
2.874,1275448
2.884,1275448
2.884,1275448
2.884,1275448
2.885,1275448
2.885,1275448
2.887,1275448
2.889,1275448
2.89,1275448
2.892,1275448
2.896,1275448
2.897,1275448
2.898,1275448
2.899,1275448
2.9,1275448
2.902,1275448
2.903,1275448
2.904,1275448
2.904,1275448
2.905,1275448
2.906,1275448
2.906,1275448
2.907,1275448
2.909,1275448
2.91,1275448
2.914,1275448
2.915,1275448
2.916,1275448
2.921,1275448
2.926,1275448
2.927,1275448
2.927,1275448
2.93,1275448
2.931,1275448
2.931,1275448
2.933,1275448
2.933,1275448
2.936,1275448
2.939,1275448
2.941,1275448
2.944,1275448
2.947,1275448
2.95,1275448
2.952,1275448
2.953,1275448
2.955,1275448
2.956,1275448
2.959,1275448
2.96,1275448
2.961,1275448
2.962,1275448
2.962,1275448
2.962,1275448
2.963,1275448
2.964,1275448
2.965,1275448
2.969,1275448
2.971,1275448
2.971,1275448
2.972,1275448
2.973,1275448
2.974,1275448
2.974,1275448
2.977,1275448
2.983,1275448
2.985,1275448
2.988,1275448
2.994,1275448
2.995,1275448
2.997,1275448
3.003,1275448
3.003,1275448
3.004,1275448
3.005,1275448
3.005,1275448
3.005,1275448
3.008,1275448
3.013,1275448
3.015,1275448
3.016,1275448
3.02,1275448
3.022,1275448
3.024,1275448
3.025,1275448
3.029,1275448
3.037,1275448
3.041,1275448
3.041,1275448
3.042,1275448
3.043,1275448
3.049,1275448
3.05,1275448
3.05,1275448
3.052,1275448
3.053,1275448
3.053,1275448
3.059,1275448
3.059,1275448
3.061,1275448
3.063,1275448
3.063,1275448
3.065,1275448
3.067,1275448
3.067,1275448
3.068,1275448
3.073,1275448
3.075,1275448
3.075,1275448
3.076,1275448
3.087,1275448
3.087,1275448
3.09,1275448
3.092,1275448
3.1,1275448
3.1,1275448
3.101,1275448
3.102,1275448
3.106,1275448
3.108,1275448
3.111,1275448
3.113,1275448
3.115,1275448
3.117,1275448
3.118,1275448
3.119,1275448
3.12,1275448
3.123,1275448
3.124,1275448
3.127,1275448
3.129,1275448
3.13,1275448
3.132,1275448
3.134,1275448
3.135,1275448
3.139,1275448
3.139,1275448
3.14,1275448
3.147,1275448
3.152,1275448
3.152,1275448
3.153,1275448
3.155,1275448
3.155,1275448
3.156,1275448
3.156,1275448
3.158,1275448
3.158,1275448
3.161,1275448
3.18,1275448
3.181,1275448
3.182,1275448
3.183,1275448
3.19,1275448
3.193,1275448
3.194,1275448
3.2,1275448
3.202,1275448
3.205,1275448
3.206,1275448
3.206,1275448
3.209,1275448
3.209,1275448
3.21,1275448
3.215,1275448
3.219,1275448
3.22,1275448
3.22,1275448
3.221,1275448
3.221,1275448
3.222,1275448
3.225,1275448
3.226,1275448
3.228,1275448
3.228,1275448
3.229,1275448
3.23,1275448
3.23,1275448
3.231,1275448
3.232,1275448
3.236,1275448
3.238,1275448
3.239,1275448
3.24,1275448
3.242,1275448
3.244,1275448
3.247,1275448
3.25,1275448
3.252,1275448
3.255,1275448
3.26,1275448
3.268,1275448
3.273,1275448
3.274,1275448
3.278,1275448
3.282,1275448
3.288,1275448
3.289,1275448
3.289,1275448
3.289,1275448
3.295,1275448
3.296,1275448
3.298,1275448
3.308,1275448
3.309,1275448
3.309,1275448
3.31,1275448
3.311,1275448
3.315,1275448
3.316,1275448
3.316,1275448
3.318,1275448
3.321,1275448
3.321,1275448
3.322,1275448
3.328,1275448
3.328,1275448
3.328,1275448
3.329,1275448
3.333,1275448
3.333,1275448
3.334,1275448
3.336,1275448
3.338,1275448
3.339,1275448
3.342,1275448
3.344,1275448
3.35,1275448
3.351,1275448
3.351,1275448
3.353,1275448
3.354,1275448
3.355,1275448
3.355,1275448
3.36,1275448
3.362,1275448
3.365,1275448
3.366,1275448
3.368,1275448
3.368,1275448
3.372,1275448
3.373,1275448
3.38,1275448
3.381,1275448
3.385,1275448
3.391,1275448
3.391,1275448
3.392,1275448
3.393,1275448
3.394,1275448
3.4,1275448
3.4,1275448
3.406,1275448
3.42,1275448
3.423,1275448
3.427,1275448
3.428,1275448
3.43,1275448
3.43,1275448
3.433,1275448
3.434,1275448
3.434,1275448
3.436,1275448
3.44,1275448
3.44,1275448
3.442,1275448
3.443,1275448
3.447,1275448
3.448,1275448
3.448,1275448
3.45,1275448
3.453,1275448
3.454,1275448
3.454,1275448
3.457,1275448
3.459,1275448
3.47,1275448
3.472,1275448
3.475,1275448
3.475,1275448
3.483,1275448
3.484,1275448
3.484,1275448
3.487,1275448
3.491,1275448
3.497,1275448
3.498,1275448
3.502,1275448
3.502,1275448
3.508,1275448
3.508,1275448
3.515,1275448
3.518,1275448
3.52,1275448
3.522,1275448
3.523,1275448
3.528,1275448
3.528,1275448
3.529,1275448
3.53,1275448
3.531,1275448
3.533,1275448
3.54,1275448
3.541,1275448
3.542,1275448
3.548,1275448
3.551,1275448
3.552,1275448
3.554,1275448
3.554,1275448
3.555,1275448
3.557,1275448
3.566,1275448
3.568,1275448
3.572,1275448
3.576,1275448
3.576,1275448
3.577,1275448
3.58,1275448
3.587,1275448
3.589,1275448
3.593,1275448
3.595,1275448
3.599,1275448
3.6,1275448
3.603,1275448
3.604,1275448
3.605,1275448
3.606,1275448
3.616,1275448
3.616,1275448
3.618,1275448
3.629,1275448
3.629,1275448
3.631,1275448
3.634,1275448
3.645,1275448
3.65,1275448
3.656,1275448
3.656,1275448
3.657,1275448
3.657,1275448
3.658,1275448
3.66,1275448
3.662,1275448
3.662,1275448
3.664,1275448
3.666,1275448
3.668,1275448
3.669,1275448
3.674,1275448
3.674,1275448
3.674,1275448
3.678,1275448
3.679,1275448
3.68,1275448
3.68,1275448
3.68,1275448
3.68,1275448
3.682,1275448
3.684,1275448
3.684,1275448
3.686,1275448
3.687,1275448
3.687,1275448
3.69,1275448
3.691,1275448
3.695,1275448
3.699,1275448
3.701,1275448
3.701,1275448
3.703,1275448
3.704,1275448
3.708,1275448
3.711,1275448
3.711,1275448
3.712,1275448
3.718,1275448
3.718,1275448
3.724,1275448
3.724,1275448
3.73,1275448
3.733,1275448
3.737,1275448
3.743,1275448
3.749,1275448
3.753,1275448
3.755,1275448
3.756,1275448
3.757,1275448
3.762,1275448
3.763,1275448
3.764,1275448
3.77,1275448
3.771,1275448
3.773,1275448
3.774,1275448
3.778,1275448
3.779,1275448
3.782,1275448
3.783,1275448
3.787,1275448
3.788,1275448
3.79,1275448
3.791,1275448
3.794,1275448
3.798,1275448
3.799,1275448
3.804,1275448
3.805,1275448
3.806,1275448
3.808,1275448
3.813,1275448
3.821,1275448
3.824,1275448
3.826,1275448
3.829,1275448
3.831,1275448
3.834,1275448
3.834,1275448
3.839,1275448
3.842,1275448
3.844,1275448
3.844,1275448
3.848,1275448
3.849,1275448
3.854,1275448
3.863,1275448
3.864,1275448
3.866,1275448
3.869,1275448
3.869,1275448
3.874,1275448
3.875,1275448
3.875,1275448
3.882,1275448
3.885,1275448
3.891,1275448
3.892,1275448
3.893,1275448
3.895,1275448
3.897,1275448
3.897,1275448
3.9,1275448
3.901,1275448
3.901,1275448
3.905,1275448
3.917,1275448
3.922,1275448
3.933,1275448
3.935,1275448
3.935,1275448
3.938,1275448
3.941,1275448
3.941,1275448
3.944,1275448
3.947,1275448
3.948,1275448
3.948,1275448
3.949,1275448
3.953,1275448
3.958,1275448
3.958,1275448
3.958,1275448
3.962,1275448
3.965,1275448
3.973,1275448
3.975,1275448
3.976,1275448
3.977,1275448
3.98,1275448
3.983,1275448
3.991,1275448
3.992,1275448
3.992,1275448
3.994,1275448
3.996,1275448
3.998,1275448
3.999,1275448
4.001,1275448
4.004,1275448
4.007,1275448
4.009,1275448
4.011,1275448
4.016,1275448
4.016,1275448
4.017,1275448
4.023,1275448
4.027,1275448
4.028,1275448
4.032,1275448
4.035,1275448
4.043,1275448
4.045,1275448
4.046,1275448
4.046,1275448
4.049,1275448
4.049,1275448
4.058,1275448
4.066,1275448
4.067,1275448
4.067,1275448
4.072,1275448
4.073,1275448
4.073,1275448
4.074,1275448
4.074,1275448
4.074,1275448
4.076,1275448
4.083,1275448
4.084,1275448
4.085,1275448
4.087,1275448
4.088,1275448
4.091,1275448
4.091,1275448
4.093,1275448
4.099,1275448
4.102,1275448
4.11,1275448
4.114,1275448
4.121,1275448
4.127,1275448
4.127,1275448
4.133,1275448
4.133,1275448
4.134,1275448
4.135,1275448
4.143,1275448
4.144,1275448
4.145,1275448
4.149,1275448
4.15,1275448
4.152,1275448
4.158,1275448
4.159,1275448
4.162,1275448
4.163,1275448
4.163,1275448
4.166,1275448
4.169,1275448
4.175,1275448
4.176,1275448
4.178,1275448
4.179,1275448
4.18,1275448
4.193,1275448
4.193,1275448
4.196,1275448
4.201,1275448
4.201,1275448
4.209,1275448
4.209,1275448
4.214,1275448
4.216,1275448
4.22,1275448
4.225,1275448
4.227,1275448
4.232,1275448
4.235,1275448
4.236,1275448
4.238,1275448
4.238,1275448
4.239,1275448
4.239,1275448
4.243,1275448
4.245,1275448
4.246,1275448
4.246,1275448
4.247,1275448
4.25,1275448
4.252,1275448
4.255,1275448
4.257,1275448
4.259,1275448
4.259,1275448
4.26,1275448
4.263,1275448
4.267,1275448
4.269,1275448
4.27,1275448
4.272,1275448
4.273,1275448
4.273,1275448
4.275,1275448
4.276,1275448
4.276,1275448
4.28,1275448
4.284,1275448
4.285,1275448
4.287,1275448
4.287,1275448
4.294,1275448
4.295,1275448
4.295,1275448
4.296,1275448
4.298,1275448
4.317,1275448
4.319,1275448
4.323,1275448
4.323,1275448
4.327,1275448
4.33,1275448
4.332,1275448
4.333,1275448
4.333,1275448
4.335,1275448
4.337,1275448
4.338,1275448
4.343,1275448
4.345,1275448
4.346,1275448
4.346,1275448
4.349,1275448
4.349,1275448
4.35,1275448
4.353,1275448
4.353,1275448
4.355,1275448
4.357,1275448
4.359,1275448
4.36,1275448
4.361,1275448
4.366,1275448
4.37,1275448
4.374,1275448
4.375,1275448
4.375,1275448
4.378,1275448
4.378,1275448
4.378,1275448
4.38,1275448
4.38,1275448
4.381,1275448
4.383,1275448
4.384,1275448
4.387,1275448
4.394,1275448
4.399,1275448
4.4,1275448
4.405,1275448
4.407,1275448
4.412,1275448
4.414,1275448
4.415,1275448
4.417,1275448
4.417,1275448
4.421,1275448
4.423,1275448
4.423,1275448
4.425,1275448
4.43,1275448
4.432,1275448
4.437,1275448
4.438,1275448
4.44,1275448
4.441,1275448
4.444,1275448
4.452,1275448
4.46,1275448
4.463,1275448
4.467,1275448
4.468,1275448
4.469,1275448
4.477,1275448
4.478,1275448
4.48,1275448
4.481,1275448
4.482,1275448
4.485,1275448
4.487,1275448
4.493,1275448
4.498,1275448
4.498,1275448
4.499,1275448
4.503,1275448
4.503,1275448
4.506,1275448
4.509,1275448
4.509,1275448
4.519,1275448
4.522,1275448
4.523,1275448
4.526,1275448
4.53,1275448
4.531,1275448
4.532,1275448
4.538,1275448
4.541,1275448
4.547,1275448
4.549,1275448
4.557,1275448
4.558,1275448
4.559,1275448
4.56,1275448
4.561,1275448
4.562,1275448
4.567,1275448
4.567,1275448
4.57,1275448
4.574,1275448
4.58,1275448
4.582,1275448
4.582,1275448
4.585,1275448
4.587,1275448
4.587,1275448
4.587,1275448
4.594,1275448
4.594,1275448
4.595,1275448
4.597,1275448
4.597,1275448
4.597,1275448
4.598,1275448
4.601,1275448
4.605,1275448
4.608,1275448
4.608,1275448
4.611,1275448
4.612,1275448
4.612,1275448
4.613,1275448
4.617,1275448
4.619,1275448
4.62,1275448
4.621,1275448
4.621,1275448
4.623,1275448
4.624,1275448
4.626,1275448
4.627,1275448
4.63,1275448
4.631,1275448
4.632,1275448
4.637,1275448
4.638,1275448
4.64,1275448
4.641,1275448
4.644,1275448
4.646,1275448
4.646,1275448
4.649,1275448
4.651,1275448
4.653,1275448
4.655,1275448
4.655,1275448
4.656,1275448
4.66,1275448
4.66,1275448
4.661,1275448
4.662,1275448
4.664,1275448
4.67,1275448
4.67,1275448
4.671,1275448
4.672,1275448
4.672,1275448
4.677,1275448
4.678,1275448
4.679,1275448
4.683,1275448
4.686,1275448
4.688,1275448
4.688,1275448
4.691,1275448
4.691,1275448
4.692,1275448
4.693,1275448
4.696,1275448
4.702,1275448
4.703,1275448
4.705,1275448
4.705,1275448
4.707,1275448
4.708,1275448
4.709,1275448
4.71,1275448
4.713,1275448
4.713,1275448
4.715,1275448
4.719,1275448
4.721,1275448
4.721,1275448
4.721,1275448
4.725,1275448
4.729,1275448
4.73,1275448
4.731,1275448
4.731,1275448
4.732,1275448
4.732,1275448
4.741,1275448
4.743,1275448
4.745,1275448
4.747,1275448
4.748,1275448
4.758,1275448
4.76,1275448
4.76,1275448
4.769,1275448
4.77,1275448
4.77,1275448
4.772,1275448
4.773,1275448
4.776,1275448
4.78,1275448
4.782,1275448
4.784,1275448
4.784,1275448
4.784,1275448
4.785,1275448
4.785,1275448
4.787,1275448
4.788,1275448
4.788,1275448
4.789,1275448
4.79,1275448
4.794,1275448
4.794,1275448
4.796,1275448
4.8,1275448
4.803,1275448
4.803,1275448
4.804,1275448
4.807,1275448
4.808,1275448
4.817,1275448
4.819,1275448
4.832,1275448
4.833,1275448
4.837,1275448
4.838,1275448
4.839,1275448
4.846,1275448
4.849,1275448
4.856,1275448
4.859,1275448
4.861,1275448
4.866,1275448
4.87,1275448
4.871,1275448
4.873,1275448
4.881,1275448
4.887,1275448
4.891,1275448
4.895,1275448
4.896,1275448
4.896,1275448
4.902,1275448
4.902,1275448
4.902,1275448
4.904,1275448
4.916,1275448
4.924,1275448
4.924,1275448
4.925,1275448
4.929,1275448
4.93,1275448
4.939,1275448
4.939,1275448
4.94,1275448
4.941,1275448
4.949,1275448
4.953,1275448
4.955,1275448
4.961,1275448
4.964,1275448
4.966,1275448
4.966,1275448
4.973,1275448
4.976,1275448
4.976,1275448
4.98,1275448
4.982,1275448
4.983,1275448
4.983,1275448
4.985,1275448
4.987,1275448
4.994,1275448
4.996,1275448
4.997,1275448
4.998,1275448
5.001,1275448
5.002,1275448
5.004,1275448
5.005,1275448
5.009,1275448
5.009,1275448
5.009,1275448
5.009,1275448
5.011,1275448
5.016,1275448
5.018,1275448
5.023,1275448
5.024,1275448
5.025,1275448
5.025,1275448
5.026,1275448
5.029,1275448
5.031,1275448
5.034,1275448
5.034,1275448
5.042,1275448
5.043,1275448
5.05,1275448
5.052,1275448
5.053,1275448
5.056,1275448
5.057,1275448
5.059,1275448
5.061,1275448
5.062,1275448
5.068,1275448
5.069,1275448
5.07,1275448
5.071,1275448
5.079,1275448
5.08,1275448
5.081,1275448
5.083,1275448
5.089,1275448
5.092,1275448
5.094,1275448
5.095,1275448
5.095,1275448
5.095,1275448
5.096,1275448
5.097,1275448
5.099,1275448
5.099,1275448
5.1,1275448
5.105,1275448
5.108,1275448
5.111,1275448
5.122,1275448
5.122,1275448
5.123,1275448
5.123,1275448
5.123,1275448
5.127,1275448
5.129,1275448
5.129,1275448
5.13,1275448
5.137,1275448
5.142,1275448
5.145,1275448
5.15,1275448
5.154,1275448
5.159,1275448
5.165,1275448
5.169,1275448
5.171,1275448
5.171,1275448
5.172,1275448
5.174,1275448
5.175,1275448
5.175,1275448
5.175,1275448
5.175,1275448
5.176,1275448
5.179,1275448
5.182,1275448
5.184,1275448
5.187,1275448
5.189,1275448
5.19,1275448
5.191,1275448
5.197,1275448
5.197,1275448
5.199,1275448
5.199,1275448
5.2,1275448
5.203,1275448
5.215,1275448
5.218,1275448
5.22,1275448
5.226,1275448
5.231,1275448
5.234,1275448
5.235,1275448
5.236,1275448
5.241,1275448
5.248,1275448
5.248,1275448
5.251,1275448
5.256,1275448
5.258,1275448
5.259,1275448
5.26,1275448
5.26,1275448
5.261,1275448
5.267,1275448
5.27,1275448
5.272,1275448
5.273,1275448
5.274,1275448
5.279,1275448
5.28,1275448
5.281,1275448
5.281,1275448
5.282,1275448
5.284,1275448
5.285,1275448
5.286,1275448
5.287,1275448
5.295,1275448
5.301,1275448
5.302,1275448
5.304,1275448
5.31,1275448
5.31,1275448
5.32,1275448
5.323,1275448
5.325,1275448
5.325,1275448
5.327,1275448
5.327,1275448
5.328,1275448
5.329,1275448
5.33,1275448
5.333,1275448
5.334,1275448
5.335,1275448
5.337,1275448
5.353,1275448
5.357,1275448
5.361,1275448
5.363,1275448
5.365,1275448
5.367,1275448
5.374,1275448
5.375,1275448
5.38,1275448
5.383,1275448
5.384,1275448
5.385,1275448
5.385,1275448
5.386,1275448
5.387,1275448
5.389,1275448
5.39,1275448
5.39,1275448
5.395,1275448
5.397,1275448
5.397,1275448
5.402,1275448
5.402,1275448
5.405,1275448
5.405,1275448
5.409,1275448
5.412,1275448
5.413,1275448
5.413,1275448
5.416,1275448
5.418,1275448
5.419,1275448
5.424,1275448
5.426,1275448
5.428,1275448
5.431,1275448
5.431,1275448
5.432,1275448
5.438,1275448
5.439,1275448
5.44,1275448
5.442,1275448
5.442,1275448
5.442,1275448
5.443,1275448
5.443,1275448
5.444,1275448
5.445,1275448
5.447,1275448
5.448,1275448
5.45,1275448
5.46,1275448
5.464,1275448
5.465,1275448
5.466,1275448
5.469,1275448
5.477,1275448
5.482,1275448
5.482,1275448
5.488,1275448
5.49,1275448
5.491,1275448
5.492,1275448
5.493,1275448
5.494,1275448
5.496,1275448
5.498,1275448
5.501,1275448
5.504,1275448
5.505,1275448
5.505,1275448
5.51,1275448
5.52,1275448
5.52,1275448
5.521,1275448
5.521,1275448
5.523,1275448
5.523,1275448
5.525,1275448
5.527,1275448
5.531,1275448
5.532,1275448
5.532,1275448
5.534,1275448
5.539,1275448
5.542,1275448
5.542,1275448
5.542,1275448
5.546,1275448
5.552,1275448
5.555,1275448
5.557,1275448
5.558,1275448
5.558,1275448
5.561,1275448
5.562,1275448
5.563,1275448
5.564,1275448
5.572,1275448
5.58,1275448
5.585,1275448
5.586,1275448
5.6,1275448
5.604,1275448
5.605,1275448
5.607,1275448
5.607,1275448
5.615,1275448
5.618,1275448
5.619,1275448
5.624,1275448
5.625,1275448
5.626,1275448
5.626,1275448
5.632,1275448
5.637,1275448
5.637,1275448
5.639,1275448
5.64,1275448
5.644,1275448
5.65,1275448
5.65,1275448
5.66,1275448
5.661,1275448
5.664,1275448
5.665,1275448
5.666,1275448
5.668,1275448
5.669,1275448
5.673,1275448
5.673,1275448
5.679,1275448
5.687,1275448
5.69,1275448
5.69,1275448
5.691,1275448
5.692,1275448
5.696,1275448
5.698,1275448
5.7,1275448
5.7,1275448
5.702,1275448
5.706,1275448
5.706,1275448
5.709,1275448
5.71,1275448
5.712,1275448
5.713,1275448
5.717,1275448
5.732,1275448
5.732,1275448
5.74,1275448
5.742,1275448
5.742,1275448
5.743,1275448
5.744,1275448
5.744,1275448
5.744,1275448
5.751,1275448
5.752,1275448
5.755,1275448
5.756,1275448
5.757,1275448
5.758,1275448
5.76,1275448
5.761,1275448
5.763,1275448
5.764,1275448
5.767,1275448
5.769,1275448
5.77,1275448
5.77,1275448
5.772,1275448
5.782,1275448
5.787,1275448
5.788,1275448
5.792,1275448
5.794,1275448
5.798,1275448
5.801,1275448
5.803,1275448
5.804,1275448
5.805,1275448
5.807,1275448
5.807,1275448
5.808,1275448
5.809,1275448
5.809,1275448
5.811,1275448
5.813,1275448
5.818,1275448
5.828,1275448
5.831,1275448
5.834,1275448
5.835,1275448
5.84,1275448
5.842,1275448
5.846,1275448
5.846,1275448
5.855,1275448
5.855,1275448
5.855,1275448
5.856,1275448
5.856,1275448
5.859,1275448
5.861,1275448
5.861,1275448
5.862,1275448
5.862,1275448
5.864,1275448
5.865,1275448
5.866,1275448
5.867,1275448
5.868,1275448
5.869,1275448
5.872,1275448
5.875,1275448
5.877,1275448
5.877,1275448
5.881,1275448
5.882,1275448
5.887,1275448
5.89,1275448
5.892,1275448
5.894,1275448
5.894,1275448
5.895,1275448
5.895,1275448
5.897,1275448
5.901,1275448
5.903,1275448
5.905,1275448
5.907,1275448
5.908,1275448
5.914,1275448
5.916,1275448
5.918,1275448
5.919,1275448
5.921,1275448
5.928,1275448
5.928,1275448
5.932,1275448
5.932,1275448
5.934,1275448
5.936,1275448
5.938,1275448
5.939,1275448
5.94,1275448
5.944,1275448
5.946,1275448
5.946,1275448
5.947,1275448
5.951,1275448
5.952,1275448
5.953,1275448
5.954,1275448
5.957,1275448
5.957,1275448
5.963,1275448
5.964,1275448
5.967,1275448
5.968,1275448
5.97,1275448
5.974,1275448
5.975,1275448
5.977,1275448
5.978,1275448
5.981,1275448
5.986,1275448
5.988,1275448
5.992,1275448
5.997,1275448
6.003,1275448
6.005,1275448
6.006,1275448
6.006,1275448
6.007,1275448
6.009,1275448
6.009,1275448
6.01,1275448
6.011,1275448
6.012,1275448
6.012,1275448
6.013,1275448
6.013,1275448
6.015,1275448
6.015,1275448
6.015,1275448
6.024,1275448
6.025,1275448
6.027,1275448
6.028,1275448
6.029,1275448
6.033,1275448
6.037,1275448
6.038,1275448
6.038,1275448
6.038,1275448
6.038,1275448
6.041,1275448
6.043,1275448
6.047,1275448
6.05,1275448
6.051,1275448
6.052,1275448
6.053,1275448
6.055,1275448
6.056,1275448
6.057,1275448
6.057,1275448
6.061,1275448
6.063,1275448
6.066,1275448
6.066,1275448
6.07,1275448
6.073,1275448
6.075,1275448
6.075,1275448
6.075,1275448
6.075,1275448
6.078,1275448
6.081,1275448
6.083,1275448
6.085,1275448
6.086,1275448
6.095,1275448
6.099,1275448
6.101,1275448
6.104,1275448
6.105,1275448
6.105,1275448
6.105,1275448
6.107,1275448
6.107,1275448
6.108,1275448
6.113,1275448
6.121,1275448
6.125,1275448
6.127,1275448
6.129,1275448
6.131,1275448
6.134,1275448
6.136,1275448
6.14,1275448
6.143,1275448
6.145,1275448
6.149,1275448
6.15,1275448
6.151,1275448
6.153,1275448
6.154,1275448
6.156,1275448
6.157,1275448
6.158,1275448
6.161,1275448
6.164,1275448
6.166,1275448
6.174,1275448
6.175,1275448
6.176,1275448
6.178,1275448
6.179,1275448
6.179,1275448
6.183,1275448
6.183,1275448
6.184,1275448
6.185,1275448
6.188,1275448
6.189,1275448
6.193,1275448
6.193,1275448
6.195,1275448
6.197,1275448
6.198,1275448
6.199,1275448
6.199,1275448
6.2,1275448
6.201,1275448
6.206,1275448
6.206,1275448
6.206,1275448
6.21,1275448
6.213,1275448
6.214,1275448
6.216,1275448
6.219,1275448
6.223,1275448
6.224,1275448
6.225,1275448
6.226,1275448
6.235,1275448
6.236,1275448
6.236,1275448
6.237,1275448
6.238,1275448
6.24,1275448
6.241,1275448
6.243,1275448
6.245,1275448
6.245,1275448
6.248,1275448
6.252,1275448
6.252,1275448
6.256,1275448
6.268,1275448
6.271,1275448
6.278,1275448
6.28,1275448
6.282,1275448
6.287,1275448
6.288,1275448
6.29,1275448
6.291,1275448
6.301,1275448
6.301,1275448
6.304,1275448
6.304,1275448
6.304,1275448
6.305,1275448
6.308,1275448
6.308,1275448
6.309,1275448
6.31,1275448
6.31,1275448
6.32,1275448
6.321,1275448
6.323,1275448
6.329,1275448
6.331,1275448
6.331,1275448
6.331,1275448
6.332,1275448
6.334,1275448
6.335,1275448
6.338,1275448
6.341,1275448
6.342,1275448
6.343,1275448
6.345,1275448
6.348,1275448
6.352,1275448
6.352,1275448
6.352,1275448
6.356,1275448
6.357,1275448
6.362,1275448
6.364,1275448
6.364,1275448
6.365,1275448
6.369,1275448
6.37,1275448
6.374,1275448
6.377,1275448
6.379,1275448
6.38,1275448
6.382,1275448
6.385,1275448
6.391,1275448
6.391,1275448
6.392,1275448
6.394,1275448
6.395,1275448
6.396,1275448
6.396,1275448
6.399,1275448
6.4,1275448
6.402,1275448
6.407,1275448
6.407,1275448
6.411,1275448
6.415,1275448
6.416,1275448
6.419,1275448
6.421,1275448
6.421,1275448
6.424,1275448
6.425,1275448
6.426,1275448
6.428,1275448
6.43,1275448
6.431,1275448
6.432,1275448
6.432,1275448
6.433,1275448
6.436,1275448
6.441,1275448
6.441,1275448
6.441,1275448
6.442,1275448
6.447,1275448
6.45,1275448
6.453,1275448
6.454,1275448
6.458,1275448
6.459,1275448
6.46,1275448
6.463,1275448
6.464,1275448
6.477,1275448
6.48,1275448
6.48,1275448
6.482,1275448
6.482,1275448
6.486,1275448
6.49,1275448
6.491,1275448
6.496,1275448
6.496,1275448
6.497,1275448
6.499,1275448
6.502,1275448
6.503,1275448
6.506,1275448
6.507,1275448
6.508,1275448
6.509,1275448
6.509,1275448
6.512,1275448
6.512,1275448
6.514,1275448
6.517,1275448
6.518,1275448
6.527,1275448
6.533,1275448
6.538,1275448
6.54,1275448
6.541,1275448
6.541,1275448
6.545,1275448
6.545,1275448
6.549,1275448
6.55,1275448
6.55,1275448
6.551,1275448
6.552,1275448
6.553,1275448
6.553,1275448
6.553,1275448
6.557,1275448
6.56,1275448
6.561,1275448
6.562,1275448
6.564,1275448
6.569,1275448
6.571,1275448
6.574,1275448
6.575,1275448
6.576,1275448
6.577,1275448
6.582,1275448
6.583,1275448
6.583,1275448
6.586,1275448
6.587,1275448
6.588,1275448
6.591,1275448
6.593,1275448
6.6,1275448
6.6,1275448
6.601,1275448
6.604,1275448
6.606,1275448
6.607,1275448
6.611,1275448
6.612,1275448
6.612,1275448
6.613,1275448
6.623,1275448
6.626,1275448
6.63,1275448
6.63,1275448
6.631,1275448
6.632,1275448
6.637,1275448
6.642,1275448
6.642,1275448
6.644,1275448
6.648,1275448
6.648,1275448
6.648,1275448
6.65,1275448
6.651,1275448
6.652,1275448
6.653,1275448
6.654,1275448
6.656,1275448
6.662,1275448
6.666,1275448
6.666,1275448
6.668,1275448
6.668,1275448
6.669,1275448
6.669,1275448
6.671,1275448
6.674,1275448
6.674,1275448
6.675,1275448
6.678,1275448
6.678,1275448
6.678,1275448
6.678,1275448
6.684,1275448
6.687,1275448
6.687,1275448
6.687,1275448
6.688,1275448
6.688,1275448
6.703,1275448
6.703,1275448
6.707,1275448
6.709,1275448
6.71,1275448
6.714,1275448
6.716,1275448
6.721,1275448
6.723,1275448
6.726,1275448
6.73,1275448
6.731,1275448
6.732,1275448
6.738,1275448
6.739,1275448
6.744,1275448
6.751,1275448
6.761,1275448
6.769,1275448
6.774,1275448
6.777,1275448
6.781,1275448
6.781,1275448
6.785,1275448
6.791,1275448
6.792,1275448
6.792,1275448
6.795,1275448
6.798,1275448
6.801,1275448
6.811,1275448
6.817,1275448
6.82,1275448
6.82,1275448
6.821,1275448
6.83,1275448
6.831,1275448
6.832,1275448
6.834,1275448
6.842,1275448
6.845,1275448
6.847,1275448
6.854,1275448
6.855,1275448
6.857,1275448
6.857,1275448
6.858,1275448
6.865,1275448
6.866,1275448
6.867,1275448
6.868,1275448
6.868,1275448
6.869,1275448
6.871,1275448
6.871,1275448
6.876,1275448
6.877,1275448
6.877,1275448
6.878,1275448
6.881,1275448
6.882,1275448
6.884,1275448
6.886,1275448
6.89,1275448
6.891,1275448
6.891,1275448
6.896,1275448
6.902,1275448
6.903,1275448
6.903,1275448
6.906,1275448
6.908,1275448
6.91,1275448
6.91,1275448
6.912,1275448
6.913,1275448
6.917,1275448
6.918,1275448
6.92,1275448
6.922,1275448
6.923,1275448
6.923,1275448
6.924,1275448
6.931,1275448
6.932,1275448
6.937,1275448
6.939,1275448
6.94,1275448
6.941,1275448
6.941,1275448
6.941,1275448
6.942,1275448
6.945,1275448
6.945,1275448
6.947,1275448
6.948,1275448
6.949,1275448
6.951,1275448
6.954,1275448
6.958,1275448
6.96,1275448
6.96,1275448
6.962,1275448
6.967,1275448
6.97,1275448
6.973,1275448
6.973,1275448
6.975,1275448
6.976,1275448
6.976,1275448
6.977,1275448
6.982,1275448
6.983,1275448
6.983,1275448
6.986,1275448
6.987,1275448
6.99,1275448
6.995,1275448
6.999,1275448
7.007,1275448
7.008,1275448
7.008,1275448
7.012,1275448
7.015,1275448
7.016,1275448
7.018,1275448
7.024,1275448
7.024,1275448
7.025,1275448
7.026,1275448
7.027,1275448
7.031,1275448
7.034,1275448
7.036,1275448
7.037,1275448
7.039,1275448
7.04,1275448
7.049,1275448
7.05,1275448
7.055,1275448
7.062,1275448
7.062,1275448
7.062,1275448
7.064,1275448
7.066,1275448
7.067,1275448
7.073,1275448
7.075,1275448
7.076,1275448
7.08,1275448
7.086,1275448
7.086,1275448
7.092,1275448
7.093,1275448
7.093,1275448
7.094,1275448
7.097,1275448
7.097,1275448
7.1,1275448
7.1,1275448
7.101,1275448
7.101,1275448
7.108,1275448
7.108,1275448
7.109,1275448
7.111,1275448
7.112,1275448
7.113,1275448
7.113,1275448
7.113,1275448
7.115,1275448
7.116,1275448
7.118,1275448
7.119,1275448
7.122,1275448
7.125,1275448
7.128,1275448
7.129,1275448
7.129,1275448
7.135,1275448
7.136,1275448
7.138,1275448
7.143,1275448
7.143,1275448
7.145,1275448
7.145,1275448
7.146,1275448
7.148,1275448
7.149,1275448
7.152,1275448
7.154,1275448
7.156,1275448
7.158,1275448
7.158,1275448
7.163,1275448
7.166,1275448
7.167,1275448
7.167,1275448
7.168,1275448
7.169,1275448
7.17,1275448
7.171,1275448
7.171,1275448
7.172,1275448
7.172,1275448
7.173,1275448
7.175,1275448
7.175,1275448
7.176,1275448
7.178,1275448
7.178,1275448
7.179,1275448
7.179,1275448
7.189,1275448
7.189,1275448
7.191,1275448
7.192,1275448
7.194,1275448
7.194,1275448
7.198,1275448
7.198,1275448
7.201,1275448
7.202,1275448
7.202,1275448
7.203,1275448
7.204,1275448
7.208,1275448
7.214,1275448
7.215,1275448
7.216,1275448
7.218,1275448
7.219,1275448
7.224,1275448
7.225,1275448
7.227,1275448
7.228,1275448
7.232,1275448
7.234,1275448
7.234,1275448
7.236,1275448
7.236,1275448
7.236,1275448
7.238,1275448
7.239,1275448
7.242,1275448
7.244,1275448
7.248,1275448
7.25,1275448
7.25,1275448
7.257,1275448
7.259,1275448
7.26,1275448
7.263,1275448
7.264,1275448
7.271,1275448
7.271,1275448
7.273,1275448
7.276,1275448
7.279,1275448
7.281,1275448
7.287,1275448
7.289,1275448
7.289,1275448
7.291,1275448
7.292,1275448
7.295,1275448
7.296,1275448
7.298,1275448
7.299,1275448
7.299,1275448
7.304,1275448
7.305,1275448
7.307,1275448
7.307,1275448
7.309,1275448
7.31,1275448
7.312,1275448
7.315,1275448
7.315,1275448
7.316,1275448
7.316,1275448
7.318,1275448
7.324,1275448
7.324,1275448
7.325,1275448
7.329,1275448
7.331,1275448
7.332,1275448
7.334,1275448
7.335,1275448
7.336,1275448
7.338,1275448
7.339,1275448
7.343,1275448
7.344,1275448
7.345,1275448
7.345,1275448
7.347,1275448
7.348,1275448
7.349,1275448
7.35,1275448
7.356,1275448
7.358,1275448
7.365,1275448
7.37,1275448
7.374,1275448
7.377,1275448
7.377,1275448
7.377,1275448
7.384,1275448
7.384,1275448
7.387,1275448
7.388,1275448
7.39,1275448
7.39,1275448
7.39,1275448
7.397,1275448
7.403,1275448
7.403,1275448
7.407,1275448
7.407,1275448
7.409,1275448
7.409,1275448
7.41,1275448
7.412,1275448
7.417,1275448
7.418,1275448
7.421,1275448
7.422,1275448
7.423,1275448
7.425,1275448
7.431,1275448
7.436,1275448
7.438,1275448
7.439,1275448
7.44,1275448
7.441,1275448
7.442,1275448
7.445,1275448
7.453,1275448
7.454,1275448
7.454,1275448
7.461,1275448
7.461,1275448
7.462,1275448
7.463,1275448
7.464,1275448
7.464,1275448
7.464,1275448
7.466,1275448
7.469,1275448
7.472,1275448
7.473,1275448
7.474,1275448
7.475,1275448
7.481,1275448
7.483,1275448
7.486,1275448
7.487,1275448
7.489,1275448
7.496,1275448
7.497,1275448
7.5,1275448
7.503,1275448
7.506,1275448
7.511,1275448
7.514,1275448
7.515,1275448
7.515,1275448
7.517,1275448
7.522,1275448
7.523,1275448
7.523,1275448
7.524,1275448
7.53,1275448
7.533,1275448
7.539,1275448
7.541,1275448
7.543,1275448
7.544,1275448
7.548,1275448
7.548,1275448
7.548,1275448
7.55,1275448
7.552,1275448
7.557,1275448
7.563,1275448
7.563,1275448
7.563,1275448
7.565,1275448
7.566,1275448
7.568,1275448
7.574,1275448
7.576,1275448
7.577,1275448
7.579,1275448
7.579,1275448
7.579,1275448
7.58,1275448
7.583,1275448
7.586,1275448
7.589,1275448
7.591,1275448
7.593,1275448
7.596,1275448
7.597,1275448
7.598,1275448
7.6,1275448
7.601,1275448
7.602,1275448
7.604,1275448
7.605,1275448
7.608,1275448
7.608,1275448
7.608,1275448
7.61,1275448
7.614,1275448
7.615,1275448
7.617,1275448
7.629,1275448
7.632,1275448
7.639,1275448
7.639,1275448
7.639,1275448
7.641,1275448
7.647,1275448
7.649,1275448
7.649,1275448
7.652,1275448
7.652,1275448
7.67,1275448
7.674,1275448
7.676,1275448
7.69,1275448
7.7,1275448
7.704,1275448
7.705,1275448
7.706,1275448
7.706,1275448
7.709,1275448
7.709,1275448
7.709,1275448
7.709,1275448
7.713,1275448
7.714,1275448
7.715,1275448
7.72,1275448
7.723,1275448
7.726,1275448
7.729,1275448
7.73,1275448
7.73,1275448
7.738,1275448
7.738,1275448
7.743,1275448
7.745,1275448
7.746,1275448
7.75,1275448
7.751,1275448
7.751,1275448
7.755,1275448
7.756,1275448
7.76,1275448
7.763,1275448
7.765,1275448
7.765,1275448
7.77,1275448
7.77,1275448
7.773,1275448
7.775,1275448
7.775,1275448
7.775,1275448
7.775,1275448
7.78,1275448
7.784,1275448
7.784,1275448
7.784,1275448
7.785,1275448
7.786,1275448
7.786,1275448
7.786,1275448
7.794,1275448
7.797,1275448
7.808,1275448
7.81,1275448
7.813,1275448
7.815,1275448
7.815,1275448
7.816,1275448
7.821,1275448
7.821,1275448
7.823,1275448
7.823,1275448
7.824,1275448
7.825,1275448
7.828,1275448
7.828,1275448
7.828,1275448
7.831,1275448
7.837,1275448
7.842,1275448
7.842,1275448
7.847,1275448
7.847,1275448
7.848,1275448
7.848,1275448
7.856,1275448
7.86,1275448
7.866,1275448
7.866,1275448
7.87,1275448
7.871,1275448
7.871,1275448
7.875,1275448
7.875,1275448
7.884,1275448
7.888,1275448
7.891,1275448
7.893,1275448
7.896,1275448
7.897,1275448
7.9,1275448
7.902,1275448
7.902,1275448
7.905,1275448
7.912,1275448
7.915,1275448
7.919,1275448
7.92,1275448
7.921,1275448
7.923,1275448
7.923,1275448
7.923,1275448
7.929,1275448
7.931,1275448
7.933,1275448
7.935,1275448
7.937,1275448
7.94,1275448
7.941,1275448
7.942,1275448
7.943,1275448
7.945,1275448
7.949,1275448
7.949,1275448
7.954,1275448
7.956,1275448
7.956,1275448
7.956,1275448
7.959,1275448
7.962,1275448
7.963,1275448
7.963,1275448
7.964,1275448
7.965,1275448
7.965,1275448
7.966,1275448
7.971,1275448
7.971,1275448
7.971,1275448
7.972,1275448
7.976,1275448
7.977,1275448
7.978,1275448
7.978,1275448
7.978,1275448
7.979,1275448
7.982,1275448
7.988,1275448
7.99,1275448
7.99,1275448
7.991,1275448
7.993,1275448
7.995,1275448
8.006,1275448
8.008,1275448
8.009,1275448
8.013,1275448
8.014,1275448
8.015,1275448
8.02,1275448
8.021,1275448
8.021,1275448
8.026,1275448
8.03,1275448
8.032,1275448
8.036,1275448
8.036,1275448
8.038,1275448
8.039,1275448
8.04,1275448
8.049,1275448
8.05,1275448
8.053,1275448
8.054,1275448
8.059,1275448
8.059,1275448
8.068,1275448
8.069,1275448
8.069,1275448
8.073,1275448
8.076,1275448
8.078,1275448
8.079,1275448
8.079,1275448
8.082,1275448
8.084,1275448
8.084,1275448
8.084,1275448
8.084,1275448
8.084,1275448
8.085,1275448
8.088,1275448
8.089,1275448
8.089,1275448
8.09,1275448
8.09,1275448
8.092,1275448
8.093,1275448
8.096,1275448
8.102,1275448
8.103,1275448
8.108,1275448
8.113,1275448
8.113,1275448
8.114,1275448
8.114,1275448
8.118,1275448
8.122,1275448
8.123,1275448
8.126,1275448
8.13,1275448
8.131,1275448
8.137,1275448
8.14,1275448
8.142,1275448
8.143,1275448
8.144,1275448
8.147,1275448
8.151,1275448
8.155,1275448
8.157,1275448
8.158,1275448
8.161,1275448
8.164,1275448
8.165,1275448
8.169,1275448
8.171,1275448
8.179,1275448
8.182,1275448
8.185,1275448
8.186,1275448
8.186,1275448
8.189,1275448
8.189,1275448
8.195,1275448
8.196,1275448
8.201,1275448
8.203,1275448
8.204,1275448
8.204,1275448
8.205,1275448
8.205,1275448
8.208,1275448
8.208,1275448
8.211,1275448
8.215,1275448
8.216,1275448
8.216,1275448
8.221,1275448
8.221,1275448
8.224,1275448
8.231,1275448
8.231,1275448
8.234,1275448
8.236,1275448
8.238,1275448
8.242,1275448
8.244,1275448
8.247,1275448
8.251,1275448
8.253,1275448
8.255,1275448
8.257,1275448
8.262,1275448
8.264,1275448
8.267,1275448
8.271,1275448
8.277,1275448
8.28,1275448
8.283,1275448
8.288,1275448
8.289,1275448
8.289,1275448
8.292,1275448
8.293,1275448
8.297,1275448
8.306,1275448
8.308,1275448
8.308,1275448
8.309,1275448
8.31,1275448
8.312,1275448
8.316,1275448
8.319,1275448
8.322,1275448
8.33,1275448
8.331,1275448
8.334,1275448
8.343,1275448
8.345,1275448
8.346,1275448
8.347,1275448
8.348,1275448
8.349,1275448
8.352,1275448
8.357,1275448
8.36,1275448
8.361,1275448
8.362,1275448
8.362,1275448
8.362,1275448
8.364,1275448
8.365,1275448
8.366,1275448
8.369,1275448
8.371,1275448
8.372,1275448
8.374,1275448
8.375,1275448
8.376,1275448
8.38,1275448
8.382,1275448
8.382,1275448
8.384,1275448
8.386,1275448
8.387,1275448
8.387,1275448
8.388,1275448
8.388,1275448
8.39,1275448
8.393,1275448
8.394,1275448
8.398,1275448
8.408,1275448
8.421,1275448
8.424,1275448
8.426,1275448
8.427,1275448
8.428,1275448
8.433,1275448
8.434,1275448
8.434,1275448
8.435,1275448
8.446,1275448
8.447,1275448
8.45,1275448
8.451,1275448
8.452,1275448
8.456,1275448
8.457,1275448
8.466,1275448
8.466,1275448
8.467,1275448
8.472,1275448
8.473,1275448
8.479,1275448
8.485,1275448
8.486,1275448
8.489,1275448
8.492,1275448
8.495,1275448
8.499,1275448
8.5,1275448
8.502,1275448
8.502,1275448
8.503,1275448
8.507,1275448
8.509,1275448
8.509,1275448
8.51,1275448
8.51,1275448
8.513,1275448
8.514,1275448
8.514,1275448
8.518,1275448
8.521,1275448
8.529,1275448
8.529,1275448
8.532,1275448
8.533,1275448
8.541,1275448
8.543,1275448
8.544,1275448
8.554,1275448
8.557,1275448
8.557,1275448
8.558,1275448
8.56,1275448
8.561,1275448
8.566,1275448
8.567,1275448
8.567,1275448
8.569,1275448
8.57,1275448
8.573,1275448
8.577,1275448
8.577,1275448
8.582,1275448
8.586,1275448
8.59,1275448
8.593,1275448
8.594,1275448
8.596,1275448
8.598,1275448
8.605,1275448
8.606,1275448
8.609,1275448
8.61,1275448
8.61,1275448
8.612,1275448
8.621,1275448
8.629,1275448
8.631,1275448
8.632,1275448
8.632,1275448
8.632,1275448
8.634,1275448
8.634,1275448
8.639,1275448
8.641,1275448
8.645,1275448
8.646,1275448
8.649,1275448
8.653,1275448
8.654,1275448
8.655,1275448
8.656,1275448
8.66,1275448
8.662,1275448
8.664,1275448
8.67,1275448
8.671,1275448
8.672,1275448
8.678,1275448
8.68,1275448
8.68,1275448
8.681,1275448
8.684,1275448
8.684,1275448
8.686,1275448
8.697,1275448
8.697,1275448
8.699,1275448
8.703,1275448
8.709,1275448
8.71,1275448
8.712,1275448
8.715,1275448
8.716,1275448
8.725,1275448
8.725,1275448
8.726,1275448
8.728,1275448
8.73,1275448
8.732,1275448
8.735,1275448
8.74,1275448
8.74,1275448
8.74,1275448
8.741,1275448
8.744,1275448
8.746,1275448
8.751,1275448
8.752,1275448
8.752,1275448
8.756,1275448
8.756,1275448
8.758,1275448
8.758,1275448
8.76,1275448
8.761,1275448
8.767,1275448
8.768,1275448
8.77,1275448
8.773,1275448
8.773,1275448
8.774,1275448
8.776,1275448
8.777,1275448
8.784,1275448
8.786,1275448
8.798,1275448
8.812,1275448
8.813,1275448
8.818,1275448
8.82,1275448
8.823,1275448
8.825,1275448
8.826,1275448
8.828,1275448
8.829,1275448
8.832,1275448
8.833,1275448
8.833,1275448
8.842,1275448
8.849,1275448
8.852,1275448
8.853,1275448
8.853,1275448
8.854,1275448
8.855,1275448
8.862,1275448
8.868,1275448
8.868,1275448
8.872,1275448
8.875,1275448
8.879,1275448
8.879,1275448
8.88,1275448
8.881,1275448
8.89,1275448
8.893,1275448
8.894,1275448
8.899,1275448
8.899,1275448
8.899,1275448
8.899,1275448
8.9,1275448
8.902,1275448
8.908,1275448
8.912,1275448
8.92,1275448
8.93,1275448
8.94,1275448
8.941,1275448
8.941,1275448
8.942,1275448
8.945,1275448
8.946,1275448
8.948,1275448
8.95,1275448
8.952,1275448
8.958,1275448
8.964,1275448
8.967,1275448
8.975,1275448
8.978,1275448
8.987,1275448
8.991,1275448
8.992,1275448
8.997,1275448
8.998,1275448
8.999,1275448
9.001,1275448
9.002,1275448
9.006,1275448
9.008,1275448
9.009,1275448
9.012,1275448
9.013,1275448
9.016,1275448
9.018,1275448
9.019,1275448
9.023,1275448
9.029,1275448
9.03,1275448
9.032,1275448
9.036,1275448
9.037,1275448
9.038,1275448
9.038,1275448
9.04,1275448
9.041,1275448
9.044,1275448
9.049,1275448
9.053,1275448
9.055,1275448
9.06,1275448
9.062,1275448
9.072,1275448
9.074,1275448
9.075,1275448
9.079,1275448
9.079,1275448
9.085,1275448
9.09,1275448
9.091,1275448
9.093,1275448
9.096,1275448
9.097,1275448
9.098,1275448
9.105,1275448
9.106,1275448
9.108,1275448
9.108,1275448
9.108,1275448
9.108,1275448
9.109,1275448
9.11,1275448
9.11,1275448
9.112,1275448
9.115,1275448
9.116,1275448
9.118,1275448
9.122,1275448
9.124,1275448
9.124,1275448
9.131,1275448
9.137,1275448
9.138,1275448
9.143,1275448
9.144,1275448
9.154,1275448
9.159,1275448
9.159,1275448
9.16,1275448
9.162,1275448
9.162,1275448
9.166,1275448
9.166,1275448
9.167,1275448
9.168,1275448
9.171,1275448
9.173,1275448
9.174,1275448
9.174,1275448
9.177,1275448
9.177,1275448
9.178,1275448
9.178,1275448
9.182,1275448
9.185,1275448
9.185,1275448
9.188,1275448
9.19,1275448
9.192,1275448
9.198,1275448
9.199,1275448
9.202,1275448
9.203,1275448
9.205,1275448
9.213,1275448
9.218,1275448
9.219,1275448
9.22,1275448
9.222,1275448
9.225,1275448
9.226,1275448
9.23,1275448
9.231,1275448
9.235,1275448
9.236,1275448
9.238,1275448
9.239,1275448
9.252,1275448
9.253,1275448
9.255,1275448
9.256,1275448
9.259,1275448
9.26,1275448
9.26,1275448
9.263,1275448
9.264,1275448
9.266,1275448
9.266,1275448
9.268,1275448
9.272,1275448
9.272,1275448
9.277,1275448
9.278,1275448
9.279,1275448
9.281,1275448
9.282,1275448
9.282,1275448
9.283,1275448
9.284,1275448
9.287,1275448
9.298,1275448
9.299,1275448
9.299,1275448
9.301,1275448
9.307,1275448
9.315,1275448
9.32,1275448
9.321,1275448
9.324,1275448
9.326,1275448
9.33,1275448
9.337,1275448
9.338,1275448
9.339,1275448
9.345,1275448
9.346,1275448
9.35,1275448
9.351,1275448
9.356,1275448
9.356,1275448
9.358,1275448
9.362,1275448
9.362,1275448
9.367,1275448
9.368,1275448
9.37,1275448
9.37,1275448
9.37,1275448
9.371,1275448
9.375,1275448
9.375,1275448
9.377,1275448
9.384,1275448
9.387,1275448
9.39,1275448
9.39,1275448
9.391,1275448
9.394,1275448
9.396,1275448
9.404,1275448
9.407,1275448
9.409,1275448
9.41,1275448
9.412,1275448
9.418,1275448
9.422,1275448
9.422,1275448
9.423,1275448
9.423,1275448
9.424,1275448
9.433,1275448
9.434,1275448
9.435,1275448
9.436,1275448
9.44,1275448
9.441,1275448
9.443,1275448
9.446,1275448
9.449,1275448
9.456,1275448
9.457,1275448
9.459,1275448
9.461,1275448
9.461,1275448
9.464,1275448
9.465,1275448
9.468,1275448
9.471,1275448
9.476,1275448
9.476,1275448
9.477,1275448
9.477,1275448
9.477,1275448
9.478,1275448
9.478,1275448
9.478,1275448
9.479,1275448
9.482,1275448
9.482,1275448
9.484,1275448
9.491,1275448
9.495,1275448
9.496,1275448
9.498,1275448
9.5,1275448
9.501,1275448
9.502,1275448
9.505,1275448
9.506,1275448
9.51,1275448
9.526,1275448
9.536,1275448
9.536,1275448
9.538,1275448
9.538,1275448
9.543,1275448
9.544,1275448
9.546,1275448
9.546,1275448
9.548,1275448
9.556,1275448
9.556,1275448
9.557,1275448
9.561,1275448
9.562,1275448
9.563,1275448
9.567,1275448
9.578,1275448
9.581,1275448
9.582,1275448
9.583,1275448
9.583,1275448
9.596,1275448
9.611,1275448
9.614,1275448
9.615,1275448
9.616,1275448
9.617,1275448
9.623,1275448
9.623,1275448
9.625,1275448
9.626,1275448
9.627,1275448
9.631,1275448
9.633,1275448
9.636,1275448
9.636,1275448
9.636,1275448
9.637,1275448
9.637,1275448
9.638,1275448
9.642,1275448
9.644,1275448
9.644,1275448
9.65,1275448
9.651,1275448
9.651,1275448
9.654,1275448
9.66,1275448
9.661,1275448
9.663,1275448
9.665,1275448
9.666,1275448
9.667,1275448
9.672,1275448
9.673,1275448
9.674,1275448
9.678,1275448
9.679,1275448
9.681,1275448
9.682,1275448
9.688,1275448
9.692,1275448
9.696,1275448
9.699,1275448
9.71,1275448
9.711,1275448
9.713,1275448
9.718,1275448
9.718,1275448
9.721,1275448
9.724,1275448
9.725,1275448
9.726,1275448
9.726,1275448
9.727,1275448
9.733,1275448
9.735,1275448
9.736,1275448
9.742,1275448
9.746,1275448
9.746,1275448
9.747,1275448
9.747,1275448
9.749,1275448
9.752,1275448
9.757,1275448
9.76,1275448
9.764,1275448
9.769,1275448
9.774,1275448
9.774,1275448
9.777,1275448
9.78,1275448
9.781,1275448
9.781,1275448
9.799,1275448
9.8,1275448
9.802,1275448
9.807,1275448
9.808,1275448
9.809,1275448
9.813,1275448
9.814,1275448
9.82,1275448
9.826,1275448
9.828,1275448
9.831,1275448
9.833,1275448
9.837,1275448
9.841,1275448
9.843,1275448
9.844,1275448
9.844,1275448
9.844,1275448
9.845,1275448
9.853,1275448
9.856,1275448
9.862,1275448
9.865,1275448
9.868,1275448
9.871,1275448
9.873,1275448
9.874,1275448
9.876,1275448
9.876,1275448
9.884,1275448
9.886,1275448
9.886,1275448
9.889,1275448
9.891,1275448
9.897,1275448
9.898,1275448
9.898,1275448
9.899,1275448
9.902,1275448
9.904,1275448
9.906,1275448
9.907,1275448
9.91,1275448
9.913,1275448
9.918,1275448
9.919,1275448
9.921,1275448
9.923,1275448
9.925,1275448
9.928,1275448
9.928,1275448
9.93,1275448
9.931,1275448
9.931,1275448
9.935,1275448
9.944,1275448
9.944,1275448
9.944,1275448
9.946,1275448
9.952,1275448
9.953,1275448
9.953,1275448
9.956,1275448
9.962,1275448
9.962,1275448
9.964,1275448
9.965,1275448
9.966,1275448
9.969,1275448
9.97,1275448
9.972,1275448
9.973,1275448
9.974,1275448
9.977,1275448
9.977,1275448
9.982,1275448
9.982,1275448
9.984,1275448
9.984,1275448
9.984,1275448
9.994,1275448
9.995,1275448
9.995,1275448
9.996,1275448
