0.001,9787079
0.001,9765723
0.001,9721084
0.001,9661815
0.001,9645688
0.001,9506335
0.001,9377508
0.001,9245390
0.002,9121742
0.002,9050886
0.002,9044408
0.002,8985020
0.002,8944614
0.002,8818978
0.002,8780087
0.002,8759161
0.002,8711928
0.003,8665437
0.003,8662173
0.003,8606594
0.003,8572464
0.003,8532999
0.003,8481010
0.003,8325006
0.003,8305580
0.003,8259351
0.004,8256096
0.004,8201721
0.004,8134084
0.004,8131014
0.004,8079015
0.004,8008599
0.004,7917620
0.004,7880624
0.004,7877334
0.004,7813667
0.005,7784883
0.005,7720525
0.005,7702658
0.006,7672688
0.006,7624924
0.006,7520262
0.006,7512229
0.006,7479275
0.006,7478892
0.006,7443024
0.007,7441203
0.007,7440779
0.007,7439876
0.008,7438786
0.008,7367985
0.008,7367645
0.008,7367080
0.009,7276541
0.009,7276541
0.009,7274540
0.009,7251409
0.01,7175113
0.01,7143378
0.01,7047523
0.01,6990115
0.01,6950905
0.01,6938242
0.011,6905402
0.011,6781181
0.011,6756543
0.011,6725639
0.012,6723577
0.012,6662741
0.012,6640463
0.013,6639811
0.013,6639811
0.013,6639811
0.013,6632651
0.014,6632651
0.014,6632296
0.014,6627633
0.014,6626019
0.014,6565307
0.015,6565223
0.016,6562523
0.016,6553439
0.016,6523993
0.016,6458600
0.016,6418989
0.017,6354807
0.017,6351469
0.017,6351046
0.017,6304465
0.017,6302399
0.017,6222512
0.018,6220769
0.018,6043194
0.018,6043194
0.018,6035838
0.018,5994139
0.018,5830980
0.018,5821677
0.019,5821167
0.019,5821167
0.02,5800710
0.02,5773422
0.02,5722146
0.02,5716753
0.021,5666915
0.021,5606566
0.021,5518310
0.021,5518183
0.021,5503843
0.021,5481455
0.021,5468687
0.022,5383443
0.022,5365967
0.022,5365242
0.023,5360034
0.023,5359286
0.023,5293258
0.024,5290122
0.024,5270258
0.025,5151601
0.025,5122176
0.025,5021794
0.025,5021794
0.025,5021674
0.026,4940956
0.026,4929756
0.026,4922070
0.026,4911996
0.026,4905997
0.026,4903219
0.027,4898175
0.028,4891046
0.028,4884128
0.029,4881445
0.029,4879789
0.029,4879320
0.029,4764383
0.029,4759921
0.03,4759567
0.03,4759471
0.03,4735394
0.03,4734820
0.03,4715890
0.031,4715890
0.031,4678514
0.031,4605913
0.032,4594890
0.032,4591179
0.032,4590480
0.033,4588666
0.034,4586091
0.034,4571907
0.034,4540820
0.035,4540365
0.035,4440473
0.035,4429525
0.036,4428082
0.036,4428082
0.036,4426521
0.036,4312616
0.036,4312616
0.037,4268590
0.037,4268590
0.037,4259710
0.037,4259464
0.037,4259464
0.037,4253237
0.037,4253237
0.038,4214503
0.038,4209947
0.039,4193292
0.039,4181637
0.04,4180911
0.041,4150218
0.042,4129884
0.043,4129884
0.043,4129884
0.043,4120864
0.043,4120832
0.043,4120347
0.044,4118629
0.044,4101446
0.044,4101446
0.046,4099978
0.046,4095531
0.046,4090842
0.046,4057912
0.046,4051720
0.046,4002262
0.046,4000606
0.046,4000606
0.046,4000606
0.046,3905450
0.046,3885837
0.048,3879843
0.048,3879368
0.049,3876989
0.049,3856879
0.049,3843741
0.05,3841954
0.051,3841954
0.052,3820199
0.053,3735268
0.053,3734841
0.053,3734841
0.053,3717679
0.054,3717679
0.055,3712190
0.056,3712190
0.056,3712190
0.056,3688436
0.056,3688436
0.057,3688436
0.057,3551154
0.058,3551154
0.058,3549763
0.058,3545304
0.059,3545304
0.059,3525221
0.059,3525221
0.059,3509938
0.059,3505558
0.06,3502006
0.062,3494306
0.062,3492892
0.062,3492892
0.063,3437024
0.065,3437024
0.066,3432388
0.066,3432356
0.066,3432356
0.066,3432356
0.068,3432356
0.068,3432356
0.069,3431361
0.069,3430224
0.07,3427027
0.07,3425484
0.07,3425484
0.071,3425484
0.071,3425059
0.071,3383702
0.071,3369011
0.073,3361489
0.073,3355582
0.073,3355582
0.073,3351381
0.075,3344489
0.075,3323384
0.075,3247944
0.075,3245367
0.077,3236248
0.078,3235607
0.078,3170896
0.078,3151826
0.08,3145966
0.082,3104777
0.082,3097219
0.082,3095063
0.083,3090157
0.083,3079734
0.083,3078336
0.085,3078132
0.085,3078132
0.085,2966785
0.087,2966785
0.087,2966785
0.088,2966785
0.088,2966785
0.09,2915655
0.092,2890772
0.092,2879093
0.092,2874933
0.093,2862750
0.095,2862750
0.095,2841714
0.095,2840603
0.095,2840563
0.095,2840563
0.096,2820838
0.096,2820838
0.099,2803742
0.099,2803742
0.099,2792925
0.1,2792925
0.1,2777283
0.101,2777283
0.102,2777283
0.102,2775180
0.103,2775180
0.103,2775180
0.104,2775180
0.105,2775170
0.105,2775170
0.105,2767370
0.106,2753447
0.107,2753447
0.108,2751833
0.108,2751833
0.109,2751639
0.111,2741154
0.112,2740834
0.113,2739762
0.115,2736925
0.115,2734757
0.116,2734547
0.116,2729534
0.118,2729534
0.118,2728123
0.119,2726836
0.119,2726698
0.119,2725141
0.121,2725141
0.121,2725141
0.121,2725141
0.123,2722812
0.125,2710861
0.125,2710627
0.126,2671484
0.129,2671484
0.129,2663034
0.129,2658240
0.129,2657626
0.13,2657626
0.132,2656517
0.133,2655644
0.133,2655644
0.133,2655644
0.133,2635777
0.135,2616112
0.135,2592209
0.136,2586580
0.137,2575437
0.139,2575437
0.139,2553154
0.139,2533315
0.14,2527063
0.14,2410630
0.141,2407303
0.142,2324512
0.143,2320015
0.146,2318064
0.147,2315774
0.148,2314782
0.149,2314782
0.149,2314782
0.149,2314782
0.151,2311521
0.152,2311521
0.153,2308873
0.153,2308873
0.153,2294064
0.154,2294064
0.155,2291858
0.155,2289193
0.156,2264091
0.156,2263646
0.157,2263646
0.157,2263646
0.158,2263646
0.159,2229810
0.16,2229003
0.161,2229003
0.161,2223210
0.163,2223210
0.164,2211215
0.165,2150629
0.166,2150629
0.167,2065660
0.168,2065660
0.169,2065052
0.169,2064281
0.17,2053097
0.17,2053097
0.171,2050901
0.171,2050901
0.173,2050901
0.173,2046882
0.175,2046882
0.176,2046003
0.178,1982014
0.181,1978407
0.182,1978407
0.183,1978407
0.185,1978407
0.187,1974340
0.187,1971148
0.189,1964833
0.189,1964833
0.19,1916608
0.19,1916608
0.19,1916608
0.191,1914351
0.195,1914351
0.195,1914351
0.196,1914351
0.197,1914351
0.197,1914351
0.198,1914351
0.198,1914351
0.199,1914351
0.201,1914351
0.201,1914351
0.207,1913485
0.208,1912635
0.21,1864302
0.213,1864302
0.214,1864302
0.217,1864302
0.218,1864302
0.219,1864302
0.22,1858104
0.22,1853489
0.22,1853489
0.223,1847599
0.226,1847599
0.227,1844376
0.229,1844376
0.229,1840635
0.229,1840635
0.23,1839654
0.232,1824294
0.234,1814037
0.234,1813487
0.236,1813487
0.236,1812797
0.242,1807359
0.242,1805665
0.246,1805665
0.249,1805665
0.254,1805578
0.255,1805578
0.255,1805578
0.257,1805578
0.257,1800281
0.258,1800281
0.258,1800281
0.259,1800281
0.259,1800281
0.261,1800281
0.262,1800281
0.264,1797100
0.264,1797100
0.265,1797100
0.265,1797100
0.265,1783818
0.266,1777059
0.267,1763098
0.271,1763098
0.272,1757875
0.273,1727259
0.275,1727259
0.277,1725842
0.278,1725842
0.279,1725842
0.28,1725842
0.283,1725842
0.287,1725842
0.287,1725842
0.288,1725842
0.289,1725842
0.289,1725277
0.29,1725277
0.293,1725277
0.294,1725097
0.294,1725097
0.295,1725097
0.296,1725097
0.296,1725097
0.298,1725097
0.3,1725097
0.3,1725097
0.3,1725065
0.301,1725065
0.303,1725065
0.304,1725065
0.305,1725065
0.307,1725065
0.308,1725065
0.309,1725065
0.309,1720287
0.311,1720287
0.312,1720287
0.312,1720287
0.314,1720287
0.316,1720287
0.318,1720287
0.318,1720287
0.319,1720287
0.32,1720287
0.324,1720287
0.327,1699833
0.328,1699833
0.333,1699833
0.335,1699833
0.336,1699833
0.336,1699833
0.338,1699602
0.338,1699602
0.342,1699602
0.344,1697271
0.347,1697271
0.35,1697271
0.35,1693864
0.352,1692174
0.352,1692174
0.354,1681072
0.355,1681072
0.358,1673591
0.359,1673092
0.359,1673092
0.36,1673092
0.363,1673092
0.363,1673092
0.363,1673092
0.364,1661704
0.366,1661704
0.367,1661704
0.368,1661704
0.369,1661704
0.372,1654226
0.375,1654226
0.375,1654226
0.381,1651421
0.382,1651421
0.383,1651421
0.385,1651421
0.388,1651421
0.388,1651421
0.391,1651421
0.393,1651421
0.395,1651421
0.395,1651421
0.401,1651421
0.402,1651421
0.402,1651421
0.403,1651421
0.404,1651421
0.404,1646800
0.407,1646800
0.407,1641930
0.409,1641929
0.41,1641929
0.41,1641892
0.412,1640767
0.413,1640767
0.416,1640224
0.417,1640224
0.419,1640224
0.42,1630491
0.425,1630491
0.426,1630491
0.427,1611696
0.428,1611696
0.428,1610406
0.429,1610406
0.43,1609598
0.434,1604885
0.436,1604885
0.438,1604885
0.441,1600469
0.442,1600469
0.442,1600469
0.449,1600469
0.453,1600469
0.454,1600469
0.456,1600469
0.457,1600469
0.46,1600469
0.463,1600469
0.464,1600469
0.465,1600469
0.466,1600469
0.467,1600469
0.467,1600469
0.468,1600469
0.468,1600469
0.469,1600409
0.47,1600399
0.47,1600399
0.471,1600399
0.474,1600399
0.476,1600399
0.476,1600399
0.478,1600399
0.478,1600399
0.478,1600399
0.479,1600399
0.48,1593681
0.48,1591715
0.483,1589623
0.484,1589375
0.485,1589375
0.486,1589375
0.488,1589375
0.489,1589375
0.49,1589375
0.491,1573125
0.491,1573125
0.494,1557166
0.494,1557166
0.495,1557166
0.496,1557166
0.496,1554514
0.497,1554514
0.5,1554514
0.502,1554514
0.507,1553011
0.507,1550384
0.508,1548527
0.508,1548522
0.509,1548522
0.512,1548055
0.512,1517744
0.513,1517176
0.517,1517176
0.518,1517176
0.523,1517176
0.523,1517176
0.524,1517176
0.525,1513972
0.525,1507118
0.526,1507118
0.526,1507118
0.527,1507118
0.529,1507118
0.535,1507118
0.535,1503500
0.537,1503500
0.545,1503500
0.545,1503500
0.546,1466958
0.547,1466958
0.548,1465517
0.551,1465517
0.551,1465252
0.552,1465252
0.552,1465252
0.553,1465252
0.555,1465252
0.555,1465252
0.559,1461120
0.559,1461120
0.561,1450974
0.567,1450974
0.57,1450974
0.576,1444097
0.577,1443485
0.578,1443485
0.579,1443485
0.581,1443485
0.584,1443485
0.585,1443485
0.585,1443485
0.586,1443485
0.597,1443151
0.598,1443151
0.601,1442468
0.602,1437549
0.608,1437549
0.608,1436922
0.61,1436922
0.611,1436922
0.613,1436922
0.615,1436922
0.615,1436922
0.616,1436922
0.616,1436922
0.618,1436922
0.618,1436922
0.624,1436922
0.626,1436922
0.633,1436922
0.635,1436922
0.64,1436922
0.642,1436922
0.652,1434642
0.653,1434642
0.657,1434642
0.659,1425754
0.66,1425754
0.66,1425754
0.661,1425754
0.662,1425255
0.664,1425255
0.665,1425255
0.666,1425255
0.672,1425255
0.677,1422839
0.677,1422839
0.681,1422839
0.684,1422383
0.685,1422383
0.685,1422383
0.686,1422383
0.687,1422353
0.688,1422353
0.689,1422353
0.689,1422353
0.69,1422353
0.692,1422353
0.697,1422353
0.698,1422353
0.7,1422353
0.701,1422353
0.705,1422353
0.707,1422353
0.708,1422353
0.709,1422353
0.711,1422353
0.713,1422353
0.713,1422353
0.714,1422353
0.716,1415414
0.716,1415414
0.718,1415414
0.719,1415414
0.719,1415414
0.719,1415363
0.721,1415363
0.723,1415363
0.731,1415363
0.732,1415363
0.732,1415363
0.741,1415363
0.748,1415363
0.75,1415363
0.753,1415363
0.754,1415363
0.757,1415363
0.762,1415363
0.762,1415363
0.766,1415363
0.766,1415363
0.768,1415363
0.773,1415363
0.779,1415363
0.782,1415363
0.783,1415363
0.786,1415363
0.786,1415363
0.788,1415363
0.788,1415363
0.789,1415363
0.79,1415363
0.791,1415363
0.791,1415363
0.793,1415363
0.794,1414087
0.796,1414087
0.797,1414087
0.798,1414087
0.798,1414087
0.8,1414087
0.803,1414087
0.803,1414087
0.805,1414087
0.809,1414087
0.811,1414087
0.812,1414087
0.814,1413022
0.819,1413022
0.819,1413022
0.82,1413022
0.821,1413022
0.822,1413022
0.824,1413022
0.83,1413022
0.831,1413022
0.834,1413022
0.836,1413022
0.838,1413022
0.839,1413022
0.841,1413022
0.844,1413022
0.848,1413022
0.852,1413022
0.853,1413022
0.853,1413022
0.857,1413022
0.857,1413022
0.859,1413022
0.86,1413022
0.863,1413022
0.866,1413022
0.866,1413022
0.869,1413022
0.875,1413022
0.876,1413022
0.878,1413022
0.882,1413022
0.887,1413022
0.888,1413022
0.894,1413022
0.894,1413022
0.897,1413022
0.897,1413022
0.898,1413022
0.899,1412835
0.902,1412835
0.904,1412835
0.907,1412835
0.913,1412835
0.913,1412835
0.919,1412835
0.924,1412835
0.929,1412835
0.93,1412835
0.931,1412835
0.931,1412835
0.932,1412835
0.935,1412835
0.935,1412835
0.936,1412835
0.937,1412835
0.939,1412835
0.94,1412835
0.942,1412835
0.944,1412835
0.946,1412835
0.947,1412835
0.947,1411770
0.947,1411770
0.948,1411770
0.949,1411770
0.95,1411770
0.952,1411770
0.953,1411770
0.954,1411770
0.955,1411770
0.963,1411770
0.968,1411770
0.969,1411770
0.973,1411770
0.973,1411770
0.976,1411770
0.978,1411770
0.98,1411770
0.984,1411770
0.985,1411770
0.987,1411135
0.988,1411135
0.988,1411135
0.991,1411135
1,1411135
1.002,1411135
1.004,1411135
1.019,1411135
1.02,1411135
1.023,1411135
1.039,1411135
1.041,1411135
1.042,1411135
1.042,1411135
1.044,1411135
1.049,1411135
1.053,1411135
1.057,1411135
1.06,1411135
1.064,1411135
1.065,1411135
1.066,1411135
1.068,1411135
1.069,1411135
1.069,1411135
1.072,1411135
1.076,1411135
1.078,1411135
1.084,1411135
1.086,1411135
1.088,1411135
1.091,1411135
1.094,1411135
1.096,1411135
1.106,1411135
1.107,1411135
1.112,1411135
1.113,1411135
1.115,1411135
1.126,1411135
1.126,1411135
1.128,1411135
1.13,1411135
1.134,1411135
1.136,1411135
1.14,1411135
1.141,1411135
1.142,1411135
1.144,1411135
1.145,1411135
1.153,1411135
1.156,1411135
1.158,1411135
1.159,1411135
1.16,1410512
1.162,1410512
1.163,1410512
1.168,1410512
1.168,1410512
1.169,1410512
1.169,1410512
1.173,1410512
1.176,1410512
1.18,1410512
1.18,1410512
1.181,1410512
1.183,1410512
1.185,1410512
1.191,1410512
1.192,1410512
1.194,1410512
1.201,1410512
1.201,1410512
1.203,1410512
1.204,1410512
1.206,1410512
1.21,1410512
1.211,1410512
1.211,1410512
1.213,1410512
1.221,1410512
1.222,1410512
1.224,1410512
1.225,1410512
1.229,1410512
1.23,1410512
1.232,1410512
1.232,1410512
1.232,1410512
1.238,1410512
1.247,1410512
1.247,1410512
1.248,1410512
1.253,1410512
1.255,1410512
1.257,1410512
1.258,1410512
1.262,1410512
1.269,1410512
1.27,1410512
1.271,1410512
1.275,1410512
1.276,1410512
1.278,1410512
1.281,1410512
1.281,1410512
1.282,1410512
1.282,1410512
1.285,1410512
1.287,1410512
1.288,1410512
1.289,1410512
1.29,1410512
1.292,1410512
1.299,1410512
1.303,1410512
1.307,1410512
1.308,1410512
1.308,1410512
1.31,1410512
1.314,1410512
1.314,1410512
1.315,1410512
1.315,1404295
1.317,1404295
1.321,1404295
1.322,1404295
1.325,1404295
1.327,1404295
1.33,1404295
1.33,1404295
1.33,1404295
1.331,1404295
1.332,1404295
1.337,1404295
1.339,1404295
1.34,1404295
1.343,1404295
1.343,1404295
1.344,1404295
1.344,1404295
1.345,1404295
1.346,1404295
1.347,1404295
1.348,1404295
1.356,1404295
1.356,1404295
1.357,1404295
1.357,1404295
1.36,1404295
1.361,1404295
1.362,1404295
1.362,1404295
1.368,1404295
1.37,1404295
1.374,1404295
1.376,1404295
1.377,1404295
1.378,1404295
1.379,1404295
1.38,1392336
1.385,1392336
1.386,1392336
1.387,1392336
1.387,1392336
1.389,1388943
1.392,1357490
1.394,1357490
1.395,1357490
1.396,1357490
1.401,1357490
1.403,1353814
1.404,1353814
1.405,1353814
1.407,1353814
1.408,1353814
1.418,1353814
1.419,1353814
1.419,1353814
1.422,1353814
1.423,1353814
1.424,1353814
1.425,1353814
1.426,1353814
1.428,1353814
1.429,1352073
1.431,1352073
1.431,1352073
1.433,1352073
1.434,1352073
1.434,1352073
1.435,1352073
1.436,1352073
1.437,1352073
1.439,1352073
1.441,1352073
1.442,1352073
1.442,1352073
1.444,1352073
1.448,1352073
1.449,1352073
1.45,1352073
1.451,1352073
1.451,1352073
1.456,1352073
1.461,1352073
1.466,1352073
1.469,1352073
1.472,1352073
1.474,1352073
1.475,1352073
1.477,1352073
1.478,1352073
1.478,1352073
1.48,1352073
1.48,1352073
1.485,1352073
1.485,1352073
1.486,1352073
1.491,1352073
1.493,1352073
1.494,1352073
1.495,1352073
1.505,1352073
1.505,1352073
1.506,1352073
1.507,1352073
1.507,1352073
1.509,1352073
1.511,1352073
1.512,1352073
1.513,1352073
1.513,1352073
1.513,1352073
1.515,1352073
1.518,1352073
1.52,1352073
1.52,1352073
1.521,1352073
1.522,1352073
1.525,1352073
1.531,1345670
1.534,1345670
1.535,1345670
1.539,1345670
1.539,1345670
1.543,1345670
1.544,1345670
1.55,1345670
1.551,1345670
1.552,1345670
1.552,1345670
1.552,1345670
1.553,1345670
1.553,1345670
1.555,1345670
1.557,1345670
1.558,1345670
1.562,1345670
1.562,1345670
1.563,1345670
1.564,1345670
1.567,1345670
1.568,1345670
1.57,1345670
1.57,1345670
1.57,1345670
1.571,1345670
1.571,1345670
1.575,1345670
1.58,1345670
1.581,1345670
1.585,1345670
1.586,1345670
1.586,1345670
1.588,1345670
1.594,1345670
1.599,1345670
1.603,1345670
1.604,1345670
1.605,1345670
1.607,1345670
1.608,1345670
1.608,1345670
1.61,1345670
1.611,1345670
1.614,1345670
1.614,1345670
1.616,1345670
1.617,1345670
1.619,1345670
1.621,1345670
1.622,1345670
1.625,1345670
1.626,1345670
1.628,1345670
1.631,1345670
1.634,1345670
1.635,1345670
1.635,1345670
1.635,1345670
1.636,1345670
1.637,1345670
1.638,1345670
1.641,1345670
1.642,1345670
1.643,1345670
1.644,1345670
1.644,1345670
1.646,1345670
1.649,1345670
1.649,1345670
1.657,1345670
1.659,1345670
1.66,1345670
1.667,1345670
1.668,1345670
1.669,1345670
1.672,1345670
1.673,1345670
1.674,1345670
1.674,1345670
1.675,1345670
1.675,1345670
1.676,1345670
1.677,1345670
1.678,1345670
1.678,1345670
1.679,1345670
1.68,1345670
1.683,1345670
1.683,1345670
1.684,1345670
1.685,1345670
1.688,1345670
1.689,1345670
1.693,1345670
1.694,1345670
1.698,1345670
1.701,1345670
1.702,1345670
1.703,1345670
1.703,1345670
1.703,1345670
1.705,1345670
1.706,1345670
1.706,1345670
1.709,1345670
1.716,1345670
1.718,1345670
1.719,1345670
1.72,1345670
1.72,1345670
1.721,1345670
1.723,1345670
1.723,1345670
1.724,1345670
1.726,1345670
1.728,1345670
1.73,1345670
1.731,1345670
1.732,1345670
1.733,1345670
1.735,1345670
1.736,1345670
1.743,1345670
1.749,1345670
1.763,1345670
1.763,1345670
1.764,1345670
1.765,1345670
1.767,1345670
1.767,1345670
1.77,1345670
1.774,1345670
1.775,1345670
1.778,1345670
1.778,1345670
1.778,1345670
1.78,1345670
1.781,1345670
1.783,1345670
1.785,1345670
1.787,1345670
1.789,1345670
1.789,1345670
1.796,1345670
1.797,1345670
1.797,1345670
1.797,1345670
1.798,1345670
1.8,1345670
1.801,1345670
1.802,1345670
1.803,1345670
1.805,1345670
1.808,1345670
1.808,1345670
1.812,1345670
1.813,1345670
1.814,1345670
1.816,1345670
1.818,1345670
1.825,1345670
1.831,1345670
1.833,1345670
1.833,1345670
1.834,1345670
1.839,1345670
1.841,1345670
1.842,1345670
1.842,1345670
1.843,1345670
1.847,1345670
1.848,1345670
1.853,1345670
1.854,1345670
1.856,1345670
1.867,1345670
1.87,1345670
1.874,1345670
1.875,1345670
1.877,1345670
1.878,1345670
1.878,1345670
1.884,1345670
1.887,1345670
1.891,1345670
1.895,1345670
1.896,1345670
1.898,1345670
1.9,1345670
1.901,1345670
1.902,1345670
1.902,1345670
1.905,1345670
1.909,1345670
1.911,1345670
1.911,1345670
1.911,1345670
1.912,1345670
1.913,1345670
1.914,1345670
1.914,1345670
1.919,1345670
1.923,1345670
1.923,1345670
1.927,1345670
1.929,1345670
1.93,1345670
1.93,1345670
1.931,1345670
1.933,1345670
1.937,1345670
1.939,1345670
1.943,1345670
1.951,1345670
1.951,1345670
1.955,1345670
1.959,1345670
1.961,1345670
1.961,1345670
1.962,1345670
1.964,1345670
1.964,1345670
1.966,1345670
1.968,1345670
1.972,1345670
1.973,1345670
1.976,1345670
1.977,1345670
1.98,1345670
1.982,1345670
1.982,1345670
1.989,1345670
1.99,1345670
1.991,1345670
1.992,1345670
1.993,1345670
1.998,1345670
1.999,1345670
1.999,1345670
2.002,1345670
2.006,1345670
2.007,1345670
2.008,1345670
2.008,1345670
2.01,1345670
2.013,1345670
2.013,1345670
2.018,1345670
2.02,1345670
2.021,1345670
2.021,1345670
2.022,1345670
2.023,1345670
2.024,1345670
2.024,1345670
2.031,1345670
2.034,1345670
2.035,1345670
2.038,1345670
2.045,1345670
2.045,1345670
2.045,1345670
2.046,1345670
2.046,1345670
2.046,1345670
2.047,1345670
2.049,1345670
2.053,1345670
2.053,1345670
2.055,1345670
2.06,1345670
2.061,1345670
2.064,1345670
2.066,1345670
2.067,1345670
2.069,1345670
2.07,1345670
2.072,1345670
2.074,1345670
2.075,1345670
2.076,1345670
2.078,1345670
2.079,1345670
2.081,1345670
2.083,1345670
2.086,1345670
2.086,1345670
2.087,1345670
2.088,1345670
2.089,1345670
2.09,1345670
2.091,1345670
2.091,1345670
2.1,1345670
2.102,1345670
2.104,1345670
2.107,1345670
2.11,1345670
2.114,1345670
2.118,1345670
2.118,1345670
2.118,1345670
2.119,1345670
2.121,1345670
2.124,1345670
2.132,1345670
2.133,1345670
2.138,1345670
2.14,1345670
2.147,1345670
2.149,1345670
2.15,1345670
2.151,1345670
2.151,1345670
2.163,1345670
2.165,1345670
2.166,1345670
2.167,1345670
2.169,1345670
2.169,1345670
2.171,1345670
2.171,1345670
2.179,1345670
2.181,1345670
2.182,1345670
2.183,1345670
2.187,1345670
2.188,1345670
2.189,1345670
2.194,1345670
2.195,1345670
2.2,1345670
2.201,1345670
2.204,1345670
2.206,1345670
2.213,1345670
2.217,1345670
2.219,1345670
2.22,1345670
2.222,1345670
2.225,1345670
2.225,1345670
2.228,1345670
2.229,1345670
2.231,1345670
2.233,1345670
2.236,1345670
2.241,1345670
2.242,1345670
2.242,1345670
2.247,1345670
2.247,1345670
2.251,1345670
2.255,1345670
2.256,1345670
2.257,1345670
2.259,1345670
2.274,1345670
2.275,1345670
2.28,1345670
2.281,1345670
2.282,1345670
2.286,1345670
2.29,1345670
2.291,1345670
2.295,1345670
2.296,1345670
2.301,1345670
2.304,1345670
2.308,1345670
2.309,1345670
2.309,1345670
2.313,1345670
2.315,1345670
2.317,1345670
2.319,1345670
2.32,1345670
2.324,1345670
2.33,1345670
2.33,1345670
2.334,1345670
2.334,1345670
2.335,1345670
2.337,1345670
2.345,1345670
2.347,1345670
2.347,1345670
2.35,1345670
2.355,1345670
2.358,1345670
2.36,1345670
2.361,1345670
2.363,1345670
2.365,1345670
2.366,1345670
2.367,1345670
2.369,1345670
2.374,1345670
2.374,1345670
2.376,1345670
2.376,1345670
2.378,1345670
2.387,1345670
2.391,1345670
2.393,1345670
2.394,1345670
2.396,1345670
2.401,1345670
2.401,1345670
2.405,1345670
2.41,1345670
2.414,1345670
2.414,1345670
2.415,1345670
2.417,1345670
2.419,1345670
2.423,1345670
2.424,1345670
2.425,1345670
2.43,1345670
2.432,1345670
2.434,1345670
2.434,1345670
2.435,1345670
2.437,1345670
2.441,1345670
2.442,1345670
2.443,1345670
2.443,1345670
2.447,1345670
2.452,1345670
2.452,1345670
2.453,1345670
2.455,1345670
2.462,1345670
2.463,1345670
2.465,1345670
2.467,1345670
2.468,1345670
2.468,1345670
2.468,1345670
2.473,1345670
2.473,1345670
2.474,1345670
2.478,1345670
2.485,1345670
2.487,1345670
2.487,1345670
2.488,1345670
2.49,1345670
2.493,1345670
2.496,1345670
2.497,1345670
2.498,1345670
2.499,1345670
2.51,1345670
2.511,1345670
2.513,1345670
2.514,1345670
2.516,1345670
2.517,1345670
2.517,1345670
2.518,1345670
2.519,1345670
2.524,1345670
2.528,1345670
2.53,1345670
2.53,1345670
2.531,1345670
2.531,1345670
2.533,1345670
2.537,1345670
2.539,1345670
2.546,1345670
2.548,1345670
2.549,1345670
2.55,1345670
2.55,1345670
2.551,1345670
2.551,1345670
2.558,1345670
2.561,1345670
2.561,1345670
2.562,1345670
2.563,1345670
2.563,1345670
2.566,1345670
2.577,1345670
2.577,1345670
2.579,1345670
2.58,1345670
2.581,1345670
2.584,1345670
2.591,1345670
2.592,1345670
2.596,1345670
2.596,1345670
2.6,1345670
2.601,1345670
2.609,1345670
2.611,1345670
2.614,1345670
2.615,1345670
2.619,1345670
2.623,1345670
2.623,1345670
2.625,1345670
2.625,1345670
2.632,1345670
2.633,1345670
2.634,1345670
2.636,1345670
2.641,1345670
2.642,1345670
2.642,1345670
2.646,1345670
2.647,1345670
2.651,1345670
2.652,1345670
2.655,1345670
2.656,1345670
2.657,1345670
2.659,1345670
2.66,1345670
2.662,1345670
2.662,1345670
2.663,1345670
2.665,1345670
2.667,1345670
2.673,1345670
2.677,1345670
2.679,1345670
2.68,1345670
2.68,1345670
2.682,1345670
2.685,1345670
2.685,1345670
2.686,1345670
2.688,1345670
2.691,1345670
2.692,1345670
2.692,1345670
2.698,1345670
2.698,1345670
2.699,1345670
2.7,1345670
2.701,1345670
2.703,1345670
2.705,1345670
2.705,1345670
2.706,1345670
2.707,1345670
2.708,1345670
2.708,1345670
2.711,1345670
2.711,1345670
2.712,1345670
2.714,1345670
2.716,1345670
2.72,1345670
2.721,1345670
2.723,1345670
2.727,1345670
2.728,1345670
2.73,1345670
2.731,1345670
2.736,1345670
2.747,1345670
2.747,1345670
2.748,1345670
2.755,1345670
2.755,1345670
2.758,1345670
2.759,1345670
2.76,1345670
2.767,1345670
2.772,1345670
2.772,1345670
2.773,1345670
2.775,1345670
2.776,1345670
2.778,1345670
2.781,1345670
2.782,1345670
2.786,1345670
2.786,1345670
2.787,1345670
2.788,1345670
2.788,1345670
2.788,1345670
2.798,1345670
2.803,1345670
2.806,1345670
2.808,1345670
2.809,1345670
2.811,1345670
2.811,1345670
2.811,1345670
2.813,1345670
2.815,1345670
2.816,1345670
2.816,1345670
2.817,1345670
2.818,1345670
2.819,1345670
2.82,1345670
2.823,1345670
2.826,1345670
2.827,1345670
2.828,1345670
2.831,1345670
2.837,1345670
2.838,1345670
2.839,1345670
2.839,1345670
2.844,1345670
2.847,1345670
2.847,1345670
2.848,1345670
2.849,1345670
2.849,1345670
2.851,1345670
2.86,1345670
2.86,1345670
2.861,1345670
2.863,1345670
2.865,1345670
2.866,1345670
2.867,1345670
2.868,1345670
2.869,1345670
2.869,1345670
2.874,1345670
2.874,1345670
2.877,1345670
2.881,1345670
2.887,1345670
2.888,1345670
2.889,1345670
2.889,1345670
2.89,1345670
2.891,1345670
2.898,1345670
2.899,1345670
2.902,1345670
2.902,1345670
2.903,1345670
2.904,1345670
2.905,1345670
2.905,1345670
2.907,1345670
2.908,1345670
2.908,1345670
2.909,1345670
2.91,1345670
2.912,1345670
2.913,1345670
2.917,1345670
2.919,1345670
2.922,1345670
2.923,1345670
2.925,1345670
2.926,1345670
2.927,1345670
2.931,1345670
2.933,1345670
2.937,1345670
2.938,1345670
2.941,1345670
2.943,1345670
2.945,1345670
2.951,1345670
2.956,1345670
2.96,1345670
2.961,1345670
2.964,1345670
2.966,1345670
2.968,1345670
2.971,1345670
2.973,1345670
2.975,1345670
2.977,1345670
2.978,1345670
2.98,1345670
2.981,1345670
2.981,1345670
2.982,1345670
2.982,1345670
2.985,1345670
2.988,1345670
2.993,1345670
2.994,1345670
2.995,1345670
2.996,1345670
2.997,1345670
2.998,1345670
2.999,1345670
3,1345670
3.001,1345670
3.004,1345670
3.005,1345670
3.006,1345670
3.007,1345670
3.021,1345670
3.023,1345670
3.026,1345670
3.027,1345670
3.03,1345670
3.032,1345670
3.032,1345670
3.033,1345670
3.034,1345670
3.035,1345670
3.035,1345670
3.035,1345670
3.043,1345670
3.043,1345670
3.044,1345670
3.047,1345670
3.051,1345670
3.051,1345670
3.054,1345670
3.061,1345670
3.062,1345670
3.062,1345670
3.063,1345670
3.063,1345670
3.065,1345670
3.068,1345670
3.069,1345670
3.072,1345670
3.075,1345670
3.085,1345670
3.094,1345670
3.094,1345670
3.095,1345670
3.097,1345670
3.097,1345670
3.099,1345670
3.1,1345670
3.103,1345670
3.106,1345670
3.107,1345670
3.111,1345670
3.112,1345670
3.115,1345670
3.116,1345670
3.116,1345670
3.118,1345670
3.119,1345670
3.123,1345670
3.124,1345670
3.124,1345670
3.134,1345670
3.135,1345670
3.139,1345670
3.143,1345670
3.143,1345670
3.143,1345670
3.146,1345670
3.15,1345670
3.155,1345670
3.155,1345670
3.159,1345670
3.16,1345670
3.161,1345670
3.161,1345670
3.163,1345670
3.164,1345670
3.164,1345670
3.166,1345670
3.166,1345670
3.17,1345670
3.171,1345670
3.173,1345670
3.173,1345670
3.174,1345670
3.178,1345670
3.179,1345670
3.18,1345670
3.182,1345670
3.185,1345670
3.2,1345670
3.2,1345670
3.204,1345670
3.206,1345670
3.208,1345670
3.211,1345670
3.214,1345670
3.214,1345670
3.215,1345670
3.219,1345670
3.219,1345670
3.223,1345670
3.223,1345670
3.225,1345670
3.225,1345670
3.23,1345670
3.23,1345670
3.231,1345670
3.235,1345670
3.236,1345670
3.237,1345670
3.238,1345670
3.241,1345670
3.241,1345670
3.244,1345670
3.253,1345670
3.255,1345670
3.259,1345670
3.26,1345670
3.262,1345670
3.263,1345670
3.263,1345670
3.265,1345670
3.265,1345670
3.266,1345670
3.28,1345670
3.28,1345670
3.282,1345670
3.288,1345670
3.295,1345670
3.299,1345670
3.301,1345670
3.301,1345670
3.301,1345670
3.302,1345670
3.302,1345670
3.306,1345670
3.308,1345670
3.309,1345670
3.311,1345670
3.32,1345670
3.32,1345670
3.323,1345670
3.325,1345670
3.325,1345670
3.327,1345670
3.33,1345670
3.334,1345670
3.335,1345670
3.336,1345670
3.338,1345670
3.339,1345670
3.34,1345670
3.342,1345670
3.343,1345670
3.344,1345670
3.345,1345670
3.352,1345670
3.361,1345670
3.367,1345670
3.369,1345670
3.371,1345670
3.372,1345670
3.372,1345670
3.374,1345670
3.376,1345670
3.387,1345670
3.387,1345670
3.388,1345670
3.391,1345670
3.4,1345670
3.405,1345670
3.405,1345670
3.407,1345670
3.41,1345670
3.41,1345670
3.411,1345670
3.418,1345670
3.419,1345670
3.419,1345670
3.423,1345670
3.429,1345670
3.429,1345670
3.43,1345670
3.431,1345670
3.433,1345670
3.433,1345670
3.433,1345670
3.434,1345670
3.439,1345670
3.439,1345670
3.44,1345670
3.442,1345670
3.443,1345670
3.444,1345670
3.449,1345670
3.449,1345670
3.452,1345670
3.457,1345670
3.458,1345670
3.461,1345670
3.462,1345670
3.465,1345670
3.47,1345670
3.474,1345670
3.476,1345670
3.477,1345670
3.479,1345670
3.482,1345670
3.493,1345670
3.494,1345670
3.509,1345670
3.511,1345670
3.513,1345670
3.513,1345670
3.519,1345670
3.52,1345670
3.526,1345670
3.527,1345670
3.528,1345670
3.532,1345670
3.537,1345670
3.54,1345670
3.541,1345670
3.545,1345670
3.547,1345670
3.549,1345670
3.553,1345670
3.559,1345670
3.56,1345670
3.561,1345670
3.562,1345670
3.563,1345670
3.571,1345670
3.574,1345670
3.58,1345670
3.582,1345670
3.584,1345670
3.587,1345670
3.587,1345670
3.587,1345670
3.59,1345670
3.594,1345670
3.595,1345670
3.603,1345670
3.605,1345670
3.608,1345670
3.611,1345670
3.621,1345670
3.621,1345670
3.625,1345670
3.626,1345670
3.626,1345670
3.631,1345670
3.631,1345670
3.636,1345670
3.639,1345670
3.639,1345670
3.645,1345670
3.646,1345670
3.647,1345670
3.647,1345670
3.649,1345670
3.65,1345670
3.652,1345670
3.653,1345670
3.654,1345670
3.654,1345670
3.656,1345670
3.657,1345670
3.66,1345670
3.663,1345670
3.664,1345670
3.665,1345670
3.672,1345670
3.674,1345670
3.675,1345670
3.676,1345670
3.678,1345670
3.678,1345670
3.68,1345670
3.682,1345670
3.685,1345670
3.688,1345670
3.689,1345670
3.69,1345670
3.692,1345670
3.693,1345670
3.702,1345670
3.707,1345670
3.709,1345670
3.71,1345670
3.71,1345670
3.714,1345670
3.714,1345670
3.718,1345670
3.719,1345670
3.72,1345670
3.721,1345670
3.723,1345670
3.724,1345670
3.725,1345670
3.726,1345670
3.728,1345670
3.728,1345670
3.73,1345670
3.732,1345670
3.744,1345670
3.747,1345670
3.75,1345670
3.758,1345670
3.758,1345670
3.761,1345670
3.763,1345670
3.764,1345670
3.765,1345670
3.766,1345670
3.774,1345670
3.778,1345670
3.78,1345670
3.782,1345670
3.783,1345670
3.784,1345670
3.788,1345670
3.789,1345670
3.79,1345670
3.795,1345670
3.796,1345670
3.799,1345670
3.8,1345670
3.806,1345670
3.806,1345670
3.806,1345670
3.811,1345670
3.811,1345670
3.812,1345670
3.813,1345670
3.814,1345670
3.814,1345670
3.817,1345670
3.817,1345670
3.82,1345670
3.825,1345670
3.827,1345670
3.827,1345670
3.834,1345670
3.836,1345670
3.836,1345670
3.844,1345670
3.845,1345670
3.846,1345670
3.848,1345670
3.848,1345670
3.853,1345670
3.862,1345670
3.865,1345670
3.867,1345670
3.87,1345670
3.87,1345670
3.872,1345670
3.873,1345670
3.877,1345670
3.877,1345670
3.879,1345670
3.886,1345670
3.887,1345670
3.888,1345670
3.891,1345670
3.896,1345670
3.911,1345670
3.912,1345670
3.918,1345670
3.919,1345670
3.921,1345670
3.927,1345670
3.928,1345670
3.929,1345670
3.936,1345670
3.943,1345670
3.948,1345670
3.949,1345670
3.951,1345670
3.952,1345670
3.958,1345670
3.96,1345670
3.96,1345670
3.965,1345670
3.97,1345670
3.971,1345670
3.971,1345670
3.973,1345670
3.974,1345670
3.974,1345670
3.977,1345670
3.977,1345670
3.981,1345670
3.982,1345670
3.983,1345670
3.983,1345670
3.985,1345670
3.986,1345670
3.987,1345670
3.989,1345670
3.992,1345670
3.995,1345670
3.996,1345670
3.999,1345670
4.005,1345670
4.012,1345670
4.013,1345670
4.014,1345670
4.016,1345670
4.016,1345670
4.02,1345670
4.022,1345670
4.024,1345670
4.029,1345670
4.029,1345670
4.031,1345670
4.033,1345670
4.035,1345670
4.036,1345670
4.042,1345670
4.045,1345670
4.048,1345670
4.049,1345670
4.05,1345670
4.051,1345670
4.052,1345670
4.059,1345670
4.06,1345670
4.061,1345670
4.061,1345670
4.062,1345670
4.069,1345670
4.08,1345670
4.084,1345670
4.085,1345670
4.088,1345670
4.089,1345670
4.09,1345670
4.092,1345670
4.092,1345670
4.096,1345670
4.097,1345670
4.098,1345670
4.099,1345670
4.1,1345670
4.103,1345670
4.103,1345670
4.105,1345670
4.106,1345670
4.115,1345670
4.116,1345670
4.12,1345670
4.121,1345670
4.123,1345670
4.124,1345670
4.126,1345670
4.127,1345670
4.127,1345670
4.129,1345670
4.134,1345670
4.137,1345670
4.138,1345670
4.138,1345670
4.143,1345670
4.145,1345670
4.146,1345670
4.147,1345670
4.15,1345670
4.152,1345670
4.153,1345670
4.155,1345670
4.16,1345670
4.168,1345670
4.17,1345670
4.173,1345670
4.173,1345670
4.177,1345670
4.178,1345670
4.181,1345670
4.183,1345670
4.188,1345670
4.189,1345670
4.189,1345670
4.19,1345670
4.191,1345670
4.192,1345670
4.193,1345670
4.194,1345670
4.198,1345670
4.2,1345670
4.202,1345670
4.204,1345670
4.205,1345670
4.208,1345670
4.212,1345670
4.212,1345670
4.214,1345670
4.216,1345670
4.216,1345670
4.217,1345670
4.221,1345670
4.222,1345670
4.228,1345670
4.228,1345670
4.229,1345670
4.232,1345670
4.233,1345670
4.236,1345670
4.24,1345670
4.241,1345670
4.241,1345670
4.242,1345670
4.246,1345670
4.249,1345670
4.251,1345670
4.255,1345670
4.257,1345670
4.262,1345670
4.263,1345670
4.263,1345670
4.267,1345670
4.268,1345670
4.273,1345670
4.286,1345670
4.287,1345670
4.291,1345670
4.299,1345670
4.303,1345670
4.304,1345670
4.305,1345670
4.306,1345670
4.307,1345670
4.313,1345670
4.314,1345670
4.32,1345670
4.323,1345670
4.325,1345670
4.326,1345670
4.329,1345670
4.333,1345670
4.339,1345670
4.34,1345670
4.341,1345670
4.342,1345670
4.346,1345670
4.352,1345670
4.352,1345670
4.36,1345670
4.364,1345670
4.368,1345670
4.371,1345670
4.372,1345670
4.374,1345670
4.377,1345670
4.383,1345670
4.384,1345670
4.385,1345670
4.386,1345670
4.388,1345670
4.389,1345670
4.395,1345670
4.397,1345670
4.399,1345670
4.4,1345670
4.408,1345670
4.41,1345670
4.411,1345670
4.411,1345670
4.412,1345670
4.415,1345670
4.416,1345670
4.416,1345670
4.419,1345670
4.421,1345670
4.423,1345670
4.424,1345670
4.425,1345670
4.429,1345670
4.431,1345670
4.432,1345670
4.432,1345670
4.434,1345670
4.436,1345670
4.439,1345670
4.439,1345670
4.44,1345670
4.447,1345670
4.447,1345670
4.451,1345670
4.452,1345670
4.453,1345670
4.458,1345670
4.461,1345670
4.465,1345670
4.465,1345670
4.47,1345670
4.47,1345670
4.471,1345670
4.471,1345670
4.471,1345670
4.475,1345670
4.475,1345670
4.484,1345670
4.494,1345670
4.502,1345670
4.503,1345670
4.504,1345670
4.504,1345670
4.506,1345670
4.51,1345670
4.514,1345670
4.516,1345670
4.532,1345670
4.535,1345670
4.535,1345670
4.535,1345670
4.536,1345670
4.536,1345670
4.538,1345670
4.539,1345670
4.55,1345670
4.551,1345670
4.551,1345670
4.553,1345670
4.553,1345670
4.554,1345670
4.56,1345670
4.562,1345670
4.565,1345670
4.573,1345670
4.574,1345670
4.574,1345670
4.576,1345670
4.577,1345670
4.577,1345670
4.579,1345670
4.58,1345670
4.583,1345670
4.587,1345670
4.594,1345670
4.595,1345670
4.597,1345670
4.598,1345670
4.602,1345670
4.603,1345670
4.604,1345670
4.604,1345670
4.605,1345670
4.606,1345670
4.62,1345670
4.621,1345670
4.622,1345670
4.623,1345670
4.624,1345670
4.625,1345670
4.626,1345670
4.634,1345670
4.635,1345670
4.637,1345670
4.639,1345670
4.642,1345670
4.644,1345670
4.646,1345670
4.648,1345670
4.649,1345670
4.651,1345670
4.652,1345670
4.653,1345670
4.655,1345670
4.655,1345670
4.657,1345670
4.659,1345670
4.662,1345670
4.665,1345670
4.666,1345670
4.667,1345670
4.673,1345670
4.675,1345670
4.676,1345670
4.676,1345670
4.681,1345670
4.683,1345670
4.685,1345670
4.693,1345670
4.703,1345670
4.705,1345670
4.708,1345670
4.709,1345670
4.716,1345670
4.718,1345670
4.719,1345670
4.72,1345670
4.722,1345670
4.724,1345670
4.728,1345670
4.731,1345670
4.732,1345670
4.735,1345670
4.74,1345670
4.74,1345670
4.742,1345670
4.743,1345670
4.745,1345670
4.747,1345670
4.749,1345670
4.749,1345670
4.75,1345670
4.75,1345670
4.751,1345670
4.756,1345670
4.758,1345670
4.759,1345670
4.76,1345670
4.764,1345670
4.766,1345670
4.77,1345670
4.77,1345670
4.777,1345670
4.789,1345670
4.79,1345670
4.793,1345670
4.793,1345670
4.793,1345670
4.794,1345670
4.797,1345670
4.802,1345670
4.811,1345670
4.812,1345670
4.816,1345670
4.818,1345670
4.818,1345670
4.827,1345670
4.829,1345670
4.833,1345670
4.836,1345670
4.836,1345670
4.836,1345670
4.838,1345670
4.839,1345670
4.842,1345670
4.844,1345670
4.844,1345670
4.846,1345670
4.846,1345670
4.851,1345670
4.853,1345670
4.854,1345670
4.855,1345670
4.86,1345670
4.867,1345670
4.87,1345670
4.871,1345670
4.879,1345670
4.882,1345670
4.883,1345670
4.884,1345670
4.892,1345670
4.899,1345670
4.901,1345670
4.905,1345670
4.908,1345670
4.909,1345670
4.916,1345670
4.918,1345670
4.923,1345670
4.923,1345670
4.926,1345670
4.926,1345670
4.929,1345670
4.93,1345670
4.93,1345670
4.943,1345670
4.947,1345670
4.948,1345670
4.953,1345670
4.958,1345670
4.96,1345670
4.962,1345670
4.964,1345670
4.965,1345670
4.968,1345670
4.969,1345670
4.973,1345670
4.974,1345670
4.978,1345670
4.985,1345670
4.985,1345670
4.987,1345670
4.989,1345670
4.989,1345670
4.991,1345670
4.993,1345670
4.997,1345670
5.002,1345670
5.003,1345670
5.004,1345670
5.005,1345670
5.008,1345670
5.009,1345670
5.01,1345670
5.017,1345670
5.018,1345670
5.019,1345670
5.022,1345670
5.029,1345670
5.03,1345670
5.03,1345670
5.031,1345670
5.035,1345670
5.037,1345670
5.037,1345670
5.041,1345670
5.05,1345670
5.053,1345670
5.054,1345670
5.063,1345670
5.065,1345670
5.065,1345670
5.066,1345670
5.067,1345670
5.068,1345670
5.069,1345670
5.069,1345670
5.075,1345670
5.075,1345670
5.076,1345670
5.081,1345670
5.082,1345670
5.083,1345670
5.083,1345670
5.086,1345670
5.088,1345670
5.093,1345670
5.093,1345670
5.096,1345670
5.101,1345670
5.101,1345670
5.105,1345670
5.106,1345670
5.111,1345670
5.111,1345670
5.112,1345670
5.116,1345670
5.12,1345670
5.12,1345670
5.121,1345670
5.127,1345670
5.128,1345670
5.128,1345670
5.13,1345670
5.133,1345670
5.135,1345670
5.138,1345670
5.145,1345670
5.148,1345670
5.153,1345670
5.153,1345670
5.157,1345670
5.158,1345670
5.169,1345670
5.172,1345670
5.172,1345670
5.173,1345670
5.177,1345670
5.18,1345670
5.18,1345670
5.186,1345670
5.186,1345670
5.189,1345670
5.189,1345670
5.193,1345670
5.194,1345670
5.197,1345670
5.198,1345670
5.2,1345670
5.202,1345670
5.202,1345670
5.207,1345670
5.211,1345670
5.213,1345670
5.216,1345670
5.217,1345670
5.218,1345670
5.22,1345670
5.22,1345670
5.22,1345670
5.224,1345670
5.233,1345670
5.233,1345670
5.233,1345670
5.234,1345670
5.235,1345670
5.24,1345670
5.24,1345670
5.242,1345670
5.249,1345670
5.252,1345670
5.252,1345670
5.254,1345670
5.255,1345670
5.256,1345670
5.257,1345670
5.261,1345670
5.266,1345670
5.267,1345670
5.268,1345670
5.27,1345670
5.271,1345670
5.271,1345670
5.272,1345670
5.272,1345670
5.274,1345670
5.277,1345670
5.279,1345670
5.279,1345670
5.28,1345670
5.282,1345670
5.284,1345670
5.292,1345670
5.295,1345670
5.295,1345670
5.296,1345670
5.298,1345670
5.3,1345670
5.302,1345670
5.304,1345670
5.304,1345670
5.304,1345670
5.308,1345670
5.309,1345670
5.311,1345670
5.313,1345670
5.316,1345670
5.316,1345670
5.318,1345670
5.325,1345670
5.325,1345670
5.329,1345670
5.334,1345670
5.335,1345670
5.336,1345670
5.339,1345670
5.345,1345670
5.346,1345670
5.347,1345670
5.348,1345670
5.349,1345670
5.35,1345670
5.356,1345670
5.356,1345670
5.358,1345670
5.361,1345670
5.362,1345670
5.366,1345670
5.366,1345670
5.37,1345670
5.373,1345670
5.374,1345670
5.376,1345670
5.378,1345670
5.38,1345670
5.383,1345670
5.385,1345670
5.386,1345670
5.387,1345670
5.389,1345670
5.392,1345670
5.394,1345670
5.394,1345670
5.394,1345670
5.402,1345670
5.403,1345670
5.403,1345670
5.403,1345670
5.404,1345670
5.405,1345670
5.406,1345670
5.409,1345670
5.41,1345670
5.41,1345670
5.412,1345670
5.414,1345670
5.416,1345670
5.416,1345670
5.418,1345670
5.421,1345670
5.422,1345670
5.423,1345670
5.427,1345670
5.428,1345670
5.437,1345670
5.437,1345670
5.439,1345670
5.44,1345670
5.441,1345670
5.443,1345670
5.443,1345670
5.447,1345670
5.448,1345670
5.448,1345670
5.453,1345670
5.457,1345670
5.457,1345670
5.464,1345670
5.465,1345670
5.467,1345670
5.467,1345670
5.471,1345670
5.473,1345670
5.477,1345670
5.487,1345670
5.487,1345670
5.492,1345670
5.494,1345670
5.496,1345670
5.499,1345670
5.506,1345670
5.507,1345670
5.51,1345670
5.523,1345670
5.523,1345670
5.524,1345670
5.526,1345670
5.532,1345670
5.533,1345670
5.534,1345670
5.535,1345670
5.537,1345670
5.538,1345670
5.543,1345670
5.544,1345670
5.545,1345670
5.547,1345670
5.547,1345670
5.547,1345670
5.555,1345670
5.555,1345670
5.558,1345670
5.561,1345670
5.562,1345670
5.565,1345670
5.568,1345670
5.572,1345670
5.585,1345670
5.586,1345670
5.59,1345670
5.59,1345670
5.591,1345670
5.592,1345670
5.593,1345670
5.593,1345670
5.598,1345670
5.599,1345670
5.6,1345670
5.609,1345670
5.61,1345670
5.611,1345670
5.612,1345670
5.616,1345670
5.621,1345670
5.622,1345670
5.622,1345670
5.622,1345670
5.622,1345670
5.625,1345670
5.635,1345670
5.643,1345670
5.645,1345670
5.647,1345670
5.647,1345670
5.653,1345670
5.654,1345670
5.662,1345670
5.667,1345670
5.668,1345670
5.672,1345670
5.675,1345670
5.677,1345670
5.679,1345670
5.683,1345670
5.684,1345670
5.686,1345670
5.69,1345670
5.691,1345670
5.696,1345670
5.698,1345670
5.701,1345670
5.709,1345670
5.715,1345670
5.716,1345670
5.717,1345670
5.718,1345670
5.72,1345670
5.721,1345670
5.722,1345670
5.722,1345670
5.724,1345670
5.728,1345670
5.73,1345670
5.732,1345670
5.733,1345670
5.734,1345670
5.737,1345670
5.737,1345670
5.741,1345670
5.742,1345670
5.742,1345670
5.743,1345670
5.745,1345670
5.748,1345670
5.749,1345670
5.751,1345670
5.752,1345670
5.752,1345670
5.754,1345670
5.755,1345670
5.755,1345670
5.759,1345670
5.761,1345670
5.762,1345670
5.766,1345670
5.766,1345670
5.775,1345670
5.78,1345670
5.784,1345670
5.784,1345670
5.785,1345670
5.793,1345670
5.793,1345670
5.793,1345670
5.794,1345670
5.8,1345670
5.801,1345670
5.806,1345670
5.807,1345670
5.809,1345670
5.81,1345670
5.811,1345670
5.811,1345670
5.813,1345670
5.814,1345670
5.814,1345670
5.814,1345670
5.823,1345670
5.828,1345670
5.83,1345670
5.832,1345670
5.835,1345670
5.836,1345670
5.839,1345670
5.841,1345670
5.842,1345670
5.843,1345670
5.843,1345670
5.844,1345670
5.845,1345670
5.848,1345670
5.849,1345670
5.858,1345670
5.865,1345670
5.871,1345670
5.871,1345670
5.872,1345670
5.873,1345670
5.876,1345670
5.88,1345670
5.88,1345670
5.882,1345670
5.883,1345670
5.885,1345670
5.892,1345670
5.893,1345670
5.896,1345670
5.896,1345670
5.896,1345670
5.899,1345670
5.903,1345670
5.904,1345670
5.908,1345670
5.91,1345670
5.913,1345670
5.914,1345670
5.914,1345670
5.915,1345670
5.916,1345670
5.92,1345670
5.924,1345670
5.925,1345670
5.925,1345670
5.926,1345670
5.933,1345670
5.935,1345670
5.935,1345670
5.938,1345670
5.938,1345670
5.94,1345670
5.942,1345670
5.944,1345670
5.952,1345670
5.953,1345670
5.954,1345670
5.954,1345670
5.957,1345670
5.957,1345670
5.959,1345670
5.966,1345670
5.968,1345670
5.968,1345670
5.969,1345670
5.97,1345670
5.972,1345670
5.973,1345670
5.976,1345670
5.977,1345670
5.982,1345670
5.984,1345670
5.989,1345670
5.989,1345670
5.991,1345670
5.991,1345670
6,1345670
6,1345670
6.005,1345670
6.005,1345670
6.007,1345670
6.008,1345670
6.011,1345670
6.011,1345670
6.017,1345670
6.02,1345670
6.02,1345670
6.022,1345670
6.023,1345670
6.025,1345670
6.027,1345670
6.028,1345670
6.029,1345670
6.03,1345670
6.034,1345670
6.037,1345670
6.04,1345670
6.043,1345670
6.049,1345670
6.049,1345670
6.055,1345670
6.058,1345670
6.068,1345670
6.068,1345670
6.072,1345670
6.074,1345670
6.079,1345670
6.082,1345670
6.082,1345670
6.089,1345670
6.092,1345670
6.095,1345670
6.095,1345670
6.099,1345670
6.101,1345670
6.105,1345670
6.11,1345670
6.111,1345670
6.112,1345670
6.117,1345670
6.12,1345670
6.124,1345670
6.125,1345670
6.125,1345670
6.126,1345670
6.132,1345670
6.132,1345670
6.133,1345670
6.14,1345670
6.142,1345670
6.144,1345670
6.145,1345670
6.148,1345670
6.151,1345670
6.152,1345670
6.159,1345670
6.16,1345670
6.161,1345670
6.162,1345670
6.167,1345670
6.168,1345670
6.177,1345670
6.179,1345670
6.183,1345670
6.188,1345670
6.188,1345670
6.19,1345670
6.19,1345670
6.191,1345670
6.193,1345670
6.196,1345670
6.201,1345670
6.203,1345670
6.205,1345670
6.209,1345670
6.21,1345670
6.219,1345670
6.226,1345670
6.227,1345670
6.228,1345670
6.231,1345670
6.236,1345670
6.237,1345670
6.238,1345670
6.242,1345670
6.245,1345670
6.25,1345670
6.251,1345670
6.251,1345670
6.252,1345670
6.253,1345670
6.254,1345670
6.254,1345670
6.255,1345670
6.259,1345670
6.26,1345670
6.261,1345670
6.262,1345670
6.265,1345670
6.267,1345670
6.268,1345670
6.273,1345670
6.275,1345670
6.276,1345670
6.276,1345670
6.283,1345670
6.284,1345670
6.286,1345670
6.287,1345670
6.291,1345670
6.292,1345670
6.294,1345670
6.299,1345670
6.3,1345670
6.3,1345670
6.311,1345670
6.312,1345670
6.312,1345670
6.314,1345670
6.317,1345670
6.318,1345670
6.319,1345670
6.319,1345670
6.32,1345670
6.321,1345670
6.322,1345670
6.325,1345670
6.327,1345670
6.327,1345670
6.327,1345670
6.328,1345670
6.332,1345670
6.332,1345670
6.333,1345670
6.334,1345670
6.342,1345670
6.343,1345670
6.343,1345670
6.345,1345670
6.347,1345670
6.351,1345670
6.355,1345670
6.356,1345670
6.357,1345670
6.357,1345670
6.363,1345670
6.364,1345670
6.364,1345670
6.365,1345670
6.365,1345670
6.367,1345670
6.369,1345670
6.371,1345670
6.373,1345670
6.375,1345670
6.375,1345670
6.376,1345670
6.379,1345670
6.383,1345670
6.387,1345670
6.389,1345670
6.393,1345670
6.4,1345670
6.401,1345670
6.402,1345670
6.404,1345670
6.406,1345670
6.409,1345670
6.412,1345670
6.415,1345670
6.419,1345670
6.421,1345670
6.422,1345670
6.423,1345670
6.423,1345670
6.424,1345670
6.435,1345670
6.436,1345670
6.443,1345670
6.444,1345670
6.446,1345670
6.447,1345670
6.448,1345670
6.451,1345670
6.451,1345670
6.455,1345670
6.455,1345670
6.458,1345670
6.459,1345670
6.461,1345670
6.463,1345670
6.464,1345670
6.465,1345670
6.467,1345670
6.47,1345670
6.474,1345670
6.475,1345670
6.481,1345670
6.488,1345670
6.492,1345670
6.494,1345670
6.499,1345670
6.504,1345670
6.505,1345670
6.507,1345670
6.507,1345670
6.512,1345670
6.512,1345670
6.516,1345670
6.516,1345670
6.519,1345670
6.52,1345670
6.524,1345670
6.524,1345670
6.524,1345670
6.531,1345670
6.534,1345670
6.536,1345670
6.541,1345670
6.543,1345670
6.547,1345670
6.549,1345670
6.55,1345670
6.551,1345670
6.557,1345670
6.565,1345670
6.569,1345670
6.569,1345670
6.574,1345670
6.574,1345670
6.575,1345670
6.577,1345670
6.582,1345670
6.585,1345670
6.586,1345670
6.59,1345670
6.59,1345670
6.591,1345670
6.591,1345670
6.592,1345670
6.592,1345670
6.596,1345670
6.598,1345670
6.599,1345670
6.6,1345670
6.611,1345670
6.611,1345670
6.612,1345670
6.612,1345670
6.614,1345670
6.616,1345670
6.621,1345670
6.629,1345670
6.63,1345670
6.632,1345670
6.632,1345670
6.634,1345670
6.634,1345670
6.637,1345670
6.637,1345670
6.642,1345670
6.645,1345670
6.645,1345670
6.645,1345670
6.647,1345670
6.651,1345670
6.656,1345670
6.657,1345670
6.658,1345670
6.664,1345670
6.665,1345670
6.666,1345670
6.672,1345670
6.672,1345670
6.672,1345670
6.673,1345670
6.675,1345670
6.676,1345670
6.682,1345670
6.689,1345670
6.704,1345670
6.705,1345670
6.705,1345670
6.707,1345670
6.707,1345670
6.716,1345670
6.73,1345670
6.73,1345670
6.731,1345670
6.739,1345670
6.74,1345670
6.743,1345670
6.748,1345670
6.749,1345670
6.754,1345670
6.761,1345670
6.762,1345670
6.762,1345670
6.762,1345670
6.763,1345670
6.764,1345670
6.766,1345670
6.769,1345670
6.77,1345670
6.77,1345670
6.771,1345670
6.773,1345670
6.775,1345670
6.778,1345670
6.782,1345670
6.789,1345670
6.79,1345670
6.79,1345670
6.792,1345670
6.794,1345670
6.796,1345670
6.797,1345670
6.797,1345670
6.804,1345670
6.805,1345670
6.806,1345670
6.807,1345670
6.807,1345670
6.809,1345670
6.809,1345670
6.81,1345670
6.817,1345670
6.819,1345670
6.822,1345670
6.823,1345670
6.827,1345670
6.829,1345670
6.831,1345670
6.832,1345670
6.836,1345670
6.836,1345670
6.841,1345670
6.842,1345670
6.845,1345670
6.846,1345670
6.849,1345670
6.849,1345670
6.85,1345670
6.85,1345670
6.857,1345670
6.861,1345670
6.864,1345670
6.868,1345670
6.868,1345670
6.87,1345670
6.876,1345670
6.887,1345670
6.89,1345670
6.892,1345670
6.893,1345670
6.897,1345670
6.898,1345670
6.9,1345670
6.901,1345670
6.904,1345670
6.904,1345670
6.907,1345670
6.909,1345670
6.911,1345670
6.915,1345670
6.918,1345670
6.921,1345670
6.926,1345670
6.929,1345670
6.93,1345670
6.932,1345670
6.932,1345670
6.932,1345670
6.933,1345670
6.935,1345670
6.935,1345670
6.936,1345670
6.938,1345670
6.94,1345670
6.954,1345670
6.956,1345670
6.956,1345670
6.958,1345670
6.96,1345670
6.969,1345670
6.973,1345670
6.973,1345670
6.973,1345670
6.974,1345670
6.977,1345670
6.98,1345670
6.981,1345670
6.984,1345670
6.987,1345670
6.989,1345670
6.992,1345670
6.993,1345670
6.996,1345670
6.996,1345670
6.996,1345670
7.004,1345670
7.006,1345670
7.007,1345670
7.009,1345670
7.013,1345670
7.014,1345670
7.016,1345670
7.017,1345670
7.02,1345670
7.022,1345670
7.024,1345670
7.025,1345670
7.029,1345670
7.03,1345670
7.032,1345670
7.038,1345670
7.039,1345670
7.043,1345670
7.043,1345670
7.046,1345670
7.047,1345670
7.05,1345670
7.05,1345670
7.052,1345670
7.066,1345670
7.072,1345670
7.072,1345670
7.081,1345670
7.085,1345670
7.086,1345670
7.088,1345670
7.088,1345670
7.1,1345670
7.101,1345670
7.105,1345670
7.107,1345670
7.108,1345670
7.109,1345670
7.111,1345670
7.118,1345670
7.119,1345670
7.119,1345670
7.121,1345670
7.124,1345670
7.127,1345670
7.128,1345670
7.13,1345670
7.131,1345670
7.133,1345670
7.133,1345670
7.133,1345670
7.135,1345670
7.135,1345670
7.136,1345670
7.136,1345670
7.137,1345670
7.137,1345670
7.149,1345670
7.149,1345670
7.149,1345670
7.15,1345670
7.152,1345670
7.153,1345670
7.155,1345670
7.156,1345670
7.157,1345670
7.157,1345670
7.163,1345670
7.164,1345670
7.168,1345670
7.171,1345670
7.172,1345670
7.176,1345670
7.176,1345670
7.177,1345670
7.178,1345670
7.178,1345670
7.18,1345670
7.183,1345670
7.188,1345670
7.188,1345670
7.191,1345670
7.192,1345670
7.192,1345670
7.193,1345670
7.196,1345670
7.197,1345670
7.199,1345670
7.2,1345670
7.2,1345670
7.202,1345670
7.204,1345670
7.205,1345670
7.207,1345670
7.209,1345670
7.209,1345670
7.211,1345670
7.213,1345670
7.214,1345670
7.216,1345670
7.219,1345670
7.219,1345670
7.222,1345670
7.225,1345670
7.227,1345670
7.227,1345670
7.229,1345670
7.247,1345670
7.247,1345670
7.248,1345670
7.249,1345670
7.256,1345670
7.26,1345670
7.269,1345670
7.275,1345670
7.276,1345670
7.276,1345670
7.278,1345670
7.279,1345670
7.283,1345670
7.283,1345670
7.287,1345670
7.288,1345670
7.288,1345670
7.292,1345670
7.293,1345670
7.294,1345670
7.297,1345670
7.297,1345670
7.309,1345670
7.31,1345670
7.322,1345670
7.324,1345670
7.329,1345670
7.329,1345670
7.33,1345670
7.332,1345670
7.333,1345670
7.336,1345670
7.337,1345670
7.338,1345670
7.338,1345670
7.34,1345670
7.343,1345670
7.343,1345670
7.346,1345670
7.346,1345670
7.349,1345670
7.349,1345670
7.35,1345670
7.352,1345670
7.353,1345670
7.354,1345670
7.356,1345670
7.356,1345670
7.357,1345670
7.358,1345670
7.369,1345670
7.369,1345670
7.376,1345670
7.377,1345670
7.381,1345670
7.381,1345670
7.381,1345670
7.395,1345670
7.397,1345670
7.399,1345670
7.4,1345670
7.402,1345670
7.404,1345670
7.406,1345670
7.41,1345670
7.412,1345670
7.419,1345670
7.42,1345670
7.42,1345670
7.428,1345670
7.431,1345670
7.432,1345670
7.433,1345670
7.441,1345670
7.444,1345670
7.451,1345670
7.455,1345670
7.469,1345670
7.472,1345670
7.472,1345670
7.475,1345670
7.475,1345670
7.478,1345670
7.48,1345670
7.488,1345670
7.488,1345670
7.489,1345670
7.49,1345670
7.49,1345670
7.493,1345670
7.497,1345670
7.499,1345670
7.499,1345670
7.5,1345670
7.504,1345670
7.504,1345670
7.509,1345670
7.512,1345670
7.515,1345670
7.519,1345670
7.523,1345670
7.524,1345670
7.529,1345670
7.531,1345670
7.534,1345670
7.54,1345670
7.541,1345670
7.542,1345670
7.545,1345670
7.546,1345670
7.548,1345670
7.55,1345670
7.551,1345670
7.551,1345670
7.554,1345670
7.559,1345670
7.562,1345670
7.562,1345670
7.564,1345670
7.565,1345670
7.567,1345670
7.571,1345670
7.573,1345670
7.575,1345670
7.576,1345670
7.579,1345670
7.583,1345670
7.586,1345670
7.591,1345670
7.593,1345670
7.595,1345670
7.598,1345670
7.598,1345670
7.601,1345670
7.602,1345670
7.602,1345670
7.604,1345670
7.605,1345670
7.606,1345670
7.606,1345670
7.608,1345670
7.61,1345670
7.612,1345670
7.613,1345670
7.614,1345670
7.619,1345670
7.621,1345670
7.621,1345670
7.623,1345670
7.623,1345670
7.629,1345670
7.63,1345670
7.632,1345670
7.633,1345670
7.637,1345670
7.638,1345670
7.638,1345670
7.639,1345670
7.642,1345670
7.642,1345670
7.644,1345670
7.644,1345670
7.646,1345670
7.648,1345670
7.649,1345670
7.649,1345670
7.65,1345670
7.654,1345670
7.654,1345670
7.655,1345670
7.657,1345670
7.658,1345670
7.66,1345670
7.662,1345670
7.665,1345670
7.671,1345670
7.672,1345670
7.683,1345670
7.688,1345670
7.689,1345670
7.69,1345670
7.691,1345670
7.702,1345670
7.704,1345670
7.705,1345670
7.705,1345670
7.708,1345670
7.709,1345670
7.712,1345670
7.713,1345670
7.716,1345670
7.717,1345670
7.719,1345670
7.721,1345670
7.724,1345670
7.724,1345670
7.728,1345670
7.728,1345670
7.729,1345670
7.73,1345670
7.73,1345670
7.733,1345670
7.734,1345670
7.739,1345670
7.739,1345670
7.74,1345670
7.741,1345670
7.743,1345670
7.743,1345670
7.745,1345670
7.745,1345670
7.746,1345670
7.751,1345670
7.754,1345670
7.756,1345670
7.76,1345670
7.763,1345670
7.765,1345670
7.765,1345670
7.766,1345670
7.768,1345670
7.769,1345670
7.77,1345670
7.77,1345670
7.773,1345670
7.774,1345670
7.775,1345670
7.779,1345670
7.783,1345670
7.784,1345670
7.785,1345670
7.785,1345670
7.789,1345670
7.791,1345670
7.795,1345670
7.798,1345670
7.799,1345670
7.803,1345670
7.805,1345670
7.806,1345670
7.806,1345670
7.808,1345670
7.809,1345670
7.812,1345670
7.814,1345670
7.817,1345670
7.818,1345670
7.821,1345670
7.825,1345670
7.83,1345670
7.832,1345670
7.832,1345670
7.833,1345670
7.836,1345670
7.844,1345670
7.845,1345670
7.846,1345670
7.856,1345670
7.861,1345670
7.862,1345670
7.863,1345670
7.864,1345670
7.87,1345670
7.875,1345670
7.878,1345670
7.879,1345670
7.879,1345670
7.88,1345670
7.882,1345670
7.893,1345670
7.908,1345670
7.919,1345670
7.92,1345670
7.931,1345670
7.94,1345670
7.945,1345670
7.946,1345670
7.948,1345670
7.95,1345670
7.95,1345670
7.95,1345670
7.95,1345670
7.951,1345670
7.954,1345670
7.957,1345670
7.963,1345670
7.963,1345670
7.964,1345670
7.964,1345670
7.964,1345670
7.967,1345670
7.968,1345670
7.971,1345670
7.972,1345670
7.972,1345670
7.977,1345670
7.984,1345670
7.986,1345670
7.989,1345670
7.993,1345670
7.996,1345670
7.997,1345670
7.997,1345670
7.998,1345670
8.002,1345670
8.003,1345670
8.004,1345670
8.006,1345670
8.011,1345670
8.011,1345670
8.012,1345670
8.013,1345670
8.013,1345670
8.014,1345670
8.017,1345670
8.02,1345670
8.021,1345670
8.022,1345670
8.022,1345670
8.024,1345670
8.025,1345670
8.03,1345670
8.033,1345670
8.033,1345670
8.034,1345670
8.035,1345670
8.038,1345670
8.039,1345670
8.043,1345670
8.043,1345670
8.044,1345670
8.047,1345670
8.05,1345670
8.05,1345670
8.053,1345670
8.054,1345670
8.057,1345670
8.058,1345670
8.061,1345670
8.064,1345670
8.065,1345670
8.066,1345670
8.069,1345670
8.074,1345670
8.076,1345670
8.077,1345670
8.077,1345670
8.077,1345670
8.082,1345670
8.086,1345670
8.088,1345670
8.088,1345670
8.091,1345670
8.092,1345670
8.094,1345670
8.095,1345670
8.101,1345670
8.101,1345670
8.105,1345670
8.108,1345670
8.11,1345670
8.112,1345670
8.113,1345670
8.115,1345670
8.115,1345670
8.119,1345670
8.12,1345670
8.12,1345670
8.126,1345670
8.128,1345670
8.131,1345670
8.135,1345670
8.137,1345670
8.14,1345670
8.141,1345670
8.148,1345670
8.15,1345670
8.151,1345670
8.154,1345670
8.159,1345670
8.161,1345670
8.167,1345670
8.17,1345670
8.172,1345670
8.177,1345670
8.187,1345670
8.187,1345670
8.193,1345670
8.194,1345670
8.195,1345670
8.195,1345670
8.204,1345670
8.204,1345670
8.207,1345670
8.217,1345670
8.217,1345670
8.224,1345670
8.224,1345670
8.227,1345670
8.231,1345670
8.232,1345670
8.237,1345670
8.243,1345670
8.245,1345670
8.246,1345670
8.247,1345670
8.248,1345670
8.249,1345670
8.251,1345670
8.253,1345670
8.255,1345670
8.259,1345670
8.259,1345670
8.261,1345670
8.262,1345670
8.263,1345670
8.264,1345670
8.271,1345670
8.271,1345670
8.271,1345670
8.274,1345670
8.278,1345670
8.281,1345670
8.285,1345670
8.286,1345670
8.286,1345670
8.29,1345670
8.296,1345670
8.299,1345670
8.301,1345670
8.302,1345670
8.305,1345670
8.308,1345670
8.312,1345670
8.312,1345670
8.315,1345670
8.315,1345670
8.316,1345670
8.318,1345670
8.321,1345670
8.321,1345670
8.323,1345670
8.323,1345670
8.325,1345670
8.328,1345670
8.334,1345670
8.339,1345670
8.343,1345670
8.344,1345670
8.361,1345670
8.362,1345670
8.366,1345670
8.367,1345670
8.369,1345670
8.369,1345670
8.369,1345670
8.373,1345670
8.379,1345670
8.38,1345670
8.38,1345670
8.384,1345670
8.386,1345670
8.387,1345670
8.397,1345670
8.399,1345670
8.403,1345670
8.407,1345670
8.408,1345670
8.409,1345670
8.412,1345670
8.416,1345670
8.417,1345670
8.418,1345670
8.424,1345670
8.425,1345670
8.432,1345670
8.435,1345670
8.435,1345670
8.437,1345670
8.437,1345670
8.442,1345670
8.444,1345670
8.448,1345670
8.449,1345670
8.453,1345670
8.457,1345670
8.458,1345670
8.459,1345670
8.46,1345670
8.461,1345670
8.462,1345670
8.463,1345670
8.464,1345670
8.464,1345670
8.465,1345670
8.465,1345670
8.472,1345670
8.473,1345670
8.473,1345670
8.479,1345670
8.479,1345670
8.482,1345670
8.482,1345670
8.484,1345670
8.485,1345670
8.49,1345670
8.495,1345670
8.498,1345670
8.499,1345670
8.502,1345670
8.503,1345670
8.503,1345670
8.506,1345670
8.507,1345670
8.509,1345670
8.51,1345670
8.511,1345670
8.515,1345670
8.516,1345670
8.516,1345670
8.517,1345670
8.518,1345670
8.523,1345670
8.523,1345670
8.523,1345670
8.524,1345670
8.526,1345670
8.526,1345670
8.529,1345670
8.531,1345670
8.532,1345670
8.538,1345670
8.539,1345670
8.54,1345670
8.541,1345670
8.542,1345670
8.549,1345670
8.549,1345670
8.55,1345670
8.55,1345670
8.558,1345670
8.559,1345670
8.56,1345670
8.56,1345670
8.565,1345670
8.565,1345670
8.567,1345670
8.568,1345670
8.571,1345670
8.571,1345670
8.571,1345670
8.577,1345670
8.586,1345670
8.587,1345670
8.592,1345670
8.594,1345670
8.597,1345670
8.597,1345670
8.598,1345670
8.602,1345670
8.603,1345670
8.604,1345670
8.604,1345670
8.604,1345670
8.611,1345670
8.617,1345670
8.621,1345670
8.623,1345670
8.627,1345670
8.629,1345670
8.63,1345670
8.633,1345670
8.636,1345670
8.636,1345670
8.64,1345670
8.641,1345670
8.649,1345670
8.649,1345670
8.651,1345670
8.658,1345670
8.659,1345670
8.663,1345670
8.666,1345670
8.667,1345670
8.667,1345670
8.669,1345670
8.674,1345670
8.676,1345670
8.677,1345670
8.682,1345670
8.683,1345670
8.683,1345670
8.685,1345670
8.689,1345670
8.691,1345670
8.695,1345670
8.695,1345670
8.695,1345670
8.697,1345670
8.697,1345670
8.698,1345670
8.698,1345670
8.7,1345670
8.702,1345670
8.702,1345670
8.702,1345670
8.705,1345670
8.705,1345670
8.707,1345670
8.71,1345670
8.717,1345670
8.718,1345670
8.719,1345670
8.722,1345670
8.723,1345670
8.723,1345670
8.725,1345670
8.731,1345670
8.732,1345670
8.733,1345670
8.737,1345670
8.746,1345670
8.75,1345670
8.754,1345670
8.754,1345670
8.756,1345670
8.76,1345670
8.76,1345670
8.769,1345670
8.769,1345670
8.77,1345670
8.778,1345670
8.778,1345670
8.779,1345670
8.779,1345670
8.78,1345670
8.784,1345670
8.789,1345670
8.791,1345670
8.791,1345670
8.793,1345670
8.795,1345670
8.796,1345670
8.8,1345670
8.8,1345670
8.804,1345670
8.804,1345670
8.808,1345670
8.81,1345670
8.814,1345670
8.815,1345670
8.825,1345670
8.826,1345670
8.828,1345670
8.829,1345670
8.833,1345670
8.836,1345670
8.838,1345670
8.839,1345670
8.842,1345670
8.843,1345670
8.844,1345670
8.849,1345670
8.85,1345670
8.85,1345670
8.858,1345670
8.859,1345670
8.859,1345670
8.864,1345670
8.871,1345670
8.871,1345670
8.872,1345670
8.875,1345670
8.884,1345670
8.885,1345670
8.885,1345670
8.887,1345670
8.895,1345670
8.896,1345670
8.896,1345670
8.897,1345670
8.897,1345670
8.9,1345670
8.901,1345670
8.901,1345670
8.908,1345670
8.912,1345670
8.912,1345670
8.914,1345670
8.916,1345670
8.918,1345670
8.92,1345670
8.922,1345670
8.925,1345670
8.927,1345670
8.93,1345670
8.932,1345670
8.935,1345670
8.935,1345670
8.938,1345670
8.939,1345670
8.939,1345670
8.94,1345670
8.941,1345670
8.942,1345670
8.944,1345670
8.945,1345670
8.947,1345670
8.947,1345670
8.948,1345670
8.952,1345670
8.954,1345670
8.955,1345670
8.955,1345670
8.956,1345670
8.963,1345670
8.975,1345670
8.977,1345670
8.981,1345670
8.982,1345670
8.985,1345670
8.991,1345670
8.999,1345670
8.999,1345670
9.001,1345670
9.005,1345670
9.009,1345670
9.01,1345670
9.01,1345670
9.01,1345670
9.012,1345670
9.012,1345670
9.014,1345670
9.017,1345670
9.019,1345670
9.023,1345670
9.03,1345670
9.034,1345670
9.039,1345670
9.043,1345670
9.045,1345670
9.048,1345670
9.049,1345670
9.053,1345670
9.054,1345670
9.057,1345670
9.058,1345670
9.065,1345670
9.065,1345670
9.069,1345670
9.069,1345670
9.075,1345670
9.075,1345670
9.076,1345670
9.077,1345670
9.077,1345670
9.078,1345670
9.082,1345670
9.082,1345670
9.083,1345670
9.083,1345670
9.085,1345670
9.095,1345670
9.095,1345670
9.096,1345670
9.097,1345670
9.097,1345670
9.098,1345670
9.103,1345670
9.104,1345670
9.104,1345670
9.107,1345670
9.107,1345670
9.108,1345670
9.108,1345670
9.112,1345670
9.112,1345670
9.113,1345670
9.116,1345670
9.118,1345670
9.124,1345670
9.125,1345670
9.127,1345670
9.129,1345670
9.131,1345670
9.133,1345670
9.137,1345670
9.143,1345670
9.145,1345670
9.145,1345670
9.148,1345670
9.149,1345670
9.151,1345670
9.151,1345670
9.151,1345670
9.154,1345670
9.157,1345670
9.159,1345670
9.161,1345670
9.163,1345670
9.163,1345670
9.164,1345670
9.165,1345670
9.169,1345670
9.17,1345670
9.17,1345670
9.172,1345670
9.173,1345670
9.173,1345670
9.174,1345670
9.178,1345670
9.18,1345670
9.18,1345670
9.18,1345670
9.18,1345670
9.184,1345670
9.186,1345670
9.186,1345670
9.186,1345670
9.186,1345670
9.188,1345670
9.19,1345670
9.19,1345670
9.194,1345670
9.203,1345670
9.203,1345670
9.204,1345670
9.204,1345670
9.204,1345670
9.206,1345670
9.206,1345670
9.208,1345670
9.208,1345670
9.211,1345670
9.212,1345670
9.213,1345670
9.215,1345670
9.217,1345670
9.221,1345670
9.222,1345670
9.228,1345670
9.234,1345670
9.243,1345670
9.244,1345670
9.249,1345670
9.25,1345670
9.251,1345670
9.256,1345670
9.258,1345670
9.261,1345670
9.262,1345670
9.263,1345670
9.271,1345670
9.275,1345670
9.28,1345670
9.281,1345670
9.281,1345670
9.282,1345670
9.287,1345670
9.288,1345670
9.288,1345670
9.292,1345670
9.293,1345670
9.294,1345670
9.298,1345670
9.298,1345670
9.304,1345670
9.306,1345670
9.308,1345670
9.309,1345670
9.31,1345670
9.313,1345670
9.313,1345670
9.32,1345670
9.321,1345670
9.322,1345670
9.323,1345670
9.323,1345670
9.327,1345670
9.327,1345670
9.328,1345670
9.333,1345670
9.341,1345670
9.344,1345670
9.346,1345670
9.346,1345670
9.353,1345670
9.354,1345670
9.361,1345670
9.361,1345670
9.366,1345670
9.366,1345670
9.367,1345670
9.368,1345670
9.369,1345670
9.37,1345670
9.37,1345670
9.371,1345670
9.372,1345670
9.373,1345670
9.378,1345670
9.379,1345670
9.38,1345670
9.38,1345670
9.385,1345670
9.386,1345670
9.386,1345670
9.393,1345670
9.397,1345670
9.398,1345670
9.398,1345670
9.399,1345670
9.4,1345670
9.4,1345670
9.406,1345670
9.408,1345670
9.41,1345670
9.411,1345670
9.411,1345670
9.411,1345670
9.414,1345670
9.416,1345670
9.417,1345670
9.419,1345670
9.42,1345670
9.423,1345670
9.427,1345670
9.436,1345670
9.441,1345670
9.442,1345670
9.442,1345670
9.442,1345670
9.442,1345670
9.443,1345670
9.444,1345670
9.445,1345670
9.446,1345670
9.447,1345670
9.447,1345670
9.452,1345670
9.453,1345670
9.453,1345670
9.456,1345670
9.461,1345670
9.461,1345670
9.464,1345670
9.467,1345670
9.468,1345670
9.468,1345670
9.47,1345670
9.473,1345670
9.475,1345670
9.475,1345670
9.475,1345670
9.475,1345670
9.478,1345670
9.48,1345670
9.487,1345670
9.494,1345670
9.494,1345670
9.495,1345670
9.497,1345670
9.5,1345670
9.508,1345670
9.508,1345670
9.52,1345670
9.528,1345670
9.532,1345670
9.533,1345670
9.533,1345670
9.534,1345670
9.535,1345670
9.538,1345670
9.538,1345670
9.541,1345670
9.552,1345670
9.552,1345670
9.552,1345670
9.557,1345670
9.557,1345670
9.56,1345670
9.563,1345670
9.569,1345670
9.569,1345670
9.572,1345670
9.575,1345670
9.577,1345670
9.581,1345670
9.584,1345670
9.596,1345670
9.598,1345670
9.599,1345670
9.604,1345670
9.607,1345670
9.608,1345670
9.614,1345670
9.617,1345670
9.618,1345670
9.619,1345670
9.619,1345670
9.62,1345670
9.621,1345670
9.623,1345670
9.624,1345670
9.626,1345670
9.629,1345670
9.63,1345670
9.63,1345670
9.631,1345670
9.632,1345670
9.638,1345670
9.64,1345670
9.64,1345670
9.644,1345670
9.651,1345670
9.651,1345670
9.655,1345670
9.655,1345670
9.656,1345670
9.656,1345670
9.659,1345670
9.661,1345670
9.665,1345670
9.666,1345670
9.669,1345670
9.674,1345670
9.675,1345670
9.675,1345670
9.676,1345670
9.678,1345670
9.682,1345670
9.683,1345670
9.683,1345670
9.685,1345670
9.686,1345670
9.693,1345670
9.694,1345670
9.695,1345670
9.696,1345670
9.697,1345670
9.698,1345670
9.7,1345670
9.709,1345670
9.715,1345670
9.715,1345670
9.717,1345670
9.724,1345670
9.724,1345670
9.725,1345670
9.726,1345670
9.73,1345670
9.734,1345670
9.735,1345670
9.738,1345670
9.739,1345670
9.74,1345670
9.741,1345670
9.743,1345670
9.744,1345670
9.746,1345670
9.747,1345670
9.748,1345670
9.749,1345670
9.751,1345670
9.759,1345670
9.761,1345670
9.762,1345670
9.764,1345670
9.769,1345670
9.77,1345670
9.773,1345670
9.775,1345670
9.775,1345670
9.777,1345670
9.778,1345670
9.785,1345670
9.785,1345670
9.787,1345670
9.788,1345670
9.791,1345670
9.793,1345670
9.793,1345670
9.794,1345670
9.796,1345670
9.802,1345670
9.807,1345670
9.81,1345670
9.81,1345670
9.814,1345670
9.818,1345670
9.824,1345670
9.833,1345670
9.834,1345670
9.837,1345670
9.837,1345670
9.839,1345670
9.841,1345670
9.842,1345670
9.842,1345670
9.843,1345670
9.844,1345670
9.851,1345670
9.855,1345670
9.857,1345670
9.858,1345670
9.859,1345670
9.86,1345670
9.862,1345670
9.864,1345670
9.869,1345670
9.87,1345670
9.872,1345670
9.872,1345670
9.873,1345670
9.879,1345670
9.88,1345670
9.881,1345670
9.882,1345670
9.887,1345670
9.887,1345670
9.889,1345670
9.89,1345670
9.891,1345670
9.893,1345670
9.895,1345670
9.895,1345670
9.896,1345670
9.897,1345670
9.899,1345670
9.9,1345670
9.9,1345670
9.902,1345670
9.92,1345670
9.921,1345670
9.924,1345670
9.925,1345670
9.927,1345670
9.931,1345670
9.933,1345670
9.935,1345670
9.935,1345670
9.941,1345670
9.942,1345670
9.945,1345670
9.947,1345670
9.948,1345670
9.952,1345670
9.953,1345670
9.953,1345670
9.958,1345670
9.958,1345670
9.959,1345670
9.962,1345670
9.963,1345670
9.965,1345670
9.966,1345670
9.967,1345670
9.967,1345670
9.97,1345670
9.97,1345670
9.971,1345670
9.972,1345670
9.979,1345670
9.98,1345670
9.982,1345670
9.987,1345670
9.992,1345670
9.994,1345670
9.995,1345670
9.998,1345670
9.998,1345670
