0.005000,1431074
0.006000,1430602
0.006000,1429877
0.006000,1428554
0.006000,1411933
0.007000,1403771
0.007000,1399364
0.007000,1398348
0.008000,1397541
0.008000,1397475
0.008000,1394723
0.008000,1373089
0.009000,1372575
0.009000,1371309
0.009000,1368855
0.010000,1368357
0.010000,1342222
0.010000,1339237
0.011000,1338988
0.011000,1275492
0.012000,1275393
0.024000,1271228
0.024000,1270465
0.024000,1268889
0.025000,1268748
0.042000,1266060
0.043000,1264737
0.043000,1264313
0.043000,1263687
0.044000,1256771
0.044000,1253173
0.044000,1252457
0.044000,1232102
0.045000,1232090
0.045000,1231836
0.045000,1231599
0.046000,1231203
0.046000,1230997
0.051000,1216108
0.051000,1210102
0.051000,1209865
0.052000,1209387
0.052000,1205646
0.052000,1203680
0.053000,1203553
0.053000,1201806
0.053000,1201325
0.053000,1199749
0.054000,1196791
0.054000,1196536
0.054000,1196141
0.055000,1195334
0.372000,1195064
0.373000,1194912
0.373000,1194516
0.374000,1193553
0.419000,1185283
0.419000,1182298
0.419000,1182049
0.419000,1181450
0.420000,1181351
0.551000,1181065
0.552000,1180466
2.655000,1180038
4.701000,1179595
72.881000,1179048
