0.000000,1474168
0.000000,1469761
0.000000,1468954
0.000000,1468716
0.000000,1467992
0.000000,1451371
0.000000,1448939
0.000000,1448466
0.000000,1448386
0.000000,1447062
0.000000,1442169
0.000000,1441788
0.000000,1440772
0.000000,1440320
0.000000,1433886
0.000000,1424511
0.016000,1379231
0.016000,1375994
0.016000,1375739
0.016000,1375343
0.016000,1310411
0.016000,1279750
0.031000,1278426
0.031000,1277945
0.031000,1276208
0.031000,1275732
0.031000,1275714
0.031000,1220002
0.031000,1219861
0.031000,1218147
0.047000,1214355
0.047000,1214149
0.063000,1203752
0.063000,1203610
0.063000,1202894
0.063000,1202658
0.078000,1202451
0.250000,1199221
0.250000,1183246
0.250000,1182647
0.250000,1181493
0.484000,1181462
1.453000,1180895
1.453000,1180689
1.953000,1180396
3.749000,1180038
34.272000,1179978
42.708000,1179953
48.753000,1179916
48.753000,1179710
117.192000,1179595
146.269000,1179536
