0.010000,164272
0.010000,162544
0.010000,162246
0.010000,161574
0.010000,160777
0.010000,160524
0.010000,159663
0.010000,159464
0.010000,159048
0.010000,155399
0.010000,155372
0.010000,155289
0.010000,155031
0.010000,153851
0.060000,153592
0.060000,153210
0.060000,153037
0.060000,149286
0.060000,148625
0.060000,148129
0.060000,147476
0.080000,146402
0.080000,146247
0.120000,146097
0.120000,146038
0.120000,143183
0.120000,142369
0.120000,142066
0.120000,141804
0.220000,141225
0.220000,140709
0.220000,139891
0.220000,139821
0.220000,139365
0.220000,139199
0.220000,138613
0.690000,138308
2.696000,138181
3.757000,138136
3.757000,137759
3.757000,137753
3.757000,137626
4.508000,137073
4.508000,136476
4.518000,135930
71.600000,135688
71.600000,135661
201.344000,135378
248.832000,134838
248.832000,134525
343.824000,134271
585.514000,133086
