0.000000,163365
0.000000,162989
0.000000,162541
0.000000,162442
0.000000,162380
0.000000,162276
0.000000,162228
0.000000,161519
0.000000,158586
0.000000,157930
0.000000,157710
0.000000,157413
0.000000,156294
0.000000,156038
0.000000,155966
0.000000,155409
0.000000,154873
0.010000,154770
0.010000,154481
0.010000,151115
0.010000,151100
0.010000,151052
0.010000,151045
0.010000,150919
0.010000,149854
0.010000,148664
0.010000,148378
0.010000,148270
0.010000,147417
0.010000,147242
0.010000,146978
0.020000,145843
0.020000,145578
0.020000,145309
0.020000,144996
0.020000,144874
0.020000,144851
0.020000,144141
0.020000,142246
0.020000,140510
0.030000,140455
0.030000,140284
0.030000,139806
0.030000,138907
0.461000,138904
0.461000,138543
1.615000,137338
10.714000,137001
11.074000,136904
14.037000,135930
69.533000,135773
69.533000,134635
155.361000,134484
474.316000,134271
