0.018,690163
0.018,687314
0.018,685505
0.018,685505
0.018,679131
0.018,678683
0.018,669459
0.019,669333
0.019,667971
0.019,667142
0.019,667003
0.019,653265
0.019,650733
0.019,647655
0.02,647599
0.02,643320
0.02,641088
0.02,640813
0.02,640757
0.02,640067
0.02,638835
0.021,634471
0.021,631611
0.021,630303
0.021,629106
0.021,629002
0.021,623573
0.021,621567
0.021,614305
0.021,609991
0.022,608880
0.022,608880
0.022,608310
0.022,607017
0.022,607017
0.022,604152
0.022,601685
0.022,591811
0.022,591549
0.023,591058
0.023,591058
0.023,584399
0.024,583319
0.024,579786
0.025,579441
0.025,578632
0.025,577590
0.025,574331
0.025,572981
0.025,571501
0.026,569977
0.026,569691
0.026,568444
0.026,566352
0.026,559374
0.027,559193
0.027,559193
0.027,559193
0.027,558544
0.027,557613
0.027,555004
0.028,555004
0.028,553114
0.028,552386
0.028,550308
0.028,545177
0.028,543201
0.028,539550
0.028,537094
0.029,536536
0.029,534455
0.029,529170
0.029,527383
0.03,526541
0.03,526000
0.03,510368
0.031,509184
0.031,508810
0.031,506131
0.031,504883
0.032,504856
0.032,496262
0.033,496172
0.033,495992
0.033,493952
0.033,489222
0.033,488463
0.034,482673
0.034,482283
0.034,481563
0.034,473373
0.035,471273
0.035,468246
0.035,467632
0.035,466579
0.035,465649
0.035,464959
0.036,460251
0.036,457277
0.036,457277
0.036,457277
0.036,454374
0.036,452677
0.036,450673
0.037,446978
0.037,446978
0.037,444706
0.038,443119
0.038,440289
0.038,440289
0.038,436476
0.039,434522
0.039,431864
0.039,431391
0.039,431391
0.039,430712
0.04,430671
0.04,430658
0.04,429819
0.04,429291
0.04,428739
0.04,425880
0.04,423962
0.04,423210
0.041,418676
0.041,417200
0.041,416089
0.042,413943
0.042,413822
0.042,412579
0.043,408139
0.043,405062
0.044,402311
0.045,402199
0.045,402126
0.045,400412
0.047,398237
0.047,395953
0.048,395953
0.048,395738
0.048,395225
0.049,394430
0.049,393881
0.049,393407
0.049,391865
0.049,389892
0.05,389321
0.05,386048
0.051,381564
0.051,379994
0.051,379343
0.051,375584
0.051,373467
0.052,373141
0.053,370536
0.054,370536
0.054,368939
0.054,368436
0.054,364546
0.055,357702
0.055,357671
0.055,357250
0.056,354363
0.056,353551
0.056,353305
0.056,353305
0.056,352995
0.057,349896
0.057,347631
0.058,346473
0.058,345554
0.058,345554
0.058,345144
0.058,343752
0.059,343200
0.059,341421
0.059,341194
0.059,341194
0.06,340960
0.06,337387
0.06,336780
0.06,335354
0.061,334321
0.061,334321
0.061,333214
0.063,333191
0.063,332977
0.063,332762
0.064,328616
0.064,327355
0.064,327355
0.065,324922
0.065,321398
0.065,321116
0.065,319865
0.066,319600
0.067,317133
0.067,315802
0.067,315501
0.068,315179
0.068,314643
0.068,313817
0.068,310237
0.069,310237
0.069,310237
0.069,310237
0.07,309082
0.07,307855
0.071,305099
0.071,303436
0.071,303436
0.071,302615
0.072,302215
0.072,300132
0.073,300132
0.073,299408
0.073,299408
0.074,298598
0.074,298382
0.076,298382
0.077,298382
0.079,298382
0.08,296454
0.081,296405
0.081,296405
0.081,295567
0.081,293163
0.083,293151
0.083,292552
0.084,292227
0.084,292227
0.085,292199
0.085,290909
0.085,290234
0.085,289097
0.086,288990
0.086,288990
0.086,288990
0.087,286865
0.087,286258
0.088,285802
0.089,285531
0.089,285531
0.09,285531
0.09,284821
0.091,280890
0.094,280519
0.095,279695
0.096,279695
0.097,277997
0.098,277681
0.098,277460
0.098,276774
0.099,276727
0.101,276727
0.101,275086
0.101,274914
0.102,271640
0.103,271640
0.103,271640
0.103,271640
0.104,271596
0.106,271103
0.106,270759
0.106,270639
0.107,270639
0.107,270215
0.11,267165
0.111,266896
0.111,265585
0.112,264717
0.112,261995
0.112,261542
0.113,261542
0.113,260504
0.113,260350
0.114,259118
0.116,259118
0.117,255237
0.117,253409
0.118,253305
0.118,253129
0.118,252703
0.119,252686
0.12,252686
0.121,252686
0.124,252413
0.124,251535
0.124,250460
0.125,250460
0.126,249224
0.128,249205
0.128,247498
0.128,246356
0.129,245769
0.129,245769
0.13,244630
0.132,244630
0.133,243990
0.134,241614
0.135,240050
0.135,240050
0.137,239702
0.137,239702
0.138,239702
0.141,239512
0.142,239512
0.143,239512
0.143,239512
0.145,239171
0.146,235598
0.147,235598
0.149,235598
0.149,235598
0.151,235598
0.154,235184
0.155,235184
0.155,235184
0.155,235184
0.156,235184
0.158,235184
0.162,235184
0.163,235085
0.165,234288
0.165,234288
0.165,232618
0.165,231520
0.166,231520
0.17,231520
0.17,230813
0.174,230813
0.174,230813
0.175,229971
0.176,229971
0.176,229864
0.177,228636
0.179,228636
0.18,228032
0.18,227671
0.18,213138
0.181,212289
0.181,211548
0.183,211211
0.185,210874
0.187,210874
0.187,210874
0.188,210725
0.188,210725
0.189,210725
0.19,210725
0.192,210086
0.192,210086
0.193,210086
0.193,210086
0.194,210086
0.194,209834
0.195,209834
0.196,209834
0.196,209297
0.198,208828
0.198,208828
0.2,207713
0.202,205636
0.204,205636
0.206,205610
0.206,205068
0.209,205068
0.21,205068
0.211,204102
0.219,204102
0.219,203922
0.219,203922
0.221,203922
0.221,203922
0.221,203258
0.222,203258
0.224,203091
0.225,203091
0.227,203091
0.227,200288
0.228,200288
0.228,200288
0.229,200284
0.23,199836
0.231,199830
0.233,199830
0.234,199771
0.234,199771
0.236,198125
0.238,198125
0.238,198125
0.238,198125
0.24,196566
0.24,196537
0.242,196537
0.244,196537
0.246,196537
0.249,196537
0.25,196537
0.25,195708
0.252,194628
0.254,194628
0.254,194628
0.255,193327
0.255,193327
0.256,192694
0.258,192694
0.261,192694
0.261,192694
0.264,190493
0.264,190493
0.264,190493
0.265,190493
0.267,190493
0.267,190493
0.268,190413
0.269,190140
0.27,188918
0.27,188918
0.272,188918
0.273,187669
0.274,187669
0.274,187669
0.275,187669
0.277,187157
0.277,186704
0.281,184458
0.281,184458
0.282,184458
0.283,184458
0.286,184458
0.291,184458
0.294,184458
0.295,184458
0.296,183911
0.296,183911
0.296,183911
0.296,183911
0.298,183911
0.3,183066
0.303,182794
0.304,182444
0.305,181628
0.306,181628
0.308,181109
0.311,181109
0.311,181001
0.311,181001
0.312,181001
0.313,180449
0.315,180449
0.319,180449
0.319,179896
0.32,179840
0.321,178647
0.323,178647
0.325,178225
0.328,178225
0.33,178225
0.331,178202
0.331,178026
0.332,176795
0.333,176795
0.334,176795
0.336,176795
0.339,175761
0.341,175761
0.342,175761
0.342,174192
0.346,174192
0.346,174192
0.349,174192
0.355,174192
0.357,173835
0.357,173835
0.359,173499
0.361,173499
0.362,173499
0.362,173499
0.365,173180
0.365,173180
0.367,173180
0.368,172128
0.369,172128
0.369,171591
0.372,171591
0.376,171591
0.377,171591
0.377,171591
0.377,171591
0.379,171591
0.38,171591
0.382,171128
0.387,171120
0.388,171051
0.391,171051
0.391,171051
0.393,171051
0.395,170008
0.395,170008
0.395,170008
0.396,169895
0.397,169895
0.397,169895
0.398,169895
0.398,169895
0.4,169895
0.403,169774
0.403,169774
0.404,169722
0.404,169328
0.407,169328
0.407,168065
0.408,168065
0.412,168065
0.412,168065
0.413,168065
0.414,168065
0.414,168065
0.419,168065
0.423,168065
0.423,168065
0.425,168065
0.425,167837
0.425,167837
0.425,167837
0.426,167512
0.429,167512
0.43,167512
0.43,167512
0.432,167512
0.433,167512
0.434,167512
0.436,166895
0.436,166895
0.437,166449
0.439,166449
0.439,166449
0.44,166449
0.447,166449
0.447,166449
0.449,166449
0.449,166449
0.453,166449
0.456,166449
0.457,166449
0.458,166449
0.458,166449
0.46,166449
0.46,166331
0.461,166331
0.463,166331
0.464,166331
0.467,166331
0.468,165756
0.469,165756
0.471,165576
0.476,165576
0.477,165576
0.477,165576
0.479,165576
0.479,165576
0.481,165576
0.483,165576
0.484,165576
0.485,165576
0.486,165576
0.49,165576
0.49,165576
0.491,165576
0.494,165576
0.499,165576
0.5,165576
0.503,165576
0.505,165576
0.505,163431
0.506,163431
0.507,163431
0.507,163431
0.51,163431
0.51,163431
0.512,163243
0.514,162729
0.514,162287
0.514,162182
0.515,162182
0.515,162182
0.516,162182
0.519,161129
0.52,161129
0.52,158760
0.522,158702
0.523,158702
0.524,158702
0.526,158475
0.533,158475
0.533,158475
0.535,158475
0.537,158475
0.543,158475
0.544,158475
0.545,158475
0.546,158277
0.547,158277
0.552,158277
0.555,158277
0.555,158277
0.555,158277
0.555,158238
0.558,158238
0.571,158238
0.576,158238
0.581,158238
0.582,158238
0.584,158238
0.584,158238
0.584,158238
0.585,158238
0.586,158238
0.59,158238
0.591,158238
0.592,157844
0.595,157844
0.599,157844
0.601,157844
0.602,157844
0.603,157844
0.604,157844
0.604,157844
0.606,157844
0.607,157844
0.61,157844
0.613,157844
0.615,157844
0.617,157844
0.622,157844
0.622,157844
0.624,157844
0.625,157844
0.625,157844
0.625,157281
0.627,157281
0.63,157281
0.637,157281
0.637,157281
0.637,157281
0.638,157281
0.639,157281
0.641,156929
0.641,156929
0.642,155593
0.642,155593
0.644,155593
0.646,155593
0.646,154699
0.647,154699
0.648,154699
0.649,154699
0.65,154605
0.651,154605
0.652,154605
0.653,154605
0.654,154605
0.655,154187
0.656,154187
0.661,154187
0.663,153083
0.667,152570
0.667,152570
0.669,152570
0.685,152570
0.688,151472
0.69,151472
0.691,151472
0.692,151472
0.693,151472
0.695,151472
0.696,151472
0.697,151472
0.698,151472
0.698,151472
0.698,151472
0.699,151145
0.699,151145
0.701,151145
0.703,151145
0.708,150924
0.709,150924
0.709,150421
0.712,150421
0.712,150421
0.714,150421
0.717,150421
0.721,150421
0.721,150421
0.723,150421
0.73,150421
0.732,150421
0.734,150421
0.734,150421
0.74,150421
0.741,150421
0.741,150421
0.741,150331
0.744,150331
0.745,150331
0.745,150331
0.749,150331
0.75,150331
0.754,150331
0.754,150331
0.755,150331
0.758,150331
0.775,150331
0.775,150331
0.78,150331
0.78,150331
0.781,150331
0.784,150331
0.784,150331
0.788,150331
0.792,150331
0.794,150331
0.804,150331
0.804,150331
0.809,150331
0.811,150331
0.812,150331
0.816,150331
0.816,150331
0.817,150331
0.82,150331
0.822,150331
0.822,150331
0.829,150331
0.832,150331
0.84,150331
0.842,150254
0.844,150254
0.846,150254
0.847,150254
0.847,150254
0.848,150254
0.848,150254
0.855,149554
0.861,149554
0.861,149211
0.861,149211
0.862,148006
0.865,148006
0.867,148006
0.867,148006
0.871,148006
0.873,148006
0.876,148006
0.876,148006
0.879,148006
0.882,148006
0.883,148006
0.883,147523
0.883,147523
0.884,147523
0.885,147523
0.885,147523
0.886,147523
0.889,147523
0.89,147395
0.892,147395
0.895,147395
0.895,147395
0.896,147395
0.898,147395
0.899,147395
0.902,147395
0.903,147395
0.904,147395
0.905,147395
0.906,147395
0.907,147395
0.908,147395
0.913,147395
0.914,147395
0.917,147395
0.922,147395
0.924,147395
0.925,147395
0.928,147393
0.929,147393
0.931,147393
0.934,147393
0.936,147393
0.937,147393
0.939,147393
0.942,147393
0.946,147393
0.947,147393
0.951,147393
0.952,147393
0.953,147393
0.953,147393
0.959,147393
0.964,147393
0.964,147393
0.969,147393
0.97,147393
0.971,147393
0.973,147393
0.974,147393
0.975,147393
0.977,147393
0.98,147393
0.98,147393
0.982,147393
0.982,147393
0.986,147393
0.989,147393
0.989,147393
0.989,147393
0.993,147393
0.994,147393
1.001,147393
1.008,147393
1.008,147393
1.009,147393
1.009,147393
1.019,147393
1.019,147393
1.028,146631
1.029,146631
1.03,146631
1.03,146631
1.033,146631
1.033,146631
1.038,146631
1.038,146631
1.04,146631
1.04,146631
1.041,146631
1.042,146631
1.051,146631
1.051,146631
1.064,146631
1.068,146631
1.07,146631
1.07,146631
1.072,146631
1.073,146631
1.073,146631
1.074,146631
1.074,146631
1.075,146631
1.076,146631
1.082,146631
1.083,146631
1.083,146631
1.087,144793
1.115,144793
1.12,144793
1.122,144793
1.123,144793
1.124,144793
1.125,144793
1.129,144793
1.131,144793
1.133,144793
1.133,144793
1.134,144793
1.135,144793
1.138,144793
1.139,144793
1.147,144793
1.148,144793
1.148,144793
1.149,144793
1.15,144793
1.153,144793
1.156,144793
1.158,144793
1.159,144793
1.159,144793
1.162,144793
1.17,144793
1.173,144793
1.176,144793
1.177,144793
1.177,144793
1.178,144793
1.178,144793
1.178,144793
1.182,144165
1.183,144165
1.185,144165
1.186,144165
1.188,144165
1.19,144165
1.19,144165
1.194,144165
1.195,144165
1.196,144165
1.201,144165
1.204,144165
1.207,144165
1.207,144165
1.208,144165
1.211,144165
1.213,144165
1.216,144165
1.217,144165
1.218,144165
1.221,144165
1.222,144165
1.223,144165
1.23,144165
1.236,144165
1.237,144165
1.237,144165
1.237,144165
1.24,144165
1.243,144165
1.243,144165
1.251,144165
1.251,144165
1.252,144165
1.255,144165
1.257,144165
1.258,144165
1.258,144165
1.259,144165
1.259,144165
1.261,144165
1.265,144165
1.268,144165
1.269,144165
1.275,144165
1.281,144165
1.281,144165
1.281,144165
1.283,144165
1.291,144165
1.298,144165
1.3,144165
1.302,144165
1.304,144165
1.304,144165
1.307,144165
1.313,144165
1.316,144165
1.317,144165
1.324,144165
1.324,144165
1.325,144165
1.325,144165
1.326,144165
1.332,144027
1.334,144027
1.337,144027
1.34,144027
1.342,144027
1.344,144027
1.345,144027
1.35,144027
1.35,144027
1.351,144027
1.357,144027
1.359,144027
1.36,144027
1.361,144027
1.365,144027
1.367,144027
1.369,144027
1.37,144027
1.37,144027
1.371,144027
1.372,144027
1.375,144027
1.379,144027
1.382,144027
1.385,144027
1.385,144027
1.385,144027
1.389,144027
1.391,144027
1.395,144027
1.401,144027
1.401,144027
1.401,144027
1.401,144027
1.402,144027
1.403,144027
1.408,144027
1.408,144027
1.409,144027
1.41,144027
1.417,144027
1.419,144027
1.422,144027
1.425,144027
1.429,144027
1.433,144027
1.434,144027
1.435,144027
1.435,144027
1.436,144027
1.441,144027
1.441,144027
1.443,144027
1.444,144027
1.445,144027
1.446,144027
1.451,144027
1.452,144027
1.453,144027
1.454,144027
1.455,144027
1.456,144027
1.457,144027
1.458,144027
1.458,144027
1.462,144027
1.464,144027
1.464,144027
1.465,144027
1.466,144027
1.47,144027
1.475,144027
1.475,144027
1.475,144027
1.476,144027
1.476,144027
1.48,144027
1.483,144027
1.483,144027
1.489,144027
1.494,144027
1.499,144027
1.5,144027
1.502,144027
1.503,144027
1.504,144027
1.507,144027
1.51,144027
1.51,144027
1.511,144027
1.512,144027
1.514,144015
1.515,144015
1.517,144015
1.527,144015
1.527,144015
1.53,144015
1.535,144015
1.536,144015
1.54,144015
1.543,144015
1.544,144015
1.547,144015
1.548,144015
1.55,144015
1.55,144015
1.551,144015
1.552,144015
1.553,144015
1.559,144015
1.56,144015
1.575,144015
1.576,144015
1.577,143799
1.578,143799
1.578,143799
1.58,143799
1.581,143799
1.585,143799
1.585,143799
1.586,143799
1.587,143799
1.588,143799
1.59,143799
1.59,143799
1.592,143799
1.596,143799
1.6,143799
1.602,143799
1.604,143799
1.604,143799
1.609,143799
1.61,143799
1.611,143799
1.612,143799
1.617,143799
1.618,143799
1.626,143799
1.629,143799
1.629,143799
1.63,143799
1.634,143799
1.636,143799
1.639,143799
1.641,143799
1.642,143799
1.645,143799
1.657,143799
1.657,143799
1.659,143799
1.659,143799
1.664,143799
1.665,143799
1.666,143799
1.668,143799
1.67,143799
1.671,143799
1.672,143799
1.673,143799
1.675,143799
1.677,143799
1.68,143799
1.696,143799
1.697,143799
1.697,143799
1.698,143799
1.699,143799
1.704,143799
1.707,143799
1.708,143799
1.71,143799
1.713,143799
1.714,143799
1.716,143799
1.718,143799
1.719,143799
1.724,143799
1.726,143799
1.726,143799
1.727,143799
1.727,143799
1.728,143799
1.734,143799
1.735,143799
1.738,143799
1.74,143799
1.74,143799
1.74,143799
1.743,143799
1.745,143799
1.745,143799
1.746,143799
1.747,143799
1.749,143799
1.756,143799
1.758,143799
1.759,143799
1.759,143799
1.759,143799
1.77,143799
1.771,143799
1.774,143799
1.775,143799
1.778,143799
1.779,143799
1.78,143799
1.781,143799
1.782,143799
1.783,143799
1.783,143799
1.784,143799
1.785,143799
1.789,143799
1.791,143799
1.791,143799
1.797,143799
1.799,143799
1.801,143799
1.803,143799
1.811,143799
1.815,143799
1.818,143799
1.823,143799
1.825,143799
1.826,143799
1.826,143799
1.827,143799
1.827,143799
1.835,143799
1.835,143799
1.836,143799
1.837,143799
1.838,143799
1.84,143799
1.845,143799
1.847,143799
1.86,143799
1.862,143799
1.862,143799
1.866,143799
1.868,143799
1.87,143799
1.87,143799
1.872,143799
1.875,143799
1.875,143799
1.875,143799
1.884,143799
1.885,143799
1.888,143799
1.888,143799
1.891,143799
1.892,143799
1.895,143799
1.897,143799
1.897,143799
1.898,143799
1.899,143799
1.901,143799
1.901,143799
1.91,143799
1.913,143799
1.915,143799
1.917,143799
1.918,143799
1.919,143799
1.922,143799
1.924,143799
1.925,143799
1.927,143799
1.927,143799
1.928,143799
1.93,143799
1.931,143799
1.933,143799
1.934,143799
1.934,143799
1.94,143799
1.942,143799
1.948,143799
1.95,143799
1.951,143799
1.955,143799
1.959,143799
1.963,143799
1.964,143799
1.968,143799
1.969,143799
1.976,143799
1.976,143799
1.977,143799
1.978,143799
1.981,143799
1.982,143799
1.982,143799
1.985,143799
1.986,143799
1.986,143799
1.989,143799
1.992,143799
1.992,143799
1.995,143799
2.002,143799
2.002,143799
2.004,143799
2.009,143799
2.009,143799
2.015,143799
2.02,143799
2.022,143799
2.028,143799
2.032,143799
2.032,143799
2.033,143799
2.035,143799
2.04,143799
2.04,143799
2.04,143799
2.042,143799
2.048,143799
2.048,143799
2.05,143799
2.053,143799
2.058,143799
2.06,143799
2.06,143799
2.061,143799
2.065,143799
2.068,143799
2.068,143799
2.071,143799
2.072,143799
2.073,143799
2.076,143799
2.077,143799
2.082,143799
2.082,143799
2.085,143799
2.086,143799
2.09,143799
2.096,143799
2.099,143799
2.1,143799
2.1,143799
2.1,143799
2.107,143799
2.107,143799
2.108,143799
2.114,143799
2.114,143799
2.115,143799
2.116,143799
2.117,143799
2.117,143799
2.118,143799
2.125,143799
2.131,143799
2.134,143799
2.135,143799
2.136,143799
2.138,143799
2.139,143799
2.14,143799
2.14,143799
2.14,143799
2.141,143799
2.142,143799
2.144,143799
2.147,143799
2.148,143799
2.15,143799
2.151,143799
2.157,143799
2.159,143799
2.161,143799
2.163,143799
2.167,143799
2.169,143799
2.175,143799
2.177,143799
2.18,143799
2.18,143799
2.184,143799
2.185,143799
2.187,143799
2.192,143799
2.193,143799
2.194,143799
2.195,143799
2.198,143799
2.2,143799
2.202,143799
2.206,143799
2.207,143799
2.208,143799
2.212,143799
2.221,143799
2.223,143799
2.228,143799
2.233,143799
2.235,143799
2.236,143799
2.237,143799
2.237,143799
2.239,143799
2.24,143799
2.24,143799
2.243,143799
2.244,143799
2.244,143799
2.247,143799
2.252,143799
2.255,143799
2.256,143799
2.257,143799
2.262,143799
2.264,143799
2.266,143799
2.266,143799
2.267,143799
2.269,143799
2.27,143799
2.274,143799
2.274,143799
2.284,143799
2.293,143799
2.294,143799
2.3,143799
2.304,143799
2.304,143799
2.304,143799
2.305,143799
2.306,143799
2.306,143799
2.308,143799
2.308,143799
2.309,143799
2.313,143799
2.316,143799
2.317,143799
2.318,143799
2.322,143799
2.323,143799
2.323,143799
2.326,143799
2.326,143799
2.326,143799
2.333,143799
2.335,143799
2.338,143799
2.341,143799
2.354,143799
2.356,143799
2.359,143799
2.359,143799
2.362,143799
2.362,143799
2.368,143799
2.369,143799
2.37,143799
2.373,143799
2.387,143799
2.391,143799
2.393,143799
2.395,143799
2.395,143799
2.396,143799
2.398,143799
2.4,143799
2.401,143799
2.405,143799
2.409,143799
2.419,143799
2.419,143799
2.419,143799
2.42,143799
2.421,143799
2.423,143799
2.426,143799
2.427,143799
2.428,143799
2.438,143799
2.441,143799
2.441,143799
2.442,143799
2.444,143799
2.445,143799
2.446,143799
2.446,143799
2.448,143799
2.449,143799
2.452,143799
2.457,143799
2.457,143799
2.458,143799
2.459,143799
2.462,143799
2.468,143799
2.47,143799
2.472,143799
2.472,143799
2.473,143799
2.474,143799
2.476,143799
2.477,143799
2.479,143799
2.481,143799
2.481,143799
2.487,143799
2.488,143799
2.488,143799
2.489,143799
2.489,143799
2.49,143799
2.494,143799
2.494,143799
2.497,143799
2.499,143799
2.504,143799
2.506,143799
2.506,143799
2.509,143799
2.511,143799
2.512,143799
2.513,143799
2.513,143799
2.516,143799
2.518,143799
2.519,143799
2.521,143799
2.522,143799
2.523,143799
2.525,143799
2.532,143799
2.532,143799
2.533,143799
2.533,143799
2.534,143799
2.534,143799
2.536,143799
2.541,143799
2.543,143799
2.545,143799
2.546,143799
2.552,143799
2.553,143799
2.558,143799
2.559,143799
2.56,143799
2.562,143799
2.567,143799
2.569,143799
2.57,143799
2.572,143799
2.574,143799
2.575,143799
2.576,143799
2.583,143799
2.584,143799
2.585,143799
2.587,143799
2.587,143799
2.587,143799
2.588,143799
2.596,143799
2.599,143799
2.601,143799
2.602,143799
2.603,143799
2.603,143799
2.604,143799
2.604,143799
2.607,143799
2.61,143799
2.611,143799
2.612,143799
2.613,143799
2.614,143799
2.616,143799
2.617,143799
2.618,143799
2.619,143799
2.62,143799
2.624,143799
2.626,143799
2.626,143799
2.629,143799
2.631,143799
2.631,143799
2.643,143799
2.645,143799
2.646,143799
2.646,143799
2.647,143799
2.651,143799
2.653,143799
2.662,143799
2.673,143799
2.676,143799
2.678,143799
2.679,143799
2.682,143799
2.683,143799
2.684,143799
2.684,143799
2.685,143799
2.688,143799
2.691,143799
2.692,143799
2.692,143799
2.695,143799
2.697,143799
2.706,143799
2.707,143799
2.711,143799
2.72,143799
2.721,143799
2.722,143799
2.724,143799
2.729,143799
2.73,143799
2.732,143799
2.734,143799
2.737,143799
2.738,143799
2.739,143799
2.739,143799
2.74,143799
2.741,143799
2.745,143799
2.746,143799
2.746,143799
2.754,143799
2.762,143799
2.763,143799
2.765,143799
2.765,143799
2.768,143799
2.768,143799
2.769,143799
2.77,143799
2.771,143799
2.772,143799
2.772,143799
2.774,143799
2.774,143799
2.774,143799
2.775,143799
2.775,143799
2.777,143799
2.779,143799
2.78,143799
2.783,143799
2.783,143799
2.783,143799
2.784,143799
2.789,143799
2.79,143799
2.793,143799
2.794,143799
2.794,143799
2.796,143799
2.797,143799
2.797,143799
2.797,143799
2.799,143799
2.799,143799
2.801,143799
2.802,143799
2.804,143799
2.805,143799
2.806,143799
2.807,143799
2.813,143799
2.814,143799
2.815,143799
2.818,143799
2.819,143799
2.82,143799
2.824,143799
2.824,143799
2.825,143799
2.829,143799
2.83,143799
2.834,143799
2.834,143799
2.835,143799
2.837,143799
2.837,143799
2.837,143799
2.839,143799
2.84,143799
2.841,143799
2.842,143799
2.842,143799
2.844,143799
2.846,143799
2.846,143799
2.847,143799
2.848,143799
2.853,143799
2.854,143799
2.855,143799
2.86,143799
2.86,143799
2.861,143799
2.866,143799
2.868,143799
2.868,143799
2.872,143799
2.874,143799
2.877,143799
2.877,143799
2.878,143799
2.883,143799
2.884,143799
2.886,143799
2.888,143799
2.899,143799
2.914,143799
2.917,143799
2.923,143799
2.93,143799
2.931,143799
2.936,143799
2.936,143799
2.939,143799
2.942,143799
2.947,143799
2.947,143799
2.949,143799
2.949,143799
2.953,143799
2.953,143799
2.954,143799
2.956,143799
2.958,143799
2.959,143799
2.966,143799
2.97,143799
2.973,143799
2.975,143799
2.978,143799
2.982,143799
2.985,143799
2.987,143799
2.989,143799
2.99,143799
2.991,143799
2.994,143799
2.995,143799
2.995,143799
2.998,143799
2.998,143799
2.998,143799
3.002,143799
3.003,143799
3.011,143799
3.012,143799
3.014,143799
3.015,143799
3.017,143799
3.018,143799
3.02,143799
3.022,143799
3.023,143799
3.023,143799
3.024,143799
3.024,143799
3.026,143799
3.027,143799
3.029,143799
3.031,143799
3.032,143799
3.033,143799
3.033,143799
3.033,143799
3.034,143799
3.037,143799
3.037,143799
3.044,143799
3.049,143799
3.05,143799
3.053,143799
3.055,143799
3.062,143799
3.066,143799
3.068,143799
3.071,143799
3.074,143799
3.074,143799
3.077,143799
3.082,143799
3.082,143799
3.086,143799
3.091,143799
3.092,143799
3.093,143799
3.099,143799
3.1,143799
3.101,143799
3.103,143799
3.105,143799
3.106,143799
3.106,143799
3.11,143799
3.11,143799
3.11,143799
3.112,143799
3.113,143799
3.116,143799
3.117,143799
3.118,143799
3.118,143799
3.121,143799
3.126,143799
3.127,143799
3.13,143799
3.131,143799
3.132,143799
3.134,143799
3.135,143799
3.136,143799
3.137,143799
3.138,143799
3.141,143799
3.142,143799
3.145,143799
3.152,143799
3.156,143799
3.16,143799
3.162,143799
3.163,143799
3.166,143799
3.169,143799
3.171,143799
3.175,143799
3.183,143799
3.185,143799
3.191,143799
3.193,143799
3.198,143799
3.202,143799
3.203,143799
3.207,143799
3.208,143799
3.209,143799
3.21,143799
3.211,143799
3.212,143799
3.218,143799
3.222,143799
3.224,143799
3.224,143799
3.227,143799
3.228,143799
3.228,143799
3.229,143799
3.232,143799
3.232,143799
3.234,143799
3.24,143799
3.245,143799
3.248,143799
3.254,143799
3.254,143799
3.255,143799
3.258,143799
3.262,143799
3.268,143799
3.269,143799
3.272,143799
3.272,143799
3.272,143799
3.278,143799
3.281,143799
3.281,143799
3.289,143799
3.302,143799
3.305,143799
3.313,143799
3.315,143799
3.315,143799
3.318,143799
3.319,143799
3.32,143799
3.321,143799
3.341,143799
3.35,143799
3.351,143799
3.354,143799
3.355,143799
3.355,143799
3.359,143799
3.36,143799
3.361,143799
3.366,143799
3.366,143799
3.367,143799
3.37,143799
3.372,143799
3.373,143799
3.373,143799
3.375,143799
3.382,143799
3.383,143799
3.388,143799
3.39,143799
3.391,143799
3.392,143799
3.397,143799
3.4,143799
3.4,143799
3.4,143799
3.4,143799
3.401,143799
3.402,143799
3.406,143799
3.41,143799
3.411,143799
3.412,143799
3.413,143799
3.414,143799
3.416,143799
3.419,143799
3.427,143799
3.429,143799
3.433,143799
3.446,143799
3.446,143799
3.446,143799
3.447,143799
3.447,143799
3.45,143799
3.455,143799
3.457,143799
3.468,143799
3.469,143799
3.469,143799
3.48,143799
3.48,143799
3.481,143799
3.482,143799
3.483,143799
3.483,143799
3.486,143799
3.486,143799
3.49,143799
3.49,143799
3.492,143799
3.498,143799
3.5,143799
3.504,143799
3.506,143799
3.51,143799
3.512,143799
3.524,143799
3.532,143799
3.534,143799
3.534,143799
3.536,143799
3.54,143799
3.543,143799
3.545,143799
3.545,143799
3.548,143799
3.549,143799
3.551,143799
3.551,143799
3.552,143799
3.553,143799
3.554,143799
3.559,143799
3.564,143799
3.564,143799
3.574,143799
3.575,143799
3.578,143799
3.579,143799
3.581,143799
3.582,143799
3.585,143799
3.588,143799
3.592,143799
3.598,143799
3.598,143799
3.599,143799
3.6,143799
3.601,143799
3.604,143799
3.611,143799
3.614,143799
3.619,143799
3.62,143799
3.622,143799
3.626,143799
3.628,143799
3.628,143799
3.631,143799
3.634,143799
3.634,143799
3.635,143799
3.639,143799
3.641,143799
3.644,143799
3.646,143799
3.646,143799
3.647,143799
3.648,143799
3.65,143799
3.651,143799
3.652,143799
3.659,143799
3.66,143799
3.665,143799
3.665,143799
3.667,143799
3.674,143799
3.675,143799
3.676,143799
3.69,143799
3.691,143799
3.694,143799
3.698,143799
3.699,143799
3.699,143799
3.7,143799
3.702,143799
3.703,143799
3.705,143799
3.706,143799
3.708,143799
3.711,143799
3.713,143799
3.719,143799
3.72,143799
3.724,143799
3.726,143799
3.727,143799
3.732,143799
3.738,143799
3.738,143799
3.739,143799
3.742,143799
3.743,143799
3.746,143799
3.749,143799
3.752,143799
3.755,143799
3.757,143799
3.759,143799
3.761,143799
3.762,143799
3.762,143799
3.763,143799
3.766,143799
3.769,143799
3.77,143799
3.771,143799
3.772,143799
3.779,143799
3.779,143799
3.782,143799
3.786,143799
3.794,143799
3.796,143799
3.796,143799
3.796,143799
3.801,143799
3.803,143799
3.807,143799
3.808,143799
3.808,143799
3.809,143799
3.811,143799
3.812,143799
3.818,143799
3.818,143799
3.819,143799
3.822,143799
3.824,143799
3.825,143799
3.827,143799
3.828,143799
3.83,143799
3.832,143799
3.836,143799
3.838,143799
3.845,143799
3.846,143799
3.846,143799
3.849,143799
3.851,143799
3.857,143799
3.857,143799
3.862,143799
3.865,143799
3.869,143799
3.871,143799
3.874,143799
3.877,143799
3.88,143799
3.88,143799
3.882,143799
3.882,143799
3.886,143799
3.887,143799
3.887,143799
3.888,143799
3.888,143799
3.89,143799
3.892,143799
3.892,143799
3.894,143799
3.902,143799
3.904,143799
3.905,143799
3.905,143799
3.907,143799
3.909,143799
3.909,143799
3.91,143799
3.91,143799
3.911,143799
3.912,143799
3.917,143799
3.919,143799
3.921,143799
3.922,143799
3.922,143799
3.929,143799
3.935,143799
3.935,143799
3.936,143799
3.937,143799
3.944,143799
3.954,143799
3.959,143799
3.963,143799
3.964,143799
3.964,143799
3.973,143799
3.976,143799
3.976,143799
3.977,143799
3.982,143799
3.983,143799
3.984,143799
3.985,143799
3.986,143799
3.993,143799
3.996,143799
3.999,143799
4,143799
4.001,143799
4.001,143799
4.002,143799
4.004,143799
4.005,143799
4.005,143799
4.011,143799
4.014,143799
4.02,143799
4.02,143799
4.022,143799
4.022,143799
4.025,143799
4.026,143799
4.027,143799
4.029,143799
4.029,143799
4.029,143799
4.034,143799
4.036,143799
4.044,143799
4.045,143799
4.049,143799
4.049,143799
4.05,143799
4.05,143799
4.05,143799
4.051,143799
4.051,143799
4.053,143799
4.053,143799
4.056,143799
4.059,143799
4.067,143799
4.068,143799
4.084,143799
4.085,143799
4.09,143799
4.095,143799
4.095,143799
4.099,143799
4.1,143799
4.103,143799
4.109,143799
4.109,143799
4.112,143799
4.112,143799
4.117,143799
4.121,143799
4.122,143799
4.125,143799
4.125,143799
4.126,143799
4.128,143799
4.13,143799
4.131,143799
4.132,143799
4.134,143799
4.137,143799
4.139,143799
4.15,143799
4.15,143799
4.152,143799
4.152,143799
4.153,143799
4.154,143799
4.163,143799
4.163,143799
4.168,143799
4.168,143799
4.169,143799
4.17,143799
4.172,143799
4.177,143799
4.179,143799
4.184,143799
4.185,143799
4.186,143799
4.186,143799
4.186,143799
4.194,143799
4.195,143799
4.199,143799
4.199,143799
4.202,143799
4.205,143799
4.205,143799
4.207,143799
4.211,143799
4.214,143799
4.214,143799
4.221,143799
4.224,143799
4.225,143799
4.237,143799
4.24,143799
4.242,143799
4.243,143799
4.243,143799
4.244,143799
4.248,143799
4.254,143799
4.256,143799
4.257,143799
4.258,143799
4.259,143799
4.259,143799
4.26,143799
4.26,143799
4.26,143799
4.26,143799
4.263,143799
4.263,143799
4.263,143799
4.263,143799
4.264,143799
4.264,143799
4.266,143799
4.267,143799
4.273,143799
4.273,143799
4.277,143799
4.277,143799
4.277,143799
4.279,143799
4.284,143799
4.284,143799
4.29,143799
4.296,143799
4.298,143799
4.3,143799
4.301,143799
4.301,143799
4.305,143799
4.306,143799
4.311,143799
4.311,143799
4.317,143799
4.317,143799
4.319,143799
4.321,143799
4.323,143799
4.324,143799
4.332,143799
4.334,143799
4.335,143799
4.335,143799
4.337,143799
4.337,143799
4.339,143799
4.341,143799
4.343,143799
4.344,143799
4.346,143799
4.35,143799
4.35,143799
4.351,143799
4.357,143799
4.359,143799
4.36,143799
4.36,143799
4.361,143799
4.363,143799
4.366,143799
4.37,143799
4.371,143799
4.372,143799
4.375,143799
4.379,143799
4.379,143799
4.38,143799
4.381,143799
4.384,143799
4.388,143799
4.388,143799
4.39,143799
4.397,143799
4.398,143799
4.409,143799
4.409,143799
4.413,143799
4.417,143799
4.418,143799
4.421,143799
4.427,143799
4.429,143799
4.433,143799
4.435,143799
4.437,143799
4.439,143799
4.441,143799
4.442,143799
4.443,143799
4.444,143799
4.447,143799
4.448,143799
4.455,143799
4.455,143799
4.457,143799
4.458,143799
4.461,143799
4.464,143799
4.465,143799
4.469,143799
4.469,143799
4.47,143799
4.47,143799
4.471,143799
4.472,143799
4.472,143799
4.473,143799
4.475,143799
4.478,143799
4.48,143799
4.48,143799
4.48,143799
4.485,143799
4.486,143799
4.486,143799
4.486,143799
4.49,143799
4.492,143799
4.495,143799
4.496,143799
4.503,143799
4.507,143799
4.509,143799
4.51,143799
4.52,143799
4.522,143799
4.523,143799
4.524,143799
4.525,143799
4.529,143799
4.534,143799
4.54,143799
4.543,143799
4.547,143799
4.549,143799
4.551,143799
4.555,143799
4.555,143799
4.561,143799
4.561,143799
4.562,143799
4.563,143799
4.564,143799
4.566,143799
4.57,143799
4.57,143799
4.57,143799
4.57,143799
4.572,143799
4.574,143799
4.574,143799
4.577,143799
4.579,143799
4.579,143799
4.581,143799
4.583,143799
4.584,143799
4.588,143799
4.589,143799
4.591,143799
4.593,143799
4.593,143799
4.595,143799
4.597,143799
4.599,143799
4.604,143799
4.604,143799
4.605,143799
4.61,143799
4.613,143799
4.618,143799
4.623,143799
4.63,143799
4.634,143799
4.639,143799
4.642,143799
4.646,143799
4.646,143799
4.648,143799
4.649,143799
4.649,143799
4.656,143799
4.659,143799
4.663,143799
4.663,143799
4.666,143799
4.668,143799
4.668,143799
4.672,143799
4.672,143799
4.674,143799
4.674,143799
4.675,143799
4.676,143799
4.678,143799
4.678,143799
4.682,143799
4.682,143799
4.687,143799
4.688,143799
4.689,143799
4.695,143799
4.696,143799
4.696,143799
4.702,143799
4.704,143799
4.706,143799
4.707,143799
4.708,143799
4.708,143799
4.711,143799
4.711,143799
4.712,143799
4.713,143799
4.713,143799
4.714,143799
4.723,143799
4.724,143799
4.738,143799
4.738,143799
4.74,143799
4.741,143799
4.742,143799
4.745,143799
4.755,143799
4.758,143799
4.76,143799
4.763,143799
4.766,143799
4.766,143799
4.766,143799
4.767,143799
4.768,143799
4.77,143799
4.771,143799
4.774,143799
4.774,143799
4.775,143799
4.778,143799
4.778,143799
4.779,143799
4.783,143799
4.784,143799
4.788,143799
4.791,143799
4.795,143799
4.798,143799
4.801,143799
4.805,143799
4.806,143799
4.806,143799
4.807,143799
4.81,143799
4.81,143799
4.812,143799
4.817,143799
4.818,143799
4.82,143799
4.824,143799
4.835,143799
4.836,143799
4.838,143799
4.838,143799
4.84,143799
4.841,143799
4.847,143799
4.849,143799
4.849,143799
4.855,143799
4.857,143799
4.857,143799
4.859,143799
4.86,143799
4.861,143799
4.861,143799
4.863,143799
4.866,143799
4.87,143799
4.87,143799
4.873,143799
4.875,143799
4.878,143799
4.879,143799
4.882,143799
4.882,143799
4.884,143799
4.884,143799
4.89,143799
4.894,143799
4.895,143799
4.897,143799
4.901,143799
4.907,143799
4.908,143799
4.911,143799
4.914,143799
4.925,143799
4.926,143799
4.926,143799
4.927,143799
4.929,143799
4.93,143799
4.93,143799
4.933,143799
4.946,143799
4.95,143799
4.951,143799
4.952,143799
4.958,143799
4.958,143799
4.958,143799
4.959,143799
4.96,143799
4.96,143799
4.962,143799
4.963,143799
4.964,143799
4.965,143799
4.967,143799
4.968,143799
4.969,143799
4.97,143799
4.972,143799
4.977,143799
4.978,143799
4.978,143799
4.978,143799
4.979,143799
4.979,143799
4.98,143799
4.983,143799
4.985,143799
4.987,143799
4.993,143799
4.993,143799
4.994,143799
4.994,143799
4.998,143799
4.998,143799
4.999,143799
4.999,143799
5.001,143799
5.001,143799
5.003,143799
5.008,143799
5.01,143799
5.01,143799
5.012,143799
5.012,143799
5.014,143799
5.017,143799
5.018,143799
5.02,143799
5.02,143799
5.021,143799
5.026,143799
5.027,143799
5.032,143799
5.032,143799
5.033,143799
5.037,143799
5.039,143799
5.041,143799
5.044,143799
5.046,143799
5.051,143799
5.052,143799
5.053,143799
5.059,143799
5.059,143799
5.06,143799
5.067,143799
5.072,143799
5.081,143799
5.083,143799
5.084,143799
5.084,143799
5.085,143799
5.09,143799
5.095,143799
5.099,143799
5.101,143799
5.101,143799
5.103,143799
5.105,143799
5.107,143799
5.107,143799
5.108,143799
5.109,143799
5.111,143799
5.111,143799
5.113,143799
5.114,143799
5.115,143799
5.116,143799
5.119,143799
5.121,143799
5.131,143799
5.134,143799
5.137,143799
5.139,143799
5.141,143799
5.141,143799
5.146,143799
5.151,143799
5.154,143799
5.157,143799
5.157,143799
5.16,143799
5.161,143799
5.164,143799
5.167,143799
5.171,143799
5.171,143799
5.174,143799
5.178,143799
5.179,143799
5.18,143799
5.182,143799
5.184,143799
5.184,143799
5.184,143799
5.184,143799
5.186,143799
5.186,143799
5.19,143799
5.192,143799
5.192,143799
5.194,143799
5.196,143799
5.198,143799
5.201,143799
5.202,143799
5.203,143799
5.203,143799
5.207,143799
5.207,143799
5.208,143799
5.21,143799
5.212,143799
5.215,143799
5.22,143799
5.221,143799
5.221,143799
5.222,143799
5.227,143799
5.23,143799
5.231,143799
5.231,143799
5.231,143799
5.235,143799
5.237,143799
5.238,143799
5.239,143799
5.24,143799
5.242,143799
5.244,143799
5.246,143799
5.253,143799
5.256,143799
5.26,143799
5.261,143799
5.262,143799
5.263,143799
5.267,143799
5.269,143799
5.27,143799
5.274,143799
5.275,143799
5.276,143799
5.281,143799
5.282,143799
5.283,143799
5.289,143799
5.293,143799
5.294,143799
5.295,143799
5.297,143799
5.302,143799
5.306,143799
5.31,143799
5.313,143799
5.313,143799
5.315,143799
5.317,143799
5.317,143799
5.319,143799
5.327,143799
5.329,143799
5.33,143799
5.33,143799
5.331,143799
5.333,143799
5.334,143799
5.334,143799
5.339,143799
5.339,143799
5.348,143799
5.355,143799
5.355,143799
5.356,143799
5.356,143799
5.36,143799
5.363,143799
5.364,143799
5.367,143799
5.371,143799
5.376,143799
5.377,143799
5.379,143799
5.38,143799
5.382,143799
5.386,143799
5.393,143799
5.393,143799
5.394,143799
5.395,143799
5.399,143799
5.399,143799
5.4,143799
5.403,143799
5.405,143799
5.406,143799
5.407,143799
5.411,143799
5.42,143799
5.422,143799
5.422,143799
5.423,143799
5.432,143799
5.432,143799
5.434,143799
5.437,143799
5.439,143799
5.44,143799
5.443,143799
5.445,143799
5.449,143799
5.449,143799
5.455,143799
5.457,143799
5.457,143799
5.458,143799
5.458,143799
5.458,143799
5.458,143799
5.462,143799
5.463,143799
5.464,143799
5.466,143799
5.471,143799
5.471,143799
5.472,143799
5.473,143799
5.474,143799
5.475,143799
5.477,143799
5.478,143799
5.481,143799
5.483,143799
5.483,143799
5.484,143799
5.485,143799
5.486,143799
5.487,143799
5.487,143799
5.493,143799
5.495,143799
5.499,143799
5.503,143799
5.504,143799
5.505,143799
5.507,143799
5.513,143799
5.514,143799
5.519,143799
5.523,143799
5.524,143799
5.525,143799
5.535,143799
5.535,143799
5.537,143799
5.54,143799
5.542,143799
5.543,143799
5.545,143799
5.546,143799
5.546,143799
5.551,143799
5.554,143799
5.554,143799
5.565,143799
5.566,143799
5.573,143799
5.573,143799
5.576,143799
5.576,143799
5.577,143799
5.579,143799
5.581,143799
5.581,143799
5.582,143799
5.583,143799
5.584,143799
5.592,143799
5.593,143799
5.595,143799
5.6,143799
5.602,143799
5.602,143799
5.603,143799
5.605,143799
5.605,143799
5.608,143799
5.611,143799
5.615,143799
5.618,143799
5.621,143799
5.623,143799
5.624,143799
5.626,143799
5.626,143799
5.628,143799
5.63,143799
5.636,143799
5.636,143799
5.637,143799
5.641,143799
5.642,143799
5.644,143799
5.646,143799
5.651,143799
5.654,143799
5.654,143799
5.666,143799
5.666,143799
5.669,143799
5.67,143799
5.671,143799
5.672,143799
5.673,143799
5.674,143799
5.675,143799
5.678,143799
5.68,143799
5.684,143799
5.686,143799
5.689,143799
5.694,143799
5.695,143799
5.695,143799
5.696,143799
5.7,143799
5.702,143799
5.707,143799
5.707,143799
5.707,143799
5.708,143799
5.714,143799
5.715,143799
5.715,143799
5.715,143799
5.72,143799
5.721,143799
5.722,143799
5.723,143799
5.725,143799
5.726,143799
5.733,143799
5.736,143799
5.739,143799
5.74,143799
5.74,143799
5.74,143799
5.746,143799
5.748,143799
5.749,143799
5.75,143799
5.752,143799
5.752,143799
5.755,143799
5.759,143799
5.759,143799
5.761,143799
5.768,143799
5.768,143799
5.769,143799
5.771,143799
5.775,143799
5.776,143799
5.776,143799
5.779,143799
5.779,143799
5.782,143799
5.783,143799
5.786,143799
5.79,143799
5.792,143799
5.794,143799
5.801,143799
5.804,143799
5.806,143799
5.808,143799
5.813,143799
5.814,143799
5.814,143799
5.815,143799
5.817,143799
5.819,143799
5.819,143799
5.821,143799
5.821,143799
5.822,143799
5.828,143799
5.833,143799
5.835,143799
5.837,143799
5.839,143799
5.84,143799
5.841,143799
5.845,143799
5.847,143799
5.856,143799
5.861,143799
5.861,143799
5.862,143799
5.868,143799
5.872,143799
5.873,143799
5.874,143799
5.875,143799
5.877,143799
5.878,143799
5.879,143799
5.879,143799
5.88,143799
5.884,143799
5.884,143799
5.884,143799
5.885,143799
5.887,143799
5.888,143799
5.889,143799
5.892,143799
5.892,143799
5.893,143799
5.897,143799
5.898,143799
5.899,143799
5.906,143799
5.907,143799
5.908,143799
5.909,143799
5.912,143799
5.916,143799
5.917,143799
5.917,143799
5.925,143799
5.928,143799
5.928,143799
5.93,143799
5.93,143799
5.931,143799
5.934,143799
5.936,143799
5.936,143799
5.939,143799
5.939,143799
5.941,143799
5.942,143799
5.943,143799
5.943,143799
5.946,143799
5.947,143799
5.951,143799
5.953,143799
5.954,143799
5.955,143799
5.957,143799
5.958,143799
5.959,143799
5.96,143799
5.961,143799
5.962,143799
5.965,143799
5.965,143799
5.972,143799
5.972,143799
5.981,143799
5.987,143799
5.987,143799
5.989,143799
5.994,143799
5.994,143799
5.996,143799
5.996,143799
5.997,143799
6.005,143799
6.01,143799
6.015,143799
6.02,143799
6.02,143799
6.023,143799
6.03,143799
6.038,143799
6.039,143799
6.04,143799
6.043,143799
6.047,143799
6.048,143799
6.049,143799
6.052,143799
6.054,143799
6.062,143799
6.062,143799
6.065,143799
6.067,143799
6.068,143799
6.068,143799
6.07,143799
6.071,143799
6.072,143799
6.074,143799
6.078,143799
6.082,143799
6.085,143799
6.091,143799
6.093,143799
6.093,143799
6.1,143799
6.101,143799
6.111,143799
6.114,143799
6.115,143799
6.117,143799
6.118,143799
6.119,143799
6.132,143799
6.135,143799
6.136,143799
6.137,143799
6.139,143799
6.139,143799
6.14,143799
6.142,143799
6.142,143799
6.145,143799
6.146,143799
6.148,143799
6.15,143799
6.152,143799
6.152,143799
6.154,143799
6.157,143799
6.162,143799
6.165,143799
6.174,143799
6.175,143799
6.179,143799
6.182,143799
6.183,143799
6.183,143799
6.183,143799
6.186,143799
6.187,143799
6.189,143799
6.191,143799
6.194,143799
6.197,143799
6.197,143799
6.198,143799
6.199,143799
6.199,143799
6.199,143799
6.206,143799
6.207,143799
6.21,143799
6.214,143799
6.218,143799
6.221,143799
6.222,143799
6.222,143799
6.224,143799
6.227,143799
6.235,143799
6.236,143799
6.236,143799
6.24,143799
6.242,143799
6.246,143799
6.248,143799
6.249,143799
6.25,143799
6.25,143799
6.253,143799
6.256,143799
6.256,143799
6.257,143799
6.26,143799
6.261,143799
6.261,143799
6.27,143799
6.277,143799
6.279,143799
6.279,143799
6.284,143799
6.288,143799
6.295,143799
6.301,143799
6.305,143799
6.306,143799
6.307,143799
6.315,143799
6.315,143799
6.317,143799
6.317,143799
6.317,143799
6.322,143799
6.322,143799
6.324,143799
6.325,143799
6.328,143799
6.331,143799
6.331,143799
6.332,143799
6.334,143799
6.336,143799
6.339,143799
6.341,143799
6.343,143799
6.346,143799
6.352,143799
6.355,143799
6.358,143799
6.36,143799
6.369,143799
6.37,143799
6.371,143799
6.372,143799
6.372,143799
6.373,143799
6.373,143799
6.378,143799
6.379,143799
6.382,143799
6.388,143799
6.389,143799
6.399,143799
6.399,143799
6.401,143799
6.403,143799
6.403,143799
6.408,143799
6.409,143799
6.41,143799
6.411,143799
6.415,143799
6.415,143799
6.419,143799
6.419,143799
6.422,143799
6.426,143799
6.428,143799
6.429,143799
6.435,143799
6.439,143799
6.443,143799
6.449,143799
6.45,143799
6.452,143799
6.454,143799
6.464,143799
6.467,143799
6.469,143799
6.471,143799
6.472,143799
6.473,143799
6.473,143799
6.483,143799
6.484,143799
6.487,143799
6.487,143799
6.487,143799
6.491,143799
6.492,143799
6.495,143799
6.496,143799
6.502,143799
6.503,143799
6.514,143799
6.517,143799
6.518,143799
6.533,143799
6.536,143799
6.538,143799
6.539,143799
6.543,143799
6.547,143799
6.547,143799
6.547,143799
6.548,143799
6.55,143799
6.554,143799
6.561,143799
6.563,143799
6.564,143799
6.564,143799
6.566,143799
6.568,143799
6.568,143799
6.571,143799
6.571,143799
6.576,143799
6.578,143799
6.579,143799
6.588,143799
6.59,143799
6.592,143799
6.594,143799
6.595,143799
6.596,143799
6.598,143799
6.601,143799
6.606,143799
6.606,143799
6.608,143799
6.609,143799
6.609,143799
6.61,143799
6.615,143799
6.615,143799
6.616,143799
6.618,143799
6.622,143799
6.626,143799
6.631,143799
6.643,143799
6.646,143799
6.647,143799
6.648,143799
6.648,143799
6.652,143799
6.657,143799
6.658,143799
6.658,143799
6.662,143799
6.669,143799
6.675,143799
6.675,143799
6.688,143799
6.693,143799
6.696,143799
6.697,143799
6.699,143799
6.7,143799
6.7,143799
6.703,143799
6.708,143799
6.708,143799
6.716,143799
6.718,143799
6.721,143799
6.721,143799
6.727,143799
6.731,143799
6.734,143799
6.736,143799
6.741,143799
6.741,143799
6.747,143799
6.749,143799
6.753,143799
6.754,143799
6.758,143799
6.762,143799
6.773,143799
6.775,143799
6.777,143799
6.778,143799
6.779,143799
6.786,143799
6.788,143799
6.79,143799
6.798,143799
6.804,143799
6.804,143799
6.805,143799
6.805,143799
6.808,143799
6.812,143799
6.813,143799
6.816,143799
6.818,143799
6.819,143799
6.825,143799
6.827,143799
6.833,143799
6.835,143799
6.835,143799
6.835,143799
6.836,143799
6.837,143799
6.837,143799
6.838,143799
6.847,143799
6.848,143799
6.851,143799
6.851,143799
6.852,143799
6.852,143799
6.856,143799
6.859,143799
6.859,143799
6.863,143799
6.865,143799
6.868,143799
6.868,143799
6.872,143799
6.875,143799
6.877,143799
6.882,143799
6.885,143799
6.887,143799
6.889,143799
6.889,143799
6.897,143799
6.897,143799
6.898,143799
6.902,143799
6.906,143799
6.907,143799
6.907,143799
6.909,143799
6.91,143799
6.918,143799
6.92,143799
6.921,143799
6.924,143799
6.927,143799
6.928,143799
6.928,143799
6.929,143799
6.931,143799
6.934,143799
6.935,143799
6.937,143799
6.942,143799
6.943,143799
6.944,143799
6.945,143799
6.946,143799
6.947,143799
6.95,143799
6.95,143799
6.951,143799
6.952,143799
6.952,143799
6.955,143799
6.965,143799
6.966,143799
6.969,143799
6.971,143799
6.972,143799
6.972,143799
6.974,143799
6.975,143799
6.978,143799
6.978,143799
6.979,143799
6.982,143799
6.987,143799
6.988,143799
6.988,143799
6.99,143799
6.991,143799
6.991,143799
6.992,143799
6.999,143799
6.999,143799
7.001,143799
7.002,143799
7.003,143799
7.006,143799
7.006,143799
7.006,143799
7.006,143799
7.007,143799
7.007,143799
7.008,143799
7.009,143799
7.011,143799
7.013,143799
7.016,143799
7.016,143799
7.017,143799
7.018,143799
7.019,143799
7.021,143799
7.026,143799
7.028,143799
7.028,143799
7.03,143799
7.034,143799
7.035,143799
7.037,143799
7.038,143799
7.039,143799
7.041,143799
7.044,143799
7.046,143799
7.05,143799
7.051,143799
7.052,143799
7.053,143799
7.055,143799
7.055,143799
7.056,143799
7.058,143799
7.061,143799
7.062,143799
7.064,143799
7.068,143799
7.07,143799
7.073,143799
7.074,143799
7.075,143799
7.076,143799
7.08,143799
7.08,143799
7.08,143799
7.084,143799
7.084,143799
7.086,143799
7.088,143799
7.089,143799
7.089,143799
7.093,143799
7.093,143799
7.102,143799
7.104,143799
7.104,143799
7.104,143799
7.106,143799
7.106,143799
7.107,143799
7.108,143799
7.11,143799
7.111,143799
7.111,143799
7.115,143799
7.117,143799
7.118,143799
7.119,143799
7.122,143799
7.124,143799
7.124,143799
7.125,143799
7.125,143799
7.126,143799
7.127,143799
7.129,143799
7.131,143799
7.134,143799
7.135,143799
7.135,143799
7.137,143799
7.14,143799
7.144,143799
7.145,143799
7.147,143799
7.15,143799
7.15,143799
7.153,143799
7.157,143799
7.159,143799
7.16,143799
7.164,143799
7.165,143799
7.165,143799
7.168,143799
7.184,143799
7.184,143799
7.188,143799
7.192,143799
7.196,143799
7.198,143799
7.201,143799
7.202,143799
7.202,143799
7.203,143799
7.207,143799
7.208,143799
7.209,143799
7.211,143799
7.213,143799
7.213,143799
7.214,143799
7.22,143799
7.22,143799
7.223,143799
7.231,143799
7.232,143799
7.232,143799
7.235,143799
7.236,143799
7.238,143799
7.245,143799
7.25,143799
7.252,143799
7.252,143799
7.26,143799
7.261,143799
7.264,143799
7.275,143799
7.278,143799
7.278,143799
7.279,143799
7.281,143799
7.281,143799
7.283,143799
7.285,143799
7.294,143799
7.294,143799
7.297,143799
7.297,143799
7.3,143799
7.301,143799
7.306,143799
7.309,143799
7.309,143799
7.31,143799
7.313,143799
7.322,143799
7.324,143799
7.328,143799
7.328,143799
7.329,143799
7.33,143799
7.331,143799
7.334,143799
7.338,143799
7.339,143799
7.341,143799
7.345,143799
7.346,143799
7.346,143799
7.347,143799
7.353,143799
7.354,143799
7.357,143799
7.359,143799
7.36,143799
7.361,143799
7.361,143799
7.362,143799
7.362,143799
7.363,143799
7.364,143799
7.366,143799
7.368,143799
7.377,143799
7.378,143799
7.382,143799
7.382,143799
7.383,143799
7.384,143799
7.384,143799
7.386,143799
7.391,143799
7.394,143799
7.395,143799
7.397,143799
7.399,143799
7.402,143799
7.403,143799
7.405,143799
7.406,143799
7.409,143799
7.409,143799
7.416,143799
7.417,143799
7.423,143799
7.426,143799
7.436,143799
7.438,143799
7.44,143799
7.442,143799
7.448,143799
7.449,143799
7.451,143799
7.454,143799
7.455,143799
7.456,143799
7.457,143799
7.458,143799
7.458,143799
7.465,143799
7.465,143799
7.478,143799
7.479,143799
7.48,143799
7.483,143799
7.484,143799
7.485,143799
7.488,143799
7.489,143799
7.491,143799
7.492,143799
7.493,143799
7.494,143799
7.498,143799
7.5,143799
7.502,143799
7.507,143799
7.508,143799
7.512,143799
7.514,143799
7.518,143799
7.519,143799
7.52,143799
7.52,143799
7.522,143799
7.524,143799
7.524,143799
7.525,143799
7.529,143799
7.529,143799
7.53,143799
7.533,143799
7.534,143799
7.537,143799
7.539,143799
7.541,143799
7.544,143799
7.545,143799
7.547,143799
7.548,143799
7.549,143799
7.549,143799
7.554,143799
7.555,143799
7.555,143799
7.557,143799
7.557,143799
7.564,143799
7.565,143799
7.567,143799
7.57,143799
7.57,143799
7.575,143799
7.578,143799
7.578,143799
7.579,143799
7.584,143799
7.589,143799
7.59,143799
7.591,143799
7.592,143799
7.592,143799
7.595,143799
7.596,143799
7.596,143799
7.598,143799
7.602,143799
7.603,143799
7.606,143799
7.608,143799
7.609,143799
7.612,143799
7.613,143799
7.615,143799
7.618,143799
7.619,143799
7.626,143799
7.626,143799
7.627,143799
7.63,143799
7.632,143799
7.633,143799
7.635,143799
7.639,143799
7.642,143799
7.645,143799
7.645,143799
7.648,143799
7.65,143799
7.65,143799
7.651,143799
7.652,143799
7.655,143799
7.655,143799
7.659,143799
7.66,143799
7.662,143799
7.663,143799
7.67,143799
7.671,143799
7.671,143799
7.672,143799
7.673,143799
7.673,143799
7.675,143799
7.676,143799
7.677,143799
7.681,143799
7.687,143799
7.692,143799
7.699,143799
7.7,143799
7.702,143799
7.705,143799
7.708,143799
7.712,143799
7.712,143799
7.713,143799
7.714,143799
7.716,143799
7.717,143799
7.72,143799
7.725,143799
7.726,143799
7.727,143799
7.729,143799
7.733,143799
7.734,143799
7.735,143799
7.736,143799
7.737,143799
7.737,143799
7.74,143799
7.748,143799
7.751,143799
7.754,143799
7.755,143799
7.755,143799
7.757,143799
7.76,143799
7.771,143799
7.777,143799
7.778,143799
7.778,143799
7.779,143799
7.782,143799
7.782,143799
7.786,143799
7.787,143799
7.787,143799
7.788,143799
7.791,143799
7.792,143799
7.793,143799
7.794,143799
7.798,143799
7.799,143799
7.799,143799
7.8,143799
7.801,143799
7.801,143799
7.802,143799
7.803,143799
7.805,143799
7.805,143799
7.808,143799
7.809,143799
7.813,143799
7.818,143799
7.822,143799
7.823,143799
7.823,143799
7.824,143799
7.833,143799
7.833,143799
7.838,143799
7.841,143799
7.842,143799
7.845,143799
7.85,143799
7.854,143799
7.857,143799
7.859,143799
7.86,143799
7.862,143799
7.863,143799
7.865,143799
7.866,143799
7.867,143799
7.868,143799
7.869,143799
7.874,143799
7.876,143799
7.879,143799
7.881,143799
7.883,143799
7.885,143799
7.892,143799
7.893,143799
7.893,143799
7.895,143799
7.901,143799
7.909,143799
7.91,143799
7.911,143799
7.927,143799
7.929,143799
7.931,143799
7.934,143799
7.935,143799
7.936,143799
7.937,143799
7.938,143799
7.945,143799
7.948,143799
7.949,143799
7.954,143799
7.955,143799
7.957,143799
7.958,143799
7.961,143799
7.966,143799
7.968,143799
7.972,143799
7.973,143799
7.98,143799
7.98,143799
7.985,143799
7.987,143799
7.989,143799
7.992,143799
7.996,143799
7.996,143799
7.997,143799
7.998,143799
8.003,143799
8.004,143799
8.012,143799
8.014,143799
8.017,143799
8.02,143799
8.022,143799
8.024,143799
8.031,143799
8.035,143799
8.036,143799
8.037,143799
8.038,143799
8.039,143799
8.04,143799
8.041,143799
8.044,143799
8.048,143799
8.049,143799
8.056,143799
8.061,143799
8.063,143799
8.065,143799
8.066,143799
8.07,143799
8.071,143799
8.073,143799
8.075,143799
8.077,143799
8.078,143799
8.079,143799
8.08,143799
8.084,143799
8.09,143799
8.092,143799
8.095,143799
8.098,143799
8.11,143799
8.118,143799
8.118,143799
8.119,143799
8.12,143799
8.12,143799
8.125,143799
8.128,143799
8.129,143799
8.133,143799
8.134,143799
8.134,143799
8.135,143799
8.137,143799
8.14,143799
8.14,143799
8.141,143799
8.141,143799
8.142,143799
8.142,143799
8.145,143799
8.146,143799
8.146,143799
8.147,143799
8.148,143799
8.153,143799
8.155,143799
8.157,143799
8.158,143799
8.158,143799
8.161,143799
8.161,143799
8.163,143799
8.167,143799
8.174,143799
8.175,143799
8.18,143799
8.184,143799
8.184,143799
8.187,143799
8.19,143799
8.191,143799
8.193,143799
8.194,143799
8.195,143799
8.197,143799
8.198,143799
8.201,143799
8.202,143799
8.203,143799
8.204,143799
8.206,143799
8.21,143799
8.212,143799
8.213,143799
8.217,143799
8.218,143799
8.218,143799
8.228,143799
8.228,143799
8.231,143799
8.232,143799
8.234,143799
8.235,143799
8.237,143799
8.247,143799
8.248,143799
8.248,143799
8.256,143799
8.256,143799
8.257,143799
8.26,143799
8.261,143799
8.263,143799
8.263,143799
8.264,143799
8.268,143799
8.27,143799
8.276,143799
8.28,143799
8.28,143799
8.283,143799
8.283,143799
8.287,143799
8.288,143799
8.289,143799
8.289,143799
8.293,143799
8.299,143799
8.3,143799
8.3,143799
8.301,143799
8.304,143799
8.305,143799
8.305,143799
8.305,143799
8.313,143799
8.314,143799
8.314,143799
8.319,143799
8.323,143799
8.325,143799
8.328,143799
8.329,143799
8.33,143799
8.331,143799
8.331,143799
8.335,143799
8.338,143799
8.338,143799
8.339,143799
8.341,143799
8.347,143799
8.348,143799
8.348,143799
8.348,143799
8.352,143799
8.352,143799
8.36,143799
8.361,143799
8.362,143799
8.366,143799
8.368,143799
8.371,143799
8.375,143799
8.377,143799
8.378,143799
8.38,143799
8.38,143799
8.381,143799
8.385,143799
8.387,143799
8.388,143799
8.39,143799
8.391,143799
8.396,143799
8.397,143799
8.399,143799
8.399,143799
8.404,143799
8.407,143799
8.409,143799
8.41,143799
8.41,143799
8.412,143799
8.415,143799
8.415,143799
8.42,143799
8.423,143799
8.423,143799
8.425,143799
8.428,143799
8.429,143799
8.43,143799
8.431,143799
8.431,143799
8.434,143799
8.435,143799
8.437,143799
8.437,143799
8.438,143799
8.438,143799
8.445,143799
8.446,143799
8.451,143799
8.452,143799
8.457,143799
8.459,143799
8.46,143799
8.461,143799
8.463,143799
8.465,143799
8.466,143799
8.466,143799
8.467,143799
8.468,143799
8.473,143799
8.473,143799
8.478,143799
8.48,143799
8.481,143799
8.482,143799
8.484,143799
8.485,143799
8.493,143799
8.494,143799
8.495,143799
8.496,143799
8.499,143799
8.501,143799
8.502,143799
8.503,143799
8.511,143799
8.514,143799
8.521,143799
8.53,143799
8.534,143799
8.537,143799
8.537,143799
8.539,143799
8.551,143799
8.554,143799
8.572,143799
8.573,143799
8.574,143799
8.575,143799
8.583,143799
8.584,143799
8.585,143799
8.586,143799
8.587,143799
8.587,143799
8.591,143799
8.604,143799
8.613,143799
8.622,143799
8.622,143799
8.627,143799
8.628,143799
8.632,143799
8.646,143799
8.646,143799
8.647,143799
8.648,143799
8.652,143799
8.654,143799
8.654,143799
8.659,143799
8.661,143799
8.662,143799
8.666,143799
8.669,143799
8.669,143799
8.675,143799
8.676,143799
8.678,143799
8.681,143799
8.682,143799
8.683,143799
8.683,143799
8.686,143799
8.691,143799
8.697,143799
8.698,143799
8.704,143799
8.705,143799
8.705,143799
8.709,143799
8.714,143799
8.716,143799
8.718,143799
8.718,143799
8.719,143799
8.719,143799
8.721,143799
8.724,143799
8.725,143799
8.725,143799
8.725,143799
8.732,143799
8.732,143799
8.734,143799
8.734,143799
8.739,143799
8.741,143799
8.741,143799
8.751,143799
8.752,143799
8.756,143799
8.757,143799
8.757,143799
8.758,143799
8.76,143799
8.761,143799
8.762,143799
8.765,143799
8.765,143799
8.769,143799
8.78,143799
8.781,143799
8.783,143799
8.789,143799
8.791,143799
8.792,143799
8.792,143799
8.799,143799
8.8,143799
8.8,143799
8.801,143799
8.803,143799
8.804,143799
8.807,143799
8.808,143799
8.818,143799
8.82,143799
8.825,143799
8.826,143799
8.827,143799
8.828,143799
8.828,143799
8.831,143799
8.833,143799
8.834,143799
8.835,143799
8.84,143799
8.841,143799
8.846,143799
8.846,143799
8.848,143799
8.85,143799
8.853,143799
8.854,143799
8.857,143799
8.859,143799
8.861,143799
8.864,143799
8.867,143799
8.867,143799
8.869,143799
8.871,143799
8.876,143799
8.876,143799
8.879,143799
8.881,143799
8.884,143799
8.888,143799
8.891,143799
8.892,143799
8.895,143799
8.896,143799
8.896,143799
8.896,143799
8.899,143799
8.899,143799
8.901,143799
8.907,143799
8.912,143799
8.913,143799
8.915,143799
8.917,143799
8.919,143799
8.926,143799
8.929,143799
8.932,143799
8.936,143799
8.94,143799
8.941,143799
8.946,143799
8.946,143799
8.947,143799
8.948,143799
8.951,143799
8.951,143799
8.956,143799
8.96,143799
8.96,143799
8.961,143799
8.961,143799
8.965,143799
8.967,143799
8.969,143799
8.974,143799
8.975,143799
8.978,143799
8.978,143799
8.979,143799
8.981,143799
8.987,143799
8.99,143799
8.99,143799
8.99,143799
8.991,143799
8.995,143799
8.996,143799
8.996,143799
8.999,143799
9.002,143799
9.003,143799
9.007,143799
9.007,143799
9.014,143799
9.017,143799
9.024,143799
9.026,143799
9.028,143799
9.028,143799
9.029,143799
9.03,143799
9.036,143799
9.037,143799
9.042,143799
9.051,143799
9.058,143799
9.059,143799
9.064,143799
9.065,143799
9.068,143799
9.07,143799
9.07,143799
9.073,143799
9.073,143799
9.076,143799
9.088,143799
9.088,143799
9.091,143799
9.102,143799
9.102,143799
9.104,143799
9.104,143799
9.104,143799
9.105,143799
9.106,143799
9.113,143799
9.115,143799
9.119,143799
9.121,143799
9.122,143799
9.13,143799
9.135,143799
9.135,143799
9.136,143799
9.139,143799
9.14,143799
9.143,143799
9.143,143799
9.144,143799
9.146,143799
9.147,143799
9.149,143799
9.152,143799
9.154,143799
9.156,143799
9.161,143799
9.164,143799
9.166,143799
9.17,143799
9.172,143799
9.177,143799
9.177,143799
9.179,143799
9.18,143799
9.181,143799
9.182,143799
9.183,143799
9.194,143799
9.195,143799
9.195,143799
9.196,143799
9.196,143799
9.201,143799
9.204,143799
9.206,143799
9.21,143799
9.21,143799
9.21,143799
9.214,143799
9.218,143799
9.223,143799
9.223,143799
9.226,143799
9.226,143799
9.226,143799
9.227,143799
9.235,143799
9.238,143799
9.239,143799
9.241,143799
9.242,143799
9.244,143799
9.248,143799
9.249,143799
9.25,143799
9.256,143799
9.258,143799
9.26,143799
9.262,143799
9.263,143799
9.264,143799
9.264,143799
9.264,143799
9.267,143799
9.269,143799
9.274,143799
9.279,143799
9.281,143799
9.285,143799
9.288,143799
9.289,143799
9.292,143799
9.293,143799
9.293,143799
9.295,143799
9.297,143799
9.298,143799
9.301,143799
9.303,143799
9.305,143799
9.305,143799
9.305,143799
9.307,143799
9.312,143799
9.316,143799
9.317,143799
9.322,143799
9.322,143799
9.323,143799
9.324,143799
9.324,143799
9.324,143799
9.329,143799
9.332,143799
9.335,143799
9.337,143799
9.338,143799
9.341,143799
9.344,143799
9.345,143799
9.346,143799
9.347,143799
9.348,143799
9.357,143799
9.361,143799
9.365,143799
9.367,143799
9.369,143799
9.371,143799
9.381,143799
9.382,143799
9.387,143799
9.39,143799
9.39,143799
9.398,143799
9.399,143799
9.404,143799
9.404,143799
9.404,143799
9.415,143799
9.421,143799
9.422,143799
9.424,143799
9.426,143799
9.43,143799
9.431,143799
9.431,143799
9.433,143799
9.436,143799
9.439,143799
9.448,143799
9.451,143799
9.457,143799
9.458,143799
9.459,143799
9.459,143799
9.46,143799
9.461,143799
9.461,143799
9.464,143799
9.469,143799
9.471,143799
9.478,143799
9.48,143799
9.481,143799
9.485,143799
9.488,143799
9.492,143799
9.493,143799
9.494,143799
9.501,143799
9.502,143799
9.508,143799
9.511,143799
9.512,143799
9.513,143799
9.516,143799
9.522,143799
9.524,143799
9.528,143799
9.529,143799
9.529,143799
9.532,143799
9.535,143799
9.536,143799
9.536,143799
9.542,143799
9.542,143799
9.544,143799
9.553,143799
9.556,143799
9.558,143799
9.559,143799
9.562,143799
9.563,143799
9.566,143799
9.567,143799
9.57,143799
9.57,143799
9.573,143799
9.573,143799
9.575,143799
9.576,143799
9.58,143799
9.585,143799
9.589,143799
9.593,143799
9.594,143799
9.596,143799
9.6,143799
9.601,143799
9.602,143799
9.603,143799
9.603,143799
9.606,143799
9.607,143799
9.609,143799
9.61,143799
9.61,143799
9.611,143799
9.612,143799
9.613,143799
9.613,143799
9.616,143799
9.617,143799
9.622,143799
9.63,143799
9.637,143799
9.638,143799
9.641,143799
9.642,143799
9.645,143799
9.654,143799
9.655,143799
9.656,143799
9.657,143799
9.658,143799
9.66,143799
9.669,143799
9.673,143799
9.677,143799
9.68,143799
9.682,143799
9.685,143799
9.687,143799
9.689,143799
9.701,143799
9.701,143799
9.702,143799
9.702,143799
9.704,143799
9.706,143799
9.708,143799
9.709,143799
9.712,143799
9.713,143799
9.714,143799
9.719,143799
9.725,143799
9.725,143799
9.727,143799
9.731,143799
9.733,143799
9.737,143799
9.738,143799
9.743,143799
9.746,143799
9.749,143799
9.754,143799
9.756,143799
9.757,143799
9.768,143799
9.769,143799
9.771,143799
9.773,143799
9.773,143799
9.774,143799
9.774,143799
9.776,143799
9.778,143799
9.78,143799
9.784,143799
9.784,143799
9.785,143799
9.788,143799
9.789,143799
9.79,143799
9.794,143799
9.801,143799
9.801,143799
9.804,143799
9.807,143799
9.807,143799
9.807,143799
9.815,143799
9.822,143799
9.823,143799
9.824,143799
9.83,143799
9.83,143799
9.839,143799
9.868,143799
9.869,143799
9.877,143799
9.877,143799
9.877,143799
9.886,143799
9.887,143799
9.89,143799
9.89,143799
9.898,143799
9.898,143799
9.899,143799
9.904,143799
9.905,143799
9.906,143799
9.907,143799
9.908,143799
9.912,143799
9.916,143799
9.919,143799
9.927,143799
9.928,143799
9.931,143799
9.932,143799
9.932,143799
9.932,143799
9.933,143799
9.937,143799
9.94,143799
9.948,143799
9.949,143799
9.951,143799
9.951,143799
9.956,143799
9.957,143799
9.958,143799
9.962,143799
9.97,143799
9.972,143799
9.974,143799
9.976,143799
9.978,143799
9.978,143799
9.98,143799
9.988,143799
9.992,143799
10.004,143799
10.005,143799
10.009,143799
10.013,143799
10.013,143799
