0.000000,180759
0.000000,180691
0.000000,179943
0.000000,178425
0.000000,172085
0.000000,170155
0.000000,168371
0.000000,168361
0.000000,167334
0.000000,167284
0.000000,166965
0.010000,166766
0.010000,164236
0.010000,164209
0.010000,156035
0.010000,155796
0.010000,155539
0.010000,154670
0.010000,154360
0.010000,153283
0.010000,153261
0.010000,153115
0.010000,152928
0.010000,152537
0.010000,151044
0.010000,149950
0.010000,149212
0.010000,148939
0.010000,148321
0.010000,148056
0.010000,147272
0.010000,146697
0.010000,144348
0.010000,143799
0.010000,143127
0.010000,143015
0.010000,142945
0.010000,141361
0.010000,140698
0.370000,140527
0.410000,140465
0.751000,140385
0.751000,140382
0.751000,139803
1.385000,139740
1.565000,139280
1.565000,139202
2.108000,138977
2.108000,138972
2.698000,138956
2.698000,138659
3.629000,138501
3.629000,138362
5.311000,138194
7.593000,137822
9.455000,137705
11.367000,137565
11.367000,137454
16.352000,137393
16.352000,137130
16.352000,136865
40.938000,136733
41.829000,135550
79.927000,135508
79.927000,135459
79.927000,134226
79.927000,133596
354.456000,133339
