0.000000,179101
0.000000,178917
0.000000,178169
0.010000,171829
0.010000,171535
0.010000,171100
0.010000,170924
0.010000,170740
0.010000,170421
0.010000,170190
0.010000,169359
0.010000,169122
0.010000,167603
0.010000,166925
0.010000,165286
0.010000,164951
0.010000,164779
0.010000,163304
0.010000,163007
0.010000,162014
0.010000,160787
0.010000,158424
0.010000,158114
0.010000,156816
0.010000,156110
0.010000,155582
0.010000,155181
0.010000,155106
0.010000,151506
0.010000,150906
0.010000,148526
0.010000,147224
0.010000,146960
0.040000,140629
0.160000,140149
0.160000,139686
0.160000,139089
0.170000,138971
0.170000,138657
0.170000,138030
2.966000,135836
2.966000,135699
135.970000,135571
287.731000,134271
