0.010000,171107
0.010000,170865
0.010000,170661
0.010000,170163
0.010000,169892
0.010000,169573
0.010000,169324
0.010000,168651
0.010000,168407
0.010000,168273
0.010000,167422
0.010000,167125
0.010000,166956
0.010000,166536
0.010000,166215
0.010000,165463
0.010000,165382
0.010000,164385
0.010000,161837
0.010000,161686
0.010000,161653
0.010000,161222
0.010000,160983
0.010000,156098
0.010000,155556
0.010000,155343
0.010000,154752
0.010000,154577
0.020000,154552
0.020000,154330
0.020000,153908
0.020000,153612
0.020000,152490
0.020000,152166
0.020000,152077
0.020000,151878
0.020000,151659
0.020000,151601
0.020000,150117
0.020000,150048
0.020000,150045
0.020000,146571
0.030000,146038
0.030000,145285
0.040000,143213
0.040000,142616
0.040000,142401
0.140000,142262
0.260000,140916
0.260000,140860
0.260000,140784
0.260000,140609
0.260000,140404
0.450000,139629
0.660000,139506
0.771000,139253
0.771000,139111
0.771000,138542
1.031000,138491
2.186000,138401
2.356000,137708
2.356000,136581
5.589000,136023
20.344000,135930
295.257000,135812
295.257000,135768
295.257000,135578
349.344000,135484
349.344000,135206
349.344000,135022
509.075000,134271
