0.010000,166526
0.010000,166403
0.010000,165918
0.010000,163636
0.010000,163498
0.010000,163467
0.010000,163216
0.010000,163133
0.010000,162875
0.010000,162745
0.010000,162561
0.010000,161043
0.010000,160511
0.010000,159805
0.010000,159485
0.010000,158194
0.010000,158011
0.010000,157537
0.010000,157178
0.010000,156689
0.010000,156147
0.010000,154424
0.010000,154286
0.010000,154081
0.020000,152113
0.020000,151930
0.020000,151435
0.020000,150977
0.070000,147795
0.070000,146607
0.070000,146468
0.070000,145457
0.070000,144421
0.070000,143747
0.070000,143400
0.070000,143158
0.070000,142982
0.070000,142705
0.250000,142329
0.250000,139375
0.250000,139306
0.250000,138131
0.250000,137534
13.534000,137523
13.534000,137338
16.571000,136412
43.703000,136336
43.703000,136226
43.703000,136127
43.703000,135748
151.636000,135688
151.636000,135661
281.648000,135378
328.678000,134838
328.678000,134525
422.310000,134271
