0.000000,168532
0.000000,168347
0.000000,167002
0.000000,166487
0.000000,165634
0.000000,162854
0.000000,162590
0.000000,162270
0.000000,161586
0.000000,161417
0.010000,161336
0.010000,161317
0.010000,160762
0.010000,160547
0.010000,160396
0.010000,159118
0.010000,158766
0.010000,157913
0.010000,157367
0.010000,156988
0.010000,152103
0.010000,151839
0.030000,151519
0.030000,150383
0.030000,149381
0.030000,148731
0.091000,148724
0.091000,148701
0.091000,148310
0.091000,148236
0.101000,147852
0.101000,147278
0.101000,146940
0.101000,146796
0.101000,146768
0.101000,146655
0.101000,146609
0.101000,146407
0.101000,146331
0.121000,146053
0.151000,145871
0.161000,145550
0.161000,145207
0.161000,145099
0.161000,144740
0.161000,144340
0.161000,143822
0.161000,143364
0.161000,143101
0.181000,142124
0.181000,142033
0.181000,141433
0.221000,139330
0.831000,139176
0.831000,138917
0.831000,138194
1.339000,137568
1.340000,137209
1.340000,137048
1.341000,136747
1.341000,136661
1.341000,136562
1.342000,136183
10.003000,135930
15.299000,135719
177.893000,135662
177.893000,135552
350.808000,134842
367.955000,134584
459.432000,134525
472.475000,134389
472.475000,133970
472.475000,133399
