0.040000,180206
0.040000,180196
0.040000,180169
0.040000,176525
0.040000,176427
0.050000,176243
0.050000,175659
0.050000,174521
0.050000,173964
0.050000,173101
0.050000,172680
0.050000,172360
0.050000,164894
0.050000,164155
0.050000,163608
0.050000,160163
0.050000,159457
0.050000,158875
0.050000,158645
0.050000,158482
0.050000,157902
0.050000,155368
0.050000,155185
0.050000,154488
0.050000,149710
0.050000,149058
0.050000,148304
0.050000,148196
0.050000,147883
0.050000,147525
0.050000,146842
0.050000,146795
0.050000,146699
0.050000,146307
0.050000,145233
0.050000,144799
0.050000,144449
0.050000,144277
0.090000,144268
0.100000,143983
0.100000,143059
0.160000,142044
0.160000,142017
0.160000,141568
0.160000,141449
0.160000,141273
0.160000,140565
0.160000,139842
0.411000,139834
0.411000,139651
0.941000,139268
0.941000,139157
2.957000,138517
2.957000,138332
2.957000,138150
2.957000,137523
2.957000,136520
25.520000,136506
51.937000,136485
51.937000,136126
104.931000,135930
127.645000,135853
150.169000,134271
