0.010000,179451
0.010000,177932
0.010000,177748
0.010000,177429
0.010000,171088
0.020000,171061
0.020000,170034
0.020000,168964
0.020000,168543
0.020000,167804
0.020000,167098
0.020000,165587
0.020000,164311
0.020000,163479
0.020000,163231
0.020000,162244
0.020000,161477
0.020000,160752
0.020000,160680
0.020000,160405
0.020000,159153
0.020000,158347
0.020000,156793
0.020000,156622
0.030000,155843
0.030000,153954
0.030000,152478
0.030000,152350
0.030000,150614
0.030000,149690
0.030000,147326
0.030000,147086
0.030000,147011
0.030000,146799
0.030000,146580
0.030000,146253
0.030000,146071
0.030000,145184
0.030000,143486
0.030000,143122
0.030000,142021
0.060000,140973
0.060000,140890
0.060000,140632
0.130000,140231
0.130000,139634
0.130000,138113
0.130000,137046
0.130000,137023
0.130000,136847
0.130000,136778
1.665000,135930
92.379000,134808
92.379000,133086
