0.000000,173510
0.000000,172303
0.000000,171929
0.000000,170124
0.010000,170011
0.010000,168619
0.010000,167941
0.010000,167737
0.010000,167553
0.010000,163871
0.010000,163389
0.010000,163214
0.010000,162780
0.010000,162557
0.010000,162393
0.020000,162097
0.020000,161244
0.020000,160538
0.020000,160355
0.020000,159047
0.020000,157687
0.020000,154064
0.020000,153801
0.020000,150313
0.020000,147912
0.020000,145035
0.040000,144843
0.040000,144594
0.040000,144567
0.040000,144011
0.040000,143673
0.040000,143633
0.040000,143109
0.040000,141132
0.040000,139871
0.040000,139329
0.040000,138397
2.004000,138153
4.086000,137860
4.086000,137112
4.086000,136738
4.896000,134998
4.896000,133765
4.896000,133716
4.896000,133086
